{
  "stats": {
    "suites": 8,
    "tests": 139,
    "passes": 128,
    "pending": 0,
    "failures": 11,
    "start": "2023-12-12T15:07:35.453Z",
    "end": "2023-12-12T15:30:20.058Z",
    "duration": 1364605,
    "testsRegistered": 139,
    "passPercent": 92.08633093525181,
    "pendingPercent": 0,
    "other": 0,
    "hasOther": false,
    "skipped": 0,
    "hasSkipped": false
  },
  "results": [
    {
      "uuid": "6cda533f-5169-4003-90ea-5dc7d12fba0c",
      "title": "",
      "fullFile": "",
      "file": "",
      "beforeHooks": [],
      "afterHooks": [],
      "tests": [],
      "suites": [
        {
          "uuid": "cdab3649-109b-4c5c-bfd7-fdd9bab2fbf6",
          "title": "Pending Evaluations",
          "fullFile": "/home/devops/invohub/resource-engagement/test/e2e/evaluation/spec_1_pendings.js",
          "file": "/test/e2e/evaluation/spec_1_pendings.js",
          "beforeHooks": [
            {
              "title": "\"before all\" hook in \"Pending Evaluations\"",
              "fullTitle": "Pending Evaluations \"before all\" hook in \"Pending Evaluations\"",
              "timedOut": false,
              "duration": 49103,
              "state": null,
              "speed": null,
              "pass": false,
              "fail": false,
              "pending": false,
              "context": null,
              "code": "await utilFun.login(email, password);\nconst url = await utilFun.getUrl();\nassert.equal(url, baseUrl + '/home');\nlet query =[\n    `UPDATE employee_evaluations SET \"incrementType\" = 'annual' WHERE id = 26;`,\n    `UPDATE employee_evaluations SET \"processType\" = NULL WHERE id = 26;`,\n    `UPDATE employee_evaluations SET \"reasonForDefer\" = NULL WHERE id = 26;`,\n    `UPDATE employee_evaluations SET \"processDate\" = NULL WHERE id = 26;`,\n    `UPDATE employee_evaluations SET \"feedback\" = NULL WHERE id = 26;`,\n  `DELETE FROM employee_evaluations WHERE \"employeeId\" = 9742 AND \"incrementType\" = 'designation';`,\n    ];\n    await utilFun.udpateDatabase(query);",
              "err": {},
              "uuid": "3265b1b5-56d2-47ef-851d-89ffc5a4101c",
              "parentUUID": "cdab3649-109b-4c5c-bfd7-fdd9bab2fbf6",
              "isHook": true,
              "skipped": false
            },
            {
              "title": "\"before each\" hook in \"Pending Evaluations\"",
              "fullTitle": "Pending Evaluations \"before each\" hook in \"Pending Evaluations\"",
              "timedOut": false,
              "duration": 3344,
              "state": null,
              "speed": null,
              "pass": false,
              "fail": false,
              "pending": false,
              "context": null,
              "code": "await utilFun.visit(baseUrl + '/evaluation');\nawait utilFun.wait(3000);",
              "err": {},
              "uuid": "3ccaa8c3-1b04-4455-a634-994428acc231",
              "parentUUID": "cdab3649-109b-4c5c-bfd7-fdd9bab2fbf6",
              "isHook": true,
              "skipped": false
            }
          ],
          "afterHooks": [],
          "tests": [
            {
              "title": "should check if pending evaluations are showing",
              "fullTitle": "Pending Evaluations should check if pending evaluations are showing",
              "timedOut": false,
              "duration": 38,
              "state": "passed",
              "speed": "medium",
              "pass": true,
              "fail": false,
              "pending": false,
              "context": null,
              "code": "let obj = await evaluation.getAllPendingResourses();\nassert(obj.length > 0, `No Evaluation Found`);",
              "err": {},
              "uuid": "4998789a-7768-4117-a0c8-fc5a814c8120",
              "parentUUID": "cdab3649-109b-4c5c-bfd7-fdd9bab2fbf6",
              "isHook": false,
              "skipped": false
            },
            {
              "title": "should able to filter resoures by name",
              "fullTitle": "Pending Evaluations should able to filter resoures by name",
              "timedOut": false,
              "duration": 2005,
              "state": "passed",
              "speed": "slow",
              "pass": true,
              "fail": false,
              "pending": false,
              "context": null,
              "code": "await evaluation.clickFilterButton();\nawait evaluation.searchName('James Salinas');\nawait utilFun.wait(1000);\nconst name = await evaluation.getResourseName();\nutilFun.assertEql(name, 'James Salinas');",
              "err": {},
              "uuid": "7731b67e-a72d-4e4e-b091-5e8814e1548e",
              "parentUUID": "cdab3649-109b-4c5c-bfd7-fdd9bab2fbf6",
              "isHook": false,
              "skipped": false
            },
            {
              "title": "should able to filter resoures by Review Type",
              "fullTitle": "Pending Evaluations should able to filter resoures by Review Type",
              "timedOut": false,
              "duration": 1545,
              "state": "passed",
              "speed": "slow",
              "pass": true,
              "fail": false,
              "pending": false,
              "context": null,
              "code": "await evaluation.clickFilterButton();\nawait evaluation.selectReviewType('Annual');\nconst valuesCount = await evaluation.checkValues();\nutilFun.assertEql(valuesCount, 1);",
              "err": {},
              "uuid": "c090f08b-34b3-4215-b502-35750509478d",
              "parentUUID": "cdab3649-109b-4c5c-bfd7-fdd9bab2fbf6",
              "isHook": false,
              "skipped": false
            },
            {
              "title": "should able to filter resoures by Last Increment",
              "fullTitle": "Pending Evaluations should able to filter resoures by Last Increment",
              "timedOut": false,
              "duration": 1483,
              "state": "passed",
              "speed": "slow",
              "pass": true,
              "fail": false,
              "pending": false,
              "context": null,
              "code": "await evaluation.clickFilterButton();\nawait evaluation.selectLastIncrement('N/A');\nconst valuesCount = await evaluation.checkValues();\nutilFun.assertEql(valuesCount, 1);",
              "err": {},
              "uuid": "f7f418fe-3d63-470e-b076-5a9520cdb629",
              "parentUUID": "cdab3649-109b-4c5c-bfd7-fdd9bab2fbf6",
              "isHook": false,
              "skipped": false
            },
            {
              "title": "should able to  copy email from options",
              "fullTitle": "Pending Evaluations should able to  copy email from options",
              "timedOut": false,
              "duration": 6298,
              "state": "passed",
              "speed": "slow",
              "pass": true,
              "fail": false,
              "pending": false,
              "context": null,
              "code": "await evaluation.clickFilterButton();\nawait evaluation.searchName('James Salinas');\nawait utilFun.wait(1000);\nconst name = await evaluation.getResourseName();\nutilFun.assertEql(name, 'James Salinas');\nawait evaluation.clickOptionBtn();\nawait utilFun.wait(1000);\nawait evaluation.selectOption('Copy Email');\nawait utilFun.wait(3000);\nconst alertText = await evaluation.checkAlert();\nutilFun.assertEql(alertText, 'Email address is copied');",
              "err": {},
              "uuid": "2150e219-f9ed-407f-841b-b55034586710",
              "parentUUID": "cdab3649-109b-4c5c-bfd7-fdd9bab2fbf6",
              "isHook": false,
              "skipped": false
            },
            {
              "title": "should able to Send Email from options",
              "fullTitle": "Pending Evaluations should able to Send Email from options",
              "timedOut": false,
              "duration": 9311,
              "state": "passed",
              "speed": "slow",
              "pass": true,
              "fail": false,
              "pending": false,
              "context": null,
              "code": "await evaluation.clickFilterButton();\nawait evaluation.searchName('James Salinas');\nawait utilFun.wait(1000);\nconst name = await evaluation.getResourseName();\nutilFun.assertEql(name, 'James Salinas');\nawait evaluation.clickOptionBtn();\nawait utilFun.wait(1000);\nawait evaluation.selectOption('Send Email');\nawait utilFun.wait(1000);\nawait utilFun.switchWindow(1);\nawait utilFun.wait(3000);\nconst url = await utilFun.getUrl();\nassert.equal(url, 'https://mail.google.com/mail/u/0/?fs=1&tf=cm&to=james@robot-mail.com');\nawait utilFun.closeCurrentTab();\nawait utilFun.switchWindow(0);",
              "err": {},
              "uuid": "b76eefa2-df42-4ef8-b805-66123cc56830",
              "parentUUID": "cdab3649-109b-4c5c-bfd7-fdd9bab2fbf6",
              "isHook": false,
              "skipped": false
            },
            {
              "title": "should able to Open Slack DM from options",
              "fullTitle": "Pending Evaluations should able to Open Slack DM from options",
              "timedOut": false,
              "duration": 7201,
              "state": "passed",
              "speed": "slow",
              "pass": true,
              "fail": false,
              "pending": false,
              "context": null,
              "code": "await evaluation.clickFilterButton();\nawait evaluation.searchName('James Salinas');\nawait utilFun.wait(1000);\nconst name = await evaluation.getResourseName();\nutilFun.assertEql(name, 'James Salinas');\nawait evaluation.clickOptionBtn();\nawait utilFun.wait(1000);\nawait evaluation.selectOption('Open Slack DM');\nawait utilFun.wait(1000);\nawait utilFun.switchWindow(1);\nawait utilFun.wait(3000);\nconst url = await utilFun.getUrl();\nassert.equal(url, 'https://invozone.slack.com/?redir=%2Fapp_redirect%3Fchannel%3Dundefined');\nawait utilFun.closeCurrentTab();\nawait utilFun.switchWindow(0);",
              "err": {},
              "uuid": "46fb5833-cbee-4727-ab11-285c29a50d1a",
              "parentUUID": "cdab3649-109b-4c5c-bfd7-fdd9bab2fbf6",
              "isHook": false,
              "skipped": false
            },
            {
              "title": "should able to see Email from options",
              "fullTitle": "Pending Evaluations should able to see Email from options",
              "timedOut": false,
              "duration": 6197,
              "state": "passed",
              "speed": "slow",
              "pass": true,
              "fail": false,
              "pending": false,
              "context": null,
              "code": "await evaluation.clickFilterButton();\nawait evaluation.searchName('James Salinas');\nawait utilFun.wait(1000);\nconst name = await evaluation.getResourseName();\nutilFun.assertEql(name, 'James Salinas');\nawait evaluation.clickOptionBtn();\nawait utilFun.wait(1000);\nawait evaluation.selectOption('See Email');\nawait utilFun.wait(3000);\nconst email = await evaluation.copyEmail();\nassert.equal(email, 'Email: james@robot-mail.com');",
              "err": {},
              "uuid": "83cc918a-29f2-4274-970a-880137944779",
              "parentUUID": "cdab3649-109b-4c5c-bfd7-fdd9bab2fbf6",
              "isHook": false,
              "skipped": false
            },
            {
              "title": "should able to copy Phone Number from options",
              "fullTitle": "Pending Evaluations should able to copy Phone Number from options",
              "timedOut": false,
              "duration": 6735,
              "state": "passed",
              "speed": "slow",
              "pass": true,
              "fail": false,
              "pending": false,
              "context": null,
              "code": "await evaluation.clickFilterButton();\nawait evaluation.searchName('James Salinas');\nawait utilFun.wait(1000);\nconst name = await evaluation.getResourseName();\nutilFun.assertEql(name, 'James Salinas');\nawait evaluation.clickOptionBtn();\nawait utilFun.wait(1000);\nawait evaluation.selectOption('Phone Number');\nawait utilFun.wait(3000);\nawait evaluation.copyPhoneNumber();\nconst alertText = await evaluation.checkAlert();\nassert.equal(alertText, 'Phone# is copied successfully');",
              "err": {},
              "uuid": "f86cccc6-d9bc-4d8c-b580-964e3f5be65d",
              "parentUUID": "cdab3649-109b-4c5c-bfd7-fdd9bab2fbf6",
              "isHook": false,
              "skipped": false
            },
            {
              "title": "should able to see Resource Details from options",
              "fullTitle": "Pending Evaluations should able to see Resource Details from options",
              "timedOut": false,
              "duration": 4278,
              "state": "passed",
              "speed": "slow",
              "pass": true,
              "fail": false,
              "pending": false,
              "context": null,
              "code": "await evaluation.clickFilterButton();\nawait evaluation.searchName('James Salinas');\nawait utilFun.wait(1000);\nconst name = await evaluation.getResourseName();\nutilFun.assertEql(name, 'James Salinas');\nawait evaluation.clickResource();\nawait utilFun.wait(1000);\nawait utilFun.switchWindow(1);\nawait utilFun.wait(1000);\nconst url = await utilFun.getUrl();\nassert.equal(url, 'http://localhost:3000/resourceDetail/9742?tab=Basic_Information');\nawait utilFun.closeCurrentTab();\nawait utilFun.switchWindow(0);",
              "err": {},
              "uuid": "67c0ca6a-df5f-4649-a923-cd501ebef449",
              "parentUUID": "cdab3649-109b-4c5c-bfd7-fdd9bab2fbf6",
              "isHook": false,
              "skipped": false
            },
            {
              "title": "should able to see employee history",
              "fullTitle": "Pending Evaluations should able to see employee history",
              "timedOut": false,
              "duration": 3181,
              "state": "passed",
              "speed": "slow",
              "pass": true,
              "fail": false,
              "pending": false,
              "context": null,
              "code": "await evaluation.clickFilterButton();\nawait evaluation.searchName('James Salinas');\nawait utilFun.wait(1000);\nconst name = await evaluation.getResourseName();\nutilFun.assertEql(name, 'James Salinas');\nawait evaluation.clickSeeFeedback();\nawait utilFun.wait(1000);\nconst title = await evaluation.checkTitle();\nutilFun.assertEql(title, 'Feedback History of James Salinas');\nawait evaluation.checkSelectedTab();",
              "err": {},
              "uuid": "0a9e2915-ba83-49a9-8184-935dd5cd35d6",
              "parentUUID": "cdab3649-109b-4c5c-bfd7-fdd9bab2fbf6",
              "isHook": false,
              "skipped": false
            },
            {
              "title": "should able to request a review",
              "fullTitle": "Pending Evaluations should able to request a review",
              "timedOut": false,
              "duration": 7171,
              "state": "passed",
              "speed": "slow",
              "pass": true,
              "fail": false,
              "pending": false,
              "context": null,
              "code": "await evaluation.clickFilterButton();\nawait evaluation.searchName('James Salinas');\nawait utilFun.wait(1000);\nconst name = await evaluation.getResourseName();\nutilFun.assertEql(name, 'James Salinas');\nawait evaluation.clickSeeFeedback();\nawait utilFun.wait(1000);\nawait evaluation.clickSubmittedReview();\nawait evaluation.clickReqReviewBtn();\nawait utilFun.wait(1000);\nawait evaluation.clickHod('Muhammad Bilal Rafaqat');\nawait evaluation.clickSendReqBtn();\nconst alertText = await evaluation.checkAlert();\nutilFun.assertEql(alertText, 'Request is send successfully.');",
              "err": {},
              "uuid": "0c43bb7d-caf7-4dd6-8df4-b7c77f7b89f7",
              "parentUUID": "cdab3649-109b-4c5c-bfd7-fdd9bab2fbf6",
              "isHook": false,
              "skipped": false
            },
            {
              "title": "should able to give a review",
              "fullTitle": "Pending Evaluations should able to give a review",
              "timedOut": false,
              "duration": 13726,
              "state": "passed",
              "speed": "slow",
              "pass": true,
              "fail": false,
              "pending": false,
              "context": null,
              "code": "const query = [\n  `UPDATE employees SET \"departmentId\" = 9 WHERE id = 9474;`,\n  `UPDATE employees SET \"designationId\" = 83 WHERE id = 9474;`,\n  `UPDATE employees SET \"designation\" = 'Head of Engineering' WHERE id = 9474;`,\n];\nawait utilFun.udpateDatabase(query);\nawait utilFun.refresh();\nawait evaluation.clickFilterButton();\nawait evaluation.searchName('James Salinas');\nawait utilFun.wait(1000);\nconst name = await evaluation.getResourseName();\nutilFun.assertEql(name, 'James Salinas');\nawait evaluation.clickSeeFeedback();\nawait utilFun.wait(1000);\nawait evaluation.clickSubmittedReview();\nawait utilFun.wait(1000);\nawait evaluation.clickAddFeedback();\n// await feedbackForm.enterDate('03092023');\nawait feedbackForm.selectFeedbackDuration('6 Months');\nawait feedbackForm.selectNextReviewType('Annual');\nawait feedbackForm.selectRevisedDesignation('Software Engineer');\nawait feedbackForm.selectRevisedDesignationCategory('Automation');\nawait feedbackForm.typeIncreament('200000');\nawait feedbackForm.typeDescription('testingggg');\nawait feedbackForm.clickSubmit();\nconst alertText = await evaluation.checkAlert();\nutilFun.assertEql(alertText, 'Increment status is updated successfully');",
              "err": {},
              "uuid": "a8a8d0fe-7eae-4d5a-827d-45489e6b3a4f",
              "parentUUID": "cdab3649-109b-4c5c-bfd7-fdd9bab2fbf6",
              "isHook": false,
              "skipped": false
            },
            {
              "title": "should able to edit review form",
              "fullTitle": "Pending Evaluations should able to edit review form",
              "timedOut": false,
              "duration": 8814,
              "state": "passed",
              "speed": "slow",
              "pass": true,
              "fail": false,
              "pending": false,
              "context": null,
              "code": "await evaluation.clickFilterButton();\nawait evaluation.searchName('James Salinas');\nawait utilFun.wait(1000);\nconst name = await evaluation.getResourseName();\nutilFun.assertEql(name, 'James Salinas');\nawait evaluation.clickEditForm();\nawait utilFun.wait(1000);\n// await feedbackForm.enterDate('03102023');\nawait feedbackForm.selectFeedbackDuration('3 Months');\nawait feedbackForm.selectNextReviewType('Annual');\nawait feedbackForm.selectRevisedDesignation('Software Engineer');\nawait feedbackForm.typeIncreament('200000');\nawait feedbackForm.typeDescription('updated');\nawait feedbackForm.clickSubmit();\nconst alertText = await evaluation.checkAlert();\nutilFun.assertEql(alertText, 'Increment status is updated successfully');",
              "err": {},
              "uuid": "5ad96042-ac3e-4a1a-9ea9-dffa61fc64ce",
              "parentUUID": "cdab3649-109b-4c5c-bfd7-fdd9bab2fbf6",
              "isHook": false,
              "skipped": false
            },
            {
              "title": "should able to defer review",
              "fullTitle": "Pending Evaluations should able to defer review",
              "timedOut": false,
              "duration": 6045,
              "state": "passed",
              "speed": "slow",
              "pass": true,
              "fail": false,
              "pending": false,
              "context": null,
              "code": "const query = [\n  `UPDATE employees SET \"designation\" = 'HR' WHERE id = 9474;`,\n  `UPDATE employees SET \"departmentId\" = 7 WHERE id = 9474;`,\n  `UPDATE employees SET \"designationId\" = 77 WHERE id = 9474;`,\n];\nawait utilFun.udpateDatabase(query);\nawait utilFun.refresh();\nawait evaluation.clickFilterButton();\nawait evaluation.searchName('James Salinas');\nawait utilFun.wait(1000);\nconst name = await evaluation.getResourseName();\nutilFun.assertEql(name, 'James Salinas');\nawait evaluation.clickDefer();\nawait evaluation.clickDeferType();\nawait utilFun.wait(1000);\nawait evaluation.selectDeferType('2 Weeks');\nawait evaluation.typeDeferReason('testing');\nawait evaluation.clickSubmitBtn();\nconst alertText = await evaluation.checkAlert();\nutilFun.assertEql(alertText, 'Increment status is updated successfully');",
              "err": {},
              "uuid": "9f66033f-6887-47b6-aaa4-8f7e6d52dff1",
              "parentUUID": "cdab3649-109b-4c5c-bfd7-fdd9bab2fbf6",
              "isHook": false,
              "skipped": false
            },
            {
              "title": "should able to complete review",
              "fullTitle": "Pending Evaluations should able to complete review",
              "timedOut": false,
              "duration": 10474,
              "state": "passed",
              "speed": "slow",
              "pass": true,
              "fail": false,
              "pending": false,
              "context": null,
              "code": "const query = [\n  `UPDATE employees SET \"designation\" = 'HR' WHERE id = 9474;`,\n  `UPDATE employees SET \"departmentId\" = 7 WHERE id = 9474;`,\n  `UPDATE employees SET \"designationId\" = 77 WHERE id = 9474;`,\n  `UPDATE employee_evaluations SET \"processType\" = NULL WHERE id = 26;`,\n  `UPDATE employee_evaluations SET \"reasonForDefer\" = NULL WHERE id = 26;`,\n  `UPDATE employee_evaluations SET \"processDate\" = NULL WHERE id = 26;`,\n];\nawait utilFun.udpateDatabase(query);\nawait utilFun.refresh();\nawait evaluation.clickFilterButton();\nawait evaluation.searchName('James Salinas');\nawait utilFun.wait(1000);\nconst name = await evaluation.getResourseName();\nutilFun.assertEql(name, 'James Salinas');\nawait evaluation.clickComplete();\nawait feedbackForm.enterDate('03102023');\nawait feedbackForm.selectFeedbackDuration('3 Months');\nawait feedbackForm.selectNextReviewType('Annual');\nawait feedbackForm.selectRevisedDesignation('Software Engineer');\nawait feedbackForm.typeIncreament('200000');\nawait feedbackForm.clickSubmit();\nconst alertText = await evaluation.checkAlert();\nutilFun.assertEql(alertText, 'Increment status is updated successfully');",
              "err": {},
              "uuid": "a43e754d-9c78-4179-985b-64ccf6451c30",
              "parentUUID": "cdab3649-109b-4c5c-bfd7-fdd9bab2fbf6",
              "isHook": false,
              "skipped": false
            }
          ],
          "suites": [],
          "passes": [
            "4998789a-7768-4117-a0c8-fc5a814c8120",
            "7731b67e-a72d-4e4e-b091-5e8814e1548e",
            "c090f08b-34b3-4215-b502-35750509478d",
            "f7f418fe-3d63-470e-b076-5a9520cdb629",
            "2150e219-f9ed-407f-841b-b55034586710",
            "b76eefa2-df42-4ef8-b805-66123cc56830",
            "46fb5833-cbee-4727-ab11-285c29a50d1a",
            "83cc918a-29f2-4274-970a-880137944779",
            "f86cccc6-d9bc-4d8c-b580-964e3f5be65d",
            "67c0ca6a-df5f-4649-a923-cd501ebef449",
            "0a9e2915-ba83-49a9-8184-935dd5cd35d6",
            "0c43bb7d-caf7-4dd6-8df4-b7c77f7b89f7",
            "a8a8d0fe-7eae-4d5a-827d-45489e6b3a4f",
            "5ad96042-ac3e-4a1a-9ea9-dffa61fc64ce",
            "9f66033f-6887-47b6-aaa4-8f7e6d52dff1",
            "a43e754d-9c78-4179-985b-64ccf6451c30"
          ],
          "failures": [],
          "pending": [],
          "skipped": [],
          "duration": 94502,
          "root": false,
          "rootEmpty": false,
          "_timeout": 100000
        },
        {
          "uuid": "cf9f6dea-a36c-4680-b531-362b8de1508c",
          "title": "Performance Base Evaluations",
          "fullFile": "/home/devops/invohub/resource-engagement/test/e2e/evaluation/spec_2_performance.js",
          "file": "/test/e2e/evaluation/spec_2_performance.js",
          "beforeHooks": [
            {
              "title": "\"before all\" hook in \"Performance Base Evaluations\"",
              "fullTitle": "Performance Base Evaluations \"before all\" hook in \"Performance Base Evaluations\"",
              "timedOut": false,
              "duration": 13333,
              "state": null,
              "speed": null,
              "pass": false,
              "fail": false,
              "pending": false,
              "context": null,
              "code": "await utilFun.loginAccount()\nconst url = await utilFun.getUrl();\nassert.equal(url, baseUrl + '/home');\nlet query = [\n  `UPDATE employee_evaluations SET \"incrementType\" = 'performance' WHERE id = 26;`,\n  `UPDATE employees SET \"designation\" = 'Software Engineer' WHERE id = 9474;`,\n  `UPDATE employees SET \"departmentId\" = 9 WHERE id = 9474;`,\n  `UPDATE employees SET \"designationId\" = 138 WHERE id = 9474;`,\n  `UPDATE employee_evaluations SET \"processType\" = NULL WHERE id = 26;`,\n  `UPDATE employee_evaluations SET \"reasonForDefer\" = NULL WHERE id = 26;`,\n  `UPDATE employee_evaluations SET \"processDate\" = NULL WHERE id = 26;`,\n  `UPDATE employee_evaluations SET \"feedback\" = NULL WHERE id = 26;`,\n];\nawait utilFun.udpateDatabase(query);",
              "err": {},
              "uuid": "3643d295-3132-4371-9e5e-a52ad2920106",
              "parentUUID": "cf9f6dea-a36c-4680-b531-362b8de1508c",
              "isHook": true,
              "skipped": false
            },
            {
              "title": "\"before each\" hook in \"Performance Base Evaluations\"",
              "fullTitle": "Performance Base Evaluations \"before each\" hook in \"Performance Base Evaluations\"",
              "timedOut": false,
              "duration": 4479,
              "state": null,
              "speed": null,
              "pass": false,
              "fail": false,
              "pending": false,
              "context": null,
              "code": "await utilFun.visit(baseUrl + '/evaluationPerformance');\nawait utilFun.wait(4000);",
              "err": {},
              "uuid": "c15634c7-7eb5-48fc-9152-c0c5ca0fc591",
              "parentUUID": "cf9f6dea-a36c-4680-b531-362b8de1508c",
              "isHook": true,
              "skipped": false
            }
          ],
          "afterHooks": [],
          "tests": [
            {
              "title": "should check if performance evaluations are showing",
              "fullTitle": "Performance Base Evaluations should check if performance evaluations are showing",
              "timedOut": false,
              "duration": 40,
              "state": "passed",
              "speed": "medium",
              "pass": true,
              "fail": false,
              "pending": false,
              "context": null,
              "code": "let obj = await evaluation.getAllPendingResourses();\nassert(obj.length > 0, `No Evaluation Found`);",
              "err": {},
              "uuid": "81d211ea-f15c-46e4-b3d6-645fdeb60a7a",
              "parentUUID": "cf9f6dea-a36c-4680-b531-362b8de1508c",
              "isHook": false,
              "skipped": false
            },
            {
              "title": "should able to filter resoures by name",
              "fullTitle": "Performance Base Evaluations should able to filter resoures by name",
              "timedOut": false,
              "duration": 1846,
              "state": "passed",
              "speed": "slow",
              "pass": true,
              "fail": false,
              "pending": false,
              "context": null,
              "code": "await evaluation.clickFilterButton();\nawait evaluation.searchName('James Salinas');\nawait utilFun.wait(1000);\nconst name = await evaluation.getResourseName();\nutilFun.assertEql(name, 'James Salinas');",
              "err": {},
              "uuid": "13863332-5fbe-42b0-baee-7a542e173f9d",
              "parentUUID": "cf9f6dea-a36c-4680-b531-362b8de1508c",
              "isHook": false,
              "skipped": false
            },
            {
              "title": "should able to filter resoures by Last Increment",
              "fullTitle": "Performance Base Evaluations should able to filter resoures by Last Increment",
              "timedOut": false,
              "duration": 1478,
              "state": "passed",
              "speed": "slow",
              "pass": true,
              "fail": false,
              "pending": false,
              "context": null,
              "code": "await evaluation.clickFilterButton();\nawait evaluation.selectLastIncrement('N/A');\nconst valuesCount = await evaluation.checkValues();\nutilFun.assertEql(valuesCount, 1);",
              "err": {},
              "uuid": "61b7adc7-1803-4d99-8af6-98a39d078535",
              "parentUUID": "cf9f6dea-a36c-4680-b531-362b8de1508c",
              "isHook": false,
              "skipped": false
            },
            {
              "title": "should able to  copy email from options",
              "fullTitle": "Performance Base Evaluations should able to  copy email from options",
              "timedOut": false,
              "duration": 3926,
              "state": "passed",
              "speed": "slow",
              "pass": true,
              "fail": false,
              "pending": false,
              "context": null,
              "code": "await evaluation.clickFilterButton();\nawait evaluation.searchName('James Salinas');\nawait utilFun.wait(1000);\nconst name = await evaluation.getResourseName();\nutilFun.assertEql(name, 'James Salinas');\nawait evaluation.clickOptionBtn();\nawait utilFun.wait(1000);\nawait evaluation.selectOption('Copy Email');\nconst alertText = await evaluation.checkAlert();\nutilFun.assertEql(alertText, 'Email address is copied');",
              "err": {},
              "uuid": "c56a4ab3-e3ee-4643-a3f3-1b8b91ed109e",
              "parentUUID": "cf9f6dea-a36c-4680-b531-362b8de1508c",
              "isHook": false,
              "skipped": false
            },
            {
              "title": "should able to Send Email from options",
              "fullTitle": "Performance Base Evaluations should able to Send Email from options",
              "timedOut": false,
              "duration": 7418,
              "state": "passed",
              "speed": "slow",
              "pass": true,
              "fail": false,
              "pending": false,
              "context": null,
              "code": "await evaluation.clickFilterButton();\nawait evaluation.searchName('James Salinas');\nawait utilFun.wait(1000);\nconst name = await evaluation.getResourseName();\nutilFun.assertEql(name, 'James Salinas');\nawait evaluation.clickOptionBtn();\nawait utilFun.wait(1000);\nawait evaluation.selectOption('Send Email');\nawait utilFun.wait(1000);\nawait utilFun.switchWindow(1);\nawait utilFun.wait(3000);\nconst url = await utilFun.getUrl();\nassert.equal(url, 'https://mail.google.com/mail/u/0/?fs=1&tf=cm&to=james@robot-mail.com');\nawait utilFun.closeCurrentTab();\nawait utilFun.switchWindow(0);",
              "err": {},
              "uuid": "31887adc-7e36-4771-b8b2-0f990ece3782",
              "parentUUID": "cf9f6dea-a36c-4680-b531-362b8de1508c",
              "isHook": false,
              "skipped": false
            },
            {
              "title": "should able to Open Slack DM from options",
              "fullTitle": "Performance Base Evaluations should able to Open Slack DM from options",
              "timedOut": false,
              "duration": 8175,
              "state": "passed",
              "speed": "slow",
              "pass": true,
              "fail": false,
              "pending": false,
              "context": null,
              "code": "await evaluation.clickFilterButton();\nawait evaluation.searchName('James Salinas');\nawait utilFun.wait(1000);\nconst name = await evaluation.getResourseName();\nutilFun.assertEql(name, 'James Salinas');\nawait evaluation.clickOptionBtn();\nawait utilFun.wait(1000);\nawait evaluation.selectOption('Open Slack DM');\nawait utilFun.wait(1000);\nawait utilFun.switchWindow(1);\nawait utilFun.wait(3000);\nconst url = await utilFun.getUrl();\nassert.equal(url, 'https://invozone.slack.com/?redir=%2Fapp_redirect%3Fchannel%3Dundefined');\nawait utilFun.closeCurrentTab();\nawait utilFun.switchWindow(0);",
              "err": {},
              "uuid": "fb588e43-8c86-408c-b6ff-6ebd7b980b81",
              "parentUUID": "cf9f6dea-a36c-4680-b531-362b8de1508c",
              "isHook": false,
              "skipped": false
            },
            {
              "title": "should able to see Email from options",
              "fullTitle": "Performance Base Evaluations should able to see Email from options",
              "timedOut": false,
              "duration": 7122,
              "state": "passed",
              "speed": "slow",
              "pass": true,
              "fail": false,
              "pending": false,
              "context": null,
              "code": "await evaluation.clickFilterButton();\nawait evaluation.searchName('James Salinas');\nawait utilFun.wait(1000);\nconst name = await evaluation.getResourseName();\nutilFun.assertEql(name, 'James Salinas');\nawait evaluation.clickOptionBtn();\nawait utilFun.wait(1000);\nawait evaluation.selectOption('See Email');\nawait utilFun.wait(4000);\nconst email = await evaluation.copyEmail();\nassert.equal(email, 'Email: james@robot-mail.com');",
              "err": {},
              "uuid": "3a6ae053-3bca-4aa9-beac-1abd23604d7b",
              "parentUUID": "cf9f6dea-a36c-4680-b531-362b8de1508c",
              "isHook": false,
              "skipped": false
            },
            {
              "title": "should able to copy Phone Number from options",
              "fullTitle": "Performance Base Evaluations should able to copy Phone Number from options",
              "timedOut": false,
              "duration": 6678,
              "state": "passed",
              "speed": "slow",
              "pass": true,
              "fail": false,
              "pending": false,
              "context": null,
              "code": "await evaluation.clickFilterButton();\nawait evaluation.searchName('James Salinas');\nawait utilFun.wait(1000);\nconst name = await evaluation.getResourseName();\nutilFun.assertEql(name, 'James Salinas');\nawait evaluation.clickOptionBtn();\nawait utilFun.wait(1000);\nawait evaluation.selectOption('Phone Number');\nawait utilFun.wait(3000);\nawait evaluation.copyPhoneNumber();\nconst alertText = await evaluation.checkAlert();\nassert.equal(alertText, 'Phone# is copied successfully');",
              "err": {},
              "uuid": "28f51de3-7bce-46f8-b61b-fe804b0c9a4f",
              "parentUUID": "cf9f6dea-a36c-4680-b531-362b8de1508c",
              "isHook": false,
              "skipped": false
            },
            {
              "title": "should able to see Resource Details from options",
              "fullTitle": "Performance Base Evaluations should able to see Resource Details from options",
              "timedOut": false,
              "duration": 4029,
              "state": "passed",
              "speed": "slow",
              "pass": true,
              "fail": false,
              "pending": false,
              "context": null,
              "code": "await evaluation.clickFilterButton();\nawait evaluation.searchName('James Salinas');\nawait utilFun.wait(1000);\nconst name = await evaluation.getResourseName();\nutilFun.assertEql(name, 'James Salinas');\nawait evaluation.clickResource();\nawait utilFun.wait(1000);\nawait utilFun.switchWindow(1);\nawait utilFun.wait(1000);\nconst url = await utilFun.getUrl();\nassert.equal(url, baseUrl + '/resourceDetail/9742?tab=Basic_Information');\nawait utilFun.closeCurrentTab();\nawait utilFun.switchWindow(0);",
              "err": {},
              "uuid": "c9476d32-4896-465a-9e77-194567599072",
              "parentUUID": "cf9f6dea-a36c-4680-b531-362b8de1508c",
              "isHook": false,
              "skipped": false
            },
            {
              "title": "should able to see employee history",
              "fullTitle": "Performance Base Evaluations should able to see employee history",
              "timedOut": false,
              "duration": 2997,
              "state": "passed",
              "speed": "slow",
              "pass": true,
              "fail": false,
              "pending": false,
              "context": null,
              "code": "await evaluation.clickFilterButton();\nawait evaluation.searchName('James Salinas');\nawait utilFun.wait(1000);\nconst name = await evaluation.getResourseName();\nutilFun.assertEql(name, 'James Salinas');\nawait evaluation.clickSeeFeedback();\nawait utilFun.wait(1000);\nconst title = await evaluation.checkTitle();\nutilFun.assertEql(title, 'Feedback History of James Salinas');\nawait evaluation.checkSelectedTab();",
              "err": {},
              "uuid": "89b72337-442b-46f7-9156-643a38ab5af2",
              "parentUUID": "cf9f6dea-a36c-4680-b531-362b8de1508c",
              "isHook": false,
              "skipped": false
            },
            {
              "title": "should able to request a review",
              "fullTitle": "Performance Base Evaluations should able to request a review",
              "timedOut": false,
              "duration": 7033,
              "state": "passed",
              "speed": "slow",
              "pass": true,
              "fail": false,
              "pending": false,
              "context": null,
              "code": "await evaluation.clickFilterButton();\nawait evaluation.searchName('James Salinas');\nawait utilFun.wait(1000);\nconst name = await evaluation.getResourseName();\nutilFun.assertEql(name, 'James Salinas');\nawait evaluation.clickSeeFeedback();4\nawait utilFun.wait(1000);\nawait evaluation.clickSubmittedReview();\nawait evaluation.clickReqReviewBtn();\nawait utilFun.wait(1000);\nawait evaluation.clickHod('Muhammad Bilal Rafaqat');\nawait evaluation.clickSendReqBtn();\nconst alertText = await evaluation.checkAlert();\nutilFun.assertEql(alertText, 'Request is send successfully.');",
              "err": {},
              "uuid": "9e897805-7ceb-40ae-8e9e-c4b4e50f98d7",
              "parentUUID": "cf9f6dea-a36c-4680-b531-362b8de1508c",
              "isHook": false,
              "skipped": false
            },
            {
              "title": "should able to give a review",
              "fullTitle": "Performance Base Evaluations should able to give a review",
              "timedOut": false,
              "duration": 12572,
              "state": "passed",
              "speed": "slow",
              "pass": true,
              "fail": false,
              "pending": false,
              "context": null,
              "code": "const query = [\n  `UPDATE employees SET \"departmentId\" = 9 WHERE id = 9474;`,\n  `UPDATE employees SET \"designationId\" = 83 WHERE id = 9474;`,\n  `UPDATE employees SET \"designation\" = 'Head of Engineering' WHERE id = 9474;`,\n];\nawait utilFun.udpateDatabase(query);\nawait utilFun.refresh();\nawait evaluation.clickFilterButton();\nawait evaluation.searchName('James Salinas');\nawait utilFun.wait(1000);\nconst name = await evaluation.getResourseName();\nutilFun.assertEql(name, 'James Salinas');\nawait evaluation.clickSeeFeedback();\nawait utilFun.wait(1000);\nawait evaluation.clickSubmittedReview();\nawait utilFun.wait(1000);\nawait evaluation.clickAddFeedback();\nawait feedbackForm.enterDate('03092023');\nawait feedbackForm.selectFeedbackDuration('6 Months');\nawait feedbackForm.selectNextReviewType('Annual');\nawait feedbackForm.selectRevisedDesignation('Software Engineer');\nawait feedbackForm.typeIncreament('200000');\nawait feedbackForm.typeDescription('testingggg');\nawait feedbackForm.clickSubmit();\nconst alertText = await evaluation.checkAlert();\nutilFun.assertEql(alertText, 'Increment status is updated successfully');",
              "err": {},
              "uuid": "205c8200-ac53-43bd-b1f3-f6dcc91954ad",
              "parentUUID": "cf9f6dea-a36c-4680-b531-362b8de1508c",
              "isHook": false,
              "skipped": false
            },
            {
              "title": "should able to edit review form",
              "fullTitle": "Performance Base Evaluations should able to edit review form",
              "timedOut": false,
              "duration": 9219,
              "state": "passed",
              "speed": "slow",
              "pass": true,
              "fail": false,
              "pending": false,
              "context": null,
              "code": "await evaluation.clickFilterButton();\nawait evaluation.searchName('James Salinas');\nawait utilFun.wait(1000);\nconst name = await evaluation.getResourseName();\nutilFun.assertEql(name, 'James Salinas');\nawait evaluation.clickEditForm();\nawait utilFun.wait(1000);\nawait feedbackForm.enterDate('03102023');\nawait feedbackForm.selectFeedbackDuration('3 Months');\nawait feedbackForm.selectNextReviewType('Annual');\nawait feedbackForm.selectRevisedDesignation('Software Engineer');\nawait feedbackForm.typeIncreament('200000');\nawait feedbackForm.typeDescription('updated');\nawait feedbackForm.clickSubmit();\nconst alertText = await evaluation.checkAlert();\nutilFun.assertEql(alertText, 'Increment status is updated successfully');",
              "err": {},
              "uuid": "b1e3c466-1130-45fe-bbb3-0469f81cf859",
              "parentUUID": "cf9f6dea-a36c-4680-b531-362b8de1508c",
              "isHook": false,
              "skipped": false
            },
            {
              "title": "should able to defer review",
              "fullTitle": "Performance Base Evaluations should able to defer review",
              "timedOut": false,
              "duration": 6412,
              "state": "passed",
              "speed": "slow",
              "pass": true,
              "fail": false,
              "pending": false,
              "context": null,
              "code": "const query = [\n  `UPDATE employees SET \"designation\" = 'HR' WHERE id = 9474;`,\n  `UPDATE employees SET \"departmentId\" = 7 WHERE id = 9474;`,\n  `UPDATE employees SET \"designationId\" = 77 WHERE id = 9474;`,\n];\nawait utilFun.udpateDatabase(query);\nawait utilFun.refresh();\nawait evaluation.clickFilterButton();\nawait evaluation.searchName('James Salinas');\nawait utilFun.wait(1000);\nconst name = await evaluation.getResourseName();\nutilFun.assertEql(name, 'James Salinas');\nawait evaluation.clickDefer();\nawait evaluation.clickDeferType();\nawait utilFun.wait(1000);\nawait evaluation.selectDeferType('2 Weeks');\nawait evaluation.typeDeferReason('testing');\nawait evaluation.clickSubmitBtn();\nconst alertText = await evaluation.checkAlert();\nutilFun.assertEql(alertText, 'Increment status is updated successfully');",
              "err": {},
              "uuid": "97c8d25f-46da-4e2a-98a8-9f9356c36883",
              "parentUUID": "cf9f6dea-a36c-4680-b531-362b8de1508c",
              "isHook": false,
              "skipped": false
            },
            {
              "title": "should able to complete review",
              "fullTitle": "Performance Base Evaluations should able to complete review",
              "timedOut": false,
              "duration": 9938,
              "state": "passed",
              "speed": "slow",
              "pass": true,
              "fail": false,
              "pending": false,
              "context": null,
              "code": "const query = [\n  `UPDATE employees SET \"designation\" = 'HR' WHERE id = 9474;`,\n  `UPDATE employees SET \"departmentId\" = 7 WHERE id = 9474;`,\n  `UPDATE employees SET \"designationId\" = 77 WHERE id = 9474;`,\n  `UPDATE employee_evaluations SET \"processType\" = NULL WHERE id = 26;`,\n  `UPDATE employee_evaluations SET \"reasonForDefer\" = NULL WHERE id = 26;`,\n  `UPDATE employee_evaluations SET \"processDate\" = NULL WHERE id = 26;`,\n];\nawait utilFun.udpateDatabase(query);\nawait utilFun.refresh();\nawait evaluation.clickFilterButton();\nawait evaluation.searchName('James Salinas');\nawait utilFun.wait(1000);\nconst name = await evaluation.getResourseName();\nutilFun.assertEql(name, 'James Salinas');\nawait evaluation.clickComplete();\nawait feedbackForm.enterDate('03102023');\nawait feedbackForm.selectFeedbackDuration('3 Months');\nawait feedbackForm.selectNextReviewType('Annual');\nawait feedbackForm.selectRevisedDesignation('Software Engineer');\nawait feedbackForm.typeIncreament('200000');\nawait feedbackForm.clickSubmit();\nconst alertText = await evaluation.checkAlert();\nutilFun.assertEql(alertText, 'Increment status is updated successfully');",
              "err": {},
              "uuid": "a3d5ed86-6a5a-4fd2-a740-9def3e859c21",
              "parentUUID": "cf9f6dea-a36c-4680-b531-362b8de1508c",
              "isHook": false,
              "skipped": false
            }
          ],
          "suites": [],
          "passes": [
            "81d211ea-f15c-46e4-b3d6-645fdeb60a7a",
            "13863332-5fbe-42b0-baee-7a542e173f9d",
            "61b7adc7-1803-4d99-8af6-98a39d078535",
            "c56a4ab3-e3ee-4643-a3f3-1b8b91ed109e",
            "31887adc-7e36-4771-b8b2-0f990ece3782",
            "fb588e43-8c86-408c-b6ff-6ebd7b980b81",
            "3a6ae053-3bca-4aa9-beac-1abd23604d7b",
            "28f51de3-7bce-46f8-b61b-fe804b0c9a4f",
            "c9476d32-4896-465a-9e77-194567599072",
            "89b72337-442b-46f7-9156-643a38ab5af2",
            "9e897805-7ceb-40ae-8e9e-c4b4e50f98d7",
            "205c8200-ac53-43bd-b1f3-f6dcc91954ad",
            "b1e3c466-1130-45fe-bbb3-0469f81cf859",
            "97c8d25f-46da-4e2a-98a8-9f9356c36883",
            "a3d5ed86-6a5a-4fd2-a740-9def3e859c21"
          ],
          "failures": [],
          "pending": [],
          "skipped": [],
          "duration": 88883,
          "root": false,
          "rootEmpty": false,
          "_timeout": 100000
        },
        {
          "uuid": "9a4d37bc-c303-4f5b-b7dd-fa5a77cc7312",
          "title": "Retention Base Evaluations",
          "fullFile": "/home/devops/invohub/resource-engagement/test/e2e/evaluation/spec_3_retention.js",
          "file": "/test/e2e/evaluation/spec_3_retention.js",
          "beforeHooks": [
            {
              "title": "\"before all\" hook in \"Retention Base Evaluations\"",
              "fullTitle": "Retention Base Evaluations \"before all\" hook in \"Retention Base Evaluations\"",
              "timedOut": false,
              "duration": 11609,
              "state": null,
              "speed": null,
              "pass": false,
              "fail": false,
              "pending": false,
              "context": null,
              "code": "await utilFun.loginAccount()\nconst url = await utilFun.getUrl();\nassert.equal(url, baseUrl + '/home');\nlet query = [\n  `UPDATE employee_evaluations SET \"incrementType\" = 'retention' WHERE id = 26;`,\n  `UPDATE employees SET \"designation\" = 'Software Engineer' WHERE id = 9474;`,\n  `UPDATE employees SET \"departmentId\" = 9 WHERE id = 9474;`,\n  `UPDATE employees SET \"designationId\" = 138 WHERE id = 9474;`,\n  `UPDATE employee_evaluations SET \"processType\" = NULL WHERE id = 26;`,\n  `UPDATE employee_evaluations SET \"reasonForDefer\" = NULL WHERE id = 26;`,\n  `UPDATE employee_evaluations SET \"processDate\" = NULL WHERE id = 26;`,\n  `UPDATE employee_evaluations SET \"feedback\" = NULL WHERE id = 26;`,\n];\nawait utilFun.udpateDatabase(query);",
              "err": {},
              "uuid": "34f5ca48-82f4-4fa3-a563-af318e8b4d88",
              "parentUUID": "9a4d37bc-c303-4f5b-b7dd-fa5a77cc7312",
              "isHook": true,
              "skipped": false
            },
            {
              "title": "\"before each\" hook in \"Retention Base Evaluations\"",
              "fullTitle": "Retention Base Evaluations \"before each\" hook in \"Retention Base Evaluations\"",
              "timedOut": false,
              "duration": 4319,
              "state": null,
              "speed": null,
              "pass": false,
              "fail": false,
              "pending": false,
              "context": null,
              "code": "await utilFun.visit(baseUrl + '/evaluationRetention');\nawait utilFun.wait(4000);",
              "err": {},
              "uuid": "295dbd2f-fb0a-42ff-bf07-0eb368a09d9d",
              "parentUUID": "9a4d37bc-c303-4f5b-b7dd-fa5a77cc7312",
              "isHook": true,
              "skipped": false
            }
          ],
          "afterHooks": [],
          "tests": [
            {
              "title": "should check if retention evaluations are showing",
              "fullTitle": "Retention Base Evaluations should check if retention evaluations are showing",
              "timedOut": false,
              "duration": 37,
              "state": "passed",
              "speed": "fast",
              "pass": true,
              "fail": false,
              "pending": false,
              "context": null,
              "code": "let obj = await evaluation.getAllPendingResourses();\nassert(obj.length > 0, `No Evaluation Found`);",
              "err": {},
              "uuid": "881c0708-cd13-4a5f-9df1-d893531e3f17",
              "parentUUID": "9a4d37bc-c303-4f5b-b7dd-fa5a77cc7312",
              "isHook": false,
              "skipped": false
            },
            {
              "title": "should able to filter resoures by name",
              "fullTitle": "Retention Base Evaluations should able to filter resoures by name",
              "timedOut": false,
              "duration": 1746,
              "state": "passed",
              "speed": "slow",
              "pass": true,
              "fail": false,
              "pending": false,
              "context": null,
              "code": "await evaluation.clickFilterButton();\nawait evaluation.searchName('James Salinas');\nawait utilFun.wait(1000);\nconst name = await evaluation.getResourseName();\nutilFun.assertEql(name, 'James Salinas');",
              "err": {},
              "uuid": "a9403579-3f65-45bc-9985-ccc12bb09414",
              "parentUUID": "9a4d37bc-c303-4f5b-b7dd-fa5a77cc7312",
              "isHook": false,
              "skipped": false
            },
            {
              "title": "should able to filter resoures by Last Increment",
              "fullTitle": "Retention Base Evaluations should able to filter resoures by Last Increment",
              "timedOut": false,
              "duration": 1448,
              "state": "passed",
              "speed": "slow",
              "pass": true,
              "fail": false,
              "pending": false,
              "context": null,
              "code": "await evaluation.clickFilterButton();\nawait evaluation.selectLastIncrement('N/A');\nconst valuesCount = await evaluation.checkValues();\nutilFun.assertEql(valuesCount, 1);",
              "err": {},
              "uuid": "1f3ab7c0-e560-49cd-afa9-c89c32cedfce",
              "parentUUID": "9a4d37bc-c303-4f5b-b7dd-fa5a77cc7312",
              "isHook": false,
              "skipped": false
            },
            {
              "title": "should able to  copy email from options",
              "fullTitle": "Retention Base Evaluations should able to  copy email from options",
              "timedOut": false,
              "duration": 3833,
              "state": "passed",
              "speed": "slow",
              "pass": true,
              "fail": false,
              "pending": false,
              "context": null,
              "code": "await evaluation.clickFilterButton();\nawait evaluation.searchName('James Salinas');\nawait utilFun.wait(1000);\nconst name = await evaluation.getResourseName();\nutilFun.assertEql(name, 'James Salinas');\nawait evaluation.clickOptionBtn();\nawait utilFun.wait(1000);\nawait evaluation.selectOption('Copy Email');\nconst alertText = await evaluation.checkAlert();\nutilFun.assertEql(alertText, 'Email address is copied');",
              "err": {},
              "uuid": "97db26be-7ea8-4b5e-844f-46c632866cef",
              "parentUUID": "9a4d37bc-c303-4f5b-b7dd-fa5a77cc7312",
              "isHook": false,
              "skipped": false
            },
            {
              "title": "should able to Send Email from options",
              "fullTitle": "Retention Base Evaluations should able to Send Email from options",
              "timedOut": false,
              "duration": 8205,
              "state": "passed",
              "speed": "slow",
              "pass": true,
              "fail": false,
              "pending": false,
              "context": null,
              "code": "await evaluation.clickFilterButton();\nawait evaluation.searchName('James Salinas');\nawait utilFun.wait(1000);\nconst name = await evaluation.getResourseName();\nutilFun.assertEql(name, 'James Salinas');\nawait evaluation.clickOptionBtn();\nawait utilFun.wait(1000);\nawait evaluation.selectOption('Send Email');\nawait utilFun.wait(1000);\nawait utilFun.switchWindow(1);\nawait utilFun.wait(3000);\nconst url = await utilFun.getUrl();\nassert.equal(url, 'https://mail.google.com/mail/u/0/?fs=1&tf=cm&to=james@robot-mail.com');\nawait utilFun.closeCurrentTab();\nawait utilFun.switchWindow(0);",
              "err": {},
              "uuid": "39e105d5-2db9-438f-b03d-b7db83e3d059",
              "parentUUID": "9a4d37bc-c303-4f5b-b7dd-fa5a77cc7312",
              "isHook": false,
              "skipped": false
            },
            {
              "title": "should able to Open Slack DM from options",
              "fullTitle": "Retention Base Evaluations should able to Open Slack DM from options",
              "timedOut": false,
              "duration": 7434,
              "state": "passed",
              "speed": "slow",
              "pass": true,
              "fail": false,
              "pending": false,
              "context": null,
              "code": "await evaluation.clickFilterButton();\nawait evaluation.searchName('James Salinas');\nawait utilFun.wait(1000);\nconst name = await evaluation.getResourseName();\nutilFun.assertEql(name, 'James Salinas');\nawait evaluation.clickOptionBtn();\nawait utilFun.wait(1000);\nawait evaluation.selectOption('Open Slack DM');\nawait utilFun.wait(1000);\nawait utilFun.switchWindow(1);\nawait utilFun.wait(3000);\nconst url = await utilFun.getUrl();\nassert.equal(url, 'https://invozone.slack.com/?redir=%2Fapp_redirect%3Fchannel%3Dundefined');\nawait utilFun.closeCurrentTab();\nawait utilFun.switchWindow(0);",
              "err": {},
              "uuid": "f294413d-4c1a-4ea0-93be-2f89d40731ab",
              "parentUUID": "9a4d37bc-c303-4f5b-b7dd-fa5a77cc7312",
              "isHook": false,
              "skipped": false
            },
            {
              "title": "should able to see Email from options",
              "fullTitle": "Retention Base Evaluations should able to see Email from options",
              "timedOut": false,
              "duration": 7186,
              "state": "passed",
              "speed": "slow",
              "pass": true,
              "fail": false,
              "pending": false,
              "context": null,
              "code": "await evaluation.clickFilterButton();\nawait evaluation.searchName('James Salinas');\nawait utilFun.wait(1000);\nconst name = await evaluation.getResourseName();\nutilFun.assertEql(name, 'James Salinas');\nawait evaluation.clickOptionBtn();\nawait utilFun.wait(1000);\nawait evaluation.selectOption('See Email');\nawait utilFun.wait(4000);\nconst email = await evaluation.copyEmail();\nassert.equal(email, 'Email: james@robot-mail.com');",
              "err": {},
              "uuid": "2fc99f54-9a11-4281-9fa0-c84c651f7ca2",
              "parentUUID": "9a4d37bc-c303-4f5b-b7dd-fa5a77cc7312",
              "isHook": false,
              "skipped": false
            },
            {
              "title": "should able to copy Phone Number from options",
              "fullTitle": "Retention Base Evaluations should able to copy Phone Number from options",
              "timedOut": false,
              "duration": 6636,
              "state": "passed",
              "speed": "slow",
              "pass": true,
              "fail": false,
              "pending": false,
              "context": null,
              "code": "await evaluation.clickFilterButton();\nawait evaluation.searchName('James Salinas');\nawait utilFun.wait(1000);\nconst name = await evaluation.getResourseName();\nutilFun.assertEql(name, 'James Salinas');\nawait evaluation.clickOptionBtn();\nawait utilFun.wait(1000);\nawait evaluation.selectOption('Phone Number');\nawait utilFun.wait(3000);\nawait evaluation.copyPhoneNumber();\nconst alertText = await evaluation.checkAlert();\nassert.equal(alertText, 'Phone# is copied successfully');",
              "err": {},
              "uuid": "18030b11-0b30-4db7-a3ba-1ebbc6050fd0",
              "parentUUID": "9a4d37bc-c303-4f5b-b7dd-fa5a77cc7312",
              "isHook": false,
              "skipped": false
            },
            {
              "title": "should able to see Resource Details from options",
              "fullTitle": "Retention Base Evaluations should able to see Resource Details from options",
              "timedOut": false,
              "duration": 3983,
              "state": "passed",
              "speed": "slow",
              "pass": true,
              "fail": false,
              "pending": false,
              "context": null,
              "code": "await evaluation.clickFilterButton();\nawait evaluation.searchName('James Salinas');\nawait utilFun.wait(1000);\nconst name = await evaluation.getResourseName();\nutilFun.assertEql(name, 'James Salinas');\nawait evaluation.clickResource();\nawait utilFun.wait(1000);\nawait utilFun.switchWindow(1);\nawait utilFun.wait(1000);\nconst url = await utilFun.getUrl();\nassert.equal(url, baseUrl + '/resourceDetail/9742?tab=Basic_Information');\nawait utilFun.closeCurrentTab();\nawait utilFun.switchWindow(0);",
              "err": {},
              "uuid": "6d917884-22fc-4410-a237-b2dcc38417e1",
              "parentUUID": "9a4d37bc-c303-4f5b-b7dd-fa5a77cc7312",
              "isHook": false,
              "skipped": false
            },
            {
              "title": "should able to see employee history",
              "fullTitle": "Retention Base Evaluations should able to see employee history",
              "timedOut": false,
              "duration": 3092,
              "state": "passed",
              "speed": "slow",
              "pass": true,
              "fail": false,
              "pending": false,
              "context": null,
              "code": "await evaluation.clickFilterButton();\nawait evaluation.searchName('James Salinas');\nawait utilFun.wait(1000);\nconst name = await evaluation.getResourseName();\nutilFun.assertEql(name, 'James Salinas');\nawait evaluation.clickSeeFeedback();\nawait utilFun.wait(1000);\nconst title = await evaluation.checkTitle();\nutilFun.assertEql(title, 'Feedback History of James Salinas');\nawait evaluation.checkSelectedTab();",
              "err": {},
              "uuid": "fd6f545d-29c0-4909-a739-afdd9cfe80ad",
              "parentUUID": "9a4d37bc-c303-4f5b-b7dd-fa5a77cc7312",
              "isHook": false,
              "skipped": false
            },
            {
              "title": "should able to request a review",
              "fullTitle": "Retention Base Evaluations should able to request a review",
              "timedOut": false,
              "duration": 7178,
              "state": "passed",
              "speed": "slow",
              "pass": true,
              "fail": false,
              "pending": false,
              "context": null,
              "code": "await evaluation.clickFilterButton();\nawait evaluation.searchName('James Salinas');\nawait utilFun.wait(1000);\nconst name = await evaluation.getResourseName();\nutilFun.assertEql(name, 'James Salinas');\nawait evaluation.clickSeeFeedback();\nawait utilFun.wait(1000);\nawait evaluation.clickSubmittedReview();\nawait evaluation.clickReqReviewBtn();\nawait utilFun.wait(1000);\nawait evaluation.clickHod('Muhammad Bilal Rafaqat');\nawait evaluation.clickSendReqBtn();\nconst alertText = await evaluation.checkAlert();\nutilFun.assertEql(alertText, 'Request is send successfully.');",
              "err": {},
              "uuid": "7cd3d281-eb1c-424d-8d3f-c03bb0a4e884",
              "parentUUID": "9a4d37bc-c303-4f5b-b7dd-fa5a77cc7312",
              "isHook": false,
              "skipped": false
            },
            {
              "title": "should able to give a review",
              "fullTitle": "Retention Base Evaluations should able to give a review",
              "timedOut": false,
              "duration": 12146,
              "state": "passed",
              "speed": "slow",
              "pass": true,
              "fail": false,
              "pending": false,
              "context": null,
              "code": "const query = [\n  `UPDATE employees SET \"departmentId\" = 9 WHERE id = 9474;`,\n  `UPDATE employees SET \"designationId\" = 83 WHERE id = 9474;`,\n  `UPDATE employees SET \"designation\" = 'Head of Engineering' WHERE id = 9474;`,\n];\nawait utilFun.udpateDatabase(query);\nawait utilFun.refresh();\nawait evaluation.clickFilterButton();\nawait evaluation.searchName('James Salinas');\nawait utilFun.wait(1000);\nconst name = await evaluation.getResourseName();\nutilFun.assertEql(name, 'James Salinas');\nawait evaluation.clickSeeFeedback();\nawait utilFun.wait(1000);\nawait evaluation.clickSubmittedReview();\nawait utilFun.wait(1000);\nawait evaluation.clickAddFeedback();\n// await feedbackForm.enterDate('03092023');\nawait feedbackForm.selectFeedbackDuration('6 Months');\nawait feedbackForm.selectNextReviewType('Annual');\nawait feedbackForm.selectRevisedDesignation('Software Engineer');\nawait feedbackForm.typeIncreament('200000');\nawait feedbackForm.typeDescription('testingggg');\nawait feedbackForm.clickSubmit();\nconst alertText = await evaluation.checkAlert();\nutilFun.assertEql(alertText, 'Increment status is updated successfully');",
              "err": {},
              "uuid": "8f93d588-93b1-4cc7-b299-b75ad86d298f",
              "parentUUID": "9a4d37bc-c303-4f5b-b7dd-fa5a77cc7312",
              "isHook": false,
              "skipped": false
            },
            {
              "title": "should able to edit review form",
              "fullTitle": "Retention Base Evaluations should able to edit review form",
              "timedOut": false,
              "duration": 9071,
              "state": "passed",
              "speed": "slow",
              "pass": true,
              "fail": false,
              "pending": false,
              "context": null,
              "code": "await evaluation.clickFilterButton();\nawait evaluation.searchName('James Salinas');\nawait utilFun.wait(1000);\nconst name = await evaluation.getResourseName();\nutilFun.assertEql(name, 'James Salinas');\nawait evaluation.clickEditForm();\nawait utilFun.wait(1000);\n// await feedbackForm.enterDate('03102023');\nawait feedbackForm.selectFeedbackDuration('3 Months');\nawait feedbackForm.selectNextReviewType('Annual');\nawait feedbackForm.selectRevisedDesignation('Software Engineer');\nawait feedbackForm.typeIncreament('200000');\nawait feedbackForm.typeDescription('updated');\nawait feedbackForm.clickSubmit();\nconst alertText = await evaluation.checkAlert();\nutilFun.assertEql(alertText, 'Increment status is updated successfully');",
              "err": {},
              "uuid": "23936475-f625-47c0-9c1c-418bda8cdd51",
              "parentUUID": "9a4d37bc-c303-4f5b-b7dd-fa5a77cc7312",
              "isHook": false,
              "skipped": false
            },
            {
              "title": "should able to defer review",
              "fullTitle": "Retention Base Evaluations should able to defer review",
              "timedOut": false,
              "duration": 6358,
              "state": "passed",
              "speed": "slow",
              "pass": true,
              "fail": false,
              "pending": false,
              "context": null,
              "code": "const query = [\n  `UPDATE employees SET \"designation\" = 'HR' WHERE id = 9474;`,\n  `UPDATE employees SET \"departmentId\" = 7 WHERE id = 9474;`,\n  `UPDATE employees SET \"designationId\" = 77 WHERE id = 9474;`,\n];\nawait utilFun.udpateDatabase(query);\nawait utilFun.refresh();\nawait evaluation.clickFilterButton();\nawait evaluation.searchName('James Salinas');\nawait utilFun.wait(1000);\nconst name = await evaluation.getResourseName();\nutilFun.assertEql(name, 'James Salinas');\nawait evaluation.clickDefer();\nawait evaluation.clickDeferType();\nawait utilFun.wait(1000);\nawait evaluation.selectDeferType('2 Weeks');\nawait evaluation.typeDeferReason('testing');\nawait evaluation.clickSubmitBtn();\nconst alertText = await evaluation.checkAlert();\nutilFun.assertEql(alertText, 'Increment status is updated successfully');",
              "err": {},
              "uuid": "b6df4fb3-f357-4b2b-a8c5-d03f9124a99b",
              "parentUUID": "9a4d37bc-c303-4f5b-b7dd-fa5a77cc7312",
              "isHook": false,
              "skipped": false
            },
            {
              "title": "should able to complete review",
              "fullTitle": "Retention Base Evaluations should able to complete review",
              "timedOut": false,
              "duration": 9623,
              "state": "passed",
              "speed": "slow",
              "pass": true,
              "fail": false,
              "pending": false,
              "context": null,
              "code": "const query = [\n  `UPDATE employees SET \"designation\" = 'HR' WHERE id = 9474;`,\n  `UPDATE employees SET \"departmentId\" = 7 WHERE id = 9474;`,\n  `UPDATE employees SET \"designationId\" = 77 WHERE id = 9474;`,\n  `UPDATE employee_evaluations SET \"processType\" = NULL WHERE id = 26;`,\n  `UPDATE employee_evaluations SET \"reasonForDefer\" = NULL WHERE id = 26;`,\n  `UPDATE employee_evaluations SET \"processDate\" = NULL WHERE id = 26;`,\n];\nawait utilFun.udpateDatabase(query);\nawait utilFun.refresh();\nawait evaluation.clickFilterButton();\nawait evaluation.searchName('James Salinas');\nawait utilFun.wait(1000);\nconst name = await evaluation.getResourseName();\nutilFun.assertEql(name, 'James Salinas');\nawait evaluation.clickComplete();\nawait feedbackForm.enterDate('03102023');\nawait feedbackForm.selectFeedbackDuration('3 Months');\nawait feedbackForm.selectNextReviewType('Annual');\nawait feedbackForm.selectRevisedDesignation('Software Engineer');\nawait feedbackForm.typeIncreament('200000');\nawait feedbackForm.clickSubmit();\nconst alertText = await evaluation.checkAlert();\nutilFun.assertEql(alertText, 'Increment status is updated successfully');",
              "err": {},
              "uuid": "4067d4a6-92ea-4ece-9198-0f4128f5ddc9",
              "parentUUID": "9a4d37bc-c303-4f5b-b7dd-fa5a77cc7312",
              "isHook": false,
              "skipped": false
            }
          ],
          "suites": [],
          "passes": [
            "881c0708-cd13-4a5f-9df1-d893531e3f17",
            "a9403579-3f65-45bc-9985-ccc12bb09414",
            "1f3ab7c0-e560-49cd-afa9-c89c32cedfce",
            "97db26be-7ea8-4b5e-844f-46c632866cef",
            "39e105d5-2db9-438f-b03d-b7db83e3d059",
            "f294413d-4c1a-4ea0-93be-2f89d40731ab",
            "2fc99f54-9a11-4281-9fa0-c84c651f7ca2",
            "18030b11-0b30-4db7-a3ba-1ebbc6050fd0",
            "6d917884-22fc-4410-a237-b2dcc38417e1",
            "fd6f545d-29c0-4909-a739-afdd9cfe80ad",
            "7cd3d281-eb1c-424d-8d3f-c03bb0a4e884",
            "8f93d588-93b1-4cc7-b299-b75ad86d298f",
            "23936475-f625-47c0-9c1c-418bda8cdd51",
            "b6df4fb3-f357-4b2b-a8c5-d03f9124a99b",
            "4067d4a6-92ea-4ece-9198-0f4128f5ddc9"
          ],
          "failures": [],
          "pending": [],
          "skipped": [],
          "duration": 87976,
          "root": false,
          "rootEmpty": false,
          "_timeout": 100000
        },
        {
          "uuid": "e45c8170-ff73-44f6-b52a-d181f8783ecb",
          "title": "Evaluations History",
          "fullFile": "/home/devops/invohub/resource-engagement/test/e2e/evaluation/spec_4_history.js",
          "file": "/test/e2e/evaluation/spec_4_history.js",
          "beforeHooks": [
            {
              "title": "\"before all\" hook in \"Evaluations History\"",
              "fullTitle": "Evaluations History \"before all\" hook in \"Evaluations History\"",
              "timedOut": false,
              "duration": 11621,
              "state": null,
              "speed": null,
              "pass": false,
              "fail": false,
              "pending": false,
              "context": null,
              "code": "await utilFun.loginAccount()\nconst url = await utilFun.getUrl();\nassert.equal(url, baseUrl + '/home');\nlet query = [\n  `UPDATE employee_evaluations SET \"processType\" = 'COMPLETE' WHERE id = 26;`,\n  `DELETE FROM employee_evaluations WHERE \"employeeId\" = 9742 AND \"incrementType\" = 'designation';`,\n  `UPDATE employee_evaluations SET \"processDate\" = '2023-03-28 17:32:33.501+05' WHERE id = 26;`,\n];\nawait utilFun.udpateDatabase(query);",
              "err": {},
              "uuid": "7d0552d1-1f4b-406a-8a77-ddd951550997",
              "parentUUID": "e45c8170-ff73-44f6-b52a-d181f8783ecb",
              "isHook": true,
              "skipped": false
            },
            {
              "title": "\"before each\" hook in \"Evaluations History\"",
              "fullTitle": "Evaluations History \"before each\" hook in \"Evaluations History\"",
              "timedOut": false,
              "duration": 4329,
              "state": null,
              "speed": null,
              "pass": false,
              "fail": false,
              "pending": false,
              "context": null,
              "code": "await utilFun.visit(baseUrl + '/evaluationHistory');\nawait utilFun.wait(4000);",
              "err": {},
              "uuid": "87afa8bf-4967-42aa-a450-f7d78834cf1b",
              "parentUUID": "e45c8170-ff73-44f6-b52a-d181f8783ecb",
              "isHook": true,
              "skipped": false
            }
          ],
          "afterHooks": [],
          "tests": [
            {
              "title": "should check if evaluations history is showing",
              "fullTitle": "Evaluations History should check if evaluations history is showing",
              "timedOut": false,
              "duration": 42,
              "state": "passed",
              "speed": "medium",
              "pass": true,
              "fail": false,
              "pending": false,
              "context": null,
              "code": "let obj = await evaluation.getAllPendingResourses();\nassert(obj.length > 0, `No Evaluation Found`);",
              "err": {},
              "uuid": "b4ce8434-09d4-4d6a-beb2-dde9bcafef83",
              "parentUUID": "e45c8170-ff73-44f6-b52a-d181f8783ecb",
              "isHook": false,
              "skipped": false
            },
            {
              "title": "should able to filter resoures by name",
              "fullTitle": "Evaluations History should able to filter resoures by name",
              "timedOut": false,
              "duration": 2022,
              "state": "passed",
              "speed": "slow",
              "pass": true,
              "fail": false,
              "pending": false,
              "context": null,
              "code": "await evaluation.clickFilterButton();\nawait evaluation.searchName('James Salinas');\nawait utilFun.wait(1000);\nconst name = await evaluation.getResourseName();\nutilFun.assertEql(name, 'James Salinas');",
              "err": {},
              "uuid": "2f4757fd-0348-484e-8dff-c25097276fab",
              "parentUUID": "e45c8170-ff73-44f6-b52a-d181f8783ecb",
              "isHook": false,
              "skipped": false
            },
            {
              "title": "should able to check review is completed",
              "fullTitle": "Evaluations History should able to check review is completed",
              "timedOut": false,
              "duration": 2045,
              "state": "passed",
              "speed": "slow",
              "pass": true,
              "fail": false,
              "pending": false,
              "context": null,
              "code": "await evaluation.clickFilterButton();\nawait evaluation.searchName('James Salinas');\nawait utilFun.wait(1000);\nconst name = await evaluation.checkProcessState()\nutilFun.assertEql(name, 'Complete');",
              "err": {},
              "uuid": "9d8dea2a-67b2-4dc6-be6c-f68cbdacc22d",
              "parentUUID": "e45c8170-ff73-44f6-b52a-d181f8783ecb",
              "isHook": false,
              "skipped": false
            },
            {
              "title": "should able to filter resoures by Review Type",
              "fullTitle": "Evaluations History should able to filter resoures by Review Type",
              "timedOut": false,
              "duration": 1699,
              "state": "passed",
              "speed": "slow",
              "pass": true,
              "fail": false,
              "pending": false,
              "context": null,
              "code": "await evaluation.clickFilterButton();\nawait evaluation.selectReviewType('Annual');\nconst valuesCount = await evaluation.checkValues();\nutilFun.assertEql(valuesCount, 1);",
              "err": {},
              "uuid": "dbf5af76-50ab-4c2b-916e-882d3c6d9c5b",
              "parentUUID": "e45c8170-ff73-44f6-b52a-d181f8783ecb",
              "isHook": false,
              "skipped": false
            },
            {
              "title": "should able to filter resoures by Last Increment",
              "fullTitle": "Evaluations History should able to filter resoures by Last Increment",
              "timedOut": false,
              "duration": 1654,
              "state": "passed",
              "speed": "slow",
              "pass": true,
              "fail": false,
              "pending": false,
              "context": null,
              "code": "await evaluation.clickFilterButton();\nawait evaluation.selectLastIncrement('N/A');\nconst valuesCount = await evaluation.checkValues();\nutilFun.assertEql(valuesCount, 1);",
              "err": {},
              "uuid": "73493b0a-7e79-4efb-8614-d9b4e389dd33",
              "parentUUID": "e45c8170-ff73-44f6-b52a-d181f8783ecb",
              "isHook": false,
              "skipped": false
            },
            {
              "title": "should able to  copy email from options",
              "fullTitle": "Evaluations History should able to  copy email from options",
              "timedOut": false,
              "duration": 4093,
              "state": "passed",
              "speed": "slow",
              "pass": true,
              "fail": false,
              "pending": false,
              "context": null,
              "code": "await evaluation.clickFilterButton();\nawait evaluation.searchName('James Salinas');\nawait utilFun.wait(1000);\nconst name = await evaluation.getResourseName();\nutilFun.assertEql(name, 'James Salinas');\nawait evaluation.clickOptionBtn();\nawait utilFun.wait(1000);\nawait evaluation.selectOption('Copy Email');\nconst alertText = await evaluation.checkAlert();\nutilFun.assertEql(alertText, 'Email address is copied');",
              "err": {},
              "uuid": "0f67cb54-65cb-4fa2-8c13-1ff5bae3af39",
              "parentUUID": "e45c8170-ff73-44f6-b52a-d181f8783ecb",
              "isHook": false,
              "skipped": false
            },
            {
              "title": "should able to Send Email from options",
              "fullTitle": "Evaluations History should able to Send Email from options",
              "timedOut": false,
              "duration": 7526,
              "state": "passed",
              "speed": "slow",
              "pass": true,
              "fail": false,
              "pending": false,
              "context": null,
              "code": "await evaluation.clickFilterButton();\nawait evaluation.searchName('James Salinas');\nawait utilFun.wait(1000);\nconst name = await evaluation.getResourseName();\nutilFun.assertEql(name, 'James Salinas');\nawait evaluation.clickOptionBtn();\nawait utilFun.wait(1000);\nawait evaluation.selectOption('Send Email');\nawait utilFun.wait(1000);\nawait utilFun.switchWindow(1);\nawait utilFun.wait(3000);\nconst url = await utilFun.getUrl();\nassert.equal(url, 'https://mail.google.com/mail/u/0/?fs=1&tf=cm&to=james@robot-mail.com');\nawait utilFun.closeCurrentTab();\nawait utilFun.switchWindow(0);",
              "err": {},
              "uuid": "18526f6b-543c-4d6d-934e-a49f09d45707",
              "parentUUID": "e45c8170-ff73-44f6-b52a-d181f8783ecb",
              "isHook": false,
              "skipped": false
            },
            {
              "title": "should able to Open Slack DM from options",
              "fullTitle": "Evaluations History should able to Open Slack DM from options",
              "timedOut": false,
              "duration": 7780,
              "state": "passed",
              "speed": "slow",
              "pass": true,
              "fail": false,
              "pending": false,
              "context": null,
              "code": "await evaluation.clickFilterButton();\nawait evaluation.searchName('James Salinas');\nawait utilFun.wait(1000);\nconst name = await evaluation.getResourseName();\nutilFun.assertEql(name, 'James Salinas');\nawait evaluation.clickOptionBtn();\nawait utilFun.wait(1000);\nawait evaluation.selectOption('Open Slack DM');\nawait utilFun.wait(1000);\nawait utilFun.switchWindow(1);\nawait utilFun.wait(3000);\nconst url = await utilFun.getUrl();\nassert.equal(url, 'https://invozone.slack.com/?redir=%2Fapp_redirect%3Fchannel%3Dundefined');\nawait utilFun.closeCurrentTab();\nawait utilFun.switchWindow(0);",
              "err": {},
              "uuid": "b0966165-e6ca-4a4f-b633-2bb8612b24ca",
              "parentUUID": "e45c8170-ff73-44f6-b52a-d181f8783ecb",
              "isHook": false,
              "skipped": false
            },
            {
              "title": "should able to see Email from options",
              "fullTitle": "Evaluations History should able to see Email from options",
              "timedOut": false,
              "duration": 7402,
              "state": "passed",
              "speed": "slow",
              "pass": true,
              "fail": false,
              "pending": false,
              "context": null,
              "code": "await evaluation.clickFilterButton();\nawait evaluation.searchName('James Salinas');\nawait utilFun.wait(1000);\nconst name = await evaluation.getResourseName();\nutilFun.assertEql(name, 'James Salinas');\nawait evaluation.clickOptionBtn();\nawait utilFun.wait(1000);\nawait evaluation.selectOption('See Email');\nawait utilFun.wait(4000);\nconst email = await evaluation.copyEmail();\nassert.equal(email, 'Email: james@robot-mail.com');",
              "err": {},
              "uuid": "a2795db4-d828-4f21-ad9a-b012eaa24635",
              "parentUUID": "e45c8170-ff73-44f6-b52a-d181f8783ecb",
              "isHook": false,
              "skipped": false
            },
            {
              "title": "should able to copy Phone Number from options",
              "fullTitle": "Evaluations History should able to copy Phone Number from options",
              "timedOut": false,
              "duration": 6955,
[...]
              "fullTitle": "Portfolio Module should able to fiter Portfolio by Project Nature",
              "timedOut": false,
              "duration": 1162,
              "state": "passed",
              "speed": "slow",
              "pass": true,
              "fail": false,
              "pending": false,
              "context": null,
              "code": "await portfolio.clickFilterBtn()\nawait portfolio.filterByProjectNature('Web App')\nconst rowText = await portfolio.getRowText(); \nassert.ok(rowText.includes('Web App'), `Expected text not found.`);",
              "err": {},
              "uuid": "4adec827-43b3-43f2-b039-311d3d6a3a38",
              "parentUUID": "708d79ee-2ccb-4ec8-aa8a-2bec7371b30e",
              "isHook": false,
              "skipped": false
            },
            {
              "title": "should able to fiter Portfolio by Region",
              "fullTitle": "Portfolio Module should able to fiter Portfolio by Region",
              "timedOut": false,
              "duration": 4029,
              "state": "passed",
              "speed": "slow",
              "pass": true,
              "fail": false,
              "pending": false,
              "context": null,
              "code": "await portfolio.clickFilterBtn()\nawait portfolio.filterByRegion('Pakistan')\nconst rowText = await portfolio.getRowText(); \nassert.ok(rowText.includes('Pakistan'), `Expected text not found.`);",
              "err": {},
              "uuid": "02e5fcdd-9e16-4a56-bfd3-6d8653a5f8c5",
              "parentUUID": "708d79ee-2ccb-4ec8-aa8a-2bec7371b30e",
              "isHook": false,
              "skipped": false
            },
            {
              "title": "should able to fiter Portfolio by Date",
              "fullTitle": "Portfolio Module should able to fiter Portfolio by Date",
              "timedOut": false,
              "duration": 1232,
              "state": "passed",
              "speed": "slow",
              "pass": true,
              "fail": false,
              "pending": false,
              "context": null,
              "code": "await portfolio.clickFilterBtn()\nawait portfolio.filterByDate('Last 2 Weeks')\nconst rowText = await portfolio.getRowText(); \nassert.ok(rowText.includes(portfolioName), `Expected text not found.`);",
              "err": {},
              "uuid": "424bc9aa-f198-4b01-a2f5-4e8f95a79fbc",
              "parentUUID": "708d79ee-2ccb-4ec8-aa8a-2bec7371b30e",
              "isHook": false,
              "skipped": false
            },
            {
              "title": "should able to Hide Division Colum",
              "fullTitle": "Portfolio Module should able to Hide Division Colum",
              "timedOut": false,
              "duration": 773,
              "state": "failed",
              "speed": null,
              "pass": false,
              "fail": true,
              "pending": false,
              "context": null,
              "code": "await portfolio.clickHideColumsBtn()\nawait portfolio.selectColum('Division')\nconst columnsCount = await portfolio.getTableColumsCount(); \nassert.equal(columnsCount, 13, `Colums count is not Correct.`);\nconst columnsText = await portfolio.getTableColumsAndCheck('Division'); \nassert.equal(columnsText, -1, `Expected Colum is Not Hidden.`);",
              "err": {
                "message": "AssertionError: Colums count is not Correct.",
                "estack": "AssertionError [ERR_ASSERTION]: Colums count is not Correct.\n    at Context.<anonymous> (test/e2e/portfolio/spec-1-portfolio.js:185:12)\n    at process.processTicksAndRejections (node:internal/process/task_queues:95:5)",
                "diff": "- 14\n+ 13\n"
              },
              "uuid": "39892737-0484-4d4a-b43e-f9e34781e9e5",
              "parentUUID": "708d79ee-2ccb-4ec8-aa8a-2bec7371b30e",
              "isHook": false,
              "skipped": false
            },
            {
              "title": "should able to Hide Project Nature Colum",
              "fullTitle": "Portfolio Module should able to Hide Project Nature Colum",
              "timedOut": false,
              "duration": 693,
              "state": "failed",
              "speed": null,
              "pass": false,
              "fail": true,
              "pending": false,
              "context": null,
              "code": "await portfolio.clickHideColumsBtn()\nawait portfolio.selectColum('Project Nature')\nconst columnsCount = await portfolio.getTableColumsCount(); \nassert.equal(columnsCount, 12, `Colums count is not Correct.`);\nconst columnsText = await portfolio.getTableColumsAndCheck('Project Nature'); \nassert.equal(columnsText, -1, `Expected Colum is Not Hidden.`);",
              "err": {
                "message": "AssertionError: Colums count is not Correct.",
                "estack": "AssertionError [ERR_ASSERTION]: Colums count is not Correct.\n    at Context.<anonymous> (test/e2e/portfolio/spec-1-portfolio.js:193:12)\n    at process.processTicksAndRejections (node:internal/process/task_queues:95:5)",
                "diff": "- 13\n+ 12\n"
              },
              "uuid": "837d16da-802e-4f2c-adf1-be2f9458e6c0",
              "parentUUID": "708d79ee-2ccb-4ec8-aa8a-2bec7371b30e",
              "isHook": false,
              "skipped": false
            },
            {
              "title": "should able to Hide Tech Stack Colum",
              "fullTitle": "Portfolio Module should able to Hide Tech Stack Colum",
              "timedOut": false,
              "duration": 658,
              "state": "failed",
              "speed": null,
              "pass": false,
              "fail": true,
              "pending": false,
              "context": null,
              "code": "await portfolio.clickHideColumsBtn()\nawait portfolio.selectColum('Tech Stack')\nconst columnsCount = await portfolio.getTableColumsCount(); \nassert.equal(columnsCount, 11, `Colums count is not Correct.`);\nconst columnsText = await portfolio.getTableColumsAndCheck('Tech Stack'); \nassert.equal(columnsText, -1, `Expected Colum is Not Hidden.`);",
              "err": {
                "message": "AssertionError: Colums count is not Correct.",
                "estack": "AssertionError [ERR_ASSERTION]: Colums count is not Correct.\n    at Context.<anonymous> (test/e2e/portfolio/spec-1-portfolio.js:201:12)\n    at process.processTicksAndRejections (node:internal/process/task_queues:95:5)",
                "diff": "- 12\n+ 11\n"
              },
              "uuid": "fa2af4b9-a73f-4e01-add5-aa55d81d618d",
              "parentUUID": "708d79ee-2ccb-4ec8-aa8a-2bec7371b30e",
              "isHook": false,
              "skipped": false
            },
            {
              "title": "should able to Hide POC Colum",
              "fullTitle": "Portfolio Module should able to Hide POC Colum",
              "timedOut": false,
              "duration": 608,
              "state": "failed",
              "speed": null,
              "pass": false,
              "fail": true,
              "pending": false,
              "context": null,
              "code": "await portfolio.clickHideColumsBtn()\nawait portfolio.selectColum('POC')\nconst columnsCount = await portfolio.getTableColumsCount(); \nassert.equal(columnsCount, 10, `Colums count is not Correct.`);\nconst columnsText = await portfolio.getTableColumsAndCheck('POC'); \nassert.equal(columnsText, -1, `Expected Colum is Not Hidden.`);",
              "err": {
                "message": "AssertionError: Colums count is not Correct.",
                "estack": "AssertionError [ERR_ASSERTION]: Colums count is not Correct.\n    at Context.<anonymous> (test/e2e/portfolio/spec-1-portfolio.js:209:12)\n    at process.processTicksAndRejections (node:internal/process/task_queues:95:5)",
                "diff": "- 11\n+ 10\n"
              },
              "uuid": "16655b0c-f323-4621-969f-94ba2ae24782",
              "parentUUID": "708d79ee-2ccb-4ec8-aa8a-2bec7371b30e",
              "isHook": false,
              "skipped": false
            },
            {
              "title": "should able to Hide Resources Colum",
              "fullTitle": "Portfolio Module should able to Hide Resources Colum",
              "timedOut": false,
              "duration": 657,
              "state": "failed",
              "speed": null,
              "pass": false,
              "fail": true,
              "pending": false,
              "context": null,
              "code": "await portfolio.clickHideColumsBtn()\nawait portfolio.selectColum('Resources')\nconst columnsCount = await portfolio.getTableColumsCount(); \nassert.equal(columnsCount, 9, `Colums count is not Correct.`);\nconst columnsText = await portfolio.getTableColumsAndCheck('Resources'); \nassert.equal(columnsText, -1, `Expected Colum is Not Hidden.`);",
              "err": {
                "message": "AssertionError: Colums count is not Correct.",
                "estack": "AssertionError [ERR_ASSERTION]: Colums count is not Correct.\n    at Context.<anonymous> (test/e2e/portfolio/spec-1-portfolio.js:217:12)\n    at process.processTicksAndRejections (node:internal/process/task_queues:95:5)",
                "diff": "- 10\n+ 9\n"
              },
              "uuid": "df55fd1c-aea8-4f52-96a0-d5c187464d2f",
              "parentUUID": "708d79ee-2ccb-4ec8-aa8a-2bec7371b30e",
              "isHook": false,
              "skipped": false
            },
            {
              "title": "should able to Hide Tags Colum",
              "fullTitle": "Portfolio Module should able to Hide Tags Colum",
              "timedOut": false,
              "duration": 583,
              "state": "failed",
              "speed": null,
              "pass": false,
              "fail": true,
              "pending": false,
              "context": null,
              "code": "await portfolio.clickHideColumsBtn()\nawait portfolio.selectColum('Tags')\nconst columnsCount = await portfolio.getTableColumsCount(); \nassert.equal(columnsCount, 8, `Colums count is not Correct.`);\nconst columnsText = await portfolio.getTableColumsAndCheck('Tags'); \nassert.equal(columnsText, -1, `Expected Colum is Not Hidden.`);",
              "err": {
                "message": "AssertionError: Colums count is not Correct.",
                "estack": "AssertionError [ERR_ASSERTION]: Colums count is not Correct.\n    at Context.<anonymous> (test/e2e/portfolio/spec-1-portfolio.js:225:12)\n    at process.processTicksAndRejections (node:internal/process/task_queues:95:5)",
                "diff": "- 9\n+ 8\n"
              },
              "uuid": "00dcfc5c-f205-491d-a4ca-0cfcf94c929a",
              "parentUUID": "708d79ee-2ccb-4ec8-aa8a-2bec7371b30e",
              "isHook": false,
              "skipped": false
            },
            {
              "title": "should able to Hide Industry Colum",
              "fullTitle": "Portfolio Module should able to Hide Industry Colum",
              "timedOut": false,
              "duration": 543,
              "state": "failed",
              "speed": null,
              "pass": false,
              "fail": true,
              "pending": false,
              "context": null,
              "code": "await portfolio.clickHideColumsBtn()\nawait portfolio.selectColum('Industry')\nconst columnsCount = await portfolio.getTableColumsCount(); \nassert.equal(columnsCount, 7, `Colums count is not Correct.`);\nconst columnsText = await portfolio.getTableColumsAndCheck('Industry'); \nassert.equal(columnsText, -1, `Expected Colum is Not Hidden.`);",
              "err": {
                "message": "AssertionError: Colums count is not Correct.",
                "estack": "AssertionError [ERR_ASSERTION]: Colums count is not Correct.\n    at Context.<anonymous> (test/e2e/portfolio/spec-1-portfolio.js:233:12)\n    at process.processTicksAndRejections (node:internal/process/task_queues:95:5)",
                "diff": "- 8\n+ 7\n"
              },
              "uuid": "b9605b34-855e-4ad0-969f-b9c1bcef42d0",
              "parentUUID": "708d79ee-2ccb-4ec8-aa8a-2bec7371b30e",
              "isHook": false,
              "skipped": false
            },
            {
              "title": "should able to Hide Region Colum",
              "fullTitle": "Portfolio Module should able to Hide Region Colum",
              "timedOut": false,
              "duration": 526,
              "state": "failed",
              "speed": null,
              "pass": false,
              "fail": true,
              "pending": false,
              "context": null,
              "code": "await portfolio.clickHideColumsBtn()\nawait portfolio.selectColum('Region')\nconst columnsCount = await portfolio.getTableColumsCount(); \nassert.equal(columnsCount, 6, `Colums count is not Correct.`);\nconst columnsText = await portfolio.getTableColumsAndCheck('Region'); \nassert.equal(columnsText, -1, `Expected Colum is Not Hidden.`);",
              "err": {
                "message": "AssertionError: Colums count is not Correct.",
                "estack": "AssertionError [ERR_ASSERTION]: Colums count is not Correct.\n    at Context.<anonymous> (test/e2e/portfolio/spec-1-portfolio.js:241:12)\n    at process.processTicksAndRejections (node:internal/process/task_queues:95:5)",
                "diff": "- 7\n+ 6\n"
              },
              "uuid": "2cb26015-dc23-4973-81ed-d4ceb771688e",
              "parentUUID": "708d79ee-2ccb-4ec8-aa8a-2bec7371b30e",
              "isHook": false,
              "skipped": false
            },
            {
              "title": "should able to Hide Attachments Colum",
              "fullTitle": "Portfolio Module should able to Hide Attachments Colum",
              "timedOut": false,
              "duration": 558,
              "state": "failed",
              "speed": null,
              "pass": false,
              "fail": true,
              "pending": false,
              "context": null,
              "code": "await portfolio.clickHideColumsBtn()\nawait portfolio.selectColum('Attachments')\nconst columnsCount = await portfolio.getTableColumsCount(); \nassert.equal(columnsCount, 5, `Colums count is not Correct.`);\nconst columnsText = await portfolio.getTableColumsAndCheck('Attachments'); \nassert.equal(columnsText, -1, `Expected Colum is Not Hidden.`);",
              "err": {
                "message": "AssertionError: Colums count is not Correct.",
                "estack": "AssertionError [ERR_ASSERTION]: Colums count is not Correct.\n    at Context.<anonymous> (test/e2e/portfolio/spec-1-portfolio.js:249:12)\n    at process.processTicksAndRejections (node:internal/process/task_queues:95:5)",
                "diff": "- 6\n+ 5\n"
              },
              "uuid": "f42f974a-3ccc-41e5-b79c-e8eff60e480b",
              "parentUUID": "708d79ee-2ccb-4ec8-aa8a-2bec7371b30e",
              "isHook": false,
              "skipped": false
            },
            {
              "title": "should able to Hide Achievements Colum",
              "fullTitle": "Portfolio Module should able to Hide Achievements Colum",
              "timedOut": false,
              "duration": 514,
              "state": "failed",
              "speed": null,
              "pass": false,
              "fail": true,
              "pending": false,
              "context": null,
              "code": "await portfolio.clickHideColumsBtn()\nawait portfolio.selectColum('Achievements')\nconst columnsCount = await portfolio.getTableColumsCount(); \nassert.equal(columnsCount, 4, `Colums count is not Correct.`);\nconst columnsText = await portfolio.getTableColumsAndCheck('Achievements'); \nassert.equal(columnsText, -1, `Expected Colum is Not Hidden.`);",
              "err": {
                "message": "AssertionError: Colums count is not Correct.",
                "estack": "AssertionError [ERR_ASSERTION]: Colums count is not Correct.\n    at Context.<anonymous> (test/e2e/portfolio/spec-1-portfolio.js:257:12)\n    at process.processTicksAndRejections (node:internal/process/task_queues:95:5)",
                "diff": "- 5\n+ 4\n"
              },
              "uuid": "70f9defb-4156-4445-bc19-39269ab876b8",
              "parentUUID": "708d79ee-2ccb-4ec8-aa8a-2bec7371b30e",
              "isHook": false,
              "skipped": false
            },
            {
              "title": "should able to Hide Git Access Colum",
              "fullTitle": "Portfolio Module should able to Hide Git Access Colum",
              "timedOut": false,
              "duration": 556,
              "state": "failed",
              "speed": null,
              "pass": false,
              "fail": true,
              "pending": false,
              "context": null,
              "code": "await portfolio.clickHideColumsBtn()\nawait portfolio.selectColum('Git Access')\nconst columnsCount = await portfolio.getTableColumsCount(); \nassert.equal(columnsCount, 3, `Colums count is not Correct.`);\nconst columnsText = await portfolio.getTableColumsAndCheck('Git Access'); \nassert.equal(columnsText, -1, `Expected Colum is Not Hidden.`);",
              "err": {
                "message": "AssertionError: Colums count is not Correct.",
                "estack": "AssertionError [ERR_ASSERTION]: Colums count is not Correct.\n    at Context.<anonymous> (test/e2e/portfolio/spec-1-portfolio.js:265:12)\n    at process.processTicksAndRejections (node:internal/process/task_queues:95:5)",
                "diff": "- 4\n+ 3\n"
              },
              "uuid": "ff180b24-eef0-44d7-a077-df017d5c485a",
              "parentUUID": "708d79ee-2ccb-4ec8-aa8a-2bec7371b30e",
              "isHook": false,
              "skipped": false
            }
          ],
          "suites": [],
          "passes": [
            "9a070f2e-4459-4aa4-9b6d-57a4dee6a511",
            "39c7c5a2-14e2-4284-b98c-9caa5b90afc0",
            "3a9c8d3e-00be-4ea6-ac4b-881e7e5ec134",
            "f8996844-3e4b-4a25-9f21-4764db790073",
            "e6068acb-e364-49e9-9dc2-80b84b41b2e2",
            "9ab5cfb2-db9e-4f7f-882a-7c84cd98668f",
            "b6eb057f-c6b8-41c2-9209-253d52287339",
            "53de2755-ed0e-43d3-90d1-8845a02ab6eb",
            "9a1e332e-e034-468d-b9d5-3d050c99a84e",
            "1e26ed17-8b25-4e60-9adf-1315bf1ebcde",
            "4adec827-43b3-43f2-b039-311d3d6a3a38",
            "02e5fcdd-9e16-4a56-bfd3-6d8653a5f8c5",
            "424bc9aa-f198-4b01-a2f5-4e8f95a79fbc"
          ],
          "failures": [
            "39892737-0484-4d4a-b43e-f9e34781e9e5",
            "837d16da-802e-4f2c-adf1-be2f9458e6c0",
            "fa2af4b9-a73f-4e01-add5-aa55d81d618d",
            "16655b0c-f323-4621-969f-94ba2ae24782",
            "df55fd1c-aea8-4f52-96a0-d5c187464d2f",
            "00dcfc5c-f205-491d-a4ca-0cfcf94c929a",
            "b9605b34-855e-4ad0-969f-b9c1bcef42d0",
            "2cb26015-dc23-4973-81ed-d4ceb771688e",
            "f42f974a-3ccc-41e5-b79c-e8eff60e480b",
            "70f9defb-4156-4445-bc19-39269ab876b8",
            "ff180b24-eef0-44d7-a077-df017d5c485a"
          ],
          "pending": [],
          "skipped": [],
          "duration": 74343,
          "root": false,
          "rootEmpty": false,
          "_timeout": 100000
        }
      ],
      "passes": [],
      "failures": [],
      "pending": [],
      "skipped": [],
      "duration": 0,
      "root": true,
      "rootEmpty": true,
      "_timeout": 100000
    }
  ],
  "meta": {
    "mocha": {
      "version": "10.2.0"
    },
    "mochawesome": {
      "options": {
        "quiet": false,
        "reportFilename": "mochawesome",
        "saveHtml": true,
        "saveJson": true,
        "consoleReporter": "spec",
        "useInlineDiffs": false,
        "code": true
      },
      "version": "7.1.3"
    },
    "marge": {
      "options": {
        "reportDir": "test/report"
      },
      "version": "6.2.0"
    }
  }
}