{
  "stats": {
    "suites": 10,
    "tests": 60,
    "passes": 59,
    "pending": 0,
    "failures": 1,
    "start": "2024-01-05T06:00:46.207Z",
    "end": "2024-01-05T06:14:19.875Z",
    "duration": 813668,
    "testsRegistered": 195,
    "passPercent": 30.256410256410255,
    "pendingPercent": 0,
    "other": 6,
    "hasOther": true,
    "skipped": 134,
    "hasSkipped": true
  },
  "results": [
    {
      "uuid": "aa30700b-4d51-4412-b673-09595e502ff6",
      "title": "",
      "fullFile": "",
      "file": "",
      "beforeHooks": [],
      "afterHooks": [],
      "tests": [],
      "suites": [
        {
          "uuid": "e5491d06-0ff8-462e-af06-d71521c70542",
          "title": "Pending Evaluations",
          "fullFile": "/home/devops/invohub/resource-engagement/test/e2e/evaluation/spec_1_pendings.js",
          "file": "/test/e2e/evaluation/spec_1_pendings.js",
          "beforeHooks": [
            {
              "title": "\"before all\" hook in \"Pending Evaluations\"",
              "fullTitle": "Pending Evaluations \"before all\" hook in \"Pending Evaluations\"",
              "timedOut": false,
              "duration": 46795,
              "state": null,
              "speed": null,
              "pass": false,
              "fail": false,
              "pending": false,
              "context": null,
              "code": "await utilFun.login(email, password);\nconst url = await utilFun.getUrl();\nassert.equal(url, baseUrl + '/home');\nlet query =[\n    `UPDATE employee_evaluations SET \"incrementType\" = 'annual' WHERE id = 26;`,\n    `UPDATE employee_evaluations SET \"processType\" = NULL WHERE id = 26;`,\n    `UPDATE employee_evaluations SET \"reasonForDefer\" = NULL WHERE id = 26;`,\n    `UPDATE employee_evaluations SET \"processDate\" = NULL WHERE id = 26;`,\n    `UPDATE employee_evaluations SET \"feedback\" = NULL WHERE id = 26;`,\n  `DELETE FROM employee_evaluations WHERE \"employeeId\" = 9742 AND \"incrementType\" = 'designation';`,\n    ];\n    await utilFun.udpateDatabase(query);",
              "err": {},
              "uuid": "bde363ca-bc5b-48da-b7d5-12b02932d302",
              "parentUUID": "e5491d06-0ff8-462e-af06-d71521c70542",
              "isHook": true,
              "skipped": false
            },
            {
              "title": "\"before each\" hook in \"Pending Evaluations\"",
              "fullTitle": "Pending Evaluations \"before each\" hook in \"Pending Evaluations\"",
              "timedOut": false,
              "duration": 3599,
              "state": null,
              "speed": null,
              "pass": false,
              "fail": false,
              "pending": false,
              "context": null,
              "code": "await utilFun.visit(baseUrl + '/evaluation');\nawait utilFun.wait(3000);",
              "err": {},
              "uuid": "e88ceaab-516d-44d0-bf0f-dcd3c49a2fc0",
              "parentUUID": "e5491d06-0ff8-462e-af06-d71521c70542",
              "isHook": true,
              "skipped": false
            }
          ],
          "afterHooks": [],
          "tests": [
            {
              "title": "should check if pending evaluations are showing",
              "fullTitle": "Pending Evaluations should check if pending evaluations are showing",
              "timedOut": false,
              "duration": 40,
              "state": "passed",
              "speed": "medium",
              "pass": true,
              "fail": false,
              "pending": false,
              "context": null,
              "code": "let obj = await evaluation.getAllPendingResourses();\nassert(obj.length > 0, `No Evaluation Found`);",
              "err": {},
              "uuid": "bdce6c9f-f1f6-4922-8a20-f08e15e0c643",
              "parentUUID": "e5491d06-0ff8-462e-af06-d71521c70542",
              "isHook": false,
              "skipped": false
            },
            {
              "title": "should able to filter resoures by name",
              "fullTitle": "Pending Evaluations should able to filter resoures by name",
              "timedOut": false,
              "duration": 2009,
              "state": "passed",
              "speed": "slow",
              "pass": true,
              "fail": false,
              "pending": false,
              "context": null,
              "code": "await evaluation.clickFilterButton();\nawait evaluation.searchName('James Salinas');\nawait utilFun.wait(1000);\nconst name = await evaluation.getResourseName();\nutilFun.assertEql(name, 'James Salinas');",
              "err": {},
              "uuid": "d9aee2f4-55cf-4007-a04c-0d2beb484eb6",
              "parentUUID": "e5491d06-0ff8-462e-af06-d71521c70542",
              "isHook": false,
              "skipped": false
            },
            {
              "title": "should able to filter resoures by Review Type",
              "fullTitle": "Pending Evaluations should able to filter resoures by Review Type",
              "timedOut": false,
              "duration": 1650,
              "state": "passed",
              "speed": "slow",
              "pass": true,
              "fail": false,
              "pending": false,
              "context": null,
              "code": "await evaluation.clickFilterButton();\nawait evaluation.selectReviewType('Annual');\nconst valuesCount = await evaluation.checkValues();\nutilFun.assertEql(valuesCount, 1);",
              "err": {},
              "uuid": "77ca974c-8cdc-4704-8b81-30b09d2f0d4e",
              "parentUUID": "e5491d06-0ff8-462e-af06-d71521c70542",
              "isHook": false,
              "skipped": false
            },
            {
              "title": "should able to filter resoures by Last Increment",
              "fullTitle": "Pending Evaluations should able to filter resoures by Last Increment",
              "timedOut": false,
              "duration": 1527,
              "state": "passed",
              "speed": "slow",
              "pass": true,
              "fail": false,
              "pending": false,
              "context": null,
              "code": "await evaluation.clickFilterButton();\nawait evaluation.selectLastIncrement('N/A');\nconst valuesCount = await evaluation.checkValues();\nutilFun.assertEql(valuesCount, 1);",
              "err": {},
              "uuid": "b81a5865-cc37-48c6-b3b6-0da204f1c384",
              "parentUUID": "e5491d06-0ff8-462e-af06-d71521c70542",
              "isHook": false,
              "skipped": false
            },
            {
              "title": "should able to  copy email from options",
              "fullTitle": "Pending Evaluations should able to  copy email from options",
              "timedOut": false,
              "duration": 6707,
              "state": "passed",
              "speed": "slow",
              "pass": true,
              "fail": false,
              "pending": false,
              "context": null,
              "code": "await evaluation.clickFilterButton();\nawait evaluation.searchName('James Salinas');\nawait utilFun.wait(1000);\nconst name = await evaluation.getResourseName();\nutilFun.assertEql(name, 'James Salinas');\nawait evaluation.clickOptionBtn();\nawait utilFun.wait(1000);\nawait evaluation.selectOption('Copy Email');\nawait utilFun.wait(3000);\nconst alertText = await evaluation.checkAlert();\nutilFun.assertEql(alertText, 'Email address is copied');",
              "err": {},
              "uuid": "b46cdded-49fe-4b26-91b9-559e87463e52",
              "parentUUID": "e5491d06-0ff8-462e-af06-d71521c70542",
              "isHook": false,
              "skipped": false
            },
            {
              "title": "should able to Send Email from options",
              "fullTitle": "Pending Evaluations should able to Send Email from options",
              "timedOut": false,
              "duration": 9240,
              "state": "passed",
              "speed": "slow",
              "pass": true,
              "fail": false,
              "pending": false,
              "context": null,
              "code": "await evaluation.clickFilterButton();\nawait evaluation.searchName('James Salinas');\nawait utilFun.wait(1000);\nconst name = await evaluation.getResourseName();\nutilFun.assertEql(name, 'James Salinas');\nawait evaluation.clickOptionBtn();\nawait utilFun.wait(1000);\nawait evaluation.selectOption('Send Email');\nawait utilFun.wait(1000);\nawait utilFun.switchWindow(1);\nawait utilFun.wait(3000);\nconst url = await utilFun.getUrl();\nassert.equal(url, 'https://mail.google.com/mail/u/0/?fs=1&tf=cm&to=james@robot-mail.com');\nawait utilFun.closeCurrentTab();\nawait utilFun.switchWindow(0);",
              "err": {},
              "uuid": "037c6012-bd1e-4470-a68d-69a12ea043d9",
              "parentUUID": "e5491d06-0ff8-462e-af06-d71521c70542",
              "isHook": false,
              "skipped": false
            },
            {
              "title": "should able to Open Slack DM from options",
              "fullTitle": "Pending Evaluations should able to Open Slack DM from options",
              "timedOut": false,
              "duration": 7304,
              "state": "passed",
              "speed": "slow",
              "pass": true,
              "fail": false,
              "pending": false,
              "context": null,
              "code": "await evaluation.clickFilterButton();\nawait evaluation.searchName('James Salinas');\nawait utilFun.wait(1000);\nconst name = await evaluation.getResourseName();\nutilFun.assertEql(name, 'James Salinas');\nawait evaluation.clickOptionBtn();\nawait utilFun.wait(1000);\nawait evaluation.selectOption('Open Slack DM');\nawait utilFun.wait(1000);\nawait utilFun.switchWindow(1);\nawait utilFun.wait(3000);\nconst url = await utilFun.getUrl();\nassert.equal(url, 'https://invozone.slack.com/?redir=%2Fapp_redirect%3Fchannel%3Dundefined');\nawait utilFun.closeCurrentTab();\nawait utilFun.switchWindow(0);",
              "err": {},
              "uuid": "b07255f3-d8ca-4143-9825-85f91775bed4",
              "parentUUID": "e5491d06-0ff8-462e-af06-d71521c70542",
              "isHook": false,
              "skipped": false
            },
            {
              "title": "should able to see Email from options",
              "fullTitle": "Pending Evaluations should able to see Email from options",
              "timedOut": false,
              "duration": 6411,
              "state": "passed",
              "speed": "slow",
              "pass": true,
              "fail": false,
              "pending": false,
              "context": null,
              "code": "await evaluation.clickFilterButton();\nawait evaluation.searchName('James Salinas');\nawait utilFun.wait(1000);\nconst name = await evaluation.getResourseName();\nutilFun.assertEql(name, 'James Salinas');\nawait evaluation.clickOptionBtn();\nawait utilFun.wait(1000);\nawait evaluation.selectOption('See Email');\nawait utilFun.wait(3000);\nconst email = await evaluation.copyEmail();\nassert.equal(email, 'Email: james@robot-mail.com');",
              "err": {},
              "uuid": "7740b11e-75bc-4825-a21d-97bc3a24f094",
              "parentUUID": "e5491d06-0ff8-462e-af06-d71521c70542",
              "isHook": false,
              "skipped": false
            },
            {
              "title": "should able to copy Phone Number from options",
              "fullTitle": "Pending Evaluations should able to copy Phone Number from options",
              "timedOut": false,
              "duration": 6892,
              "state": "passed",
              "speed": "slow",
              "pass": true,
              "fail": false,
              "pending": false,
              "context": null,
              "code": "await evaluation.clickFilterButton();\nawait evaluation.searchName('James Salinas');\nawait utilFun.wait(1000);\nconst name = await evaluation.getResourseName();\nutilFun.assertEql(name, 'James Salinas');\nawait evaluation.clickOptionBtn();\nawait utilFun.wait(1000);\nawait evaluation.selectOption('Phone Number');\nawait utilFun.wait(3000);\nawait evaluation.copyPhoneNumber();\nconst alertText = await evaluation.checkAlert();\nassert.equal(alertText, 'Phone# is copied successfully');",
              "err": {},
              "uuid": "3023b878-b7ee-418b-8656-3d0cd94aedcf",
              "parentUUID": "e5491d06-0ff8-462e-af06-d71521c70542",
              "isHook": false,
              "skipped": false
            },
            {
              "title": "should able to see Resource Details from options",
              "fullTitle": "Pending Evaluations should able to see Resource Details from options",
              "timedOut": false,
              "duration": 4460,
              "state": "passed",
              "speed": "slow",
              "pass": true,
              "fail": false,
              "pending": false,
              "context": null,
              "code": "await evaluation.clickFilterButton();\nawait evaluation.searchName('James Salinas');\nawait utilFun.wait(1000);\nconst name = await evaluation.getResourseName();\nutilFun.assertEql(name, 'James Salinas');\nawait evaluation.clickResource();\nawait utilFun.wait(1000);\nawait utilFun.switchWindow(1);\nawait utilFun.wait(1000);\nconst url = await utilFun.getUrl();\nassert.equal(url, 'http://localhost:3000/resource-detail/9742?tab=Basic_Information');\nawait utilFun.closeCurrentTab();\nawait utilFun.switchWindow(0);",
              "err": {},
              "uuid": "c0e4f871-2a0e-4a69-bfa2-8adeb55587e7",
              "parentUUID": "e5491d06-0ff8-462e-af06-d71521c70542",
              "isHook": false,
              "skipped": false
            },
            {
              "title": "should able to see employee history",
              "fullTitle": "Pending Evaluations should able to see employee history",
              "timedOut": false,
              "duration": 3175,
              "state": "passed",
              "speed": "slow",
              "pass": true,
              "fail": false,
              "pending": false,
              "context": null,
              "code": "await evaluation.clickFilterButton();\nawait evaluation.searchName('James Salinas');\nawait utilFun.wait(1000);\nconst name = await evaluation.getResourseName();\nutilFun.assertEql(name, 'James Salinas');\nawait evaluation.clickSeeFeedback();\nawait utilFun.wait(1000);\nconst title = await evaluation.checkTitle();\nutilFun.assertEql(title, 'Feedback History of James Salinas');\nawait evaluation.checkSelectedTab();",
              "err": {},
              "uuid": "393ee113-c05b-4cbd-8303-8e739e3fbd62",
              "parentUUID": "e5491d06-0ff8-462e-af06-d71521c70542",
              "isHook": false,
              "skipped": false
            },
            {
              "title": "should able to request a review",
              "fullTitle": "Pending Evaluations should able to request a review",
              "timedOut": false,
              "duration": 7271,
              "state": "passed",
              "speed": "slow",
              "pass": true,
              "fail": false,
              "pending": false,
              "context": null,
              "code": "await evaluation.clickFilterButton();\nawait evaluation.searchName('James Salinas');\nawait utilFun.wait(1000);\nconst name = await evaluation.getResourseName();\nutilFun.assertEql(name, 'James Salinas');\nawait evaluation.clickSeeFeedback();\nawait utilFun.wait(1000);\nawait evaluation.clickSubmittedReview();\nawait evaluation.clickReqReviewBtn();\nawait utilFun.wait(1000);\nawait evaluation.clickHod('Muhammad Bilal Rafaqat');\nawait evaluation.clickSendReqBtn();\nconst alertText = await evaluation.checkAlert();\nutilFun.assertEql(alertText, 'Request is send successfully.');",
              "err": {},
              "uuid": "583328cd-a9a1-4518-825c-64078fa97c2e",
              "parentUUID": "e5491d06-0ff8-462e-af06-d71521c70542",
              "isHook": false,
              "skipped": false
            },
            {
              "title": "should able to give a review",
              "fullTitle": "Pending Evaluations should able to give a review",
              "timedOut": false,
              "duration": 19438,
              "state": "passed",
              "speed": "slow",
              "pass": true,
              "fail": false,
              "pending": false,
              "context": null,
              "code": "const query = [\n  `UPDATE employees SET \"departmentId\" = 9 WHERE id = 9474;`,\n  `UPDATE employees SET \"designationId\" = 83 WHERE id = 9474;`,\n  `UPDATE employees SET \"designation\" = 'Head of Engineering' WHERE id = 9474;`,\n];\nawait utilFun.udpateDatabase(query);\nawait utilFun.refresh();\nawait evaluation.clickFilterButton();\nawait evaluation.searchName('James Salinas');\nawait utilFun.wait(1000);\nconst name = await evaluation.getResourseName();\nutilFun.assertEql(name, 'James Salinas');\nawait evaluation.clickSeeFeedback();\nawait utilFun.wait(1000);\nawait evaluation.clickSubmittedReview();\nawait utilFun.wait(1000);\nawait evaluation.clickAddFeedback();\n// await feedbackForm.enterDate('03092023');\nawait feedbackForm.selectFeedbackDuration('6 Months');\nawait feedbackForm.selectNextReviewType('Annual');\nawait feedbackForm.selectRevisedDesignation('Software Engineer');\nawait feedbackForm.selectRevisedDesignationCategory('Automation');\nawait feedbackForm.typeIncreament('200000');\nawait feedbackForm.typeDescription('testingggg');\nawait feedbackForm.clickSubmit();\nconst alertText = await evaluation.checkAlert();\nutilFun.assertEql(alertText, 'Increment status is updated successfully');",
              "err": {},
              "uuid": "c9b18950-3d2c-4ee4-b76e-c0355275eb14",
              "parentUUID": "e5491d06-0ff8-462e-af06-d71521c70542",
              "isHook": false,
              "skipped": false
            },
            {
              "title": "should able to edit review form",
              "fullTitle": "Pending Evaluations should able to edit review form",
              "timedOut": false,
              "duration": 8978,
              "state": "passed",
              "speed": "slow",
              "pass": true,
              "fail": false,
              "pending": false,
              "context": null,
              "code": "await evaluation.clickFilterButton();\nawait evaluation.searchName('James Salinas');\nawait utilFun.wait(1000);\nconst name = await evaluation.getResourseName();\nutilFun.assertEql(name, 'James Salinas');\nawait evaluation.clickEditForm();\nawait utilFun.wait(1000);\n// await feedbackForm.enterDate('03102023');\nawait feedbackForm.selectFeedbackDuration('3 Months');\nawait feedbackForm.selectNextReviewType('Annual');\nawait feedbackForm.selectRevisedDesignation('Software Engineer');\nawait feedbackForm.typeIncreament('200000');\nawait feedbackForm.typeDescription('updated');\nawait feedbackForm.clickSubmit();\nconst alertText = await evaluation.checkAlert();\nutilFun.assertEql(alertText, 'Increment status is updated successfully');",
              "err": {},
              "uuid": "d40615c5-9589-4bb2-b577-36638b3f6372",
              "parentUUID": "e5491d06-0ff8-462e-af06-d71521c70542",
              "isHook": false,
              "skipped": false
            },
            {
              "title": "should able to defer review",
              "fullTitle": "Pending Evaluations should able to defer review",
              "timedOut": false,
              "duration": 6988,
              "state": "passed",
              "speed": "slow",
              "pass": true,
              "fail": false,
              "pending": false,
              "context": null,
              "code": "const query = [\n  `UPDATE employees SET \"designation\" = 'HR' WHERE id = 9474;`,\n  `UPDATE employees SET \"departmentId\" = 7 WHERE id = 9474;`,\n  `UPDATE employees SET \"designationId\" = 77 WHERE id = 9474;`,\n];\nawait utilFun.udpateDatabase(query);\nawait utilFun.refresh();\nawait evaluation.clickFilterButton();\nawait evaluation.searchName('James Salinas');\nawait utilFun.wait(1000);\nconst name = await evaluation.getResourseName();\nutilFun.assertEql(name, 'James Salinas');\nawait evaluation.clickDefer();\nawait evaluation.clickDeferType();\nawait utilFun.wait(1000);\nawait evaluation.selectDeferType('2 Weeks');\nawait evaluation.typeDeferReason('testing');\nawait evaluation.clickSubmitBtn();\nconst alertText = await evaluation.checkAlert();\nutilFun.assertEql(alertText, 'Increment status is updated successfully');",
              "err": {},
              "uuid": "bbbef918-7d12-471b-83ee-fbbad81a0406",
              "parentUUID": "e5491d06-0ff8-462e-af06-d71521c70542",
              "isHook": false,
              "skipped": false
            },
            {
              "title": "should able to complete review",
              "fullTitle": "Pending Evaluations should able to complete review",
              "timedOut": false,
              "duration": 10315,
              "state": "passed",
              "speed": "slow",
              "pass": true,
              "fail": false,
              "pending": false,
              "context": null,
              "code": "const query = [\n  `UPDATE employees SET \"designation\" = 'HR' WHERE id = 9474;`,\n  `UPDATE employees SET \"departmentId\" = 7 WHERE id = 9474;`,\n  `UPDATE employees SET \"designationId\" = 77 WHERE id = 9474;`,\n  `UPDATE employee_evaluations SET \"processType\" = NULL WHERE id = 26;`,\n  `UPDATE employee_evaluations SET \"reasonForDefer\" = NULL WHERE id = 26;`,\n  `UPDATE employee_evaluations SET \"processDate\" = NULL WHERE id = 26;`,\n];\nawait utilFun.udpateDatabase(query);\nawait utilFun.refresh();\nawait evaluation.clickFilterButton();\nawait evaluation.searchName('James Salinas');\nawait utilFun.wait(1000);\nconst name = await evaluation.getResourseName();\nutilFun.assertEql(name, 'James Salinas');\nawait evaluation.clickComplete();\nawait feedbackForm.enterDate('03102023');\nawait feedbackForm.selectFeedbackDuration('3 Months');\nawait feedbackForm.selectNextReviewType('Annual');\nawait feedbackForm.selectRevisedDesignation('Software Engineer');\nawait feedbackForm.typeIncreament('200000');\nawait feedbackForm.clickSubmit();\nconst alertText = await evaluation.checkAlert();\nutilFun.assertEql(alertText, 'Increment status is updated successfully');",
              "err": {},
              "uuid": "3c532cb5-a4a4-4157-bba4-e19e0098977f",
              "parentUUID": "e5491d06-0ff8-462e-af06-d71521c70542",
              "isHook": false,
              "skipped": false
            }
          ],
          "suites": [],
          "passes": [
            "bdce6c9f-f1f6-4922-8a20-f08e15e0c643",
            "d9aee2f4-55cf-4007-a04c-0d2beb484eb6",
            "77ca974c-8cdc-4704-8b81-30b09d2f0d4e",
            "b81a5865-cc37-48c6-b3b6-0da204f1c384",
            "b46cdded-49fe-4b26-91b9-559e87463e52",
            "037c6012-bd1e-4470-a68d-69a12ea043d9",
            "b07255f3-d8ca-4143-9825-85f91775bed4",
            "7740b11e-75bc-4825-a21d-97bc3a24f094",
            "3023b878-b7ee-418b-8656-3d0cd94aedcf",
            "c0e4f871-2a0e-4a69-bfa2-8adeb55587e7",
            "393ee113-c05b-4cbd-8303-8e739e3fbd62",
            "583328cd-a9a1-4518-825c-64078fa97c2e",
            "c9b18950-3d2c-4ee4-b76e-c0355275eb14",
            "d40615c5-9589-4bb2-b577-36638b3f6372",
            "bbbef918-7d12-471b-83ee-fbbad81a0406",
            "3c532cb5-a4a4-4157-bba4-e19e0098977f"
          ],
          "failures": [],
          "pending": [],
          "skipped": [],
          "duration": 102405,
          "root": false,
          "rootEmpty": false,
          "_timeout": 100000
        },
        {
          "uuid": "9aba576e-0c9b-4cee-b3b1-b4cb23c64bab",
          "title": "Performance Base Evaluations",
          "fullFile": "/home/devops/invohub/resource-engagement/test/e2e/evaluation/spec_2_performance.js",
          "file": "/test/e2e/evaluation/spec_2_performance.js",
          "beforeHooks": [
            {
              "title": "\"before all\" hook in \"Performance Base Evaluations\"",
              "fullTitle": "Performance Base Evaluations \"before all\" hook in \"Performance Base Evaluations\"",
              "timedOut": false,
              "duration": 9043,
              "state": null,
              "speed": null,
              "pass": false,
              "fail": false,
              "pending": false,
              "context": null,
              "code": "await utilFun.loginAccount()\nconst url = await utilFun.getUrl();\nassert.equal(url, baseUrl + '/home');\nlet query = [\n  `UPDATE employee_evaluations SET \"incrementType\" = 'performance' WHERE id = 26;`,\n  `UPDATE employees SET \"designation\" = 'Software Engineer' WHERE id = 9474;`,\n  `UPDATE employees SET \"departmentId\" = 9 WHERE id = 9474;`,\n  `UPDATE employees SET \"designationId\" = 138 WHERE id = 9474;`,\n  `UPDATE employee_evaluations SET \"processType\" = NULL WHERE id = 26;`,\n  `UPDATE employee_evaluations SET \"reasonForDefer\" = NULL WHERE id = 26;`,\n  `UPDATE employee_evaluations SET \"processDate\" = NULL WHERE id = 26;`,\n  `UPDATE employee_evaluations SET \"feedback\" = NULL WHERE id = 26;`,\n];\nawait utilFun.udpateDatabase(query);",
              "err": {},
              "uuid": "7aef00dc-3b1a-4379-a725-a913cd036ad5",
              "parentUUID": "9aba576e-0c9b-4cee-b3b1-b4cb23c64bab",
              "isHook": true,
              "skipped": false
            },
            {
              "title": "\"before each\" hook in \"Performance Base Evaluations\"",
              "fullTitle": "Performance Base Evaluations \"before each\" hook in \"Performance Base Evaluations\"",
              "timedOut": false,
              "duration": 4493,
              "state": null,
              "speed": null,
              "pass": false,
              "fail": false,
              "pending": false,
              "context": null,
              "code": "await utilFun.visit(baseUrl + '/evaluation-performance');\nawait utilFun.wait(4000);",
              "err": {},
              "uuid": "4dbf24de-24d3-42a4-a7fd-fd97830c40cd",
              "parentUUID": "9aba576e-0c9b-4cee-b3b1-b4cb23c64bab",
              "isHook": true,
              "skipped": false
            }
          ],
          "afterHooks": [],
          "tests": [
            {
              "title": "should check if performance evaluations are showing",
              "fullTitle": "Performance Base Evaluations should check if performance evaluations are showing",
              "timedOut": false,
              "duration": 38,
              "state": "passed",
              "speed": "medium",
              "pass": true,
              "fail": false,
              "pending": false,
              "context": null,
              "code": "let obj = await evaluation.getAllPendingResourses();\nassert(obj.length > 0, `No Evaluation Found`);",
              "err": {},
              "uuid": "0f6acc6b-7059-4390-9977-a779ce308b63",
              "parentUUID": "9aba576e-0c9b-4cee-b3b1-b4cb23c64bab",
              "isHook": false,
              "skipped": false
            },
            {
              "title": "should able to filter resoures by name",
              "fullTitle": "Performance Base Evaluations should able to filter resoures by name",
              "timedOut": false,
              "duration": 1908,
              "state": "passed",
              "speed": "slow",
              "pass": true,
              "fail": false,
              "pending": false,
              "context": null,
              "code": "await evaluation.clickFilterButton();\nawait evaluation.searchName('James Salinas');\nawait utilFun.wait(1000);\nconst name = await evaluation.getResourseName();\nutilFun.assertEql(name, 'James Salinas');",
              "err": {},
              "uuid": "2e78a092-c422-4092-8854-340db2572eb3",
              "parentUUID": "9aba576e-0c9b-4cee-b3b1-b4cb23c64bab",
              "isHook": false,
              "skipped": false
            },
            {
              "title": "should able to filter resoures by Last Increment",
              "fullTitle": "Performance Base Evaluations should able to filter resoures by Last Increment",
              "timedOut": false,
              "duration": 1511,
              "state": "passed",
              "speed": "slow",
              "pass": true,
              "fail": false,
              "pending": false,
              "context": null,
              "code": "await evaluation.clickFilterButton();\nawait evaluation.selectLastIncrement('N/A');\nconst valuesCount = await evaluation.checkValues();\nutilFun.assertEql(valuesCount, 1);",
              "err": {},
              "uuid": "30f1da10-b2f1-4bf3-8d6c-6682d4198946",
              "parentUUID": "9aba576e-0c9b-4cee-b3b1-b4cb23c64bab",
              "isHook": false,
              "skipped": false
            },
            {
              "title": "should able to  copy email from options",
              "fullTitle": "Performance Base Evaluations should able to  copy email from options",
              "timedOut": false,
              "duration": 3912,
              "state": "passed",
              "speed": "slow",
              "pass": true,
              "fail": false,
              "pending": false,
              "context": null,
              "code": "await evaluation.clickFilterButton();\nawait evaluation.searchName('James Salinas');\nawait utilFun.wait(1000);\nconst name = await evaluation.getResourseName();\nutilFun.assertEql(name, 'James Salinas');\nawait evaluation.clickOptionBtn();\nawait utilFun.wait(1000);\nawait evaluation.selectOption('Copy Email');\nconst alertText = await evaluation.checkAlert();\nutilFun.assertEql(alertText, 'Email address is copied');",
              "err": {},
              "uuid": "ad557cee-27a3-46c3-9d1b-e9735b8af778",
              "parentUUID": "9aba576e-0c9b-4cee-b3b1-b4cb23c64bab",
              "isHook": false,
              "skipped": false
            },
            {
              "title": "should able to Send Email from options",
              "fullTitle": "Performance Base Evaluations should able to Send Email from options",
              "timedOut": false,
              "duration": 7448,
              "state": "passed",
              "speed": "slow",
              "pass": true,
              "fail": false,
              "pending": false,
              "context": null,
              "code": "await evaluation.clickFilterButton();\nawait evaluation.searchName('James Salinas');\nawait utilFun.wait(1000);\nconst name = await evaluation.getResourseName();\nutilFun.assertEql(name, 'James Salinas');\nawait evaluation.clickOptionBtn();\nawait utilFun.wait(1000);\nawait evaluation.selectOption('Send Email');\nawait utilFun.wait(1000);\nawait utilFun.switchWindow(1);\nawait utilFun.wait(3000);\nconst url = await utilFun.getUrl();\nassert.equal(url, 'https://mail.google.com/mail/u/0/?fs=1&tf=cm&to=james@robot-mail.com');\nawait utilFun.closeCurrentTab();\nawait utilFun.switchWindow(0);",
              "err": {},
              "uuid": "77625f90-13cf-4641-9fdd-ea68c9fdb023",
              "parentUUID": "9aba576e-0c9b-4cee-b3b1-b4cb23c64bab",
              "isHook": false,
              "skipped": false
            },
            {
              "title": "should able to Open Slack DM from options",
              "fullTitle": "Performance Base Evaluations should able to Open Slack DM from options",
              "timedOut": false,
              "duration": 8322,
              "state": "passed",
              "speed": "slow",
              "pass": true,
              "fail": false,
              "pending": false,
              "context": null,
              "code": "await evaluation.clickFilterButton();\nawait evaluation.searchName('James Salinas');\nawait utilFun.wait(1000);\nconst name = await evaluation.getResourseName();\nutilFun.assertEql(name, 'James Salinas');\nawait evaluation.clickOptionBtn();\nawait utilFun.wait(1000);\nawait evaluation.selectOption('Open Slack DM');\nawait utilFun.wait(1000);\nawait utilFun.switchWindow(1);\nawait utilFun.wait(3000);\nconst url = await utilFun.getUrl();\nassert.equal(url, 'https://invozone.slack.com/?redir=%2Fapp_redirect%3Fchannel%3Dundefined');\nawait utilFun.closeCurrentTab();\nawait utilFun.switchWindow(0);",
              "err": {},
              "uuid": "8d9c661d-b22c-42e9-8209-03c27b5c27e1",
              "parentUUID": "9aba576e-0c9b-4cee-b3b1-b4cb23c64bab",
              "isHook": false,
              "skipped": false
            },
            {
              "title": "should able to see Email from options",
              "fullTitle": "Performance Base Evaluations should able to see Email from options",
              "timedOut": false,
              "duration": 7279,
              "state": "passed",
              "speed": "slow",
              "pass": true,
              "fail": false,
              "pending": false,
              "context": null,
              "code": "await evaluation.clickFilterButton();\nawait evaluation.searchName('James Salinas');\nawait utilFun.wait(1000);\nconst name = await evaluation.getResourseName();\nutilFun.assertEql(name, 'James Salinas');\nawait evaluation.clickOptionBtn();\nawait utilFun.wait(1000);\nawait evaluation.selectOption('See Email');\nawait utilFun.wait(4000);\nconst email = await evaluation.copyEmail();\nassert.equal(email, 'Email: james@robot-mail.com');",
              "err": {},
              "uuid": "a5be7513-1bcc-473e-a0c4-a63257031543",
              "parentUUID": "9aba576e-0c9b-4cee-b3b1-b4cb23c64bab",
              "isHook": false,
              "skipped": false
            },
            {
              "title": "should able to copy Phone Number from options",
              "fullTitle": "Performance Base Evaluations should able to copy Phone Number from options",
              "timedOut": false,
              "duration": 6690,
              "state": "passed",
              "speed": "slow",
              "pass": true,
              "fail": false,
              "pending": false,
              "context": null,
              "code": "await evaluation.clickFilterButton();\nawait evaluation.searchName('James Salinas');\nawait utilFun.wait(1000);\nconst name = await evaluation.getResourseName();\nutilFun.assertEql(name, 'James Salinas');\nawait evaluation.clickOptionBtn();\nawait utilFun.wait(1000);\nawait evaluation.selectOption('Phone Number');\nawait utilFun.wait(3000);\nawait evaluation.copyPhoneNumber();\nconst alertText = await evaluation.checkAlert();\nassert.equal(alertText, 'Phone# is copied successfully');",
              "err": {},
              "uuid": "971a5672-a9af-4634-83b6-626cd4f6a73d",
              "parentUUID": "9aba576e-0c9b-4cee-b3b1-b4cb23c64bab",
              "isHook": false,
              "skipped": false
            },
            {
              "title": "should able to see Resource Details from options",
              "fullTitle": "Performance Base Evaluations should able to see Resource Details from options",
              "timedOut": false,
              "duration": 4304,
              "state": "passed",
              "speed": "slow",
              "pass": true,
              "fail": false,
              "pending": false,
              "context": null,
              "code": "await evaluation.clickFilterButton();\nawait evaluation.searchName('James Salinas');\nawait utilFun.wait(1000);\nconst name = await evaluation.getResourseName();\nutilFun.assertEql(name, 'James Salinas');\nawait evaluation.clickResource();\nawait utilFun.wait(1000);\nawait utilFun.switchWindow(1);\nawait utilFun.wait(1000);\nconst url = await utilFun.getUrl();\nassert.equal(url, baseUrl + '/resource-detail/9742?tab=Basic_Information');\nawait utilFun.closeCurrentTab();\nawait utilFun.switchWindow(0);",
              "err": {},
              "uuid": "d4acc734-bb7a-4565-85fa-d57578cb5264",
              "parentUUID": "9aba576e-0c9b-4cee-b3b1-b4cb23c64bab",
              "isHook": false,
              "skipped": false
            },
            {
              "title": "should able to see employee history",
              "fullTitle": "Performance Base Evaluations should able to see employee history",
              "timedOut": false,
              "duration": 3085,
              "state": "passed",
              "speed": "slow",
              "pass": true,
              "fail": false,
              "pending": false,
              "context": null,
              "code": "await evaluation.clickFilterButton();\nawait evaluation.searchName('James Salinas');\nawait utilFun.wait(1000);\nconst name = await evaluation.getResourseName();\nutilFun.assertEql(name, 'James Salinas');\nawait evaluation.clickSeeFeedback();\nawait utilFun.wait(1000);\nconst title = await evaluation.checkTitle();\nutilFun.assertEql(title, 'Feedback History of James Salinas');\nawait evaluation.checkSelectedTab();",
              "err": {},
              "uuid": "95a8bd73-f220-4188-a802-5dbce74d834f",
              "parentUUID": "9aba576e-0c9b-4cee-b3b1-b4cb23c64bab",
              "isHook": false,
              "skipped": false
            },
            {
              "title": "should able to request a review",
              "fullTitle": "Performance Base Evaluations should able to request a review",
              "timedOut": false,
              "duration": 7241,
              "state": "passed",
              "speed": "slow",
              "pass": true,
              "fail": false,
              "pending": false,
              "context": null,
              "code": "await evaluation.clickFilterButton();\nawait evaluation.searchName('James Salinas');\nawait utilFun.wait(1000);\nconst name = await evaluation.getResourseName();\nutilFun.assertEql(name, 'James Salinas');\nawait evaluation.clickSeeFeedback();4\nawait utilFun.wait(1000);\nawait evaluation.clickSubmittedReview();\nawait evaluation.clickReqReviewBtn();\nawait utilFun.wait(1000);\nawait evaluation.clickHod('Muhammad Bilal Rafaqat');\nawait evaluation.clickSendReqBtn();\nconst alertText = await evaluation.checkAlert();\nutilFun.assertEql(alertText, 'Request is send successfully.');",
              "err": {},
              "uuid": "e1f3349f-3dc0-43a8-b9ef-5d1d50926985",
              "parentUUID": "9aba576e-0c9b-4cee-b3b1-b4cb23c64bab",
              "isHook": false,
              "skipped": false
            },
            {
              "title": "should able to give a review",
              "fullTitle": "Performance Base Evaluations should able to give a review",
              "timedOut": false,
              "duration": 12865,
              "state": "passed",
              "speed": "slow",
              "pass": true,
              "fail": false,
              "pending": false,
              "context": null,
              "code": "const query = [\n  `UPDATE employees SET \"departmentId\" = 9 WHERE id = 9474;`,\n  `UPDATE employees SET \"designationId\" = 83 WHERE id = 9474;`,\n  `UPDATE employees SET \"designation\" = 'Head of Engineering' WHERE id = 9474;`,\n];\nawait utilFun.udpateDatabase(query);\nawait utilFun.refresh();\nawait evaluation.clickFilterButton();\nawait evaluation.searchName('James Salinas');\nawait utilFun.wait(1000);\nconst name = await evaluation.getResourseName();\nutilFun.assertEql(name, 'James Salinas');\nawait evaluation.clickSeeFeedback();\nawait utilFun.wait(1000);\nawait evaluation.clickSubmittedReview();\nawait utilFun.wait(1000);\nawait evaluation.clickAddFeedback();\nawait feedbackForm.enterDate('03092023');\nawait feedbackForm.selectFeedbackDuration('6 Months');\nawait feedbackForm.selectNextReviewType('Annual');\nawait feedbackForm.selectRevisedDesignation('Software Engineer');\nawait feedbackForm.typeIncreament('200000');\nawait feedbackForm.typeDescription('testingggg');\nawait feedbackForm.clickSubmit();\nconst alertText = await evaluation.checkAlert();\nutilFun.assertEql(alertText, 'Increment status is updated successfully');",
              "err": {},
              "uuid": "5593e57c-6385-4c28-9285-9a7ced78afac",
              "parentUUID": "9aba576e-0c9b-4cee-b3b1-b4cb23c64bab",
              "isHook": false,
              "skipped": false
            },
            {
              "title": "should able to edit review form",
              "fullTitle": "Performance Base Evaluations should able to edit review form",
              "timedOut": false,
              "duration": 9369,
              "state": "passed",
              "speed": "slow",
              "pass": true,
              "fail": false,
              "pending": false,
              "context": null,
              "code": "await evaluation.clickFilterButton();\nawait evaluation.searchName('James Salinas');\nawait utilFun.wait(1000);\nconst name = await evaluation.getResourseName();\nutilFun.assertEql(name, 'James Salinas');\nawait evaluation.clickEditForm();\nawait utilFun.wait(1000);\nawait feedbackForm.enterDate('03102023');\nawait feedbackForm.selectFeedbackDuration('3 Months');\nawait feedbackForm.selectNextReviewType('Annual');\nawait feedbackForm.selectRevisedDesignation('Software Engineer');\nawait feedbackForm.typeIncreament('200000');\nawait feedbackForm.typeDescription('updated');\nawait feedbackForm.clickSubmit();\nconst alertText = await evaluation.checkAlert();\nutilFun.assertEql(alertText, 'Increment status is updated successfully');",
              "err": {},
              "uuid": "dabc784d-4879-4a31-ac06-e60a8d21357d",
              "parentUUID": "9aba576e-0c9b-4cee-b3b1-b4cb23c64bab",
              "isHook": false,
              "skipped": false
            },
            {
              "title": "should able to defer review",
              "fullTitle": "Performance Base Evaluations should able to defer review",
              "timedOut": false,
              "duration": 6603,
              "state": "passed",
              "speed": "slow",
              "pass": true,
              "fail": false,
              "pending": false,
              "context": null,
              "code": "const query = [\n  `UPDATE employees SET \"designation\" = 'HR' WHERE id = 9474;`,\n  `UPDATE employees SET \"departmentId\" = 7 WHERE id = 9474;`,\n  `UPDATE employees SET \"designationId\" = 77 WHERE id = 9474;`,\n];\nawait utilFun.udpateDatabase(query);\nawait utilFun.refresh();\nawait evaluation.clickFilterButton();\nawait evaluation.searchName('James Salinas');\nawait utilFun.wait(1000);\nconst name = await evaluation.getResourseName();\nutilFun.assertEql(name, 'James Salinas');\nawait evaluation.clickDefer();\nawait evaluation.clickDeferType();\nawait utilFun.wait(1000);\nawait evaluation.selectDeferType('2 Weeks');\nawait evaluation.typeDeferReason('testing');\nawait evaluation.clickSubmitBtn();\nconst alertText = await evaluation.checkAlert();\nutilFun.assertEql(alertText, 'Increment status is updated successfully');",
              "err": {},
              "uuid": "d027ed47-a506-40c7-822e-c0e36208e17f",
              "parentUUID": "9aba576e-0c9b-4cee-b3b1-b4cb23c64bab",
              "isHook": false,
              "skipped": false
            },
            {
              "title": "should able to complete review",
              "fullTitle": "Performance Base Evaluations should able to complete review",
              "timedOut": false,
              "duration": 10646,
              "state": "passed",
              "speed": "slow",
              "pass": true,
              "fail": false,
              "pending": false,
              "context": null,
              "code": "const query = [\n  `UPDATE employees SET \"designation\" = 'HR' WHERE id = 9474;`,\n  `UPDATE employees SET \"departmentId\" = 7 WHERE id = 9474;`,\n  `UPDATE employees SET \"designationId\" = 77 WHERE id = 9474;`,\n  `UPDATE employee_evaluations SET \"processType\" = NULL WHERE id = 26;`,\n  `UPDATE employee_evaluations SET \"reasonForDefer\" = NULL WHERE id = 26;`,\n  `UPDATE employee_evaluations SET \"processDate\" = NULL WHERE id = 26;`,\n];\nawait utilFun.udpateDatabase(query);\nawait utilFun.refresh();\nawait evaluation.clickFilterButton();\nawait evaluation.searchName('James Salinas');\nawait utilFun.wait(1000);\nconst name = await evaluation.getResourseName();\nutilFun.assertEql(name, 'James Salinas');\nawait evaluation.clickComplete();\nawait feedbackForm.enterDate('03102023');\nawait feedbackForm.selectFeedbackDuration('3 Months');\nawait feedbackForm.selectNextReviewType('Annual');\nawait feedbackForm.selectRevisedDesignation('Software Engineer');\nawait feedbackForm.typeIncreament('200000');\nawait feedbackForm.clickSubmit();\nconst alertText = await evaluation.checkAlert();\nutilFun.assertEql(alertText, 'Increment status is updated successfully');",
              "err": {},
              "uuid": "8c49c527-e92c-411a-a4a2-d568574f8ddd",
              "parentUUID": "9aba576e-0c9b-4cee-b3b1-b4cb23c64bab",
              "isHook": false,
              "skipped": false
            }
          ],
          "suites": [],
          "passes": [
            "0f6acc6b-7059-4390-9977-a779ce308b63",
            "2e78a092-c422-4092-8854-340db2572eb3",
            "30f1da10-b2f1-4bf3-8d6c-6682d4198946",
            "ad557cee-27a3-46c3-9d1b-e9735b8af778",
            "77625f90-13cf-4641-9fdd-ea68c9fdb023",
            "8d9c661d-b22c-42e9-8209-03c27b5c27e1",
            "a5be7513-1bcc-473e-a0c4-a63257031543",
            "971a5672-a9af-4634-83b6-626cd4f6a73d",
            "d4acc734-bb7a-4565-85fa-d57578cb5264",
            "95a8bd73-f220-4188-a802-5dbce74d834f",
            "e1f3349f-3dc0-43a8-b9ef-5d1d50926985",
            "5593e57c-6385-4c28-9285-9a7ced78afac",
            "dabc784d-4879-4a31-ac06-e60a8d21357d",
            "d027ed47-a506-40c7-822e-c0e36208e17f",
            "8c49c527-e92c-411a-a4a2-d568574f8ddd"
          ],
          "failures": [],
          "pending": [],
          "skipped": [],
          "duration": 91221,
          "root": false,
          "rootEmpty": false,
          "_timeout": 100000
        },
        {
          "uuid": "20d2cd57-5c76-4c3b-bda5-5c23abf88147",
          "title": "Retention Base Evaluations",
          "fullFile": "/home/devops/invohub/resource-engagement/test/e2e/evaluation/spec_3_retention.js",
          "file": "/test/e2e/evaluation/spec_3_retention.js",
          "beforeHooks": [
            {
              "title": "\"before all\" hook in \"Retention Base Evaluations\"",
              "fullTitle": "Retention Base Evaluations \"before all\" hook in \"Retention Base Evaluations\"",
              "timedOut": false,
              "duration": 9093,
              "state": null,
              "speed": null,
              "pass": false,
              "fail": false,
              "pending": false,
              "context": null,
              "code": "await utilFun.loginAccount()\nconst url = await utilFun.getUrl();\nassert.equal(url, baseUrl + '/home');\nlet query = [\n  `UPDATE employee_evaluations SET \"incrementType\" = 'retention' WHERE id = 26;`,\n  `UPDATE employees SET \"designation\" = 'Software Engineer' WHERE id = 9474;`,\n  `UPDATE employees SET \"departmentId\" = 9 WHERE id = 9474;`,\n  `UPDATE employees SET \"designationId\" = 138 WHERE id = 9474;`,\n  `UPDATE employee_evaluations SET \"processType\" = NULL WHERE id = 26;`,\n  `UPDATE employee_evaluations SET \"reasonForDefer\" = NULL WHERE id = 26;`,\n  `UPDATE employee_evaluations SET \"processDate\" = NULL WHERE id = 26;`,\n  `UPDATE employee_evaluations SET \"feedback\" = NULL WHERE id = 26;`,\n];\nawait utilFun.udpateDatabase(query);",
              "err": {},
              "uuid": "183dd8df-e90a-4db8-81c0-cd55fd13839d",
              "parentUUID": "20d2cd57-5c76-4c3b-bda5-5c23abf88147",
              "isHook": true,
              "skipped": false
            },
            {
              "title": "\"before each\" hook in \"Retention Base Evaluations\"",
              "fullTitle": "Retention Base Evaluations \"before each\" hook in \"Retention Base Evaluations\"",
              "timedOut": false,
              "duration": 4335,
              "state": null,
              "speed": null,
              "pass": false,
              "fail": false,
              "pending": false,
              "context": null,
              "code": "await utilFun.visit(baseUrl + '/evaluation-retention');\nawait utilFun.wait(4000);",
              "err": {},
              "uuid": "f6a69133-2565-44b1-b869-f2595b4f7ba3",
              "parentUUID": "20d2cd57-5c76-4c3b-bda5-5c23abf88147",
              "isHook": true,
              "skipped": false
            }
          ],
          "afterHooks": [],
          "tests": [
            {
              "title": "should check if retention evaluations are showing",
              "fullTitle": "Retention Base Evaluations should check if retention evaluations are showing",
              "timedOut": false,
              "duration": 53,
              "state": "passed",
              "speed": "medium",
              "pass": true,
              "fail": false,
              "pending": false,
              "context": null,
              "code": "let obj = await evaluation.getAllPendingResourses();\nassert(obj.length > 0, `No Evaluation Found`);",
              "err": {},
              "uuid": "b1141a1c-5e0a-441b-8ecf-b1cf4683c339",
              "parentUUID": "20d2cd57-5c76-4c3b-bda5-5c23abf88147",
              "isHook": false,
              "skipped": false
            },
            {
              "title": "should able to filter resoures by name",
              "fullTitle": "Retention Base Evaluations should able to filter resoures by name",
              "timedOut": false,
              "duration": 1832,
              "state": "passed",
              "speed": "slow",
              "pass": true,
              "fail": false,
              "pending": false,
              "context": null,
              "code": "await evaluation.clickFilterButton();\nawait evaluation.searchName('James Salinas');\nawait utilFun.wait(1000);\nconst name = await evaluation.getResourseName();\nutilFun.assertEql(name, 'James Salinas');",
              "err": {},
              "uuid": "d0d1ca06-7692-4681-b429-ec8d866e9dcb",
              "parentUUID": "20d2cd57-5c76-4c3b-bda5-5c23abf88147",
              "isHook": false,
              "skipped": false
            },
            {
              "title": "should able to filter resoures by Last Increment",
              "fullTitle": "Retention Base Evaluations should able to filter resoures by Last Increment",
              "timedOut": false,
              "duration": 1549,
              "state": "passed",
              "speed": "slow",
              "pass": true,
              "fail": false,
              "pending": false,
              "context": null,
              "code": "await evaluation.clickFilterButton();\nawait evaluation.selectLastIncrement('N/A');\nconst valuesCount = await evaluation.checkValues();\nutilFun.assertEql(valuesCount, 1);",
              "err": {},
              "uuid": "d5f21594-e555-402e-8a22-ebe71782bf4c",
              "parentUUID": "20d2cd57-5c76-4c3b-bda5-5c23abf88147",
              "isHook": false,
              "skipped": false
            },
            {
              "title": "should able to  copy email from options",
              "fullTitle": "Retention Base Evaluations should able to  copy email from options",
              "timedOut": false,
              "duration": 4002,
              "state": "passed",
              "speed": "slow",
              "pass": true,
              "fail": false,
              "pending": false,
              "context": null,
              "code": "await evaluation.clickFilterButton();\nawait evaluation.searchName('James Salinas');\nawait utilFun.wait(1000);\nconst name = await evaluation.getResourseName();\nutilFun.assertEql(name, 'James Salinas');\nawait evaluation.clickOptionBtn();\nawait utilFun.wait(1000);\nawait evaluation.selectOption('Copy Email');\nconst alertText = await evaluation.checkAlert();\nutilFun.assertEql(alertText, 'Email address is copied');",
              "err": {},
              "uuid": "bd0ebf21-c684-4352-970e-6313c499de8a",
              "parentUUID": "20d2cd57-5c76-4c3b-bda5-5c23abf88147",
              "isHook": false,
              "skipped": false
            },
            {
              "title": "should able to Send Email from options",
              "fullTitle": "Retention Base Evaluations should able to Send Email from options",
              "timedOut": false,
              "duration": 10380,
              "state": "passed",
              "speed": "slow",
              "pass": true,
              "fail": false,
              "pending": false,
              "context": null,
              "code": "await evaluation.clickFilterButton();\nawait evaluation.searchName('James Salinas');\nawait utilFun.wait(1000);\nconst name = await evaluation.getResourseName();\nutilFun.assertEql(name, 'James Salinas');\nawait evaluation.clickOptionBtn();\nawait utilFun.wait(1000);\nawait evaluation.selectOption('Send Email');\nawait utilFun.wait(1000);\nawait utilFun.switchWindow(1);\nawait utilFun.wait(3000);\nconst url = await utilFun.getUrl();\nassert.equal(url, 'https://mail.google.com/mail/u/0/?fs=1&tf=cm&to=james@robot-mail.com');\nawait utilFun.closeCurrentTab();\nawait utilFun.switchWindow(0);",
              "err": {},
              "uuid": "5d02c488-75f5-4760-aa0d-cb3589730234",
              "parentUUID": "20d2cd57-5c76-4c3b-bda5-5c23abf88147",
              "isHook": false,
              "skipped": false
            },
            {
              "title": "should able to Open Slack DM from options",
              "fullTitle": "Retention Base Evaluations should able to Open Slack DM from options",
              "timedOut": false,
              "duration": 7658,
              "state": "passed",
              "speed": "slow",
              "pass": true,
              "fail": false,
              "pending": false,
              "context": null,
              "code": "await evaluation.clickFilterButton();\nawait evaluation.searchName('James Salinas');\nawait utilFun.wait(1000);\nconst name = await evaluation.getResourseName();\nutilFun.assertEql(name, 'James Salinas');\nawait evaluation.clickOptionBtn();\nawait utilFun.wait(1000);\nawait evaluation.selectOption('Open Slack DM');\nawait utilFun.wait(1000);\nawait utilFun.switchWindow(1);\nawait utilFun.wait(3000);\nconst url = await utilFun.getUrl();\nassert.equal(url, 'https://invozone.slack.com/?redir=%2Fapp_redirect%3Fchannel%3Dundefined');\nawait utilFun.closeCurrentTab();\nawait utilFun.switchWindow(0);",
              "err": {},
              "uuid": "8925506b-1c97-4a74-8efe-aebd5d7c528b",
              "parentUUID": "20d2cd57-5c76-4c3b-bda5-5c23abf88147",
              "isHook": false,
              "skipped": false
            },
            {
              "title": "should able to see Email from options",
              "fullTitle": "Retention Base Evaluations should able to see Email from options",
              "timedOut": false,
              "duration": 7292,
              "state": "passed",
              "speed": "slow",
              "pass": true,
              "fail": false,
              "pending": false,
              "context": null,
              "code": "await evaluation.clickFilterButton();\nawait evaluation.searchName('James Salinas');\nawait utilFun.wait(1000);\nconst name = await evaluation.getResourseName();\nutilFun.assertEql(name, 'James Salinas');\nawait evaluation.clickOptionBtn();\nawait utilFun.wait(1000);\nawait evaluation.selectOption('See Email');\nawait utilFun.wait(4000);\nconst email = await evaluation.copyEmail();\nassert.equal(email, 'Email: james@robot-mail.com');",
              "err": {},
              "uuid": "966af6f4-9091-4f98-ac66-a8bd9d744020",
              "parentUUID": "20d2cd57-5c76-4c3b-bda5-5c23abf88147",
              "isHook": false,
              "skipped": false
            },
            {
              "title": "should able to copy Phone Number from options",
              "fullTitle": "Retention Base Evaluations should able to copy Phone Number from options",
              "timedOut": false,
              "duration": 6760,
              "state": "passed",
              "speed": "slow",
              "pass": true,
              "fail": false,
              "pending": false,
              "context": null,
              "code": "await evaluation.clickFilterButton();\nawait evaluation.searchName('James Salinas');\nawait utilFun.wait(1000);\nconst name = await evaluation.getResourseName();\nutilFun.assertEql(name, 'James Salinas');\nawait evaluation.clickOptionBtn();\nawait utilFun.wait(1000);\nawait evaluation.selectOption('Phone Number');\nawait utilFun.wait(3000);\nawait evaluation.copyPhoneNumber();\nconst alertText = await evaluation.checkAlert();\nassert.equal(alertText, 'Phone# is copied successfully');",
              "err": {},
              "uuid": "dd44bf40-0ae4-497c-86e4-fce3cb8845f6",
              "parentUUID": "20d2cd57-5c76-4c3b-bda5-5c23abf88147",
              "isHook": false,
              "skipped": false
            },
            {
              "title": "should able to see Resource Details from options",
              "fullTitle": "Retention Base Evaluations should able to see Resource Details from options",
              "timedOut": false,
              "duration": 4268,
              "state": "passed",
              "speed": "slow",
              "pass": true,
              "fail": false,
              "pending": false,
              "context": null,
              "code": "await evaluation.clickFilterButton();\nawait evaluation.searchName('James Salinas');\nawait utilFun.wait(1000);\nconst name = await evaluation.getResourseName();\nutilFun.assertEql(name, 'James Salinas');\nawait evaluation.clickResource();\nawait utilFun.wait(1000);\nawait utilFun.switchWindow(1);\nawait utilFun.wait(1000);\nconst url = await utilFun.getUrl();\nassert.equal(url, baseUrl + '/resource-detail/9742?tab=Basic_Information');\nawait utilFun.closeCurrentTab();\nawait utilFun.switchWindow(0);",
              "err": {},
              "uuid": "8f0d5709-4057-4a2d-97a5-d7febf3b19ec",
              "parentUUID": "20d2cd57-5c76-4c3b-bda5-5c23abf88147",
              "isHook": false,
              "skipped": false
            },
            {
              "title": "should able to see employee history",
              "fullTitle": "Retention Base Evaluations should able to see employee history",
              "timedOut": false,
              "duration": 3178,
              "state": "passed",
              "speed": "slow",
              "pass": true,
              "fail": false,
              "pending": false,
              "context": null,
              "code": "await evaluation.clickFilterButton();\nawait evaluation.searchName('James Salinas');\nawait utilFun.wait(1000);\nconst name = await evaluation.getResourseName();\nutilFun.assertEql(name, 'James Salinas');\nawait evaluation.clickSeeFeedback();\nawait utilFun.wait(1000);\nconst title = await evaluation.checkTitle();\nutilFun.assertEql(title, 'Feedback History of James Salinas');\nawait evaluation.checkSelectedTab();",
              "err": {},
              "uuid": "a09992de-d361-41b7-a2ea-aeddc45a0e73",
              "parentUUID": "20d2cd57-5c76-4c3b-bda5-5c23abf88147",
              "isHook": false,
              "skipped": false
            },
            {
              "title": "should able to request a review",
              "fullTitle": "Retention Base Evaluations should able to request a review",
              "timedOut": false,
              "duration": 7347,
              "state": "passed",
              "speed": "slow",
              "pass": true,
              "fail": false,
              "pending": false,
              "context": null,
              "code": "await evaluation.clickFilterButton();\nawait evaluation.searchName('James Salinas');\nawait utilFun.wait(1000);\nconst name = await evaluation.getResourseName();\nutilFun.assertEql(name, 'James Salinas');\nawait evaluation.clickSeeFeedback();\nawait utilFun.wait(1000);\nawait evaluation.clickSubmittedReview();\nawait evaluation.clickReqReviewBtn();\nawait utilFun.wait(1000);\nawait evaluation.clickHod('Muhammad Bilal Rafaqat');\nawait evaluation.clickSendReqBtn();\nconst alertText = await evaluation.checkAlert();\nutilFun.assertEql(alertText, 'Request is send successfully.');",
              "err": {},
              "uuid": "1abb683a-4515-48fe-9ead-786847c96f8b",
              "parentUUID": "20d2cd57-5c76-4c3b-bda5-5c23abf88147",
              "isHook": false,
              "skipped": false
            },
            {
              "title": "should able to give a review",
              "fullTitle": "Retention Base Evaluations should able to give a review",
              "timedOut": false,
              "duration": 12393,
              "state": "passed",
              "speed": "slow",
              "pass": true,
              "fail": false,
              "pending": false,
              "context": null,
              "code": "const query = [\n  `UPDATE employees SET \"departmentId\" = 9 WHERE id = 9474;`,\n  `UPDATE employees SET \"designationId\" = 83 WHERE id = 9474;`,\n  `UPDATE employees SET \"designation\" = 'Head of Engineering' WHERE id = 9474;`,\n];\nawait utilFun.udpateDatabase(query);\nawait utilFun.refresh();\nawait evaluation.clickFilterButton();\nawait evaluation.searchName('James Salinas');\nawait utilFun.wait(1000);\nconst name = await evaluation.getResourseName();\nutilFun.assertEql(name, 'James Salinas');\nawait evaluation.clickSeeFeedback();\nawait utilFun.wait(1000);\nawait evaluation.clickSubmittedReview();\nawait utilFun.wait(1000);\nawait evaluation.clickAddFeedback();\n// await feedbackForm.enterDate('03092023');\nawait feedbackForm.selectFeedbackDuration('6 Months');\nawait feedbackForm.selectNextReviewType('Annual');\nawait feedbackForm.selectRevisedDesignation('Software Engineer');\nawait feedbackForm.typeIncreament('200000');\nawait feedbackForm.typeDescription('testingggg');\nawait feedbackForm.clickSubmit();\nconst alertText = await evaluation.checkAlert();\nutilFun.assertEql(alertText, 'Increment status is updated successfully');",
              "err": {},
              "uuid": "54125fc1-2b2d-4f4c-af5d-a7b282e484a0",
              "parentUUID": "20d2cd57-5c76-4c3b-bda5-5c23abf88147",
              "isHook": false,
              "skipped": false
            },
            {
              "title": "should able to edit review form",
              "fullTitle": "Retention Base Evaluations should able to edit review form",
              "timedOut": false,
              "duration": 9204,
              "state": "passed",
              "speed": "slow",
              "pass": true,
              "fail": false,
              "pending": false,
              "context": null,
              "code": "await evaluation.clickFilterButton();\nawait evaluation.searchName('James Salinas');\nawait utilFun.wait(1000);\nconst name = await evaluation.getResourseName();\nutilFun.assertEql(name, 'James Salinas');\nawait evaluation.clickEditForm();\nawait utilFun.wait(1000);\n// await feedbackForm.enterDate('03102023');\nawait feedbackForm.selectFeedbackDuration('3 Months');\nawait feedbackForm.selectNextReviewType('Annual');\nawait feedbackForm.selectRevisedDesignation('Software Engineer');\nawait feedbackForm.typeIncreament('200000');\nawait feedbackForm.typeDescription('updated');\nawait feedbackForm.clickSubmit();\nconst alertText = await evaluation.checkAlert();\nutilFun.assertEql(alertText, 'Increment status is updated successfully');",
              "err": {},
              "uuid": "b5b362c9-e849-4494-9080-3419e8f8624e",
              "parentUUID": "20d2cd57-5c76-4c3b-bda5-5c23abf88147",
              "isHook": false,
              "skipped": false
            },
            {
              "title": "should able to defer review",
              "fullTitle": "Retention Base Evaluations should able to defer review",
              "timedOut": false,
              "duration": 7436,
              "state": "passed",
              "speed": "slow",
              "pass": true,
              "fail": false,
              "pending": false,
              "context": null,
              "code": "const query = [\n  `UPDATE employees SET \"designation\" = 'HR' WHERE id = 9474;`,\n  `UPDATE employees SET \"departmentId\" = 7 WHERE id = 9474;`,\n  `UPDATE employees SET \"designationId\" = 77 WHERE id = 9474;`,\n];\nawait utilFun.udpateDatabase(query);\nawait utilFun.refresh();\nawait evaluation.clickFilterButton();\nawait evaluation.searchName('James Salinas');\nawait utilFun.wait(1000);\nconst name = await evaluation.getResourseName();\nutilFun.assertEql(name, 'James Salinas');\nawait evaluation.clickDefer();\nawait evaluation.clickDeferType();\nawait utilFun.wait(1000);\nawait evaluation.selectDeferType('2 Weeks');\nawait evaluation.typeDeferReason('testing');\nawait evaluation.clickSubmitBtn();\nconst alertText = await evaluation.checkAlert();\nutilFun.assertEql(alertText, 'Increment status is updated successfully');",
              "err": {},
              "uuid": "58f1096e-78a7-4e44-82c1-edc4c97d277a",
              "parentUUID": "20d2cd57-5c76-4c3b-bda5-5c23abf88147",
              "isHook": false,
              "skipped": false
            },
            {
              "title": "should able to complete review",
              "fullTitle": "Retention Base Evaluations should able to complete review",
              "timedOut": false,
              "duration": 10485,
              "state": "passed",
              "speed": "slow",
              "pass": true,
              "fail": false,
              "pending": false,
              "context": null,
              "code": "const query = [\n  `UPDATE employees SET \"designation\" = 'HR' WHERE id = 9474;`,\n  `UPDATE employees SET \"departmentId\" = 7 WHERE id = 9474;`,\n  `UPDATE employees SET \"designationId\" = 77 WHERE id = 9474;`,\n  `UPDATE employee_evaluations SET \"processType\" = NULL WHERE id = 26;`,\n  `UPDATE employee_evaluations SET \"reasonForDefer\" = NULL WHERE id = 26;`,\n  `UPDATE employee_evaluations SET \"processDate\" = NULL WHERE id = 26;`,\n];\nawait utilFun.udpateDatabase(query);\nawait utilFun.refresh();\nawait evaluation.clickFilterButton();\nawait evaluation.searchName('James Salinas');\nawait utilFun.wait(1000);\nconst name = await evaluation.getResourseName();\nutilFun.assertEql(name, 'James Salinas');\nawait evaluation.clickComplete();\nawait feedbackForm.enterDate('03102023');\nawait feedbackForm.selectFeedbackDuration('3 Months');\nawait feedbackForm.selectNextReviewType('Annual');\nawait feedbackForm.selectRevisedDesignation('Software Engineer');\nawait feedbackForm.typeIncreament('200000');\nawait feedbackForm.clickSubmit();\nconst alertText = await evaluation.checkAlert();\nutilFun.assertEql(alertText, 'Increment status is updated successfully');",
              "err": {},
              "uuid": "01b1a703-5f22-457f-ac52-b087d3f15689",
              "parentUUID": "20d2cd57-5c76-4c3b-bda5-5c23abf88147",
              "isHook": false,
              "skipped": false
            }
          ],
          "suites": [],
          "passes": [
            "b1141a1c-5e0a-441b-8ecf-b1cf4683c339",
            "d0d1ca06-7692-4681-b429-ec8d866e9dcb",
            "d5f21594-e555-402e-8a22-ebe71782bf4c",
            "bd0ebf21-c684-4352-970e-6313c499de8a",
            "5d02c488-75f5-4760-aa0d-cb3589730234",
            "8925506b-1c97-4a74-8efe-aebd5d7c528b",
            "966af6f4-9091-4f98-ac66-a8bd9d744020",
            "dd44bf40-0ae4-497c-86e4-fce3cb8845f6",
            "8f0d5709-4057-4a2d-97a5-d7febf3b19ec",
            "a09992de-d361-41b7-a2ea-aeddc45a0e73",
            "1abb683a-4515-48fe-9ead-786847c96f8b",
            "54125fc1-2b2d-4f4c-af5d-a7b282e484a0",
            "b5b362c9-e849-4494-9080-3419e8f8624e",
            "58f1096e-78a7-4e44-82c1-edc4c97d277a",
            "01b1a703-5f22-457f-ac52-b087d3f15689"
          ],
          "failures": [],
          "pending": [],
          "skipped": [],
          "duration": 93837,
          "root": false,
          "rootEmpty": false,
          "_timeout": 100000
        },
        {
          "uuid": "3d02da22-ac76-439d-968d-749e67148ba5",
          "title": "Evaluations History",
          "fullFile": "/home/devops/invohub/resource-engagement/test/e2e/evaluation/spec_4_history.js",
          "file": "/test/e2e/evaluation/spec_4_history.js",
          "beforeHooks": [
            {
              "title": "\"before all\" hook in \"Evaluations History\"",
              "fullTitle": "Evaluations History \"before all\" hook in \"Evaluations History\"",
              "timedOut": false,
              "duration": 9255,
              "state": null,
              "speed": null,
              "pass": false,
              "fail": false,
              "pending": false,
              "context": null,
              "code": "await utilFun.loginAccount()\nconst url = await utilFun.getUrl();\nassert.equal(url, baseUrl + '/home');\nlet query = [\n  `UPDATE employee_evaluations SET \"processType\" = 'COMPLETE' WHERE id = 26;`,\n  `DELETE FROM employee_evaluations WHERE \"employeeId\" = 9742 AND \"incrementType\" = 'designation';`,\n  `UPDATE employee_evaluations SET \"processDate\" = '2023-03-28 17:32:33.501+05' WHERE id = 26;`,\n];\nawait utilFun.udpateDatabase(query);",
              "err": {},
              "uuid": "d020f943-3163-4895-a0fb-0c100bb58085",
              "parentUUID": "3d02da22-ac76-439d-968d-749e67148ba5",
              "isHook": true,
              "skipped": false
            },
            {
              "title": "\"before each\" hook in \"Evaluations History\"",
              "fullTitle": "Evaluations History \"before each\" hook in \"Evaluations History\"",
              "timedOut": false,
              "duration": 4422,
              "state": null,
              "speed": null,
              "pass": false,
              "fail": false,
              "pending": false,
              "context": null,
              "code": "await utilFun.visit(baseUrl + '/evaluation-history');\nawait utilFun.wait(4000);",
              "err": {},
              "uuid": "dd12beb1-553b-49e3-a42a-d60ce2a46a93",
              "parentUUID": "3d02da22-ac76-439d-968d-749e67148ba5",
              "isHook": true,
              "skipped": false
            }
          ],
          "afterHooks": [],
          "tests": [
            {
              "title": "should check if evaluations history is showing",
              "fullTitle": "Evaluations History should check if evaluations history is showing",
              "timedOut": false,
              "duration": 42,
              "state": "passed",
              "speed": "medium",
              "pass": true,
              "fail": false,
              "pending": false,
              "context": null,
              "code": "let obj = await evaluation.getAllPendingResourses();\nassert(obj.length > 0, `No Evaluation Found`);",
              "err": {},
              "uuid": "8347d386-be19-4028-ae5f-b6723661f6cb",
              "parentUUID": "3d02da22-ac76-439d-968d-749e67148ba5",
              "isHook": false,
              "skipped": false
            },
            {
              "title": "should able to filter resoures by name",
              "fullTitle": "Evaluations History should able to filter resoures by name",
              "timedOut": false,
              "duration": 2270,
              "state": "passed",
              "speed": "slow",
              "pass": true,
              "fail": false,
              "pending": false,
              "context": null,
              "code": "await evaluation.clickFilterButton();\nawait evaluation.searchName('James Salinas');\nawait utilFun.wait(1000);\nconst name = await evaluation.getResourseName();\nutilFun.assertEql(name, 'James Salinas');",
              "err": {},
              "uuid": "d84b7fd7-35a3-4d6a-9d59-464d223af9a1",
              "parentUUID": "3d02da22-ac76-439d-968d-749e67148ba5",
              "isHook": false,
              "skipped": false
            },
            {
              "title": "should able to check review is completed",
              "fullTitle": "Evaluations History should able to check review is completed",
              "timedOut": false,
              "duration": 2132,
              "state": "passed",
              "speed": "slow",
              "pass": true,
              "fail": false,
              "pending": false,
              "context": null,
              "code": "await evaluation.clickFilterButton();\nawait evaluation.searchName('James Salinas');\nawait utilFun.wait(1000);\nconst name = await evaluation.checkProcessState()\nutilFun.assertEql(name, 'Complete');",
              "err": {},
              "uuid": "d8ffbe93-c1de-4113-b535-ae9b22b6d0c2",
              "parentUUID": "3d02da22-ac76-439d-968d-749e67148ba5",
              "isHook": false,
              "skipped": false
            },
            {
              "title": "should able to filter resoures by Review Type",
              "fullTitle": "Evaluations History should able to filter resoures by Review Type",
              "timedOut": false,
              "duration": 1710,
              "state": "passed",
              "speed": "slow",
              "pass": true,
              "fail": false,
              "pending": false,
              "context": null,
              "code": "await evaluation.clickFilterButton();\nawait evaluation.selectReviewType('Annual');\nconst valuesCount = await evaluation.checkValues();\nutilFun.assertEql(valuesCount, 1);",
              "err": {},
              "uuid": "423c4d35-e5f6-49f6-b8a3-7c58e82b54d6",
              "parentUUID": "3d02da22-ac76-439d-968d-749e67148ba5",
              "isHook": false,
              "skipped": false
            },
            {
              "title": "should able to filter resoures by Last Increment",
              "fullTitle": "Evaluations History should able to filter resoures by Last Increment",
              "timedOut": false,
              "duration": 1723,
              "state": "passed",
              "speed": "slow",
              "pass": true,
              "fail": false,
              "pending": false,
              "context": null,
              "code": "await evaluation.clickFilterButton();\nawait evaluation.selectLastIncrement('N/A');\nconst valuesCount = await evaluation.checkValues();\nutilFun.assertEql(valuesCount, 1);",
              "err": {},
              "uuid": "5d7e0f4e-d038-43fc-b8e3-10896d36b9ac",
              "parentUUID": "3d02da22-ac76-439d-968d-749e67148ba5",
              "isHook": false,
              "skipped": false
            },
            {
              "title": "should able to  copy email from options",
              "fullTitle": "Evaluations History should able to  copy email from options",
              "timedOut": false,
              "duration": 4543,
              "state": "passed",
              "speed": "slow",
              "pass": true,
              "fail": false,
              "pending": false,
              "context": null,
              "code": "await evaluation.clickFilterButton();\nawait evaluation.searchName('James Salinas');\nawait utilFun.wait(1000);\nconst name = await evaluation.getResourseName();\nutilFun.assertEql(name, 'James Salinas');\nawait evaluation.clickOptionBtn();\nawait utilFun.wait(1000);\nawait evaluation.selectOption('Copy Email');\nconst alertText = await evaluation.checkAlert();\nutilFun.assertEql(alertText, 'Email address is copied');",
              "err": {},
              "uuid": "081d8f42-93f5-4178-af9f-649422025218",
              "parentUUID": "3d02da22-ac76-439d-968d-749e67148ba5",
              "isHook": false,
              "skipped": false
            },
            {
              "title": "should able to Send Email from options",
              "fullTitle": "Evaluations History should able to Send Email from options",
              "timedOut": false,
              "duration": 7685,
              "state": "passed",
              "speed": "slow",
              "pass": true,
              "fail": false,
              "pending": false,
              "context": null,
              "code": "await evaluation.clickFilterButton();\nawait evaluation.searchName('James Salinas');\nawait utilFun.wait(1000);\nconst name = await evaluation.getResourseName();\nutilFun.assertEql(name, 'James Salinas');\nawait evaluation.clickOptionBtn();\nawait utilFun.wait(1000);\nawait evaluation.selectOption('Send Email');\nawait utilFun.wait(1000);\nawait utilFun.switchWindow(1);\nawait utilFun.wait(3000);\nconst url = await utilFun.getUrl();\nassert.equal(url, 'https://mail.google.com/mail/u/0/?fs=1&tf=cm&to=james@robot-mail.com');\nawait utilFun.closeCurrentTab();\nawait utilFun.switchWindow(0);",
              "err": {},
              "uuid": "8742ad07-980e-4328-bf04-69fbd3ed53fb",
              "parentUUID": "3d02da22-ac76-439d-968d-749e67148ba5",
              "isHook": false,
              "skipped": false
            },
            {
              "title": "should able to Open Slack DM from options",
              "fullTitle": "Evaluations History should able to Open Slack DM from options",
              "timedOut": false,
              "duration": 7846,
              "state": "passed",
              "speed": "slow",
              "pass": true,
              "fail": false,
              "pending": false,
              "context": null,
              "code": "await evaluation.clickFilterButton();\nawait evaluation.searchName('James Salinas');\nawait utilFun.wait(1000);\nconst name = await evaluation.getResourseName();\nutilFun.assertEql(name, 'James Salinas');\nawait evaluation.clickOptionBtn();\nawait utilFun.wait(1000);\nawait evaluation.selectOption('Open Slack DM');\nawait utilFun.wait(1000);\nawait utilFun.switchWindow(1);\nawait utilFun.wait(3000);\nconst url = await utilFun.getUrl();\nassert.equal(url, 'https://invozone.slack.com/?redir=%2Fapp_redirect%3Fchannel%3Dundefined');\nawait utilFun.closeCurrentTab();\nawait utilFun.switchWindow(0);",
              "err": {},
              "uuid": "a86ec81a-25b2-494a-81be-189ac66d9224",
              "parentUUID": "3d02da22-ac76-439d-968d-749e67148ba5",
              "isHook": false,
              "skipped": false
            },
            {
              "title": "should able to see Email from options",
              "fullTitle": "Evaluations History should able to see Email from options",
              "timedOut": false,
              "duration": 7495,
              "state": "passed",
              "speed": "slow",
              "pass": true,
              "fail": false,
              "pending": false,
              "context": null,
              "code": "await evaluation.clickFilterButton();\nawait evaluation.searchName('James Salinas');\nawait utilFun.wait(1000);\nconst name = await evaluation.getResourseName();\nutilFun.assertEql(name, 'James Salinas');\nawait evaluation.clickOptionBtn();\nawait utilFun.wait(1000);\nawait evaluation.selectOption('See Email');\nawait utilFun.wait(4000);\nconst email = await evaluation.copyEmail();\nassert.equal(email, 'Email: james@robot-mail.com');",
              "err": {},
              "uuid": "1eb74ff6-d5b2-44d7-b8e9-518ee6f78f86",
              "parentUUID": "3d02da22-ac76-439d-968d-749e67148ba5",
              "isHook": false,
              "skipped": false
            },
            {
              "title": "should able to copy Phone Number from options",
              "fullTitle": "Evaluations History should able to copy Phone Number from options",
              "timedOut": false,
              "duration": 7106,
[...]
              "err": {},
              "uuid": "e64597b3-2ea3-43a6-911e-2897aa052074",
              "parentUUID": "4eaa099c-3be8-450f-9ce8-4f9ce65dc57a",
              "isHook": false,
              "skipped": true
            },
            {
              "title": "Should verify if resource offBoarding is showning or not",
              "fullTitle": "Resource Offboarding Should verify if resource offBoarding is showning or not",
              "timedOut": false,
              "duration": 0,
              "state": null,
              "speed": null,
              "pass": false,
              "fail": false,
              "pending": false,
              "context": null,
              "code": "await utilFun.visit(baseUrl + '/resource-offboardings');\nawait utilFun.waitForPageLoad()\nawait resources.clickFilterBtn()\nawait resources.searchName('Steve')\nconst names = await resources.getResourceNameTag();\nassert.ok(names.includes('Steve'), `Expected text not found.`);\nconst row = await resourceOffBoarding.getRowText();\nassert.ok(row.includes('Resignation'), `Expected text not found.`);",
              "err": {},
              "uuid": "d73ff71b-e974-4ca7-985b-51f4159dad51",
              "parentUUID": "4eaa099c-3be8-450f-9ce8-4f9ce65dc57a",
              "isHook": false,
              "skipped": true
            },
            {
              "title": "should able to OffBoard Resource by Resignation Pending Discussion",
              "fullTitle": "Resource Offboarding should able to OffBoard Resource by Resignation Pending Discussion",
              "timedOut": false,
              "duration": 0,
              "state": null,
              "speed": null,
              "pass": false,
              "fail": false,
              "pending": false,
              "context": null,
              "code": "let resourceId = await utilFun.getFromDatabase(`SELECT id FROM employees WHERE \"email\" = 'steve@email.com';`)\nif(resourceId.rowCount !== 0){\nlet query = [\n  `DELETE FROM \"boarding_requests\" WHERE \"employeeId\" = ${resourceId.rows[0].id};`,\n  `UPDATE employees SET \"noticeDate\" = NULL WHERE id = ${resourceId.rows[0].id};`,\n  `UPDATE employees SET \"noticeEndDate\" = NULL WHERE id = ${resourceId.rows[0].id};`,\n  `UPDATE employees SET \"jobStatus\" = 'Permanent' WHERE id = ${resourceId.rows[0].id};`,\n  `UPDATE employees SET \"reasonForDeactivation\" = NULL WHERE id = ${resourceId.rows[0].id};`,\n];\nawait utilFun.udpateDatabase(query);\n}\nawait utilFun.visit(baseUrl + '/resources');\nawait utilFun.waitForPageLoad()\nawait resources.clickFilterBtn()\nawait resources.searchName('Steve')\nconst names = await resources.getResourceNameTag();\nassert.ok(names.includes('Steve'), `Expected text not found.`);\nawait resourceOffBoarding.clickOptionBtn();\nawait resourceOffBoarding.selectOption('Offboard Resource');\nawait resourceOffBoarding.clickOkBtn()\nawait resourceOffBoarding.selectOffBoardingStatus('Resignation')\nawait resourceOffBoarding.setEffectiveDate('13112023')\nawait resourceOffBoarding.clickOkBtn()\nconst alertText = await utilFun.checkAlert();\nassert.equal(alertText, 'Resource job status is updated and email has been sent to PM & HOD!!');",
              "err": {},
              "uuid": "2c30cec6-f438-44d2-9cee-1a07fd162095",
              "parentUUID": "4eaa099c-3be8-450f-9ce8-4f9ce65dc57a",
              "isHook": false,
              "skipped": true
            },
            {
              "title": "Should verify if resource offBoarding is showning or not",
              "fullTitle": "Resource Offboarding Should verify if resource offBoarding is showning or not",
              "timedOut": false,
              "duration": 0,
              "state": null,
              "speed": null,
              "pass": false,
              "fail": false,
              "pending": false,
              "context": null,
              "code": "await utilFun.visit(baseUrl + '/resource-offboardings');\nawait utilFun.waitForPageLoad()\nawait resources.clickFilterBtn()\nawait resources.searchName('Steve')\nconst names = await resources.getResourceNameTag();\nassert.ok(names.includes('Steve'), `Expected text not found.`);\nconst row = await resourceOffBoarding.getRowText();\nassert.ok(row.includes('Resignation'), `Expected text not found.`);",
              "err": {},
              "uuid": "b67ba98a-1043-4372-bf0b-01cb78fc14d4",
              "parentUUID": "4eaa099c-3be8-450f-9ce8-4f9ce65dc57a",
              "isHook": false,
              "skipped": true
            },
            {
              "title": "Should able to approve Pending resource offBoarding",
              "fullTitle": "Resource Offboarding Should able to approve Pending resource offBoarding",
              "timedOut": false,
              "duration": 0,
              "state": null,
              "speed": null,
              "pass": false,
              "fail": false,
              "pending": false,
              "context": null,
              "code": "await utilFun.visit(baseUrl + '/upcoming-offboardings');\nawait utilFun.waitForPageLoad()\nawait resources.clickFilterBtn()\nawait resources.searchName('Steve')\nconst names = await resources.getResourceNameTag();\nassert.ok(names.includes('Steve'), `Expected text not found.`);\nconst row = await resourceOffBoarding.getRowText();\nassert.ok(row.includes('Resignation'), `Expected text not found.`);\nawait resourceOffBoarding.selectOffBoardingResponse('Approved')\nawait resourceOffBoarding.setLastDate('14122023')\nawait resourceOffBoarding.clickUpdateBtn()\nconst alertText = await utilFun.checkAlert();\nassert.equal(alertText, 'Resignation request has been approved succesfully!');\nawait resourceOffBoarding.confirmApproveStatus()",
              "err": {},
              "uuid": "7f9f0161-bc98-4d43-a518-86ae582cec42",
              "parentUUID": "4eaa099c-3be8-450f-9ce8-4f9ce65dc57a",
              "isHook": false,
              "skipped": true
            },
            {
              "title": "Should able to Reject Pending resource offBoarding",
              "fullTitle": "Resource Offboarding Should able to Reject Pending resource offBoarding",
              "timedOut": false,
              "duration": 0,
              "state": null,
              "speed": null,
              "pass": false,
              "fail": false,
              "pending": false,
              "context": null,
              "code": "let resourceId = await utilFun.getFromDatabase(`SELECT id FROM employees WHERE \"email\" = 'steve@email.com';`)\nif(resourceId.rowCount !== 0){\nlet query = [\n  `UPDATE boarding_requests SET \"status\" = 'PENDING' WHERE \"employeeId\" = ${resourceId.rows[0].id};`,\n  `UPDATE boarding_requests SET \"noticeEndDate\" = NULL WHERE \"employeeId\" = ${resourceId.rows[0].id};`,\n  `UPDATE boarding_requests SET \"deletedAt\" = NULL WHERE \"employeeId\" = ${resourceId.rows[0].id};`,\n  `UPDATE employees SET \"noticeEndDate\" = NULL WHERE id = ${resourceId.rows[0].id};`,\n  `UPDATE employees SET \"reasonForDeactivation\" = NULL WHERE id = ${resourceId.rows[0].id};`,\n];\nawait utilFun.udpateDatabase(query);\n}\nawait utilFun.visit(baseUrl + '/upcoming-offboardings');\nawait utilFun.waitForPageLoad()\nawait resources.clickFilterBtn()\nawait resources.searchName('Steve')\nconst names = await resources.getResourceNameTag();\nassert.ok(names.includes('Steve'), `Expected text not found.`);\nconst row = await resourceOffBoarding.getRowText();\nassert.ok(row.includes('Resignation'), `Expected text not found.`);\nawait resourceOffBoarding.selectOffBoardingResponse('Rejected')\nawait resourceOffBoarding.enterReason('testing')\nawait resourceOffBoarding.clickUpdateBtn()\nconst alertText = await utilFun.checkAlert();\nassert.equal(alertText, 'Resignation request has been rejected succesfully!');\nawait resourceOffBoarding.confirmRejectStatus()",
              "err": {},
              "uuid": "5603c803-a249-417c-85de-f70b867b7623",
              "parentUUID": "4eaa099c-3be8-450f-9ce8-4f9ce65dc57a",
              "isHook": false,
              "skipped": true
            },
            {
              "title": "should able to OffBoard Resource by Termination",
              "fullTitle": "Resource Offboarding should able to OffBoard Resource by Termination",
              "timedOut": false,
              "duration": 0,
              "state": null,
              "speed": null,
              "pass": false,
              "fail": false,
              "pending": false,
              "context": null,
              "code": "let resourceId = await utilFun.getFromDatabase(`SELECT id FROM employees WHERE \"email\" = 'steve@email.com';`)\nif(resourceId.rowCount !== 0){\nlet query = [\n  `DELETE FROM \"boarding_requests\" WHERE \"employeeId\" = ${resourceId.rows[0].id};`,\n  `UPDATE employees SET \"noticeDate\" = NULL WHERE id = ${resourceId.rows[0].id};`,\n  `UPDATE employees SET \"noticeEndDate\" = NULL WHERE id = ${resourceId.rows[0].id};`,\n  `UPDATE employees SET \"jobStatus\" = 'Permanent' WHERE id = ${resourceId.rows[0].id};`,\n  `UPDATE employees SET \"reasonForDeactivation\" = NULL WHERE id = ${resourceId.rows[0].id};`,\n];\nawait utilFun.udpateDatabase(query);\n}\nawait utilFun.visit(baseUrl + '/resources');\nawait utilFun.waitForPageLoad()\nawait resources.clickFilterBtn()\nawait resources.searchName('Steve')\nconst names = await resources.getResourceNameTag();\nassert.ok(names.includes('Steve'), `Expected text not found.`);\nawait resourceOffBoarding.clickOptionBtn();\nawait resourceOffBoarding.selectOption('Offboard Resource');\nawait resourceOffBoarding.clickOkBtn()\nawait resourceOffBoarding.selectOffBoardingStatus('Termination')\nawait resourceOffBoarding.enterReason('testing')\nawait resourceOffBoarding.setEffectiveDate('13112023')\nawait resourceOffBoarding.setConntractEndDate('14122023')\nawait resourceOffBoarding.clickOkBtn()\nconst alertText = await utilFun.checkAlert();\nassert.equal(alertText, 'Termination request has been approved succesfully!');",
              "err": {},
              "uuid": "9540f564-509b-4e53-9ec8-3cfeb225b086",
              "parentUUID": "4eaa099c-3be8-450f-9ce8-4f9ce65dc57a",
              "isHook": false,
              "skipped": true
            },
            {
              "title": "Should verify if resource offBoarding is showning or not",
              "fullTitle": "Resource Offboarding Should verify if resource offBoarding is showning or not",
              "timedOut": false,
              "duration": 0,
              "state": null,
              "speed": null,
              "pass": false,
              "fail": false,
              "pending": false,
              "context": null,
              "code": "await utilFun.visit(baseUrl + '/resource-offboardings');\nawait utilFun.waitForPageLoad()\nawait resources.clickFilterBtn()\nawait resources.searchName('Steve')\nconst names = await resources.getResourceNameTag();\nassert.ok(names.includes('Steve'), `Expected text not found.`);\nconst row = await resourceOffBoarding.getRowText();\nassert.ok(row.includes('Termination'), `Expected text not found.`);\nawait resourceOffBoarding.confirmApproveStatus()",
              "err": {},
              "uuid": "7e4b7800-6544-4b94-ad25-7652e5e0b76d",
              "parentUUID": "4eaa099c-3be8-450f-9ce8-4f9ce65dc57a",
              "isHook": false,
              "skipped": true
            },
            {
              "title": "Should verify if resource upcoming offBoarding is showning or not",
              "fullTitle": "Resource Offboarding Should verify if resource upcoming offBoarding is showning or not",
              "timedOut": false,
              "duration": 0,
              "state": null,
              "speed": null,
              "pass": false,
              "fail": false,
              "pending": false,
              "context": null,
              "code": "await utilFun.visit(baseUrl + '/upcoming-offboardings');\nawait utilFun.waitForPageLoad()\nawait resources.clickFilterBtn()\nawait resources.searchName('Steve')\nconst names = await resources.getResourceNameTag();\nassert.ok(names.includes('Steve'), `Expected text not found.`);\nconst row = await resourceOffBoarding.getRowText();\nassert.ok(row.includes('Termination'), `Expected text not found.`);\nawait resourceOffBoarding.confirmApproveStatus()",
              "err": {},
              "uuid": "36844071-5d03-4690-99a0-b7e560e1c5e2",
              "parentUUID": "4eaa099c-3be8-450f-9ce8-4f9ce65dc57a",
              "isHook": false,
              "skipped": true
            },
            {
              "title": "should able to OffBoard Resource by End of Service",
              "fullTitle": "Resource Offboarding should able to OffBoard Resource by End of Service",
              "timedOut": false,
              "duration": 0,
              "state": null,
              "speed": null,
              "pass": false,
              "fail": false,
              "pending": false,
              "context": null,
              "code": "let resourceId = await utilFun.getFromDatabase(`SELECT id FROM employees WHERE \"email\" = 'steve@email.com';`)\nif(resourceId.rowCount !== 0){\nlet query = [\n  `DELETE FROM \"boarding_requests\" WHERE \"employeeId\" = ${resourceId.rows[0].id};`,\n  `UPDATE employees SET \"noticeDate\" = NULL WHERE id = ${resourceId.rows[0].id};`,\n  `UPDATE employees SET \"noticeEndDate\" = NULL WHERE id = ${resourceId.rows[0].id};`,\n  `UPDATE employees SET \"jobStatus\" = 'Permanent' WHERE id = ${resourceId.rows[0].id};`,\n  `UPDATE employees SET \"reasonForDeactivation\" = NULL WHERE id = ${resourceId.rows[0].id};`,\n];\nawait utilFun.udpateDatabase(query);\n}\nawait utilFun.visit(baseUrl + '/resources');\nawait utilFun.waitForPageLoad()\nawait resources.clickFilterBtn()\nawait resources.searchName('Steve')\nconst names = await resources.getResourceNameTag();\nassert.ok(names.includes('Steve'), `Expected text not found.`);\nawait resourceOffBoarding.clickOptionBtn();\nawait resourceOffBoarding.selectOption('Offboard Resource');\nawait resourceOffBoarding.clickOkBtn()\nawait resourceOffBoarding.selectOffBoardingStatus('End of Service')\nawait resourceOffBoarding.enterReason('testing')\nawait resourceOffBoarding.setEffectiveDate('13112023')\nawait resourceOffBoarding.setConntractEndDate('14122023')\nawait resourceOffBoarding.clickOkBtn()\nconst alertText = await utilFun.checkAlert();\nassert.equal(alertText, 'End of Service request has been approved succesfully!');",
              "err": {},
              "uuid": "5f3bd32d-964c-4cd0-a7a0-b7bafd736221",
              "parentUUID": "4eaa099c-3be8-450f-9ce8-4f9ce65dc57a",
              "isHook": false,
              "skipped": true
            },
            {
              "title": "Should verify if resource offBoarding is showning or not",
              "fullTitle": "Resource Offboarding Should verify if resource offBoarding is showning or not",
              "timedOut": false,
              "duration": 0,
              "state": null,
              "speed": null,
              "pass": false,
              "fail": false,
              "pending": false,
              "context": null,
              "code": "await utilFun.visit(baseUrl + '/resource-offboardings');\nawait utilFun.waitForPageLoad()\nawait resources.clickFilterBtn()\nawait resources.searchName('Steve')\nconst names = await resources.getResourceNameTag();\nassert.ok(names.includes('Steve'), `Expected text not found.`);\nconst row = await resourceOffBoarding.getRowText();\nassert.ok(row.includes('End of Service'), `Expected text not found.`);\nawait resourceOffBoarding.confirmApproveStatus()",
              "err": {},
              "uuid": "a170a728-5e2d-4fb8-8512-bdf2cbb09cdc",
              "parentUUID": "4eaa099c-3be8-450f-9ce8-4f9ce65dc57a",
              "isHook": false,
              "skipped": true
            },
            {
              "title": "Should verify if resource upcoming offBoarding is showning or not",
              "fullTitle": "Resource Offboarding Should verify if resource upcoming offBoarding is showning or not",
              "timedOut": false,
              "duration": 0,
              "state": null,
              "speed": null,
              "pass": false,
              "fail": false,
              "pending": false,
              "context": null,
              "code": "await utilFun.visit(baseUrl + '/upcoming-offboardings');\nawait utilFun.waitForPageLoad()\nawait resources.clickFilterBtn()\nawait resources.searchName('Steve')\nconst names = await resources.getResourceNameTag();\nassert.ok(names.includes('Steve'), `Expected text not found.`);\nconst row = await resourceOffBoarding.getRowText();\nassert.ok(row.includes('End of Service'), `Expected text not found.`);\nawait resourceOffBoarding.confirmApproveStatus()",
              "err": {},
              "uuid": "42272481-a5ad-4916-a2d0-02882541ded3",
              "parentUUID": "4eaa099c-3be8-450f-9ce8-4f9ce65dc57a",
              "isHook": false,
              "skipped": true
            }
          ],
          "suites": [],
          "passes": [],
          "failures": [],
          "pending": [],
          "skipped": [
            "e64597b3-2ea3-43a6-911e-2897aa052074",
            "d73ff71b-e974-4ca7-985b-51f4159dad51",
            "2c30cec6-f438-44d2-9cee-1a07fd162095",
            "b67ba98a-1043-4372-bf0b-01cb78fc14d4",
            "7f9f0161-bc98-4d43-a518-86ae582cec42",
            "5603c803-a249-417c-85de-f70b867b7623",
            "9540f564-509b-4e53-9ec8-3cfeb225b086",
            "7e4b7800-6544-4b94-ad25-7652e5e0b76d",
            "36844071-5d03-4690-99a0-b7e560e1c5e2",
            "5f3bd32d-964c-4cd0-a7a0-b7bafd736221",
            "a170a728-5e2d-4fb8-8512-bdf2cbb09cdc",
            "42272481-a5ad-4916-a2d0-02882541ded3"
          ],
          "duration": 0,
          "root": false,
          "rootEmpty": false,
          "_timeout": 100000
        }
      ],
      "passes": [],
      "failures": [],
      "pending": [],
      "skipped": [],
      "duration": 0,
      "root": true,
      "rootEmpty": true,
      "_timeout": 100000
    }
  ],
  "meta": {
    "mocha": {
      "version": "10.2.0"
    },
    "mochawesome": {
      "options": {
        "quiet": false,
        "reportFilename": "mochawesome",
        "saveHtml": true,
        "saveJson": true,
        "consoleReporter": "spec",
        "useInlineDiffs": false,
        "code": true
      },
      "version": "7.1.3"
    },
    "marge": {
      "options": {
        "reportDir": "test/report"
      },
      "version": "6.2.0"
    }
  }
}