{
  "stats": {
    "suites": 2,
    "tests": 43,
    "passes": 35,
    "pending": 0,
    "failures": 8,
    "start": "2023-11-14T14:13:44.144Z",
    "end": "2023-11-14T14:20:29.303Z",
    "duration": 405159,
    "testsRegistered": 43,
    "passPercent": 81.3953488372093,
    "pendingPercent": 0,
    "other": 0,
    "hasOther": false,
    "skipped": 0,
    "hasSkipped": false
  },
  "results": [
    {
      "uuid": "202ac8b6-1c64-4485-8610-0df98899563d",
      "title": "",
      "fullFile": "",
      "file": "",
      "beforeHooks": [],
      "afterHooks": [],
      "tests": [],
      "suites": [
        {
          "uuid": "00eefd23-b826-45c4-b470-974e9332decf",
          "title": "My Leaves",
          "fullFile": "/Users/muhammadbilalrafaqat/invohub/resource-engagement/test/e2e/leaves/spec_1_myleaves.js",
          "file": "/test/e2e/leaves/spec_1_myleaves.js",
          "beforeHooks": [
            {
              "title": "\"before all\" hook in \"My Leaves\"",
              "fullTitle": "My Leaves \"before all\" hook in \"My Leaves\"",
              "timedOut": false,
              "duration": 46165,
              "state": null,
              "speed": null,
              "pass": false,
              "fail": false,
              "pending": false,
              "context": null,
              "code": "await utilFun.login(email, password);\n// await utilFun.loginAccount()\nconst url = await utilFun.getUrl();\nassert.equal(url, baseUrl + '/home');\nlet query = [\n  `UPDATE employee_leaves_count SET \"carryForwardedLeaves\" = 0 WHERE \"employeeId\" = 9474;`,\n  `UPDATE employee_leaves_count SET \"casualLeavesEarned\" = 10 WHERE \"employeeId\" = 9474;`,\n  `UPDATE employee_leaves_count SET \"sickLeavesEarned\" = 10 WHERE \"employeeId\" = 9474;`,\n  `UPDATE employee_leaves_count SET \"totalLeavesEarned\" = 20 WHERE \"employeeId\" = 9474;`,\n  `UPDATE employee_leaves_count SET \"casualLeavesAvailed\" = 0 WHERE \"employeeId\" = 9474;`,\n  `UPDATE employee_leaves_count SET \"sickLeavesAvailed\" = 0 WHERE \"employeeId\" = 9474;`,\n  `UPDATE employee_leaves_count SET \"totalLeavesAvailed\" = 0 WHERE \"employeeId\" = 9474;`,\n  `UPDATE employee_leaves_count SET \"totalRemainingLeaves\" = 20 WHERE \"employeeId\" = 9474;`,\n  `UPDATE employee_leaves_count SET \"availedUnPaidLeaves\" = 0 WHERE \"employeeId\" = 9474;`,\n  `DELETE FROM employee_leaves WHERE \"employeeId\" = 9474;`,\n  `UPDATE employees SET \"departmentId\" = 9 WHERE id = 9474;`,\n  `UPDATE employees SET \"designation\" = 'Project Manager' WHERE id = 9474;`,\n];\nawait utilFun.udpateDatabase(query);",
              "err": {},
              "uuid": "ce390e9e-1a2d-4973-a9ec-038c5c618d53",
              "parentUUID": "00eefd23-b826-45c4-b470-974e9332decf",
              "isHook": true,
              "skipped": false
            },
            {
              "title": "\"before each\" hook in \"My Leaves\"",
              "fullTitle": "My Leaves \"before each\" hook in \"My Leaves\"",
              "timedOut": false,
              "duration": 3192,
              "state": null,
              "speed": null,
              "pass": false,
              "fail": false,
              "pending": false,
              "context": null,
              "code": "await utilFun.visit(baseUrl + '/leaves');\nawait utilFun.wait(3000);",
              "err": {},
              "uuid": "bab2e495-6ca5-4c6f-a698-1e173306b443",
              "parentUUID": "00eefd23-b826-45c4-b470-974e9332decf",
              "isHook": true,
              "skipped": false
            }
          ],
          "afterHooks": [],
          "tests": [
            {
              "title": "should should able to view employee leave",
              "fullTitle": "My Leaves should should able to view employee leave",
              "timedOut": false,
              "duration": 2696,
              "state": "passed",
              "speed": "slow",
              "pass": true,
              "fail": false,
              "pending": false,
              "context": null,
              "code": "let query = [\n  `UPDATE employee_leaves_reporting_managers SET \"approvedLeaveStatus\" = 'PENDING' WHERE id = 65;`,\n  `UPDATE employee_leaves SET \"leaveStatus\" = 'PENDING' WHERE id = 53;`,\n  `UPDATE employee_leaves SET \"approvedAt\" = NULL WHERE id = 53;`,\n  `UPDATE employee_leaves SET \"rejectedAt\" = NULL WHERE id = 53;`,\n];\nawait utilFun.udpateDatabase(query);\nawait utilFun.refresh();\nawait myLeaves.clickFilterBtn(1)\nawait myLeaves.filterName('james')\nconst claimTypeText = await myLeaves.checkTableRow(1);\nassert.ok(claimTypeText.includes('James'), `Expected text not found.`);",
              "err": {},
              "uuid": "e50154fa-6bb9-444f-b64f-9281f9647a0a",
              "parentUUID": "00eefd23-b826-45c4-b470-974e9332decf",
              "isHook": false,
              "skipped": false
            },
            {
              "title": "should should able to Approve employee leave",
              "fullTitle": "My Leaves should should able to Approve employee leave",
              "timedOut": false,
              "duration": 3008,
              "state": "passed",
              "speed": "slow",
              "pass": true,
              "fail": false,
              "pending": false,
              "context": null,
              "code": "await myLeaves.clickFilterBtn(1)\nawait myLeaves.filterName('james')\nawait myLeaves.clickApproveBtn()\nawait myLeaves.clickSubmitBtn()\nconst alertText = await myLeaves.checkAlert();\nassert.equal(alertText, 'Leave status updated successfully');",
              "err": {},
              "uuid": "8a1553f1-27d3-4f42-ae8b-422943f0c3fe",
              "parentUUID": "00eefd23-b826-45c4-b470-974e9332decf",
              "isHook": false,
              "skipped": false
            },
            {
              "title": "should able to view employee leave in Approved Tab",
              "fullTitle": "My Leaves should able to view employee leave in Approved Tab",
              "timedOut": false,
              "duration": 2357,
              "state": "passed",
              "speed": "slow",
              "pass": true,
              "fail": false,
              "pending": false,
              "context": null,
              "code": "await myLeaves.clickTab('Approved Leaves')\nawait myLeaves.clickFilterBtn(1)\nawait myLeaves.filterName('james')\nconst claimTypeText = await myLeaves.checkTableRow(1);\nassert.ok(claimTypeText.includes('James'), `Expected text not found.`);",
              "err": {},
              "uuid": "402034a3-ead9-410a-995b-4084a0a4701e",
              "parentUUID": "00eefd23-b826-45c4-b470-974e9332decf",
              "isHook": false,
              "skipped": false
            },
            {
              "title": "should able to Reject employee leave in Approved Tab",
              "fullTitle": "My Leaves should able to Reject employee leave in Approved Tab",
              "timedOut": false,
              "duration": 5785,
              "state": "passed",
              "speed": "slow",
              "pass": true,
              "fail": false,
              "pending": false,
              "context": null,
              "code": "await myLeaves.clickTab('Approved Leaves')\nawait myLeaves.clickFilterBtn(1)\nawait myLeaves.filterName('james')\nconst claimTypeText = await myLeaves.checkTableRow(1);\nassert.ok(claimTypeText.includes('James'), `Expected text not found.`);\nawait myLeaves.clickRejectBtn()\nawait myLeaves.typeRejectReasonAndReject('testing')\nconst alertText = await myLeaves.checkAlert();\nassert.equal(alertText, 'Leave status updated successfully');",
              "err": {},
              "uuid": "9984341e-e64c-4665-928a-cce907bf7647",
              "parentUUID": "00eefd23-b826-45c4-b470-974e9332decf",
              "isHook": false,
              "skipped": false
            },
            {
              "title": "should able to view employee leave in Reject Tab",
              "fullTitle": "My Leaves should able to view employee leave in Reject Tab",
              "timedOut": false,
              "duration": 2352,
              "state": "passed",
              "speed": "slow",
              "pass": true,
              "fail": false,
              "pending": false,
              "context": null,
              "code": "await myLeaves.clickTab('Rejected Leaves')\nawait myLeaves.clickFilterBtn(1)\nawait myLeaves.filterName('james')\nconst claimTypeText = await myLeaves.checkTableRow(1);\nassert.ok(claimTypeText.includes('James'), `Expected text not found.`);",
              "err": {},
              "uuid": "d3dd503b-dac6-42fe-989b-e832cd16bc69",
              "parentUUID": "00eefd23-b826-45c4-b470-974e9332decf",
              "isHook": false,
              "skipped": false
            },
            {
              "title": "should should able to Reject employee leave",
              "fullTitle": "My Leaves should should able to Reject employee leave",
              "timedOut": false,
              "duration": 6304,
              "state": "passed",
              "speed": "slow",
              "pass": true,
              "fail": false,
              "pending": false,
              "context": null,
              "code": "let query = [\n  `UPDATE employee_leaves_reporting_managers SET \"approvedLeaveStatus\" = 'PENDING' WHERE id = 65;`,\n  `UPDATE employee_leaves SET \"leaveStatus\" = 'PENDING' WHERE id = 53;`,\n  `UPDATE employee_leaves SET \"approvedAt\" = NULL WHERE id = 53;`,\n  `UPDATE employee_leaves SET \"rejectedAt\" = NULL WHERE id = 53;`,\n];\nawait utilFun.udpateDatabase(query);\nawait utilFun.refresh();\nawait myLeaves.clickFilterBtn(1)\nawait myLeaves.filterName('james')\nawait myLeaves.clickRejectBtn()\nawait myLeaves.typeRejectReasonAndReject('testing')\nconst alertText = await myLeaves.checkAlert();\nassert.equal(alertText, 'Leave status updated successfully');",
              "err": {},
              "uuid": "8d05b1ce-c8de-48ff-a287-26dc26bcbe08",
              "parentUUID": "00eefd23-b826-45c4-b470-974e9332decf",
              "isHook": false,
              "skipped": false
            },
            {
              "title": "should able to view employee leave in Reject Tab",
              "fullTitle": "My Leaves should able to view employee leave in Reject Tab",
              "timedOut": false,
              "duration": 2359,
              "state": "passed",
              "speed": "slow",
              "pass": true,
              "fail": false,
              "pending": false,
              "context": null,
              "code": "await myLeaves.clickTab('Rejected Leaves')\nawait myLeaves.clickFilterBtn(1)\nawait myLeaves.filterName('james')\nconst claimTypeText = await myLeaves.checkTableRow(1);\nassert.ok(claimTypeText.includes('James'), `Expected text not found.`);",
              "err": {},
              "uuid": "0f432979-48ce-4f72-bd87-27c3a49d2671",
              "parentUUID": "00eefd23-b826-45c4-b470-974e9332decf",
              "isHook": false,
              "skipped": false
            },
            {
              "title": "should able to Approve employee leave in Reject Tab",
              "fullTitle": "My Leaves should able to Approve employee leave in Reject Tab",
              "timedOut": false,
              "duration": 9605,
              "state": "passed",
              "speed": "slow",
              "pass": true,
              "fail": false,
              "pending": false,
              "context": null,
              "code": "await myLeaves.clickTab('Rejected Leaves')\nawait myLeaves.clickFilterBtn(1)\nawait myLeaves.filterName('james')\nconst claimTypeText = await myLeaves.checkTableRow(1);\nassert.ok(claimTypeText.includes('James'), `Expected text not found.`);\nawait myLeaves.clickApproveBtn()\nawait myLeaves.clickSubmitBtn()\nconst alertText = await myLeaves.checkAlert();\nassert.equal(alertText, 'Leave status updated successfully');",
              "err": {},
              "uuid": "19941240-8756-401e-80a7-fbdb5b4a8a15",
              "parentUUID": "00eefd23-b826-45c4-b470-974e9332decf",
              "isHook": false,
              "skipped": false
            },
            {
              "title": "should able to view employee leave in Approved Tab",
              "fullTitle": "My Leaves should able to view employee leave in Approved Tab",
              "timedOut": false,
              "duration": 2384,
              "state": "passed",
              "speed": "slow",
              "pass": true,
              "fail": false,
              "pending": false,
              "context": null,
              "code": "await myLeaves.clickTab('Approved Leaves')\nawait myLeaves.clickFilterBtn(1)\nawait myLeaves.filterName('james')\nconst claimTypeText = await myLeaves.checkTableRow(1);\nassert.ok(claimTypeText.includes('James'), `Expected text not found.`);",
              "err": {},
              "uuid": "aa9595c3-89c3-414b-a192-04f32a1c28a5",
              "parentUUID": "00eefd23-b826-45c4-b470-974e9332decf",
              "isHook": false,
              "skipped": false
            },
            {
              "title": "should check if Leaves counts are showing Correct",
              "fullTitle": "My Leaves should check if Leaves counts are showing Correct",
              "timedOut": false,
              "duration": 108,
              "state": "passed",
              "speed": "slow",
              "pass": true,
              "fail": false,
              "pending": false,
              "context": null,
              "code": "let leaves = await myLeaves.getCasualLeaves();\nassert.equal(leaves, '10/');\nlet leaves1 = await myLeaves.getSickLeaves();\nassert.equal(leaves1, '10/');\nlet leaves2 = await myLeaves.getCarryForwardLeaves();\nassert.equal(leaves2, '0/');\nlet leaves3 = await myLeaves.getUnpaidLeaves();\nassert.equal(leaves3, '0');",
              "err": {},
              "uuid": "c997310c-6832-48eb-86d6-576a8594168c",
              "parentUUID": "00eefd23-b826-45c4-b470-974e9332decf",
              "isHook": false,
              "skipped": false
            },
            {
              "title": "should able to apply Casual full leave",
              "fullTitle": "My Leaves should able to apply Casual full leave",
              "timedOut": false,
              "duration": 5735,
              "state": "passed",
              "speed": "slow",
              "pass": true,
              "fail": false,
              "pending": false,
              "context": null,
              "code": "await myLeaves.clickApplyLeaveBtn();\nawait myLeaves.clickLeaveType();\nawait utilFun.wait(1000);\nawait myLeaves.selectLeaveType('Casual Leave');\nawait myLeaves.clickLeaveCategory();\nawait utilFun.wait(1000);\nawait myLeaves.selectLeaveCategory('Full Leave');\nawait myLeaves.setStartDate('05-09-2023');\nawait utilFun.wait(1000);\nawait myLeaves.setEndDate('05-09-2023');\nawait myLeaves.typeReason('testing');\nawait myLeaves.clickSubmitBtn();\nconst alertText = await myLeaves.checkAlert();\nassert.equal(alertText, 'Leave request created successfully');",
              "err": {},
              "uuid": "701c80e8-1ef4-4242-8287-9b5671b24b76",
              "parentUUID": "00eefd23-b826-45c4-b470-974e9332decf",
              "isHook": false,
              "skipped": false
            },
            {
              "title": "should able to apply Casual First Half leave",
              "fullTitle": "My Leaves should able to apply Casual First Half leave",
              "timedOut": false,
              "duration": 5835,
              "state": "passed",
              "speed": "slow",
              "pass": true,
              "fail": false,
              "pending": false,
              "context": null,
              "code": "await myLeaves.clickApplyLeaveBtn();\nawait myLeaves.clickLeaveType();\nawait utilFun.wait(1000);\nawait myLeaves.selectLeaveType('Casual Leave');\nawait myLeaves.clickLeaveCategory();\nawait utilFun.wait(1000);\nawait myLeaves.selectLeaveCategory('Half Leave');\nawait myLeaves.clickLeaveShift();\nawait utilFun.wait(1000);\nawait myLeaves.selectLeaveShift('First Half');\nawait myLeaves.setStartDate('06-09-2023');\nawait utilFun.wait(1000);\nawait myLeaves.setEndDate('06-09-2023');\nawait myLeaves.typeReason('testing');\nawait myLeaves.clickSubmitBtn();\nconst alertText = await myLeaves.checkAlert();\nassert.equal(alertText, 'Leave request created successfully');",
              "err": {},
              "uuid": "e8442fdd-da5f-4116-bdb0-6a4169933149",
              "parentUUID": "00eefd23-b826-45c4-b470-974e9332decf",
              "isHook": false,
              "skipped": false
            },
            {
              "title": "should able to apply Casual Second Half leave",
              "fullTitle": "My Leaves should able to apply Casual Second Half leave",
              "timedOut": false,
              "duration": 10205,
              "state": "passed",
              "speed": "slow",
              "pass": true,
              "fail": false,
              "pending": false,
              "context": null,
              "code": "await myLeaves.clickApplyLeaveBtn();\nawait myLeaves.clickLeaveType();\nawait utilFun.wait(1000);\nawait myLeaves.selectLeaveType('Casual Leave');\nawait myLeaves.clickLeaveCategory();\nawait utilFun.wait(1000);\nawait myLeaves.selectLeaveCategory('Half Leave');\nawait myLeaves.clickLeaveShift();\nawait utilFun.wait(1000);\nawait myLeaves.selectLeaveShift('Second Half');\nawait myLeaves.setStartDate('07-09-2023');\nawait utilFun.wait(1000);\nawait myLeaves.setEndDate('07-09-2023');\nawait myLeaves.typeReason('testing');\nawait myLeaves.clickSubmitBtn();\nconst alertText = await myLeaves.checkAlert();\nassert.equal(alertText, 'Leave request created successfully');",
              "err": {},
              "uuid": "8553a41d-d595-4c30-a2a4-76421a1c8ac4",
              "parentUUID": "00eefd23-b826-45c4-b470-974e9332decf",
              "isHook": false,
              "skipped": false
            },
            {
              "title": "should able to apply Sick full leave",
              "fullTitle": "My Leaves should able to apply Sick full leave",
              "timedOut": false,
              "duration": 4912,
              "state": "passed",
              "speed": "slow",
              "pass": true,
              "fail": false,
              "pending": false,
              "context": null,
              "code": "await myLeaves.clickApplyLeaveBtn();\nawait myLeaves.clickLeaveType();\nawait utilFun.wait(1000);\nawait myLeaves.selectLeaveType('Sick Leave');\nawait myLeaves.clickLeaveCategory();\nawait utilFun.wait(1000);\nawait myLeaves.selectLeaveCategory('Full Leave');\nawait myLeaves.setStartDate('08-09-2023');\nawait utilFun.wait(1000);\nawait myLeaves.setEndDate('08-09-2023');\nawait myLeaves.typeReason('testing');\nawait myLeaves.clickSubmitBtn();\nconst alertText = await myLeaves.checkAlert();\nassert.equal(alertText, 'Leave request created successfully');",
              "err": {},
              "uuid": "870ecccd-a50b-4aca-9ea6-49977e304f72",
              "parentUUID": "00eefd23-b826-45c4-b470-974e9332decf",
              "isHook": false,
              "skipped": false
            },
            {
              "title": "should able to apply Sick First Half leave",
              "fullTitle": "My Leaves should able to apply Sick First Half leave",
              "timedOut": false,
              "duration": 7117,
              "state": "passed",
              "speed": "slow",
              "pass": true,
              "fail": false,
              "pending": false,
              "context": null,
              "code": "await myLeaves.clickApplyLeaveBtn();\nawait myLeaves.clickLeaveType();\nawait utilFun.wait(1000);\nawait myLeaves.selectLeaveType('Sick Leave');\nawait myLeaves.clickLeaveCategory();\nawait utilFun.wait(1000);\nawait myLeaves.selectLeaveCategory('Half Leave');\nawait myLeaves.clickLeaveShift();\nawait utilFun.wait(1000);\nawait myLeaves.selectLeaveShift('First Half');\nawait myLeaves.setStartDate('09-09-2023');\nawait utilFun.wait(1000);\nawait myLeaves.setEndDate('09-09-2023');\nawait myLeaves.typeReason('testing');\nawait myLeaves.clickSubmitBtn();\nconst alertText = await myLeaves.checkAlert();\nassert.equal(alertText, 'Leave request created successfully');",
              "err": {},
              "uuid": "05d7e269-2067-4aaf-b792-77a4cc4513f1",
              "parentUUID": "00eefd23-b826-45c4-b470-974e9332decf",
              "isHook": false,
              "skipped": false
            },
            {
              "title": "should able to apply Sick Second Half leave",
              "fullTitle": "My Leaves should able to apply Sick Second Half leave",
              "timedOut": false,
              "duration": 6341,
              "state": "passed",
              "speed": "slow",
              "pass": true,
              "fail": false,
              "pending": false,
              "context": null,
              "code": "await myLeaves.clickApplyLeaveBtn();\nawait myLeaves.clickLeaveType();\nawait utilFun.wait(1000);\nawait myLeaves.selectLeaveType('Sick Leave');\nawait myLeaves.clickLeaveCategory();\nawait utilFun.wait(1000);\nawait myLeaves.selectLeaveCategory('Half Leave');\nawait myLeaves.clickLeaveShift();\nawait utilFun.wait(1000);\nawait myLeaves.selectLeaveShift('Second Half');\nawait myLeaves.setStartDate('10-09-2023');\nawait utilFun.wait(1000);\nawait myLeaves.setEndDate('10-09-2023');\nawait myLeaves.typeReason('testing');\nawait myLeaves.clickSubmitBtn();\nconst alertText = await myLeaves.checkAlert();\nassert.equal(alertText, 'Leave request created successfully');",
              "err": {},
              "uuid": "e05f9b7a-1294-4b05-b312-8ecb2d198e9d",
              "parentUUID": "00eefd23-b826-45c4-b470-974e9332decf",
              "isHook": false,
              "skipped": false
            },
            {
              "title": "should able to apply Un-Paid full leave",
              "fullTitle": "My Leaves should able to apply Un-Paid full leave",
              "timedOut": false,
              "duration": 5425,
              "state": "passed",
              "speed": "slow",
              "pass": true,
              "fail": false,
              "pending": false,
              "context": null,
              "code": "await myLeaves.clickApplyLeaveBtn();\nawait myLeaves.clickLeaveType();\nawait utilFun.wait(1000);\nawait myLeaves.selectLeaveType('Un-Paid Leave');\nawait myLeaves.clickLeaveCategory();\nawait utilFun.wait(1000);\nawait myLeaves.selectLeaveCategory('Full Leave');\nawait myLeaves.setStartDate('11-09-2023');\nawait utilFun.wait(1000);\nawait myLeaves.setEndDate('11-09-2023');\nawait myLeaves.typeReason('testing');\nawait myLeaves.clickSubmitBtn();\nconst alertText = await myLeaves.checkAlert();\nassert.equal(alertText, 'Leave request created successfully');",
              "err": {},
              "uuid": "1e5be031-8f3e-4142-beec-7bed8bb99a41",
              "parentUUID": "00eefd23-b826-45c4-b470-974e9332decf",
              "isHook": false,
              "skipped": false
            },
            {
              "title": "should able to apply Un-Paid First Half leave",
              "fullTitle": "My Leaves should able to apply Un-Paid First Half leave",
              "timedOut": false,
              "duration": 6078,
              "state": "passed",
              "speed": "slow",
              "pass": true,
              "fail": false,
              "pending": false,
              "context": null,
              "code": "await myLeaves.clickApplyLeaveBtn();\nawait myLeaves.clickLeaveType();\nawait utilFun.wait(1000);\nawait myLeaves.selectLeaveType('Un-Paid Leave');\nawait myLeaves.clickLeaveCategory();\nawait utilFun.wait(1000);\nawait myLeaves.selectLeaveCategory('Half Leave');\nawait myLeaves.clickLeaveShift();\nawait utilFun.wait(1000);\nawait myLeaves.selectLeaveShift('First Half');\nawait myLeaves.setStartDate('12-09-2023');\nawait utilFun.wait(1000);\nawait myLeaves.setEndDate('12-09-2023');\nawait myLeaves.typeReason('testing');\nawait myLeaves.clickSubmitBtn();\nconst alertText = await myLeaves.checkAlert();\nassert.equal(alertText, 'Leave request created successfully');",
              "err": {},
              "uuid": "b8981877-6850-4c43-8ce3-8639b1ff201c",
              "parentUUID": "00eefd23-b826-45c4-b470-974e9332decf",
              "isHook": false,
              "skipped": false
            },
            {
              "title": "should able to apply Un-Paid Second Half leave",
              "fullTitle": "My Leaves should able to apply Un-Paid Second Half leave",
              "timedOut": false,
              "duration": 5824,
              "state": "passed",
              "speed": "slow",
              "pass": true,
              "fail": false,
              "pending": false,
              "context": null,
              "code": "await myLeaves.clickApplyLeaveBtn();\nawait myLeaves.clickLeaveType();\nawait utilFun.wait(1000);\nawait myLeaves.selectLeaveType('Un-Paid Leave');\nawait myLeaves.clickLeaveCategory();\nawait utilFun.wait(1000);\nawait myLeaves.selectLeaveCategory('Half Leave');\nawait myLeaves.clickLeaveShift();\nawait utilFun.wait(1000);\nawait myLeaves.selectLeaveShift('Second Half');\nawait myLeaves.setStartDate('13-09-2023');\nawait utilFun.wait(1000);\nawait myLeaves.setEndDate('13-09-2023');\nawait myLeaves.typeReason('testing');\nawait myLeaves.clickSubmitBtn();\nconst alertText = await myLeaves.checkAlert();\nassert.equal(alertText, 'Leave request created successfully');",
              "err": {},
              "uuid": "b875e3da-7fa1-4d93-806e-23ef8e0c8ad0",
              "parentUUID": "00eefd23-b826-45c4-b470-974e9332decf",
              "isHook": false,
              "skipped": false
            },
            {
              "title": "should check if Leaves counts are showing Correct",
              "fullTitle": "My Leaves should check if Leaves counts are showing Correct",
              "timedOut": false,
              "duration": 111,
              "state": "passed",
              "speed": "slow",
              "pass": true,
              "fail": false,
              "pending": false,
              "context": null,
              "code": "let leaves = await myLeaves.getCasualLeaves();\nassert.equal(leaves, '8/');\nlet leaves1 = await myLeaves.getSickLeaves();\nassert.equal(leaves1, '8/');\nlet leaves2 = await myLeaves.getCarryForwardLeaves();\nassert.equal(leaves2, '0/');\nlet leaves3 = await myLeaves.getUnpaidLeaves();\nassert.equal(leaves3, '2');",
              "err": {},
              "uuid": "c6e30acc-d2ed-4b04-a424-eb84350b9bf2",
              "parentUUID": "00eefd23-b826-45c4-b470-974e9332decf",
              "isHook": false,
              "skipped": false
            }
          ],
          "suites": [],
          "passes": [
            "e50154fa-6bb9-444f-b64f-9281f9647a0a",
            "8a1553f1-27d3-4f42-ae8b-422943f0c3fe",
            "402034a3-ead9-410a-995b-4084a0a4701e",
            "9984341e-e64c-4665-928a-cce907bf7647",
            "d3dd503b-dac6-42fe-989b-e832cd16bc69",
            "8d05b1ce-c8de-48ff-a287-26dc26bcbe08",
            "0f432979-48ce-4f72-bd87-27c3a49d2671",
            "19941240-8756-401e-80a7-fbdb5b4a8a15",
            "aa9595c3-89c3-414b-a192-04f32a1c28a5",
            "c997310c-6832-48eb-86d6-576a8594168c",
            "701c80e8-1ef4-4242-8287-9b5671b24b76",
            "e8442fdd-da5f-4116-bdb0-6a4169933149",
            "8553a41d-d595-4c30-a2a4-76421a1c8ac4",
            "870ecccd-a50b-4aca-9ea6-49977e304f72",
            "05d7e269-2067-4aaf-b792-77a4cc4513f1",
            "e05f9b7a-1294-4b05-b312-8ecb2d198e9d",
            "1e5be031-8f3e-4142-beec-7bed8bb99a41",
            "b8981877-6850-4c43-8ce3-8639b1ff201c",
            "b875e3da-7fa1-4d93-806e-23ef8e0c8ad0",
            "c6e30acc-d2ed-4b04-a424-eb84350b9bf2"
          ],
          "failures": [],
          "pending": [],
          "skipped": [],
          "duration": 94541,
          "root": false,
          "rootEmpty": false,
          "_timeout": 60000
        },
        {
          "uuid": "08150623-3d73-47c8-af8f-54f2f60429b8",
          "title": "hr dashboard",
          "fullFile": "/Users/muhammadbilalrafaqat/invohub/resource-engagement/test/e2e/leaves/spec_2_hrLeavesDashboard.js",
          "file": "/test/e2e/leaves/spec_2_hrLeavesDashboard.js",
          "beforeHooks": [
            {
              "title": "\"before all\" hook in \"hr dashboard\"",
              "fullTitle": "hr dashboard \"before all\" hook in \"hr dashboard\"",
              "timedOut": false,
              "duration": 24335,
              "state": null,
              "speed": null,
              "pass": false,
              "fail": false,
              "pending": false,
              "context": null,
              "code": "await utilFun.loginAccount()\nconst url = await utilFun.getUrl();\nassert.equal(url, baseUrl + '/home');",
              "err": {},
              "uuid": "c3fad510-47d0-44ba-ae0d-e40b56f27d36",
              "parentUUID": "08150623-3d73-47c8-af8f-54f2f60429b8",
              "isHook": true,
              "skipped": false
            }
          ],
          "afterHooks": [
            {
              "title": "\"after all\" hook in \"hr dashboard\"",
              "fullTitle": "hr dashboard \"after all\" hook in \"hr dashboard\"",
              "timedOut": false,
              "duration": 17,
              "state": null,
              "speed": null,
              "pass": false,
              "fail": false,
              "pending": false,
              "context": null,
              "code": "let query = [\n  `DELETE FROM employee_leaves WHERE \"employeeId\" = 9474;`,\n];\nawait utilFun.udpateDatabase(query);",
              "err": {},
              "uuid": "c41c0abb-eb7b-482d-8550-5d6e02e29838",
              "parentUUID": "08150623-3d73-47c8-af8f-54f2f60429b8",
              "isHook": true,
              "skipped": false
            }
          ],
          "tests": [
            {
              "title": "should check if Leaves counts are showing Correct",
              "fullTitle": "hr dashboard should check if Leaves counts are showing Correct",
              "timedOut": false,
              "duration": 3319,
              "state": "passed",
              "speed": "slow",
              "pass": true,
              "fail": false,
              "pending": false,
              "context": null,
              "code": "let query = [\n  `UPDATE employee_leaves_count SET \"carryForwardedLeaves\" = 0 WHERE \"employeeId\" = 9474;`,\n  `UPDATE employee_leaves_count SET \"casualLeavesEarned\" = 10 WHERE \"employeeId\" = 9474;`,\n  `UPDATE employee_leaves_count SET \"sickLeavesEarned\" = 10 WHERE \"employeeId\" = 9474;`,\n  `UPDATE employee_leaves_count SET \"totalLeavesEarned\" = 20 WHERE \"employeeId\" = 9474;`,\n  `UPDATE employee_leaves_count SET \"casualLeavesAvailed\" = 0 WHERE \"employeeId\" = 9474;`,\n  `UPDATE employee_leaves_count SET \"sickLeavesAvailed\" = 0 WHERE \"employeeId\" = 9474;`,\n  `UPDATE employee_leaves_count SET \"totalLeavesAvailed\" = 0 WHERE \"employeeId\" = 9474;`,\n  `UPDATE employee_leaves_count SET \"totalRemainingLeaves\" = 20 WHERE \"employeeId\" = 9474;`,\n  `UPDATE employee_leaves_count SET \"availedUnPaidLeaves\" = 0 WHERE \"employeeId\" = 9474;`,\n  `DELETE FROM employee_leaves WHERE \"employeeId\" = 9474;`,\n];\nawait utilFun.udpateDatabase(query);\nawait utilFun.visit(baseUrl + '/leaves');\nawait utilFun.wait(3000);\nlet leaves = await myLeaves.getCasualLeaves();\nassert.equal(leaves, '10/');\nlet leaves1 = await myLeaves.getSickLeaves();\nassert.equal(leaves1, '10/');\nlet leaves2 = await myLeaves.getCarryForwardLeaves();\nassert.equal(leaves2, '0/');\nlet leaves3 = await myLeaves.getUnpaidLeaves();\nassert.equal(leaves3, '0');",
              "err": {},
              "uuid": "5b207c62-260b-485f-b58b-92884e1b8df9",
              "parentUUID": "08150623-3d73-47c8-af8f-54f2f60429b8",
              "isHook": false,
              "skipped": false
            },
            {
              "title": "should able to apply Casual full leave",
              "fullTitle": "hr dashboard should able to apply Casual full leave",
              "timedOut": false,
              "duration": 9440,
              "state": "passed",
              "speed": "slow",
              "pass": true,
              "fail": false,
              "pending": false,
              "context": null,
              "code": "await utilFun.visit(baseUrl + '/leaves');\nawait utilFun.wait(3000);\nawait myLeaves.clickApplyLeaveBtn();\nawait myLeaves.clickLeaveType();\nawait utilFun.wait(1000);\nawait myLeaves.selectLeaveType('Casual Leave');\nawait myLeaves.clickLeaveCategory();\nawait utilFun.wait(1000);\nawait myLeaves.selectLeaveCategory('Full Leave');\nawait myLeaves.setStartDate('05-09-2023');\nawait utilFun.wait(1000);\nawait myLeaves.setEndDate('05-09-2023');\nawait myLeaves.typeReason('testing');\nawait myLeaves.clickSubmitBtn();\nawait utilFun.wait(1000);\nconst alertText = await myLeaves.checkAlert();\nassert.equal(alertText, 'Leave request created successfully');",
              "err": {},
              "uuid": "65efb53b-85be-4496-b33e-a299649fb85a",
              "parentUUID": "08150623-3d73-47c8-af8f-54f2f60429b8",
              "isHook": false,
              "skipped": false
            },
            {
              "title": "should able to check if leave is showing in Hr Dashboard",
              "fullTitle": "hr dashboard should able to check if leave is showing in Hr Dashboard",
              "timedOut": false,
              "duration": 4412,
              "state": "passed",
              "speed": "slow",
              "pass": true,
              "fail": false,
              "pending": false,
              "context": null,
              "code": "await utilFun.visit(baseUrl + '/hrDashboard');\nawait utilFun.wait(3000);\nawait hrLeaveDashboard.clickFilterBtn()\nawait hrLeaveDashboard.typeFilterName('Bilal')\nawait utilFun.wait(1000);\nconst leaveText = await hrLeaveDashboard.checkTableRow();\nassert.ok(leaveText.includes('Bilal'), `Expected text not found.`);",
              "err": {},
              "uuid": "97af34fc-edf3-4c39-b757-9104f13ddbff",
              "parentUUID": "08150623-3d73-47c8-af8f-54f2f60429b8",
              "isHook": false,
              "skipped": false
            },
            {
              "title": "should able to Approve Leave",
              "fullTitle": "hr dashboard should able to Approve Leave",
              "timedOut": false,
              "duration": 5727,
              "state": "passed",
              "speed": "slow",
              "pass": true,
              "fail": false,
              "pending": false,
              "context": null,
              "code": "let query = [\n  `UPDATE employee_leaves SET \"leaveStatus\" = 'PENDING' WHERE \"employeeId\" = 9474;`,\n  `UPDATE employee_leaves SET \"approvedAt\" = NULL WHERE \"employeeId\" = 9474;`,\n  `UPDATE employee_leaves SET \"rejectedAt\" = NULL WHERE \"employeeId\" = 9474;`,\n];\nawait utilFun.udpateDatabase(query);\nawait utilFun.visit(baseUrl + '/hrDashboard');\nawait utilFun.wait(3000);\nawait hrLeaveDashboard.clickFilterBtn()\nawait hrLeaveDashboard.typeFilterName('Bilal')\nconst leaveText = await hrLeaveDashboard.checkTableRow();\nassert.ok(leaveText.includes('Bilal'), `Expected text not found.`);\nawait hrLeaveDashboard.clickFilterBtn()\nawait hrLeaveDashboard.clickApproveBtn()\nawait utilFun.wait(1000);\nawait hrLeaveDashboard.clickSubmitBtn()\nawait utilFun.wait(1000);\nconst alertText = await myLeaves.checkAlert();\nassert.equal(alertText, 'Leave status updated successfully');",
              "err": {},
              "uuid": "e5c6d220-bc8f-4616-91de-79469d6919b7",
              "parentUUID": "08150623-3d73-47c8-af8f-54f2f60429b8",
              "isHook": false,
              "skipped": false
            },
            {
              "title": "should able to view employee leave in Approved Tab",
              "fullTitle": "hr dashboard should able to view employee leave in Approved Tab",
              "timedOut": false,
              "duration": 4772,
              "state": "passed",
              "speed": "slow",
              "pass": true,
              "fail": false,
              "pending": false,
              "context": null,
              "code": "await utilFun.visit(baseUrl + '/hrDashboard');\nawait utilFun.wait(3000);\nawait hrLeaveDashboard.clickTab('Approved Leaves')\nawait hrLeaveDashboard.clickFilterBtn()\nawait hrLeaveDashboard.typeFilterName('Bilal')\nawait utilFun.wait(1000);\nconst leaveText = await hrLeaveDashboard.checkTableRow();\nassert.ok(leaveText.includes('Bilal'), `Expected text not found.`);",
              "err": {},
              "uuid": "8e64fa24-3eeb-415d-9f6f-c294bd38137b",
              "parentUUID": "08150623-3d73-47c8-af8f-54f2f60429b8",
              "isHook": false,
              "skipped": false
            },
            {
              "title": "should able to Reject Leave",
              "fullTitle": "hr dashboard should able to Reject Leave",
              "timedOut": false,
              "duration": 4851,
              "state": "passed",
              "speed": "slow",
              "pass": true,
              "fail": false,
              "pending": false,
              "context": null,
              "code": "let query = [\n  `UPDATE employee_leaves SET \"leaveStatus\" = 'PENDING' WHERE \"employeeId\" = 9474;`,\n  `UPDATE employee_leaves SET \"approvedAt\" = NULL WHERE \"employeeId\" = 9474;`,\n  `UPDATE employee_leaves SET \"rejectedAt\" = NULL WHERE \"employeeId\" = 9474;`,\n];\nawait utilFun.udpateDatabase(query);\nawait utilFun.visit(baseUrl + '/hrDashboard');\nawait utilFun.wait(3000);\nawait hrLeaveDashboard.clickFilterBtn()\nawait hrLeaveDashboard.typeFilterName('Bilal')\nconst leaveText = await hrLeaveDashboard.checkTableRow();\nassert.ok(leaveText.includes('Bilal'), `Expected text not found.`);\nawait hrLeaveDashboard.clickRejectBtn()\nawait hrLeaveDashboard.typeRejectReasonAndReject('testing')\nawait utilFun.wait(1000);\nconst alertText = await hrLeaveDashboard.checkAlert();\nassert.equal(alertText, 'Leave status updated successfully');",
              "err": {},
              "uuid": "653402f3-f258-4aa7-851e-3d7639460b5c",
              "parentUUID": "08150623-3d73-47c8-af8f-54f2f60429b8",
              "isHook": false,
              "skipped": false
            },
            {
              "title": "should able to view employee leave in Rejected Tab",
              "fullTitle": "hr dashboard should able to view employee leave in Rejected Tab",
              "timedOut": false,
              "duration": 4709,
              "state": "passed",
              "speed": "slow",
              "pass": true,
              "fail": false,
              "pending": false,
              "context": null,
              "code": "await utilFun.visit(baseUrl + '/hrDashboard');\nawait utilFun.wait(3000);\nawait hrLeaveDashboard.clickTab('Rejected Leaves')\nawait hrLeaveDashboard.clickFilterBtn()\nawait hrLeaveDashboard.typeFilterName('Bilal')\nawait utilFun.wait(1000);\nconst leaveText = await hrLeaveDashboard.checkTableRow();\nassert.ok(leaveText.includes('Bilal'), `Expected text not found.`);",
              "err": {},
              "uuid": "318b3b2e-62b4-4b56-a863-55266c675fb5",
              "parentUUID": "08150623-3d73-47c8-af8f-54f2f60429b8",
              "isHook": false,
              "skipped": false
            },
            {
              "title": "should able to send leave notification to PMs",
              "fullTitle": "hr dashboard should able to send leave notification to PMs",
              "timedOut": false,
              "duration": 5810,
              "state": "passed",
              "speed": "slow",
              "pass": true,
              "fail": false,
              "pending": false,
              "context": null,
              "code": "let query = [\n  `UPDATE employee_leaves SET \"leaveStatus\" = 'PENDING' WHERE \"employeeId\" = 9474;`,\n  `UPDATE employee_leaves SET \"approvedAt\" = NULL WHERE \"employeeId\" = 9474;`,\n  `UPDATE employee_leaves SET \"rejectedAt\" = NULL WHERE \"employeeId\" = 9474;`,\n];\nawait utilFun.udpateDatabase(query);\nawait utilFun.visit(baseUrl + '/hrDashboard');\nawait utilFun.wait(3000);\nawait hrLeaveDashboard.clickFilterBtn()\nawait hrLeaveDashboard.typeFilterName('Bilal')\nconst leaveText = await hrLeaveDashboard.checkTableRow();\nassert.ok(leaveText.includes('Bilal'), `Expected text not found.`);\nawait hrLeaveDashboard.clickSendNotificationBtn()\nawait utilFun.wait(1000);\nconst alertText = await hrLeaveDashboard.checkAlert();\nassert.equal(alertText, 'Notification sent to PMs from which leave is pending');",
              "err": {},
              "uuid": "baa9d0c3-e2ba-48c9-8de1-467524c9fe79",
              "parentUUID": "08150623-3d73-47c8-af8f-54f2f60429b8",
              "isHook": false,
              "skipped": false
            },
            {
              "title": "should able to delete Employee leave",
              "fullTitle": "hr dashboard should able to delete Employee leave",
              "timedOut": false,
              "duration": 3387,
              "state": "failed",
              "speed": null,
              "pass": false,
              "fail": true,
              "pending": false,
              "context": null,
              "code": "await utilFun.visit(baseUrl + '/hrDashboard');\nawait utilFun.wait(3000);\nawait hrLeaveDashboard.clickFilterBtn()\nawait hrLeaveDashboard.typeFilterName('Bilal')\nconst leaveText = await hrLeaveDashboard.checkTableRow();\nassert.ok(leaveText.includes('Bilal'), `Expected text not found.`);\nawait hrLeaveDashboard.clickDeleteBtn()\nawait hrLeaveDashboard.typeDeleteReason('testing')\nawait hrLeaveDashboard.clickSubmitDeleteBtn()\nawait utilFun.wait(1000);\nconst alertText = await hrLeaveDashboard.checkAlert();\nassert.equal(alertText, 'Leave request deleted successfully.');",
              "err": {
                "message": "AssertionError: Expected text not found.",
                "estack": "AssertionError [ERR_ASSERTION]: Expected text not found.\n    at Context.<anonymous> (test/e2e/leaves/spec_2_hrLeavesDashboard.js:158:12)\n    at process.processTicksAndRejections (node:internal/process/task_queues:95:5)",
                "diff": "- false\n+ true\n"
              },
              "uuid": "e5e3b4a8-bae4-47e6-82fc-2e1708c0540f",
              "parentUUID": "08150623-3d73-47c8-af8f-54f2f60429b8",
              "isHook": false,
              "skipped": false
            },
            {
              "title": "should able check if delete leave is showing in Deleted Section",
              "fullTitle": "hr dashboard should able check if delete leave is showing in Deleted Section",
              "timedOut": false,
              "duration": 13273,
              "state": "failed",
              "speed": null,
              "pass": false,
              "fail": true,
              "pending": false,
              "context": null,
              "code": "await utilFun.visit(baseUrl + '/hrDashboard');\nawait utilFun.wait(3000);\nawait hrLeaveDashboard.clickSeeDeletedLeaves()\nawait hrLeaveDashboard.clickFilterBtn()\nawait hrLeaveDashboard.typeFilterName('Bilal')\nawait utilFun.wait(1000);\nconst leaveText = await hrLeaveDashboard.checkTableRow();\nassert.ok(leaveText.includes('Bilal'), `Expected text not found.`);",
              "err": {
                "message": "TimeoutError: Waiting for element to be located By(css selector, [aria-label=\"Click to see the Deleted Leaves\"])\nWait timed out after 10005ms",
                "estack": "TimeoutError: Waiting for element to be located By(css selector, [aria-label=\"Click to see the Deleted Leaves\"])\nWait timed out after 10005ms\n    at /Users/muhammadbilalrafaqat/invohub/resource-engagement/node_modules/selenium-webdriver/lib/webdriver.js:929:17\n    at process.processTicksAndRejections (node:internal/process/task_queues:95:5)",
                "diff": null
              },
              "uuid": "ec7c3edb-8874-4468-adf1-fe60c0ec8afd",
              "parentUUID": "08150623-3d73-47c8-af8f-54f2f60429b8",
              "isHook": false,
              "skipped": false
            },
            {
              "title": "should able to add Compensatory leave to specific employee",
              "fullTitle": "hr dashboard should able to add Compensatory leave to specific employee",
              "timedOut": false,
              "duration": 13269,
              "state": "failed",
              "speed": null,
              "pass": false,
              "fail": true,
              "pending": false,
              "context": null,
              "code": "let query = [\n  `UPDATE employee_leaves_count SET \"casualLeavesAvailed\" = 0 WHERE \"employeeId\" = 9474;`,\n  `UPDATE employee_leaves_count SET \"casualLeavesEarned\" = 10 WHERE \"employeeId\" = 9474;`,\n];\nawait utilFun.udpateDatabase(query);\nawait utilFun.visit(baseUrl + '/hrDashboard');\nawait utilFun.wait(3000);\nawait hrLeaveDashboard.clickCompLeaveBtn()\nawait hrLeaveDashboard.selectResource('Muhammad Bilal Rafaqat')\nawait utilFun.wait(1000);\nawait hrLeaveDashboard.setStartDate('10-09-2023');\nawait utilFun.wait(1000);\nawait hrLeaveDashboard.setEndDate('10-09-2023');\nawait myLeaves.typeReason('testing');\nawait hrLeaveDashboard.clickSubmitBtn();\nawait utilFun.wait(1000);\nconst alertText = await myLeaves.checkAlert();\nassert.equal(alertText, 'Compensatory leave added successfully');",
              "err": {
                "message": "TimeoutError: Waiting for element to be located By(css selector, [aria-label=\"Click to Add Compensatory Leaves\"])\nWait timed out after 10019ms",
                "estack": "TimeoutError: Waiting for element to be located By(css selector, [aria-label=\"Click to Add Compensatory Leaves\"])\nWait timed out after 10019ms\n    at /Users/muhammadbilalrafaqat/invohub/resource-engagement/node_modules/selenium-webdriver/lib/webdriver.js:929:17\n    at process.processTicksAndRejections (node:internal/process/task_queues:95:5)",
                "diff": null
              },
              "uuid": "b6a2ad4e-d917-4dd4-a1b4-cf662889300a",
              "parentUUID": "08150623-3d73-47c8-af8f-54f2f60429b8",
              "isHook": false,
              "skipped": false
            },
            {
              "title": "should check if Leave is Added",
              "fullTitle": "hr dashboard should check if Leave is Added",
              "timedOut": false,
              "duration": 3236,
              "state": "failed",
              "speed": null,
              "pass": false,
              "fail": true,
              "pending": false,
              "context": null,
              "code": "await utilFun.visit(baseUrl + '/leaves');\nawait utilFun.wait(3000);\nlet leaves = await myLeaves.getCasualLeaves();\nassert.equal(leaves, '11/');",
              "err": {
                "message": "AssertionError: '10/' == '11/'",
                "estack": "AssertionError [ERR_ASSERTION]: '10/' == '11/'\n    at Context.<anonymous> (test/e2e/leaves/spec_2_hrLeavesDashboard.js:200:12)\n    at process.processTicksAndRejections (node:internal/process/task_queues:95:5)",
                "diff": "- 10/\n+ 11/\n"
              },
              "uuid": "8b95ee60-a577-4fe2-88cf-192aaf93fae1",
              "parentUUID": "08150623-3d73-47c8-af8f-54f2f60429b8",
              "isHook": false,
              "skipped": false
            },
            {
              "title": "should able to add Compensatory leave to all employee",
              "fullTitle": "hr dashboard should able to add Compensatory leave to all employee",
              "timedOut": false,
              "duration": 7836,
              "state": "passed",
              "speed": "slow",
              "pass": true,
              "fail": false,
              "pending": false,
              "context": null,
              "code": "let query = [\n  `UPDATE employee_leaves_count SET \"casualLeavesAvailed\" = 0 WHERE \"employeeId\" = 9474;`,\n  `UPDATE employee_leaves_count SET \"casualLeavesEarned\" = 10 WHERE \"employeeId\" = 9474;`,\n];\nawait utilFun.udpateDatabase(query);\nawait utilFun.visit(baseUrl + '/hrDashboard');\nawait utilFun.wait(3000);\nawait hrLeaveDashboard.clickCompLeaveBtn()\nawait hrLeaveDashboard.clickSelectAllRadioBtn()\nawait utilFun.wait(1000);\nawait hrLeaveDashboard.setStartDate('10-09-2023');\nawait utilFun.wait(1000);\nawait hrLeaveDashboard.setEndDate('10-09-2023');\nawait myLeaves.typeReason('testing');\nawait hrLeaveDashboard.clickSubmitBtn();\nawait utilFun.wait(1000);\nconst alertText = await myLeaves.checkAlert();\nassert.equal(alertText, 'Compensatory leave added successfully');",
              "err": {},
              "uuid": "1cf7abd8-af87-4fb5-a060-d0f93a644d01",
              "parentUUID": "08150623-3d73-47c8-af8f-54f2f60429b8",
              "isHook": false,
              "skipped": false
            },
            {
              "title": "should check if Leave is Added",
              "fullTitle": "hr dashboard should check if Leave is Added",
              "timedOut": false,
              "duration": 3205,
              "state": "passed",
              "speed": "slow",
              "pass": true,
              "fail": false,
              "pending": false,
              "context": null,
              "code": "await utilFun.visit(baseUrl + '/leaves');\nawait utilFun.wait(3000);\nlet leaves = await myLeaves.getCasualLeaves();\nassert.equal(leaves, '11/');",
              "err": {},
              "uuid": "438ea04a-45ed-4cfa-80d6-aede72a2c7f0",
              "parentUUID": "08150623-3d73-47c8-af8f-54f2f60429b8",
              "isHook": false,
              "skipped": false
            },
            {
              "title": "should able to create Casual full leave from Hr Dashboard",
              "fullTitle": "hr dashboard should able to create Casual full leave from Hr Dashboard",
              "timedOut": false,
              "duration": 8608,
              "state": "passed",
              "speed": "slow",
              "pass": true,
              "fail": false,
              "pending": false,
              "context": null,
              "code": "await utilFun.visit(baseUrl + '/hrDashboard');\nawait utilFun.wait(3000);\nawait hrLeaveDashboard.clickCreateLeaveBtn()\nawait hrLeaveDashboard.selectAResource('Muhammad Bilal Rafaqat')\nawait hrLeaveDashboard.selectLeaveType('Casual Leave')\nawait hrLeaveDashboard.selectLeaveCategory('Full Leave')\nawait utilFun.wait(1000);\nawait hrLeaveDashboard.setStartDate('10-09-2023');\nawait utilFun.wait(1000);\nawait hrLeaveDashboard.setEndDate('10-09-2023');\nawait myLeaves.typeReason('testing');\nawait hrLeaveDashboard.clickSubmitBtn();\nconst alertText = await hrLeaveDashboard.checkAlert();\nassert.equal(alertText, 'Leave request created successfully');",
              "err": {},
              "uuid": "25066ff5-0946-49d7-8079-dd619a6e4ea4",
              "parentUUID": "08150623-3d73-47c8-af8f-54f2f60429b8",
              "isHook": false,
              "skipped": false
            },
            {
              "title": "should able to create Casual First Half leave from Hr Dashboard",
              "fullTitle": "hr dashboard should able to create Casual First Half leave from Hr Dashboard",
              "timedOut": false,
              "duration": 8864,
              "state": "passed",
              "speed": "slow",
              "pass": true,
              "fail": false,
              "pending": false,
              "context": null,
              "code": "await utilFun.visit(baseUrl + '/hrDashboard');\nawait utilFun.wait(3000);\nawait hrLeaveDashboard.clickCreateLeaveBtn()\nawait hrLeaveDashboard.selectAResource('Muhammad Bilal Rafaqat')\nawait hrLeaveDashboard.selectLeaveType('Casual Leave')\nawait hrLeaveDashboard.selectLeaveCategory('Half Leave')\nawait hrLeaveDashboard.selectHalfLeaveShift('First Half')\nawait utilFun.wait(1000);\nawait hrLeaveDashboard.setStartDate('11-09-2023');\nawait utilFun.wait(1000);\nawait hrLeaveDashboard.setEndDate('11-09-2023');\nawait myLeaves.typeReason('testing');\nawait hrLeaveDashboard.clickSubmitBtn();\nconst alertText = await hrLeaveDashboard.checkAlert();\nassert.equal(alertText, 'Leave request created successfully');",
              "err": {},
              "uuid": "682237a3-efbd-4404-a42c-2a2bfc49f35d",
              "parentUUID": "08150623-3d73-47c8-af8f-54f2f60429b8",
              "isHook": false,
              "skipped": false
            },
            {
              "title": "should able to create Casual Second Half leave from Hr Dashboard",
              "fullTitle": "hr dashboard should able to create Casual Second Half leave from Hr Dashboard",
              "timedOut": false,
              "duration": 8589,
              "state": "passed",
              "speed": "slow",
              "pass": true,
              "fail": false,
              "pending": false,
              "context": null,
              "code": "await utilFun.visit(baseUrl + '/hrDashboard');\nawait utilFun.wait(3000);\nawait hrLeaveDashboard.clickCreateLeaveBtn()\nawait hrLeaveDashboard.selectAResource('Muhammad Bilal Rafaqat')\nawait hrLeaveDashboard.selectLeaveType('Casual Leave')\nawait hrLeaveDashboard.selectLeaveCategory('Half Leave')\nawait hrLeaveDashboard.selectHalfLeaveShift('Second Half')\nawait utilFun.wait(1000);\nawait hrLeaveDashboard.setStartDate('12-09-2023');\nawait utilFun.wait(1000);\nawait hrLeaveDashboard.setEndDate('12-09-2023');\nawait myLeaves.typeReason('testing');\nawait hrLeaveDashboard.clickSubmitBtn();\nconst alertText = await hrLeaveDashboard.checkAlert();\nassert.equal(alertText, 'Leave request created successfully');",
              "err": {},
              "uuid": "f520a842-0cfa-4f18-aa51-87ed61475c9a",
              "parentUUID": "08150623-3d73-47c8-af8f-54f2f60429b8",
              "isHook": false,
              "skipped": false
            },
            {
              "title": "should able to create Sick full leave from Hr Dashboard",
              "fullTitle": "hr dashboard should able to create Sick full leave from Hr Dashboard",
              "timedOut": false,
              "duration": 8393,
              "state": "passed",
              "speed": "slow",
              "pass": true,
              "fail": false,
              "pending": false,
              "context": null,
              "code": "await utilFun.visit(baseUrl + '/hrDashboard');\nawait utilFun.wait(3000);\nawait hrLeaveDashboard.clickCreateLeaveBtn()\nawait hrLeaveDashboard.selectAResource('Muhammad Bilal Rafaqat')\nawait hrLeaveDashboard.selectLeaveType('Sick Leave')\nawait hrLeaveDashboard.selectLeaveCategory('Full Leave')\nawait utilFun.wait(1000);\nawait hrLeaveDashboard.setStartDate('13-09-2023');\nawait utilFun.wait(1000);\nawait hrLeaveDashboard.setEndDate('13-09-2023');\nawait myLeaves.typeReason('testing');\nawait hrLeaveDashboard.clickSubmitBtn();\nconst alertText = await hrLeaveDashboard.checkAlert();\nassert.equal(alertText, 'Leave request created successfully');",
              "err": {},
              "uuid": "dca58f64-832f-43e8-b40d-689fbe0ac472",
              "parentUUID": "08150623-3d73-47c8-af8f-54f2f60429b8",
              "isHook": false,
              "skipped": false
            },
            {
              "title": "should able to create Sick First Half leave from Hr Dashboard",
              "fullTitle": "hr dashboard should able to create Sick First Half leave from Hr Dashboard",
              "timedOut": false,
              "duration": 10511,
              "state": "passed",
              "speed": "slow",
              "pass": true,
              "fail": false,
              "pending": false,
              "context": null,
              "code": "await utilFun.visit(baseUrl + '/hrDashboard');\nawait utilFun.wait(3000);\nawait hrLeaveDashboard.clickCreateLeaveBtn()\nawait hrLeaveDashboard.selectAResource('Muhammad Bilal Rafaqat')\nawait hrLeaveDashboard.selectLeaveType('Sick Leave')\nawait hrLeaveDashboard.selectLeaveCategory('Half Leave')\nawait hrLeaveDashboard.selectHalfLeaveShift('First Half')\nawait utilFun.wait(1000);\nawait hrLeaveDashboard.setStartDate('14-09-2023');\nawait utilFun.wait(1000);\nawait hrLeaveDashboard.setEndDate('14-09-2023');\nawait myLeaves.typeReason('testing');\nawait hrLeaveDashboard.clickSubmitBtn();\nconst alertText = await hrLeaveDashboard.checkAlert();\nassert.equal(alertText, 'Leave request created successfully');",
              "err": {},
              "uuid": "5068d357-dbcc-401f-a33e-66e1a53cefe6",
              "parentUUID": "08150623-3d73-47c8-af8f-54f2f60429b8",
              "isHook": false,
              "skipped": false
            },
            {
              "title": "should able to create Sick Second Half leave from Hr Dashboard",
              "fullTitle": "hr dashboard should able to create Sick Second Half leave from Hr Dashboard",
              "timedOut": false,
              "duration": 4579,
              "state": "failed",
              "speed": null,
              "pass": false,
              "fail": true,
              "pending": false,
              "context": null,
              "code": "await utilFun.visit(baseUrl + '/hrDashboard');\nawait utilFun.wait(3000);\nawait hrLeaveDashboard.clickCreateLeaveBtn()\nawait hrLeaveDashboard.selectAResource('Muhammad Bilal Rafaqat')\nawait hrLeaveDashboard.selectLeaveType('Sick Leave')\nawait hrLeaveDashboard.selectLeaveCategory('Half Leave')\nawait hrLeaveDashboard.selectHalfLeaveShift('Second Half')\nawait utilFun.wait(1000);\nawait hrLeaveDashboard.setStartDate('15-09-2023');\nawait utilFun.wait(1000);\nawait hrLeaveDashboard.setEndDate('15-09-2023');\nawait myLeaves.typeReason('testing');\nawait hrLeaveDashboard.clickSubmitBtn();\nconst alertText = await hrLeaveDashboard.checkAlert();\nassert.equal(alertText, 'Leave request created successfully');",
              "err": {
                "message": "ElementClickInterceptedError: element click intercepted: Element <div class=\" css-2b097c-container\">...</div> is not clickable at point (517, 135). Other element would receive the click: <div class=\" css-g1d714-ValueContainer\">...</div>\n  (Session info: headless chrome=119.0.6045.123)",
                "estack": "ElementClickInterceptedError: element click intercepted: Element <div class=\" css-2b097c-container\">...</div> is not clickable at point (517, 135). Other element would receive the click: <div class=\" css-g1d714-ValueContainer\">...</div>\n  (Session info: headless chrome=119.0.6045.123)\n    at Object.throwDecodedError (node_modules/selenium-webdriver/lib/error.js:524:15)\n    at parseHttpResponse (node_modules/selenium-webdriver/lib/http.js:601:13)\n    at Executor.execute (node_modules/selenium-webdriver/lib/http.js:529:28)\n    at process.processTicksAndRejections (node:internal/process/task_queues:95:5)\n    at async thenableWebDriverProxy.execute (node_modules/selenium-webdriver/lib/webdriver.js:745:17)\n    at async HrLeaveDashoard.selectLeaveType (test/support/pages/leaves/hrDashboard.js:163:5)\n    at async Context.<anonymous> (test/e2e/leaves/spec_2_hrLeavesDashboard.js:318:5)",
                "diff": null
              },
              "uuid": "d86d4668-dbcf-4eac-a19b-33bc0a98319e",
              "parentUUID": "08150623-3d73-47c8-af8f-54f2f60429b8",
              "isHook": false,
              "skipped": false
            },
            {
              "title": "should able to create Un-Paid full leave from Hr Dashboard",
              "fullTitle": "hr dashboard should able to create Un-Paid full leave from Hr Dashboard",
              "timedOut": false,
              "duration": 13188,
              "state": "failed",
              "speed": null,
              "pass": false,
              "fail": true,
              "pending": false,
              "context": null,
              "code": "await utilFun.visit(baseUrl + '/hrDashboard');\nawait utilFun.wait(3000);\nawait hrLeaveDashboard.clickCreateLeaveBtn()\nawait hrLeaveDashboard.selectAResource('Muhammad Bilal Rafaqat')\nawait hrLeaveDashboard.selectLeaveType('Un-Paid Leave')\nawait hrLeaveDashboard.selectLeaveCategory('Full Leave')\nawait utilFun.wait(1000);\nawait hrLeaveDashboard.setStartDate('16-09-2023');\nawait utilFun.wait(1000);\nawait hrLeaveDashboard.setEndDate('16-09-2023');\nawait myLeaves.typeReason('testing');\nawait hrLeaveDashboard.clickSubmitBtn();\nconst alertText = await hrLeaveDashboard.checkAlert();\nassert.equal(alertText, 'Leave request created successfully');",
              "err": {
                "message": "TimeoutError: Waiting for element to be located By(css selector, [aria-label=\"Create Leave\"])\nWait timed out after 10015ms",
                "estack": "TimeoutError: Waiting for element to be located By(css selector, [aria-label=\"Create Leave\"])\nWait timed out after 10015ms\n    at /Users/muhammadbilalrafaqat/invohub/resource-engagement/node_modules/selenium-webdriver/lib/webdriver.js:929:17\n    at process.processTicksAndRejections (node:internal/process/task_queues:95:5)",
                "diff": null
              },
              "uuid": "772b1d6d-2f98-462c-b87d-4f3cc68bdb86",
              "parentUUID": "08150623-3d73-47c8-af8f-54f2f60429b8",
              "isHook": false,
              "skipped": false
            },
            {
              "title": "should able to create Un-Paid First Half leave from Hr Dashboard",
              "fullTitle": "hr dashboard should able to create Un-Paid First Half leave from Hr Dashboard",
              "timedOut": false,
              "duration": 13233,
              "state": "failed",
              "speed": null,
              "pass": false,
              "fail": true,
              "pending": false,
              "context": null,
              "code": "await utilFun.visit(baseUrl + '/hrDashboard');\nawait utilFun.wait(3000);\nawait hrLeaveDashboard.clickCreateLeaveBtn()\nawait hrLeaveDashboard.selectAResource('Muhammad Bilal Rafaqat')\nawait hrLeaveDashboard.selectLeaveType('Un-Paid Leave')\nawait hrLeaveDashboard.selectLeaveCategory('Half Leave')\nawait hrLeaveDashboard.selectHalfLeaveShift('First Half')\nawait utilFun.wait(1000);\nawait hrLeaveDashboard.setStartDate('17-09-2023');\nawait utilFun.wait(1000);\nawait hrLeaveDashboard.setEndDate('17-09-2023');\nawait myLeaves.typeReason('testing');\nawait hrLeaveDashboard.clickSubmitBtn();\nconst alertText = await hrLeaveDashboard.checkAlert();\nassert.equal(alertText, 'Leave request created successfully');",
              "err": {
                "message": "TimeoutError: Waiting for element to be located By(css selector, [aria-label=\"Create Leave\"])\nWait timed out after 10039ms",
                "estack": "TimeoutError: Waiting for element to be located By(css selector, [aria-label=\"Create Leave\"])\nWait timed out after 10039ms\n    at /Users/muhammadbilalrafaqat/invohub/resource-engagement/node_modules/selenium-webdriver/lib/webdriver.js:929:17\n    at process.processTicksAndRejections (node:internal/process/task_queues:95:5)",
                "diff": null
              },
              "uuid": "378955c6-ea51-45a7-a963-f43aa1fb3c3d",
              "parentUUID": "08150623-3d73-47c8-af8f-54f2f60429b8",
              "isHook": false,
              "skipped": false
            },
            {
              "title": "should able to create Un-Paid Second Half leave from Hr Dashboard",
              "fullTitle": "hr dashboard should able to create Un-Paid Second Half leave from Hr Dashboard",
              "timedOut": false,
              "duration": 13197,
              "state": "failed",
              "speed": null,
              "pass": false,
              "fail": true,
              "pending": false,
              "context": null,
              "code": "await utilFun.visit(baseUrl + '/hrDashboard');\nawait utilFun.wait(3000);\nawait hrLeaveDashboard.clickCreateLeaveBtn()\nawait hrLeaveDashboard.selectAResource('Muhammad Bilal Rafaqat')\nawait hrLeaveDashboard.selectLeaveType('Un-Paid Leave')\nawait hrLeaveDashboard.selectLeaveCategory('Half Leave')\nawait hrLeaveDashboard.selectHalfLeaveShift('Second Half')\nawait utilFun.wait(1000);\nawait hrLeaveDashboard.setStartDate('18-09-2023');\nawait utilFun.wait(1000);\nawait hrLeaveDashboard.setEndDate('18-09-2023');\nawait myLeaves.typeReason('testing');\nawait hrLeaveDashboard.clickSubmitBtn();\nconst alertText = await hrLeaveDashboard.checkAlert();\nassert.equal(alertText, 'Leave request created successfully');",
              "err": {
                "message": "TimeoutError: Waiting for element to be located By(css selector, [aria-label=\"Create Leave\"])\nWait timed out after 10004ms",
                "estack": "TimeoutError: Waiting for element to be located By(css selector, [aria-label=\"Create Leave\"])\nWait timed out after 10004ms\n    at /Users/muhammadbilalrafaqat/invohub/resource-engagement/node_modules/selenium-webdriver/lib/webdriver.js:929:17\n    at process.processTicksAndRejections (node:internal/process/task_queues:95:5)",
                "diff": null
              },
              "uuid": "3ca5e55f-a414-4ab9-bea5-b95cbd87ceaa",
              "parentUUID": "08150623-3d73-47c8-af8f-54f2f60429b8",
              "isHook": false,
              "skipped": false
            }
          ],
          "suites": [],
          "passes": [
            "5b207c62-260b-485f-b58b-92884e1b8df9",
            "65efb53b-85be-4496-b33e-a299649fb85a",
            "97af34fc-edf3-4c39-b757-9104f13ddbff",
            "e5c6d220-bc8f-4616-91de-79469d6919b7",
            "8e64fa24-3eeb-415d-9f6f-c294bd38137b",
            "653402f3-f258-4aa7-851e-3d7639460b5c",
            "318b3b2e-62b4-4b56-a863-55266c675fb5",
            "baa9d0c3-e2ba-48c9-8de1-467524c9fe79",
            "1cf7abd8-af87-4fb5-a060-d0f93a644d01",
            "438ea04a-45ed-4cfa-80d6-aede72a2c7f0",
            "25066ff5-0946-49d7-8079-dd619a6e4ea4",
            "682237a3-efbd-4404-a42c-2a2bfc49f35d",
            "f520a842-0cfa-4f18-aa51-87ed61475c9a",
            "dca58f64-832f-43e8-b40d-689fbe0ac472",
            "5068d357-dbcc-401f-a33e-66e1a53cefe6"
          ],
          "failures": [
            "e5e3b4a8-bae4-47e6-82fc-2e1708c0540f",
            "ec7c3edb-8874-4468-adf1-fe60c0ec8afd",
            "b6a2ad4e-d917-4dd4-a1b4-cf662889300a",
            "8b95ee60-a577-4fe2-88cf-192aaf93fae1",
            "d86d4668-dbcf-4eac-a19b-33bc0a98319e",
            "772b1d6d-2f98-462c-b87d-4f3cc68bdb86",
            "378955c6-ea51-45a7-a963-f43aa1fb3c3d",
            "3ca5e55f-a414-4ab9-bea5-b95cbd87ceaa"
          ],
          "pending": [],
          "skipped": [],
          "duration": 176408,
          "root": false,
          "rootEmpty": false,
          "_timeout": 60000
        }
      ],
      "passes": [],
      "failures": [],
      "pending": [],
      "skipped": [],
      "duration": 0,
      "root": true,
      "rootEmpty": true,
      "_timeout": 60000
    }
  ],
  "meta": {
    "mocha": {
      "version": "10.2.0"
    },
    "mochawesome": {
      "options": {
        "quiet": false,
        "reportFilename": "mochawesome",
        "saveHtml": true,
        "saveJson": true,
        "consoleReporter": "spec",
        "useInlineDiffs": false,
        "code": true
      },
      "version": "7.1.3"
    },
    "marge": {
      "options": {
        "reportDir": "test/report"
      },
      "version": "6.2.0"
    }
  }
}