{
  "stats": {
    "suites": 2,
    "tests": 43,
    "passes": 43,
    "pending": 0,
    "failures": 0,
    "start": "2023-11-16T13:18:51.064Z",
    "end": "2023-11-16T13:26:06.640Z",
    "duration": 435576,
    "testsRegistered": 43,
    "passPercent": 100,
    "pendingPercent": 0,
    "other": 0,
    "hasOther": false,
    "skipped": 0,
    "hasSkipped": false
  },
  "results": [
    {
      "uuid": "3a025b1f-89f6-4124-86bc-521c52198ef0",
      "title": "",
      "fullFile": "",
      "file": "",
      "beforeHooks": [],
      "afterHooks": [],
      "tests": [],
      "suites": [
        {
          "uuid": "cca956f0-2449-48fd-8df4-be1dafb99bbb",
          "title": "My Leaves",
          "fullFile": "/home/devops/invohub/resource-engagement/test/e2e/leaves/spec_1_myleaves.js",
          "file": "/test/e2e/leaves/spec_1_myleaves.js",
          "beforeHooks": [
            {
              "title": "\"before all\" hook in \"My Leaves\"",
              "fullTitle": "My Leaves \"before all\" hook in \"My Leaves\"",
              "timedOut": false,
              "duration": 52242,
              "state": null,
              "speed": null,
              "pass": false,
              "fail": false,
              "pending": false,
              "context": null,
              "code": "await utilFun.login(email, password);\n// await utilFun.loginAccount()\nconst url = await utilFun.getUrl();\nassert.equal(url, baseUrl + '/home');\nlet query = [\n  `UPDATE employee_leaves_count SET \"carryForwardedLeaves\" = 0 WHERE \"employeeId\" = 9474;`,\n  `UPDATE employee_leaves_count SET \"casualLeavesEarned\" = 10 WHERE \"employeeId\" = 9474;`,\n  `UPDATE employee_leaves_count SET \"sickLeavesEarned\" = 10 WHERE \"employeeId\" = 9474;`,\n  `UPDATE employee_leaves_count SET \"totalLeavesEarned\" = 20 WHERE \"employeeId\" = 9474;`,\n  `UPDATE employee_leaves_count SET \"casualLeavesAvailed\" = 0 WHERE \"employeeId\" = 9474;`,\n  `UPDATE employee_leaves_count SET \"sickLeavesAvailed\" = 0 WHERE \"employeeId\" = 9474;`,\n  `UPDATE employee_leaves_count SET \"totalLeavesAvailed\" = 0 WHERE \"employeeId\" = 9474;`,\n  `UPDATE employee_leaves_count SET \"totalRemainingLeaves\" = 20 WHERE \"employeeId\" = 9474;`,\n  `UPDATE employee_leaves_count SET \"availedUnPaidLeaves\" = 0 WHERE \"employeeId\" = 9474;`,\n  `DELETE FROM employee_leaves WHERE \"employeeId\" = 9474;`,\n  `UPDATE employees SET \"departmentId\" = 9 WHERE id = 9474;`,\n  `UPDATE employees SET \"designation\" = 'Project Manager' WHERE id = 9474;`,\n];\nawait utilFun.udpateDatabase(query);",
              "err": {},
              "uuid": "8072358a-c0b2-4ba8-b111-42e1289b1852",
              "parentUUID": "cca956f0-2449-48fd-8df4-be1dafb99bbb",
              "isHook": true,
              "skipped": false
            },
            {
              "title": "\"before each\" hook in \"My Leaves\"",
              "fullTitle": "My Leaves \"before each\" hook in \"My Leaves\"",
              "timedOut": false,
              "duration": 3383,
              "state": null,
              "speed": null,
              "pass": false,
              "fail": false,
              "pending": false,
              "context": null,
              "code": "await utilFun.visit(baseUrl + '/leaves');\nawait utilFun.wait(3000);",
              "err": {},
              "uuid": "98f68ffd-3f90-469b-9614-28bb8257f489",
              "parentUUID": "cca956f0-2449-48fd-8df4-be1dafb99bbb",
              "isHook": true,
              "skipped": false
            }
          ],
          "afterHooks": [],
          "tests": [
            {
              "title": "should should able to view employee leave",
              "fullTitle": "My Leaves should should able to view employee leave",
              "timedOut": false,
              "duration": 4351,
              "state": "passed",
              "speed": "slow",
              "pass": true,
              "fail": false,
              "pending": false,
              "context": null,
              "code": "let query = [\n  `UPDATE employee_leaves_reporting_managers SET \"approvedLeaveStatus\" = 'PENDING' WHERE id = 65;`,\n  `UPDATE employee_leaves SET \"leaveStatus\" = 'PENDING' WHERE id = 53;`,\n  `UPDATE employee_leaves SET \"approvedAt\" = NULL WHERE id = 53;`,\n  `UPDATE employee_leaves SET \"rejectedAt\" = NULL WHERE id = 53;`,\n];\nawait utilFun.udpateDatabase(query);\nawait utilFun.refresh();\nawait myLeaves.clickFilterBtn(1)\nawait myLeaves.filterName('james')\nconst claimTypeText = await myLeaves.checkTableRow(1);\nassert.ok(claimTypeText.includes('James'), `Expected text not found.`);",
              "err": {},
              "uuid": "d85ae108-c679-4237-9f35-5212fe7976de",
              "parentUUID": "cca956f0-2449-48fd-8df4-be1dafb99bbb",
              "isHook": false,
              "skipped": false
            },
            {
              "title": "should should able to Approve employee leave",
              "fullTitle": "My Leaves should should able to Approve employee leave",
              "timedOut": false,
              "duration": 3478,
              "state": "passed",
              "speed": "slow",
              "pass": true,
              "fail": false,
              "pending": false,
              "context": null,
              "code": "await myLeaves.clickFilterBtn(1)\nawait myLeaves.filterName('james')\nawait myLeaves.clickApproveBtn()\nawait myLeaves.clickSubmitBtn()\nconst alertText = await myLeaves.checkAlert();\nassert.equal(alertText, 'Leave status updated successfully');",
              "err": {},
              "uuid": "e1adf7ab-0f0e-4a7b-b1b3-64af23c951ad",
              "parentUUID": "cca956f0-2449-48fd-8df4-be1dafb99bbb",
              "isHook": false,
              "skipped": false
            },
            {
              "title": "should able to view employee leave in Approved Tab",
              "fullTitle": "My Leaves should able to view employee leave in Approved Tab",
              "timedOut": false,
              "duration": 3070,
              "state": "passed",
              "speed": "slow",
              "pass": true,
              "fail": false,
              "pending": false,
              "context": null,
              "code": "await myLeaves.clickTab('Approved Leaves')\nawait myLeaves.clickFilterBtn(1)\nawait myLeaves.filterName('james')\nconst claimTypeText = await myLeaves.checkTableRow(1);\nassert.ok(claimTypeText.includes('James'), `Expected text not found.`);",
              "err": {},
              "uuid": "13c6feb4-3302-4832-8d45-51e27ab8f276",
              "parentUUID": "cca956f0-2449-48fd-8df4-be1dafb99bbb",
              "isHook": false,
              "skipped": false
            },
            {
              "title": "should able to Reject employee leave in Approved Tab",
              "fullTitle": "My Leaves should able to Reject employee leave in Approved Tab",
              "timedOut": false,
              "duration": 4389,
              "state": "passed",
              "speed": "slow",
              "pass": true,
              "fail": false,
              "pending": false,
              "context": null,
              "code": "await myLeaves.clickTab('Approved Leaves')\nawait myLeaves.clickFilterBtn(1)\nawait myLeaves.filterName('james')\nconst claimTypeText = await myLeaves.checkTableRow(1);\nassert.ok(claimTypeText.includes('James'), `Expected text not found.`);\nawait myLeaves.clickRejectBtn()\nawait myLeaves.typeRejectReasonAndReject('testing')\nconst alertText = await myLeaves.checkAlert();\nassert.equal(alertText, 'Leave status updated successfully');",
              "err": {},
              "uuid": "6184dec4-3ede-4b89-9edd-0006c3daf848",
              "parentUUID": "cca956f0-2449-48fd-8df4-be1dafb99bbb",
              "isHook": false,
              "skipped": false
            },
            {
              "title": "should able to view employee leave in Reject Tab",
              "fullTitle": "My Leaves should able to view employee leave in Reject Tab",
              "timedOut": false,
              "duration": 2890,
              "state": "passed",
              "speed": "slow",
              "pass": true,
              "fail": false,
              "pending": false,
              "context": null,
              "code": "await myLeaves.clickTab('Rejected Leaves')\nawait myLeaves.clickFilterBtn(1)\nawait myLeaves.filterName('james')\nconst claimTypeText = await myLeaves.checkTableRow(1);\nassert.ok(claimTypeText.includes('James'), `Expected text not found.`);",
              "err": {},
              "uuid": "659a33eb-341c-4a38-ad39-179f49211a0a",
              "parentUUID": "cca956f0-2449-48fd-8df4-be1dafb99bbb",
              "isHook": false,
              "skipped": false
            },
            {
              "title": "should should able to Reject employee leave",
              "fullTitle": "My Leaves should should able to Reject employee leave",
              "timedOut": false,
              "duration": 5568,
              "state": "passed",
              "speed": "slow",
              "pass": true,
              "fail": false,
              "pending": false,
              "context": null,
              "code": "let query = [\n  `UPDATE employee_leaves_reporting_managers SET \"approvedLeaveStatus\" = 'PENDING' WHERE id = 65;`,\n  `UPDATE employee_leaves SET \"leaveStatus\" = 'PENDING' WHERE id = 53;`,\n  `UPDATE employee_leaves SET \"approvedAt\" = NULL WHERE id = 53;`,\n  `UPDATE employee_leaves SET \"rejectedAt\" = NULL WHERE id = 53;`,\n];\nawait utilFun.udpateDatabase(query);\nawait utilFun.refresh();\nawait myLeaves.clickFilterBtn(1)\nawait myLeaves.filterName('james')\nawait myLeaves.clickRejectBtn()\nawait myLeaves.typeRejectReasonAndReject('testing')\nconst alertText = await myLeaves.checkAlert();\nassert.equal(alertText, 'Leave status updated successfully');",
              "err": {},
              "uuid": "a683971f-1e57-440a-88bd-0498d0436e2c",
              "parentUUID": "cca956f0-2449-48fd-8df4-be1dafb99bbb",
              "isHook": false,
              "skipped": false
            },
            {
              "title": "should able to view employee leave in Reject Tab",
              "fullTitle": "My Leaves should able to view employee leave in Reject Tab",
              "timedOut": false,
              "duration": 3022,
              "state": "passed",
              "speed": "slow",
              "pass": true,
              "fail": false,
              "pending": false,
              "context": null,
              "code": "await myLeaves.clickTab('Rejected Leaves')\nawait myLeaves.clickFilterBtn(1)\nawait myLeaves.filterName('james')\nconst claimTypeText = await myLeaves.checkTableRow(1);\nassert.ok(claimTypeText.includes('James'), `Expected text not found.`);",
              "err": {},
              "uuid": "6d186118-9276-4410-be60-9721cefa3d23",
              "parentUUID": "cca956f0-2449-48fd-8df4-be1dafb99bbb",
              "isHook": false,
              "skipped": false
            },
            {
              "title": "should able to Approve employee leave in Reject Tab",
              "fullTitle": "My Leaves should able to Approve employee leave in Reject Tab",
              "timedOut": false,
              "duration": 3941,
              "state": "passed",
              "speed": "slow",
              "pass": true,
              "fail": false,
              "pending": false,
              "context": null,
              "code": "await myLeaves.clickTab('Rejected Leaves')\nawait myLeaves.clickFilterBtn(1)\nawait myLeaves.filterName('james')\nconst claimTypeText = await myLeaves.checkTableRow(1);\nassert.ok(claimTypeText.includes('James'), `Expected text not found.`);\nawait myLeaves.clickApproveBtn()\nawait myLeaves.clickSubmitBtn()\nconst alertText = await myLeaves.checkAlert();\nassert.equal(alertText, 'Leave status updated successfully');",
              "err": {},
              "uuid": "7e108e2d-b70a-4aa1-973a-71437be1efef",
              "parentUUID": "cca956f0-2449-48fd-8df4-be1dafb99bbb",
              "isHook": false,
              "skipped": false
            },
            {
              "title": "should able to view employee leave in Approved Tab",
              "fullTitle": "My Leaves should able to view employee leave in Approved Tab",
              "timedOut": false,
              "duration": 2964,
              "state": "passed",
              "speed": "slow",
              "pass": true,
              "fail": false,
              "pending": false,
              "context": null,
              "code": "await myLeaves.clickTab('Approved Leaves')\nawait myLeaves.clickFilterBtn(1)\nawait myLeaves.filterName('james')\nconst claimTypeText = await myLeaves.checkTableRow(1);\nassert.ok(claimTypeText.includes('James'), `Expected text not found.`);",
              "err": {},
              "uuid": "0c89a7ef-a68b-44f3-ad49-99c5ced7f38e",
              "parentUUID": "cca956f0-2449-48fd-8df4-be1dafb99bbb",
              "isHook": false,
              "skipped": false
            },
            {
              "title": "should check if Leaves counts are showing Correct",
              "fullTitle": "My Leaves should check if Leaves counts are showing Correct",
              "timedOut": false,
              "duration": 275,
              "state": "passed",
              "speed": "slow",
              "pass": true,
              "fail": false,
              "pending": false,
              "context": null,
              "code": "let leaves = await myLeaves.getCasualLeaves();\nassert.equal(leaves, '10/');\nlet leaves1 = await myLeaves.getSickLeaves();\nassert.equal(leaves1, '10/');\nlet leaves2 = await myLeaves.getCarryForwardLeaves();\nassert.equal(leaves2, '0/');\nlet leaves3 = await myLeaves.getUnpaidLeaves();\nassert.equal(leaves3, '0');",
              "err": {},
              "uuid": "0554731d-0d5f-4a34-81da-d66114606cfa",
              "parentUUID": "cca956f0-2449-48fd-8df4-be1dafb99bbb",
              "isHook": false,
              "skipped": false
            },
            {
              "title": "should able to apply Casual full leave",
              "fullTitle": "My Leaves should able to apply Casual full leave",
              "timedOut": false,
              "duration": 6488,
              "state": "passed",
              "speed": "slow",
              "pass": true,
              "fail": false,
              "pending": false,
              "context": null,
              "code": "await myLeaves.clickApplyLeaveBtn();\nawait myLeaves.clickLeaveType();\nawait utilFun.wait(1000);\nawait myLeaves.selectLeaveType('Casual Leave');\nawait myLeaves.clickLeaveCategory();\nawait utilFun.wait(1000);\nawait myLeaves.selectLeaveCategory('Full Leave');\nawait myLeaves.setStartDate('05-09-2023');\nawait utilFun.wait(1000);\nawait myLeaves.setEndDate('05-09-2023');\nawait myLeaves.typeReason('testing');\nawait myLeaves.clickSubmitBtn();\nconst alertText = await myLeaves.checkAlert();\nassert.equal(alertText, 'Leave request created successfully');",
              "err": {},
              "uuid": "eec7f5eb-e3c9-4287-962d-dd5cb9bca643",
              "parentUUID": "cca956f0-2449-48fd-8df4-be1dafb99bbb",
              "isHook": false,
              "skipped": false
            },
            {
              "title": "should able to apply Casual First Half leave",
              "fullTitle": "My Leaves should able to apply Casual First Half leave",
              "timedOut": false,
              "duration": 7677,
              "state": "passed",
              "speed": "slow",
              "pass": true,
              "fail": false,
              "pending": false,
              "context": null,
              "code": "await myLeaves.clickApplyLeaveBtn();\nawait myLeaves.clickLeaveType();\nawait utilFun.wait(1000);\nawait myLeaves.selectLeaveType('Casual Leave');\nawait myLeaves.clickLeaveCategory();\nawait utilFun.wait(1000);\nawait myLeaves.selectLeaveCategory('Half Leave');\nawait myLeaves.clickLeaveShift();\nawait utilFun.wait(1000);\nawait myLeaves.selectLeaveShift('First Half');\nawait myLeaves.setStartDate('06-09-2023');\nawait utilFun.wait(1000);\nawait myLeaves.setEndDate('06-09-2023');\nawait myLeaves.typeReason('testing');\nawait myLeaves.clickSubmitBtn();\nconst alertText = await myLeaves.checkAlert();\nassert.equal(alertText, 'Leave request created successfully');",
              "err": {},
              "uuid": "88ba8a53-1289-44aa-b3e9-d6c82da290f9",
              "parentUUID": "cca956f0-2449-48fd-8df4-be1dafb99bbb",
              "isHook": false,
              "skipped": false
            },
            {
              "title": "should able to apply Casual Second Half leave",
              "fullTitle": "My Leaves should able to apply Casual Second Half leave",
              "timedOut": false,
              "duration": 7595,
              "state": "passed",
              "speed": "slow",
              "pass": true,
              "fail": false,
              "pending": false,
              "context": null,
              "code": "await myLeaves.clickApplyLeaveBtn();\nawait myLeaves.clickLeaveType();\nawait utilFun.wait(1000);\nawait myLeaves.selectLeaveType('Casual Leave');\nawait myLeaves.clickLeaveCategory();\nawait utilFun.wait(1000);\nawait myLeaves.selectLeaveCategory('Half Leave');\nawait myLeaves.clickLeaveShift();\nawait utilFun.wait(1000);\nawait myLeaves.selectLeaveShift('Second Half');\nawait myLeaves.setStartDate('07-09-2023');\nawait utilFun.wait(1000);\nawait myLeaves.setEndDate('07-09-2023');\nawait myLeaves.typeReason('testing');\nawait myLeaves.clickSubmitBtn();\nconst alertText = await myLeaves.checkAlert();\nassert.equal(alertText, 'Leave request created successfully');",
              "err": {},
              "uuid": "30ffd711-97ed-4657-92bf-eca9b79880af",
              "parentUUID": "cca956f0-2449-48fd-8df4-be1dafb99bbb",
              "isHook": false,
              "skipped": false
            },
            {
              "title": "should able to apply Sick full leave",
              "fullTitle": "My Leaves should able to apply Sick full leave",
              "timedOut": false,
              "duration": 6350,
              "state": "passed",
              "speed": "slow",
              "pass": true,
              "fail": false,
              "pending": false,
              "context": null,
              "code": "await myLeaves.clickApplyLeaveBtn();\nawait myLeaves.clickLeaveType();\nawait utilFun.wait(1000);\nawait myLeaves.selectLeaveType('Sick Leave');\nawait myLeaves.clickLeaveCategory();\nawait utilFun.wait(1000);\nawait myLeaves.selectLeaveCategory('Full Leave');\nawait myLeaves.setStartDate('08-09-2023');\nawait utilFun.wait(1000);\nawait myLeaves.setEndDate('08-09-2023');\nawait myLeaves.typeReason('testing');\nawait myLeaves.clickSubmitBtn();\nconst alertText = await myLeaves.checkAlert();\nassert.equal(alertText, 'Leave request created successfully');",
              "err": {},
              "uuid": "b01f4225-2548-41e4-bf9e-ba1bc6f677f8",
              "parentUUID": "cca956f0-2449-48fd-8df4-be1dafb99bbb",
              "isHook": false,
              "skipped": false
            },
            {
              "title": "should able to apply Sick First Half leave",
              "fullTitle": "My Leaves should able to apply Sick First Half leave",
              "timedOut": false,
              "duration": 7598,
              "state": "passed",
              "speed": "slow",
              "pass": true,
              "fail": false,
              "pending": false,
              "context": null,
              "code": "await myLeaves.clickApplyLeaveBtn();\nawait myLeaves.clickLeaveType();\nawait utilFun.wait(1000);\nawait myLeaves.selectLeaveType('Sick Leave');\nawait myLeaves.clickLeaveCategory();\nawait utilFun.wait(1000);\nawait myLeaves.selectLeaveCategory('Half Leave');\nawait myLeaves.clickLeaveShift();\nawait utilFun.wait(1000);\nawait myLeaves.selectLeaveShift('First Half');\nawait myLeaves.setStartDate('09-09-2023');\nawait utilFun.wait(1000);\nawait myLeaves.setEndDate('09-09-2023');\nawait myLeaves.typeReason('testing');\nawait myLeaves.clickSubmitBtn();\nconst alertText = await myLeaves.checkAlert();\nassert.equal(alertText, 'Leave request created successfully');",
              "err": {},
              "uuid": "ec3ad4b8-ae7a-4a05-b67f-895d9e43f37b",
              "parentUUID": "cca956f0-2449-48fd-8df4-be1dafb99bbb",
              "isHook": false,
              "skipped": false
            },
            {
              "title": "should able to apply Sick Second Half leave",
              "fullTitle": "My Leaves should able to apply Sick Second Half leave",
              "timedOut": false,
              "duration": 7759,
              "state": "passed",
              "speed": "slow",
              "pass": true,
              "fail": false,
              "pending": false,
              "context": null,
              "code": "await myLeaves.clickApplyLeaveBtn();\nawait myLeaves.clickLeaveType();\nawait utilFun.wait(1000);\nawait myLeaves.selectLeaveType('Sick Leave');\nawait myLeaves.clickLeaveCategory();\nawait utilFun.wait(1000);\nawait myLeaves.selectLeaveCategory('Half Leave');\nawait myLeaves.clickLeaveShift();\nawait utilFun.wait(1000);\nawait myLeaves.selectLeaveShift('Second Half');\nawait myLeaves.setStartDate('10-09-2023');\nawait utilFun.wait(1000);\nawait myLeaves.setEndDate('10-09-2023');\nawait myLeaves.typeReason('testing');\nawait myLeaves.clickSubmitBtn();\nconst alertText = await myLeaves.checkAlert();\nassert.equal(alertText, 'Leave request created successfully');",
              "err": {},
              "uuid": "be1017e5-2d89-4238-adcd-515d24aa3e60",
              "parentUUID": "cca956f0-2449-48fd-8df4-be1dafb99bbb",
              "isHook": false,
              "skipped": false
            },
            {
              "title": "should able to apply Un-Paid full leave",
              "fullTitle": "My Leaves should able to apply Un-Paid full leave",
              "timedOut": false,
              "duration": 6445,
              "state": "passed",
              "speed": "slow",
              "pass": true,
              "fail": false,
              "pending": false,
              "context": null,
              "code": "await myLeaves.clickApplyLeaveBtn();\nawait myLeaves.clickLeaveType();\nawait utilFun.wait(1000);\nawait myLeaves.selectLeaveType('Un-Paid Leave');\nawait myLeaves.clickLeaveCategory();\nawait utilFun.wait(1000);\nawait myLeaves.selectLeaveCategory('Full Leave');\nawait myLeaves.setStartDate('11-09-2023');\nawait utilFun.wait(1000);\nawait myLeaves.setEndDate('11-09-2023');\nawait myLeaves.typeReason('testing');\nawait myLeaves.clickSubmitBtn();\nconst alertText = await myLeaves.checkAlert();\nassert.equal(alertText, 'Leave request created successfully');",
              "err": {},
              "uuid": "8e4e029b-bcc5-43c7-98cc-cfc4d02a0728",
              "parentUUID": "cca956f0-2449-48fd-8df4-be1dafb99bbb",
              "isHook": false,
              "skipped": false
            },
            {
              "title": "should able to apply Un-Paid First Half leave",
              "fullTitle": "My Leaves should able to apply Un-Paid First Half leave",
              "timedOut": false,
              "duration": 7939,
              "state": "passed",
              "speed": "slow",
              "pass": true,
              "fail": false,
              "pending": false,
              "context": null,
              "code": "await myLeaves.clickApplyLeaveBtn();\nawait myLeaves.clickLeaveType();\nawait utilFun.wait(1000);\nawait myLeaves.selectLeaveType('Un-Paid Leave');\nawait myLeaves.clickLeaveCategory();\nawait utilFun.wait(1000);\nawait myLeaves.selectLeaveCategory('Half Leave');\nawait myLeaves.clickLeaveShift();\nawait utilFun.wait(1000);\nawait myLeaves.selectLeaveShift('First Half');\nawait myLeaves.setStartDate('12-09-2023');\nawait utilFun.wait(1000);\nawait myLeaves.setEndDate('12-09-2023');\nawait myLeaves.typeReason('testing');\nawait myLeaves.clickSubmitBtn();\nconst alertText = await myLeaves.checkAlert();\nassert.equal(alertText, 'Leave request created successfully');",
              "err": {},
              "uuid": "dae650e0-03cf-4a03-9e77-0051548ee9fa",
              "parentUUID": "cca956f0-2449-48fd-8df4-be1dafb99bbb",
              "isHook": false,
              "skipped": false
            },
            {
              "title": "should able to apply Un-Paid Second Half leave",
              "fullTitle": "My Leaves should able to apply Un-Paid Second Half leave",
              "timedOut": false,
              "duration": 7681,
              "state": "passed",
              "speed": "slow",
              "pass": true,
              "fail": false,
              "pending": false,
              "context": null,
              "code": "await myLeaves.clickApplyLeaveBtn();\nawait myLeaves.clickLeaveType();\nawait utilFun.wait(1000);\nawait myLeaves.selectLeaveType('Un-Paid Leave');\nawait myLeaves.clickLeaveCategory();\nawait utilFun.wait(1000);\nawait myLeaves.selectLeaveCategory('Half Leave');\nawait myLeaves.clickLeaveShift();\nawait utilFun.wait(1000);\nawait myLeaves.selectLeaveShift('Second Half');\nawait myLeaves.setStartDate('13-09-2023');\nawait utilFun.wait(1000);\nawait myLeaves.setEndDate('13-09-2023');\nawait myLeaves.typeReason('testing');\nawait myLeaves.clickSubmitBtn();\nconst alertText = await myLeaves.checkAlert();\nassert.equal(alertText, 'Leave request created successfully');",
              "err": {},
              "uuid": "2d265c42-1647-4b78-87d6-5e53c92f37f1",
              "parentUUID": "cca956f0-2449-48fd-8df4-be1dafb99bbb",
              "isHook": false,
              "skipped": false
            },
            {
              "title": "should check if Leaves counts are showing Correct",
              "fullTitle": "My Leaves should check if Leaves counts are showing Correct",
              "timedOut": false,
              "duration": 243,
              "state": "passed",
              "speed": "slow",
              "pass": true,
              "fail": false,
              "pending": false,
              "context": null,
              "code": "let leaves = await myLeaves.getCasualLeaves();\nassert.equal(leaves, '8/');\nlet leaves1 = await myLeaves.getSickLeaves();\nassert.equal(leaves1, '8/');\nlet leaves2 = await myLeaves.getCarryForwardLeaves();\nassert.equal(leaves2, '0/');\nlet leaves3 = await myLeaves.getUnpaidLeaves();\nassert.equal(leaves3, '2');",
              "err": {},
              "uuid": "71d215be-f956-4b49-a688-9274230a79a8",
              "parentUUID": "cca956f0-2449-48fd-8df4-be1dafb99bbb",
              "isHook": false,
              "skipped": false
            }
          ],
          "suites": [],
          "passes": [
            "d85ae108-c679-4237-9f35-5212fe7976de",
            "e1adf7ab-0f0e-4a7b-b1b3-64af23c951ad",
            "13c6feb4-3302-4832-8d45-51e27ab8f276",
            "6184dec4-3ede-4b89-9edd-0006c3daf848",
            "659a33eb-341c-4a38-ad39-179f49211a0a",
            "a683971f-1e57-440a-88bd-0498d0436e2c",
            "6d186118-9276-4410-be60-9721cefa3d23",
            "7e108e2d-b70a-4aa1-973a-71437be1efef",
            "0c89a7ef-a68b-44f3-ad49-99c5ced7f38e",
            "0554731d-0d5f-4a34-81da-d66114606cfa",
            "eec7f5eb-e3c9-4287-962d-dd5cb9bca643",
            "88ba8a53-1289-44aa-b3e9-d6c82da290f9",
            "30ffd711-97ed-4657-92bf-eca9b79880af",
            "b01f4225-2548-41e4-bf9e-ba1bc6f677f8",
            "ec3ad4b8-ae7a-4a05-b67f-895d9e43f37b",
            "be1017e5-2d89-4238-adcd-515d24aa3e60",
            "8e4e029b-bcc5-43c7-98cc-cfc4d02a0728",
            "dae650e0-03cf-4a03-9e77-0051548ee9fa",
            "2d265c42-1647-4b78-87d6-5e53c92f37f1",
            "71d215be-f956-4b49-a688-9274230a79a8"
          ],
          "failures": [],
          "pending": [],
          "skipped": [],
          "duration": 99723,
          "root": false,
          "rootEmpty": false,
          "_timeout": 60000
        },
        {
          "uuid": "a3da7ea4-202c-4a8f-aab4-0cf9d5c320a2",
          "title": "hr dashboard",
          "fullFile": "/home/devops/invohub/resource-engagement/test/e2e/leaves/spec_2_hrLeavesDashboard.js",
          "file": "/test/e2e/leaves/spec_2_hrLeavesDashboard.js",
          "beforeHooks": [
            {
              "title": "\"before all\" hook in \"hr dashboard\"",
              "fullTitle": "hr dashboard \"before all\" hook in \"hr dashboard\"",
              "timedOut": false,
              "duration": 11419,
              "state": null,
              "speed": null,
              "pass": false,
              "fail": false,
              "pending": false,
              "context": null,
              "code": "await utilFun.loginAccount()\nconst url = await utilFun.getUrl();\nassert.equal(url, baseUrl + '/home');",
              "err": {},
              "uuid": "337371e6-4345-43d8-8227-21b6caa149c5",
              "parentUUID": "a3da7ea4-202c-4a8f-aab4-0cf9d5c320a2",
              "isHook": true,
              "skipped": false
            }
          ],
          "afterHooks": [
            {
              "title": "\"after all\" hook in \"hr dashboard\"",
              "fullTitle": "hr dashboard \"after all\" hook in \"hr dashboard\"",
              "timedOut": false,
              "duration": 26,
              "state": null,
              "speed": null,
              "pass": false,
              "fail": false,
              "pending": false,
              "context": null,
              "code": "let query = [\n  `DELETE FROM employee_leaves WHERE \"employeeId\" = 9474;`,\n];\nawait utilFun.udpateDatabase(query);",
              "err": {},
              "uuid": "b9c189bf-1003-4db5-b081-836e1feb36b2",
              "parentUUID": "a3da7ea4-202c-4a8f-aab4-0cf9d5c320a2",
              "isHook": true,
              "skipped": false
            }
          ],
          "tests": [
            {
              "title": "should check if Leaves counts are showing Correct",
              "fullTitle": "hr dashboard should check if Leaves counts are showing Correct",
              "timedOut": false,
              "duration": 3560,
              "state": "passed",
              "speed": "slow",
              "pass": true,
              "fail": false,
              "pending": false,
              "context": null,
              "code": "let query = [\n  `UPDATE employee_leaves_count SET \"carryForwardedLeaves\" = 0 WHERE \"employeeId\" = 9474;`,\n  `UPDATE employee_leaves_count SET \"casualLeavesEarned\" = 10 WHERE \"employeeId\" = 9474;`,\n  `UPDATE employee_leaves_count SET \"sickLeavesEarned\" = 10 WHERE \"employeeId\" = 9474;`,\n  `UPDATE employee_leaves_count SET \"totalLeavesEarned\" = 20 WHERE \"employeeId\" = 9474;`,\n  `UPDATE employee_leaves_count SET \"casualLeavesAvailed\" = 0 WHERE \"employeeId\" = 9474;`,\n  `UPDATE employee_leaves_count SET \"sickLeavesAvailed\" = 0 WHERE \"employeeId\" = 9474;`,\n  `UPDATE employee_leaves_count SET \"totalLeavesAvailed\" = 0 WHERE \"employeeId\" = 9474;`,\n  `UPDATE employee_leaves_count SET \"totalRemainingLeaves\" = 20 WHERE \"employeeId\" = 9474;`,\n  `UPDATE employee_leaves_count SET \"availedUnPaidLeaves\" = 0 WHERE \"employeeId\" = 9474;`,\n  `DELETE FROM employee_leaves WHERE \"employeeId\" = 9474;`,\n];\nawait utilFun.udpateDatabase(query);\nawait utilFun.visit(baseUrl + '/leaves');\nawait utilFun.wait(3000);\nlet leaves = await myLeaves.getCasualLeaves();\nassert.equal(leaves, '10/');\nlet leaves1 = await myLeaves.getSickLeaves();\nassert.equal(leaves1, '10/');\nlet leaves2 = await myLeaves.getCarryForwardLeaves();\nassert.equal(leaves2, '0/');\nlet leaves3 = await myLeaves.getUnpaidLeaves();\nassert.equal(leaves3, '0');",
              "err": {},
              "uuid": "29ca0495-25b0-4988-b2e8-a44097169976",
              "parentUUID": "a3da7ea4-202c-4a8f-aab4-0cf9d5c320a2",
              "isHook": false,
              "skipped": false
            },
            {
              "title": "should able to apply Casual full leave",
              "fullTitle": "hr dashboard should able to apply Casual full leave",
              "timedOut": false,
              "duration": 10489,
              "state": "passed",
              "speed": "slow",
              "pass": true,
              "fail": false,
              "pending": false,
              "context": null,
              "code": "await utilFun.visit(baseUrl + '/leaves');\nawait utilFun.wait(3000);\nawait myLeaves.clickApplyLeaveBtn();\nawait myLeaves.clickLeaveType();\nawait utilFun.wait(1000);\nawait myLeaves.selectLeaveType('Casual Leave');\nawait myLeaves.clickLeaveCategory();\nawait utilFun.wait(1000);\nawait myLeaves.selectLeaveCategory('Full Leave');\nawait myLeaves.setStartDate('05-09-2023');\nawait utilFun.wait(1000);\nawait myLeaves.setEndDate('05-09-2023');\nawait myLeaves.typeReason('testing');\nawait myLeaves.clickSubmitBtn();\nawait utilFun.wait(1000);\nconst alertText = await myLeaves.checkAlert();\nassert.equal(alertText, 'Leave request created successfully');",
              "err": {},
              "uuid": "d380eec6-8051-44d4-8c8b-017c77eec12b",
              "parentUUID": "a3da7ea4-202c-4a8f-aab4-0cf9d5c320a2",
              "isHook": false,
              "skipped": false
            },
            {
              "title": "should able to check if leave is showing in Hr Dashboard",
              "fullTitle": "hr dashboard should able to check if leave is showing in Hr Dashboard",
              "timedOut": false,
              "duration": 5136,
              "state": "passed",
              "speed": "slow",
              "pass": true,
              "fail": false,
              "pending": false,
              "context": null,
              "code": "await utilFun.visit(baseUrl + '/hrDashboard');\nawait utilFun.wait(3000);\nawait hrLeaveDashboard.clickFilterBtn()\nawait hrLeaveDashboard.typeFilterName('Bilal')\nawait utilFun.wait(1000);\nconst leaveText = await hrLeaveDashboard.checkTableRow();\nassert.ok(leaveText.includes('Bilal'), `Expected text not found.`);",
              "err": {},
              "uuid": "23594efd-c2d5-4fe2-a7e7-80c3c916bec6",
              "parentUUID": "a3da7ea4-202c-4a8f-aab4-0cf9d5c320a2",
              "isHook": false,
              "skipped": false
            },
            {
              "title": "should able to Approve Leave",
              "fullTitle": "hr dashboard should able to Approve Leave",
              "timedOut": false,
              "duration": 6635,
              "state": "passed",
              "speed": "slow",
              "pass": true,
              "fail": false,
              "pending": false,
              "context": null,
              "code": "let query = [\n  `UPDATE employee_leaves SET \"leaveStatus\" = 'PENDING' WHERE \"employeeId\" = 9474;`,\n  `UPDATE employee_leaves SET \"approvedAt\" = NULL WHERE \"employeeId\" = 9474;`,\n  `UPDATE employee_leaves SET \"rejectedAt\" = NULL WHERE \"employeeId\" = 9474;`,\n];\nawait utilFun.udpateDatabase(query);\nawait utilFun.visit(baseUrl + '/hrDashboard');\nawait utilFun.wait(3000);\nawait hrLeaveDashboard.clickFilterBtn()\nawait hrLeaveDashboard.typeFilterName('Bilal')\nconst leaveText = await hrLeaveDashboard.checkTableRow();\nassert.ok(leaveText.includes('Bilal'), `Expected text not found.`);\nawait hrLeaveDashboard.clickFilterBtn()\nawait hrLeaveDashboard.clickApproveBtn()\nawait utilFun.wait(1000);\nawait hrLeaveDashboard.clickSubmitBtn()\nawait utilFun.wait(1000);\nconst alertText = await myLeaves.checkAlert();\nassert.equal(alertText, 'Leave status updated successfully');",
              "err": {},
              "uuid": "f03767e1-f56e-47c0-bfae-40177630a82e",
              "parentUUID": "a3da7ea4-202c-4a8f-aab4-0cf9d5c320a2",
              "isHook": false,
              "skipped": false
            },
            {
              "title": "should able to view employee leave in Approved Tab",
              "fullTitle": "hr dashboard should able to view employee leave in Approved Tab",
              "timedOut": false,
              "duration": 5681,
              "state": "passed",
              "speed": "slow",
              "pass": true,
              "fail": false,
              "pending": false,
              "context": null,
              "code": "await utilFun.visit(baseUrl + '/hrDashboard');\nawait utilFun.wait(3000);\nawait hrLeaveDashboard.clickTab('Approved Leaves')\nawait hrLeaveDashboard.clickFilterBtn()\nawait hrLeaveDashboard.typeFilterName('Bilal')\nawait utilFun.wait(1000);\nconst leaveText = await hrLeaveDashboard.checkTableRow();\nassert.ok(leaveText.includes('Bilal'), `Expected text not found.`);",
              "err": {},
              "uuid": "a62d0ae0-cf66-4e27-a697-d2d3d81046df",
              "parentUUID": "a3da7ea4-202c-4a8f-aab4-0cf9d5c320a2",
              "isHook": false,
              "skipped": false
            },
            {
              "title": "should able to Reject Leave",
              "fullTitle": "hr dashboard should able to Reject Leave",
              "timedOut": false,
              "duration": 5902,
              "state": "passed",
              "speed": "slow",
              "pass": true,
              "fail": false,
              "pending": false,
              "context": null,
              "code": "let query = [\n  `UPDATE employee_leaves SET \"leaveStatus\" = 'PENDING' WHERE \"employeeId\" = 9474;`,\n  `UPDATE employee_leaves SET \"approvedAt\" = NULL WHERE \"employeeId\" = 9474;`,\n  `UPDATE employee_leaves SET \"rejectedAt\" = NULL WHERE \"employeeId\" = 9474;`,\n];\nawait utilFun.udpateDatabase(query);\nawait utilFun.visit(baseUrl + '/hrDashboard');\nawait utilFun.wait(3000);\nawait hrLeaveDashboard.clickFilterBtn()\nawait hrLeaveDashboard.typeFilterName('Bilal')\nconst leaveText = await hrLeaveDashboard.checkTableRow();\nassert.ok(leaveText.includes('Bilal'), `Expected text not found.`);\nawait hrLeaveDashboard.clickRejectBtn()\nawait hrLeaveDashboard.typeRejectReasonAndReject('testing')\nawait utilFun.wait(1000);\nconst alertText = await hrLeaveDashboard.checkAlert();\nassert.equal(alertText, 'Leave status updated successfully');",
              "err": {},
              "uuid": "f34399fa-4bed-4344-8bd9-6133b23c35d1",
              "parentUUID": "a3da7ea4-202c-4a8f-aab4-0cf9d5c320a2",
              "isHook": false,
              "skipped": false
            },
            {
              "title": "should able to view employee leave in Rejected Tab",
              "fullTitle": "hr dashboard should able to view employee leave in Rejected Tab",
              "timedOut": false,
              "duration": 5764,
              "state": "passed",
              "speed": "slow",
              "pass": true,
              "fail": false,
              "pending": false,
              "context": null,
              "code": "await utilFun.visit(baseUrl + '/hrDashboard');\nawait utilFun.wait(3000);\nawait hrLeaveDashboard.clickTab('Rejected Leaves')\nawait hrLeaveDashboard.clickFilterBtn()\nawait hrLeaveDashboard.typeFilterName('Bilal')\nawait utilFun.wait(1000);\nconst leaveText = await hrLeaveDashboard.checkTableRow();\nassert.ok(leaveText.includes('Bilal'), `Expected text not found.`);",
              "err": {},
              "uuid": "f16daa60-21ad-49a8-b108-d563c4dc2f62",
              "parentUUID": "a3da7ea4-202c-4a8f-aab4-0cf9d5c320a2",
              "isHook": false,
              "skipped": false
            },
            {
              "title": "should able to send leave notification to PMs",
              "fullTitle": "hr dashboard should able to send leave notification to PMs",
              "timedOut": false,
              "duration": 5486,
              "state": "passed",
              "speed": "slow",
              "pass": true,
              "fail": false,
              "pending": false,
              "context": null,
              "code": "let query = [\n  `UPDATE employee_leaves SET \"leaveStatus\" = 'PENDING' WHERE \"employeeId\" = 9474;`,\n  `UPDATE employee_leaves SET \"approvedAt\" = NULL WHERE \"employeeId\" = 9474;`,\n  `UPDATE employee_leaves SET \"rejectedAt\" = NULL WHERE \"employeeId\" = 9474;`,\n];\nawait utilFun.udpateDatabase(query);\nawait utilFun.visit(baseUrl + '/hrDashboard');\nawait utilFun.wait(3000);\nawait hrLeaveDashboard.clickFilterBtn()\nawait hrLeaveDashboard.typeFilterName('Bilal')\nconst leaveText = await hrLeaveDashboard.checkTableRow();\nassert.ok(leaveText.includes('Bilal'), `Expected text not found.`);\nawait hrLeaveDashboard.clickSendNotificationBtn()\nawait utilFun.wait(1000);\nconst alertText = await hrLeaveDashboard.checkAlert();\nassert.equal(alertText, 'Notification sent to PMs from which leave is pending');",
              "err": {},
              "uuid": "2f154f82-4a04-4101-810a-1c3171e2e3bf",
              "parentUUID": "a3da7ea4-202c-4a8f-aab4-0cf9d5c320a2",
              "isHook": false,
              "skipped": false
            },
            {
              "title": "should able to delete Employee leave",
              "fullTitle": "hr dashboard should able to delete Employee leave",
              "timedOut": false,
              "duration": 6015,
              "state": "passed",
              "speed": "slow",
              "pass": true,
              "fail": false,
              "pending": false,
              "context": null,
              "code": "await utilFun.visit(baseUrl + '/hrDashboard');\nawait utilFun.wait(3000);\nawait hrLeaveDashboard.clickFilterBtn()\nawait hrLeaveDashboard.typeFilterName('Bilal')\nconst leaveText = await hrLeaveDashboard.checkTableRow();\nassert.ok(leaveText.includes('Bilal'), `Expected text not found.`);\nawait hrLeaveDashboard.clickDeleteBtn()\nawait hrLeaveDashboard.typeDeleteReason('testing')\nawait hrLeaveDashboard.clickSubmitDeleteBtn()\nawait utilFun.wait(1000);\nconst alertText = await hrLeaveDashboard.checkAlert();\nassert.equal(alertText, 'Leave request deleted successfully.');",
              "err": {},
              "uuid": "89c6a5b5-0efd-402a-a19a-4a081c59906d",
              "parentUUID": "a3da7ea4-202c-4a8f-aab4-0cf9d5c320a2",
              "isHook": false,
              "skipped": false
            },
            {
              "title": "should able check if delete leave is showing in Deleted Section",
              "fullTitle": "hr dashboard should able check if delete leave is showing in Deleted Section",
              "timedOut": false,
              "duration": 5186,
              "state": "passed",
              "speed": "slow",
              "pass": true,
              "fail": false,
              "pending": false,
              "context": null,
              "code": "await utilFun.visit(baseUrl + '/hrDashboard');\nawait utilFun.wait(3000);\nawait hrLeaveDashboard.clickSeeDeletedLeaves()\nawait hrLeaveDashboard.clickFilterBtn()\nawait hrLeaveDashboard.typeFilterName('Bilal')\nawait utilFun.wait(1000);\nconst leaveText = await hrLeaveDashboard.checkTableRow();\nassert.ok(leaveText.includes('Bilal'), `Expected text not found.`);",
              "err": {},
              "uuid": "16ccd392-e2a3-48da-a0b7-88184e8737ee",
              "parentUUID": "a3da7ea4-202c-4a8f-aab4-0cf9d5c320a2",
              "isHook": false,
              "skipped": false
            },
            {
              "title": "should able to add Compensatory leave to specific employee",
              "fullTitle": "hr dashboard should able to add Compensatory leave to specific employee",
              "timedOut": false,
              "duration": 12286,
              "state": "passed",
              "speed": "slow",
              "pass": true,
              "fail": false,
              "pending": false,
              "context": null,
              "code": "let query = [\n  `UPDATE employee_leaves_count SET \"casualLeavesAvailed\" = 0 WHERE \"employeeId\" = 9474;`,\n  `UPDATE employee_leaves_count SET \"casualLeavesEarned\" = 10 WHERE \"employeeId\" = 9474;`,\n];\nawait utilFun.udpateDatabase(query);\nawait utilFun.visit(baseUrl + '/hrDashboard');\nawait utilFun.wait(3000);\nawait hrLeaveDashboard.clickCompLeaveBtn()\nawait hrLeaveDashboard.selectResource('Muhammad Bilal Rafaqat')\nawait utilFun.wait(1000);\nawait hrLeaveDashboard.setStartDate('10-09-2023');\nawait utilFun.wait(1000);\nawait hrLeaveDashboard.setEndDate('10-09-2023');\nawait myLeaves.typeReason('testing');\nawait hrLeaveDashboard.clickSubmitBtn();\nawait utilFun.wait(1000);\nconst alertText = await myLeaves.checkAlert();\nassert.equal(alertText, 'Compensatory leave added successfully');",
              "err": {},
              "uuid": "8a3f6c6e-d95e-40cc-8e09-1e190f5cc7cd",
              "parentUUID": "a3da7ea4-202c-4a8f-aab4-0cf9d5c320a2",
              "isHook": false,
              "skipped": false
            },
            {
              "title": "should check if Leave is Added",
              "fullTitle": "hr dashboard should check if Leave is Added",
              "timedOut": false,
              "duration": 3416,
              "state": "passed",
              "speed": "slow",
              "pass": true,
              "fail": false,
              "pending": false,
              "context": null,
              "code": "await utilFun.visit(baseUrl + '/leaves');\nawait utilFun.wait(3000);\nlet leaves = await myLeaves.getCasualLeaves();\nassert.equal(leaves, '11/');",
              "err": {},
              "uuid": "09f05b75-33cb-4424-9303-36db28eb1d43",
              "parentUUID": "a3da7ea4-202c-4a8f-aab4-0cf9d5c320a2",
              "isHook": false,
              "skipped": false
            },
            {
              "title": "should able to add Compensatory leave to all employee",
              "fullTitle": "hr dashboard should able to add Compensatory leave to all employee",
              "timedOut": false,
              "duration": 9486,
              "state": "passed",
              "speed": "slow",
              "pass": true,
              "fail": false,
              "pending": false,
              "context": null,
              "code": "let query = [\n  `UPDATE employee_leaves_count SET \"casualLeavesAvailed\" = 0 WHERE \"employeeId\" = 9474;`,\n  `UPDATE employee_leaves_count SET \"casualLeavesEarned\" = 10 WHERE \"employeeId\" = 9474;`,\n];\nawait utilFun.udpateDatabase(query);\nawait utilFun.visit(baseUrl + '/hrDashboard');\nawait utilFun.wait(3000);\nawait hrLeaveDashboard.clickCompLeaveBtn()\nawait hrLeaveDashboard.clickSelectAllRadioBtn()\nawait utilFun.wait(1000);\nawait hrLeaveDashboard.setStartDate('10-09-2023');\nawait utilFun.wait(1000);\nawait hrLeaveDashboard.setEndDate('10-09-2023');\nawait myLeaves.typeReason('testing');\nawait hrLeaveDashboard.clickSubmitBtn();\nawait utilFun.wait(1000);\nconst alertText = await myLeaves.checkAlert();\nassert.equal(alertText, 'Compensatory leave added successfully');",
              "err": {},
              "uuid": "c26e8d70-4916-4b7d-a965-0a14db460e80",
              "parentUUID": "a3da7ea4-202c-4a8f-aab4-0cf9d5c320a2",
              "isHook": false,
              "skipped": false
            },
            {
              "title": "should check if Leave is Added",
              "fullTitle": "hr dashboard should check if Leave is Added",
              "timedOut": false,
              "duration": 3441,
              "state": "passed",
              "speed": "slow",
              "pass": true,
              "fail": false,
              "pending": false,
              "context": null,
              "code": "await utilFun.visit(baseUrl + '/leaves');\nawait utilFun.wait(3000);\nlet leaves = await myLeaves.getCasualLeaves();\nassert.equal(leaves, '11/');",
              "err": {},
              "uuid": "95f709a1-1634-47bb-be38-e57f090d81a1",
              "parentUUID": "a3da7ea4-202c-4a8f-aab4-0cf9d5c320a2",
              "isHook": false,
              "skipped": false
            },
            {
              "title": "should able to create Casual full leave from Hr Dashboard",
              "fullTitle": "hr dashboard should able to create Casual full leave from Hr Dashboard",
              "timedOut": false,
              "duration": 12552,
              "state": "passed",
              "speed": "slow",
              "pass": true,
              "fail": false,
              "pending": false,
              "context": null,
              "code": "await utilFun.visit(baseUrl + '/hrDashboard');\nawait utilFun.wait(3000);\nawait hrLeaveDashboard.clickCreateLeaveBtn()\nawait hrLeaveDashboard.selectAResource('Muhammad Bilal Rafaqat')\nawait hrLeaveDashboard.selectLeaveType('Casual Leave')\nawait hrLeaveDashboard.selectLeaveCategory('Full Leave')\nawait utilFun.wait(1000);\nawait hrLeaveDashboard.setStartDate('10-09-2023');\nawait utilFun.wait(1000);\nawait hrLeaveDashboard.setEndDate('10-09-2023');\nawait myLeaves.typeReason('testing');\nawait hrLeaveDashboard.clickSubmitBtn();\nconst alertText = await hrLeaveDashboard.checkAlert();\nassert.equal(alertText, 'Leave request created successfully');",
              "err": {},
              "uuid": "c7386f2a-0a55-48ed-afcd-ded5167983ef",
              "parentUUID": "a3da7ea4-202c-4a8f-aab4-0cf9d5c320a2",
              "isHook": false,
              "skipped": false
            },
            {
              "title": "should able to create Casual First Half leave from Hr Dashboard",
              "fullTitle": "hr dashboard should able to create Casual First Half leave from Hr Dashboard",
              "timedOut": false,
              "duration": 12681,
              "state": "passed",
              "speed": "slow",
              "pass": true,
              "fail": false,
              "pending": false,
              "context": null,
              "code": "await utilFun.visit(baseUrl + '/hrDashboard');\nawait utilFun.wait(3000);\nawait hrLeaveDashboard.clickCreateLeaveBtn()\nawait hrLeaveDashboard.selectAResource('Muhammad Bilal Rafaqat')\nawait hrLeaveDashboard.selectLeaveType('Casual Leave')\nawait hrLeaveDashboard.selectLeaveCategory('Half Leave')\nawait hrLeaveDashboard.selectHalfLeaveShift('First Half')\nawait utilFun.wait(1000);\nawait hrLeaveDashboard.setStartDate('11-09-2023');\nawait utilFun.wait(1000);\nawait hrLeaveDashboard.setEndDate('11-09-2023');\nawait myLeaves.typeReason('testing');\nawait hrLeaveDashboard.clickSubmitBtn();\nconst alertText = await hrLeaveDashboard.checkAlert();\nassert.equal(alertText, 'Leave request created successfully');",
              "err": {},
              "uuid": "f2921db1-541b-42be-aa5f-3ecd63e6b232",
              "parentUUID": "a3da7ea4-202c-4a8f-aab4-0cf9d5c320a2",
              "isHook": false,
              "skipped": false
            },
            {
              "title": "should able to create Casual Second Half leave from Hr Dashboard",
              "fullTitle": "hr dashboard should able to create Casual Second Half leave from Hr Dashboard",
              "timedOut": false,
              "duration": 12875,
              "state": "passed",
              "speed": "slow",
              "pass": true,
              "fail": false,
              "pending": false,
              "context": null,
              "code": "await utilFun.visit(baseUrl + '/hrDashboard');\nawait utilFun.wait(3000);\nawait hrLeaveDashboard.clickCreateLeaveBtn()\nawait hrLeaveDashboard.selectAResource('Muhammad Bilal Rafaqat')\nawait hrLeaveDashboard.selectLeaveType('Casual Leave')\nawait hrLeaveDashboard.selectLeaveCategory('Half Leave')\nawait hrLeaveDashboard.selectHalfLeaveShift('Second Half')\nawait utilFun.wait(1000);\nawait hrLeaveDashboard.setStartDate('12-09-2023');\nawait utilFun.wait(1000);\nawait hrLeaveDashboard.setEndDate('12-09-2023');\nawait myLeaves.typeReason('testing');\nawait hrLeaveDashboard.clickSubmitBtn();\nconst alertText = await hrLeaveDashboard.checkAlert();\nassert.equal(alertText, 'Leave request created successfully');",
              "err": {},
              "uuid": "304204fa-0af9-4bba-aa45-da6e9c41f85a",
              "parentUUID": "a3da7ea4-202c-4a8f-aab4-0cf9d5c320a2",
              "isHook": false,
              "skipped": false
            },
            {
              "title": "should able to create Sick full leave from Hr Dashboard",
              "fullTitle": "hr dashboard should able to create Sick full leave from Hr Dashboard",
              "timedOut": false,
              "duration": 12715,
              "state": "passed",
              "speed": "slow",
              "pass": true,
              "fail": false,
              "pending": false,
              "context": null,
              "code": "await utilFun.visit(baseUrl + '/hrDashboard');\nawait utilFun.wait(3000);\nawait hrLeaveDashboard.clickCreateLeaveBtn()\nawait hrLeaveDashboard.selectAResource('Muhammad Bilal Rafaqat')\nawait hrLeaveDashboard.selectLeaveType('Sick Leave')\nawait hrLeaveDashboard.selectLeaveCategory('Full Leave')\nawait utilFun.wait(1000);\nawait hrLeaveDashboard.setStartDate('13-09-2023');\nawait utilFun.wait(1000);\nawait hrLeaveDashboard.setEndDate('13-09-2023');\nawait myLeaves.typeReason('testing');\nawait hrLeaveDashboard.clickSubmitBtn();\nconst alertText = await hrLeaveDashboard.checkAlert();\nassert.equal(alertText, 'Leave request created successfully');",
              "err": {},
              "uuid": "2f01a6c5-623b-4570-b386-4d5132f234a4",
              "parentUUID": "a3da7ea4-202c-4a8f-aab4-0cf9d5c320a2",
              "isHook": false,
              "skipped": false
            },
            {
              "title": "should able to create Sick First Half leave from Hr Dashboard",
              "fullTitle": "hr dashboard should able to create Sick First Half leave from Hr Dashboard",
              "timedOut": false,
              "duration": 12967,
              "state": "passed",
              "speed": "slow",
              "pass": true,
              "fail": false,
              "pending": false,
              "context": null,
              "code": "await utilFun.visit(baseUrl + '/hrDashboard');\nawait utilFun.wait(3000);\nawait hrLeaveDashboard.clickCreateLeaveBtn()\nawait hrLeaveDashboard.selectAResource('Muhammad Bilal Rafaqat')\nawait hrLeaveDashboard.selectLeaveType('Sick Leave')\nawait hrLeaveDashboard.selectLeaveCategory('Half Leave')\nawait hrLeaveDashboard.selectHalfLeaveShift('First Half')\nawait utilFun.wait(1000);\nawait hrLeaveDashboard.setStartDate('14-09-2023');\nawait utilFun.wait(1000);\nawait hrLeaveDashboard.setEndDate('14-09-2023');\nawait myLeaves.typeReason('testing');\nawait hrLeaveDashboard.clickSubmitBtn();\nconst alertText = await hrLeaveDashboard.checkAlert();\nassert.equal(alertText, 'Leave request created successfully');",
              "err": {},
              "uuid": "7ce3c9a0-a1b7-415c-bba9-de55ea87c1ce",
              "parentUUID": "a3da7ea4-202c-4a8f-aab4-0cf9d5c320a2",
              "isHook": false,
              "skipped": false
            },
            {
              "title": "should able to create Sick Second Half leave from Hr Dashboard",
              "fullTitle": "hr dashboard should able to create Sick Second Half leave from Hr Dashboard",
              "timedOut": false,
              "duration": 12920,
              "state": "passed",
              "speed": "slow",
              "pass": true,
              "fail": false,
              "pending": false,
              "context": null,
              "code": "await utilFun.visit(baseUrl + '/hrDashboard');\nawait utilFun.wait(3000);\nawait hrLeaveDashboard.clickCreateLeaveBtn()\nawait hrLeaveDashboard.selectAResource('Muhammad Bilal Rafaqat')\nawait hrLeaveDashboard.selectLeaveType('Sick Leave')\nawait hrLeaveDashboard.selectLeaveCategory('Half Leave')\nawait hrLeaveDashboard.selectHalfLeaveShift('Second Half')\nawait utilFun.wait(1000);\nawait hrLeaveDashboard.setStartDate('15-09-2023');\nawait utilFun.wait(1000);\nawait hrLeaveDashboard.setEndDate('15-09-2023');\nawait myLeaves.typeReason('testing');\nawait hrLeaveDashboard.clickSubmitBtn();\nconst alertText = await hrLeaveDashboard.checkAlert();\nassert.equal(alertText, 'Leave request created successfully');",
              "err": {},
              "uuid": "2da099ea-ec8b-4657-afd2-e37214a994b4",
              "parentUUID": "a3da7ea4-202c-4a8f-aab4-0cf9d5c320a2",
              "isHook": false,
              "skipped": false
            },
            {
              "title": "should able to create Un-Paid full leave from Hr Dashboard",
              "fullTitle": "hr dashboard should able to create Un-Paid full leave from Hr Dashboard",
              "timedOut": false,
              "duration": 12826,
              "state": "passed",
              "speed": "slow",
              "pass": true,
              "fail": false,
              "pending": false,
              "context": null,
              "code": "await utilFun.visit(baseUrl + '/hrDashboard');\nawait utilFun.wait(3000);\nawait hrLeaveDashboard.clickCreateLeaveBtn()\nawait hrLeaveDashboard.selectAResource('Muhammad Bilal Rafaqat')\nawait hrLeaveDashboard.selectLeaveType('Un-Paid Leave')\nawait hrLeaveDashboard.selectLeaveCategory('Full Leave')\nawait utilFun.wait(1000);\nawait hrLeaveDashboard.setStartDate('16-09-2023');\nawait utilFun.wait(1000);\nawait hrLeaveDashboard.setEndDate('16-09-2023');\nawait myLeaves.typeReason('testing');\nawait hrLeaveDashboard.clickSubmitBtn();\nconst alertText = await hrLeaveDashboard.checkAlert();\nassert.equal(alertText, 'Leave request created successfully');",
              "err": {},
              "uuid": "30d00842-4fa9-4cc3-a036-8989dbe33748",
              "parentUUID": "a3da7ea4-202c-4a8f-aab4-0cf9d5c320a2",
              "isHook": false,
              "skipped": false
            },
            {
              "title": "should able to create Un-Paid First Half leave from Hr Dashboard",
              "fullTitle": "hr dashboard should able to create Un-Paid First Half leave from Hr Dashboard",
              "timedOut": false,
              "duration": 12564,
              "state": "passed",
              "speed": "slow",
              "pass": true,
              "fail": false,
              "pending": false,
              "context": null,
              "code": "await utilFun.visit(baseUrl + '/hrDashboard');\nawait utilFun.wait(3000);\nawait hrLeaveDashboard.clickCreateLeaveBtn()\nawait hrLeaveDashboard.selectAResource('Muhammad Bilal Rafaqat')\nawait hrLeaveDashboard.selectLeaveType('Un-Paid Leave')\nawait hrLeaveDashboard.selectLeaveCategory('Half Leave')\nawait hrLeaveDashboard.selectHalfLeaveShift('First Half')\nawait utilFun.wait(1000);\nawait hrLeaveDashboard.setStartDate('17-09-2023');\nawait utilFun.wait(1000);\nawait hrLeaveDashboard.setEndDate('17-09-2023');\nawait myLeaves.typeReason('testing');\nawait hrLeaveDashboard.clickSubmitBtn();\nconst alertText = await hrLeaveDashboard.checkAlert();\nassert.equal(alertText, 'Leave request created successfully');",
              "err": {},
              "uuid": "f62425fa-9d9b-49ae-bf25-86fcc776cc2d",
              "parentUUID": "a3da7ea4-202c-4a8f-aab4-0cf9d5c320a2",
              "isHook": false,
              "skipped": false
            },
            {
              "title": "should able to create Un-Paid Second Half leave from Hr Dashboard",
              "fullTitle": "hr dashboard should able to create Un-Paid Second Half leave from Hr Dashboard",
              "timedOut": false,
              "duration": 12503,
              "state": "passed",
              "speed": "slow",
              "pass": true,
              "fail": false,
              "pending": false,
              "context": null,
              "code": "await utilFun.visit(baseUrl + '/hrDashboard');\nawait utilFun.wait(3000);\nawait hrLeaveDashboard.clickCreateLeaveBtn()\nawait hrLeaveDashboard.selectAResource('Muhammad Bilal Rafaqat')\nawait hrLeaveDashboard.selectLeaveType('Un-Paid Leave')\nawait hrLeaveDashboard.selectLeaveCategory('Half Leave')\nawait hrLeaveDashboard.selectHalfLeaveShift('Second Half')\nawait utilFun.wait(1000);\nawait hrLeaveDashboard.setStartDate('18-09-2023');\nawait utilFun.wait(1000);\nawait hrLeaveDashboard.setEndDate('18-09-2023');\nawait myLeaves.typeReason('testing');\nawait hrLeaveDashboard.clickSubmitBtn();\nconst alertText = await hrLeaveDashboard.checkAlert();\nassert.equal(alertText, 'Leave request created successfully');",
              "err": {},
              "uuid": "d11cadc4-b05a-4cb0-b200-cb932693ec30",
              "parentUUID": "a3da7ea4-202c-4a8f-aab4-0cf9d5c320a2",
              "isHook": false,
              "skipped": false
            }
          ],
          "suites": [],
          "passes": [
            "29ca0495-25b0-4988-b2e8-a44097169976",
            "d380eec6-8051-44d4-8c8b-017c77eec12b",
            "23594efd-c2d5-4fe2-a7e7-80c3c916bec6",
            "f03767e1-f56e-47c0-bfae-40177630a82e",
            "a62d0ae0-cf66-4e27-a697-d2d3d81046df",
            "f34399fa-4bed-4344-8bd9-6133b23c35d1",
            "f16daa60-21ad-49a8-b108-d563c4dc2f62",
            "2f154f82-4a04-4101-810a-1c3171e2e3bf",
            "89c6a5b5-0efd-402a-a19a-4a081c59906d",
            "16ccd392-e2a3-48da-a0b7-88184e8737ee",
            "8a3f6c6e-d95e-40cc-8e09-1e190f5cc7cd",
            "09f05b75-33cb-4424-9303-36db28eb1d43",
            "c26e8d70-4916-4b7d-a965-0a14db460e80",
            "95f709a1-1634-47bb-be38-e57f090d81a1",
            "c7386f2a-0a55-48ed-afcd-ded5167983ef",
            "f2921db1-541b-42be-aa5f-3ecd63e6b232",
            "304204fa-0af9-4bba-aa45-da6e9c41f85a",
            "2f01a6c5-623b-4570-b386-4d5132f234a4",
            "7ce3c9a0-a1b7-415c-bba9-de55ea87c1ce",
            "2da099ea-ec8b-4657-afd2-e37214a994b4",
            "30d00842-4fa9-4cc3-a036-8989dbe33748",
            "f62425fa-9d9b-49ae-bf25-86fcc776cc2d",
            "d11cadc4-b05a-4cb0-b200-cb932693ec30"
          ],
          "failures": [],
          "pending": [],
          "skipped": [],
          "duration": 203086,
          "root": false,
          "rootEmpty": false,
          "_timeout": 60000
        }
      ],
      "passes": [],
      "failures": [],
      "pending": [],
      "skipped": [],
      "duration": 0,
      "root": true,
      "rootEmpty": true,
      "_timeout": 60000
    }
  ],
  "meta": {
    "mocha": {
      "version": "10.2.0"
    },
    "mochawesome": {
      "options": {
        "quiet": false,
        "reportFilename": "mochawesome",
        "saveHtml": true,
        "saveJson": true,
        "consoleReporter": "spec",
        "useInlineDiffs": false,
        "code": true
      },
      "version": "7.1.3"
    },
    "marge": {
      "options": {
        "reportDir": "test/report"
      },
      "version": "6.2.0"
    }
  }
}