{
  "stats": {
    "suites": 8,
    "tests": 139,
    "passes": 124,
    "pending": 0,
    "failures": 15,
    "start": "2023-12-12T13:35:32.220Z",
    "end": "2023-12-12T13:59:00.326Z",
    "duration": 1408106,
    "testsRegistered": 139,
    "passPercent": 89.20863309352518,
    "pendingPercent": 0,
    "other": 0,
    "hasOther": false,
    "skipped": 0,
    "hasSkipped": false
  },
  "results": [
    {
      "uuid": "eca5e0a3-dee2-480b-89bc-6cbd3c7404b4",
      "title": "",
      "fullFile": "",
      "file": "",
      "beforeHooks": [],
      "afterHooks": [],
      "tests": [],
      "suites": [
        {
          "uuid": "2828144c-1fa4-4e9c-a698-65d9a76f28d2",
          "title": "Pending Evaluations",
          "fullFile": "/home/devops/invohub/resource-engagement/test/e2e/evaluation/spec_1_pendings.js",
          "file": "/test/e2e/evaluation/spec_1_pendings.js",
          "beforeHooks": [
            {
              "title": "\"before all\" hook in \"Pending Evaluations\"",
              "fullTitle": "Pending Evaluations \"before all\" hook in \"Pending Evaluations\"",
              "timedOut": false,
              "duration": 48235,
              "state": null,
              "speed": null,
              "pass": false,
              "fail": false,
              "pending": false,
              "context": null,
              "code": "await utilFun.login(email, password);\nconst url = await utilFun.getUrl();\nassert.equal(url, baseUrl + '/home');\nlet query =[\n    `UPDATE employee_evaluations SET \"incrementType\" = 'annual' WHERE id = 26;`,\n    `UPDATE employee_evaluations SET \"processType\" = NULL WHERE id = 26;`,\n    `UPDATE employee_evaluations SET \"reasonForDefer\" = NULL WHERE id = 26;`,\n    `UPDATE employee_evaluations SET \"processDate\" = NULL WHERE id = 26;`,\n    `UPDATE employee_evaluations SET \"feedback\" = NULL WHERE id = 26;`,\n  `DELETE FROM employee_evaluations WHERE \"employeeId\" = 9742 AND \"incrementType\" = 'designation';`,\n    ];\n    await utilFun.udpateDatabase(query);",
              "err": {},
              "uuid": "dafa142a-8179-4de7-b9e5-5a2ee4ffcfb7",
              "parentUUID": "2828144c-1fa4-4e9c-a698-65d9a76f28d2",
              "isHook": true,
              "skipped": false
            },
            {
              "title": "\"before each\" hook in \"Pending Evaluations\"",
              "fullTitle": "Pending Evaluations \"before each\" hook in \"Pending Evaluations\"",
              "timedOut": false,
              "duration": 3330,
              "state": null,
              "speed": null,
              "pass": false,
              "fail": false,
              "pending": false,
              "context": null,
              "code": "await utilFun.visit(baseUrl + '/evaluation');\nawait utilFun.wait(3000);",
              "err": {},
              "uuid": "d52c89d7-b9d4-42ec-aed6-b8a428b91d08",
              "parentUUID": "2828144c-1fa4-4e9c-a698-65d9a76f28d2",
              "isHook": true,
              "skipped": false
            }
          ],
          "afterHooks": [],
          "tests": [
            {
              "title": "should check if pending evaluations are showing",
              "fullTitle": "Pending Evaluations should check if pending evaluations are showing",
              "timedOut": false,
              "duration": 39,
              "state": "passed",
              "speed": "medium",
              "pass": true,
              "fail": false,
              "pending": false,
              "context": null,
              "code": "let obj = await evaluation.getAllPendingResourses();\nassert(obj.length > 0, `No Evaluation Found`);",
              "err": {},
              "uuid": "22ca8a34-d065-4dee-b095-48f439dd39a7",
              "parentUUID": "2828144c-1fa4-4e9c-a698-65d9a76f28d2",
              "isHook": false,
              "skipped": false
            },
            {
              "title": "should able to filter resoures by name",
              "fullTitle": "Pending Evaluations should able to filter resoures by name",
              "timedOut": false,
              "duration": 1930,
              "state": "passed",
              "speed": "slow",
              "pass": true,
              "fail": false,
              "pending": false,
              "context": null,
              "code": "await evaluation.clickFilterButton();\nawait evaluation.searchName('James Salinas');\nawait utilFun.wait(1000);\nconst name = await evaluation.getResourseName();\nutilFun.assertEql(name, 'James Salinas');",
              "err": {},
              "uuid": "0c874664-f63e-42f4-bfc7-d994c6181bc3",
              "parentUUID": "2828144c-1fa4-4e9c-a698-65d9a76f28d2",
              "isHook": false,
              "skipped": false
            },
            {
              "title": "should able to filter resoures by Review Type",
              "fullTitle": "Pending Evaluations should able to filter resoures by Review Type",
              "timedOut": false,
              "duration": 1751,
              "state": "passed",
              "speed": "slow",
              "pass": true,
              "fail": false,
              "pending": false,
              "context": null,
              "code": "await evaluation.clickFilterButton();\nawait evaluation.selectReviewType('Annual');\nconst valuesCount = await evaluation.checkValues();\nutilFun.assertEql(valuesCount, 1);",
              "err": {},
              "uuid": "489a241b-66bd-4fb6-ac77-1227f47da61e",
              "parentUUID": "2828144c-1fa4-4e9c-a698-65d9a76f28d2",
              "isHook": false,
              "skipped": false
            },
            {
              "title": "should able to filter resoures by Last Increment",
              "fullTitle": "Pending Evaluations should able to filter resoures by Last Increment",
              "timedOut": false,
              "duration": 1493,
              "state": "passed",
              "speed": "slow",
              "pass": true,
              "fail": false,
              "pending": false,
              "context": null,
              "code": "await evaluation.clickFilterButton();\nawait evaluation.selectLastIncrement('N/A');\nconst valuesCount = await evaluation.checkValues();\nutilFun.assertEql(valuesCount, 1);",
              "err": {},
              "uuid": "26d1fe7c-a5e5-4593-8406-3a724afb2f82",
              "parentUUID": "2828144c-1fa4-4e9c-a698-65d9a76f28d2",
              "isHook": false,
              "skipped": false
            },
            {
              "title": "should able to  copy email from options",
              "fullTitle": "Pending Evaluations should able to  copy email from options",
              "timedOut": false,
              "duration": 6257,
              "state": "passed",
              "speed": "slow",
              "pass": true,
              "fail": false,
              "pending": false,
              "context": null,
              "code": "await evaluation.clickFilterButton();\nawait evaluation.searchName('James Salinas');\nawait utilFun.wait(1000);\nconst name = await evaluation.getResourseName();\nutilFun.assertEql(name, 'James Salinas');\nawait evaluation.clickOptionBtn();\nawait utilFun.wait(1000);\nawait evaluation.selectOption('Copy Email');\nawait utilFun.wait(3000);\nconst alertText = await evaluation.checkAlert();\nutilFun.assertEql(alertText, 'Email address is copied');",
              "err": {},
              "uuid": "28afbd95-aa27-4695-baa6-b6cea8e7a037",
              "parentUUID": "2828144c-1fa4-4e9c-a698-65d9a76f28d2",
              "isHook": false,
              "skipped": false
            },
            {
              "title": "should able to Send Email from options",
              "fullTitle": "Pending Evaluations should able to Send Email from options",
              "timedOut": false,
              "duration": 12244,
              "state": "passed",
              "speed": "slow",
              "pass": true,
              "fail": false,
              "pending": false,
              "context": null,
              "code": "await evaluation.clickFilterButton();\nawait evaluation.searchName('James Salinas');\nawait utilFun.wait(1000);\nconst name = await evaluation.getResourseName();\nutilFun.assertEql(name, 'James Salinas');\nawait evaluation.clickOptionBtn();\nawait utilFun.wait(1000);\nawait evaluation.selectOption('Send Email');\nawait utilFun.wait(1000);\nawait utilFun.switchWindow(1);\nawait utilFun.wait(3000);\nconst url = await utilFun.getUrl();\nassert.equal(url, 'https://mail.google.com/mail/u/0/?fs=1&tf=cm&to=james@robot-mail.com');\nawait utilFun.closeCurrentTab();\nawait utilFun.switchWindow(0);",
              "err": {},
              "uuid": "83ede873-6770-48b5-b539-5a2410721180",
              "parentUUID": "2828144c-1fa4-4e9c-a698-65d9a76f28d2",
              "isHook": false,
              "skipped": false
            },
            {
              "title": "should able to Open Slack DM from options",
              "fullTitle": "Pending Evaluations should able to Open Slack DM from options",
              "timedOut": false,
              "duration": 7240,
              "state": "passed",
              "speed": "slow",
              "pass": true,
              "fail": false,
              "pending": false,
              "context": null,
              "code": "await evaluation.clickFilterButton();\nawait evaluation.searchName('James Salinas');\nawait utilFun.wait(1000);\nconst name = await evaluation.getResourseName();\nutilFun.assertEql(name, 'James Salinas');\nawait evaluation.clickOptionBtn();\nawait utilFun.wait(1000);\nawait evaluation.selectOption('Open Slack DM');\nawait utilFun.wait(1000);\nawait utilFun.switchWindow(1);\nawait utilFun.wait(3000);\nconst url = await utilFun.getUrl();\nassert.equal(url, 'https://invozone.slack.com/?redir=%2Fapp_redirect%3Fchannel%3Dundefined');\nawait utilFun.closeCurrentTab();\nawait utilFun.switchWindow(0);",
              "err": {},
              "uuid": "43ba0205-9ac5-4807-a525-8b4b4b1b4798",
              "parentUUID": "2828144c-1fa4-4e9c-a698-65d9a76f28d2",
              "isHook": false,
              "skipped": false
            },
            {
              "title": "should able to see Email from options",
              "fullTitle": "Pending Evaluations should able to see Email from options",
              "timedOut": false,
              "duration": 6186,
              "state": "passed",
              "speed": "slow",
              "pass": true,
              "fail": false,
              "pending": false,
              "context": null,
              "code": "await evaluation.clickFilterButton();\nawait evaluation.searchName('James Salinas');\nawait utilFun.wait(1000);\nconst name = await evaluation.getResourseName();\nutilFun.assertEql(name, 'James Salinas');\nawait evaluation.clickOptionBtn();\nawait utilFun.wait(1000);\nawait evaluation.selectOption('See Email');\nawait utilFun.wait(3000);\nconst email = await evaluation.copyEmail();\nassert.equal(email, 'Email: james@robot-mail.com');",
              "err": {},
              "uuid": "9e694671-3794-47d4-b238-c23837081713",
              "parentUUID": "2828144c-1fa4-4e9c-a698-65d9a76f28d2",
              "isHook": false,
              "skipped": false
            },
            {
              "title": "should able to copy Phone Number from options",
              "fullTitle": "Pending Evaluations should able to copy Phone Number from options",
              "timedOut": false,
              "duration": 16306,
              "state": "failed",
              "speed": null,
              "pass": false,
              "fail": true,
              "pending": false,
              "context": null,
              "code": "await evaluation.clickFilterButton();\nawait evaluation.searchName('James Salinas');\nawait utilFun.wait(1000);\nconst name = await evaluation.getResourseName();\nutilFun.assertEql(name, 'James Salinas');\nawait evaluation.clickOptionBtn();\nawait utilFun.wait(1000);\nawait evaluation.selectOption('Phone Number');\nawait utilFun.wait(3000);\nawait evaluation.copyPhoneNumber();\nconst alertText = await evaluation.checkAlert();\nassert.equal(alertText, 'Phone# is copied successfully');",
              "err": {
                "message": "TimeoutError: Waiting for element to be located By(css selector, button[label=\"Copy to Clipboard\"])\nWait timed out after 10156ms",
                "estack": "TimeoutError: Waiting for element to be located By(css selector, button[label=\"Copy to Clipboard\"])\nWait timed out after 10156ms\n    at /home/devops/invohub/resource-engagement/node_modules/selenium-webdriver/lib/webdriver.js:929:17\n    at process.processTicksAndRejections (node:internal/process/task_queues:95:5)",
                "diff": null
              },
              "uuid": "a92cd563-9a0a-4888-91c6-4ecaa00b315d",
              "parentUUID": "2828144c-1fa4-4e9c-a698-65d9a76f28d2",
              "isHook": false,
              "skipped": false
            },
            {
              "title": "should able to see Resource Details from options",
              "fullTitle": "Pending Evaluations should able to see Resource Details from options",
              "timedOut": false,
              "duration": 4162,
              "state": "passed",
              "speed": "slow",
              "pass": true,
              "fail": false,
              "pending": false,
              "context": null,
              "code": "await evaluation.clickFilterButton();\nawait evaluation.searchName('James Salinas');\nawait utilFun.wait(1000);\nconst name = await evaluation.getResourseName();\nutilFun.assertEql(name, 'James Salinas');\nawait evaluation.clickResource();\nawait utilFun.wait(1000);\nawait utilFun.switchWindow(1);\nawait utilFun.wait(1000);\nconst url = await utilFun.getUrl();\nassert.equal(url, 'http://localhost:3000/resourceDetail/9742?tab=Basic_Information');\nawait utilFun.closeCurrentTab();\nawait utilFun.switchWindow(0);",
              "err": {},
              "uuid": "b6ac4b6f-0ed1-4def-ab80-50cff76f8622",
              "parentUUID": "2828144c-1fa4-4e9c-a698-65d9a76f28d2",
              "isHook": false,
              "skipped": false
            },
            {
              "title": "should able to see employee history",
              "fullTitle": "Pending Evaluations should able to see employee history",
              "timedOut": false,
              "duration": 3059,
              "state": "passed",
              "speed": "slow",
              "pass": true,
              "fail": false,
              "pending": false,
              "context": null,
              "code": "await evaluation.clickFilterButton();\nawait evaluation.searchName('James Salinas');\nawait utilFun.wait(1000);\nconst name = await evaluation.getResourseName();\nutilFun.assertEql(name, 'James Salinas');\nawait evaluation.clickSeeFeedback();\nawait utilFun.wait(1000);\nconst title = await evaluation.checkTitle();\nutilFun.assertEql(title, 'Feedback History of James Salinas');\nawait evaluation.checkSelectedTab();",
              "err": {},
              "uuid": "6e78b001-219f-4eab-a826-34101e2ba7c2",
              "parentUUID": "2828144c-1fa4-4e9c-a698-65d9a76f28d2",
              "isHook": false,
              "skipped": false
            },
            {
              "title": "should able to request a review",
              "fullTitle": "Pending Evaluations should able to request a review",
              "timedOut": false,
              "duration": 7154,
              "state": "passed",
              "speed": "slow",
              "pass": true,
              "fail": false,
              "pending": false,
              "context": null,
              "code": "await evaluation.clickFilterButton();\nawait evaluation.searchName('James Salinas');\nawait utilFun.wait(1000);\nconst name = await evaluation.getResourseName();\nutilFun.assertEql(name, 'James Salinas');\nawait evaluation.clickSeeFeedback();\nawait utilFun.wait(1000);\nawait evaluation.clickSubmittedReview();\nawait evaluation.clickReqReviewBtn();\nawait utilFun.wait(1000);\nawait evaluation.clickHod('Muhammad Bilal Rafaqat');\nawait evaluation.clickSendReqBtn();\nconst alertText = await evaluation.checkAlert();\nutilFun.assertEql(alertText, 'Request is send successfully.');",
              "err": {},
              "uuid": "8b525be3-0a84-4fff-b89f-3505c7c24713",
              "parentUUID": "2828144c-1fa4-4e9c-a698-65d9a76f28d2",
              "isHook": false,
              "skipped": false
            },
            {
              "title": "should able to give a review",
              "fullTitle": "Pending Evaluations should able to give a review",
              "timedOut": false,
              "duration": 13754,
              "state": "passed",
              "speed": "slow",
              "pass": true,
              "fail": false,
              "pending": false,
              "context": null,
              "code": "const query = [\n  `UPDATE employees SET \"departmentId\" = 9 WHERE id = 9474;`,\n  `UPDATE employees SET \"designationId\" = 83 WHERE id = 9474;`,\n  `UPDATE employees SET \"designation\" = 'Head of Engineering' WHERE id = 9474;`,\n];\nawait utilFun.udpateDatabase(query);\nawait utilFun.refresh();\nawait evaluation.clickFilterButton();\nawait evaluation.searchName('James Salinas');\nawait utilFun.wait(1000);\nconst name = await evaluation.getResourseName();\nutilFun.assertEql(name, 'James Salinas');\nawait evaluation.clickSeeFeedback();\nawait utilFun.wait(1000);\nawait evaluation.clickSubmittedReview();\nawait utilFun.wait(1000);\nawait evaluation.clickAddFeedback();\n// await feedbackForm.enterDate('03092023');\nawait feedbackForm.selectFeedbackDuration('6 Months');\nawait feedbackForm.selectNextReviewType('Annual');\nawait feedbackForm.selectRevisedDesignation('Software Engineer');\nawait feedbackForm.selectRevisedDesignationCategory('Automation');\nawait feedbackForm.typeIncreament('200000');\nawait feedbackForm.typeDescription('testingggg');\nawait feedbackForm.clickSubmit();\nconst alertText = await evaluation.checkAlert();\nutilFun.assertEql(alertText, 'Increment status is updated successfully');",
              "err": {},
              "uuid": "92271e6d-4359-42db-850b-9d0a01856d97",
              "parentUUID": "2828144c-1fa4-4e9c-a698-65d9a76f28d2",
              "isHook": false,
              "skipped": false
            },
            {
              "title": "should able to edit review form",
              "fullTitle": "Pending Evaluations should able to edit review form",
              "timedOut": false,
              "duration": 8922,
              "state": "passed",
              "speed": "slow",
              "pass": true,
              "fail": false,
              "pending": false,
              "context": null,
              "code": "await evaluation.clickFilterButton();\nawait evaluation.searchName('James Salinas');\nawait utilFun.wait(1000);\nconst name = await evaluation.getResourseName();\nutilFun.assertEql(name, 'James Salinas');\nawait evaluation.clickEditForm();\nawait utilFun.wait(1000);\n// await feedbackForm.enterDate('03102023');\nawait feedbackForm.selectFeedbackDuration('3 Months');\nawait feedbackForm.selectNextReviewType('Annual');\nawait feedbackForm.selectRevisedDesignation('Software Engineer');\nawait feedbackForm.typeIncreament('200000');\nawait feedbackForm.typeDescription('updated');\nawait feedbackForm.clickSubmit();\nconst alertText = await evaluation.checkAlert();\nutilFun.assertEql(alertText, 'Increment status is updated successfully');",
              "err": {},
              "uuid": "17448798-e71f-49c1-adc6-e899c4795cf6",
              "parentUUID": "2828144c-1fa4-4e9c-a698-65d9a76f28d2",
              "isHook": false,
              "skipped": false
            },
            {
              "title": "should able to defer review",
              "fullTitle": "Pending Evaluations should able to defer review",
              "timedOut": false,
              "duration": 6024,
              "state": "passed",
              "speed": "slow",
              "pass": true,
              "fail": false,
              "pending": false,
              "context": null,
              "code": "const query = [\n  `UPDATE employees SET \"designation\" = 'HR' WHERE id = 9474;`,\n  `UPDATE employees SET \"departmentId\" = 7 WHERE id = 9474;`,\n  `UPDATE employees SET \"designationId\" = 77 WHERE id = 9474;`,\n];\nawait utilFun.udpateDatabase(query);\nawait utilFun.refresh();\nawait evaluation.clickFilterButton();\nawait evaluation.searchName('James Salinas');\nawait utilFun.wait(1000);\nconst name = await evaluation.getResourseName();\nutilFun.assertEql(name, 'James Salinas');\nawait evaluation.clickDefer();\nawait evaluation.clickDeferType();\nawait utilFun.wait(1000);\nawait evaluation.selectDeferType('2 Weeks');\nawait evaluation.typeDeferReason('testing');\nawait evaluation.clickSubmitBtn();\nconst alertText = await evaluation.checkAlert();\nutilFun.assertEql(alertText, 'Increment status is updated successfully');",
              "err": {},
              "uuid": "ae1c272a-79dd-481d-9640-44570f45effc",
              "parentUUID": "2828144c-1fa4-4e9c-a698-65d9a76f28d2",
              "isHook": false,
              "skipped": false
            },
            {
              "title": "should able to complete review",
              "fullTitle": "Pending Evaluations should able to complete review",
              "timedOut": false,
              "duration": 10184,
              "state": "passed",
              "speed": "slow",
              "pass": true,
              "fail": false,
              "pending": false,
              "context": null,
              "code": "const query = [\n  `UPDATE employees SET \"designation\" = 'HR' WHERE id = 9474;`,\n  `UPDATE employees SET \"departmentId\" = 7 WHERE id = 9474;`,\n  `UPDATE employees SET \"designationId\" = 77 WHERE id = 9474;`,\n  `UPDATE employee_evaluations SET \"processType\" = NULL WHERE id = 26;`,\n  `UPDATE employee_evaluations SET \"reasonForDefer\" = NULL WHERE id = 26;`,\n  `UPDATE employee_evaluations SET \"processDate\" = NULL WHERE id = 26;`,\n];\nawait utilFun.udpateDatabase(query);\nawait utilFun.refresh();\nawait evaluation.clickFilterButton();\nawait evaluation.searchName('James Salinas');\nawait utilFun.wait(1000);\nconst name = await evaluation.getResourseName();\nutilFun.assertEql(name, 'James Salinas');\nawait evaluation.clickComplete();\nawait feedbackForm.enterDate('03102023');\nawait feedbackForm.selectFeedbackDuration('3 Months');\nawait feedbackForm.selectNextReviewType('Annual');\nawait feedbackForm.selectRevisedDesignation('Software Engineer');\nawait feedbackForm.typeIncreament('200000');\nawait feedbackForm.clickSubmit();\nconst alertText = await evaluation.checkAlert();\nutilFun.assertEql(alertText, 'Increment status is updated successfully');",
              "err": {},
              "uuid": "1f50d20f-05ee-4df1-b2a3-cc0262297dca",
              "parentUUID": "2828144c-1fa4-4e9c-a698-65d9a76f28d2",
              "isHook": false,
              "skipped": false
            }
          ],
          "suites": [],
          "passes": [
            "22ca8a34-d065-4dee-b095-48f439dd39a7",
            "0c874664-f63e-42f4-bfc7-d994c6181bc3",
            "489a241b-66bd-4fb6-ac77-1227f47da61e",
            "26d1fe7c-a5e5-4593-8406-3a724afb2f82",
            "28afbd95-aa27-4695-baa6-b6cea8e7a037",
            "83ede873-6770-48b5-b539-5a2410721180",
            "43ba0205-9ac5-4807-a525-8b4b4b1b4798",
            "9e694671-3794-47d4-b238-c23837081713",
            "b6ac4b6f-0ed1-4def-ab80-50cff76f8622",
            "6e78b001-219f-4eab-a826-34101e2ba7c2",
            "8b525be3-0a84-4fff-b89f-3505c7c24713",
            "92271e6d-4359-42db-850b-9d0a01856d97",
            "17448798-e71f-49c1-adc6-e899c4795cf6",
            "ae1c272a-79dd-481d-9640-44570f45effc",
            "1f50d20f-05ee-4df1-b2a3-cc0262297dca"
          ],
          "failures": [
            "a92cd563-9a0a-4888-91c6-4ecaa00b315d"
          ],
          "pending": [],
          "skipped": [],
          "duration": 106705,
          "root": false,
          "rootEmpty": false,
          "_timeout": 100000
        },
        {
          "uuid": "791c9f8f-deac-4ac4-987c-680d7cc9de44",
          "title": "Performance Base Evaluations",
          "fullFile": "/home/devops/invohub/resource-engagement/test/e2e/evaluation/spec_2_performance.js",
          "file": "/test/e2e/evaluation/spec_2_performance.js",
          "beforeHooks": [
            {
              "title": "\"before all\" hook in \"Performance Base Evaluations\"",
              "fullTitle": "Performance Base Evaluations \"before all\" hook in \"Performance Base Evaluations\"",
              "timedOut": false,
              "duration": 12496,
              "state": null,
              "speed": null,
              "pass": false,
              "fail": false,
              "pending": false,
              "context": null,
              "code": "await utilFun.loginAccount()\nconst url = await utilFun.getUrl();\nassert.equal(url, baseUrl + '/home');\nlet query = [\n  `UPDATE employee_evaluations SET \"incrementType\" = 'performance' WHERE id = 26;`,\n  `UPDATE employees SET \"designation\" = 'Software Engineer' WHERE id = 9474;`,\n  `UPDATE employees SET \"departmentId\" = 9 WHERE id = 9474;`,\n  `UPDATE employees SET \"designationId\" = 138 WHERE id = 9474;`,\n  `UPDATE employee_evaluations SET \"processType\" = NULL WHERE id = 26;`,\n  `UPDATE employee_evaluations SET \"reasonForDefer\" = NULL WHERE id = 26;`,\n  `UPDATE employee_evaluations SET \"processDate\" = NULL WHERE id = 26;`,\n  `UPDATE employee_evaluations SET \"feedback\" = NULL WHERE id = 26;`,\n];\nawait utilFun.udpateDatabase(query);",
              "err": {},
              "uuid": "a603c551-86d8-4680-855d-c0a1b0a8a99e",
              "parentUUID": "791c9f8f-deac-4ac4-987c-680d7cc9de44",
              "isHook": true,
              "skipped": false
            },
            {
              "title": "\"before each\" hook in \"Performance Base Evaluations\"",
              "fullTitle": "Performance Base Evaluations \"before each\" hook in \"Performance Base Evaluations\"",
              "timedOut": false,
              "duration": 4497,
              "state": null,
              "speed": null,
              "pass": false,
              "fail": false,
              "pending": false,
              "context": null,
              "code": "await utilFun.visit(baseUrl + '/evaluationPerformance');\nawait utilFun.wait(4000);",
              "err": {},
              "uuid": "611fc240-49b2-4a4a-8641-7548eabaf072",
              "parentUUID": "791c9f8f-deac-4ac4-987c-680d7cc9de44",
              "isHook": true,
              "skipped": false
            }
          ],
          "afterHooks": [],
          "tests": [
            {
              "title": "should check if performance evaluations are showing",
              "fullTitle": "Performance Base Evaluations should check if performance evaluations are showing",
              "timedOut": false,
              "duration": 34,
              "state": "passed",
              "speed": "fast",
              "pass": true,
              "fail": false,
              "pending": false,
              "context": null,
              "code": "let obj = await evaluation.getAllPendingResourses();\nassert(obj.length > 0, `No Evaluation Found`);",
              "err": {},
              "uuid": "afa01790-c371-462e-a344-d3874c0e6a1f",
              "parentUUID": "791c9f8f-deac-4ac4-987c-680d7cc9de44",
              "isHook": false,
              "skipped": false
            },
            {
              "title": "should able to filter resoures by name",
              "fullTitle": "Performance Base Evaluations should able to filter resoures by name",
              "timedOut": false,
              "duration": 1810,
              "state": "passed",
              "speed": "slow",
              "pass": true,
              "fail": false,
              "pending": false,
              "context": null,
              "code": "await evaluation.clickFilterButton();\nawait evaluation.searchName('James Salinas');\nawait utilFun.wait(1000);\nconst name = await evaluation.getResourseName();\nutilFun.assertEql(name, 'James Salinas');",
              "err": {},
              "uuid": "57355357-f4d4-432f-a787-50c976905c1f",
              "parentUUID": "791c9f8f-deac-4ac4-987c-680d7cc9de44",
              "isHook": false,
              "skipped": false
            },
            {
              "title": "should able to filter resoures by Last Increment",
              "fullTitle": "Performance Base Evaluations should able to filter resoures by Last Increment",
              "timedOut": false,
              "duration": 1467,
              "state": "passed",
              "speed": "slow",
              "pass": true,
              "fail": false,
              "pending": false,
              "context": null,
              "code": "await evaluation.clickFilterButton();\nawait evaluation.selectLastIncrement('N/A');\nconst valuesCount = await evaluation.checkValues();\nutilFun.assertEql(valuesCount, 1);",
              "err": {},
              "uuid": "fc5128c8-5272-4814-aff2-67292b0ce21f",
              "parentUUID": "791c9f8f-deac-4ac4-987c-680d7cc9de44",
              "isHook": false,
              "skipped": false
            },
            {
              "title": "should able to  copy email from options",
              "fullTitle": "Performance Base Evaluations should able to  copy email from options",
              "timedOut": false,
              "duration": 3812,
              "state": "passed",
              "speed": "slow",
              "pass": true,
              "fail": false,
              "pending": false,
              "context": null,
              "code": "await evaluation.clickFilterButton();\nawait evaluation.searchName('James Salinas');\nawait utilFun.wait(1000);\nconst name = await evaluation.getResourseName();\nutilFun.assertEql(name, 'James Salinas');\nawait evaluation.clickOptionBtn();\nawait utilFun.wait(1000);\nawait evaluation.selectOption('Copy Email');\nconst alertText = await evaluation.checkAlert();\nutilFun.assertEql(alertText, 'Email address is copied');",
              "err": {},
              "uuid": "e32a3785-32ae-4daf-83c1-467dc230b2c0",
              "parentUUID": "791c9f8f-deac-4ac4-987c-680d7cc9de44",
              "isHook": false,
              "skipped": false
            },
            {
              "title": "should able to Send Email from options",
              "fullTitle": "Performance Base Evaluations should able to Send Email from options",
              "timedOut": false,
              "duration": 7260,
              "state": "passed",
              "speed": "slow",
              "pass": true,
              "fail": false,
              "pending": false,
              "context": null,
              "code": "await evaluation.clickFilterButton();\nawait evaluation.searchName('James Salinas');\nawait utilFun.wait(1000);\nconst name = await evaluation.getResourseName();\nutilFun.assertEql(name, 'James Salinas');\nawait evaluation.clickOptionBtn();\nawait utilFun.wait(1000);\nawait evaluation.selectOption('Send Email');\nawait utilFun.wait(1000);\nawait utilFun.switchWindow(1);\nawait utilFun.wait(3000);\nconst url = await utilFun.getUrl();\nassert.equal(url, 'https://mail.google.com/mail/u/0/?fs=1&tf=cm&to=james@robot-mail.com');\nawait utilFun.closeCurrentTab();\nawait utilFun.switchWindow(0);",
              "err": {},
              "uuid": "7536785c-a47b-440d-9d60-2655cd0c5940",
              "parentUUID": "791c9f8f-deac-4ac4-987c-680d7cc9de44",
              "isHook": false,
              "skipped": false
            },
            {
              "title": "should able to Open Slack DM from options",
              "fullTitle": "Performance Base Evaluations should able to Open Slack DM from options",
              "timedOut": false,
              "duration": 8046,
              "state": "passed",
              "speed": "slow",
              "pass": true,
              "fail": false,
              "pending": false,
              "context": null,
              "code": "await evaluation.clickFilterButton();\nawait evaluation.searchName('James Salinas');\nawait utilFun.wait(1000);\nconst name = await evaluation.getResourseName();\nutilFun.assertEql(name, 'James Salinas');\nawait evaluation.clickOptionBtn();\nawait utilFun.wait(1000);\nawait evaluation.selectOption('Open Slack DM');\nawait utilFun.wait(1000);\nawait utilFun.switchWindow(1);\nawait utilFun.wait(3000);\nconst url = await utilFun.getUrl();\nassert.equal(url, 'https://invozone.slack.com/?redir=%2Fapp_redirect%3Fchannel%3Dundefined');\nawait utilFun.closeCurrentTab();\nawait utilFun.switchWindow(0);",
              "err": {},
              "uuid": "85408d4a-5779-4482-9386-63feae1f9dd2",
              "parentUUID": "791c9f8f-deac-4ac4-987c-680d7cc9de44",
              "isHook": false,
              "skipped": false
            },
            {
              "title": "should able to see Email from options",
              "fullTitle": "Performance Base Evaluations should able to see Email from options",
              "timedOut": false,
              "duration": 7105,
              "state": "passed",
              "speed": "slow",
              "pass": true,
              "fail": false,
              "pending": false,
              "context": null,
              "code": "await evaluation.clickFilterButton();\nawait evaluation.searchName('James Salinas');\nawait utilFun.wait(1000);\nconst name = await evaluation.getResourseName();\nutilFun.assertEql(name, 'James Salinas');\nawait evaluation.clickOptionBtn();\nawait utilFun.wait(1000);\nawait evaluation.selectOption('See Email');\nawait utilFun.wait(4000);\nconst email = await evaluation.copyEmail();\nassert.equal(email, 'Email: james@robot-mail.com');",
              "err": {},
              "uuid": "eb4bd2c9-c2b8-40f4-8eb1-f4a9474bca19",
              "parentUUID": "791c9f8f-deac-4ac4-987c-680d7cc9de44",
              "isHook": false,
              "skipped": false
            },
            {
              "title": "should able to copy Phone Number from options",
              "fullTitle": "Performance Base Evaluations should able to copy Phone Number from options",
              "timedOut": false,
              "duration": 16250,
              "state": "failed",
              "speed": null,
              "pass": false,
              "fail": true,
              "pending": false,
              "context": null,
              "code": "await evaluation.clickFilterButton();\nawait evaluation.searchName('James Salinas');\nawait utilFun.wait(1000);\nconst name = await evaluation.getResourseName();\nutilFun.assertEql(name, 'James Salinas');\nawait evaluation.clickOptionBtn();\nawait utilFun.wait(1000);\nawait evaluation.selectOption('Phone Number');\nawait utilFun.wait(3000);\nawait evaluation.copyPhoneNumber();\nconst alertText = await evaluation.checkAlert();\nassert.equal(alertText, 'Phone# is copied successfully');",
              "err": {
                "message": "TimeoutError: Waiting for element to be located By(css selector, button[label=\"Copy to Clipboard\"])\nWait timed out after 10149ms",
                "estack": "TimeoutError: Waiting for element to be located By(css selector, button[label=\"Copy to Clipboard\"])\nWait timed out after 10149ms\n    at /home/devops/invohub/resource-engagement/node_modules/selenium-webdriver/lib/webdriver.js:929:17\n    at process.processTicksAndRejections (node:internal/process/task_queues:95:5)",
                "diff": null
              },
              "uuid": "e2159c15-667d-4322-8967-212ada01ab8c",
              "parentUUID": "791c9f8f-deac-4ac4-987c-680d7cc9de44",
              "isHook": false,
              "skipped": false
            },
            {
              "title": "should able to see Resource Details from options",
              "fullTitle": "Performance Base Evaluations should able to see Resource Details from options",
              "timedOut": false,
              "duration": 4113,
              "state": "passed",
              "speed": "slow",
              "pass": true,
              "fail": false,
              "pending": false,
              "context": null,
              "code": "await evaluation.clickFilterButton();\nawait evaluation.searchName('James Salinas');\nawait utilFun.wait(1000);\nconst name = await evaluation.getResourseName();\nutilFun.assertEql(name, 'James Salinas');\nawait evaluation.clickResource();\nawait utilFun.wait(1000);\nawait utilFun.switchWindow(1);\nawait utilFun.wait(1000);\nconst url = await utilFun.getUrl();\nassert.equal(url, baseUrl + '/resourceDetail/9742?tab=Basic_Information');\nawait utilFun.closeCurrentTab();\nawait utilFun.switchWindow(0);",
              "err": {},
              "uuid": "d5d636a6-87e5-4983-8f56-e2b06fb7ae34",
              "parentUUID": "791c9f8f-deac-4ac4-987c-680d7cc9de44",
              "isHook": false,
              "skipped": false
            },
            {
              "title": "should able to see employee history",
              "fullTitle": "Performance Base Evaluations should able to see employee history",
              "timedOut": false,
              "duration": 3032,
              "state": "passed",
              "speed": "slow",
              "pass": true,
              "fail": false,
              "pending": false,
              "context": null,
              "code": "await evaluation.clickFilterButton();\nawait evaluation.searchName('James Salinas');\nawait utilFun.wait(1000);\nconst name = await evaluation.getResourseName();\nutilFun.assertEql(name, 'James Salinas');\nawait evaluation.clickSeeFeedback();\nawait utilFun.wait(1000);\nconst title = await evaluation.checkTitle();\nutilFun.assertEql(title, 'Feedback History of James Salinas');\nawait evaluation.checkSelectedTab();",
              "err": {},
              "uuid": "4a6109f0-5a9b-4ef4-ad9a-27efeab12586",
              "parentUUID": "791c9f8f-deac-4ac4-987c-680d7cc9de44",
              "isHook": false,
              "skipped": false
            },
            {
              "title": "should able to request a review",
              "fullTitle": "Performance Base Evaluations should able to request a review",
              "timedOut": false,
              "duration": 7112,
              "state": "passed",
              "speed": "slow",
              "pass": true,
              "fail": false,
              "pending": false,
              "context": null,
              "code": "await evaluation.clickFilterButton();\nawait evaluation.searchName('James Salinas');\nawait utilFun.wait(1000);\nconst name = await evaluation.getResourseName();\nutilFun.assertEql(name, 'James Salinas');\nawait evaluation.clickSeeFeedback();4\nawait utilFun.wait(1000);\nawait evaluation.clickSubmittedReview();\nawait evaluation.clickReqReviewBtn();\nawait utilFun.wait(1000);\nawait evaluation.clickHod('Muhammad Bilal Rafaqat');\nawait evaluation.clickSendReqBtn();\nconst alertText = await evaluation.checkAlert();\nutilFun.assertEql(alertText, 'Request is send successfully.');",
              "err": {},
              "uuid": "4fe0225c-d20a-4a14-a840-f93af9c11eba",
              "parentUUID": "791c9f8f-deac-4ac4-987c-680d7cc9de44",
              "isHook": false,
              "skipped": false
            },
            {
              "title": "should able to give a review",
              "fullTitle": "Performance Base Evaluations should able to give a review",
              "timedOut": false,
              "duration": 13049,
              "state": "passed",
              "speed": "slow",
              "pass": true,
              "fail": false,
              "pending": false,
              "context": null,
              "code": "const query = [\n  `UPDATE employees SET \"departmentId\" = 9 WHERE id = 9474;`,\n  `UPDATE employees SET \"designationId\" = 83 WHERE id = 9474;`,\n  `UPDATE employees SET \"designation\" = 'Head of Engineering' WHERE id = 9474;`,\n];\nawait utilFun.udpateDatabase(query);\nawait utilFun.refresh();\nawait evaluation.clickFilterButton();\nawait evaluation.searchName('James Salinas');\nawait utilFun.wait(1000);\nconst name = await evaluation.getResourseName();\nutilFun.assertEql(name, 'James Salinas');\nawait evaluation.clickSeeFeedback();\nawait utilFun.wait(1000);\nawait evaluation.clickSubmittedReview();\nawait utilFun.wait(1000);\nawait evaluation.clickAddFeedback();\nawait feedbackForm.enterDate('03092023');\nawait feedbackForm.selectFeedbackDuration('6 Months');\nawait feedbackForm.selectNextReviewType('Annual');\nawait feedbackForm.selectRevisedDesignation('Software Engineer');\nawait feedbackForm.typeIncreament('200000');\nawait feedbackForm.typeDescription('testingggg');\nawait feedbackForm.clickSubmit();\nconst alertText = await evaluation.checkAlert();\nutilFun.assertEql(alertText, 'Increment status is updated successfully');",
              "err": {},
              "uuid": "8f280f7e-672e-4064-b69b-ee9f51ad30ba",
              "parentUUID": "791c9f8f-deac-4ac4-987c-680d7cc9de44",
              "isHook": false,
              "skipped": false
            },
            {
              "title": "should able to edit review form",
              "fullTitle": "Performance Base Evaluations should able to edit review form",
              "timedOut": false,
              "duration": 9146,
              "state": "passed",
              "speed": "slow",
              "pass": true,
              "fail": false,
              "pending": false,
              "context": null,
              "code": "await evaluation.clickFilterButton();\nawait evaluation.searchName('James Salinas');\nawait utilFun.wait(1000);\nconst name = await evaluation.getResourseName();\nutilFun.assertEql(name, 'James Salinas');\nawait evaluation.clickEditForm();\nawait utilFun.wait(1000);\nawait feedbackForm.enterDate('03102023');\nawait feedbackForm.selectFeedbackDuration('3 Months');\nawait feedbackForm.selectNextReviewType('Annual');\nawait feedbackForm.selectRevisedDesignation('Software Engineer');\nawait feedbackForm.typeIncreament('200000');\nawait feedbackForm.typeDescription('updated');\nawait feedbackForm.clickSubmit();\nconst alertText = await evaluation.checkAlert();\nutilFun.assertEql(alertText, 'Increment status is updated successfully');",
              "err": {},
              "uuid": "7b9c421e-5ead-4a50-abf1-1faaa23809a5",
              "parentUUID": "791c9f8f-deac-4ac4-987c-680d7cc9de44",
              "isHook": false,
              "skipped": false
            },
            {
              "title": "should able to defer review",
              "fullTitle": "Performance Base Evaluations should able to defer review",
              "timedOut": false,
              "duration": 5932,
              "state": "passed",
              "speed": "slow",
              "pass": true,
              "fail": false,
              "pending": false,
              "context": null,
              "code": "const query = [\n  `UPDATE employees SET \"designation\" = 'HR' WHERE id = 9474;`,\n  `UPDATE employees SET \"departmentId\" = 7 WHERE id = 9474;`,\n  `UPDATE employees SET \"designationId\" = 77 WHERE id = 9474;`,\n];\nawait utilFun.udpateDatabase(query);\nawait utilFun.refresh();\nawait evaluation.clickFilterButton();\nawait evaluation.searchName('James Salinas');\nawait utilFun.wait(1000);\nconst name = await evaluation.getResourseName();\nutilFun.assertEql(name, 'James Salinas');\nawait evaluation.clickDefer();\nawait evaluation.clickDeferType();\nawait utilFun.wait(1000);\nawait evaluation.selectDeferType('2 Weeks');\nawait evaluation.typeDeferReason('testing');\nawait evaluation.clickSubmitBtn();\nconst alertText = await evaluation.checkAlert();\nutilFun.assertEql(alertText, 'Increment status is updated successfully');",
              "err": {},
              "uuid": "3b3d293b-ab74-4948-b58a-50243adc0047",
              "parentUUID": "791c9f8f-deac-4ac4-987c-680d7cc9de44",
              "isHook": false,
              "skipped": false
            },
            {
              "title": "should able to complete review",
              "fullTitle": "Performance Base Evaluations should able to complete review",
              "timedOut": false,
              "duration": 9533,
              "state": "passed",
              "speed": "slow",
              "pass": true,
              "fail": false,
              "pending": false,
              "context": null,
              "code": "const query = [\n  `UPDATE employees SET \"designation\" = 'HR' WHERE id = 9474;`,\n  `UPDATE employees SET \"departmentId\" = 7 WHERE id = 9474;`,\n  `UPDATE employees SET \"designationId\" = 77 WHERE id = 9474;`,\n  `UPDATE employee_evaluations SET \"processType\" = NULL WHERE id = 26;`,\n  `UPDATE employee_evaluations SET \"reasonForDefer\" = NULL WHERE id = 26;`,\n  `UPDATE employee_evaluations SET \"processDate\" = NULL WHERE id = 26;`,\n];\nawait utilFun.udpateDatabase(query);\nawait utilFun.refresh();\nawait evaluation.clickFilterButton();\nawait evaluation.searchName('James Salinas');\nawait utilFun.wait(1000);\nconst name = await evaluation.getResourseName();\nutilFun.assertEql(name, 'James Salinas');\nawait evaluation.clickComplete();\nawait feedbackForm.enterDate('03102023');\nawait feedbackForm.selectFeedbackDuration('3 Months');\nawait feedbackForm.selectNextReviewType('Annual');\nawait feedbackForm.selectRevisedDesignation('Software Engineer');\nawait feedbackForm.typeIncreament('200000');\nawait feedbackForm.clickSubmit();\nconst alertText = await evaluation.checkAlert();\nutilFun.assertEql(alertText, 'Increment status is updated successfully');",
              "err": {},
              "uuid": "13b2776d-c5e2-4963-aa8f-0f3ca00908cd",
              "parentUUID": "791c9f8f-deac-4ac4-987c-680d7cc9de44",
              "isHook": false,
              "skipped": false
            }
          ],
          "suites": [],
          "passes": [
            "afa01790-c371-462e-a344-d3874c0e6a1f",
            "57355357-f4d4-432f-a787-50c976905c1f",
            "fc5128c8-5272-4814-aff2-67292b0ce21f",
            "e32a3785-32ae-4daf-83c1-467dc230b2c0",
            "7536785c-a47b-440d-9d60-2655cd0c5940",
            "85408d4a-5779-4482-9386-63feae1f9dd2",
            "eb4bd2c9-c2b8-40f4-8eb1-f4a9474bca19",
            "d5d636a6-87e5-4983-8f56-e2b06fb7ae34",
            "4a6109f0-5a9b-4ef4-ad9a-27efeab12586",
            "4fe0225c-d20a-4a14-a840-f93af9c11eba",
            "8f280f7e-672e-4064-b69b-ee9f51ad30ba",
            "7b9c421e-5ead-4a50-abf1-1faaa23809a5",
            "3b3d293b-ab74-4948-b58a-50243adc0047",
            "13b2776d-c5e2-4963-aa8f-0f3ca00908cd"
          ],
          "failures": [
            "e2159c15-667d-4322-8967-212ada01ab8c"
          ],
          "pending": [],
          "skipped": [],
          "duration": 97701,
          "root": false,
          "rootEmpty": false,
          "_timeout": 100000
        },
        {
          "uuid": "6cb3e7d2-d6b6-4cfd-8d34-8cc0d97e15e1",
          "title": "Retention Base Evaluations",
          "fullFile": "/home/devops/invohub/resource-engagement/test/e2e/evaluation/spec_3_retention.js",
          "file": "/test/e2e/evaluation/spec_3_retention.js",
          "beforeHooks": [
            {
              "title": "\"before all\" hook in \"Retention Base Evaluations\"",
              "fullTitle": "Retention Base Evaluations \"before all\" hook in \"Retention Base Evaluations\"",
              "timedOut": false,
              "duration": 12479,
              "state": null,
              "speed": null,
              "pass": false,
              "fail": false,
              "pending": false,
              "context": null,
              "code": "await utilFun.loginAccount()\nconst url = await utilFun.getUrl();\nassert.equal(url, baseUrl + '/home');\nlet query = [\n  `UPDATE employee_evaluations SET \"incrementType\" = 'retention' WHERE id = 26;`,\n  `UPDATE employees SET \"designation\" = 'Software Engineer' WHERE id = 9474;`,\n  `UPDATE employees SET \"departmentId\" = 9 WHERE id = 9474;`,\n  `UPDATE employees SET \"designationId\" = 138 WHERE id = 9474;`,\n  `UPDATE employee_evaluations SET \"processType\" = NULL WHERE id = 26;`,\n  `UPDATE employee_evaluations SET \"reasonForDefer\" = NULL WHERE id = 26;`,\n  `UPDATE employee_evaluations SET \"processDate\" = NULL WHERE id = 26;`,\n  `UPDATE employee_evaluations SET \"feedback\" = NULL WHERE id = 26;`,\n];\nawait utilFun.udpateDatabase(query);",
              "err": {},
              "uuid": "a61820b0-44ab-4e3e-9b75-44b09fa2a9d2",
              "parentUUID": "6cb3e7d2-d6b6-4cfd-8d34-8cc0d97e15e1",
              "isHook": true,
              "skipped": false
            },
            {
              "title": "\"before each\" hook in \"Retention Base Evaluations\"",
              "fullTitle": "Retention Base Evaluations \"before each\" hook in \"Retention Base Evaluations\"",
              "timedOut": false,
              "duration": 4313,
              "state": null,
              "speed": null,
              "pass": false,
              "fail": false,
              "pending": false,
              "context": null,
              "code": "await utilFun.visit(baseUrl + '/evaluationRetention');\nawait utilFun.wait(4000);",
              "err": {},
              "uuid": "4c0b9ce2-d086-4d62-8012-e69329216a33",
              "parentUUID": "6cb3e7d2-d6b6-4cfd-8d34-8cc0d97e15e1",
              "isHook": true,
              "skipped": false
            }
          ],
          "afterHooks": [],
          "tests": [
            {
              "title": "should check if retention evaluations are showing",
              "fullTitle": "Retention Base Evaluations should check if retention evaluations are showing",
              "timedOut": false,
              "duration": 33,
              "state": "passed",
              "speed": "fast",
              "pass": true,
              "fail": false,
              "pending": false,
              "context": null,
              "code": "let obj = await evaluation.getAllPendingResourses();\nassert(obj.length > 0, `No Evaluation Found`);",
              "err": {},
              "uuid": "b799f769-0078-488b-9fe4-4002d754ad30",
              "parentUUID": "6cb3e7d2-d6b6-4cfd-8d34-8cc0d97e15e1",
              "isHook": false,
              "skipped": false
            },
            {
              "title": "should able to filter resoures by name",
              "fullTitle": "Retention Base Evaluations should able to filter resoures by name",
              "timedOut": false,
              "duration": 1795,
              "state": "passed",
              "speed": "slow",
              "pass": true,
              "fail": false,
              "pending": false,
              "context": null,
              "code": "await evaluation.clickFilterButton();\nawait evaluation.searchName('James Salinas');\nawait utilFun.wait(1000);\nconst name = await evaluation.getResourseName();\nutilFun.assertEql(name, 'James Salinas');",
              "err": {},
              "uuid": "9e239f82-b9d7-4b16-812f-5a9cd4039f73",
              "parentUUID": "6cb3e7d2-d6b6-4cfd-8d34-8cc0d97e15e1",
              "isHook": false,
              "skipped": false
            },
            {
              "title": "should able to filter resoures by Last Increment",
              "fullTitle": "Retention Base Evaluations should able to filter resoures by Last Increment",
              "timedOut": false,
              "duration": 1447,
              "state": "passed",
              "speed": "slow",
              "pass": true,
              "fail": false,
              "pending": false,
              "context": null,
              "code": "await evaluation.clickFilterButton();\nawait evaluation.selectLastIncrement('N/A');\nconst valuesCount = await evaluation.checkValues();\nutilFun.assertEql(valuesCount, 1);",
              "err": {},
              "uuid": "60df65e5-942c-43f7-8b06-34475d87e26e",
              "parentUUID": "6cb3e7d2-d6b6-4cfd-8d34-8cc0d97e15e1",
              "isHook": false,
              "skipped": false
            },
            {
              "title": "should able to  copy email from options",
              "fullTitle": "Retention Base Evaluations should able to  copy email from options",
              "timedOut": false,
              "duration": 3847,
              "state": "passed",
              "speed": "slow",
              "pass": true,
              "fail": false,
              "pending": false,
              "context": null,
              "code": "await evaluation.clickFilterButton();\nawait evaluation.searchName('James Salinas');\nawait utilFun.wait(1000);\nconst name = await evaluation.getResourseName();\nutilFun.assertEql(name, 'James Salinas');\nawait evaluation.clickOptionBtn();\nawait utilFun.wait(1000);\nawait evaluation.selectOption('Copy Email');\nconst alertText = await evaluation.checkAlert();\nutilFun.assertEql(alertText, 'Email address is copied');",
              "err": {},
              "uuid": "6037087d-88bd-4a8d-baac-787026f57476",
              "parentUUID": "6cb3e7d2-d6b6-4cfd-8d34-8cc0d97e15e1",
              "isHook": false,
              "skipped": false
            },
            {
              "title": "should able to Send Email from options",
              "fullTitle": "Retention Base Evaluations should able to Send Email from options",
              "timedOut": false,
              "duration": 8450,
              "state": "passed",
              "speed": "slow",
              "pass": true,
              "fail": false,
              "pending": false,
              "context": null,
              "code": "await evaluation.clickFilterButton();\nawait evaluation.searchName('James Salinas');\nawait utilFun.wait(1000);\nconst name = await evaluation.getResourseName();\nutilFun.assertEql(name, 'James Salinas');\nawait evaluation.clickOptionBtn();\nawait utilFun.wait(1000);\nawait evaluation.selectOption('Send Email');\nawait utilFun.wait(1000);\nawait utilFun.switchWindow(1);\nawait utilFun.wait(3000);\nconst url = await utilFun.getUrl();\nassert.equal(url, 'https://mail.google.com/mail/u/0/?fs=1&tf=cm&to=james@robot-mail.com');\nawait utilFun.closeCurrentTab();\nawait utilFun.switchWindow(0);",
              "err": {},
              "uuid": "649521a3-739c-4246-9b46-431a401efd33",
              "parentUUID": "6cb3e7d2-d6b6-4cfd-8d34-8cc0d97e15e1",
              "isHook": false,
              "skipped": false
            },
            {
              "title": "should able to Open Slack DM from options",
              "fullTitle": "Retention Base Evaluations should able to Open Slack DM from options",
              "timedOut": false,
              "duration": 7447,
              "state": "passed",
              "speed": "slow",
              "pass": true,
              "fail": false,
              "pending": false,
              "context": null,
              "code": "await evaluation.clickFilterButton();\nawait evaluation.searchName('James Salinas');\nawait utilFun.wait(1000);\nconst name = await evaluation.getResourseName();\nutilFun.assertEql(name, 'James Salinas');\nawait evaluation.clickOptionBtn();\nawait utilFun.wait(1000);\nawait evaluation.selectOption('Open Slack DM');\nawait utilFun.wait(1000);\nawait utilFun.switchWindow(1);\nawait utilFun.wait(3000);\nconst url = await utilFun.getUrl();\nassert.equal(url, 'https://invozone.slack.com/?redir=%2Fapp_redirect%3Fchannel%3Dundefined');\nawait utilFun.closeCurrentTab();\nawait utilFun.switchWindow(0);",
              "err": {},
              "uuid": "c4ddb54b-23c6-4eaa-b839-1acce85d68f8",
              "parentUUID": "6cb3e7d2-d6b6-4cfd-8d34-8cc0d97e15e1",
              "isHook": false,
              "skipped": false
            },
            {
              "title": "should able to see Email from options",
              "fullTitle": "Retention Base Evaluations should able to see Email from options",
              "timedOut": false,
              "duration": 7103,
              "state": "passed",
              "speed": "slow",
              "pass": true,
              "fail": false,
              "pending": false,
              "context": null,
              "code": "await evaluation.clickFilterButton();\nawait evaluation.searchName('James Salinas');\nawait utilFun.wait(1000);\nconst name = await evaluation.getResourseName();\nutilFun.assertEql(name, 'James Salinas');\nawait evaluation.clickOptionBtn();\nawait utilFun.wait(1000);\nawait evaluation.selectOption('See Email');\nawait utilFun.wait(4000);\nconst email = await evaluation.copyEmail();\nassert.equal(email, 'Email: james@robot-mail.com');",
              "err": {},
              "uuid": "053821e1-55f1-4ae6-a1ee-af23a81817af",
              "parentUUID": "6cb3e7d2-d6b6-4cfd-8d34-8cc0d97e15e1",
              "isHook": false,
              "skipped": false
            },
            {
              "title": "should able to copy Phone Number from options",
              "fullTitle": "Retention Base Evaluations should able to copy Phone Number from options",
              "timedOut": false,
              "duration": 16205,
              "state": "failed",
              "speed": null,
              "pass": false,
              "fail": true,
              "pending": false,
              "context": null,
              "code": "await evaluation.clickFilterButton();\nawait evaluation.searchName('James Salinas');\nawait utilFun.wait(1000);\nconst name = await evaluation.getResourseName();\nutilFun.assertEql(name, 'James Salinas');\nawait evaluation.clickOptionBtn();\nawait utilFun.wait(1000);\nawait evaluation.selectOption('Phone Number');\nawait utilFun.wait(3000);\nawait evaluation.copyPhoneNumber();\nconst alertText = await evaluation.checkAlert();\nassert.equal(alertText, 'Phone# is copied successfully');",
              "err": {
                "message": "TimeoutError: Waiting for element to be located By(css selector, button[label=\"Copy to Clipboard\"])\nWait timed out after 10177ms",
                "estack": "TimeoutError: Waiting for element to be located By(css selector, button[label=\"Copy to Clipboard\"])\nWait timed out after 10177ms\n    at /home/devops/invohub/resource-engagement/node_modules/selenium-webdriver/lib/webdriver.js:929:17\n    at process.processTicksAndRejections (node:internal/process/task_queues:95:5)",
                "diff": null
              },
              "uuid": "604e7191-507a-4d80-9e55-a8e4b2259911",
              "parentUUID": "6cb3e7d2-d6b6-4cfd-8d34-8cc0d97e15e1",
              "isHook": false,
              "skipped": false
            },
            {
              "title": "should able to see Resource Details from options",
              "fullTitle": "Retention Base Evaluations should able to see Resource Details from options",
              "timedOut": false,
              "duration": 4155,
              "state": "passed",
              "speed": "slow",
              "pass": true,
              "fail": false,
              "pending": false,
              "context": null,
              "code": "await evaluation.clickFilterButton();\nawait evaluation.searchName('James Salinas');\nawait utilFun.wait(1000);\nconst name = await evaluation.getResourseName();\nutilFun.assertEql(name, 'James Salinas');\nawait evaluation.clickResource();\nawait utilFun.wait(1000);\nawait utilFun.switchWindow(1);\nawait utilFun.wait(1000);\nconst url = await utilFun.getUrl();\nassert.equal(url, baseUrl + '/resourceDetail/9742?tab=Basic_Information');\nawait utilFun.closeCurrentTab();\nawait utilFun.switchWindow(0);",
              "err": {},
              "uuid": "cf4cda46-ea05-499c-b952-6b2d19851e9c",
              "parentUUID": "6cb3e7d2-d6b6-4cfd-8d34-8cc0d97e15e1",
              "isHook": false,
              "skipped": false
            },
            {
              "title": "should able to see employee history",
              "fullTitle": "Retention Base Evaluations should able to see employee history",
              "timedOut": false,
              "duration": 3012,
              "state": "passed",
              "speed": "slow",
              "pass": true,
              "fail": false,
              "pending": false,
              "context": null,
              "code": "await evaluation.clickFilterButton();\nawait evaluation.searchName('James Salinas');\nawait utilFun.wait(1000);\nconst name = await evaluation.getResourseName();\nutilFun.assertEql(name, 'James Salinas');\nawait evaluation.clickSeeFeedback();\nawait utilFun.wait(1000);\nconst title = await evaluation.checkTitle();\nutilFun.assertEql(title, 'Feedback History of James Salinas');\nawait evaluation.checkSelectedTab();",
              "err": {},
              "uuid": "5ab77282-6e4a-4aff-a062-e96f0633b532",
              "parentUUID": "6cb3e7d2-d6b6-4cfd-8d34-8cc0d97e15e1",
              "isHook": false,
              "skipped": false
            },
            {
              "title": "should able to request a review",
              "fullTitle": "Retention Base Evaluations should able to request a review",
              "timedOut": false,
              "duration": 7074,
              "state": "passed",
              "speed": "slow",
              "pass": true,
              "fail": false,
              "pending": false,
              "context": null,
              "code": "await evaluation.clickFilterButton();\nawait evaluation.searchName('James Salinas');\nawait utilFun.wait(1000);\nconst name = await evaluation.getResourseName();\nutilFun.assertEql(name, 'James Salinas');\nawait evaluation.clickSeeFeedback();\nawait utilFun.wait(1000);\nawait evaluation.clickSubmittedReview();\nawait evaluation.clickReqReviewBtn();\nawait utilFun.wait(1000);\nawait evaluation.clickHod('Muhammad Bilal Rafaqat');\nawait evaluation.clickSendReqBtn();\nconst alertText = await evaluation.checkAlert();\nutilFun.assertEql(alertText, 'Request is send successfully.');",
              "err": {},
              "uuid": "62d1d3e9-3396-4979-8a1c-45343ac0ee81",
              "parentUUID": "6cb3e7d2-d6b6-4cfd-8d34-8cc0d97e15e1",
              "isHook": false,
              "skipped": false
            },
            {
              "title": "should able to give a review",
              "fullTitle": "Retention Base Evaluations should able to give a review",
              "timedOut": false,
              "duration": 12025,
              "state": "passed",
              "speed": "slow",
              "pass": true,
              "fail": false,
              "pending": false,
              "context": null,
              "code": "const query = [\n  `UPDATE employees SET \"departmentId\" = 9 WHERE id = 9474;`,\n  `UPDATE employees SET \"designationId\" = 83 WHERE id = 9474;`,\n  `UPDATE employees SET \"designation\" = 'Head of Engineering' WHERE id = 9474;`,\n];\nawait utilFun.udpateDatabase(query);\nawait utilFun.refresh();\nawait evaluation.clickFilterButton();\nawait evaluation.searchName('James Salinas');\nawait utilFun.wait(1000);\nconst name = await evaluation.getResourseName();\nutilFun.assertEql(name, 'James Salinas');\nawait evaluation.clickSeeFeedback();\nawait utilFun.wait(1000);\nawait evaluation.clickSubmittedReview();\nawait utilFun.wait(1000);\nawait evaluation.clickAddFeedback();\n// await feedbackForm.enterDate('03092023');\nawait feedbackForm.selectFeedbackDuration('6 Months');\nawait feedbackForm.selectNextReviewType('Annual');\nawait feedbackForm.selectRevisedDesignation('Software Engineer');\nawait feedbackForm.typeIncreament('200000');\nawait feedbackForm.typeDescription('testingggg');\nawait feedbackForm.clickSubmit();\nconst alertText = await evaluation.checkAlert();\nutilFun.assertEql(alertText, 'Increment status is updated successfully');",
              "err": {},
              "uuid": "4c87b71e-e956-4dd0-a69b-5b5d1374b753",
              "parentUUID": "6cb3e7d2-d6b6-4cfd-8d34-8cc0d97e15e1",
              "isHook": false,
              "skipped": false
            },
            {
              "title": "should able to edit review form",
              "fullTitle": "Retention Base Evaluations should able to edit review form",
              "timedOut": false,
              "duration": 8874,
              "state": "passed",
              "speed": "slow",
              "pass": true,
              "fail": false,
              "pending": false,
              "context": null,
              "code": "await evaluation.clickFilterButton();\nawait evaluation.searchName('James Salinas');\nawait utilFun.wait(1000);\nconst name = await evaluation.getResourseName();\nutilFun.assertEql(name, 'James Salinas');\nawait evaluation.clickEditForm();\nawait utilFun.wait(1000);\n// await feedbackForm.enterDate('03102023');\nawait feedbackForm.selectFeedbackDuration('3 Months');\nawait feedbackForm.selectNextReviewType('Annual');\nawait feedbackForm.selectRevisedDesignation('Software Engineer');\nawait feedbackForm.typeIncreament('200000');\nawait feedbackForm.typeDescription('updated');\nawait feedbackForm.clickSubmit();\nconst alertText = await evaluation.checkAlert();\nutilFun.assertEql(alertText, 'Increment status is updated successfully');",
              "err": {},
              "uuid": "f6198673-2d90-48b2-af69-c49b803aa877",
              "parentUUID": "6cb3e7d2-d6b6-4cfd-8d34-8cc0d97e15e1",
              "isHook": false,
              "skipped": false
            },
            {
              "title": "should able to defer review",
              "fullTitle": "Retention Base Evaluations should able to defer review",
              "timedOut": false,
              "duration": 6244,
              "state": "passed",
              "speed": "slow",
              "pass": true,
              "fail": false,
              "pending": false,
              "context": null,
              "code": "const query = [\n  `UPDATE employees SET \"designation\" = 'HR' WHERE id = 9474;`,\n  `UPDATE employees SET \"departmentId\" = 7 WHERE id = 9474;`,\n  `UPDATE employees SET \"designationId\" = 77 WHERE id = 9474;`,\n];\nawait utilFun.udpateDatabase(query);\nawait utilFun.refresh();\nawait evaluation.clickFilterButton();\nawait evaluation.searchName('James Salinas');\nawait utilFun.wait(1000);\nconst name = await evaluation.getResourseName();\nutilFun.assertEql(name, 'James Salinas');\nawait evaluation.clickDefer();\nawait evaluation.clickDeferType();\nawait utilFun.wait(1000);\nawait evaluation.selectDeferType('2 Weeks');\nawait evaluation.typeDeferReason('testing');\nawait evaluation.clickSubmitBtn();\nconst alertText = await evaluation.checkAlert();\nutilFun.assertEql(alertText, 'Increment status is updated successfully');",
              "err": {},
              "uuid": "7ccc95b6-d1ca-4397-a7c2-727980e4dc1a",
              "parentUUID": "6cb3e7d2-d6b6-4cfd-8d34-8cc0d97e15e1",
              "isHook": false,
              "skipped": false
            },
            {
              "title": "should able to complete review",
              "fullTitle": "Retention Base Evaluations should able to complete review",
              "timedOut": false,
              "duration": 9874,
              "state": "passed",
              "speed": "slow",
              "pass": true,
              "fail": false,
              "pending": false,
              "context": null,
              "code": "const query = [\n  `UPDATE employees SET \"designation\" = 'HR' WHERE id = 9474;`,\n  `UPDATE employees SET \"departmentId\" = 7 WHERE id = 9474;`,\n  `UPDATE employees SET \"designationId\" = 77 WHERE id = 9474;`,\n  `UPDATE employee_evaluations SET \"processType\" = NULL WHERE id = 26;`,\n  `UPDATE employee_evaluations SET \"reasonForDefer\" = NULL WHERE id = 26;`,\n  `UPDATE employee_evaluations SET \"processDate\" = NULL WHERE id = 26;`,\n];\nawait utilFun.udpateDatabase(query);\nawait utilFun.refresh();\nawait evaluation.clickFilterButton();\nawait evaluation.searchName('James Salinas');\nawait utilFun.wait(1000);\nconst name = await evaluation.getResourseName();\nutilFun.assertEql(name, 'James Salinas');\nawait evaluation.clickComplete();\nawait feedbackForm.enterDate('03102023');\nawait feedbackForm.selectFeedbackDuration('3 Months');\nawait feedbackForm.selectNextReviewType('Annual');\nawait feedbackForm.selectRevisedDesignation('Software Engineer');\nawait feedbackForm.typeIncreament('200000');\nawait feedbackForm.clickSubmit();\nconst alertText = await evaluation.checkAlert();\nutilFun.assertEql(alertText, 'Increment status is updated successfully');",
              "err": {},
              "uuid": "fb4555ae-a3f6-4e26-b9ab-eb68ae5c8e8c",
              "parentUUID": "6cb3e7d2-d6b6-4cfd-8d34-8cc0d97e15e1",
              "isHook": false,
              "skipped": false
            }
          ],
          "suites": [],
          "passes": [
            "b799f769-0078-488b-9fe4-4002d754ad30",
            "9e239f82-b9d7-4b16-812f-5a9cd4039f73",
            "60df65e5-942c-43f7-8b06-34475d87e26e",
            "6037087d-88bd-4a8d-baac-787026f57476",
            "649521a3-739c-4246-9b46-431a401efd33",
            "c4ddb54b-23c6-4eaa-b839-1acce85d68f8",
            "053821e1-55f1-4ae6-a1ee-af23a81817af",
            "cf4cda46-ea05-499c-b952-6b2d19851e9c",
            "5ab77282-6e4a-4aff-a062-e96f0633b532",
            "62d1d3e9-3396-4979-8a1c-45343ac0ee81",
            "4c87b71e-e956-4dd0-a69b-5b5d1374b753",
            "f6198673-2d90-48b2-af69-c49b803aa877",
            "7ccc95b6-d1ca-4397-a7c2-727980e4dc1a",
            "fb4555ae-a3f6-4e26-b9ab-eb68ae5c8e8c"
          ],
          "failures": [
            "604e7191-507a-4d80-9e55-a8e4b2259911"
          ],
          "pending": [],
          "skipped": [],
          "duration": 97585,
          "root": false,
          "rootEmpty": false,
          "_timeout": 100000
        },
        {
          "uuid": "53292a5c-f5ab-403c-82df-1374541a4ff9",
          "title": "Evaluations History",
          "fullFile": "/home/devops/invohub/resource-engagement/test/e2e/evaluation/spec_4_history.js",
          "file": "/test/e2e/evaluation/spec_4_history.js",
          "beforeHooks": [
            {
              "title": "\"before all\" hook in \"Evaluations History\"",
              "fullTitle": "Evaluations History \"before all\" hook in \"Evaluations History\"",
              "timedOut": false,
              "duration": 12183,
              "state": null,
              "speed": null,
              "pass": false,
              "fail": false,
              "pending": false,
              "context": null,
              "code": "await utilFun.loginAccount()\nconst url = await utilFun.getUrl();\nassert.equal(url, baseUrl + '/home');\nlet query = [\n  `UPDATE employee_evaluations SET \"processType\" = 'COMPLETE' WHERE id = 26;`,\n  `DELETE FROM employee_evaluations WHERE \"employeeId\" = 9742 AND \"incrementType\" = 'designation';`,\n  `UPDATE employee_evaluations SET \"processDate\" = '2023-03-28 17:32:33.501+05' WHERE id = 26;`,\n];\nawait utilFun.udpateDatabase(query);",
              "err": {},
              "uuid": "d60a571d-a7ed-431a-8c25-a5965d135d92",
              "parentUUID": "53292a5c-f5ab-403c-82df-1374541a4ff9",
              "isHook": true,
              "skipped": false
            },
            {
              "title": "\"before each\" hook in \"Evaluations History\"",
              "fullTitle": "Evaluations History \"before each\" hook in \"Evaluations History\"",
              "timedOut": false,
              "duration": 4312,
              "state": null,
              "speed": null,
              "pass": false,
              "fail": false,
              "pending": false,
              "context": null,
              "code": "await utilFun.visit(baseUrl + '/evaluationHistory');\nawait utilFun.wait(4000);",
              "err": {},
              "uuid": "5dee34b9-fe89-4591-8f32-b6ae2cc89b0f",
              "parentUUID": "53292a5c-f5ab-403c-82df-1374541a4ff9",
              "isHook": true,
              "skipped": false
            }
          ],
          "afterHooks": [],
          "tests": [
            {
              "title": "should check if evaluations history is showing",
              "fullTitle": "Evaluations History should check if evaluations history is showing",
              "timedOut": false,
              "duration": 36,
              "state": "passed",
              "speed": "fast",
              "pass": true,
              "fail": false,
              "pending": false,
              "context": null,
              "code": "let obj = await evaluation.getAllPendingResourses();\nassert(obj.length > 0, `No Evaluation Found`);",
              "err": {},
              "uuid": "cac2ce47-1631-48a0-8ec5-3455314094ab",
              "parentUUID": "53292a5c-f5ab-403c-82df-1374541a4ff9",
              "isHook": false,
              "skipped": false
            },
            {
              "title": "should able to filter resoures by name",
              "fullTitle": "Evaluations History should able to filter resoures by name",
              "timedOut": false,
              "duration": 2035,
              "state": "passed",
              "speed": "slow",
              "pass": true,
              "fail": false,
              "pending": false,
              "context": null,
              "code": "await evaluation.clickFilterButton();\nawait evaluation.searchName('James Salinas');\nawait utilFun.wait(1000);\nconst name = await evaluation.getResourseName();\nutilFun.assertEql(name, 'James Salinas');",
              "err": {},
              "uuid": "c1dcf945-4173-44fe-a055-40a223d6480d",
              "parentUUID": "53292a5c-f5ab-403c-82df-1374541a4ff9",
              "isHook": false,
              "skipped": false
            },
            {
              "title": "should able to check review is completed",
              "fullTitle": "Evaluations History should able to check review is completed",
              "timedOut": false,
              "duration": 1943,
              "state": "passed",
              "speed": "slow",
              "pass": true,
              "fail": false,
              "pending": false,
              "context": null,
              "code": "await evaluation.clickFilterButton();\nawait evaluation.searchName('James Salinas');\nawait utilFun.wait(1000);\nconst name = await evaluation.checkProcessState()\nutilFun.assertEql(name, 'Complete');",
              "err": {},
              "uuid": "74cdac47-993e-4746-9148-927c5e8a7207",
              "parentUUID": "53292a5c-f5ab-403c-82df-1374541a4ff9",
              "isHook": false,
              "skipped": false
            },
            {
              "title": "should able to filter resoures by Review Type",
              "fullTitle": "Evaluations History should able to filter resoures by Review Type",
              "timedOut": false,
              "duration": 1665,
              "state": "passed",
              "speed": "slow",
              "pass": true,
              "fail": false,
              "pending": false,
              "context": null,
              "code": "await evaluation.clickFilterButton();\nawait evaluation.selectReviewType('Annual');\nconst valuesCount = await evaluation.checkValues();\nutilFun.assertEql(valuesCount, 1);",
              "err": {},
              "uuid": "22e61c02-4841-4801-b7a7-eeae29bba055",
              "parentUUID": "53292a5c-f5ab-403c-82df-1374541a4ff9",
              "isHook": false,
              "skipped": false
            },
            {
              "title": "should able to filter resoures by Last Increment",
              "fullTitle": "Evaluations History should able to filter resoures by Last Increment",
              "timedOut": false,
              "duration": 1621,
              "state": "passed",
              "speed": "slow",
              "pass": true,
              "fail": false,
              "pending": false,
              "context": null,
              "code": "await evaluation.clickFilterButton();\nawait evaluation.selectLastIncrement('N/A');\nconst valuesCount = await evaluation.checkValues();\nutilFun.assertEql(valuesCount, 1);",
              "err": {},
              "uuid": "05a39d8b-e7ac-4367-bdf9-5034d3351995",
              "parentUUID": "53292a5c-f5ab-403c-82df-1374541a4ff9",
              "isHook": false,
              "skipped": false
            },
            {
              "title": "should able to  copy email from options",
              "fullTitle": "Evaluations History should able to  copy email from options",
              "timedOut": false,
              "duration": 3977,
              "state": "passed",
              "speed": "slow",
              "pass": true,
              "fail": false,
              "pending": false,
              "context": null,
              "code": "await evaluation.clickFilterButton();\nawait evaluation.searchName('James Salinas');\nawait utilFun.wait(1000);\nconst name = await evaluation.getResourseName();\nutilFun.assertEql(name, 'James Salinas');\nawait evaluation.clickOptionBtn();\nawait utilFun.wait(1000);\nawait evaluation.selectOption('Copy Email');\nconst alertText = await evaluation.checkAlert();\nutilFun.assertEql(alertText, 'Email address is copied');",
              "err": {},
              "uuid": "1305be81-1278-4631-aa45-0fd7e077e60b",
              "parentUUID": "53292a5c-f5ab-403c-82df-1374541a4ff9",
              "isHook": false,
              "skipped": false
            },
            {
              "title": "should able to Send Email from options",
              "fullTitle": "Evaluations History should able to Send Email from options",
              "timedOut": false,
              "duration": 7647,
              "state": "passed",
              "speed": "slow",
              "pass": true,
              "fail": false,
              "pending": false,
              "context": null,
              "code": "await evaluation.clickFilterButton();\nawait evaluation.searchName('James Salinas');\nawait utilFun.wait(1000);\nconst name = await evaluation.getResourseName();\nutilFun.assertEql(name, 'James Salinas');\nawait evaluation.clickOptionBtn();\nawait utilFun.wait(1000);\nawait evaluation.selectOption('Send Email');\nawait utilFun.wait(1000);\nawait utilFun.switchWindow(1);\nawait utilFun.wait(3000);\nconst url = await utilFun.getUrl();\nassert.equal(url, 'https://mail.google.com/mail/u/0/?fs=1&tf=cm&to=james@robot-mail.com');\nawait utilFun.closeCurrentTab();\nawait utilFun.switchWindow(0);",
              "err": {},
              "uuid": "e81db9ab-ccef-4706-bff6-3ecd832eff5d",
              "parentUUID": "53292a5c-f5ab-403c-82df-1374541a4ff9",
              "isHook": false,
              "skipped": false
            },
            {
              "title": "should able to Open Slack DM from options",
              "fullTitle": "Evaluations History should able to Open Slack DM from options",
              "timedOut": false,
              "duration": 7803,
              "state": "passed",
              "speed": "slow",
              "pass": true,
              "fail": false,
              "pending": false,
              "context": null,
[...]
              "fullTitle": "Portfolio Module should able to fiter Portfolio by Project Nature",
              "timedOut": false,
              "duration": 1168,
              "state": "passed",
              "speed": "slow",
              "pass": true,
              "fail": false,
              "pending": false,
              "context": null,
              "code": "await portfolio.clickFilterBtn()\nawait portfolio.filterByProjectNature('Web App')\nconst rowText = await portfolio.getRowText(); \nassert.ok(rowText.includes('Web App'), `Expected text not found.`);",
              "err": {},
              "uuid": "fc639241-02fa-4891-8e60-fe22c132ddb1",
              "parentUUID": "090a4535-1b35-462f-9b77-b51487e069ce",
              "isHook": false,
              "skipped": false
            },
            {
              "title": "should able to fiter Portfolio by Region",
              "fullTitle": "Portfolio Module should able to fiter Portfolio by Region",
              "timedOut": false,
              "duration": 4168,
              "state": "passed",
              "speed": "slow",
              "pass": true,
              "fail": false,
              "pending": false,
              "context": null,
              "code": "await portfolio.clickFilterBtn()\nawait portfolio.filterByRegion('Pakistan')\nconst rowText = await portfolio.getRowText(); \nassert.ok(rowText.includes('Pakistan'), `Expected text not found.`);",
              "err": {},
              "uuid": "a5741763-d59d-42bf-9ab5-fba5e1d7b584",
              "parentUUID": "090a4535-1b35-462f-9b77-b51487e069ce",
              "isHook": false,
              "skipped": false
            },
            {
              "title": "should able to fiter Portfolio by Date",
              "fullTitle": "Portfolio Module should able to fiter Portfolio by Date",
              "timedOut": false,
              "duration": 1227,
              "state": "passed",
              "speed": "slow",
              "pass": true,
              "fail": false,
              "pending": false,
              "context": null,
              "code": "await portfolio.clickFilterBtn()\nawait portfolio.filterByDate('Last 2 Weeks')\nconst rowText = await portfolio.getRowText(); \nassert.ok(rowText.includes(portfolioName), `Expected text not found.`);",
              "err": {},
              "uuid": "75da1199-9577-44cd-8669-b75de7379a7f",
              "parentUUID": "090a4535-1b35-462f-9b77-b51487e069ce",
              "isHook": false,
              "skipped": false
            },
            {
              "title": "should able to Hide Division Colum",
              "fullTitle": "Portfolio Module should able to Hide Division Colum",
              "timedOut": false,
              "duration": 730,
              "state": "failed",
              "speed": null,
              "pass": false,
              "fail": true,
              "pending": false,
              "context": null,
              "code": "await portfolio.clickHideColumsBtn()\nawait portfolio.selectColum('Division')\nconst columnsCount = await portfolio.getTableColumsCount(); \nassert.equal(columnsCount, 13, `Colums count is not Correct.`);\nconst columnsText = await portfolio.getTableColumsAndCheck('Division'); \nassert.equal(columnsText, -1, `Expected Colum is Not Hidden.`);",
              "err": {
                "message": "AssertionError: Colums count is not Correct.",
                "estack": "AssertionError [ERR_ASSERTION]: Colums count is not Correct.\n    at Context.<anonymous> (test/e2e/portfolio/spec-1-portfolio.js:185:12)\n    at process.processTicksAndRejections (node:internal/process/task_queues:95:5)",
                "diff": "- 14\n+ 13\n"
              },
              "uuid": "6cd16754-ea60-407d-ad8d-ce12324d6688",
              "parentUUID": "090a4535-1b35-462f-9b77-b51487e069ce",
              "isHook": false,
              "skipped": false
            },
            {
              "title": "should able to Hide Project Nature Colum",
              "fullTitle": "Portfolio Module should able to Hide Project Nature Colum",
              "timedOut": false,
              "duration": 691,
              "state": "failed",
              "speed": null,
              "pass": false,
              "fail": true,
              "pending": false,
              "context": null,
              "code": "await portfolio.clickHideColumsBtn()\nawait portfolio.selectColum('Project Nature')\nconst columnsCount = await portfolio.getTableColumsCount(); \nassert.equal(columnsCount, 12, `Colums count is not Correct.`);\nconst columnsText = await portfolio.getTableColumsAndCheck('Project Nature'); \nassert.equal(columnsText, -1, `Expected Colum is Not Hidden.`);",
              "err": {
                "message": "AssertionError: Colums count is not Correct.",
                "estack": "AssertionError [ERR_ASSERTION]: Colums count is not Correct.\n    at Context.<anonymous> (test/e2e/portfolio/spec-1-portfolio.js:193:12)\n    at process.processTicksAndRejections (node:internal/process/task_queues:95:5)",
                "diff": "- 13\n+ 12\n"
              },
              "uuid": "67fef05d-cca7-460c-87be-e10f3ca63eae",
              "parentUUID": "090a4535-1b35-462f-9b77-b51487e069ce",
              "isHook": false,
              "skipped": false
            },
            {
              "title": "should able to Hide Tech Stack Colum",
              "fullTitle": "Portfolio Module should able to Hide Tech Stack Colum",
              "timedOut": false,
              "duration": 635,
              "state": "failed",
              "speed": null,
              "pass": false,
              "fail": true,
              "pending": false,
              "context": null,
              "code": "await portfolio.clickHideColumsBtn()\nawait portfolio.selectColum('Tech Stack')\nconst columnsCount = await portfolio.getTableColumsCount(); \nassert.equal(columnsCount, 11, `Colums count is not Correct.`);\nconst columnsText = await portfolio.getTableColumsAndCheck('Tech Stack'); \nassert.equal(columnsText, -1, `Expected Colum is Not Hidden.`);",
              "err": {
                "message": "AssertionError: Colums count is not Correct.",
                "estack": "AssertionError [ERR_ASSERTION]: Colums count is not Correct.\n    at Context.<anonymous> (test/e2e/portfolio/spec-1-portfolio.js:201:12)\n    at process.processTicksAndRejections (node:internal/process/task_queues:95:5)",
                "diff": "- 12\n+ 11\n"
              },
              "uuid": "7b303768-2db6-4341-a886-5866a298849a",
              "parentUUID": "090a4535-1b35-462f-9b77-b51487e069ce",
              "isHook": false,
              "skipped": false
            },
            {
              "title": "should able to Hide POC Colum",
              "fullTitle": "Portfolio Module should able to Hide POC Colum",
              "timedOut": false,
              "duration": 608,
              "state": "failed",
              "speed": null,
              "pass": false,
              "fail": true,
              "pending": false,
              "context": null,
              "code": "await portfolio.clickHideColumsBtn()\nawait portfolio.selectColum('POC')\nconst columnsCount = await portfolio.getTableColumsCount(); \nassert.equal(columnsCount, 10, `Colums count is not Correct.`);\nconst columnsText = await portfolio.getTableColumsAndCheck('POC'); \nassert.equal(columnsText, -1, `Expected Colum is Not Hidden.`);",
              "err": {
                "message": "AssertionError: Colums count is not Correct.",
                "estack": "AssertionError [ERR_ASSERTION]: Colums count is not Correct.\n    at Context.<anonymous> (test/e2e/portfolio/spec-1-portfolio.js:209:12)\n    at process.processTicksAndRejections (node:internal/process/task_queues:95:5)",
                "diff": "- 11\n+ 10\n"
              },
              "uuid": "96a3090d-4790-4132-a3fb-a65e0288b445",
              "parentUUID": "090a4535-1b35-462f-9b77-b51487e069ce",
              "isHook": false,
              "skipped": false
            },
            {
              "title": "should able to Hide Resources Colum",
              "fullTitle": "Portfolio Module should able to Hide Resources Colum",
              "timedOut": false,
              "duration": 697,
              "state": "failed",
              "speed": null,
              "pass": false,
              "fail": true,
              "pending": false,
              "context": null,
              "code": "await portfolio.clickHideColumsBtn()\nawait portfolio.selectColum('Resources')\nconst columnsCount = await portfolio.getTableColumsCount(); \nassert.equal(columnsCount, 9, `Colums count is not Correct.`);\nconst columnsText = await portfolio.getTableColumsAndCheck('Resources'); \nassert.equal(columnsText, -1, `Expected Colum is Not Hidden.`);",
              "err": {
                "message": "AssertionError: Colums count is not Correct.",
                "estack": "AssertionError [ERR_ASSERTION]: Colums count is not Correct.\n    at Context.<anonymous> (test/e2e/portfolio/spec-1-portfolio.js:217:12)\n    at process.processTicksAndRejections (node:internal/process/task_queues:95:5)",
                "diff": "- 10\n+ 9\n"
              },
              "uuid": "56e91199-3029-4b7d-a3d1-21cfba9d2ba6",
              "parentUUID": "090a4535-1b35-462f-9b77-b51487e069ce",
              "isHook": false,
              "skipped": false
            },
            {
              "title": "should able to Hide Tags Colum",
              "fullTitle": "Portfolio Module should able to Hide Tags Colum",
              "timedOut": false,
              "duration": 572,
              "state": "failed",
              "speed": null,
              "pass": false,
              "fail": true,
              "pending": false,
              "context": null,
              "code": "await portfolio.clickHideColumsBtn()\nawait portfolio.selectColum('Tags')\nconst columnsCount = await portfolio.getTableColumsCount(); \nassert.equal(columnsCount, 8, `Colums count is not Correct.`);\nconst columnsText = await portfolio.getTableColumsAndCheck('Tags'); \nassert.equal(columnsText, -1, `Expected Colum is Not Hidden.`);",
              "err": {
                "message": "AssertionError: Colums count is not Correct.",
                "estack": "AssertionError [ERR_ASSERTION]: Colums count is not Correct.\n    at Context.<anonymous> (test/e2e/portfolio/spec-1-portfolio.js:225:12)\n    at process.processTicksAndRejections (node:internal/process/task_queues:95:5)",
                "diff": "- 9\n+ 8\n"
              },
              "uuid": "6c4d0715-45a5-4635-84a5-7673a3453a4a",
              "parentUUID": "090a4535-1b35-462f-9b77-b51487e069ce",
              "isHook": false,
              "skipped": false
            },
            {
              "title": "should able to Hide Industry Colum",
              "fullTitle": "Portfolio Module should able to Hide Industry Colum",
              "timedOut": false,
              "duration": 583,
              "state": "failed",
              "speed": null,
              "pass": false,
              "fail": true,
              "pending": false,
              "context": null,
              "code": "await portfolio.clickHideColumsBtn()\nawait portfolio.selectColum('Industry')\nconst columnsCount = await portfolio.getTableColumsCount(); \nassert.equal(columnsCount, 7, `Colums count is not Correct.`);\nconst columnsText = await portfolio.getTableColumsAndCheck('Industry'); \nassert.equal(columnsText, -1, `Expected Colum is Not Hidden.`);",
              "err": {
                "message": "AssertionError: Colums count is not Correct.",
                "estack": "AssertionError [ERR_ASSERTION]: Colums count is not Correct.\n    at Context.<anonymous> (test/e2e/portfolio/spec-1-portfolio.js:233:12)\n    at process.processTicksAndRejections (node:internal/process/task_queues:95:5)",
                "diff": "- 8\n+ 7\n"
              },
              "uuid": "e373df8d-6998-4875-bb5c-11cc18a1ff1e",
              "parentUUID": "090a4535-1b35-462f-9b77-b51487e069ce",
              "isHook": false,
              "skipped": false
            },
            {
              "title": "should able to Hide Region Colum",
              "fullTitle": "Portfolio Module should able to Hide Region Colum",
              "timedOut": false,
              "duration": 558,
              "state": "failed",
              "speed": null,
              "pass": false,
              "fail": true,
              "pending": false,
              "context": null,
              "code": "await portfolio.clickHideColumsBtn()\nawait portfolio.selectColum('Region')\nconst columnsCount = await portfolio.getTableColumsCount(); \nassert.equal(columnsCount, 6, `Colums count is not Correct.`);\nconst columnsText = await portfolio.getTableColumsAndCheck('Region'); \nassert.equal(columnsText, -1, `Expected Colum is Not Hidden.`);",
              "err": {
                "message": "AssertionError: Colums count is not Correct.",
                "estack": "AssertionError [ERR_ASSERTION]: Colums count is not Correct.\n    at Context.<anonymous> (test/e2e/portfolio/spec-1-portfolio.js:241:12)\n    at process.processTicksAndRejections (node:internal/process/task_queues:95:5)",
                "diff": "- 7\n+ 6\n"
              },
              "uuid": "f2a509fd-6f7b-40a3-a96d-1b7d2ac490ef",
              "parentUUID": "090a4535-1b35-462f-9b77-b51487e069ce",
              "isHook": false,
              "skipped": false
            },
            {
              "title": "should able to Hide Attachments Colum",
              "fullTitle": "Portfolio Module should able to Hide Attachments Colum",
              "timedOut": false,
              "duration": 546,
              "state": "failed",
              "speed": null,
              "pass": false,
              "fail": true,
              "pending": false,
              "context": null,
              "code": "await portfolio.clickHideColumsBtn()\nawait portfolio.selectColum('Attachments')\nconst columnsCount = await portfolio.getTableColumsCount(); \nassert.equal(columnsCount, 5, `Colums count is not Correct.`);\nconst columnsText = await portfolio.getTableColumsAndCheck('Attachments'); \nassert.equal(columnsText, -1, `Expected Colum is Not Hidden.`);",
              "err": {
                "message": "AssertionError: Colums count is not Correct.",
                "estack": "AssertionError [ERR_ASSERTION]: Colums count is not Correct.\n    at Context.<anonymous> (test/e2e/portfolio/spec-1-portfolio.js:249:12)\n    at process.processTicksAndRejections (node:internal/process/task_queues:95:5)",
                "diff": "- 6\n+ 5\n"
              },
              "uuid": "4d968e0a-4757-4bbc-ba40-854e4c93a549",
              "parentUUID": "090a4535-1b35-462f-9b77-b51487e069ce",
              "isHook": false,
              "skipped": false
            },
            {
              "title": "should able to Hide Achievements Colum",
              "fullTitle": "Portfolio Module should able to Hide Achievements Colum",
              "timedOut": false,
              "duration": 602,
              "state": "failed",
              "speed": null,
              "pass": false,
              "fail": true,
              "pending": false,
              "context": null,
              "code": "await portfolio.clickHideColumsBtn()\nawait portfolio.selectColum('Achievements')\nconst columnsCount = await portfolio.getTableColumsCount(); \nassert.equal(columnsCount, 4, `Colums count is not Correct.`);\nconst columnsText = await portfolio.getTableColumsAndCheck('Achievements'); \nassert.equal(columnsText, -1, `Expected Colum is Not Hidden.`);",
              "err": {
                "message": "AssertionError: Colums count is not Correct.",
                "estack": "AssertionError [ERR_ASSERTION]: Colums count is not Correct.\n    at Context.<anonymous> (test/e2e/portfolio/spec-1-portfolio.js:257:12)\n    at process.processTicksAndRejections (node:internal/process/task_queues:95:5)",
                "diff": "- 5\n+ 4\n"
              },
              "uuid": "4ffb2b86-92e0-459b-9665-5166fe7bc941",
              "parentUUID": "090a4535-1b35-462f-9b77-b51487e069ce",
              "isHook": false,
              "skipped": false
            },
            {
              "title": "should able to Hide Git Access Colum",
              "fullTitle": "Portfolio Module should able to Hide Git Access Colum",
              "timedOut": false,
              "duration": 611,
              "state": "failed",
              "speed": null,
              "pass": false,
              "fail": true,
              "pending": false,
              "context": null,
              "code": "await portfolio.clickHideColumsBtn()\nawait portfolio.selectColum('Git Access')\nconst columnsCount = await portfolio.getTableColumsCount(); \nassert.equal(columnsCount, 3, `Colums count is not Correct.`);\nconst columnsText = await portfolio.getTableColumsAndCheck('Git Access'); \nassert.equal(columnsText, -1, `Expected Colum is Not Hidden.`);",
              "err": {
                "message": "AssertionError: Colums count is not Correct.",
                "estack": "AssertionError [ERR_ASSERTION]: Colums count is not Correct.\n    at Context.<anonymous> (test/e2e/portfolio/spec-1-portfolio.js:265:12)\n    at process.processTicksAndRejections (node:internal/process/task_queues:95:5)",
                "diff": "- 4\n+ 3\n"
              },
              "uuid": "b3d98fbc-9900-4c38-9cbd-3a8f7ba8f018",
              "parentUUID": "090a4535-1b35-462f-9b77-b51487e069ce",
              "isHook": false,
              "skipped": false
            }
          ],
          "suites": [],
          "passes": [
            "bbd472f7-5df8-47fa-ab9a-f71d8923b399",
            "59af5b1f-2cdf-4366-ad13-8c6588d4284a",
            "51ac1486-86c6-4aaf-9f9f-03fc9f838636",
            "2a3238cb-8f1a-4581-8be0-a8a1ca56bcde",
            "17b56f05-7e14-4172-8d9e-e85ae60971e8",
            "ba1ac860-63d6-492b-bc0e-ac7f3c1348af",
            "6df33809-b945-4512-b892-350dc34e3eee",
            "1800e372-24c3-4478-a107-a0ddb38c831f",
            "e00c32f0-1e38-4803-bf26-e8caf5bfa93f",
            "be0f0d1b-6174-402e-b16e-a30d19a8699b",
            "fc639241-02fa-4891-8e60-fe22c132ddb1",
            "a5741763-d59d-42bf-9ab5-fba5e1d7b584",
            "75da1199-9577-44cd-8669-b75de7379a7f"
          ],
          "failures": [
            "6cd16754-ea60-407d-ad8d-ce12324d6688",
            "67fef05d-cca7-460c-87be-e10f3ca63eae",
            "7b303768-2db6-4341-a886-5866a298849a",
            "96a3090d-4790-4132-a3fb-a65e0288b445",
            "56e91199-3029-4b7d-a3d1-21cfba9d2ba6",
            "6c4d0715-45a5-4635-84a5-7673a3453a4a",
            "e373df8d-6998-4875-bb5c-11cc18a1ff1e",
            "f2a509fd-6f7b-40a3-a96d-1b7d2ac490ef",
            "4d968e0a-4757-4bbc-ba40-854e4c93a549",
            "4ffb2b86-92e0-459b-9665-5166fe7bc941",
            "b3d98fbc-9900-4c38-9cbd-3a8f7ba8f018"
          ],
          "pending": [],
          "skipped": [],
          "duration": 75190,
          "root": false,
          "rootEmpty": false,
          "_timeout": 100000
        }
      ],
      "passes": [],
      "failures": [],
      "pending": [],
      "skipped": [],
      "duration": 0,
      "root": true,
      "rootEmpty": true,
      "_timeout": 100000
    }
  ],
  "meta": {
    "mocha": {
      "version": "10.2.0"
    },
    "mochawesome": {
      "options": {
        "quiet": false,
        "reportFilename": "mochawesome",
        "saveHtml": true,
        "saveJson": true,
        "consoleReporter": "spec",
        "useInlineDiffs": false,
        "code": true
      },
      "version": "7.1.3"
    },
    "marge": {
      "options": {
        "reportDir": "test/report"
      },
      "version": "6.2.0"
    }
  }
}