{
  "stats": {
    "suites": 21,
    "tests": 326,
    "passes": 184,
    "pending": 102,
    "failures": 40,
    "start": "2024-03-20T10:07:35.739Z",
    "end": "2024-03-20T10:58:48.188Z",
    "duration": 3072449,
    "testsRegistered": 564,
    "passPercent": 39.82683982683983,
    "pendingPercent": 18.085106382978726,
    "other": 8,
    "hasOther": true,
    "skipped": 231,
    "hasSkipped": true
  },
  "results": [
    {
      "uuid": "6cb060fe-4d95-42b6-8a64-b2ee1a2b7e15",
      "title": "",
      "fullFile": "",
      "file": "",
      "beforeHooks": [],
      "afterHooks": [],
      "tests": [],
      "suites": [
        {
          "uuid": "8dd7bdce-3693-41a5-a0b9-ec5f7075923e",
          "title": "Pending Evaluations",
          "fullFile": "/home/devops/invohub/resource-engagement/test/e2e/1-Evaluation/spec_1_pendings.js",
          "file": "/test/e2e/1-Evaluation/spec_1_pendings.js",
          "beforeHooks": [
            {
              "title": "\"before all\" hook in \"Pending Evaluations\"",
              "fullTitle": "Pending Evaluations \"before all\" hook in \"Pending Evaluations\"",
              "timedOut": false,
              "duration": 45566,
              "state": null,
              "speed": null,
              "pass": false,
              "fail": false,
              "pending": false,
              "context": null,
              "code": "let query = [\n  `UPDATE departments SET \"hodId\" = 9474 WHERE id = 9;`,\n  `UPDATE employees SET \"email\" = 'bilal.rafaqat@invozone.de' WHERE id = 9429;`,\n  `UPDATE employees SET \"email\" = 'bilal.rafaqat@invozone.dev' WHERE id = 9474;`,\n];\nawait utilFun.udpateDatabase(query);\nawait utilFun.login(email, password);\nconst url = await utilFun.getUrl();\nassert.equal(url, baseUrl + '/home');\nlet query1 =[\n    `UPDATE employee_evaluations SET \"incrementType\" = 'annual' WHERE id = 26;`,\n    `UPDATE employee_evaluations SET \"processType\" = NULL WHERE id = 26;`,\n    `UPDATE employee_evaluations SET \"reasonForDefer\" = NULL WHERE id = 26;`,\n    `UPDATE employee_evaluations SET \"processDate\" = NULL WHERE id = 26;`,\n    `UPDATE employee_evaluations SET \"feedback\" = NULL WHERE id = 26;`,\n    `DELETE FROM employee_evaluations WHERE \"employeeId\" = 9742 AND \"incrementType\" = 'designation';`,\n    ];\n    await utilFun.udpateDatabase(query1);",
              "err": {},
              "uuid": "cf305bb3-5c34-4b89-b503-b52654a48f70",
              "parentUUID": "8dd7bdce-3693-41a5-a0b9-ec5f7075923e",
              "isHook": true,
              "skipped": false
            },
            {
              "title": "\"before each\" hook in \"Pending Evaluations\"",
              "fullTitle": "Pending Evaluations \"before each\" hook in \"Pending Evaluations\"",
              "timedOut": false,
              "duration": 3655,
              "state": null,
              "speed": null,
              "pass": false,
              "fail": false,
              "pending": false,
              "context": null,
              "code": "await utilFun.visit(baseUrl + '/evaluation');\nawait utilFun.wait(3000);",
              "err": {},
              "uuid": "2604194e-33be-42e5-9337-0faf048390a4",
              "parentUUID": "8dd7bdce-3693-41a5-a0b9-ec5f7075923e",
              "isHook": true,
              "skipped": false
            }
          ],
          "afterHooks": [],
          "tests": [
            {
              "title": "should check if pending evaluations are showing",
              "fullTitle": "Pending Evaluations should check if pending evaluations are showing",
              "timedOut": false,
              "duration": 50,
              "state": "passed",
              "speed": "medium",
              "pass": true,
              "fail": false,
              "pending": false,
              "context": null,
              "code": "let obj = await evaluation.getAllPendingResourses();\nassert(obj.length > 0, `No Evaluation Found`);",
              "err": {},
              "uuid": "d30d3b89-a444-4da6-b498-8e18685f674d",
              "parentUUID": "8dd7bdce-3693-41a5-a0b9-ec5f7075923e",
              "isHook": false,
              "skipped": false
            },
            {
              "title": "should able to filter resoures by name",
              "fullTitle": "Pending Evaluations should able to filter resoures by name",
              "timedOut": false,
              "duration": 2006,
              "state": "passed",
              "speed": "slow",
              "pass": true,
              "fail": false,
              "pending": false,
              "context": null,
              "code": "await evaluation.clickFilterButton();\nawait evaluation.searchName('James Salinas');\nawait utilFun.wait(1000);\nconst name = await evaluation.getResourseName();\nutilFun.assertEql(name, 'James Salinas');",
              "err": {},
              "uuid": "07930df3-884e-4979-879c-6333796c5800",
              "parentUUID": "8dd7bdce-3693-41a5-a0b9-ec5f7075923e",
              "isHook": false,
              "skipped": false
            },
            {
              "title": "should able to filter resoures by Review Type",
              "fullTitle": "Pending Evaluations should able to filter resoures by Review Type",
              "timedOut": false,
              "duration": 1577,
              "state": "passed",
              "speed": "slow",
              "pass": true,
              "fail": false,
              "pending": false,
              "context": null,
              "code": "await evaluation.clickFilterButton();\nawait evaluation.selectReviewType('Annual');\nconst valuesCount = await evaluation.checkValues();\nutilFun.assertEql(valuesCount, 1);",
              "err": {},
              "uuid": "6c45b513-7c69-4ce4-9c14-8e743fe01843",
              "parentUUID": "8dd7bdce-3693-41a5-a0b9-ec5f7075923e",
              "isHook": false,
              "skipped": false
            },
            {
              "title": "should able to filter resoures by Last Increment",
              "fullTitle": "Pending Evaluations should able to filter resoures by Last Increment",
              "timedOut": false,
              "duration": 1627,
              "state": "passed",
              "speed": "slow",
              "pass": true,
              "fail": false,
              "pending": false,
              "context": null,
              "code": "await evaluation.clickFilterButton();\nawait evaluation.selectLastIncrement('N/A');\nconst valuesCount = await evaluation.checkValues();\nutilFun.assertEql(valuesCount, 1);",
              "err": {},
              "uuid": "a789c5a7-5890-473e-bfdd-e34604300a65",
              "parentUUID": "8dd7bdce-3693-41a5-a0b9-ec5f7075923e",
              "isHook": false,
              "skipped": false
            },
            {
              "title": "should able to  copy email from options",
              "fullTitle": "Pending Evaluations should able to  copy email from options",
              "timedOut": false,
              "duration": 6554,
              "state": "passed",
              "speed": "slow",
              "pass": true,
              "fail": false,
              "pending": false,
              "context": null,
              "code": "await evaluation.clickFilterButton();\nawait evaluation.searchName('James Salinas');\nawait utilFun.wait(1000);\nconst name = await evaluation.getResourseName();\nutilFun.assertEql(name, 'James Salinas');\nawait evaluation.clickOptionBtn();\nawait utilFun.wait(1000);\nawait evaluation.selectOption('Copy Email');\nawait utilFun.wait(3000);\nconst alertText = await evaluation.checkAlert();\nutilFun.assertEql(alertText, 'Email address is copied');",
              "err": {},
              "uuid": "7fedf6f4-8fdf-44e8-9d6f-41964ea28474",
              "parentUUID": "8dd7bdce-3693-41a5-a0b9-ec5f7075923e",
              "isHook": false,
              "skipped": false
            },
            {
              "title": "should able to Send Email from options",
              "fullTitle": "Pending Evaluations should able to Send Email from options",
              "timedOut": false,
              "duration": 13152,
              "state": "passed",
              "speed": "slow",
              "pass": true,
              "fail": false,
              "pending": false,
              "context": null,
              "code": "await evaluation.clickFilterButton();\nawait evaluation.searchName('James Salinas');\nawait utilFun.wait(1000);\nconst name = await evaluation.getResourseName();\nutilFun.assertEql(name, 'James Salinas');\nawait evaluation.clickOptionBtn();\nawait utilFun.wait(1000);\nawait evaluation.selectOption('Send Email');\nawait utilFun.wait(1000);\nawait utilFun.switchWindow(1);\nawait utilFun.wait(3000);\nconst url = await utilFun.getUrl();\nassert.equal(url, 'https://mail.google.com/mail/u/0/?fs=1&tf=cm&to=james@robot-mail.com');\nawait utilFun.closeCurrentTab();\nawait utilFun.switchWindow(0);",
              "err": {},
              "uuid": "efa9c831-8408-450e-95b7-014caaabbb63",
              "parentUUID": "8dd7bdce-3693-41a5-a0b9-ec5f7075923e",
              "isHook": false,
              "skipped": false
            },
            {
              "title": "should able to Open Slack DM from options",
              "fullTitle": "Pending Evaluations should able to Open Slack DM from options",
              "timedOut": false,
              "duration": 7384,
              "state": "passed",
              "speed": "slow",
              "pass": true,
              "fail": false,
              "pending": false,
              "context": null,
              "code": "await evaluation.clickFilterButton();\nawait evaluation.searchName('James Salinas');\nawait utilFun.wait(1000);\nconst name = await evaluation.getResourseName();\nutilFun.assertEql(name, 'James Salinas');\nawait evaluation.clickOptionBtn();\nawait utilFun.wait(1000);\nawait evaluation.selectOption('Open Slack DM');\nawait utilFun.wait(1000);\nawait utilFun.switchWindow(1);\nawait utilFun.wait(3000);\nconst url = await utilFun.getUrl();\nassert.equal(url, 'https://invozone.slack.com/?redir=%2Fapp_redirect%3Fchannel%3Dundefined');\nawait utilFun.closeCurrentTab();\nawait utilFun.switchWindow(0);",
              "err": {},
              "uuid": "2f14346e-9d19-43a0-b400-f68a4bfc1e83",
              "parentUUID": "8dd7bdce-3693-41a5-a0b9-ec5f7075923e",
              "isHook": false,
              "skipped": false
            },
            {
              "title": "should able to see Email from options",
              "fullTitle": "Pending Evaluations should able to see Email from options",
              "timedOut": false,
              "duration": 6271,
              "state": "passed",
              "speed": "slow",
              "pass": true,
              "fail": false,
              "pending": false,
              "context": null,
              "code": "await evaluation.clickFilterButton();\nawait evaluation.searchName('James Salinas');\nawait utilFun.wait(1000);\nconst name = await evaluation.getResourseName();\nutilFun.assertEql(name, 'James Salinas');\nawait evaluation.clickOptionBtn();\nawait utilFun.wait(1000);\nawait evaluation.selectOption('See Email');\nawait utilFun.wait(3000);\nconst email = await evaluation.copyEmail();\nassert.equal(email, 'Email: james@robot-mail.com');",
              "err": {},
              "uuid": "acc7cd14-9f2f-4f74-bbb0-017f33a36982",
              "parentUUID": "8dd7bdce-3693-41a5-a0b9-ec5f7075923e",
              "isHook": false,
              "skipped": false
            },
            {
              "title": "should able to copy Phone Number from options",
              "fullTitle": "Pending Evaluations should able to copy Phone Number from options",
              "timedOut": false,
              "duration": 6746,
              "state": "passed",
              "speed": "slow",
              "pass": true,
              "fail": false,
              "pending": false,
              "context": null,
              "code": "await evaluation.clickFilterButton();\nawait evaluation.searchName('James Salinas');\nawait utilFun.wait(1000);\nconst name = await evaluation.getResourseName();\nutilFun.assertEql(name, 'James Salinas');\nawait evaluation.clickOptionBtn();\nawait utilFun.wait(1000);\nawait evaluation.selectOption('Phone Number');\nawait utilFun.wait(3000);\nawait evaluation.copyPhoneNumber();\nconst alertText = await evaluation.checkAlert();\nassert.equal(alertText, 'Phone# is copied successfully');",
              "err": {},
              "uuid": "d7a19be3-8356-4cd1-a939-4cb5f8933cb1",
              "parentUUID": "8dd7bdce-3693-41a5-a0b9-ec5f7075923e",
              "isHook": false,
              "skipped": false
            },
            {
              "title": "should able to see Resource Details from options",
              "fullTitle": "Pending Evaluations should able to see Resource Details from options",
              "timedOut": false,
              "duration": 4375,
              "state": "passed",
              "speed": "slow",
              "pass": true,
              "fail": false,
              "pending": false,
              "context": null,
              "code": "await evaluation.clickFilterButton();\nawait evaluation.searchName('James Salinas');\nawait utilFun.wait(1000);\nconst name = await evaluation.getResourseName();\nutilFun.assertEql(name, 'James Salinas');\nawait evaluation.clickResource();\nawait utilFun.wait(1000);\nawait utilFun.switchWindow(1);\nawait utilFun.wait(1000);\nconst url = await utilFun.getUrl();\nassert.equal(url, 'http://localhost:3000/resource-detail/9742?tab=Basic_Information');\nawait utilFun.closeCurrentTab();\nawait utilFun.switchWindow(0);",
              "err": {},
              "uuid": "8fe17323-09ae-49e4-bebb-fa6a1db7b87b",
              "parentUUID": "8dd7bdce-3693-41a5-a0b9-ec5f7075923e",
              "isHook": false,
              "skipped": false
            },
            {
              "title": "should able to see employee history",
              "fullTitle": "Pending Evaluations should able to see employee history",
              "timedOut": false,
              "duration": 3261,
              "state": "passed",
              "speed": "slow",
              "pass": true,
              "fail": false,
              "pending": false,
              "context": null,
              "code": "await evaluation.clickFilterButton();\nawait evaluation.searchName('James Salinas');\nawait utilFun.wait(1000);\nconst name = await evaluation.getResourseName();\nutilFun.assertEql(name, 'James Salinas');\nawait evaluation.clickSeeFeedback();\nawait utilFun.wait(1000);\nconst title = await evaluation.checkTitle();\nutilFun.assertEql(title, 'Feedback History of James Salinas');\nawait evaluation.checkSelectedTab();",
              "err": {},
              "uuid": "15418388-01b9-499a-8d45-d00cc31e8b69",
              "parentUUID": "8dd7bdce-3693-41a5-a0b9-ec5f7075923e",
              "isHook": false,
              "skipped": false
            },
            {
              "title": "should able to request a review",
              "fullTitle": "Pending Evaluations should able to request a review",
              "timedOut": false,
              "duration": 7212,
              "state": "passed",
              "speed": "slow",
              "pass": true,
              "fail": false,
              "pending": false,
              "context": null,
              "code": "await evaluation.clickFilterButton();\nawait evaluation.searchName('James Salinas');\nawait utilFun.wait(1000);\nconst name = await evaluation.getResourseName();\nutilFun.assertEql(name, 'James Salinas');\nawait evaluation.clickSeeFeedback();\nawait utilFun.wait(1000);\nawait evaluation.clickSubmittedReview();\nawait evaluation.clickReqReviewBtn();\nawait utilFun.wait(1000);\nawait evaluation.clickHod('Muhammad Bilal Rafaqat');\nawait evaluation.clickSendReqBtn();\nconst alertText = await evaluation.checkAlert();\nutilFun.assertEql(alertText, 'Request is send successfully.');",
              "err": {},
              "uuid": "0cad2f31-7508-4ada-bca9-fcd91aa5b0e7",
              "parentUUID": "8dd7bdce-3693-41a5-a0b9-ec5f7075923e",
              "isHook": false,
              "skipped": false
            },
            {
              "title": "should able to give a review",
              "fullTitle": "Pending Evaluations should able to give a review",
              "timedOut": false,
              "duration": 25584,
              "state": "passed",
              "speed": "slow",
              "pass": true,
              "fail": false,
              "pending": false,
              "context": null,
              "code": "const query = [\n  `UPDATE employees SET \"departmentId\" = 9 WHERE id = 9474;`,\n  `UPDATE employees SET \"designationId\" = 83 WHERE id = 9474;`,\n  `UPDATE employees SET \"designation\" = 'Head of Engineering' WHERE id = 9474;`,\n];\nawait utilFun.udpateDatabase(query);\nawait utilFun.refresh();\nawait evaluation.clickFilterButton();\nawait evaluation.searchName('James Salinas');\nawait utilFun.wait(1000);\nconst name = await evaluation.getResourseName();\nutilFun.assertEql(name, 'James Salinas');\nawait evaluation.clickSeeFeedback();\nawait utilFun.wait(1000);\nawait evaluation.clickSubmittedReview();\nawait utilFun.wait(1000);\nawait evaluation.clickAddFeedback();\n// await feedbackForm.enterDate('03092023');\nawait feedbackForm.selectFeedbackDuration('6 Months');\nawait feedbackForm.selectNextReviewType('Annual');\nawait feedbackForm.selectRevisedDesignation('Software Engineer');\nawait feedbackForm.selectRevisedDesignationCategory('Automation');\nawait feedbackForm.typeIncreament('200000');\nawait feedbackForm.typeDescription('testingggg');\nawait feedbackForm.clickSubmit();\nconst alertText = await evaluation.checkAlert();\nutilFun.assertEql(alertText, 'Increment status is updated successfully');",
              "err": {},
              "uuid": "bf5a932b-b453-4bc4-8ce4-cda4c12cb801",
              "parentUUID": "8dd7bdce-3693-41a5-a0b9-ec5f7075923e",
              "isHook": false,
              "skipped": false
            },
            {
              "title": "should able to edit review form",
              "fullTitle": "Pending Evaluations should able to edit review form",
              "timedOut": false,
              "duration": 9157,
              "state": "passed",
              "speed": "slow",
              "pass": true,
              "fail": false,
              "pending": false,
              "context": null,
              "code": "await evaluation.clickFilterButton();\nawait evaluation.searchName('James Salinas');\nawait utilFun.wait(1000);\nconst name = await evaluation.getResourseName();\nutilFun.assertEql(name, 'James Salinas');\nawait evaluation.clickEditForm();\nawait utilFun.wait(1000);\n// await feedbackForm.enterDate('03102023');\nawait feedbackForm.selectFeedbackDuration('3 Months');\nawait feedbackForm.selectNextReviewType('Annual');\nawait feedbackForm.selectRevisedDesignation('Software Engineer');\nawait feedbackForm.typeIncreament('200000');\nawait feedbackForm.typeDescription('updated');\nawait feedbackForm.clickSubmit();\nconst alertText = await evaluation.checkAlert();\nutilFun.assertEql(alertText, 'Increment status is updated successfully');",
              "err": {},
              "uuid": "c5feb2b5-d6a5-4f53-b9b7-caed259474fe",
              "parentUUID": "8dd7bdce-3693-41a5-a0b9-ec5f7075923e",
              "isHook": false,
              "skipped": false
            },
            {
              "title": "should able to defer review",
              "fullTitle": "Pending Evaluations should able to defer review",
              "timedOut": false,
              "duration": 7074,
              "state": "passed",
              "speed": "slow",
              "pass": true,
              "fail": false,
              "pending": false,
              "context": null,
              "code": "const query = [\n  `UPDATE employees SET \"designation\" = 'HR' WHERE id = 9474;`,\n  `UPDATE employees SET \"departmentId\" = 7 WHERE id = 9474;`,\n  `UPDATE employees SET \"designationId\" = 77 WHERE id = 9474;`,\n];\nawait utilFun.udpateDatabase(query);\nawait utilFun.refresh();\nawait evaluation.clickFilterButton();\nawait evaluation.searchName('James Salinas');\nawait utilFun.wait(1000);\nconst name = await evaluation.getResourseName();\nutilFun.assertEql(name, 'James Salinas');\nawait evaluation.clickDefer();\nawait evaluation.clickDeferType();\nawait utilFun.wait(1000);\nawait evaluation.selectDeferType('2 Weeks');\nawait evaluation.typeDeferReason('testing');\nawait evaluation.clickSubmitBtn();\nconst alertText = await evaluation.checkAlert();\nutilFun.assertEql(alertText, 'Increment status is updated successfully');",
              "err": {},
              "uuid": "e9415f6f-1a0b-4fc4-a004-92c42a62f424",
              "parentUUID": "8dd7bdce-3693-41a5-a0b9-ec5f7075923e",
              "isHook": false,
              "skipped": false
            },
            {
              "title": "should able to complete review",
              "fullTitle": "Pending Evaluations should able to complete review",
              "timedOut": false,
              "duration": 10283,
              "state": "passed",
              "speed": "slow",
              "pass": true,
              "fail": false,
              "pending": false,
              "context": null,
              "code": "const query = [\n  `UPDATE employees SET \"designation\" = 'HR' WHERE id = 9474;`,\n  `UPDATE employees SET \"departmentId\" = 7 WHERE id = 9474;`,\n  `UPDATE employees SET \"designationId\" = 77 WHERE id = 9474;`,\n  `UPDATE employee_evaluations SET \"processType\" = NULL WHERE id = 26;`,\n  `UPDATE employee_evaluations SET \"reasonForDefer\" = NULL WHERE id = 26;`,\n  `UPDATE employee_evaluations SET \"processDate\" = NULL WHERE id = 26;`,\n];\nawait utilFun.udpateDatabase(query);\nawait utilFun.refresh();\nawait evaluation.clickFilterButton();\nawait evaluation.searchName('James Salinas');\nawait utilFun.wait(1000);\nconst name = await evaluation.getResourseName();\nutilFun.assertEql(name, 'James Salinas');\nawait evaluation.clickComplete();\n// await feedbackForm.enterDate('03102023');\nawait feedbackForm.selectFeedbackDuration('3 Months');\nawait feedbackForm.selectNextReviewType('Annual');\nawait feedbackForm.selectRevisedDesignation('Software Engineer');\nawait feedbackForm.typeIncreament('200000');\nawait feedbackForm.clickSubmit();\nconst alertText = await evaluation.checkAlert();\nutilFun.assertEql(alertText, 'Increment status is updated successfully');",
              "err": {},
              "uuid": "9db5c96c-4236-4584-9a33-e30a113f9a55",
              "parentUUID": "8dd7bdce-3693-41a5-a0b9-ec5f7075923e",
              "isHook": false,
              "skipped": false
            }
          ],
          "suites": [],
          "passes": [
            "d30d3b89-a444-4da6-b498-8e18685f674d",
            "07930df3-884e-4979-879c-6333796c5800",
            "6c45b513-7c69-4ce4-9c14-8e743fe01843",
            "a789c5a7-5890-473e-bfdd-e34604300a65",
            "7fedf6f4-8fdf-44e8-9d6f-41964ea28474",
            "efa9c831-8408-450e-95b7-014caaabbb63",
            "2f14346e-9d19-43a0-b400-f68a4bfc1e83",
            "acc7cd14-9f2f-4f74-bbb0-017f33a36982",
            "d7a19be3-8356-4cd1-a939-4cb5f8933cb1",
            "8fe17323-09ae-49e4-bebb-fa6a1db7b87b",
            "15418388-01b9-499a-8d45-d00cc31e8b69",
            "0cad2f31-7508-4ada-bca9-fcd91aa5b0e7",
            "bf5a932b-b453-4bc4-8ce4-cda4c12cb801",
            "c5feb2b5-d6a5-4f53-b9b7-caed259474fe",
            "e9415f6f-1a0b-4fc4-a004-92c42a62f424",
            "9db5c96c-4236-4584-9a33-e30a113f9a55"
          ],
          "failures": [],
          "pending": [],
          "skipped": [],
          "duration": 112313,
          "root": false,
          "rootEmpty": false,
          "_timeout": 100000
        },
        {
          "uuid": "308422fb-6877-45d7-b93e-56689149e0cb",
          "title": "Performance Base Evaluations",
          "fullFile": "/home/devops/invohub/resource-engagement/test/e2e/1-Evaluation/spec_2_performance.js",
          "file": "/test/e2e/1-Evaluation/spec_2_performance.js",
          "beforeHooks": [
            {
              "title": "\"before all\" hook in \"Performance Base Evaluations\"",
              "fullTitle": "Performance Base Evaluations \"before all\" hook in \"Performance Base Evaluations\"",
              "timedOut": false,
              "duration": 10933,
              "state": null,
              "speed": null,
              "pass": false,
              "fail": false,
              "pending": false,
              "context": null,
              "code": "await utilFun.loginAccount()\nconst url = await utilFun.getUrl();\nassert.equal(url, baseUrl + '/home');\nlet query = [\n  `UPDATE employee_evaluations SET \"incrementType\" = 'performance' WHERE id = 26;`,\n  `UPDATE employees SET \"designation\" = 'Software Engineer' WHERE id = 9474;`,\n  `UPDATE employees SET \"departmentId\" = 9 WHERE id = 9474;`,\n  `UPDATE employees SET \"designationId\" = 138 WHERE id = 9474;`,\n  `UPDATE employee_evaluations SET \"processType\" = NULL WHERE id = 26;`,\n  `UPDATE employee_evaluations SET \"reasonForDefer\" = NULL WHERE id = 26;`,\n  `UPDATE employee_evaluations SET \"processDate\" = NULL WHERE id = 26;`,\n  `UPDATE employee_evaluations SET \"feedback\" = NULL WHERE id = 26;`,\n];\nawait utilFun.udpateDatabase(query);",
              "err": {},
              "uuid": "ee4075bf-66ef-4bd3-86e5-1fea419c4fba",
              "parentUUID": "308422fb-6877-45d7-b93e-56689149e0cb",
              "isHook": true,
              "skipped": false
            },
            {
              "title": "\"before each\" hook in \"Performance Base Evaluations\"",
              "fullTitle": "Performance Base Evaluations \"before each\" hook in \"Performance Base Evaluations\"",
              "timedOut": false,
              "duration": 4393,
              "state": null,
              "speed": null,
              "pass": false,
              "fail": false,
              "pending": false,
              "context": null,
              "code": "await utilFun.visit(baseUrl + '/evaluation-performance');\nawait utilFun.wait(4000);",
              "err": {},
              "uuid": "a5093562-5a40-43f2-8491-d6b624788757",
              "parentUUID": "308422fb-6877-45d7-b93e-56689149e0cb",
              "isHook": true,
              "skipped": false
            }
          ],
          "afterHooks": [],
          "tests": [
            {
              "title": "should check if performance evaluations are showing",
              "fullTitle": "Performance Base Evaluations should check if performance evaluations are showing",
              "timedOut": false,
              "duration": 37,
              "state": "passed",
              "speed": "fast",
              "pass": true,
              "fail": false,
              "pending": false,
              "context": null,
              "code": "let obj = await evaluation.getAllPendingResourses();\nassert(obj.length > 0, `No Evaluation Found`);",
              "err": {},
              "uuid": "351c205a-c6f7-4b79-b2cc-ffe049634cd2",
              "parentUUID": "308422fb-6877-45d7-b93e-56689149e0cb",
              "isHook": false,
              "skipped": false
            },
            {
              "title": "should able to filter resoures by name",
              "fullTitle": "Performance Base Evaluations should able to filter resoures by name",
              "timedOut": false,
              "duration": 1838,
              "state": "passed",
              "speed": "slow",
              "pass": true,
              "fail": false,
              "pending": false,
              "context": null,
              "code": "await evaluation.clickFilterButton();\nawait evaluation.searchName('James Salinas');\nawait utilFun.wait(1000);\nconst name = await evaluation.getResourseName();\nutilFun.assertEql(name, 'James Salinas');",
              "err": {},
              "uuid": "a32990f9-37dc-4df4-b8d9-dcd3fadf9e9d",
              "parentUUID": "308422fb-6877-45d7-b93e-56689149e0cb",
              "isHook": false,
              "skipped": false
            },
            {
              "title": "should able to filter resoures by Last Increment",
              "fullTitle": "Performance Base Evaluations should able to filter resoures by Last Increment",
              "timedOut": false,
              "duration": 1632,
              "state": "passed",
              "speed": "slow",
              "pass": true,
              "fail": false,
              "pending": false,
              "context": null,
              "code": "await evaluation.clickFilterButton();\nawait evaluation.selectLastIncrement('N/A');\nconst valuesCount = await evaluation.checkValues();\nutilFun.assertEql(valuesCount, 1);",
              "err": {},
              "uuid": "8c726b1f-df0a-4199-8574-86a6a2389b3c",
              "parentUUID": "308422fb-6877-45d7-b93e-56689149e0cb",
              "isHook": false,
              "skipped": false
            },
            {
              "title": "should able to  copy email from options",
              "fullTitle": "Performance Base Evaluations should able to  copy email from options",
              "timedOut": false,
              "duration": 4014,
              "state": "passed",
              "speed": "slow",
              "pass": true,
              "fail": false,
              "pending": false,
              "context": null,
              "code": "await evaluation.clickFilterButton();\nawait evaluation.searchName('James Salinas');\nawait utilFun.wait(1000);\nconst name = await evaluation.getResourseName();\nutilFun.assertEql(name, 'James Salinas');\nawait evaluation.clickOptionBtn();\nawait utilFun.wait(1000);\nawait evaluation.selectOption('Copy Email');\nconst alertText = await evaluation.checkAlert();\nutilFun.assertEql(alertText, 'Email address is copied');",
              "err": {},
              "uuid": "2c306b41-fa0a-4a32-99dc-f4a8d0524574",
              "parentUUID": "308422fb-6877-45d7-b93e-56689149e0cb",
              "isHook": false,
              "skipped": false
            },
            {
              "title": "should able to Send Email from options",
              "fullTitle": "Performance Base Evaluations should able to Send Email from options",
              "timedOut": false,
              "duration": 7670,
              "state": "passed",
              "speed": "slow",
              "pass": true,
              "fail": false,
              "pending": false,
              "context": null,
              "code": "await evaluation.clickFilterButton();\nawait evaluation.searchName('James Salinas');\nawait utilFun.wait(1000);\nconst name = await evaluation.getResourseName();\nutilFun.assertEql(name, 'James Salinas');\nawait evaluation.clickOptionBtn();\nawait utilFun.wait(1000);\nawait evaluation.selectOption('Send Email');\nawait utilFun.wait(1000);\nawait utilFun.switchWindow(1);\nawait utilFun.wait(3000);\nconst url = await utilFun.getUrl();\nassert.equal(url, 'https://mail.google.com/mail/u/0/?fs=1&tf=cm&to=james@robot-mail.com');\nawait utilFun.closeCurrentTab();\nawait utilFun.switchWindow(0);",
              "err": {},
              "uuid": "6c41e6ad-5618-4d5b-8279-b60b870edb3c",
              "parentUUID": "308422fb-6877-45d7-b93e-56689149e0cb",
              "isHook": false,
              "skipped": false
            },
            {
              "title": "should able to Open Slack DM from options",
              "fullTitle": "Performance Base Evaluations should able to Open Slack DM from options",
              "timedOut": false,
              "duration": 8274,
              "state": "passed",
              "speed": "slow",
              "pass": true,
              "fail": false,
              "pending": false,
              "context": null,
              "code": "await evaluation.clickFilterButton();\nawait evaluation.searchName('James Salinas');\nawait utilFun.wait(1000);\nconst name = await evaluation.getResourseName();\nutilFun.assertEql(name, 'James Salinas');\nawait evaluation.clickOptionBtn();\nawait utilFun.wait(1000);\nawait evaluation.selectOption('Open Slack DM');\nawait utilFun.wait(1000);\nawait utilFun.switchWindow(1);\nawait utilFun.wait(3000);\nconst url = await utilFun.getUrl();\nassert.equal(url, 'https://invozone.slack.com/?redir=%2Fapp_redirect%3Fchannel%3Dundefined');\nawait utilFun.closeCurrentTab();\nawait utilFun.switchWindow(0);",
              "err": {},
              "uuid": "5a92bb9e-b7b4-471f-ba8d-acdfd3db26f1",
              "parentUUID": "308422fb-6877-45d7-b93e-56689149e0cb",
              "isHook": false,
              "skipped": false
            },
            {
              "title": "should able to see Email from options",
              "fullTitle": "Performance Base Evaluations should able to see Email from options",
              "timedOut": false,
              "duration": 7235,
              "state": "passed",
              "speed": "slow",
              "pass": true,
              "fail": false,
              "pending": false,
              "context": null,
              "code": "await evaluation.clickFilterButton();\nawait evaluation.searchName('James Salinas');\nawait utilFun.wait(1000);\nconst name = await evaluation.getResourseName();\nutilFun.assertEql(name, 'James Salinas');\nawait evaluation.clickOptionBtn();\nawait utilFun.wait(1000);\nawait evaluation.selectOption('See Email');\nawait utilFun.wait(4000);\nconst email = await evaluation.copyEmail();\nassert.equal(email, 'Email: james@robot-mail.com');",
              "err": {},
              "uuid": "13d149f9-b897-486a-b999-0dfd829ab42a",
              "parentUUID": "308422fb-6877-45d7-b93e-56689149e0cb",
              "isHook": false,
              "skipped": false
            },
            {
              "title": "should able to copy Phone Number from options",
              "fullTitle": "Performance Base Evaluations should able to copy Phone Number from options",
              "timedOut": false,
              "duration": 6830,
              "state": "passed",
              "speed": "slow",
              "pass": true,
              "fail": false,
              "pending": false,
              "context": null,
              "code": "await evaluation.clickFilterButton();\nawait evaluation.searchName('James Salinas');\nawait utilFun.wait(1000);\nconst name = await evaluation.getResourseName();\nutilFun.assertEql(name, 'James Salinas');\nawait evaluation.clickOptionBtn();\nawait utilFun.wait(1000);\nawait evaluation.selectOption('Phone Number');\nawait utilFun.wait(3000);\nawait evaluation.copyPhoneNumber();\nconst alertText = await evaluation.checkAlert();\nassert.equal(alertText, 'Phone# is copied successfully');",
              "err": {},
              "uuid": "72d4355d-2d0b-4c6e-a302-d382c8bc1931",
              "parentUUID": "308422fb-6877-45d7-b93e-56689149e0cb",
              "isHook": false,
              "skipped": false
            },
            {
              "title": "should able to see Resource Details from options",
              "fullTitle": "Performance Base Evaluations should able to see Resource Details from options",
              "timedOut": false,
              "duration": 4109,
              "state": "passed",
              "speed": "slow",
              "pass": true,
              "fail": false,
              "pending": false,
              "context": null,
              "code": "await evaluation.clickFilterButton();\nawait evaluation.searchName('James Salinas');\nawait utilFun.wait(1000);\nconst name = await evaluation.getResourseName();\nutilFun.assertEql(name, 'James Salinas');\nawait evaluation.clickResource();\nawait utilFun.wait(1000);\nawait utilFun.switchWindow(1);\nawait utilFun.wait(1000);\nconst url = await utilFun.getUrl();\nassert.equal(url, baseUrl + '/resource-detail/9742?tab=Basic_Information');\nawait utilFun.closeCurrentTab();\nawait utilFun.switchWindow(0);",
              "err": {},
              "uuid": "6a78f0fc-b4ce-4af0-b71a-62570827442e",
              "parentUUID": "308422fb-6877-45d7-b93e-56689149e0cb",
              "isHook": false,
              "skipped": false
            },
            {
              "title": "should able to see employee history",
              "fullTitle": "Performance Base Evaluations should able to see employee history",
              "timedOut": false,
              "duration": 3139,
              "state": "passed",
              "speed": "slow",
              "pass": true,
              "fail": false,
              "pending": false,
              "context": null,
              "code": "await evaluation.clickFilterButton();\nawait evaluation.searchName('James Salinas');\nawait utilFun.wait(1000);\nconst name = await evaluation.getResourseName();\nutilFun.assertEql(name, 'James Salinas');\nawait evaluation.clickSeeFeedback();\nawait utilFun.wait(1000);\nconst title = await evaluation.checkTitle();\nutilFun.assertEql(title, 'Feedback History of James Salinas');\nawait evaluation.checkSelectedTab();",
              "err": {},
              "uuid": "a092f9e0-a902-403f-a22c-7e1353fbf76b",
              "parentUUID": "308422fb-6877-45d7-b93e-56689149e0cb",
              "isHook": false,
              "skipped": false
            },
            {
              "title": "should able to request a review",
              "fullTitle": "Performance Base Evaluations should able to request a review",
              "timedOut": false,
              "duration": 7192,
              "state": "passed",
              "speed": "slow",
              "pass": true,
              "fail": false,
              "pending": false,
              "context": null,
              "code": "await evaluation.clickFilterButton();\nawait evaluation.searchName('James Salinas');\nawait utilFun.wait(1000);\nconst name = await evaluation.getResourseName();\nutilFun.assertEql(name, 'James Salinas');\nawait evaluation.clickSeeFeedback();4\nawait utilFun.wait(1000);\nawait evaluation.clickSubmittedReview();\nawait evaluation.clickReqReviewBtn();\nawait utilFun.wait(1000);\nawait evaluation.clickHod('Muhammad Bilal Rafaqat');\nawait evaluation.clickSendReqBtn();\nconst alertText = await evaluation.checkAlert();\nutilFun.assertEql(alertText, 'Request is send successfully.');",
              "err": {},
              "uuid": "4c4c2acf-f534-4138-b252-09ac3f1ec26a",
              "parentUUID": "308422fb-6877-45d7-b93e-56689149e0cb",
              "isHook": false,
              "skipped": false
            },
            {
              "title": "should able to give a review",
              "fullTitle": "Performance Base Evaluations should able to give a review",
              "timedOut": false,
              "duration": 13079,
              "state": "passed",
              "speed": "slow",
              "pass": true,
              "fail": false,
              "pending": false,
              "context": null,
              "code": "const query = [\n  `UPDATE employees SET \"departmentId\" = 9 WHERE id = 9474;`,\n  `UPDATE employees SET \"designationId\" = 83 WHERE id = 9474;`,\n  `UPDATE employees SET \"designation\" = 'Head of Engineering' WHERE id = 9474;`,\n];\nawait utilFun.udpateDatabase(query);\nawait utilFun.refresh();\nawait evaluation.clickFilterButton();\nawait evaluation.searchName('James Salinas');\nawait utilFun.wait(1000);\nconst name = await evaluation.getResourseName();\nutilFun.assertEql(name, 'James Salinas');\nawait evaluation.clickSeeFeedback();\nawait utilFun.wait(1000);\nawait evaluation.clickSubmittedReview();\nawait utilFun.wait(1000);\nawait evaluation.clickAddFeedback();\nawait feedbackForm.enterDate('03092023');\nawait feedbackForm.selectFeedbackDuration('6 Months');\nawait feedbackForm.selectNextReviewType('Annual');\nawait feedbackForm.selectRevisedDesignation('Software Engineer');\nawait feedbackForm.typeIncreament('200000');\nawait feedbackForm.typeDescription('testingggg');\nawait feedbackForm.clickSubmit();\nconst alertText = await evaluation.checkAlert();\nutilFun.assertEql(alertText, 'Increment status is updated successfully');",
              "err": {},
              "uuid": "99c01657-14dd-4e62-8294-7f019213ceb2",
              "parentUUID": "308422fb-6877-45d7-b93e-56689149e0cb",
              "isHook": false,
              "skipped": false
            },
            {
              "title": "should able to edit review form",
              "fullTitle": "Performance Base Evaluations should able to edit review form",
              "timedOut": false,
              "duration": 9046,
              "state": "passed",
              "speed": "slow",
              "pass": true,
              "fail": false,
              "pending": false,
              "context": null,
              "code": "await evaluation.clickFilterButton();\nawait evaluation.searchName('James Salinas');\nawait utilFun.wait(1000);\nconst name = await evaluation.getResourseName();\nutilFun.assertEql(name, 'James Salinas');\nawait evaluation.clickEditForm();\nawait utilFun.wait(1000);\n// await feedbackForm.enterDate('03102023');\nawait feedbackForm.selectFeedbackDuration('3 Months');\nawait feedbackForm.selectNextReviewType('Annual');\nawait feedbackForm.selectRevisedDesignation('Software Engineer');\nawait feedbackForm.typeIncreament('200000');\nawait feedbackForm.typeDescription('updated');\nawait feedbackForm.clickSubmit();\nconst alertText = await evaluation.checkAlert();\nutilFun.assertEql(alertText, 'Increment status is updated successfully');",
              "err": {},
              "uuid": "fd6f9658-504d-4f4b-b0a0-4fd429b7610e",
              "parentUUID": "308422fb-6877-45d7-b93e-56689149e0cb",
              "isHook": false,
              "skipped": false
            },
            {
              "title": "should able to defer review",
              "fullTitle": "Performance Base Evaluations should able to defer review",
              "timedOut": false,
              "duration": 6119,
              "state": "passed",
              "speed": "slow",
              "pass": true,
              "fail": false,
              "pending": false,
              "context": null,
              "code": "const query = [\n  `UPDATE employees SET \"designation\" = 'HR' WHERE id = 9474;`,\n  `UPDATE employees SET \"departmentId\" = 7 WHERE id = 9474;`,\n  `UPDATE employees SET \"designationId\" = 77 WHERE id = 9474;`,\n];\nawait utilFun.udpateDatabase(query);\nawait utilFun.refresh();\nawait evaluation.clickFilterButton();\nawait evaluation.searchName('James Salinas');\nawait utilFun.wait(1000);\nconst name = await evaluation.getResourseName();\nutilFun.assertEql(name, 'James Salinas');\nawait evaluation.clickDefer();\nawait evaluation.clickDeferType();\nawait utilFun.wait(1000);\nawait evaluation.selectDeferType('2 Weeks');\nawait evaluation.typeDeferReason('testing');\nawait evaluation.clickSubmitBtn();\nconst alertText = await evaluation.checkAlert();\nutilFun.assertEql(alertText, 'Increment status is updated successfully');",
              "err": {},
              "uuid": "f6f6b85d-5e0c-458d-ad3e-76b4765e62c7",
              "parentUUID": "308422fb-6877-45d7-b93e-56689149e0cb",
              "isHook": false,
              "skipped": false
            },
            {
              "title": "should able to complete review",
              "fullTitle": "Performance Base Evaluations should able to complete review",
              "timedOut": false,
              "duration": 9236,
              "state": "passed",
              "speed": "slow",
              "pass": true,
              "fail": false,
              "pending": false,
              "context": null,
              "code": "const query = [\n  `UPDATE employees SET \"designation\" = 'HR' WHERE id = 9474;`,\n  `UPDATE employees SET \"departmentId\" = 7 WHERE id = 9474;`,\n  `UPDATE employees SET \"designationId\" = 77 WHERE id = 9474;`,\n  `UPDATE employee_evaluations SET \"processType\" = NULL WHERE id = 26;`,\n  `UPDATE employee_evaluations SET \"reasonForDefer\" = NULL WHERE id = 26;`,\n  `UPDATE employee_evaluations SET \"processDate\" = NULL WHERE id = 26;`,\n];\nawait utilFun.udpateDatabase(query);\nawait utilFun.refresh();\nawait evaluation.clickFilterButton();\nawait evaluation.searchName('James Salinas');\nawait utilFun.wait(1000);\nconst name = await evaluation.getResourseName();\nutilFun.assertEql(name, 'James Salinas');\nawait evaluation.clickComplete();\n// await feedbackForm.enterDate('03102023');\nawait feedbackForm.selectFeedbackDuration('3 Months');\nawait feedbackForm.selectNextReviewType('Annual');\nawait feedbackForm.selectRevisedDesignation('Software Engineer');\nawait feedbackForm.typeIncreament('200000');\nawait feedbackForm.clickSubmit();\nconst alertText = await evaluation.checkAlert();\nutilFun.assertEql(alertText, 'Increment status is updated successfully');",
              "err": {},
              "uuid": "dab4db6d-6516-421e-b541-984db3bc4308",
              "parentUUID": "308422fb-6877-45d7-b93e-56689149e0cb",
              "isHook": false,
              "skipped": false
            }
          ],
          "suites": [],
          "passes": [
            "351c205a-c6f7-4b79-b2cc-ffe049634cd2",
            "a32990f9-37dc-4df4-b8d9-dcd3fadf9e9d",
            "8c726b1f-df0a-4199-8574-86a6a2389b3c",
            "2c306b41-fa0a-4a32-99dc-f4a8d0524574",
            "6c41e6ad-5618-4d5b-8279-b60b870edb3c",
            "5a92bb9e-b7b4-471f-ba8d-acdfd3db26f1",
            "13d149f9-b897-486a-b999-0dfd829ab42a",
            "72d4355d-2d0b-4c6e-a302-d382c8bc1931",
            "6a78f0fc-b4ce-4af0-b71a-62570827442e",
            "a092f9e0-a902-403f-a22c-7e1353fbf76b",
            "4c4c2acf-f534-4138-b252-09ac3f1ec26a",
            "99c01657-14dd-4e62-8294-7f019213ceb2",
            "fd6f9658-504d-4f4b-b0a0-4fd429b7610e",
            "f6f6b85d-5e0c-458d-ad3e-76b4765e62c7",
            "dab4db6d-6516-421e-b541-984db3bc4308"
          ],
          "failures": [],
          "pending": [],
          "skipped": [],
          "duration": 89450,
          "root": false,
          "rootEmpty": false,
          "_timeout": 100000
        },
        {
          "uuid": "1ecb30a8-0f00-47ce-88f9-71cdf016b0cb",
          "title": "Retention Base Evaluations",
          "fullFile": "/home/devops/invohub/resource-engagement/test/e2e/1-Evaluation/spec_3_retention.js",
          "file": "/test/e2e/1-Evaluation/spec_3_retention.js",
          "beforeHooks": [
            {
              "title": "\"before all\" hook in \"Retention Base Evaluations\"",
              "fullTitle": "Retention Base Evaluations \"before all\" hook in \"Retention Base Evaluations\"",
              "timedOut": false,
              "duration": 11233,
              "state": null,
              "speed": null,
              "pass": false,
              "fail": false,
              "pending": false,
              "context": null,
              "code": "await utilFun.loginAccount()\nconst url = await utilFun.getUrl();\nassert.equal(url, baseUrl + '/home');\nlet query = [\n  `UPDATE employee_evaluations SET \"incrementType\" = 'retention' WHERE id = 26;`,\n  `UPDATE employees SET \"designation\" = 'Software Engineer' WHERE id = 9474;`,\n  `UPDATE employees SET \"departmentId\" = 9 WHERE id = 9474;`,\n  `UPDATE employees SET \"designationId\" = 138 WHERE id = 9474;`,\n  `UPDATE employee_evaluations SET \"processType\" = NULL WHERE id = 26;`,\n  `UPDATE employee_evaluations SET \"reasonForDefer\" = NULL WHERE id = 26;`,\n  `UPDATE employee_evaluations SET \"processDate\" = NULL WHERE id = 26;`,\n  `UPDATE employee_evaluations SET \"feedback\" = NULL WHERE id = 26;`,\n];\nawait utilFun.udpateDatabase(query);",
              "err": {},
              "uuid": "62a1421a-e3b4-4e1d-9cfc-fd7a1bf0cda2",
              "parentUUID": "1ecb30a8-0f00-47ce-88f9-71cdf016b0cb",
              "isHook": true,
              "skipped": false
            },
            {
              "title": "\"before each\" hook in \"Retention Base Evaluations\"",
              "fullTitle": "Retention Base Evaluations \"before each\" hook in \"Retention Base Evaluations\"",
              "timedOut": false,
              "duration": 4434,
              "state": null,
              "speed": null,
              "pass": false,
              "fail": false,
              "pending": false,
              "context": null,
              "code": "await utilFun.visit(baseUrl + '/evaluation-retention');\nawait utilFun.wait(4000);",
              "err": {},
              "uuid": "75e180e7-5596-4579-8411-d1e427338a1e",
              "parentUUID": "1ecb30a8-0f00-47ce-88f9-71cdf016b0cb",
              "isHook": true,
              "skipped": false
            }
          ],
          "afterHooks": [],
          "tests": [
            {
              "title": "should check if retention evaluations are showing",
              "fullTitle": "Retention Base Evaluations should check if retention evaluations are showing",
              "timedOut": false,
              "duration": 40,
              "state": "passed",
              "speed": "medium",
              "pass": true,
              "fail": false,
              "pending": false,
              "context": null,
              "code": "let obj = await evaluation.getAllPendingResourses();\nassert(obj.length > 0, `No Evaluation Found`);",
              "err": {},
              "uuid": "b07e38a1-8945-4d4b-b78f-00c72bbda6b7",
              "parentUUID": "1ecb30a8-0f00-47ce-88f9-71cdf016b0cb",
              "isHook": false,
              "skipped": false
            },
            {
              "title": "should able to filter resoures by name",
              "fullTitle": "Retention Base Evaluations should able to filter resoures by name",
              "timedOut": false,
              "duration": 1827,
              "state": "passed",
              "speed": "slow",
              "pass": true,
              "fail": false,
              "pending": false,
              "context": null,
              "code": "await evaluation.clickFilterButton();\nawait evaluation.searchName('James Salinas');\nawait utilFun.wait(1000);\nconst name = await evaluation.getResourseName();\nutilFun.assertEql(name, 'James Salinas');",
              "err": {},
              "uuid": "c7539fca-12c3-4f46-99ad-9020e5fa3396",
              "parentUUID": "1ecb30a8-0f00-47ce-88f9-71cdf016b0cb",
              "isHook": false,
              "skipped": false
            },
            {
              "title": "should able to filter resoures by Last Increment",
              "fullTitle": "Retention Base Evaluations should able to filter resoures by Last Increment",
              "timedOut": false,
              "duration": 1514,
              "state": "passed",
              "speed": "slow",
              "pass": true,
              "fail": false,
              "pending": false,
              "context": null,
              "code": "await evaluation.clickFilterButton();\nawait evaluation.selectLastIncrement('N/A');\nconst valuesCount = await evaluation.checkValues();\nutilFun.assertEql(valuesCount, 1);",
              "err": {},
              "uuid": "a7853e7c-469f-4cc3-906f-a56c19312a33",
              "parentUUID": "1ecb30a8-0f00-47ce-88f9-71cdf016b0cb",
              "isHook": false,
              "skipped": false
            },
            {
              "title": "should able to  copy email from options",
              "fullTitle": "Retention Base Evaluations should able to  copy email from options",
              "timedOut": false,
              "duration": 3915,
              "state": "passed",
              "speed": "slow",
              "pass": true,
              "fail": false,
              "pending": false,
              "context": null,
              "code": "await evaluation.clickFilterButton();\nawait evaluation.searchName('James Salinas');\nawait utilFun.wait(1000);\nconst name = await evaluation.getResourseName();\nutilFun.assertEql(name, 'James Salinas');\nawait evaluation.clickOptionBtn();\nawait utilFun.wait(1000);\nawait evaluation.selectOption('Copy Email');\nconst alertText = await evaluation.checkAlert();\nutilFun.assertEql(alertText, 'Email address is copied');",
              "err": {},
              "uuid": "a1eba74d-8456-4624-96b0-be38cf3b9d0b",
              "parentUUID": "1ecb30a8-0f00-47ce-88f9-71cdf016b0cb",
              "isHook": false,
              "skipped": false
            },
            {
              "title": "should able to Send Email from options",
              "fullTitle": "Retention Base Evaluations should able to Send Email from options",
              "timedOut": false,
              "duration": 8136,
              "state": "passed",
              "speed": "slow",
              "pass": true,
              "fail": false,
              "pending": false,
              "context": null,
              "code": "await evaluation.clickFilterButton();\nawait evaluation.searchName('James Salinas');\nawait utilFun.wait(1000);\nconst name = await evaluation.getResourseName();\nutilFun.assertEql(name, 'James Salinas');\nawait evaluation.clickOptionBtn();\nawait utilFun.wait(1000);\nawait evaluation.selectOption('Send Email');\nawait utilFun.wait(1000);\nawait utilFun.switchWindow(1);\nawait utilFun.wait(3000);\nconst url = await utilFun.getUrl();\nassert.equal(url, 'https://mail.google.com/mail/u/0/?fs=1&tf=cm&to=james@robot-mail.com');\nawait utilFun.closeCurrentTab();\nawait utilFun.switchWindow(0);",
              "err": {},
              "uuid": "3d3c1b95-af97-4765-a5ec-f6f6c7a0dc43",
              "parentUUID": "1ecb30a8-0f00-47ce-88f9-71cdf016b0cb",
              "isHook": false,
              "skipped": false
            },
            {
              "title": "should able to Open Slack DM from options",
              "fullTitle": "Retention Base Evaluations should able to Open Slack DM from options",
              "timedOut": false,
              "duration": 7404,
              "state": "passed",
              "speed": "slow",
              "pass": true,
              "fail": false,
              "pending": false,
              "context": null,
              "code": "await evaluation.clickFilterButton();\nawait evaluation.searchName('James Salinas');\nawait utilFun.wait(1000);\nconst name = await evaluation.getResourseName();\nutilFun.assertEql(name, 'James Salinas');\nawait evaluation.clickOptionBtn();\nawait utilFun.wait(1000);\nawait evaluation.selectOption('Open Slack DM');\nawait utilFun.wait(1000);\nawait utilFun.switchWindow(1);\nawait utilFun.wait(3000);\nconst url = await utilFun.getUrl();\nassert.equal(url, 'https://invozone.slack.com/?redir=%2Fapp_redirect%3Fchannel%3Dundefined');\nawait utilFun.closeCurrentTab();\nawait utilFun.switchWindow(0);",
              "err": {},
              "uuid": "b2b1fe7b-4ede-4e76-b6ae-44d61309cac2",
              "parentUUID": "1ecb30a8-0f00-47ce-88f9-71cdf016b0cb",
              "isHook": false,
              "skipped": false
            },
            {
              "title": "should able to see Email from options",
              "fullTitle": "Retention Base Evaluations should able to see Email from options",
              "timedOut": false,
              "duration": 7258,
              "state": "passed",
              "speed": "slow",
              "pass": true,
              "fail": false,
              "pending": false,
              "context": null,
              "code": "await evaluation.clickFilterButton();\nawait evaluation.searchName('James Salinas');\nawait utilFun.wait(1000);\nconst name = await evaluation.getResourseName();\nutilFun.assertEql(name, 'James Salinas');\nawait evaluation.clickOptionBtn();\nawait utilFun.wait(1000);\nawait evaluation.selectOption('See Email');\nawait utilFun.wait(4000);\nconst email = await evaluation.copyEmail();\nassert.equal(email, 'Email: james@robot-mail.com');",
              "err": {},
              "uuid": "fd51b1c3-2f4a-4f37-b41d-0982b94fb4ec",
              "parentUUID": "1ecb30a8-0f00-47ce-88f9-71cdf016b0cb",
              "isHook": false,
              "skipped": false
            },
            {
              "title": "should able to copy Phone Number from options",
              "fullTitle": "Retention Base Evaluations should able to copy Phone Number from options",
              "timedOut": false,
              "duration": 6673,
              "state": "passed",
              "speed": "slow",
              "pass": true,
              "fail": false,
              "pending": false,
              "context": null,
              "code": "await evaluation.clickFilterButton();\nawait evaluation.searchName('James Salinas');\nawait utilFun.wait(1000);\nconst name = await evaluation.getResourseName();\nutilFun.assertEql(name, 'James Salinas');\nawait evaluation.clickOptionBtn();\nawait utilFun.wait(1000);\nawait evaluation.selectOption('Phone Number');\nawait utilFun.wait(3000);\nawait evaluation.copyPhoneNumber();\nconst alertText = await evaluation.checkAlert();\nassert.equal(alertText, 'Phone# is copied successfully');",
              "err": {},
              "uuid": "7bb08360-a9c7-48e8-9f50-2f804febbfb1",
              "parentUUID": "1ecb30a8-0f00-47ce-88f9-71cdf016b0cb",
              "isHook": false,
              "skipped": false
            },
            {
              "title": "should able to see Resource Details from options",
              "fullTitle": "Retention Base Evaluations should able to see Resource Details from options",
              "timedOut": false,
              "duration": 4306,
              "state": "passed",
              "speed": "slow",
              "pass": true,
              "fail": false,
              "pending": false,
              "context": null,
              "code": "await evaluation.clickFilterButton();\nawait evaluation.searchName('James Salinas');\nawait utilFun.wait(1000);\nconst name = await evaluation.getResourseName();\nutilFun.assertEql(name, 'James Salinas');\nawait evaluation.clickResource();\nawait utilFun.wait(1000);\nawait utilFun.switchWindow(1);\nawait utilFun.wait(1000);\nconst url = await utilFun.getUrl();\nassert.equal(url, baseUrl + '/resource-detail/9742?tab=Basic_Information');\nawait utilFun.closeCurrentTab();\nawait utilFun.switchWindow(0);",
              "err": {},
              "uuid": "f4b9e1c4-7e0f-42ad-954a-00d29d6d523b",
              "parentUUID": "1ecb30a8-0f00-47ce-88f9-71cdf016b0cb",
              "isHook": false,
              "skipped": false
            },
            {
              "title": "should able to see employee history",
              "fullTitle": "Retention Base Evaluations should able to see employee history",
              "timedOut": false,
              "duration": 3102,
              "state": "passed",
              "speed": "slow",
              "pass": true,
              "fail": false,
              "pending": false,
              "context": null,
              "code": "await evaluation.clickFilterButton();\nawait evaluation.searchName('James Salinas');\nawait utilFun.wait(1000);\nconst name = await evaluation.getResourseName();\nutilFun.assertEql(name, 'James Salinas');\nawait evaluation.clickSeeFeedback();\nawait utilFun.wait(1000);\nconst title = await evaluation.checkTitle();\nutilFun.assertEql(title, 'Feedback History of James Salinas');\nawait evaluation.checkSelectedTab();",
              "err": {},
              "uuid": "7b6002c4-e069-467e-85db-5bae8c78187d",
              "parentUUID": "1ecb30a8-0f00-47ce-88f9-71cdf016b0cb",
              "isHook": false,
              "skipped": false
            },
            {
              "title": "should able to request a review",
              "fullTitle": "Retention Base Evaluations should able to request a review",
              "timedOut": false,
              "duration": 7315,
              "state": "passed",
              "speed": "slow",
              "pass": true,
              "fail": false,
              "pending": false,
              "context": null,
              "code": "await evaluation.clickFilterButton();\nawait evaluation.searchName('James Salinas');\nawait utilFun.wait(1000);\nconst name = await evaluation.getResourseName();\nutilFun.assertEql(name, 'James Salinas');\nawait evaluation.clickSeeFeedback();\nawait utilFun.wait(1000);\nawait evaluation.clickSubmittedReview();\nawait evaluation.clickReqReviewBtn();\nawait utilFun.wait(1000);\nawait evaluation.clickHod('Muhammad Bilal Rafaqat');\nawait evaluation.clickSendReqBtn();\nconst alertText = await evaluation.checkAlert();\nutilFun.assertEql(alertText, 'Request is send successfully.');",
              "err": {},
              "uuid": "54b902a8-dff4-4c0c-b14b-4f2f19252f24",
              "parentUUID": "1ecb30a8-0f00-47ce-88f9-71cdf016b0cb",
              "isHook": false,
              "skipped": false
            },
            {
              "title": "should able to give a review",
              "fullTitle": "Retention Base Evaluations should able to give a review",
              "timedOut": false,
              "duration": 12412,
              "state": "passed",
              "speed": "slow",
              "pass": true,
              "fail": false,
              "pending": false,
              "context": null,
              "code": "const query = [\n  `UPDATE employees SET \"departmentId\" = 9 WHERE id = 9474;`,\n  `UPDATE employees SET \"designationId\" = 83 WHERE id = 9474;`,\n  `UPDATE employees SET \"designation\" = 'Head of Engineering' WHERE id = 9474;`,\n];\nawait utilFun.udpateDatabase(query);\nawait utilFun.refresh();\nawait evaluation.clickFilterButton();\nawait evaluation.searchName('James Salinas');\nawait utilFun.wait(1000);\nconst name = await evaluation.getResourseName();\nutilFun.assertEql(name, 'James Salinas');\nawait evaluation.clickSeeFeedback();\nawait utilFun.wait(1000);\nawait evaluation.clickSubmittedReview();\nawait utilFun.wait(1000);\nawait evaluation.clickAddFeedback();\n// await feedbackForm.enterDate('03092023');\nawait feedbackForm.selectFeedbackDuration('6 Months');\nawait feedbackForm.selectNextReviewType('Annual');\nawait feedbackForm.selectRevisedDesignation('Software Engineer');\nawait feedbackForm.typeIncreament('200000');\nawait feedbackForm.typeDescription('testingggg');\nawait feedbackForm.clickSubmit();\nconst alertText = await evaluation.checkAlert();\nutilFun.assertEql(alertText, 'Increment status is updated successfully');",
              "err": {},
              "uuid": "f96ef0cf-98b1-443f-a834-f96ec81d3064",
              "parentUUID": "1ecb30a8-0f00-47ce-88f9-71cdf016b0cb",
              "isHook": false,
              "skipped": false
            },
            {
              "title": "should able to edit review form",
              "fullTitle": "Retention Base Evaluations should able to edit review form",
              "timedOut": false,
              "duration": 9167,
              "state": "passed",
              "speed": "slow",
              "pass": true,
              "fail": false,
              "pending": false,
              "context": null,
              "code": "await evaluation.clickFilterButton();\nawait evaluation.searchName('James Salinas');\nawait utilFun.wait(1000);\nconst name = await evaluation.getResourseName();\nutilFun.assertEql(name, 'James Salinas');\nawait evaluation.clickEditForm();\nawait utilFun.wait(1000);\n// await feedbackForm.enterDate('03102023');\nawait feedbackForm.selectFeedbackDuration('3 Months');\nawait feedbackForm.selectNextReviewType('Annual');\nawait feedbackForm.selectRevisedDesignation('Software Engineer');\nawait feedbackForm.typeIncreament('200000');\nawait feedbackForm.typeDescription('updated');\nawait feedbackForm.clickSubmit();\nconst alertText = await evaluation.checkAlert();\nutilFun.assertEql(alertText, 'Increment status is updated successfully');",
              "err": {},
              "uuid": "e4277a9f-0cf7-4217-8f06-30bdf247dc6a",
              "parentUUID": "1ecb30a8-0f00-47ce-88f9-71cdf016b0cb",
              "isHook": false,
              "skipped": false
            },
            {
              "title": "should able to defer review",
              "fullTitle": "Retention Base Evaluations should able to defer review",
              "timedOut": false,
              "duration": 6905,
              "state": "passed",
              "speed": "slow",
              "pass": true,
              "fail": false,
              "pending": false,
              "context": null,
              "code": "const query = [\n  `UPDATE employees SET \"designation\" = 'HR' WHERE id = 9474;`,\n  `UPDATE employees SET \"departmentId\" = 7 WHERE id = 9474;`,\n  `UPDATE employees SET \"designationId\" = 77 WHERE id = 9474;`,\n];\nawait utilFun.udpateDatabase(query);\nawait utilFun.refresh();\nawait evaluation.clickFilterButton();\nawait evaluation.searchName('James Salinas');\nawait utilFun.wait(1000);\nconst name = await evaluation.getResourseName();\nutilFun.assertEql(name, 'James Salinas');\nawait evaluation.clickDefer();\nawait evaluation.clickDeferType();\nawait utilFun.wait(1000);\nawait evaluation.selectDeferType('2 Weeks');\nawait evaluation.typeDeferReason('testing');\nawait evaluation.clickSubmitBtn();\nconst alertText = await evaluation.checkAlert();\nutilFun.assertEql(alertText, 'Increment status is updated successfully');",
              "err": {},
              "uuid": "74c550d8-8944-45d4-9676-11eb6a86e44d",
              "parentUUID": "1ecb30a8-0f00-47ce-88f9-71cdf016b0cb",
              "isHook": false,
              "skipped": false
            },
            {
              "title": "should able to complete review",
              "fullTitle": "Retention Base Evaluations should able to complete review",
              "timedOut": false,
              "duration": 9806,
              "state": "passed",
              "speed": "slow",
              "pass": true,
              "fail": false,
              "pending": false,
              "context": null,
              "code": "const query = [\n  `UPDATE employees SET \"designation\" = 'HR' WHERE id = 9474;`,\n  `UPDATE employees SET \"departmentId\" = 7 WHERE id = 9474;`,\n  `UPDATE employees SET \"designationId\" = 77 WHERE id = 9474;`,\n  `UPDATE employee_evaluations SET \"processType\" = NULL WHERE id = 26;`,\n  `UPDATE employee_evaluations SET \"reasonForDefer\" = NULL WHERE id = 26;`,\n  `UPDATE employee_evaluations SET \"processDate\" = NULL WHERE id = 26;`,\n];\nawait utilFun.udpateDatabase(query);\nawait utilFun.refresh();\nawait evaluation.clickFilterButton();\nawait evaluation.searchName('James Salinas');\nawait utilFun.wait(1000);\nconst name = await evaluation.getResourseName();\nutilFun.assertEql(name, 'James Salinas');\nawait evaluation.clickComplete();\n// await feedbackForm.enterDate('03102023');\nawait feedbackForm.selectFeedbackDuration('3 Months');\nawait feedbackForm.selectNextReviewType('Annual');\nawait feedbackForm.selectRevisedDesignation('Software Engineer');\nawait feedbackForm.typeIncreament('200000');\nawait feedbackForm.clickSubmit();\nconst alertText = await evaluation.checkAlert();\nutilFun.assertEql(alertText, 'Increment status is updated successfully');",
              "err": {},
              "uuid": "b1185e72-d6fc-4220-974e-455404374d46",
              "parentUUID": "1ecb30a8-0f00-47ce-88f9-71cdf016b0cb",
              "isHook": false,
              "skipped": false
            }
          ],
          "suites": [],
          "passes": [
            "b07e38a1-8945-4d4b-b78f-00c72bbda6b7",
            "c7539fca-12c3-4f46-99ad-9020e5fa3396",
            "a7853e7c-469f-4cc3-906f-a56c19312a33",
            "a1eba74d-8456-4624-96b0-be38cf3b9d0b",
            "3d3c1b95-af97-4765-a5ec-f6f6c7a0dc43",
            "b2b1fe7b-4ede-4e76-b6ae-44d61309cac2",
            "fd51b1c3-2f4a-4f37-b41d-0982b94fb4ec",
            "7bb08360-a9c7-48e8-9f50-2f804febbfb1",
            "f4b9e1c4-7e0f-42ad-954a-00d29d6d523b",
            "7b6002c4-e069-467e-85db-5bae8c78187d",
            "54b902a8-dff4-4c0c-b14b-4f2f19252f24",
            "f96ef0cf-98b1-443f-a834-f96ec81d3064",
            "e4277a9f-0cf7-4217-8f06-30bdf247dc6a",
            "74c550d8-8944-45d4-9676-11eb6a86e44d",
            "b1185e72-d6fc-4220-974e-455404374d46"
          ],
          "failures": [],
          "pending": [],
          "skipped": [],
          "duration": 89780,
          "root": false,
          "rootEmpty": false,
          "_timeout": 100000
        },
        {
          "uuid": "fde266dc-e422-472b-80cd-692aa6611fc6",
          "title": "Evaluations History",
          "fullFile": "/home/devops/invohub/resource-engagement/test/e2e/1-Evaluation/spec_4_history.js",
          "file": "/test/e2e/1-Evaluation/spec_4_history.js",
          "beforeHooks": [
            {
              "title": "\"before all\" hook in \"Evaluations History\"",
              "fullTitle": "Evaluations History \"before all\" hook in \"Evaluations History\"",
              "timedOut": false,
              "duration": 10435,
              "state": null,
              "speed": null,
              "pass": false,
              "fail": false,
              "pending": false,
              "context": null,
              "code": "await utilFun.loginAccount()\nconst url = await utilFun.getUrl();\nassert.equal(url, baseUrl + '/home');\nlet query = [\n  `UPDATE employee_evaluations SET \"processType\" = 'COMPLETE' WHERE id = 26;`,\n  `DELETE FROM employee_evaluations WHERE \"employeeId\" = 9742 AND \"incrementType\" = 'designation';`,\n  `UPDATE employee_evaluations SET \"processDate\" = '2023-03-28 17:32:33.501+05' WHERE id = 26;`,\n];\nawait utilFun.udpateDatabase(query);",
              "err": {},
              "uuid": "441c6876-f5b5-468c-a5e4-84db9bd7be01",
              "parentUUID": "fde266dc-e422-472b-80cd-692aa6611fc6",
              "isHook": true,
              "skipped": false
            },
            {
              "title": "\"before each\" hook in \"Evaluations History\"",
              "fullTitle": "Evaluations History \"before each\" hook in \"Evaluations History\"",
              "timedOut": false,
              "duration": 4405,
              "state": null,
              "speed": null,
              "pass": false,
              "fail": false,
              "pending": false,
              "context": null,
              "code": "await utilFun.visit(baseUrl + '/evaluation-history');\nawait utilFun.wait(4000);",
              "err": {},
              "uuid": "f1deab2c-e2ac-49ca-9fa4-75508c88685f",
              "parentUUID": "fde266dc-e422-472b-80cd-692aa6611fc6",
              "isHook": true,
              "skipped": false
            }
          ],
          "afterHooks": [],
          "tests": [
            {
              "title": "should check if evaluations history is showing",
              "fullTitle": "Evaluations History should check if evaluations history is showing",
              "timedOut": false,
              "duration": 42,
              "state": "passed",
              "speed": "medium",
              "pass": true,
              "fail": false,
              "pending": false,
              "context": null,
              "code": "let obj = await evaluation.getAllPendingResourses();\nassert(obj.length > 0, `No Evaluation Found`);",
              "err": {},
              "uuid": "4adbba3f-30fd-4cd0-b981-68e8fbc54015",
              "parentUUID": "fde266dc-e422-472b-80cd-692aa6611fc6",
              "isHook": false,
              "skipped": false
            },
            {
              "title": "should able to filter resoures by name",
              "fullTitle": "Evaluations History should able to filter resoures by name",
              "timedOut": false,
              "duration": 2252,
              "state": "passed",
              "speed": "slow",
              "pass": true,
              "fail": false,
              "pending": false,
              "context": null,
              "code": "await evaluation.clickFilterButton();\nawait evaluation.searchName('James Salinas');\nawait utilFun.wait(1000);\nconst name = await evaluation.getResourseName();\nutilFun.assertEql(name, 'James Salinas');",
              "err": {},
              "uuid": "ee493a0e-8010-4bd9-8be2-beb7be10e684",
              "parentUUID": "fde266dc-e422-472b-80cd-692aa6611fc6",
              "isHook": false,
              "skipped": false
            },
            {
              "title": "should able to check review is completed",
              "fullTitle": "Evaluations History should able to check review is completed",
              "timedOut": false,
              "duration": 2136,
              "state": "passed",
              "speed": "slow",
              "pass": true,
              "fail": false,
              "pending": false,
              "context": null,
              "code": "await evaluation.clickFilterButton();\nawait evaluation.searchName('James Salinas');\nawait utilFun.wait(1000);\nconst name = await evaluation.checkProcessState()\nutilFun.assertEql(name, 'Complete');",
              "err": {},
              "uuid": "84521d1c-1415-4c77-a7f7-1d05abfde91e",
              "parentUUID": "fde266dc-e422-472b-80cd-692aa6611fc6",
              "isHook": false,
              "skipped": false
            },
            {
              "title": "should able to filter resoures by Review Type",
              "fullTitle": "Evaluations History should able to filter resoures by Review Type",
              "timedOut": false,
              "duration": 1790,
              "state": "passed",
              "speed": "slow",
              "pass": true,
              "fail": false,
              "pending": false,
              "context": null,
              "code": "await evaluation.clickFilterButton();\nawait evaluation.selectReviewType('Annual');\nconst valuesCount = await evaluation.checkValues();\nutilFun.assertEql(valuesCount, 1);",
              "err": {},
              "uuid": "bf30ec03-303a-4237-9446-197018c7e417",
              "parentUUID": "fde266dc-e422-472b-80cd-692aa6611fc6",
              "isHook": false,
              "skipped": false
            },
            {
              "title": "should able to filter resoures by Last Increment",
              "fullTitle": "Evaluations History should able to filter resoures by Last Increment",
              "timedOut": false,
              "duration": 1857,
              "state": "passed",
              "speed": "slow",
              "pass": true,
              "fail": false,
              "pending": false,
              "context": null,
              "code": "await evaluation.clickFilterButton();\nawait evaluation.selectLastIncrement('N/A');\nconst valuesCount = await evaluation.checkValues();\nutilFun.assertEql(valuesCount, 1);",
              "err": {},
              "uuid": "634e1f0b-f8cf-41cc-8bd5-189e881de28f",
              "parentUUID": "fde266dc-e422-472b-80cd-692aa6611fc6",
              "isHook": false,
              "skipped": false
            },
            {
              "title": "should able to  copy email from options",
              "fullTitle": "Evaluations History should able to  copy email from options",
              "timedOut": false,
              "duration": 4217,
              "state": "passed",
              "speed": "slow",
              "pass": true,
              "fail": false,
              "pending": false,
              "context": null,
              "code": "await evaluation.clickFilterButton();\nawait evaluation.searchName('James Salinas');\nawait utilFun.wait(1000);\nconst name = await evaluation.getResourseName();\nutilFun.assertEql(name, 'James Salinas');\nawait evaluation.clickOptionBtn();\nawait utilFun.wait(1000);\nawait evaluation.selectOption('Copy Email');\nconst alertText = await evaluation.checkAlert();\nutilFun.assertEql(alertText, 'Email address is copied');",
              "err": {},
              "uuid": "4b0f3d83-8229-459d-9a0f-f010894c4f64",
              "parentUUID": "fde266dc-e422-472b-80cd-692aa6611fc6",
              "isHook": false,
              "skipped": false
            },
            {
              "title": "should able to Send Email from options",
              "fullTitle": "Evaluations History should able to Send Email from options",
              "timedOut": false,
              "duration": 8561,
              "state": "passed",
              "speed": "slow",
              "pass": true,
              "fail": false,
              "pending": false,
              "context": null,
              "code": "await evaluation.clickFilterButton();\nawait evaluation.searchName('James Salinas');\nawait utilFun.wait(1000);\nconst name = await evaluation.getResourseName();\nutilFun.assertEql(name, 'James Salinas');\nawait evaluation.clickOptionBtn();\nawait utilFun.wait(1000);\nawait evaluation.selectOption('Send Email');\nawait utilFun.wait(1000);\nawait utilFun.switchWindow(1);\nawait utilFun.wait(3000);\nconst url = await utilFun.getUrl();\nassert.equal(url, 'https://mail.google.com/mail/u/0/?fs=1&tf=cm&to=james@robot-mail.com');\nawait utilFun.closeCurrentTab();\nawait utilFun.switchWindow(0);",
              "err": {},
              "uuid": "3a0c4343-79fc-4447-a369-a7d9311e6ea8",
              "parentUUID": "fde266dc-e422-472b-80cd-692aa6611fc6",
              "isHook": false,
              "skipped": false
            },
            {
              "title": "should able to Open Slack DM from options",
              "fullTitle": "Evaluations History should able to Open Slack DM from options",
              "timedOut": false,
              "duration": 7948,
              "state": "passed",
              "speed": "slow",
              "pass": true,
              "fail": false,
              "pending": false,
              "context": null,
              "code": "await evaluation.clickFilterButton();\nawait evaluation.searchName('James Salinas');\nawait utilFun.wait(1000);\nconst name = await evaluation.getResourseName();\nutilFun.assertEql(name, 'James Salinas');\nawait evaluation.clickOptionBtn();\nawait utilFun.wait(1000);\nawait evaluation.selectOption('Open Slack DM');\nawait utilFun.wait(1000);\nawait utilFun.switchWindow(1);\nawait utilFun.wait(3000);\nconst url = await utilFun.getUrl();\nassert.equal(url, 'https://invozone.slack.com/?redir=%2Fapp_redirect%3Fchannel%3Dundefined');\nawait utilFun.closeCurrentTab();\nawait utilFun.switchWindow(0);",
              "err": {},
              "uuid": "353648f0-aada-4fa9-a692-d26848770c38",
              "parentUUID": "fde266dc-e422-472b-80cd-692aa6611fc6",
              "isHook": false,
              "skipped": false
            },
            {
              "title": "should able to see Email from options",
              "fullTitle": "Evaluations History should able to see Email from options",
              "timedOut": false,
              "duration": 7609,
              "state": "passed",
              "speed": "slow",
              "pass": true,
              "fail": false,
              "pending": false,
              "context": null,
              "code": "await evaluation.clickFilterButton();\nawait evaluation.searchName('James Salinas');\nawait utilFun.wait(1000);\nconst name = await evaluation.getResourseName();\nutilFun.assertEql(name, 'James Salinas');\nawait evaluation.clickOptionBtn();\nawait utilFun.wait(1000);\nawait evaluation.selectOption('See Email');\nawait utilFun.wait(4000);\nconst email = await evaluation.copyEmail();\nassert.equal(email, 'Email: james@robot-mail.com');",
              "err": {},
              "uuid": "b9cff438-0055-4f62-8516-48008e6a77e1",
              "parentUUID": "fde266dc-e422-472b-80cd-692aa6611fc6",
[...]
              "timedOut": false,
              "duration": 0,
              "state": "pending",
              "speed": null,
              "pass": false,
              "fail": false,
              "pending": true,
              "context": null,
              "code": "",
              "err": {},
              "uuid": "21ac1763-829e-4c5f-b0b2-ef7aaefa929e",
              "parentUUID": "918dcafe-9eb9-44c6-872e-0af0e16b53d0",
              "isHook": false,
              "skipped": false
            },
            {
              "title": "should able to hide Client Side Point of Contact Email(s) column",
              "fullTitle": "Per-Sale Project Onboarding should able to hide Client Side Point of Contact Email(s) column",
              "timedOut": false,
              "duration": 0,
              "state": "pending",
              "speed": null,
              "pass": false,
              "fail": false,
              "pending": true,
              "context": null,
              "code": "",
              "err": {},
              "uuid": "deacf01d-fd3e-42ae-9968-cada907dff1e",
              "parentUUID": "918dcafe-9eb9-44c6-872e-0af0e16b53d0",
              "isHook": false,
              "skipped": false
            },
            {
              "title": "should able to hide Tentative Duration column",
              "fullTitle": "Per-Sale Project Onboarding should able to hide Tentative Duration column",
              "timedOut": false,
              "duration": 0,
              "state": "pending",
              "speed": null,
              "pass": false,
              "fail": false,
              "pending": true,
              "context": null,
              "code": "",
              "err": {},
              "uuid": "3674f30d-e292-4a27-a28e-fbfce2599615",
              "parentUUID": "918dcafe-9eb9-44c6-872e-0af0e16b53d0",
              "isHook": false,
              "skipped": false
            },
            {
              "title": "should able to hide Start Date column",
              "fullTitle": "Per-Sale Project Onboarding should able to hide Start Date column",
              "timedOut": false,
              "duration": 0,
              "state": "pending",
              "speed": null,
              "pass": false,
              "fail": false,
              "pending": true,
              "context": null,
              "code": "",
              "err": {},
              "uuid": "3f3d2ba8-6bc6-484a-a280-8476d35b52c7",
              "parentUUID": "918dcafe-9eb9-44c6-872e-0af0e16b53d0",
              "isHook": false,
              "skipped": false
            },
            {
              "title": "should able to hide BD Member column",
              "fullTitle": "Per-Sale Project Onboarding should able to hide BD Member column",
              "timedOut": false,
              "duration": 0,
              "state": "pending",
              "speed": null,
              "pass": false,
              "fail": false,
              "pending": true,
              "context": null,
              "code": "",
              "err": {},
              "uuid": "c24ed357-536c-4eb2-92a7-996a255e9a09",
              "parentUUID": "918dcafe-9eb9-44c6-872e-0af0e16b53d0",
              "isHook": false,
              "skipped": false
            },
            {
              "title": "should able to hide Service Mode column",
              "fullTitle": "Per-Sale Project Onboarding should able to hide Service Mode column",
              "timedOut": false,
              "duration": 0,
              "state": "pending",
              "speed": null,
              "pass": false,
              "fail": false,
              "pending": true,
              "context": null,
              "code": "",
              "err": {},
              "uuid": "9f5329e9-17a7-4777-954b-3124a24bfed2",
              "parentUUID": "918dcafe-9eb9-44c6-872e-0af0e16b53d0",
              "isHook": false,
              "skipped": false
            },
            {
              "title": "should able to hide Trial Period column",
              "fullTitle": "Per-Sale Project Onboarding should able to hide Trial Period column",
              "timedOut": false,
              "duration": 0,
              "state": "pending",
              "speed": null,
              "pass": false,
              "fail": false,
              "pending": true,
              "context": null,
              "code": "",
              "err": {},
              "uuid": "7bb3502c-060a-4839-9339-3aec8d3a9810",
              "parentUUID": "918dcafe-9eb9-44c6-872e-0af0e16b53d0",
              "isHook": false,
              "skipped": false
            },
            {
              "title": "should able to hide Resource Name (Shared with Client) column",
              "fullTitle": "Per-Sale Project Onboarding should able to hide Resource Name (Shared with Client) column",
              "timedOut": false,
              "duration": 0,
              "state": "pending",
              "speed": null,
              "pass": false,
              "fail": false,
              "pending": true,
              "context": null,
              "code": "",
              "err": {},
              "uuid": "3130f759-f17a-465a-9ae8-71337a81cb4f",
              "parentUUID": "918dcafe-9eb9-44c6-872e-0af0e16b53d0",
              "isHook": false,
              "skipped": false
            },
            {
              "title": "should able to hide Actual Resource(s) column",
              "fullTitle": "Per-Sale Project Onboarding should able to hide Actual Resource(s) column",
              "timedOut": false,
              "duration": 0,
              "state": "pending",
              "speed": null,
              "pass": false,
              "fail": false,
              "pending": true,
              "context": null,
              "code": "",
              "err": {},
              "uuid": "d0373372-a718-4326-9880-81191be1a9e9",
              "parentUUID": "918dcafe-9eb9-44c6-872e-0af0e16b53d0",
              "isHook": false,
              "skipped": false
            },
            {
              "title": "should able to hide Communication Mode column",
              "fullTitle": "Per-Sale Project Onboarding should able to hide Communication Mode column",
              "timedOut": false,
              "duration": 0,
              "state": "pending",
              "speed": null,
              "pass": false,
              "fail": false,
              "pending": true,
              "context": null,
              "code": "",
              "err": {},
              "uuid": "f31b0491-4cd0-4a73-ac1a-5c0519e9ff2c",
              "parentUUID": "918dcafe-9eb9-44c6-872e-0af0e16b53d0",
              "isHook": false,
              "skipped": false
            },
            {
              "title": "should able to hide Company Name column",
              "fullTitle": "Per-Sale Project Onboarding should able to hide Company Name column",
              "timedOut": false,
              "duration": 0,
              "state": "pending",
              "speed": null,
              "pass": false,
              "fail": false,
              "pending": true,
              "context": null,
              "code": "",
              "err": {},
              "uuid": "b734e8ea-7a6f-45a0-a6a1-3908f5da5e40",
              "parentUUID": "918dcafe-9eb9-44c6-872e-0af0e16b53d0",
              "isHook": false,
              "skipped": false
            },
            {
              "title": "should able to hide Company Address column",
              "fullTitle": "Per-Sale Project Onboarding should able to hide Company Address column",
              "timedOut": false,
              "duration": 0,
              "state": "pending",
              "speed": null,
              "pass": false,
              "fail": false,
              "pending": true,
              "context": null,
              "code": "",
              "err": {},
              "uuid": "287e121b-b017-41fe-aa03-9c7d33916f8e",
              "parentUUID": "918dcafe-9eb9-44c6-872e-0af0e16b53d0",
              "isHook": false,
              "skipped": false
            },
            {
              "title": "should able to hide Client Side Billing Representative Name column",
              "fullTitle": "Per-Sale Project Onboarding should able to hide Client Side Billing Representative Name column",
              "timedOut": false,
              "duration": 0,
              "state": "pending",
              "speed": null,
              "pass": false,
              "fail": false,
              "pending": true,
              "context": null,
              "code": "",
              "err": {},
              "uuid": "6249631d-dc30-4965-b7a3-59cac75a30a6",
              "parentUUID": "918dcafe-9eb9-44c6-872e-0af0e16b53d0",
              "isHook": false,
              "skipped": false
            },
            {
              "title": "should able to hide Client Side Billing Representative Email column",
              "fullTitle": "Per-Sale Project Onboarding should able to hide Client Side Billing Representative Email column",
              "timedOut": false,
              "duration": 0,
              "state": "pending",
              "speed": null,
              "pass": false,
              "fail": false,
              "pending": true,
              "context": null,
              "code": "",
              "err": {},
              "uuid": "319d38a5-48f3-4a13-9f44-5e23ee96790f",
              "parentUUID": "918dcafe-9eb9-44c6-872e-0af0e16b53d0",
              "isHook": false,
              "skipped": false
            },
            {
              "title": "should able to hide Billing Cycle column",
              "fullTitle": "Per-Sale Project Onboarding should able to hide Billing Cycle column",
              "timedOut": false,
              "duration": 0,
              "state": "pending",
              "speed": null,
              "pass": false,
              "fail": false,
              "pending": true,
              "context": null,
              "code": "",
              "err": {},
              "uuid": "6ef19f40-fc6a-4749-883c-faa1c1687b8f",
              "parentUUID": "918dcafe-9eb9-44c6-872e-0af0e16b53d0",
              "isHook": false,
              "skipped": false
            },
            {
              "title": "should able to hide Billing Start Date column",
              "fullTitle": "Per-Sale Project Onboarding should able to hide Billing Start Date column",
              "timedOut": false,
              "duration": 0,
              "state": "pending",
              "speed": null,
              "pass": false,
              "fail": false,
              "pending": true,
              "context": null,
              "code": "",
              "err": {},
              "uuid": "74f62c3e-af88-4da1-b19f-cc45845fcdf9",
              "parentUUID": "918dcafe-9eb9-44c6-872e-0af0e16b53d0",
              "isHook": false,
              "skipped": false
            },
            {
              "title": "should able to hide Billing Rates/ Total Project Cost column",
              "fullTitle": "Per-Sale Project Onboarding should able to hide Billing Rates/ Total Project Cost column",
              "timedOut": false,
              "duration": 0,
              "state": "pending",
              "speed": null,
              "pass": false,
              "fail": false,
              "pending": true,
              "context": null,
              "code": "",
              "err": {},
              "uuid": "a3166091-94e4-4132-831f-a334c6d49c39",
              "parentUUID": "918dcafe-9eb9-44c6-872e-0af0e16b53d0",
              "isHook": false,
              "skipped": false
            },
            {
              "title": "should able to hide Currency column",
              "fullTitle": "Per-Sale Project Onboarding should able to hide Currency column",
              "timedOut": false,
              "duration": 0,
              "state": "pending",
              "speed": null,
              "pass": false,
              "fail": false,
              "pending": true,
              "context": null,
              "code": "",
              "err": {},
              "uuid": "3ec19eae-1b73-4d34-8ba4-8f7057d9f403",
              "parentUUID": "918dcafe-9eb9-44c6-872e-0af0e16b53d0",
              "isHook": false,
              "skipped": false
            },
            {
              "title": "should able to hide Reference BO Placement Link column",
              "fullTitle": "Per-Sale Project Onboarding should able to hide Reference BO Placement Link column",
              "timedOut": false,
              "duration": 0,
              "state": "pending",
              "speed": null,
              "pass": false,
              "fail": false,
              "pending": true,
              "context": null,
              "code": "",
              "err": {},
              "uuid": "9f0f2643-2eda-4f1e-be5c-d72611237f91",
              "parentUUID": "918dcafe-9eb9-44c6-872e-0af0e16b53d0",
              "isHook": false,
              "skipped": false
            },
            {
              "title": "should able to hide Introduced As column",
              "fullTitle": "Per-Sale Project Onboarding should able to hide Introduced As column",
              "timedOut": false,
              "duration": 0,
              "state": "pending",
              "speed": null,
              "pass": false,
              "fail": false,
              "pending": true,
              "context": null,
              "code": "",
              "err": {},
              "uuid": "e3926264-78e4-48aa-b60a-ded462e35eb4",
              "parentUUID": "918dcafe-9eb9-44c6-872e-0af0e16b53d0",
              "isHook": false,
              "skipped": false
            },
            {
              "title": "should able to hide Offer Expiry Date column",
              "fullTitle": "Per-Sale Project Onboarding should able to hide Offer Expiry Date column",
              "timedOut": false,
              "duration": 0,
              "state": "pending",
              "speed": null,
              "pass": false,
              "fail": false,
              "pending": true,
              "context": null,
              "code": "",
              "err": {},
              "uuid": "9787bed3-4ba4-49da-8294-7f928f3f22f4",
              "parentUUID": "918dcafe-9eb9-44c6-872e-0af0e16b53d0",
              "isHook": false,
              "skipped": false
            },
            {
              "title": "should able to hide Business Analyst column",
              "fullTitle": "Per-Sale Project Onboarding should able to hide Business Analyst column",
              "timedOut": false,
              "duration": 0,
              "state": "pending",
              "speed": null,
              "pass": false,
              "fail": false,
              "pending": true,
              "context": null,
              "code": "",
              "err": {},
              "uuid": "88ec9e01-2f73-47dc-a048-b0eb7af58f30",
              "parentUUID": "918dcafe-9eb9-44c6-872e-0af0e16b53d0",
              "isHook": false,
              "skipped": false
            },
            {
              "title": "should able to hide Project Manager column",
              "fullTitle": "Per-Sale Project Onboarding should able to hide Project Manager column",
              "timedOut": false,
              "duration": 0,
              "state": "pending",
              "speed": null,
              "pass": false,
              "fail": false,
              "pending": true,
              "context": null,
              "code": "",
              "err": {},
              "uuid": "3d68b74d-e679-4991-9378-d8c6ed867731",
              "parentUUID": "918dcafe-9eb9-44c6-872e-0af0e16b53d0",
              "isHook": false,
              "skipped": false
            },
            {
              "title": "should able to hide Future Upsells column",
              "fullTitle": "Per-Sale Project Onboarding should able to hide Future Upsells column",
              "timedOut": false,
              "duration": 0,
              "state": "pending",
              "speed": null,
              "pass": false,
              "fail": false,
              "pending": true,
              "context": null,
              "code": "",
              "err": {},
              "uuid": "cb5e551f-a599-4d21-8fd6-33ce324f8232",
              "parentUUID": "918dcafe-9eb9-44c6-872e-0af0e16b53d0",
              "isHook": false,
              "skipped": false
            }
          ],
          "suites": [],
          "passes": [],
          "failures": [],
          "pending": [
            "7dc45c74-83bb-4185-b92a-c568e9663012",
            "70cea6d4-80e0-45b5-81a0-ab4fef1b0895",
            "a097317c-7ad7-4e4d-b7ba-49281627e8f8",
            "a79a6b2b-5403-458d-ad6e-c3ab7f22657b",
            "4012a256-d474-4b83-b97d-4ffd89945ad7",
            "a0da9433-5294-40a4-a6c4-38dfa5268666",
            "66c46eb0-2a7a-4edc-a2a2-b722a83bcb3c",
            "e652a1a0-4248-447f-aad9-4841e622fc83",
            "ea246f46-553a-4692-b8bd-3ee331291584",
            "9bcd0974-e089-4087-9890-8671b71c2d0b",
            "12f57462-c54e-4fd5-b5a8-b1e3559813ae",
            "2495cca4-64a4-4e1d-a143-246c99a7db3e",
            "924ac168-1286-40d6-b4c1-4b4917d8eda1",
            "7abaa0a2-1c37-45a1-9b99-feb6fd351fb2",
            "e34568c9-3b52-49c6-9b73-277f9c9b3ccd",
            "4fb35c29-128c-4775-9980-ff70a9b2b7bc",
            "5a257c96-ad80-42ca-9217-80f7885bbc18",
            "d6356e7a-17a0-4ad7-a130-5937c2959efd",
            "c0bfa35b-a1b1-451a-93e6-c2f5e3c8e6a5",
            "79a5da85-8301-4ff7-a4d7-b65f20a3f615",
            "e95bb7cd-126e-427f-996a-b55d2baa2c4b",
            "d87fede5-b98b-49d8-bd11-88caad501b0e",
            "813822a5-dbf8-4d51-a383-df8558d54093",
            "cbf2d001-bbba-419f-a48e-66fe22298963",
            "21ac1763-829e-4c5f-b0b2-ef7aaefa929e",
            "deacf01d-fd3e-42ae-9968-cada907dff1e",
            "3674f30d-e292-4a27-a28e-fbfce2599615",
            "3f3d2ba8-6bc6-484a-a280-8476d35b52c7",
            "c24ed357-536c-4eb2-92a7-996a255e9a09",
            "9f5329e9-17a7-4777-954b-3124a24bfed2",
            "7bb3502c-060a-4839-9339-3aec8d3a9810",
            "3130f759-f17a-465a-9ae8-71337a81cb4f",
            "d0373372-a718-4326-9880-81191be1a9e9",
            "f31b0491-4cd0-4a73-ac1a-5c0519e9ff2c",
            "b734e8ea-7a6f-45a0-a6a1-3908f5da5e40",
            "287e121b-b017-41fe-aa03-9c7d33916f8e",
            "6249631d-dc30-4965-b7a3-59cac75a30a6",
            "319d38a5-48f3-4a13-9f44-5e23ee96790f",
            "6ef19f40-fc6a-4749-883c-faa1c1687b8f",
            "74f62c3e-af88-4da1-b19f-cc45845fcdf9",
            "a3166091-94e4-4132-831f-a334c6d49c39",
            "3ec19eae-1b73-4d34-8ba4-8f7057d9f403",
            "9f0f2643-2eda-4f1e-be5c-d72611237f91",
            "e3926264-78e4-48aa-b60a-ded462e35eb4",
            "9787bed3-4ba4-49da-8294-7f928f3f22f4",
            "88ec9e01-2f73-47dc-a048-b0eb7af58f30",
            "3d68b74d-e679-4991-9378-d8c6ed867731",
            "cb5e551f-a599-4d21-8fd6-33ce324f8232"
          ],
          "skipped": [],
          "duration": 0,
          "root": false,
          "rootEmpty": false,
          "_timeout": 100000
        }
      ],
      "passes": [],
      "failures": [],
      "pending": [],
      "skipped": [],
      "duration": 0,
      "root": true,
      "rootEmpty": true,
      "_timeout": 100000
    }
  ],
  "meta": {
    "mocha": {
      "version": "10.2.0"
    },
    "mochawesome": {
      "options": {
        "quiet": false,
        "reportFilename": "mochawesome",
        "saveHtml": true,
        "saveJson": true,
        "consoleReporter": "spec",
        "useInlineDiffs": false,
        "code": true
      },
      "version": "7.1.3"
    },
    "marge": {
      "options": {
        "reportDir": "test/report"
      },
      "version": "6.2.0"
    }
  }
}