{
  "stats": {
    "suites": 10,
    "tests": 195,
    "passes": 193,
    "pending": 1,
    "failures": 1,
    "start": "2023-12-31T06:00:45.285Z",
    "end": "2023-12-31T06:32:12.319Z",
    "duration": 1887034,
    "testsRegistered": 195,
    "passPercent": 99.48453608247422,
    "pendingPercent": 0.5128205128205128,
    "other": 0,
    "hasOther": false,
    "skipped": 0,
    "hasSkipped": false
  },
  "results": [
    {
      "uuid": "21e62a90-c224-434e-af9d-de420207d469",
      "title": "",
      "fullFile": "",
      "file": "",
      "beforeHooks": [],
      "afterHooks": [],
      "tests": [],
      "suites": [
        {
          "uuid": "07fea735-067a-41cb-968a-b561424d6e36",
          "title": "Pending Evaluations",
          "fullFile": "/home/devops/invohub/resource-engagement/test/e2e/evaluation/spec_1_pendings.js",
          "file": "/test/e2e/evaluation/spec_1_pendings.js",
          "beforeHooks": [
            {
              "title": "\"before all\" hook in \"Pending Evaluations\"",
              "fullTitle": "Pending Evaluations \"before all\" hook in \"Pending Evaluations\"",
              "timedOut": false,
              "duration": 44131,
              "state": null,
              "speed": null,
              "pass": false,
              "fail": false,
              "pending": false,
              "context": null,
              "code": "await utilFun.login(email, password);\nconst url = await utilFun.getUrl();\nassert.equal(url, baseUrl + '/home');\nlet query =[\n    `UPDATE employee_evaluations SET \"incrementType\" = 'annual' WHERE id = 26;`,\n    `UPDATE employee_evaluations SET \"processType\" = NULL WHERE id = 26;`,\n    `UPDATE employee_evaluations SET \"reasonForDefer\" = NULL WHERE id = 26;`,\n    `UPDATE employee_evaluations SET \"processDate\" = NULL WHERE id = 26;`,\n    `UPDATE employee_evaluations SET \"feedback\" = NULL WHERE id = 26;`,\n  `DELETE FROM employee_evaluations WHERE \"employeeId\" = 9742 AND \"incrementType\" = 'designation';`,\n    ];\n    await utilFun.udpateDatabase(query);",
              "err": {},
              "uuid": "ce97848c-d412-4c4c-b908-f944740a0f2a",
              "parentUUID": "07fea735-067a-41cb-968a-b561424d6e36",
              "isHook": true,
              "skipped": false
            },
            {
              "title": "\"before each\" hook in \"Pending Evaluations\"",
              "fullTitle": "Pending Evaluations \"before each\" hook in \"Pending Evaluations\"",
              "timedOut": false,
              "duration": 3533,
              "state": null,
              "speed": null,
              "pass": false,
              "fail": false,
              "pending": false,
              "context": null,
              "code": "await utilFun.visit(baseUrl + '/evaluation');\nawait utilFun.wait(3000);",
              "err": {},
              "uuid": "0c379c66-ffc8-4180-adfc-be3d7903fe7e",
              "parentUUID": "07fea735-067a-41cb-968a-b561424d6e36",
              "isHook": true,
              "skipped": false
            }
          ],
          "afterHooks": [],
          "tests": [
            {
              "title": "should check if pending evaluations are showing",
              "fullTitle": "Pending Evaluations should check if pending evaluations are showing",
              "timedOut": false,
              "duration": 43,
              "state": "passed",
              "speed": "medium",
              "pass": true,
              "fail": false,
              "pending": false,
              "context": null,
              "code": "let obj = await evaluation.getAllPendingResourses();\nassert(obj.length > 0, `No Evaluation Found`);",
              "err": {},
              "uuid": "5213c6a8-66cf-4be6-a32f-a76c4ab1ac2a",
              "parentUUID": "07fea735-067a-41cb-968a-b561424d6e36",
              "isHook": false,
              "skipped": false
            },
            {
              "title": "should able to filter resoures by name",
              "fullTitle": "Pending Evaluations should able to filter resoures by name",
              "timedOut": false,
              "duration": 2133,
              "state": "passed",
              "speed": "slow",
              "pass": true,
              "fail": false,
              "pending": false,
              "context": null,
              "code": "await evaluation.clickFilterButton();\nawait evaluation.searchName('James Salinas');\nawait utilFun.wait(1000);\nconst name = await evaluation.getResourseName();\nutilFun.assertEql(name, 'James Salinas');",
              "err": {},
              "uuid": "a756e9be-1104-4c28-95f9-86d73c31746f",
              "parentUUID": "07fea735-067a-41cb-968a-b561424d6e36",
              "isHook": false,
              "skipped": false
            },
            {
              "title": "should able to filter resoures by Review Type",
              "fullTitle": "Pending Evaluations should able to filter resoures by Review Type",
              "timedOut": false,
              "duration": 1599,
              "state": "passed",
              "speed": "slow",
              "pass": true,
              "fail": false,
              "pending": false,
              "context": null,
              "code": "await evaluation.clickFilterButton();\nawait evaluation.selectReviewType('Annual');\nconst valuesCount = await evaluation.checkValues();\nutilFun.assertEql(valuesCount, 1);",
              "err": {},
              "uuid": "0605b389-6047-4c56-b485-e05a9747ec8b",
              "parentUUID": "07fea735-067a-41cb-968a-b561424d6e36",
              "isHook": false,
              "skipped": false
            },
            {
              "title": "should able to filter resoures by Last Increment",
              "fullTitle": "Pending Evaluations should able to filter resoures by Last Increment",
              "timedOut": false,
              "duration": 1592,
              "state": "passed",
              "speed": "slow",
              "pass": true,
              "fail": false,
              "pending": false,
              "context": null,
              "code": "await evaluation.clickFilterButton();\nawait evaluation.selectLastIncrement('N/A');\nconst valuesCount = await evaluation.checkValues();\nutilFun.assertEql(valuesCount, 1);",
              "err": {},
              "uuid": "7541ad8a-205d-427c-a9e4-5a5b30bef9fe",
              "parentUUID": "07fea735-067a-41cb-968a-b561424d6e36",
              "isHook": false,
              "skipped": false
            },
            {
              "title": "should able to  copy email from options",
              "fullTitle": "Pending Evaluations should able to  copy email from options",
              "timedOut": false,
              "duration": 6722,
              "state": "passed",
              "speed": "slow",
              "pass": true,
              "fail": false,
              "pending": false,
              "context": null,
              "code": "await evaluation.clickFilterButton();\nawait evaluation.searchName('James Salinas');\nawait utilFun.wait(1000);\nconst name = await evaluation.getResourseName();\nutilFun.assertEql(name, 'James Salinas');\nawait evaluation.clickOptionBtn();\nawait utilFun.wait(1000);\nawait evaluation.selectOption('Copy Email');\nawait utilFun.wait(3000);\nconst alertText = await evaluation.checkAlert();\nutilFun.assertEql(alertText, 'Email address is copied');",
              "err": {},
              "uuid": "cdd44609-e472-4fcb-b386-aecd94950fa9",
              "parentUUID": "07fea735-067a-41cb-968a-b561424d6e36",
              "isHook": false,
              "skipped": false
            },
            {
              "title": "should able to Send Email from options",
              "fullTitle": "Pending Evaluations should able to Send Email from options",
              "timedOut": false,
              "duration": 9379,
              "state": "passed",
              "speed": "slow",
              "pass": true,
              "fail": false,
              "pending": false,
              "context": null,
              "code": "await evaluation.clickFilterButton();\nawait evaluation.searchName('James Salinas');\nawait utilFun.wait(1000);\nconst name = await evaluation.getResourseName();\nutilFun.assertEql(name, 'James Salinas');\nawait evaluation.clickOptionBtn();\nawait utilFun.wait(1000);\nawait evaluation.selectOption('Send Email');\nawait utilFun.wait(1000);\nawait utilFun.switchWindow(1);\nawait utilFun.wait(3000);\nconst url = await utilFun.getUrl();\nassert.equal(url, 'https://mail.google.com/mail/u/0/?fs=1&tf=cm&to=james@robot-mail.com');\nawait utilFun.closeCurrentTab();\nawait utilFun.switchWindow(0);",
              "err": {},
              "uuid": "1504fddb-b68b-4934-8d8d-1d6f4434d1a0",
              "parentUUID": "07fea735-067a-41cb-968a-b561424d6e36",
              "isHook": false,
              "skipped": false
            },
            {
              "title": "should able to Open Slack DM from options",
              "fullTitle": "Pending Evaluations should able to Open Slack DM from options",
              "timedOut": false,
              "duration": 7242,
              "state": "passed",
              "speed": "slow",
              "pass": true,
              "fail": false,
              "pending": false,
              "context": null,
              "code": "await evaluation.clickFilterButton();\nawait evaluation.searchName('James Salinas');\nawait utilFun.wait(1000);\nconst name = await evaluation.getResourseName();\nutilFun.assertEql(name, 'James Salinas');\nawait evaluation.clickOptionBtn();\nawait utilFun.wait(1000);\nawait evaluation.selectOption('Open Slack DM');\nawait utilFun.wait(1000);\nawait utilFun.switchWindow(1);\nawait utilFun.wait(3000);\nconst url = await utilFun.getUrl();\nassert.equal(url, 'https://invozone.slack.com/?redir=%2Fapp_redirect%3Fchannel%3Dundefined');\nawait utilFun.closeCurrentTab();\nawait utilFun.switchWindow(0);",
              "err": {},
              "uuid": "469edfd9-9d76-45dc-877d-75a725a57899",
              "parentUUID": "07fea735-067a-41cb-968a-b561424d6e36",
              "isHook": false,
              "skipped": false
            },
            {
              "title": "should able to see Email from options",
              "fullTitle": "Pending Evaluations should able to see Email from options",
              "timedOut": false,
              "duration": 6215,
              "state": "passed",
              "speed": "slow",
              "pass": true,
              "fail": false,
              "pending": false,
              "context": null,
              "code": "await evaluation.clickFilterButton();\nawait evaluation.searchName('James Salinas');\nawait utilFun.wait(1000);\nconst name = await evaluation.getResourseName();\nutilFun.assertEql(name, 'James Salinas');\nawait evaluation.clickOptionBtn();\nawait utilFun.wait(1000);\nawait evaluation.selectOption('See Email');\nawait utilFun.wait(3000);\nconst email = await evaluation.copyEmail();\nassert.equal(email, 'Email: james@robot-mail.com');",
              "err": {},
              "uuid": "40c40cd8-153a-49f9-b16a-94cf0ad6a181",
              "parentUUID": "07fea735-067a-41cb-968a-b561424d6e36",
              "isHook": false,
              "skipped": false
            },
            {
              "title": "should able to copy Phone Number from options",
              "fullTitle": "Pending Evaluations should able to copy Phone Number from options",
              "timedOut": false,
              "duration": 6721,
              "state": "passed",
              "speed": "slow",
              "pass": true,
              "fail": false,
              "pending": false,
              "context": null,
              "code": "await evaluation.clickFilterButton();\nawait evaluation.searchName('James Salinas');\nawait utilFun.wait(1000);\nconst name = await evaluation.getResourseName();\nutilFun.assertEql(name, 'James Salinas');\nawait evaluation.clickOptionBtn();\nawait utilFun.wait(1000);\nawait evaluation.selectOption('Phone Number');\nawait utilFun.wait(3000);\nawait evaluation.copyPhoneNumber();\nconst alertText = await evaluation.checkAlert();\nassert.equal(alertText, 'Phone# is copied successfully');",
              "err": {},
              "uuid": "d933ad06-4fac-44a2-8a38-1a76063db92c",
              "parentUUID": "07fea735-067a-41cb-968a-b561424d6e36",
              "isHook": false,
              "skipped": false
            },
            {
              "title": "should able to see Resource Details from options",
              "fullTitle": "Pending Evaluations should able to see Resource Details from options",
              "timedOut": false,
              "duration": 4358,
              "state": "passed",
              "speed": "slow",
              "pass": true,
              "fail": false,
              "pending": false,
              "context": null,
              "code": "await evaluation.clickFilterButton();\nawait evaluation.searchName('James Salinas');\nawait utilFun.wait(1000);\nconst name = await evaluation.getResourseName();\nutilFun.assertEql(name, 'James Salinas');\nawait evaluation.clickResource();\nawait utilFun.wait(1000);\nawait utilFun.switchWindow(1);\nawait utilFun.wait(1000);\nconst url = await utilFun.getUrl();\nassert.equal(url, 'http://localhost:3000/resource-detail/9742?tab=Basic_Information');\nawait utilFun.closeCurrentTab();\nawait utilFun.switchWindow(0);",
              "err": {},
              "uuid": "aa47df19-b629-4883-8374-e61b4aff1180",
              "parentUUID": "07fea735-067a-41cb-968a-b561424d6e36",
              "isHook": false,
              "skipped": false
            },
            {
              "title": "should able to see employee history",
              "fullTitle": "Pending Evaluations should able to see employee history",
              "timedOut": false,
              "duration": 3132,
              "state": "passed",
              "speed": "slow",
              "pass": true,
              "fail": false,
              "pending": false,
              "context": null,
              "code": "await evaluation.clickFilterButton();\nawait evaluation.searchName('James Salinas');\nawait utilFun.wait(1000);\nconst name = await evaluation.getResourseName();\nutilFun.assertEql(name, 'James Salinas');\nawait evaluation.clickSeeFeedback();\nawait utilFun.wait(1000);\nconst title = await evaluation.checkTitle();\nutilFun.assertEql(title, 'Feedback History of James Salinas');\nawait evaluation.checkSelectedTab();",
              "err": {},
              "uuid": "678518a3-94a6-4370-abd7-554c76a95de7",
              "parentUUID": "07fea735-067a-41cb-968a-b561424d6e36",
              "isHook": false,
              "skipped": false
            },
            {
              "title": "should able to request a review",
              "fullTitle": "Pending Evaluations should able to request a review",
              "timedOut": false,
              "duration": 7405,
              "state": "passed",
              "speed": "slow",
              "pass": true,
              "fail": false,
              "pending": false,
              "context": null,
              "code": "await evaluation.clickFilterButton();\nawait evaluation.searchName('James Salinas');\nawait utilFun.wait(1000);\nconst name = await evaluation.getResourseName();\nutilFun.assertEql(name, 'James Salinas');\nawait evaluation.clickSeeFeedback();\nawait utilFun.wait(1000);\nawait evaluation.clickSubmittedReview();\nawait evaluation.clickReqReviewBtn();\nawait utilFun.wait(1000);\nawait evaluation.clickHod('Muhammad Bilal Rafaqat');\nawait evaluation.clickSendReqBtn();\nconst alertText = await evaluation.checkAlert();\nutilFun.assertEql(alertText, 'Request is send successfully.');",
              "err": {},
              "uuid": "ab343659-c4b4-4fde-9c62-f5f9e97f9003",
              "parentUUID": "07fea735-067a-41cb-968a-b561424d6e36",
              "isHook": false,
              "skipped": false
            },
            {
              "title": "should able to give a review",
              "fullTitle": "Pending Evaluations should able to give a review",
              "timedOut": false,
              "duration": 13244,
              "state": "passed",
              "speed": "slow",
              "pass": true,
              "fail": false,
              "pending": false,
              "context": null,
              "code": "const query = [\n  `UPDATE employees SET \"departmentId\" = 9 WHERE id = 9474;`,\n  `UPDATE employees SET \"designationId\" = 83 WHERE id = 9474;`,\n  `UPDATE employees SET \"designation\" = 'Head of Engineering' WHERE id = 9474;`,\n];\nawait utilFun.udpateDatabase(query);\nawait utilFun.refresh();\nawait evaluation.clickFilterButton();\nawait evaluation.searchName('James Salinas');\nawait utilFun.wait(1000);\nconst name = await evaluation.getResourseName();\nutilFun.assertEql(name, 'James Salinas');\nawait evaluation.clickSeeFeedback();\nawait utilFun.wait(1000);\nawait evaluation.clickSubmittedReview();\nawait utilFun.wait(1000);\nawait evaluation.clickAddFeedback();\n// await feedbackForm.enterDate('03092023');\nawait feedbackForm.selectFeedbackDuration('6 Months');\nawait feedbackForm.selectNextReviewType('Annual');\nawait feedbackForm.selectRevisedDesignation('Software Engineer');\nawait feedbackForm.selectRevisedDesignationCategory('Automation');\nawait feedbackForm.typeIncreament('200000');\nawait feedbackForm.typeDescription('testingggg');\nawait feedbackForm.clickSubmit();\nconst alertText = await evaluation.checkAlert();\nutilFun.assertEql(alertText, 'Increment status is updated successfully');",
              "err": {},
              "uuid": "c3a2c5ce-b62d-49cc-88ac-26cf1edd9320",
              "parentUUID": "07fea735-067a-41cb-968a-b561424d6e36",
              "isHook": false,
              "skipped": false
            },
            {
              "title": "should able to edit review form",
              "fullTitle": "Pending Evaluations should able to edit review form",
              "timedOut": false,
              "duration": 9051,
              "state": "passed",
              "speed": "slow",
              "pass": true,
              "fail": false,
              "pending": false,
              "context": null,
              "code": "await evaluation.clickFilterButton();\nawait evaluation.searchName('James Salinas');\nawait utilFun.wait(1000);\nconst name = await evaluation.getResourseName();\nutilFun.assertEql(name, 'James Salinas');\nawait evaluation.clickEditForm();\nawait utilFun.wait(1000);\n// await feedbackForm.enterDate('03102023');\nawait feedbackForm.selectFeedbackDuration('3 Months');\nawait feedbackForm.selectNextReviewType('Annual');\nawait feedbackForm.selectRevisedDesignation('Software Engineer');\nawait feedbackForm.typeIncreament('200000');\nawait feedbackForm.typeDescription('updated');\nawait feedbackForm.clickSubmit();\nconst alertText = await evaluation.checkAlert();\nutilFun.assertEql(alertText, 'Increment status is updated successfully');",
              "err": {},
              "uuid": "744ff559-3bbd-46b7-96eb-bcd6c43f8185",
              "parentUUID": "07fea735-067a-41cb-968a-b561424d6e36",
              "isHook": false,
              "skipped": false
            },
            {
              "title": "should able to defer review",
              "fullTitle": "Pending Evaluations should able to defer review",
              "timedOut": false,
              "duration": 6925,
              "state": "passed",
              "speed": "slow",
              "pass": true,
              "fail": false,
              "pending": false,
              "context": null,
              "code": "const query = [\n  `UPDATE employees SET \"designation\" = 'HR' WHERE id = 9474;`,\n  `UPDATE employees SET \"departmentId\" = 7 WHERE id = 9474;`,\n  `UPDATE employees SET \"designationId\" = 77 WHERE id = 9474;`,\n];\nawait utilFun.udpateDatabase(query);\nawait utilFun.refresh();\nawait evaluation.clickFilterButton();\nawait evaluation.searchName('James Salinas');\nawait utilFun.wait(1000);\nconst name = await evaluation.getResourseName();\nutilFun.assertEql(name, 'James Salinas');\nawait evaluation.clickDefer();\nawait evaluation.clickDeferType();\nawait utilFun.wait(1000);\nawait evaluation.selectDeferType('2 Weeks');\nawait evaluation.typeDeferReason('testing');\nawait evaluation.clickSubmitBtn();\nconst alertText = await evaluation.checkAlert();\nutilFun.assertEql(alertText, 'Increment status is updated successfully');",
              "err": {},
              "uuid": "367c7472-ebe8-4362-ab77-becdf877d1ef",
              "parentUUID": "07fea735-067a-41cb-968a-b561424d6e36",
              "isHook": false,
              "skipped": false
            },
            {
              "title": "should able to complete review",
              "fullTitle": "Pending Evaluations should able to complete review",
              "timedOut": false,
              "duration": 10721,
              "state": "passed",
              "speed": "slow",
              "pass": true,
              "fail": false,
              "pending": false,
              "context": null,
              "code": "const query = [\n  `UPDATE employees SET \"designation\" = 'HR' WHERE id = 9474;`,\n  `UPDATE employees SET \"departmentId\" = 7 WHERE id = 9474;`,\n  `UPDATE employees SET \"designationId\" = 77 WHERE id = 9474;`,\n  `UPDATE employee_evaluations SET \"processType\" = NULL WHERE id = 26;`,\n  `UPDATE employee_evaluations SET \"reasonForDefer\" = NULL WHERE id = 26;`,\n  `UPDATE employee_evaluations SET \"processDate\" = NULL WHERE id = 26;`,\n];\nawait utilFun.udpateDatabase(query);\nawait utilFun.refresh();\nawait evaluation.clickFilterButton();\nawait evaluation.searchName('James Salinas');\nawait utilFun.wait(1000);\nconst name = await evaluation.getResourseName();\nutilFun.assertEql(name, 'James Salinas');\nawait evaluation.clickComplete();\nawait feedbackForm.enterDate('03102023');\nawait feedbackForm.selectFeedbackDuration('3 Months');\nawait feedbackForm.selectNextReviewType('Annual');\nawait feedbackForm.selectRevisedDesignation('Software Engineer');\nawait feedbackForm.typeIncreament('200000');\nawait feedbackForm.clickSubmit();\nconst alertText = await evaluation.checkAlert();\nutilFun.assertEql(alertText, 'Increment status is updated successfully');",
              "err": {},
              "uuid": "f1e5d48b-7185-432f-b3c9-aedf2efadb49",
              "parentUUID": "07fea735-067a-41cb-968a-b561424d6e36",
              "isHook": false,
              "skipped": false
            }
          ],
          "suites": [],
          "passes": [
            "5213c6a8-66cf-4be6-a32f-a76c4ab1ac2a",
            "a756e9be-1104-4c28-95f9-86d73c31746f",
            "0605b389-6047-4c56-b485-e05a9747ec8b",
            "7541ad8a-205d-427c-a9e4-5a5b30bef9fe",
            "cdd44609-e472-4fcb-b386-aecd94950fa9",
            "1504fddb-b68b-4934-8d8d-1d6f4434d1a0",
            "469edfd9-9d76-45dc-877d-75a725a57899",
            "40c40cd8-153a-49f9-b16a-94cf0ad6a181",
            "d933ad06-4fac-44a2-8a38-1a76063db92c",
            "aa47df19-b629-4883-8374-e61b4aff1180",
            "678518a3-94a6-4370-abd7-554c76a95de7",
            "ab343659-c4b4-4fde-9c62-f5f9e97f9003",
            "c3a2c5ce-b62d-49cc-88ac-26cf1edd9320",
            "744ff559-3bbd-46b7-96eb-bcd6c43f8185",
            "367c7472-ebe8-4362-ab77-becdf877d1ef",
            "f1e5d48b-7185-432f-b3c9-aedf2efadb49"
          ],
          "failures": [],
          "pending": [],
          "skipped": [],
          "duration": 96482,
          "root": false,
          "rootEmpty": false,
          "_timeout": 100000
        },
        {
          "uuid": "dba01eab-2aba-47d3-8268-b524923d6e20",
          "title": "Performance Base Evaluations",
          "fullFile": "/home/devops/invohub/resource-engagement/test/e2e/evaluation/spec_2_performance.js",
          "file": "/test/e2e/evaluation/spec_2_performance.js",
          "beforeHooks": [
            {
              "title": "\"before all\" hook in \"Performance Base Evaluations\"",
              "fullTitle": "Performance Base Evaluations \"before all\" hook in \"Performance Base Evaluations\"",
              "timedOut": false,
              "duration": 9823,
              "state": null,
              "speed": null,
              "pass": false,
              "fail": false,
              "pending": false,
              "context": null,
              "code": "await utilFun.loginAccount()\nconst url = await utilFun.getUrl();\nassert.equal(url, baseUrl + '/home');\nlet query = [\n  `UPDATE employee_evaluations SET \"incrementType\" = 'performance' WHERE id = 26;`,\n  `UPDATE employees SET \"designation\" = 'Software Engineer' WHERE id = 9474;`,\n  `UPDATE employees SET \"departmentId\" = 9 WHERE id = 9474;`,\n  `UPDATE employees SET \"designationId\" = 138 WHERE id = 9474;`,\n  `UPDATE employee_evaluations SET \"processType\" = NULL WHERE id = 26;`,\n  `UPDATE employee_evaluations SET \"reasonForDefer\" = NULL WHERE id = 26;`,\n  `UPDATE employee_evaluations SET \"processDate\" = NULL WHERE id = 26;`,\n  `UPDATE employee_evaluations SET \"feedback\" = NULL WHERE id = 26;`,\n];\nawait utilFun.udpateDatabase(query);",
              "err": {},
              "uuid": "312cb171-bb33-4052-8077-509110f2637a",
              "parentUUID": "dba01eab-2aba-47d3-8268-b524923d6e20",
              "isHook": true,
              "skipped": false
            },
            {
              "title": "\"before each\" hook in \"Performance Base Evaluations\"",
              "fullTitle": "Performance Base Evaluations \"before each\" hook in \"Performance Base Evaluations\"",
              "timedOut": false,
              "duration": 4342,
              "state": null,
              "speed": null,
              "pass": false,
              "fail": false,
              "pending": false,
              "context": null,
              "code": "await utilFun.visit(baseUrl + '/evaluation-performance');\nawait utilFun.wait(4000);",
              "err": {},
              "uuid": "2ebcb903-9a30-4a0a-99e5-320b52a24608",
              "parentUUID": "dba01eab-2aba-47d3-8268-b524923d6e20",
              "isHook": true,
              "skipped": false
            }
          ],
          "afterHooks": [],
          "tests": [
            {
              "title": "should check if performance evaluations are showing",
              "fullTitle": "Performance Base Evaluations should check if performance evaluations are showing",
              "timedOut": false,
              "duration": 39,
              "state": "passed",
              "speed": "medium",
              "pass": true,
              "fail": false,
              "pending": false,
              "context": null,
              "code": "let obj = await evaluation.getAllPendingResourses();\nassert(obj.length > 0, `No Evaluation Found`);",
              "err": {},
              "uuid": "907c79ed-4429-4b5b-bdb7-01c4f298f2d5",
              "parentUUID": "dba01eab-2aba-47d3-8268-b524923d6e20",
              "isHook": false,
              "skipped": false
            },
            {
              "title": "should able to filter resoures by name",
              "fullTitle": "Performance Base Evaluations should able to filter resoures by name",
              "timedOut": false,
              "duration": 1916,
              "state": "passed",
              "speed": "slow",
              "pass": true,
              "fail": false,
              "pending": false,
              "context": null,
              "code": "await evaluation.clickFilterButton();\nawait evaluation.searchName('James Salinas');\nawait utilFun.wait(1000);\nconst name = await evaluation.getResourseName();\nutilFun.assertEql(name, 'James Salinas');",
              "err": {},
              "uuid": "92ba8873-ea93-4267-9898-d460614bc6e4",
              "parentUUID": "dba01eab-2aba-47d3-8268-b524923d6e20",
              "isHook": false,
              "skipped": false
            },
            {
              "title": "should able to filter resoures by Last Increment",
              "fullTitle": "Performance Base Evaluations should able to filter resoures by Last Increment",
              "timedOut": false,
              "duration": 1589,
              "state": "passed",
              "speed": "slow",
              "pass": true,
              "fail": false,
              "pending": false,
              "context": null,
              "code": "await evaluation.clickFilterButton();\nawait evaluation.selectLastIncrement('N/A');\nconst valuesCount = await evaluation.checkValues();\nutilFun.assertEql(valuesCount, 1);",
              "err": {},
              "uuid": "a76a107f-26c3-407b-9ab5-836d94d09f47",
              "parentUUID": "dba01eab-2aba-47d3-8268-b524923d6e20",
              "isHook": false,
              "skipped": false
            },
            {
              "title": "should able to  copy email from options",
              "fullTitle": "Performance Base Evaluations should able to  copy email from options",
              "timedOut": false,
              "duration": 3944,
              "state": "passed",
              "speed": "slow",
              "pass": true,
              "fail": false,
              "pending": false,
              "context": null,
              "code": "await evaluation.clickFilterButton();\nawait evaluation.searchName('James Salinas');\nawait utilFun.wait(1000);\nconst name = await evaluation.getResourseName();\nutilFun.assertEql(name, 'James Salinas');\nawait evaluation.clickOptionBtn();\nawait utilFun.wait(1000);\nawait evaluation.selectOption('Copy Email');\nconst alertText = await evaluation.checkAlert();\nutilFun.assertEql(alertText, 'Email address is copied');",
              "err": {},
              "uuid": "a652d35e-0712-43a9-9965-fb8ac2f384b1",
              "parentUUID": "dba01eab-2aba-47d3-8268-b524923d6e20",
              "isHook": false,
              "skipped": false
            },
            {
              "title": "should able to Send Email from options",
              "fullTitle": "Performance Base Evaluations should able to Send Email from options",
              "timedOut": false,
              "duration": 7779,
              "state": "passed",
              "speed": "slow",
              "pass": true,
              "fail": false,
              "pending": false,
              "context": null,
              "code": "await evaluation.clickFilterButton();\nawait evaluation.searchName('James Salinas');\nawait utilFun.wait(1000);\nconst name = await evaluation.getResourseName();\nutilFun.assertEql(name, 'James Salinas');\nawait evaluation.clickOptionBtn();\nawait utilFun.wait(1000);\nawait evaluation.selectOption('Send Email');\nawait utilFun.wait(1000);\nawait utilFun.switchWindow(1);\nawait utilFun.wait(3000);\nconst url = await utilFun.getUrl();\nassert.equal(url, 'https://mail.google.com/mail/u/0/?fs=1&tf=cm&to=james@robot-mail.com');\nawait utilFun.closeCurrentTab();\nawait utilFun.switchWindow(0);",
              "err": {},
              "uuid": "21a40711-6e01-42a3-ad1f-e7e3a59e5e57",
              "parentUUID": "dba01eab-2aba-47d3-8268-b524923d6e20",
              "isHook": false,
              "skipped": false
            },
            {
              "title": "should able to Open Slack DM from options",
              "fullTitle": "Performance Base Evaluations should able to Open Slack DM from options",
              "timedOut": false,
              "duration": 8213,
              "state": "passed",
              "speed": "slow",
              "pass": true,
              "fail": false,
              "pending": false,
              "context": null,
              "code": "await evaluation.clickFilterButton();\nawait evaluation.searchName('James Salinas');\nawait utilFun.wait(1000);\nconst name = await evaluation.getResourseName();\nutilFun.assertEql(name, 'James Salinas');\nawait evaluation.clickOptionBtn();\nawait utilFun.wait(1000);\nawait evaluation.selectOption('Open Slack DM');\nawait utilFun.wait(1000);\nawait utilFun.switchWindow(1);\nawait utilFun.wait(3000);\nconst url = await utilFun.getUrl();\nassert.equal(url, 'https://invozone.slack.com/?redir=%2Fapp_redirect%3Fchannel%3Dundefined');\nawait utilFun.closeCurrentTab();\nawait utilFun.switchWindow(0);",
              "err": {},
              "uuid": "42caf2bb-6bbf-4b61-87c4-ed40f420025b",
              "parentUUID": "dba01eab-2aba-47d3-8268-b524923d6e20",
              "isHook": false,
              "skipped": false
            },
            {
              "title": "should able to see Email from options",
              "fullTitle": "Performance Base Evaluations should able to see Email from options",
              "timedOut": false,
              "duration": 7168,
              "state": "passed",
              "speed": "slow",
              "pass": true,
              "fail": false,
              "pending": false,
              "context": null,
              "code": "await evaluation.clickFilterButton();\nawait evaluation.searchName('James Salinas');\nawait utilFun.wait(1000);\nconst name = await evaluation.getResourseName();\nutilFun.assertEql(name, 'James Salinas');\nawait evaluation.clickOptionBtn();\nawait utilFun.wait(1000);\nawait evaluation.selectOption('See Email');\nawait utilFun.wait(4000);\nconst email = await evaluation.copyEmail();\nassert.equal(email, 'Email: james@robot-mail.com');",
              "err": {},
              "uuid": "9cc073f5-a7bb-44fc-8961-d706b4bfae7f",
              "parentUUID": "dba01eab-2aba-47d3-8268-b524923d6e20",
              "isHook": false,
              "skipped": false
            },
            {
              "title": "should able to copy Phone Number from options",
              "fullTitle": "Performance Base Evaluations should able to copy Phone Number from options",
              "timedOut": false,
              "duration": 6659,
              "state": "passed",
              "speed": "slow",
              "pass": true,
              "fail": false,
              "pending": false,
              "context": null,
              "code": "await evaluation.clickFilterButton();\nawait evaluation.searchName('James Salinas');\nawait utilFun.wait(1000);\nconst name = await evaluation.getResourseName();\nutilFun.assertEql(name, 'James Salinas');\nawait evaluation.clickOptionBtn();\nawait utilFun.wait(1000);\nawait evaluation.selectOption('Phone Number');\nawait utilFun.wait(3000);\nawait evaluation.copyPhoneNumber();\nconst alertText = await evaluation.checkAlert();\nassert.equal(alertText, 'Phone# is copied successfully');",
              "err": {},
              "uuid": "f2a3fb09-c63f-4cf8-a817-fa2c92a9444e",
              "parentUUID": "dba01eab-2aba-47d3-8268-b524923d6e20",
              "isHook": false,
              "skipped": false
            },
            {
              "title": "should able to see Resource Details from options",
              "fullTitle": "Performance Base Evaluations should able to see Resource Details from options",
              "timedOut": false,
              "duration": 4260,
              "state": "passed",
              "speed": "slow",
              "pass": true,
              "fail": false,
              "pending": false,
              "context": null,
              "code": "await evaluation.clickFilterButton();\nawait evaluation.searchName('James Salinas');\nawait utilFun.wait(1000);\nconst name = await evaluation.getResourseName();\nutilFun.assertEql(name, 'James Salinas');\nawait evaluation.clickResource();\nawait utilFun.wait(1000);\nawait utilFun.switchWindow(1);\nawait utilFun.wait(1000);\nconst url = await utilFun.getUrl();\nassert.equal(url, baseUrl + '/resource-detail/9742?tab=Basic_Information');\nawait utilFun.closeCurrentTab();\nawait utilFun.switchWindow(0);",
              "err": {},
              "uuid": "4983f244-0571-4b06-a8d7-572ece15c031",
              "parentUUID": "dba01eab-2aba-47d3-8268-b524923d6e20",
              "isHook": false,
              "skipped": false
            },
            {
              "title": "should able to see employee history",
              "fullTitle": "Performance Base Evaluations should able to see employee history",
              "timedOut": false,
              "duration": 3077,
              "state": "passed",
              "speed": "slow",
              "pass": true,
              "fail": false,
              "pending": false,
              "context": null,
              "code": "await evaluation.clickFilterButton();\nawait evaluation.searchName('James Salinas');\nawait utilFun.wait(1000);\nconst name = await evaluation.getResourseName();\nutilFun.assertEql(name, 'James Salinas');\nawait evaluation.clickSeeFeedback();\nawait utilFun.wait(1000);\nconst title = await evaluation.checkTitle();\nutilFun.assertEql(title, 'Feedback History of James Salinas');\nawait evaluation.checkSelectedTab();",
              "err": {},
              "uuid": "99dcb1f9-7e6e-4297-bd27-406a8fadcc4b",
              "parentUUID": "dba01eab-2aba-47d3-8268-b524923d6e20",
              "isHook": false,
              "skipped": false
            },
            {
              "title": "should able to request a review",
              "fullTitle": "Performance Base Evaluations should able to request a review",
              "timedOut": false,
              "duration": 7167,
              "state": "passed",
              "speed": "slow",
              "pass": true,
              "fail": false,
              "pending": false,
              "context": null,
              "code": "await evaluation.clickFilterButton();\nawait evaluation.searchName('James Salinas');\nawait utilFun.wait(1000);\nconst name = await evaluation.getResourseName();\nutilFun.assertEql(name, 'James Salinas');\nawait evaluation.clickSeeFeedback();4\nawait utilFun.wait(1000);\nawait evaluation.clickSubmittedReview();\nawait evaluation.clickReqReviewBtn();\nawait utilFun.wait(1000);\nawait evaluation.clickHod('Muhammad Bilal Rafaqat');\nawait evaluation.clickSendReqBtn();\nconst alertText = await evaluation.checkAlert();\nutilFun.assertEql(alertText, 'Request is send successfully.');",
              "err": {},
              "uuid": "6fdc22bd-4c03-46c1-8bec-943c8fef1cb9",
              "parentUUID": "dba01eab-2aba-47d3-8268-b524923d6e20",
              "isHook": false,
              "skipped": false
            },
            {
              "title": "should able to give a review",
              "fullTitle": "Performance Base Evaluations should able to give a review",
              "timedOut": false,
              "duration": 12747,
              "state": "passed",
              "speed": "slow",
              "pass": true,
              "fail": false,
              "pending": false,
              "context": null,
              "code": "const query = [\n  `UPDATE employees SET \"departmentId\" = 9 WHERE id = 9474;`,\n  `UPDATE employees SET \"designationId\" = 83 WHERE id = 9474;`,\n  `UPDATE employees SET \"designation\" = 'Head of Engineering' WHERE id = 9474;`,\n];\nawait utilFun.udpateDatabase(query);\nawait utilFun.refresh();\nawait evaluation.clickFilterButton();\nawait evaluation.searchName('James Salinas');\nawait utilFun.wait(1000);\nconst name = await evaluation.getResourseName();\nutilFun.assertEql(name, 'James Salinas');\nawait evaluation.clickSeeFeedback();\nawait utilFun.wait(1000);\nawait evaluation.clickSubmittedReview();\nawait utilFun.wait(1000);\nawait evaluation.clickAddFeedback();\nawait feedbackForm.enterDate('03092023');\nawait feedbackForm.selectFeedbackDuration('6 Months');\nawait feedbackForm.selectNextReviewType('Annual');\nawait feedbackForm.selectRevisedDesignation('Software Engineer');\nawait feedbackForm.typeIncreament('200000');\nawait feedbackForm.typeDescription('testingggg');\nawait feedbackForm.clickSubmit();\nconst alertText = await evaluation.checkAlert();\nutilFun.assertEql(alertText, 'Increment status is updated successfully');",
              "err": {},
              "uuid": "68b67d09-0cae-40e7-ba5d-0e8515c4d4ce",
              "parentUUID": "dba01eab-2aba-47d3-8268-b524923d6e20",
              "isHook": false,
              "skipped": false
            },
            {
              "title": "should able to edit review form",
              "fullTitle": "Performance Base Evaluations should able to edit review form",
              "timedOut": false,
              "duration": 9245,
              "state": "passed",
              "speed": "slow",
              "pass": true,
              "fail": false,
              "pending": false,
              "context": null,
              "code": "await evaluation.clickFilterButton();\nawait evaluation.searchName('James Salinas');\nawait utilFun.wait(1000);\nconst name = await evaluation.getResourseName();\nutilFun.assertEql(name, 'James Salinas');\nawait evaluation.clickEditForm();\nawait utilFun.wait(1000);\nawait feedbackForm.enterDate('03102023');\nawait feedbackForm.selectFeedbackDuration('3 Months');\nawait feedbackForm.selectNextReviewType('Annual');\nawait feedbackForm.selectRevisedDesignation('Software Engineer');\nawait feedbackForm.typeIncreament('200000');\nawait feedbackForm.typeDescription('updated');\nawait feedbackForm.clickSubmit();\nconst alertText = await evaluation.checkAlert();\nutilFun.assertEql(alertText, 'Increment status is updated successfully');",
              "err": {},
              "uuid": "f6c98ef1-37f9-47cf-a92e-4dc3d16d1acc",
              "parentUUID": "dba01eab-2aba-47d3-8268-b524923d6e20",
              "isHook": false,
              "skipped": false
            },
            {
              "title": "should able to defer review",
              "fullTitle": "Performance Base Evaluations should able to defer review",
              "timedOut": false,
              "duration": 6520,
              "state": "passed",
              "speed": "slow",
              "pass": true,
              "fail": false,
              "pending": false,
              "context": null,
              "code": "const query = [\n  `UPDATE employees SET \"designation\" = 'HR' WHERE id = 9474;`,\n  `UPDATE employees SET \"departmentId\" = 7 WHERE id = 9474;`,\n  `UPDATE employees SET \"designationId\" = 77 WHERE id = 9474;`,\n];\nawait utilFun.udpateDatabase(query);\nawait utilFun.refresh();\nawait evaluation.clickFilterButton();\nawait evaluation.searchName('James Salinas');\nawait utilFun.wait(1000);\nconst name = await evaluation.getResourseName();\nutilFun.assertEql(name, 'James Salinas');\nawait evaluation.clickDefer();\nawait evaluation.clickDeferType();\nawait utilFun.wait(1000);\nawait evaluation.selectDeferType('2 Weeks');\nawait evaluation.typeDeferReason('testing');\nawait evaluation.clickSubmitBtn();\nconst alertText = await evaluation.checkAlert();\nutilFun.assertEql(alertText, 'Increment status is updated successfully');",
              "err": {},
              "uuid": "481243e4-3a25-438a-9c66-e181a19a3c93",
              "parentUUID": "dba01eab-2aba-47d3-8268-b524923d6e20",
              "isHook": false,
              "skipped": false
            },
            {
              "title": "should able to complete review",
              "fullTitle": "Performance Base Evaluations should able to complete review",
              "timedOut": false,
              "duration": 9882,
              "state": "passed",
              "speed": "slow",
              "pass": true,
              "fail": false,
              "pending": false,
              "context": null,
              "code": "const query = [\n  `UPDATE employees SET \"designation\" = 'HR' WHERE id = 9474;`,\n  `UPDATE employees SET \"departmentId\" = 7 WHERE id = 9474;`,\n  `UPDATE employees SET \"designationId\" = 77 WHERE id = 9474;`,\n  `UPDATE employee_evaluations SET \"processType\" = NULL WHERE id = 26;`,\n  `UPDATE employee_evaluations SET \"reasonForDefer\" = NULL WHERE id = 26;`,\n  `UPDATE employee_evaluations SET \"processDate\" = NULL WHERE id = 26;`,\n];\nawait utilFun.udpateDatabase(query);\nawait utilFun.refresh();\nawait evaluation.clickFilterButton();\nawait evaluation.searchName('James Salinas');\nawait utilFun.wait(1000);\nconst name = await evaluation.getResourseName();\nutilFun.assertEql(name, 'James Salinas');\nawait evaluation.clickComplete();\nawait feedbackForm.enterDate('03102023');\nawait feedbackForm.selectFeedbackDuration('3 Months');\nawait feedbackForm.selectNextReviewType('Annual');\nawait feedbackForm.selectRevisedDesignation('Software Engineer');\nawait feedbackForm.typeIncreament('200000');\nawait feedbackForm.clickSubmit();\nconst alertText = await evaluation.checkAlert();\nutilFun.assertEql(alertText, 'Increment status is updated successfully');",
              "err": {},
              "uuid": "c75d2928-8210-4901-aa4d-693ad524aa3e",
              "parentUUID": "dba01eab-2aba-47d3-8268-b524923d6e20",
              "isHook": false,
              "skipped": false
            }
          ],
          "suites": [],
          "passes": [
            "907c79ed-4429-4b5b-bdb7-01c4f298f2d5",
            "92ba8873-ea93-4267-9898-d460614bc6e4",
            "a76a107f-26c3-407b-9ab5-836d94d09f47",
            "a652d35e-0712-43a9-9965-fb8ac2f384b1",
            "21a40711-6e01-42a3-ad1f-e7e3a59e5e57",
            "42caf2bb-6bbf-4b61-87c4-ed40f420025b",
            "9cc073f5-a7bb-44fc-8961-d706b4bfae7f",
            "f2a3fb09-c63f-4cf8-a817-fa2c92a9444e",
            "4983f244-0571-4b06-a8d7-572ece15c031",
            "99dcb1f9-7e6e-4297-bd27-406a8fadcc4b",
            "6fdc22bd-4c03-46c1-8bec-943c8fef1cb9",
            "68b67d09-0cae-40e7-ba5d-0e8515c4d4ce",
            "f6c98ef1-37f9-47cf-a92e-4dc3d16d1acc",
            "481243e4-3a25-438a-9c66-e181a19a3c93",
            "c75d2928-8210-4901-aa4d-693ad524aa3e"
          ],
          "failures": [],
          "pending": [],
          "skipped": [],
          "duration": 90205,
          "root": false,
          "rootEmpty": false,
          "_timeout": 100000
        },
        {
          "uuid": "9d29c220-9562-4004-b1dc-bdcd26a7f291",
          "title": "Retention Base Evaluations",
          "fullFile": "/home/devops/invohub/resource-engagement/test/e2e/evaluation/spec_3_retention.js",
          "file": "/test/e2e/evaluation/spec_3_retention.js",
          "beforeHooks": [
            {
              "title": "\"before all\" hook in \"Retention Base Evaluations\"",
              "fullTitle": "Retention Base Evaluations \"before all\" hook in \"Retention Base Evaluations\"",
              "timedOut": false,
              "duration": 9569,
              "state": null,
              "speed": null,
              "pass": false,
              "fail": false,
              "pending": false,
              "context": null,
              "code": "await utilFun.loginAccount()\nconst url = await utilFun.getUrl();\nassert.equal(url, baseUrl + '/home');\nlet query = [\n  `UPDATE employee_evaluations SET \"incrementType\" = 'retention' WHERE id = 26;`,\n  `UPDATE employees SET \"designation\" = 'Software Engineer' WHERE id = 9474;`,\n  `UPDATE employees SET \"departmentId\" = 9 WHERE id = 9474;`,\n  `UPDATE employees SET \"designationId\" = 138 WHERE id = 9474;`,\n  `UPDATE employee_evaluations SET \"processType\" = NULL WHERE id = 26;`,\n  `UPDATE employee_evaluations SET \"reasonForDefer\" = NULL WHERE id = 26;`,\n  `UPDATE employee_evaluations SET \"processDate\" = NULL WHERE id = 26;`,\n  `UPDATE employee_evaluations SET \"feedback\" = NULL WHERE id = 26;`,\n];\nawait utilFun.udpateDatabase(query);",
              "err": {},
              "uuid": "7778b4e6-dc69-48ec-bb54-b258cc0ab4fc",
              "parentUUID": "9d29c220-9562-4004-b1dc-bdcd26a7f291",
              "isHook": true,
              "skipped": false
            },
            {
              "title": "\"before each\" hook in \"Retention Base Evaluations\"",
              "fullTitle": "Retention Base Evaluations \"before each\" hook in \"Retention Base Evaluations\"",
              "timedOut": false,
              "duration": 4441,
              "state": null,
              "speed": null,
              "pass": false,
              "fail": false,
              "pending": false,
              "context": null,
              "code": "await utilFun.visit(baseUrl + '/evaluation-retention');\nawait utilFun.wait(4000);",
              "err": {},
              "uuid": "961a8589-e77e-46f4-9d6b-f7dba5018ece",
              "parentUUID": "9d29c220-9562-4004-b1dc-bdcd26a7f291",
              "isHook": true,
              "skipped": false
            }
          ],
          "afterHooks": [],
          "tests": [
            {
              "title": "should check if retention evaluations are showing",
              "fullTitle": "Retention Base Evaluations should check if retention evaluations are showing",
              "timedOut": false,
              "duration": 36,
              "state": "passed",
              "speed": "fast",
              "pass": true,
              "fail": false,
              "pending": false,
              "context": null,
              "code": "let obj = await evaluation.getAllPendingResourses();\nassert(obj.length > 0, `No Evaluation Found`);",
              "err": {},
              "uuid": "ffd76149-d9ba-4200-89b9-c9358bbd2383",
              "parentUUID": "9d29c220-9562-4004-b1dc-bdcd26a7f291",
              "isHook": false,
              "skipped": false
            },
            {
              "title": "should able to filter resoures by name",
              "fullTitle": "Retention Base Evaluations should able to filter resoures by name",
              "timedOut": false,
              "duration": 1763,
              "state": "passed",
              "speed": "slow",
              "pass": true,
              "fail": false,
              "pending": false,
              "context": null,
              "code": "await evaluation.clickFilterButton();\nawait evaluation.searchName('James Salinas');\nawait utilFun.wait(1000);\nconst name = await evaluation.getResourseName();\nutilFun.assertEql(name, 'James Salinas');",
              "err": {},
              "uuid": "0e8e8b15-becd-41de-83bd-67260d5f5083",
              "parentUUID": "9d29c220-9562-4004-b1dc-bdcd26a7f291",
              "isHook": false,
              "skipped": false
            },
            {
              "title": "should able to filter resoures by Last Increment",
              "fullTitle": "Retention Base Evaluations should able to filter resoures by Last Increment",
              "timedOut": false,
              "duration": 1448,
              "state": "passed",
              "speed": "slow",
              "pass": true,
              "fail": false,
              "pending": false,
              "context": null,
              "code": "await evaluation.clickFilterButton();\nawait evaluation.selectLastIncrement('N/A');\nconst valuesCount = await evaluation.checkValues();\nutilFun.assertEql(valuesCount, 1);",
              "err": {},
              "uuid": "ae65c8fa-a58e-45db-a39f-a5bc69b4e641",
              "parentUUID": "9d29c220-9562-4004-b1dc-bdcd26a7f291",
              "isHook": false,
              "skipped": false
            },
            {
              "title": "should able to  copy email from options",
              "fullTitle": "Retention Base Evaluations should able to  copy email from options",
              "timedOut": false,
              "duration": 3878,
              "state": "passed",
              "speed": "slow",
              "pass": true,
              "fail": false,
              "pending": false,
              "context": null,
              "code": "await evaluation.clickFilterButton();\nawait evaluation.searchName('James Salinas');\nawait utilFun.wait(1000);\nconst name = await evaluation.getResourseName();\nutilFun.assertEql(name, 'James Salinas');\nawait evaluation.clickOptionBtn();\nawait utilFun.wait(1000);\nawait evaluation.selectOption('Copy Email');\nconst alertText = await evaluation.checkAlert();\nutilFun.assertEql(alertText, 'Email address is copied');",
              "err": {},
              "uuid": "a44906a3-8577-4a51-9082-60677780c047",
              "parentUUID": "9d29c220-9562-4004-b1dc-bdcd26a7f291",
              "isHook": false,
              "skipped": false
            },
            {
              "title": "should able to Send Email from options",
              "fullTitle": "Retention Base Evaluations should able to Send Email from options",
              "timedOut": false,
              "duration": 8125,
              "state": "passed",
              "speed": "slow",
              "pass": true,
              "fail": false,
              "pending": false,
              "context": null,
              "code": "await evaluation.clickFilterButton();\nawait evaluation.searchName('James Salinas');\nawait utilFun.wait(1000);\nconst name = await evaluation.getResourseName();\nutilFun.assertEql(name, 'James Salinas');\nawait evaluation.clickOptionBtn();\nawait utilFun.wait(1000);\nawait evaluation.selectOption('Send Email');\nawait utilFun.wait(1000);\nawait utilFun.switchWindow(1);\nawait utilFun.wait(3000);\nconst url = await utilFun.getUrl();\nassert.equal(url, 'https://mail.google.com/mail/u/0/?fs=1&tf=cm&to=james@robot-mail.com');\nawait utilFun.closeCurrentTab();\nawait utilFun.switchWindow(0);",
              "err": {},
              "uuid": "a17cbc17-16f3-46d6-a3dc-5e682e85d0bb",
              "parentUUID": "9d29c220-9562-4004-b1dc-bdcd26a7f291",
              "isHook": false,
              "skipped": false
            },
            {
              "title": "should able to Open Slack DM from options",
              "fullTitle": "Retention Base Evaluations should able to Open Slack DM from options",
              "timedOut": false,
              "duration": 7319,
              "state": "passed",
              "speed": "slow",
              "pass": true,
              "fail": false,
              "pending": false,
              "context": null,
              "code": "await evaluation.clickFilterButton();\nawait evaluation.searchName('James Salinas');\nawait utilFun.wait(1000);\nconst name = await evaluation.getResourseName();\nutilFun.assertEql(name, 'James Salinas');\nawait evaluation.clickOptionBtn();\nawait utilFun.wait(1000);\nawait evaluation.selectOption('Open Slack DM');\nawait utilFun.wait(1000);\nawait utilFun.switchWindow(1);\nawait utilFun.wait(3000);\nconst url = await utilFun.getUrl();\nassert.equal(url, 'https://invozone.slack.com/?redir=%2Fapp_redirect%3Fchannel%3Dundefined');\nawait utilFun.closeCurrentTab();\nawait utilFun.switchWindow(0);",
              "err": {},
              "uuid": "27059396-3a55-4a7f-ad57-f022ff72c7b6",
              "parentUUID": "9d29c220-9562-4004-b1dc-bdcd26a7f291",
              "isHook": false,
              "skipped": false
            },
            {
              "title": "should able to see Email from options",
              "fullTitle": "Retention Base Evaluations should able to see Email from options",
              "timedOut": false,
              "duration": 7149,
              "state": "passed",
              "speed": "slow",
              "pass": true,
              "fail": false,
              "pending": false,
              "context": null,
              "code": "await evaluation.clickFilterButton();\nawait evaluation.searchName('James Salinas');\nawait utilFun.wait(1000);\nconst name = await evaluation.getResourseName();\nutilFun.assertEql(name, 'James Salinas');\nawait evaluation.clickOptionBtn();\nawait utilFun.wait(1000);\nawait evaluation.selectOption('See Email');\nawait utilFun.wait(4000);\nconst email = await evaluation.copyEmail();\nassert.equal(email, 'Email: james@robot-mail.com');",
              "err": {},
              "uuid": "c18768f5-29b4-4171-8aad-00ca3ae7df75",
              "parentUUID": "9d29c220-9562-4004-b1dc-bdcd26a7f291",
              "isHook": false,
              "skipped": false
            },
            {
              "title": "should able to copy Phone Number from options",
              "fullTitle": "Retention Base Evaluations should able to copy Phone Number from options",
              "timedOut": false,
              "duration": 6637,
              "state": "passed",
              "speed": "slow",
              "pass": true,
              "fail": false,
              "pending": false,
              "context": null,
              "code": "await evaluation.clickFilterButton();\nawait evaluation.searchName('James Salinas');\nawait utilFun.wait(1000);\nconst name = await evaluation.getResourseName();\nutilFun.assertEql(name, 'James Salinas');\nawait evaluation.clickOptionBtn();\nawait utilFun.wait(1000);\nawait evaluation.selectOption('Phone Number');\nawait utilFun.wait(3000);\nawait evaluation.copyPhoneNumber();\nconst alertText = await evaluation.checkAlert();\nassert.equal(alertText, 'Phone# is copied successfully');",
              "err": {},
              "uuid": "3db32df4-6fb4-44b5-8009-ab2d479c9386",
              "parentUUID": "9d29c220-9562-4004-b1dc-bdcd26a7f291",
              "isHook": false,
              "skipped": false
            },
            {
              "title": "should able to see Resource Details from options",
              "fullTitle": "Retention Base Evaluations should able to see Resource Details from options",
              "timedOut": false,
              "duration": 4102,
              "state": "passed",
              "speed": "slow",
              "pass": true,
              "fail": false,
              "pending": false,
              "context": null,
              "code": "await evaluation.clickFilterButton();\nawait evaluation.searchName('James Salinas');\nawait utilFun.wait(1000);\nconst name = await evaluation.getResourseName();\nutilFun.assertEql(name, 'James Salinas');\nawait evaluation.clickResource();\nawait utilFun.wait(1000);\nawait utilFun.switchWindow(1);\nawait utilFun.wait(1000);\nconst url = await utilFun.getUrl();\nassert.equal(url, baseUrl + '/resource-detail/9742?tab=Basic_Information');\nawait utilFun.closeCurrentTab();\nawait utilFun.switchWindow(0);",
              "err": {},
              "uuid": "4bb083ab-e952-49ee-8df8-7adde72f17ed",
              "parentUUID": "9d29c220-9562-4004-b1dc-bdcd26a7f291",
              "isHook": false,
              "skipped": false
            },
            {
              "title": "should able to see employee history",
              "fullTitle": "Retention Base Evaluations should able to see employee history",
              "timedOut": false,
              "duration": 3033,
              "state": "passed",
              "speed": "slow",
              "pass": true,
              "fail": false,
              "pending": false,
              "context": null,
              "code": "await evaluation.clickFilterButton();\nawait evaluation.searchName('James Salinas');\nawait utilFun.wait(1000);\nconst name = await evaluation.getResourseName();\nutilFun.assertEql(name, 'James Salinas');\nawait evaluation.clickSeeFeedback();\nawait utilFun.wait(1000);\nconst title = await evaluation.checkTitle();\nutilFun.assertEql(title, 'Feedback History of James Salinas');\nawait evaluation.checkSelectedTab();",
              "err": {},
              "uuid": "0342bda2-f4e7-4981-b76a-03a311048d16",
              "parentUUID": "9d29c220-9562-4004-b1dc-bdcd26a7f291",
              "isHook": false,
              "skipped": false
            },
            {
              "title": "should able to request a review",
              "fullTitle": "Retention Base Evaluations should able to request a review",
              "timedOut": false,
              "duration": 7119,
              "state": "passed",
              "speed": "slow",
              "pass": true,
              "fail": false,
              "pending": false,
              "context": null,
              "code": "await evaluation.clickFilterButton();\nawait evaluation.searchName('James Salinas');\nawait utilFun.wait(1000);\nconst name = await evaluation.getResourseName();\nutilFun.assertEql(name, 'James Salinas');\nawait evaluation.clickSeeFeedback();\nawait utilFun.wait(1000);\nawait evaluation.clickSubmittedReview();\nawait evaluation.clickReqReviewBtn();\nawait utilFun.wait(1000);\nawait evaluation.clickHod('Muhammad Bilal Rafaqat');\nawait evaluation.clickSendReqBtn();\nconst alertText = await evaluation.checkAlert();\nutilFun.assertEql(alertText, 'Request is send successfully.');",
              "err": {},
              "uuid": "aab59b1f-32f1-43b3-89cd-c446f24e566f",
              "parentUUID": "9d29c220-9562-4004-b1dc-bdcd26a7f291",
              "isHook": false,
              "skipped": false
            },
            {
              "title": "should able to give a review",
              "fullTitle": "Retention Base Evaluations should able to give a review",
              "timedOut": false,
              "duration": 12362,
              "state": "passed",
              "speed": "slow",
              "pass": true,
              "fail": false,
              "pending": false,
              "context": null,
              "code": "const query = [\n  `UPDATE employees SET \"departmentId\" = 9 WHERE id = 9474;`,\n  `UPDATE employees SET \"designationId\" = 83 WHERE id = 9474;`,\n  `UPDATE employees SET \"designation\" = 'Head of Engineering' WHERE id = 9474;`,\n];\nawait utilFun.udpateDatabase(query);\nawait utilFun.refresh();\nawait evaluation.clickFilterButton();\nawait evaluation.searchName('James Salinas');\nawait utilFun.wait(1000);\nconst name = await evaluation.getResourseName();\nutilFun.assertEql(name, 'James Salinas');\nawait evaluation.clickSeeFeedback();\nawait utilFun.wait(1000);\nawait evaluation.clickSubmittedReview();\nawait utilFun.wait(1000);\nawait evaluation.clickAddFeedback();\n// await feedbackForm.enterDate('03092023');\nawait feedbackForm.selectFeedbackDuration('6 Months');\nawait feedbackForm.selectNextReviewType('Annual');\nawait feedbackForm.selectRevisedDesignation('Software Engineer');\nawait feedbackForm.typeIncreament('200000');\nawait feedbackForm.typeDescription('testingggg');\nawait feedbackForm.clickSubmit();\nconst alertText = await evaluation.checkAlert();\nutilFun.assertEql(alertText, 'Increment status is updated successfully');",
              "err": {},
              "uuid": "bb37f582-a95b-4c72-8045-a193e1f56243",
              "parentUUID": "9d29c220-9562-4004-b1dc-bdcd26a7f291",
              "isHook": false,
              "skipped": false
            },
            {
              "title": "should able to edit review form",
              "fullTitle": "Retention Base Evaluations should able to edit review form",
              "timedOut": false,
              "duration": 9597,
              "state": "passed",
              "speed": "slow",
              "pass": true,
              "fail": false,
              "pending": false,
              "context": null,
              "code": "await evaluation.clickFilterButton();\nawait evaluation.searchName('James Salinas');\nawait utilFun.wait(1000);\nconst name = await evaluation.getResourseName();\nutilFun.assertEql(name, 'James Salinas');\nawait evaluation.clickEditForm();\nawait utilFun.wait(1000);\n// await feedbackForm.enterDate('03102023');\nawait feedbackForm.selectFeedbackDuration('3 Months');\nawait feedbackForm.selectNextReviewType('Annual');\nawait feedbackForm.selectRevisedDesignation('Software Engineer');\nawait feedbackForm.typeIncreament('200000');\nawait feedbackForm.typeDescription('updated');\nawait feedbackForm.clickSubmit();\nconst alertText = await evaluation.checkAlert();\nutilFun.assertEql(alertText, 'Increment status is updated successfully');",
              "err": {},
              "uuid": "07a069cc-4e8e-4f19-9c41-fe9679ac53de",
              "parentUUID": "9d29c220-9562-4004-b1dc-bdcd26a7f291",
              "isHook": false,
              "skipped": false
            },
            {
              "title": "should able to defer review",
              "fullTitle": "Retention Base Evaluations should able to defer review",
              "timedOut": false,
              "duration": 6959,
              "state": "passed",
              "speed": "slow",
              "pass": true,
              "fail": false,
              "pending": false,
              "context": null,
              "code": "const query = [\n  `UPDATE employees SET \"designation\" = 'HR' WHERE id = 9474;`,\n  `UPDATE employees SET \"departmentId\" = 7 WHERE id = 9474;`,\n  `UPDATE employees SET \"designationId\" = 77 WHERE id = 9474;`,\n];\nawait utilFun.udpateDatabase(query);\nawait utilFun.refresh();\nawait evaluation.clickFilterButton();\nawait evaluation.searchName('James Salinas');\nawait utilFun.wait(1000);\nconst name = await evaluation.getResourseName();\nutilFun.assertEql(name, 'James Salinas');\nawait evaluation.clickDefer();\nawait evaluation.clickDeferType();\nawait utilFun.wait(1000);\nawait evaluation.selectDeferType('2 Weeks');\nawait evaluation.typeDeferReason('testing');\nawait evaluation.clickSubmitBtn();\nconst alertText = await evaluation.checkAlert();\nutilFun.assertEql(alertText, 'Increment status is updated successfully');",
              "err": {},
              "uuid": "98eb9d4e-5a7e-4e0b-9a9c-f5f70975a222",
              "parentUUID": "9d29c220-9562-4004-b1dc-bdcd26a7f291",
              "isHook": false,
              "skipped": false
            },
            {
              "title": "should able to complete review",
              "fullTitle": "Retention Base Evaluations should able to complete review",
              "timedOut": false,
              "duration": 10287,
              "state": "passed",
              "speed": "slow",
              "pass": true,
              "fail": false,
              "pending": false,
              "context": null,
              "code": "const query = [\n  `UPDATE employees SET \"designation\" = 'HR' WHERE id = 9474;`,\n  `UPDATE employees SET \"departmentId\" = 7 WHERE id = 9474;`,\n  `UPDATE employees SET \"designationId\" = 77 WHERE id = 9474;`,\n  `UPDATE employee_evaluations SET \"processType\" = NULL WHERE id = 26;`,\n  `UPDATE employee_evaluations SET \"reasonForDefer\" = NULL WHERE id = 26;`,\n  `UPDATE employee_evaluations SET \"processDate\" = NULL WHERE id = 26;`,\n];\nawait utilFun.udpateDatabase(query);\nawait utilFun.refresh();\nawait evaluation.clickFilterButton();\nawait evaluation.searchName('James Salinas');\nawait utilFun.wait(1000);\nconst name = await evaluation.getResourseName();\nutilFun.assertEql(name, 'James Salinas');\nawait evaluation.clickComplete();\nawait feedbackForm.enterDate('03102023');\nawait feedbackForm.selectFeedbackDuration('3 Months');\nawait feedbackForm.selectNextReviewType('Annual');\nawait feedbackForm.selectRevisedDesignation('Software Engineer');\nawait feedbackForm.typeIncreament('200000');\nawait feedbackForm.clickSubmit();\nconst alertText = await evaluation.checkAlert();\nutilFun.assertEql(alertText, 'Increment status is updated successfully');",
              "err": {},
              "uuid": "b841048b-c191-425b-9f89-331c72b1c745",
              "parentUUID": "9d29c220-9562-4004-b1dc-bdcd26a7f291",
              "isHook": false,
              "skipped": false
            }
          ],
          "suites": [],
          "passes": [
            "ffd76149-d9ba-4200-89b9-c9358bbd2383",
            "0e8e8b15-becd-41de-83bd-67260d5f5083",
            "ae65c8fa-a58e-45db-a39f-a5bc69b4e641",
            "a44906a3-8577-4a51-9082-60677780c047",
            "a17cbc17-16f3-46d6-a3dc-5e682e85d0bb",
            "27059396-3a55-4a7f-ad57-f022ff72c7b6",
            "c18768f5-29b4-4171-8aad-00ca3ae7df75",
            "3db32df4-6fb4-44b5-8009-ab2d479c9386",
            "4bb083ab-e952-49ee-8df8-7adde72f17ed",
            "0342bda2-f4e7-4981-b76a-03a311048d16",
            "aab59b1f-32f1-43b3-89cd-c446f24e566f",
            "bb37f582-a95b-4c72-8045-a193e1f56243",
            "07a069cc-4e8e-4f19-9c41-fe9679ac53de",
            "98eb9d4e-5a7e-4e0b-9a9c-f5f70975a222",
            "b841048b-c191-425b-9f89-331c72b1c745"
          ],
          "failures": [],
          "pending": [],
          "skipped": [],
          "duration": 89814,
          "root": false,
          "rootEmpty": false,
          "_timeout": 100000
        },
        {
          "uuid": "b21d296e-b081-4d98-85df-6ce98f271ad7",
          "title": "Evaluations History",
          "fullFile": "/home/devops/invohub/resource-engagement/test/e2e/evaluation/spec_4_history.js",
          "file": "/test/e2e/evaluation/spec_4_history.js",
          "beforeHooks": [
            {
              "title": "\"before all\" hook in \"Evaluations History\"",
              "fullTitle": "Evaluations History \"before all\" hook in \"Evaluations History\"",
              "timedOut": false,
              "duration": 9371,
              "state": null,
              "speed": null,
              "pass": false,
              "fail": false,
              "pending": false,
              "context": null,
              "code": "await utilFun.loginAccount()\nconst url = await utilFun.getUrl();\nassert.equal(url, baseUrl + '/home');\nlet query = [\n  `UPDATE employee_evaluations SET \"processType\" = 'COMPLETE' WHERE id = 26;`,\n  `DELETE FROM employee_evaluations WHERE \"employeeId\" = 9742 AND \"incrementType\" = 'designation';`,\n  `UPDATE employee_evaluations SET \"processDate\" = '2023-03-28 17:32:33.501+05' WHERE id = 26;`,\n];\nawait utilFun.udpateDatabase(query);",
              "err": {},
              "uuid": "c221a659-fe72-4699-a262-e549ae55d190",
              "parentUUID": "b21d296e-b081-4d98-85df-6ce98f271ad7",
              "isHook": true,
              "skipped": false
            },
            {
              "title": "\"before each\" hook in \"Evaluations History\"",
              "fullTitle": "Evaluations History \"before each\" hook in \"Evaluations History\"",
              "timedOut": false,
              "duration": 4329,
              "state": null,
              "speed": null,
              "pass": false,
              "fail": false,
              "pending": false,
              "context": null,
              "code": "await utilFun.visit(baseUrl + '/evaluation-history');\nawait utilFun.wait(4000);",
              "err": {},
              "uuid": "9987abf7-fb2e-4f37-9d74-23a5410efe2c",
              "parentUUID": "b21d296e-b081-4d98-85df-6ce98f271ad7",
              "isHook": true,
              "skipped": false
            }
          ],
          "afterHooks": [],
          "tests": [
            {
              "title": "should check if evaluations history is showing",
              "fullTitle": "Evaluations History should check if evaluations history is showing",
              "timedOut": false,
              "duration": 41,
              "state": "passed",
              "speed": "medium",
              "pass": true,
              "fail": false,
              "pending": false,
              "context": null,
              "code": "let obj = await evaluation.getAllPendingResourses();\nassert(obj.length > 0, `No Evaluation Found`);",
              "err": {},
              "uuid": "88cde3b9-9724-40f4-ac12-01cba8f8db93",
              "parentUUID": "b21d296e-b081-4d98-85df-6ce98f271ad7",
              "isHook": false,
              "skipped": false
            },
            {
              "title": "should able to filter resoures by name",
              "fullTitle": "Evaluations History should able to filter resoures by name",
              "timedOut": false,
              "duration": 2148,
              "state": "passed",
              "speed": "slow",
              "pass": true,
              "fail": false,
              "pending": false,
              "context": null,
              "code": "await evaluation.clickFilterButton();\nawait evaluation.searchName('James Salinas');\nawait utilFun.wait(1000);\nconst name = await evaluation.getResourseName();\nutilFun.assertEql(name, 'James Salinas');",
              "err": {},
              "uuid": "96fa1d45-8101-4d20-8550-50379ec1671b",
              "parentUUID": "b21d296e-b081-4d98-85df-6ce98f271ad7",
              "isHook": false,
              "skipped": false
            },
            {
              "title": "should able to check review is completed",
              "fullTitle": "Evaluations History should able to check review is completed",
              "timedOut": false,
              "duration": 2104,
              "state": "passed",
              "speed": "slow",
              "pass": true,
              "fail": false,
              "pending": false,
              "context": null,
              "code": "await evaluation.clickFilterButton();\nawait evaluation.searchName('James Salinas');\nawait utilFun.wait(1000);\nconst name = await evaluation.checkProcessState()\nutilFun.assertEql(name, 'Complete');",
              "err": {},
              "uuid": "09e713bc-045d-42c1-a518-7df5e5e119ac",
              "parentUUID": "b21d296e-b081-4d98-85df-6ce98f271ad7",
              "isHook": false,
              "skipped": false
            },
            {
              "title": "should able to filter resoures by Review Type",
              "fullTitle": "Evaluations History should able to filter resoures by Review Type",
              "timedOut": false,
              "duration": 1656,
              "state": "passed",
              "speed": "slow",
              "pass": true,
              "fail": false,
              "pending": false,
              "context": null,
              "code": "await evaluation.clickFilterButton();\nawait evaluation.selectReviewType('Annual');\nconst valuesCount = await evaluation.checkValues();\nutilFun.assertEql(valuesCount, 1);",
              "err": {},
              "uuid": "ed03e06c-0954-4012-a0b3-eaaf84be7cfa",
              "parentUUID": "b21d296e-b081-4d98-85df-6ce98f271ad7",
              "isHook": false,
              "skipped": false
            },
            {
              "title": "should able to filter resoures by Last Increment",
              "fullTitle": "Evaluations History should able to filter resoures by Last Increment",
              "timedOut": false,
              "duration": 1681,
              "state": "passed",
              "speed": "slow",
              "pass": true,
              "fail": false,
              "pending": false,
              "context": null,
              "code": "await evaluation.clickFilterButton();\nawait evaluation.selectLastIncrement('N/A');\nconst valuesCount = await evaluation.checkValues();\nutilFun.assertEql(valuesCount, 1);",
              "err": {},
              "uuid": "4eeacf59-e9e7-4a85-abf9-87b17fddff40",
              "parentUUID": "b21d296e-b081-4d98-85df-6ce98f271ad7",
              "isHook": false,
              "skipped": false
            },
            {
              "title": "should able to  copy email from options",
              "fullTitle": "Evaluations History should able to  copy email from options",
              "timedOut": false,
              "duration": 4184,
              "state": "passed",
              "speed": "slow",
              "pass": true,
              "fail": false,
              "pending": false,
              "context": null,
              "code": "await evaluation.clickFilterButton();\nawait evaluation.searchName('James Salinas');\nawait utilFun.wait(1000);\nconst name = await evaluation.getResourseName();\nutilFun.assertEql(name, 'James Salinas');\nawait evaluation.clickOptionBtn();\nawait utilFun.wait(1000);\nawait evaluation.selectOption('Copy Email');\nconst alertText = await evaluation.checkAlert();\nutilFun.assertEql(alertText, 'Email address is copied');",
              "err": {},
              "uuid": "5f8a6d1c-ab5d-4fd0-a312-2035d708b481",
              "parentUUID": "b21d296e-b081-4d98-85df-6ce98f271ad7",
              "isHook": false,
              "skipped": false
            },
            {
              "title": "should able to Send Email from options",
              "fullTitle": "Evaluations History should able to Send Email from options",
              "timedOut": false,
              "duration": 7628,
              "state": "passed",
              "speed": "slow",
              "pass": true,
              "fail": false,
              "pending": false,
              "context": null,
              "code": "await evaluation.clickFilterButton();\nawait evaluation.searchName('James Salinas');\nawait utilFun.wait(1000);\nconst name = await evaluation.getResourseName();\nutilFun.assertEql(name, 'James Salinas');\nawait evaluation.clickOptionBtn();\nawait utilFun.wait(1000);\nawait evaluation.selectOption('Send Email');\nawait utilFun.wait(1000);\nawait utilFun.switchWindow(1);\nawait utilFun.wait(3000);\nconst url = await utilFun.getUrl();\nassert.equal(url, 'https://mail.google.com/mail/u/0/?fs=1&tf=cm&to=james@robot-mail.com');\nawait utilFun.closeCurrentTab();\nawait utilFun.switchWindow(0);",
              "err": {},
              "uuid": "bd65dc56-e9c7-4ee6-8ed7-6b48551eb0a1",
              "parentUUID": "b21d296e-b081-4d98-85df-6ce98f271ad7",
              "isHook": false,
              "skipped": false
            },
            {
              "title": "should able to Open Slack DM from options",
              "fullTitle": "Evaluations History should able to Open Slack DM from options",
              "timedOut": false,
              "duration": 7683,
              "state": "passed",
              "speed": "slow",
              "pass": true,
              "fail": false,
              "pending": false,
              "context": null,
              "code": "await evaluation.clickFilterButton();\nawait evaluation.searchName('James Salinas');\nawait utilFun.wait(1000);\nconst name = await evaluation.getResourseName();\nutilFun.assertEql(name, 'James Salinas');\nawait evaluation.clickOptionBtn();\nawait utilFun.wait(1000);\nawait evaluation.selectOption('Open Slack DM');\nawait utilFun.wait(1000);\nawait utilFun.switchWindow(1);\nawait utilFun.wait(3000);\nconst url = await utilFun.getUrl();\nassert.equal(url, 'https://invozone.slack.com/?redir=%2Fapp_redirect%3Fchannel%3Dundefined');\nawait utilFun.closeCurrentTab();\nawait utilFun.switchWindow(0);",
              "err": {},
              "uuid": "5dc94661-0fcb-491c-82cc-b0aa899a230b",
              "parentUUID": "b21d296e-b081-4d98-85df-6ce98f271ad7",
              "isHook": false,
              "skipped": false
            },
            {
              "title": "should able to see Email from options",
              "fullTitle": "Evaluations History should able to see Email from options",
              "timedOut": false,
              "duration": 7319,
              "state": "passed",
              "speed": "slow",
              "pass": true,
              "fail": false,
              "pending": false,
              "context": null,
              "code": "await evaluation.clickFilterButton();\nawait evaluation.searchName('James Salinas');\nawait utilFun.wait(1000);\nconst name = await evaluation.getResourseName();\nutilFun.assertEql(name, 'James Salinas');\nawait evaluation.clickOptionBtn();\nawait utilFun.wait(1000);\nawait evaluation.selectOption('See Email');\nawait utilFun.wait(4000);\nconst email = await evaluation.copyEmail();\nassert.equal(email, 'Email: james@robot-mail.com');",
              "err": {},
              "uuid": "e2ece066-f480-457b-8e6c-8e1a98d8c227",
              "parentUUID": "b21d296e-b081-4d98-85df-6ce98f271ad7",
              "isHook": false,
              "skipped": false
            },
            {
              "title": "should able to copy Phone Number from options",
              "fullTitle": "Evaluations History should able to copy Phone Number from options",
              "timedOut": false,
              "duration": 7131,
[...]
              "err": {},
              "uuid": "6eb78cef-2b4a-4f61-b4bc-5eb67a33b97a",
              "parentUUID": "cf9929ff-59c8-4ced-96db-cb834629cdb7",
              "isHook": false,
              "skipped": false
            },
            {
              "title": "Should verify if resource offBoarding is showning or not",
              "fullTitle": "Resource Offboarding Should verify if resource offBoarding is showning or not",
              "timedOut": false,
              "duration": 3457,
              "state": "passed",
              "speed": "slow",
              "pass": true,
              "fail": false,
              "pending": false,
              "context": null,
              "code": "await utilFun.visit(baseUrl + '/resource-offboardings');\nawait utilFun.waitForPageLoad()\nawait resources.clickFilterBtn()\nawait resources.searchName('Steve')\nconst names = await resources.getResourceNameTag();\nassert.ok(names.includes('Steve'), `Expected text not found.`);\nconst row = await resourceOffBoarding.getRowText();\nassert.ok(row.includes('Resignation'), `Expected text not found.`);",
              "err": {},
              "uuid": "ab0394b9-8401-40ba-b795-27ee6c7f45fd",
              "parentUUID": "cf9929ff-59c8-4ced-96db-cb834629cdb7",
              "isHook": false,
              "skipped": false
            },
            {
              "title": "should able to OffBoard Resource by Resignation Pending Discussion",
              "fullTitle": "Resource Offboarding should able to OffBoard Resource by Resignation Pending Discussion",
              "timedOut": false,
              "duration": 9793,
              "state": "passed",
              "speed": "slow",
              "pass": true,
              "fail": false,
              "pending": false,
              "context": null,
              "code": "let resourceId = await utilFun.getFromDatabase(`SELECT id FROM employees WHERE \"email\" = 'steve@email.com';`)\nif(resourceId.rowCount !== 0){\nlet query = [\n  `DELETE FROM \"boarding_requests\" WHERE \"employeeId\" = ${resourceId.rows[0].id};`,\n  `UPDATE employees SET \"noticeDate\" = NULL WHERE id = ${resourceId.rows[0].id};`,\n  `UPDATE employees SET \"noticeEndDate\" = NULL WHERE id = ${resourceId.rows[0].id};`,\n  `UPDATE employees SET \"jobStatus\" = 'Permanent' WHERE id = ${resourceId.rows[0].id};`,\n  `UPDATE employees SET \"reasonForDeactivation\" = NULL WHERE id = ${resourceId.rows[0].id};`,\n];\nawait utilFun.udpateDatabase(query);\n}\nawait utilFun.visit(baseUrl + '/resources');\nawait utilFun.waitForPageLoad()\nawait resources.clickFilterBtn()\nawait resources.searchName('Steve')\nconst names = await resources.getResourceNameTag();\nassert.ok(names.includes('Steve'), `Expected text not found.`);\nawait resourceOffBoarding.clickOptionBtn();\nawait resourceOffBoarding.selectOption('Offboard Resource');\nawait resourceOffBoarding.clickOkBtn()\nawait resourceOffBoarding.selectOffBoardingStatus('Resignation')\nawait resourceOffBoarding.setEffectiveDate('13112023')\nawait resourceOffBoarding.clickOkBtn()\nconst alertText = await utilFun.checkAlert();\nassert.equal(alertText, 'Resource job status is updated and email has been sent to PM & HOD!!');",
              "err": {},
              "uuid": "62f8a691-a315-4b9a-b8f8-14ce03a5af8d",
              "parentUUID": "cf9929ff-59c8-4ced-96db-cb834629cdb7",
              "isHook": false,
              "skipped": false
            },
            {
              "title": "Should verify if resource offBoarding is showning or not",
              "fullTitle": "Resource Offboarding Should verify if resource offBoarding is showning or not",
              "timedOut": false,
              "duration": 3649,
              "state": "passed",
              "speed": "slow",
              "pass": true,
              "fail": false,
              "pending": false,
              "context": null,
              "code": "await utilFun.visit(baseUrl + '/resource-offboardings');\nawait utilFun.waitForPageLoad()\nawait resources.clickFilterBtn()\nawait resources.searchName('Steve')\nconst names = await resources.getResourceNameTag();\nassert.ok(names.includes('Steve'), `Expected text not found.`);\nconst row = await resourceOffBoarding.getRowText();\nassert.ok(row.includes('Resignation'), `Expected text not found.`);",
              "err": {},
              "uuid": "0ae17c47-099b-4bfd-9815-7f92f57f4e33",
              "parentUUID": "cf9929ff-59c8-4ced-96db-cb834629cdb7",
              "isHook": false,
              "skipped": false
            },
            {
              "title": "Should able to approve Pending resource offBoarding",
              "fullTitle": "Resource Offboarding Should able to approve Pending resource offBoarding",
              "timedOut": false,
              "duration": 4736,
              "state": "passed",
              "speed": "slow",
              "pass": true,
              "fail": false,
              "pending": false,
              "context": null,
              "code": "await utilFun.visit(baseUrl + '/upcoming-offboardings');\nawait utilFun.waitForPageLoad()\nawait resources.clickFilterBtn()\nawait resources.searchName('Steve')\nconst names = await resources.getResourceNameTag();\nassert.ok(names.includes('Steve'), `Expected text not found.`);\nconst row = await resourceOffBoarding.getRowText();\nassert.ok(row.includes('Resignation'), `Expected text not found.`);\nawait resourceOffBoarding.selectOffBoardingResponse('Approved')\nawait resourceOffBoarding.setLastDate('14122023')\nawait resourceOffBoarding.clickUpdateBtn()\nconst alertText = await utilFun.checkAlert();\nassert.equal(alertText, 'Resignation request has been approved succesfully!');\nawait resourceOffBoarding.confirmApproveStatus()",
              "err": {},
              "uuid": "3915ca9f-c19d-451c-9950-65c2f24864b0",
              "parentUUID": "cf9929ff-59c8-4ced-96db-cb834629cdb7",
              "isHook": false,
              "skipped": false
            },
            {
              "title": "Should able to Reject Pending resource offBoarding",
              "fullTitle": "Resource Offboarding Should able to Reject Pending resource offBoarding",
              "timedOut": false,
              "duration": 4581,
              "state": "passed",
              "speed": "slow",
              "pass": true,
              "fail": false,
              "pending": false,
              "context": null,
              "code": "let resourceId = await utilFun.getFromDatabase(`SELECT id FROM employees WHERE \"email\" = 'steve@email.com';`)\nif(resourceId.rowCount !== 0){\nlet query = [\n  `UPDATE boarding_requests SET \"status\" = 'PENDING' WHERE \"employeeId\" = ${resourceId.rows[0].id};`,\n  `UPDATE boarding_requests SET \"noticeEndDate\" = NULL WHERE \"employeeId\" = ${resourceId.rows[0].id};`,\n  `UPDATE boarding_requests SET \"deletedAt\" = NULL WHERE \"employeeId\" = ${resourceId.rows[0].id};`,\n  `UPDATE employees SET \"noticeEndDate\" = NULL WHERE id = ${resourceId.rows[0].id};`,\n  `UPDATE employees SET \"reasonForDeactivation\" = NULL WHERE id = ${resourceId.rows[0].id};`,\n];\nawait utilFun.udpateDatabase(query);\n}\nawait utilFun.visit(baseUrl + '/upcoming-offboardings');\nawait utilFun.waitForPageLoad()\nawait resources.clickFilterBtn()\nawait resources.searchName('Steve')\nconst names = await resources.getResourceNameTag();\nassert.ok(names.includes('Steve'), `Expected text not found.`);\nconst row = await resourceOffBoarding.getRowText();\nassert.ok(row.includes('Resignation'), `Expected text not found.`);\nawait resourceOffBoarding.selectOffBoardingResponse('Rejected')\nawait resourceOffBoarding.enterReason('testing')\nawait resourceOffBoarding.clickUpdateBtn()\nconst alertText = await utilFun.checkAlert();\nassert.equal(alertText, 'Resignation request has been rejected succesfully!');\nawait resourceOffBoarding.confirmRejectStatus()",
              "err": {},
              "uuid": "a64d6eb4-2149-4845-92d9-0d306d4e6db9",
              "parentUUID": "cf9929ff-59c8-4ced-96db-cb834629cdb7",
              "isHook": false,
              "skipped": false
            },
            {
              "title": "should able to OffBoard Resource by Termination",
              "fullTitle": "Resource Offboarding should able to OffBoard Resource by Termination",
              "timedOut": false,
              "duration": 10061,
              "state": "passed",
              "speed": "slow",
              "pass": true,
              "fail": false,
              "pending": false,
              "context": null,
              "code": "let resourceId = await utilFun.getFromDatabase(`SELECT id FROM employees WHERE \"email\" = 'steve@email.com';`)\nif(resourceId.rowCount !== 0){\nlet query = [\n  `DELETE FROM \"boarding_requests\" WHERE \"employeeId\" = ${resourceId.rows[0].id};`,\n  `UPDATE employees SET \"noticeDate\" = NULL WHERE id = ${resourceId.rows[0].id};`,\n  `UPDATE employees SET \"noticeEndDate\" = NULL WHERE id = ${resourceId.rows[0].id};`,\n  `UPDATE employees SET \"jobStatus\" = 'Permanent' WHERE id = ${resourceId.rows[0].id};`,\n  `UPDATE employees SET \"reasonForDeactivation\" = NULL WHERE id = ${resourceId.rows[0].id};`,\n];\nawait utilFun.udpateDatabase(query);\n}\nawait utilFun.visit(baseUrl + '/resources');\nawait utilFun.waitForPageLoad()\nawait resources.clickFilterBtn()\nawait resources.searchName('Steve')\nconst names = await resources.getResourceNameTag();\nassert.ok(names.includes('Steve'), `Expected text not found.`);\nawait resourceOffBoarding.clickOptionBtn();\nawait resourceOffBoarding.selectOption('Offboard Resource');\nawait resourceOffBoarding.clickOkBtn()\nawait resourceOffBoarding.selectOffBoardingStatus('Termination')\nawait resourceOffBoarding.enterReason('testing')\nawait resourceOffBoarding.setEffectiveDate('13112023')\nawait resourceOffBoarding.setConntractEndDate('14122023')\nawait resourceOffBoarding.clickOkBtn()\nconst alertText = await utilFun.checkAlert();\nassert.equal(alertText, 'Termination request has been approved succesfully!');",
              "err": {},
              "uuid": "a4589368-7d10-45a1-8f82-9b501a8c93d0",
              "parentUUID": "cf9929ff-59c8-4ced-96db-cb834629cdb7",
              "isHook": false,
              "skipped": false
            },
            {
              "title": "Should verify if resource offBoarding is showning or not",
              "fullTitle": "Resource Offboarding Should verify if resource offBoarding is showning or not",
              "timedOut": false,
              "duration": 3420,
              "state": "passed",
              "speed": "slow",
              "pass": true,
              "fail": false,
              "pending": false,
              "context": null,
              "code": "await utilFun.visit(baseUrl + '/resource-offboardings');\nawait utilFun.waitForPageLoad()\nawait resources.clickFilterBtn()\nawait resources.searchName('Steve')\nconst names = await resources.getResourceNameTag();\nassert.ok(names.includes('Steve'), `Expected text not found.`);\nconst row = await resourceOffBoarding.getRowText();\nassert.ok(row.includes('Termination'), `Expected text not found.`);\nawait resourceOffBoarding.confirmApproveStatus()",
              "err": {},
              "uuid": "a82bd5a0-b8dc-49f3-abc8-ebf0147bab42",
              "parentUUID": "cf9929ff-59c8-4ced-96db-cb834629cdb7",
              "isHook": false,
              "skipped": false
            },
            {
              "title": "Should verify if resource upcoming offBoarding is showning or not",
              "fullTitle": "Resource Offboarding Should verify if resource upcoming offBoarding is showning or not",
              "timedOut": false,
              "duration": 3509,
              "state": "passed",
              "speed": "slow",
              "pass": true,
              "fail": false,
              "pending": false,
              "context": null,
              "code": "await utilFun.visit(baseUrl + '/upcoming-offboardings');\nawait utilFun.waitForPageLoad()\nawait resources.clickFilterBtn()\nawait resources.searchName('Steve')\nconst names = await resources.getResourceNameTag();\nassert.ok(names.includes('Steve'), `Expected text not found.`);\nconst row = await resourceOffBoarding.getRowText();\nassert.ok(row.includes('Termination'), `Expected text not found.`);\nawait resourceOffBoarding.confirmApproveStatus()",
              "err": {},
              "uuid": "bf2864ea-2e78-4ee4-939b-1c831417bd31",
              "parentUUID": "cf9929ff-59c8-4ced-96db-cb834629cdb7",
              "isHook": false,
              "skipped": false
            },
            {
              "title": "should able to OffBoard Resource by End of Service",
              "fullTitle": "Resource Offboarding should able to OffBoard Resource by End of Service",
              "timedOut": false,
              "duration": 10270,
              "state": "passed",
              "speed": "slow",
              "pass": true,
              "fail": false,
              "pending": false,
              "context": null,
              "code": "let resourceId = await utilFun.getFromDatabase(`SELECT id FROM employees WHERE \"email\" = 'steve@email.com';`)\nif(resourceId.rowCount !== 0){\nlet query = [\n  `DELETE FROM \"boarding_requests\" WHERE \"employeeId\" = ${resourceId.rows[0].id};`,\n  `UPDATE employees SET \"noticeDate\" = NULL WHERE id = ${resourceId.rows[0].id};`,\n  `UPDATE employees SET \"noticeEndDate\" = NULL WHERE id = ${resourceId.rows[0].id};`,\n  `UPDATE employees SET \"jobStatus\" = 'Permanent' WHERE id = ${resourceId.rows[0].id};`,\n  `UPDATE employees SET \"reasonForDeactivation\" = NULL WHERE id = ${resourceId.rows[0].id};`,\n];\nawait utilFun.udpateDatabase(query);\n}\nawait utilFun.visit(baseUrl + '/resources');\nawait utilFun.waitForPageLoad()\nawait resources.clickFilterBtn()\nawait resources.searchName('Steve')\nconst names = await resources.getResourceNameTag();\nassert.ok(names.includes('Steve'), `Expected text not found.`);\nawait resourceOffBoarding.clickOptionBtn();\nawait resourceOffBoarding.selectOption('Offboard Resource');\nawait resourceOffBoarding.clickOkBtn()\nawait resourceOffBoarding.selectOffBoardingStatus('End of Service')\nawait resourceOffBoarding.enterReason('testing')\nawait resourceOffBoarding.setEffectiveDate('13112023')\nawait resourceOffBoarding.setConntractEndDate('14122023')\nawait resourceOffBoarding.clickOkBtn()\nconst alertText = await utilFun.checkAlert();\nassert.equal(alertText, 'End of Service request has been approved succesfully!');",
              "err": {},
              "uuid": "d5cb8994-c7a7-46ca-87e5-71fae8adc8bd",
              "parentUUID": "cf9929ff-59c8-4ced-96db-cb834629cdb7",
              "isHook": false,
              "skipped": false
            },
            {
              "title": "Should verify if resource offBoarding is showning or not",
              "fullTitle": "Resource Offboarding Should verify if resource offBoarding is showning or not",
              "timedOut": false,
              "duration": 3609,
              "state": "passed",
              "speed": "slow",
              "pass": true,
              "fail": false,
              "pending": false,
              "context": null,
              "code": "await utilFun.visit(baseUrl + '/resource-offboardings');\nawait utilFun.waitForPageLoad()\nawait resources.clickFilterBtn()\nawait resources.searchName('Steve')\nconst names = await resources.getResourceNameTag();\nassert.ok(names.includes('Steve'), `Expected text not found.`);\nconst row = await resourceOffBoarding.getRowText();\nassert.ok(row.includes('End of Service'), `Expected text not found.`);\nawait resourceOffBoarding.confirmApproveStatus()",
              "err": {},
              "uuid": "f22f9b5e-b64c-4cec-bc06-797beee66fbf",
              "parentUUID": "cf9929ff-59c8-4ced-96db-cb834629cdb7",
              "isHook": false,
              "skipped": false
            },
            {
              "title": "Should verify if resource upcoming offBoarding is showning or not",
              "fullTitle": "Resource Offboarding Should verify if resource upcoming offBoarding is showning or not",
              "timedOut": false,
              "duration": 3343,
              "state": "passed",
              "speed": "slow",
              "pass": true,
              "fail": false,
              "pending": false,
              "context": null,
              "code": "await utilFun.visit(baseUrl + '/upcoming-offboardings');\nawait utilFun.waitForPageLoad()\nawait resources.clickFilterBtn()\nawait resources.searchName('Steve')\nconst names = await resources.getResourceNameTag();\nassert.ok(names.includes('Steve'), `Expected text not found.`);\nconst row = await resourceOffBoarding.getRowText();\nassert.ok(row.includes('End of Service'), `Expected text not found.`);\nawait resourceOffBoarding.confirmApproveStatus()",
              "err": {},
              "uuid": "c5aaf1cd-7e01-4eeb-9b03-0633c5e31062",
              "parentUUID": "cf9929ff-59c8-4ced-96db-cb834629cdb7",
              "isHook": false,
              "skipped": false
            }
          ],
          "suites": [],
          "passes": [
            "6eb78cef-2b4a-4f61-b4bc-5eb67a33b97a",
            "ab0394b9-8401-40ba-b795-27ee6c7f45fd",
            "62f8a691-a315-4b9a-b8f8-14ce03a5af8d",
            "0ae17c47-099b-4bfd-9815-7f92f57f4e33",
            "3915ca9f-c19d-451c-9950-65c2f24864b0",
            "a64d6eb4-2149-4845-92d9-0d306d4e6db9",
            "a4589368-7d10-45a1-8f82-9b501a8c93d0",
            "a82bd5a0-b8dc-49f3-abc8-ebf0147bab42",
            "bf2864ea-2e78-4ee4-939b-1c831417bd31",
            "d5cb8994-c7a7-46ca-87e5-71fae8adc8bd",
            "f22f9b5e-b64c-4cec-bc06-797beee66fbf",
            "c5aaf1cd-7e01-4eeb-9b03-0633c5e31062"
          ],
          "failures": [],
          "pending": [],
          "skipped": [],
          "duration": 70382,
          "root": false,
          "rootEmpty": false,
          "_timeout": 100000
        }
      ],
      "passes": [],
      "failures": [],
      "pending": [],
      "skipped": [],
      "duration": 0,
      "root": true,
      "rootEmpty": true,
      "_timeout": 100000
    }
  ],
  "meta": {
    "mocha": {
      "version": "10.2.0"
    },
    "mochawesome": {
      "options": {
        "quiet": false,
        "reportFilename": "mochawesome",
        "saveHtml": true,
        "saveJson": true,
        "consoleReporter": "spec",
        "useInlineDiffs": false,
        "code": true
      },
      "version": "7.1.3"
    },
    "marge": {
      "options": {
        "reportDir": "test/report"
      },
      "version": "6.2.0"
    }
  }
}