{
  "stats": {
    "suites": 17,
    "tests": 363,
    "passes": 281,
    "pending": 1,
    "failures": 81,
    "start": "2024-01-15T06:00:43.593Z",
    "end": "2024-01-15T07:24:37.696Z",
    "duration": 5034103,
    "testsRegistered": 363,
    "passPercent": 77.62430939226519,
    "pendingPercent": 0.27548209366391185,
    "other": 0,
    "hasOther": false,
    "skipped": 0,
    "hasSkipped": false
  },
  "results": [
    {
      "uuid": "689bd8c4-c386-4b26-9c5d-abc628f4eae0",
      "title": "",
      "fullFile": "",
      "file": "",
      "beforeHooks": [],
      "afterHooks": [],
      "tests": [],
      "suites": [
        {
          "uuid": "87401e46-162b-421d-a881-8d21a66ef8dd",
          "title": "Pending Evaluations",
          "fullFile": "/home/devops/invohub/resource-engagement/test/e2e/evaluation/spec_1_pendings.js",
          "file": "/test/e2e/evaluation/spec_1_pendings.js",
          "beforeHooks": [
            {
              "title": "\"before all\" hook in \"Pending Evaluations\"",
              "fullTitle": "Pending Evaluations \"before all\" hook in \"Pending Evaluations\"",
              "timedOut": false,
              "duration": 46640,
              "state": null,
              "speed": null,
              "pass": false,
              "fail": false,
              "pending": false,
              "context": null,
              "code": "let query = [\n  `UPDATE employees SET \"email\" = 'bilal.rafaqat@invozone.de' WHERE id = 9429;`,\n  `UPDATE employees SET \"email\" = 'bilal.rafaqat@invozone.dev' WHERE id = 9474;`,\n];\nawait utilFun.udpateDatabase(query);\nawait utilFun.login(email, password);\nconst url = await utilFun.getUrl();\nassert.equal(url, baseUrl + '/home');\nlet query1 =[\n    `UPDATE employee_evaluations SET \"incrementType\" = 'annual' WHERE id = 26;`,\n    `UPDATE employee_evaluations SET \"processType\" = NULL WHERE id = 26;`,\n    `UPDATE employee_evaluations SET \"reasonForDefer\" = NULL WHERE id = 26;`,\n    `UPDATE employee_evaluations SET \"processDate\" = NULL WHERE id = 26;`,\n    `UPDATE employee_evaluations SET \"feedback\" = NULL WHERE id = 26;`,\n    `DELETE FROM employee_evaluations WHERE \"employeeId\" = 9742 AND \"incrementType\" = 'designation';`,\n    ];\n    await utilFun.udpateDatabase(query1);",
              "err": {},
              "uuid": "742ab9ce-4f75-40ed-9d67-214c4bedbfc3",
              "parentUUID": "87401e46-162b-421d-a881-8d21a66ef8dd",
              "isHook": true,
              "skipped": false
            },
            {
              "title": "\"before each\" hook in \"Pending Evaluations\"",
              "fullTitle": "Pending Evaluations \"before each\" hook in \"Pending Evaluations\"",
              "timedOut": false,
              "duration": 3373,
              "state": null,
              "speed": null,
              "pass": false,
              "fail": false,
              "pending": false,
              "context": null,
              "code": "await utilFun.visit(baseUrl + '/evaluation');\nawait utilFun.wait(3000);",
              "err": {},
              "uuid": "de8e80ad-e8d3-423c-9f06-e2edb0eecb5e",
              "parentUUID": "87401e46-162b-421d-a881-8d21a66ef8dd",
              "isHook": true,
              "skipped": false
            }
          ],
          "afterHooks": [],
          "tests": [
            {
              "title": "should check if pending evaluations are showing",
              "fullTitle": "Pending Evaluations should check if pending evaluations are showing",
              "timedOut": false,
              "duration": 43,
              "state": "passed",
              "speed": "medium",
              "pass": true,
              "fail": false,
              "pending": false,
              "context": null,
              "code": "let obj = await evaluation.getAllPendingResourses();\nassert(obj.length > 0, `No Evaluation Found`);",
              "err": {},
              "uuid": "3cb190b2-68f7-4031-8ddc-9332a4e015e4",
              "parentUUID": "87401e46-162b-421d-a881-8d21a66ef8dd",
              "isHook": false,
              "skipped": false
            },
            {
              "title": "should able to filter resoures by name",
              "fullTitle": "Pending Evaluations should able to filter resoures by name",
              "timedOut": false,
              "duration": 2254,
              "state": "passed",
              "speed": "slow",
              "pass": true,
              "fail": false,
              "pending": false,
              "context": null,
              "code": "await evaluation.clickFilterButton();\nawait evaluation.searchName('James Salinas');\nawait utilFun.wait(1000);\nconst name = await evaluation.getResourseName();\nutilFun.assertEql(name, 'James Salinas');",
              "err": {},
              "uuid": "ff09ce7f-4622-45c3-86af-a805c6497144",
              "parentUUID": "87401e46-162b-421d-a881-8d21a66ef8dd",
              "isHook": false,
              "skipped": false
            },
            {
              "title": "should able to filter resoures by Review Type",
              "fullTitle": "Pending Evaluations should able to filter resoures by Review Type",
              "timedOut": false,
              "duration": 1852,
              "state": "passed",
              "speed": "slow",
              "pass": true,
              "fail": false,
              "pending": false,
              "context": null,
              "code": "await evaluation.clickFilterButton();\nawait evaluation.selectReviewType('Annual');\nconst valuesCount = await evaluation.checkValues();\nutilFun.assertEql(valuesCount, 1);",
              "err": {},
              "uuid": "269a0a55-98ac-41ad-8804-0fff11c1913b",
              "parentUUID": "87401e46-162b-421d-a881-8d21a66ef8dd",
              "isHook": false,
              "skipped": false
            },
            {
              "title": "should able to filter resoures by Last Increment",
              "fullTitle": "Pending Evaluations should able to filter resoures by Last Increment",
              "timedOut": false,
              "duration": 1950,
              "state": "passed",
              "speed": "slow",
              "pass": true,
              "fail": false,
              "pending": false,
              "context": null,
              "code": "await evaluation.clickFilterButton();\nawait evaluation.selectLastIncrement('N/A');\nconst valuesCount = await evaluation.checkValues();\nutilFun.assertEql(valuesCount, 1);",
              "err": {},
              "uuid": "581e7bdd-e93e-4065-b9c2-6fb2576828a4",
              "parentUUID": "87401e46-162b-421d-a881-8d21a66ef8dd",
              "isHook": false,
              "skipped": false
            },
            {
              "title": "should able to  copy email from options",
              "fullTitle": "Pending Evaluations should able to  copy email from options",
              "timedOut": false,
              "duration": 6952,
              "state": "passed",
              "speed": "slow",
              "pass": true,
              "fail": false,
              "pending": false,
              "context": null,
              "code": "await evaluation.clickFilterButton();\nawait evaluation.searchName('James Salinas');\nawait utilFun.wait(1000);\nconst name = await evaluation.getResourseName();\nutilFun.assertEql(name, 'James Salinas');\nawait evaluation.clickOptionBtn();\nawait utilFun.wait(1000);\nawait evaluation.selectOption('Copy Email');\nawait utilFun.wait(3000);\nconst alertText = await evaluation.checkAlert();\nutilFun.assertEql(alertText, 'Email address is copied');",
              "err": {},
              "uuid": "bd2f37ca-6d34-4860-8c2d-381d803dc59e",
              "parentUUID": "87401e46-162b-421d-a881-8d21a66ef8dd",
              "isHook": false,
              "skipped": false
            },
            {
              "title": "should able to Send Email from options",
              "fullTitle": "Pending Evaluations should able to Send Email from options",
              "timedOut": false,
              "duration": 10256,
              "state": "passed",
              "speed": "slow",
              "pass": true,
              "fail": false,
              "pending": false,
              "context": null,
              "code": "await evaluation.clickFilterButton();\nawait evaluation.searchName('James Salinas');\nawait utilFun.wait(1000);\nconst name = await evaluation.getResourseName();\nutilFun.assertEql(name, 'James Salinas');\nawait evaluation.clickOptionBtn();\nawait utilFun.wait(1000);\nawait evaluation.selectOption('Send Email');\nawait utilFun.wait(1000);\nawait utilFun.switchWindow(1);\nawait utilFun.wait(3000);\nconst url = await utilFun.getUrl();\nassert.equal(url, 'https://mail.google.com/mail/u/0/?fs=1&tf=cm&to=james@robot-mail.com');\nawait utilFun.closeCurrentTab();\nawait utilFun.switchWindow(0);",
              "err": {},
              "uuid": "2f41f207-3bd0-4c9e-ac2a-4ea8dd6177ce",
              "parentUUID": "87401e46-162b-421d-a881-8d21a66ef8dd",
              "isHook": false,
              "skipped": false
            },
            {
              "title": "should able to Open Slack DM from options",
              "fullTitle": "Pending Evaluations should able to Open Slack DM from options",
              "timedOut": false,
              "duration": 7793,
              "state": "passed",
              "speed": "slow",
              "pass": true,
              "fail": false,
              "pending": false,
              "context": null,
              "code": "await evaluation.clickFilterButton();\nawait evaluation.searchName('James Salinas');\nawait utilFun.wait(1000);\nconst name = await evaluation.getResourseName();\nutilFun.assertEql(name, 'James Salinas');\nawait evaluation.clickOptionBtn();\nawait utilFun.wait(1000);\nawait evaluation.selectOption('Open Slack DM');\nawait utilFun.wait(1000);\nawait utilFun.switchWindow(1);\nawait utilFun.wait(3000);\nconst url = await utilFun.getUrl();\nassert.equal(url, 'https://invozone.slack.com/?redir=%2Fapp_redirect%3Fchannel%3Dundefined');\nawait utilFun.closeCurrentTab();\nawait utilFun.switchWindow(0);",
              "err": {},
              "uuid": "4c2e8476-5c64-49fe-86e0-138aeb1c2293",
              "parentUUID": "87401e46-162b-421d-a881-8d21a66ef8dd",
              "isHook": false,
              "skipped": false
            },
            {
              "title": "should able to see Email from options",
              "fullTitle": "Pending Evaluations should able to see Email from options",
              "timedOut": false,
              "duration": 6712,
              "state": "passed",
              "speed": "slow",
              "pass": true,
              "fail": false,
              "pending": false,
              "context": null,
              "code": "await evaluation.clickFilterButton();\nawait evaluation.searchName('James Salinas');\nawait utilFun.wait(1000);\nconst name = await evaluation.getResourseName();\nutilFun.assertEql(name, 'James Salinas');\nawait evaluation.clickOptionBtn();\nawait utilFun.wait(1000);\nawait evaluation.selectOption('See Email');\nawait utilFun.wait(3000);\nconst email = await evaluation.copyEmail();\nassert.equal(email, 'Email: james@robot-mail.com');",
              "err": {},
              "uuid": "44f329ae-0fbd-4d0f-b64f-2d5550c8a4bd",
              "parentUUID": "87401e46-162b-421d-a881-8d21a66ef8dd",
              "isHook": false,
              "skipped": false
            },
            {
              "title": "should able to copy Phone Number from options",
              "fullTitle": "Pending Evaluations should able to copy Phone Number from options",
              "timedOut": false,
              "duration": 7085,
              "state": "passed",
              "speed": "slow",
              "pass": true,
              "fail": false,
              "pending": false,
              "context": null,
              "code": "await evaluation.clickFilterButton();\nawait evaluation.searchName('James Salinas');\nawait utilFun.wait(1000);\nconst name = await evaluation.getResourseName();\nutilFun.assertEql(name, 'James Salinas');\nawait evaluation.clickOptionBtn();\nawait utilFun.wait(1000);\nawait evaluation.selectOption('Phone Number');\nawait utilFun.wait(3000);\nawait evaluation.copyPhoneNumber();\nconst alertText = await evaluation.checkAlert();\nassert.equal(alertText, 'Phone# is copied successfully');",
              "err": {},
              "uuid": "8c275072-61a8-4a4f-b258-3d0c29e622c5",
              "parentUUID": "87401e46-162b-421d-a881-8d21a66ef8dd",
              "isHook": false,
              "skipped": false
            },
            {
              "title": "should able to see Resource Details from options",
              "fullTitle": "Pending Evaluations should able to see Resource Details from options",
              "timedOut": false,
              "duration": 4667,
              "state": "passed",
              "speed": "slow",
              "pass": true,
              "fail": false,
              "pending": false,
              "context": null,
              "code": "await evaluation.clickFilterButton();\nawait evaluation.searchName('James Salinas');\nawait utilFun.wait(1000);\nconst name = await evaluation.getResourseName();\nutilFun.assertEql(name, 'James Salinas');\nawait evaluation.clickResource();\nawait utilFun.wait(1000);\nawait utilFun.switchWindow(1);\nawait utilFun.wait(1000);\nconst url = await utilFun.getUrl();\nassert.equal(url, 'http://localhost:3000/resource-detail/9742?tab=Basic_Information');\nawait utilFun.closeCurrentTab();\nawait utilFun.switchWindow(0);",
              "err": {},
              "uuid": "c65c04be-5c7a-428b-8e5f-5f18121c1098",
              "parentUUID": "87401e46-162b-421d-a881-8d21a66ef8dd",
              "isHook": false,
              "skipped": false
            },
            {
              "title": "should able to see employee history",
              "fullTitle": "Pending Evaluations should able to see employee history",
              "timedOut": false,
              "duration": 3426,
              "state": "passed",
              "speed": "slow",
              "pass": true,
              "fail": false,
              "pending": false,
              "context": null,
              "code": "await evaluation.clickFilterButton();\nawait evaluation.searchName('James Salinas');\nawait utilFun.wait(1000);\nconst name = await evaluation.getResourseName();\nutilFun.assertEql(name, 'James Salinas');\nawait evaluation.clickSeeFeedback();\nawait utilFun.wait(1000);\nconst title = await evaluation.checkTitle();\nutilFun.assertEql(title, 'Feedback History of James Salinas');\nawait evaluation.checkSelectedTab();",
              "err": {},
              "uuid": "a571904a-93ae-48da-b00c-52efb35b7387",
              "parentUUID": "87401e46-162b-421d-a881-8d21a66ef8dd",
              "isHook": false,
              "skipped": false
            },
            {
              "title": "should able to request a review",
              "fullTitle": "Pending Evaluations should able to request a review",
              "timedOut": false,
              "duration": 16809,
              "state": "failed",
              "speed": null,
              "pass": false,
              "fail": true,
              "pending": false,
              "context": null,
              "code": "await evaluation.clickFilterButton();\nawait evaluation.searchName('James Salinas');\nawait utilFun.wait(1000);\nconst name = await evaluation.getResourseName();\nutilFun.assertEql(name, 'James Salinas');\nawait evaluation.clickSeeFeedback();\nawait utilFun.wait(1000);\nawait evaluation.clickSubmittedReview();\nawait evaluation.clickReqReviewBtn();\nawait utilFun.wait(1000);\nawait evaluation.clickHod('Muhammad Bilal Rafaqat');\nawait evaluation.clickSendReqBtn();\nconst alertText = await evaluation.checkAlert();\nutilFun.assertEql(alertText, 'Request is send successfully.');",
              "err": {
                "message": "TimeoutError: Waiting for at least one element to be located By(css selector, button[class=\"btn btn-success\"])\nWait timed out after 10065ms",
                "estack": "TimeoutError: Waiting for at least one element to be located By(css selector, button[class=\"btn btn-success\"])\nWait timed out after 10065ms\n    at /home/devops/invohub/resource-engagement/node_modules/selenium-webdriver/lib/webdriver.js:929:17\n    at process.processTicksAndRejections (node:internal/process/task_queues:95:5)",
                "diff": null
              },
              "uuid": "3b04ceed-e80d-44f6-96c2-2cbf08876610",
              "parentUUID": "87401e46-162b-421d-a881-8d21a66ef8dd",
              "isHook": false,
              "skipped": false
            },
            {
              "title": "should able to give a review",
              "fullTitle": "Pending Evaluations should able to give a review",
              "timedOut": false,
              "duration": 13794,
              "state": "failed",
              "speed": null,
              "pass": false,
              "fail": true,
              "pending": false,
              "context": null,
              "code": "const query = [\n  `UPDATE employees SET \"departmentId\" = 9 WHERE id = 9474;`,\n  `UPDATE employees SET \"designationId\" = 83 WHERE id = 9474;`,\n  `UPDATE employees SET \"designation\" = 'Head of Engineering' WHERE id = 9474;`,\n];\nawait utilFun.udpateDatabase(query);\nawait utilFun.refresh();\nawait evaluation.clickFilterButton();\nawait evaluation.searchName('James Salinas');\nawait utilFun.wait(1000);\nconst name = await evaluation.getResourseName();\nutilFun.assertEql(name, 'James Salinas');\nawait evaluation.clickSeeFeedback();\nawait utilFun.wait(1000);\nawait evaluation.clickSubmittedReview();\nawait utilFun.wait(1000);\nawait evaluation.clickAddFeedback();\n// await feedbackForm.enterDate('03092023');\nawait feedbackForm.selectFeedbackDuration('6 Months');\nawait feedbackForm.selectNextReviewType('Annual');\nawait feedbackForm.selectRevisedDesignation('Software Engineer');\nawait feedbackForm.selectRevisedDesignationCategory('Automation');\nawait feedbackForm.typeIncreament('200000');\nawait feedbackForm.typeDescription('testingggg');\nawait feedbackForm.clickSubmit();\nconst alertText = await evaluation.checkAlert();\nutilFun.assertEql(alertText, 'Increment status is updated successfully');",
              "err": {
                "message": "TimeoutError: Waiting for element to be located By(css selector, .capitalize)\nWait timed out after 10058ms",
                "estack": "TimeoutError: Waiting for element to be located By(css selector, .capitalize)\nWait timed out after 10058ms\n    at /home/devops/invohub/resource-engagement/node_modules/selenium-webdriver/lib/webdriver.js:929:17\n    at process.processTicksAndRejections (node:internal/process/task_queues:95:5)",
                "diff": null
              },
              "uuid": "4b80ad34-5b68-404c-8c5b-bd68aa6b0599",
              "parentUUID": "87401e46-162b-421d-a881-8d21a66ef8dd",
              "isHook": false,
              "skipped": false
            },
            {
              "title": "should able to edit review form",
              "fullTitle": "Pending Evaluations should able to edit review form",
              "timedOut": false,
              "duration": 11796,
              "state": "failed",
              "speed": null,
              "pass": false,
              "fail": true,
              "pending": false,
              "context": null,
              "code": "await evaluation.clickFilterButton();\nawait evaluation.searchName('James Salinas');\nawait utilFun.wait(1000);\nconst name = await evaluation.getResourseName();\nutilFun.assertEql(name, 'James Salinas');\nawait evaluation.clickEditForm();\nawait utilFun.wait(1000);\n// await feedbackForm.enterDate('03102023');\nawait feedbackForm.selectFeedbackDuration('3 Months');\nawait feedbackForm.selectNextReviewType('Annual');\nawait feedbackForm.selectRevisedDesignation('Software Engineer');\nawait feedbackForm.typeIncreament('200000');\nawait feedbackForm.typeDescription('updated');\nawait feedbackForm.clickSubmit();\nconst alertText = await evaluation.checkAlert();\nutilFun.assertEql(alertText, 'Increment status is updated successfully');",
              "err": {
                "message": "TimeoutError: Waiting for element to be located By(css selector, .capitalize)\nWait timed out after 10081ms",
                "estack": "TimeoutError: Waiting for element to be located By(css selector, .capitalize)\nWait timed out after 10081ms\n    at /home/devops/invohub/resource-engagement/node_modules/selenium-webdriver/lib/webdriver.js:929:17\n    at process.processTicksAndRejections (node:internal/process/task_queues:95:5)",
                "diff": null
              },
              "uuid": "e719eaef-5c02-4ed3-922f-bd70b2c9c191",
              "parentUUID": "87401e46-162b-421d-a881-8d21a66ef8dd",
              "isHook": false,
              "skipped": false
            },
            {
              "title": "should able to defer review",
              "fullTitle": "Pending Evaluations should able to defer review",
              "timedOut": false,
              "duration": 7433,
              "state": "passed",
              "speed": "slow",
              "pass": true,
              "fail": false,
              "pending": false,
              "context": null,
              "code": "const query = [\n  `UPDATE employees SET \"designation\" = 'HR' WHERE id = 9474;`,\n  `UPDATE employees SET \"departmentId\" = 7 WHERE id = 9474;`,\n  `UPDATE employees SET \"designationId\" = 77 WHERE id = 9474;`,\n];\nawait utilFun.udpateDatabase(query);\nawait utilFun.refresh();\nawait evaluation.clickFilterButton();\nawait evaluation.searchName('James Salinas');\nawait utilFun.wait(1000);\nconst name = await evaluation.getResourseName();\nutilFun.assertEql(name, 'James Salinas');\nawait evaluation.clickDefer();\nawait evaluation.clickDeferType();\nawait utilFun.wait(1000);\nawait evaluation.selectDeferType('2 Weeks');\nawait evaluation.typeDeferReason('testing');\nawait evaluation.clickSubmitBtn();\nconst alertText = await evaluation.checkAlert();\nutilFun.assertEql(alertText, 'Increment status is updated successfully');",
              "err": {},
              "uuid": "836b700d-01e6-4c7f-9615-353d572e873b",
              "parentUUID": "87401e46-162b-421d-a881-8d21a66ef8dd",
              "isHook": false,
              "skipped": false
            },
            {
              "title": "should able to complete review",
              "fullTitle": "Pending Evaluations should able to complete review",
              "timedOut": false,
              "duration": 5018,
              "state": "failed",
              "speed": null,
              "pass": false,
              "fail": true,
              "pending": false,
              "context": null,
              "code": "const query = [\n  `UPDATE employees SET \"designation\" = 'HR' WHERE id = 9474;`,\n  `UPDATE employees SET \"departmentId\" = 7 WHERE id = 9474;`,\n  `UPDATE employees SET \"designationId\" = 77 WHERE id = 9474;`,\n  `UPDATE employee_evaluations SET \"processType\" = NULL WHERE id = 26;`,\n  `UPDATE employee_evaluations SET \"reasonForDefer\" = NULL WHERE id = 26;`,\n  `UPDATE employee_evaluations SET \"processDate\" = NULL WHERE id = 26;`,\n];\nawait utilFun.udpateDatabase(query);\nawait utilFun.refresh();\nawait evaluation.clickFilterButton();\nawait evaluation.searchName('James Salinas');\nawait utilFun.wait(1000);\nconst name = await evaluation.getResourseName();\nutilFun.assertEql(name, 'James Salinas');\nawait evaluation.clickComplete();\nawait feedbackForm.enterDate('03102023');\nawait feedbackForm.selectFeedbackDuration('3 Months');\nawait feedbackForm.selectNextReviewType('Annual');\nawait feedbackForm.selectRevisedDesignation('Software Engineer');\nawait feedbackForm.typeIncreament('200000');\nawait feedbackForm.clickSubmit();\nconst alertText = await evaluation.checkAlert();\nutilFun.assertEql(alertText, 'Increment status is updated successfully');",
              "err": {
                "message": "NoSuchElementError: no such element: Unable to locate element: {\"method\":\"css selector\",\"selector\":\"input[type=\"date\"]\"}\n  (Session info: headless chrome=119.0.6045.159)",
                "estack": "NoSuchElementError: no such element: Unable to locate element: {\"method\":\"css selector\",\"selector\":\"input[type=\"date\"]\"}\n  (Session info: headless chrome=119.0.6045.159)\n    at Object.throwDecodedError (node_modules/selenium-webdriver/lib/error.js:524:15)\n    at parseHttpResponse (node_modules/selenium-webdriver/lib/http.js:601:13)\n    at Executor.execute (node_modules/selenium-webdriver/lib/http.js:529:28)\n    at process.processTicksAndRejections (node:internal/process/task_queues:95:5)\n    at async thenableWebDriverProxy.execute (node_modules/selenium-webdriver/lib/webdriver.js:745:17)\n    at async toWireValue (node_modules/selenium-webdriver/lib/webdriver.js:145:15)\n    at async /home/devops/invohub/resource-engagement/node_modules/selenium-webdriver/lib/webdriver.js:195:16\n    at async forEachKey (node_modules/selenium-webdriver/lib/webdriver.js:189:9)\n    at async convertKeys (node_modules/selenium-webdriver/lib/webdriver.js:194:3)\n    at async thenableWebDriverProxy.execute (node_modules/selenium-webdriver/lib/webdriver.js:743:22)\n    at async Context.<anonymous> (test/e2e/evaluation/spec_1_pendings.js:265:5)",
                "diff": null
              },
              "uuid": "3d29e72b-a63b-4e13-9ebb-92bb90a16ec0",
              "parentUUID": "87401e46-162b-421d-a881-8d21a66ef8dd",
              "isHook": false,
              "skipped": false
            }
          ],
          "suites": [],
          "passes": [
            "3cb190b2-68f7-4031-8ddc-9332a4e015e4",
            "ff09ce7f-4622-45c3-86af-a805c6497144",
            "269a0a55-98ac-41ad-8804-0fff11c1913b",
            "581e7bdd-e93e-4065-b9c2-6fb2576828a4",
            "bd2f37ca-6d34-4860-8c2d-381d803dc59e",
            "2f41f207-3bd0-4c9e-ac2a-4ea8dd6177ce",
            "4c2e8476-5c64-49fe-86e0-138aeb1c2293",
            "44f329ae-0fbd-4d0f-b64f-2d5550c8a4bd",
            "8c275072-61a8-4a4f-b258-3d0c29e622c5",
            "c65c04be-5c7a-428b-8e5f-5f18121c1098",
            "a571904a-93ae-48da-b00c-52efb35b7387",
            "836b700d-01e6-4c7f-9615-353d572e873b"
          ],
          "failures": [
            "3b04ceed-e80d-44f6-96c2-2cbf08876610",
            "4b80ad34-5b68-404c-8c5b-bd68aa6b0599",
            "e719eaef-5c02-4ed3-922f-bd70b2c9c191",
            "3d29e72b-a63b-4e13-9ebb-92bb90a16ec0"
          ],
          "pending": [],
          "skipped": [],
          "duration": 107840,
          "root": false,
          "rootEmpty": false,
          "_timeout": 100000
        },
        {
          "uuid": "25dafbb4-e7e7-4bc0-9858-985c98522cf4",
          "title": "Performance Base Evaluations",
          "fullFile": "/home/devops/invohub/resource-engagement/test/e2e/evaluation/spec_2_performance.js",
          "file": "/test/e2e/evaluation/spec_2_performance.js",
          "beforeHooks": [
            {
              "title": "\"before all\" hook in \"Performance Base Evaluations\"",
              "fullTitle": "Performance Base Evaluations \"before all\" hook in \"Performance Base Evaluations\"",
              "timedOut": false,
              "duration": 9539,
              "state": null,
              "speed": null,
              "pass": false,
              "fail": false,
              "pending": false,
              "context": null,
              "code": "await utilFun.loginAccount()\nconst url = await utilFun.getUrl();\nassert.equal(url, baseUrl + '/home');\nlet query = [\n  `UPDATE employee_evaluations SET \"incrementType\" = 'performance' WHERE id = 26;`,\n  `UPDATE employees SET \"designation\" = 'Software Engineer' WHERE id = 9474;`,\n  `UPDATE employees SET \"departmentId\" = 9 WHERE id = 9474;`,\n  `UPDATE employees SET \"designationId\" = 138 WHERE id = 9474;`,\n  `UPDATE employee_evaluations SET \"processType\" = NULL WHERE id = 26;`,\n  `UPDATE employee_evaluations SET \"reasonForDefer\" = NULL WHERE id = 26;`,\n  `UPDATE employee_evaluations SET \"processDate\" = NULL WHERE id = 26;`,\n  `UPDATE employee_evaluations SET \"feedback\" = NULL WHERE id = 26;`,\n];\nawait utilFun.udpateDatabase(query);",
              "err": {},
              "uuid": "bb5abc89-0e7c-465a-825e-ebe29eaf995f",
              "parentUUID": "25dafbb4-e7e7-4bc0-9858-985c98522cf4",
              "isHook": true,
              "skipped": false
            },
            {
              "title": "\"before each\" hook in \"Performance Base Evaluations\"",
              "fullTitle": "Performance Base Evaluations \"before each\" hook in \"Performance Base Evaluations\"",
              "timedOut": false,
              "duration": 4367,
              "state": null,
              "speed": null,
              "pass": false,
              "fail": false,
              "pending": false,
              "context": null,
              "code": "await utilFun.visit(baseUrl + '/evaluation-performance');\nawait utilFun.wait(4000);",
              "err": {},
              "uuid": "27e5e2f6-b22a-460a-9e11-8e3cfe5fe181",
              "parentUUID": "25dafbb4-e7e7-4bc0-9858-985c98522cf4",
              "isHook": true,
              "skipped": false
            }
          ],
          "afterHooks": [],
          "tests": [
            {
              "title": "should check if performance evaluations are showing",
              "fullTitle": "Performance Base Evaluations should check if performance evaluations are showing",
              "timedOut": false,
              "duration": 20143,
              "state": "failed",
              "speed": null,
              "pass": false,
              "fail": true,
              "pending": false,
              "context": null,
              "code": "let obj = await evaluation.getAllPendingResourses();\nassert(obj.length > 0, `No Evaluation Found`);",
              "err": {
                "message": "TimeoutError: Waiting for at least one element to be located By(css selector, .ant-table-row.ant-table-row-level-0)\nWait timed out after 20132ms",
                "estack": "TimeoutError: Waiting for at least one element to be located By(css selector, .ant-table-row.ant-table-row-level-0)\nWait timed out after 20132ms\n    at /home/devops/invohub/resource-engagement/node_modules/selenium-webdriver/lib/webdriver.js:929:17\n    at process.processTicksAndRejections (node:internal/process/task_queues:95:5)",
                "diff": null
              },
              "uuid": "aa91f9eb-004a-4902-b1af-509a632ef799",
              "parentUUID": "25dafbb4-e7e7-4bc0-9858-985c98522cf4",
              "isHook": false,
              "skipped": false
            },
            {
              "title": "should able to filter resoures by name",
              "fullTitle": "Performance Base Evaluations should able to filter resoures by name",
              "timedOut": false,
              "duration": 20123,
              "state": "failed",
              "speed": null,
              "pass": false,
              "fail": true,
              "pending": false,
              "context": null,
              "code": "await evaluation.clickFilterButton();\nawait evaluation.searchName('James Salinas');\nawait utilFun.wait(1000);\nconst name = await evaluation.getResourseName();\nutilFun.assertEql(name, 'James Salinas');",
              "err": {
                "message": "TimeoutError: Waiting for element to be located By(css selector, div[aria-label=\"Filters\"])\nWait timed out after 20111ms",
                "estack": "TimeoutError: Waiting for element to be located By(css selector, div[aria-label=\"Filters\"])\nWait timed out after 20111ms\n    at /home/devops/invohub/resource-engagement/node_modules/selenium-webdriver/lib/webdriver.js:929:17\n    at process.processTicksAndRejections (node:internal/process/task_queues:95:5)",
                "diff": null
              },
              "uuid": "e06670af-1db0-4284-bd74-96a1b26b8fb1",
              "parentUUID": "25dafbb4-e7e7-4bc0-9858-985c98522cf4",
              "isHook": false,
              "skipped": false
            },
            {
              "title": "should able to filter resoures by Last Increment",
              "fullTitle": "Performance Base Evaluations should able to filter resoures by Last Increment",
              "timedOut": false,
              "duration": 20197,
              "state": "failed",
              "speed": null,
              "pass": false,
              "fail": true,
              "pending": false,
              "context": null,
              "code": "await evaluation.clickFilterButton();\nawait evaluation.selectLastIncrement('N/A');\nconst valuesCount = await evaluation.checkValues();\nutilFun.assertEql(valuesCount, 1);",
              "err": {
                "message": "TimeoutError: Waiting for element to be located By(css selector, div[aria-label=\"Filters\"])\nWait timed out after 20186ms",
                "estack": "TimeoutError: Waiting for element to be located By(css selector, div[aria-label=\"Filters\"])\nWait timed out after 20186ms\n    at /home/devops/invohub/resource-engagement/node_modules/selenium-webdriver/lib/webdriver.js:929:17\n    at process.processTicksAndRejections (node:internal/process/task_queues:95:5)",
                "diff": null
              },
              "uuid": "cf07e9fd-5581-42a8-b1cf-38cce72c0c49",
              "parentUUID": "25dafbb4-e7e7-4bc0-9858-985c98522cf4",
              "isHook": false,
              "skipped": false
            },
            {
              "title": "should able to  copy email from options",
              "fullTitle": "Performance Base Evaluations should able to  copy email from options",
              "timedOut": false,
              "duration": 20130,
              "state": "failed",
              "speed": null,
              "pass": false,
              "fail": true,
              "pending": false,
              "context": null,
              "code": "await evaluation.clickFilterButton();\nawait evaluation.searchName('James Salinas');\nawait utilFun.wait(1000);\nconst name = await evaluation.getResourseName();\nutilFun.assertEql(name, 'James Salinas');\nawait evaluation.clickOptionBtn();\nawait utilFun.wait(1000);\nawait evaluation.selectOption('Copy Email');\nconst alertText = await evaluation.checkAlert();\nutilFun.assertEql(alertText, 'Email address is copied');",
              "err": {
                "message": "TimeoutError: Waiting for element to be located By(css selector, div[aria-label=\"Filters\"])\nWait timed out after 20120ms",
                "estack": "TimeoutError: Waiting for element to be located By(css selector, div[aria-label=\"Filters\"])\nWait timed out after 20120ms\n    at /home/devops/invohub/resource-engagement/node_modules/selenium-webdriver/lib/webdriver.js:929:17\n    at process.processTicksAndRejections (node:internal/process/task_queues:95:5)",
                "diff": null
              },
              "uuid": "b513169d-6e94-421f-906e-4239688ae648",
              "parentUUID": "25dafbb4-e7e7-4bc0-9858-985c98522cf4",
              "isHook": false,
              "skipped": false
            },
            {
              "title": "should able to Send Email from options",
              "fullTitle": "Performance Base Evaluations should able to Send Email from options",
              "timedOut": false,
              "duration": 20103,
              "state": "failed",
              "speed": null,
              "pass": false,
              "fail": true,
              "pending": false,
              "context": null,
              "code": "await evaluation.clickFilterButton();\nawait evaluation.searchName('James Salinas');\nawait utilFun.wait(1000);\nconst name = await evaluation.getResourseName();\nutilFun.assertEql(name, 'James Salinas');\nawait evaluation.clickOptionBtn();\nawait utilFun.wait(1000);\nawait evaluation.selectOption('Send Email');\nawait utilFun.wait(1000);\nawait utilFun.switchWindow(1);\nawait utilFun.wait(3000);\nconst url = await utilFun.getUrl();\nassert.equal(url, 'https://mail.google.com/mail/u/0/?fs=1&tf=cm&to=james@robot-mail.com');\nawait utilFun.closeCurrentTab();\nawait utilFun.switchWindow(0);",
              "err": {
                "message": "TimeoutError: Waiting for element to be located By(css selector, div[aria-label=\"Filters\"])\nWait timed out after 20094ms",
                "estack": "TimeoutError: Waiting for element to be located By(css selector, div[aria-label=\"Filters\"])\nWait timed out after 20094ms\n    at /home/devops/invohub/resource-engagement/node_modules/selenium-webdriver/lib/webdriver.js:929:17\n    at process.processTicksAndRejections (node:internal/process/task_queues:95:5)",
                "diff": null
              },
              "uuid": "6b0d4c2f-618b-4ad0-9fd6-1fd112aa25c8",
              "parentUUID": "25dafbb4-e7e7-4bc0-9858-985c98522cf4",
              "isHook": false,
              "skipped": false
            },
            {
              "title": "should able to Open Slack DM from options",
              "fullTitle": "Performance Base Evaluations should able to Open Slack DM from options",
              "timedOut": false,
              "duration": 20087,
              "state": "failed",
              "speed": null,
              "pass": false,
              "fail": true,
              "pending": false,
              "context": null,
              "code": "await evaluation.clickFilterButton();\nawait evaluation.searchName('James Salinas');\nawait utilFun.wait(1000);\nconst name = await evaluation.getResourseName();\nutilFun.assertEql(name, 'James Salinas');\nawait evaluation.clickOptionBtn();\nawait utilFun.wait(1000);\nawait evaluation.selectOption('Open Slack DM');\nawait utilFun.wait(1000);\nawait utilFun.switchWindow(1);\nawait utilFun.wait(3000);\nconst url = await utilFun.getUrl();\nassert.equal(url, 'https://invozone.slack.com/?redir=%2Fapp_redirect%3Fchannel%3Dundefined');\nawait utilFun.closeCurrentTab();\nawait utilFun.switchWindow(0);",
              "err": {
                "message": "TimeoutError: Waiting for element to be located By(css selector, div[aria-label=\"Filters\"])\nWait timed out after 20076ms",
                "estack": "TimeoutError: Waiting for element to be located By(css selector, div[aria-label=\"Filters\"])\nWait timed out after 20076ms\n    at /home/devops/invohub/resource-engagement/node_modules/selenium-webdriver/lib/webdriver.js:929:17\n    at process.processTicksAndRejections (node:internal/process/task_queues:95:5)",
                "diff": null
              },
              "uuid": "8bc0ce31-56ea-46af-8964-633b038378bb",
              "parentUUID": "25dafbb4-e7e7-4bc0-9858-985c98522cf4",
              "isHook": false,
              "skipped": false
            },
            {
              "title": "should able to see Email from options",
              "fullTitle": "Performance Base Evaluations should able to see Email from options",
              "timedOut": false,
              "duration": 20174,
              "state": "failed",
              "speed": null,
              "pass": false,
              "fail": true,
              "pending": false,
              "context": null,
              "code": "await evaluation.clickFilterButton();\nawait evaluation.searchName('James Salinas');\nawait utilFun.wait(1000);\nconst name = await evaluation.getResourseName();\nutilFun.assertEql(name, 'James Salinas');\nawait evaluation.clickOptionBtn();\nawait utilFun.wait(1000);\nawait evaluation.selectOption('See Email');\nawait utilFun.wait(4000);\nconst email = await evaluation.copyEmail();\nassert.equal(email, 'Email: james@robot-mail.com');",
              "err": {
                "message": "TimeoutError: Waiting for element to be located By(css selector, div[aria-label=\"Filters\"])\nWait timed out after 20163ms",
                "estack": "TimeoutError: Waiting for element to be located By(css selector, div[aria-label=\"Filters\"])\nWait timed out after 20163ms\n    at /home/devops/invohub/resource-engagement/node_modules/selenium-webdriver/lib/webdriver.js:929:17\n    at process.processTicksAndRejections (node:internal/process/task_queues:95:5)",
                "diff": null
              },
              "uuid": "97cd9f86-4c15-46ef-ad26-31dc7d34eea0",
              "parentUUID": "25dafbb4-e7e7-4bc0-9858-985c98522cf4",
              "isHook": false,
              "skipped": false
            },
            {
              "title": "should able to copy Phone Number from options",
              "fullTitle": "Performance Base Evaluations should able to copy Phone Number from options",
              "timedOut": false,
              "duration": 20043,
              "state": "failed",
              "speed": null,
              "pass": false,
              "fail": true,
              "pending": false,
              "context": null,
              "code": "await evaluation.clickFilterButton();\nawait evaluation.searchName('James Salinas');\nawait utilFun.wait(1000);\nconst name = await evaluation.getResourseName();\nutilFun.assertEql(name, 'James Salinas');\nawait evaluation.clickOptionBtn();\nawait utilFun.wait(1000);\nawait evaluation.selectOption('Phone Number');\nawait utilFun.wait(3000);\nawait evaluation.copyPhoneNumber();\nconst alertText = await evaluation.checkAlert();\nassert.equal(alertText, 'Phone# is copied successfully');",
              "err": {
                "message": "TimeoutError: Waiting for element to be located By(css selector, div[aria-label=\"Filters\"])\nWait timed out after 20032ms",
                "estack": "TimeoutError: Waiting for element to be located By(css selector, div[aria-label=\"Filters\"])\nWait timed out after 20032ms\n    at /home/devops/invohub/resource-engagement/node_modules/selenium-webdriver/lib/webdriver.js:929:17\n    at process.processTicksAndRejections (node:internal/process/task_queues:95:5)",
                "diff": null
              },
              "uuid": "e3242748-6576-46bb-bcc0-930cdaedfeff",
              "parentUUID": "25dafbb4-e7e7-4bc0-9858-985c98522cf4",
              "isHook": false,
              "skipped": false
            },
            {
              "title": "should able to see Resource Details from options",
              "fullTitle": "Performance Base Evaluations should able to see Resource Details from options",
              "timedOut": false,
              "duration": 20078,
              "state": "failed",
              "speed": null,
              "pass": false,
              "fail": true,
              "pending": false,
              "context": null,
              "code": "await evaluation.clickFilterButton();\nawait evaluation.searchName('James Salinas');\nawait utilFun.wait(1000);\nconst name = await evaluation.getResourseName();\nutilFun.assertEql(name, 'James Salinas');\nawait evaluation.clickResource();\nawait utilFun.wait(1000);\nawait utilFun.switchWindow(1);\nawait utilFun.wait(1000);\nconst url = await utilFun.getUrl();\nassert.equal(url, baseUrl + '/resource-detail/9742?tab=Basic_Information');\nawait utilFun.closeCurrentTab();\nawait utilFun.switchWindow(0);",
              "err": {
                "message": "TimeoutError: Waiting for element to be located By(css selector, div[aria-label=\"Filters\"])\nWait timed out after 20069ms",
                "estack": "TimeoutError: Waiting for element to be located By(css selector, div[aria-label=\"Filters\"])\nWait timed out after 20069ms\n    at /home/devops/invohub/resource-engagement/node_modules/selenium-webdriver/lib/webdriver.js:929:17\n    at process.processTicksAndRejections (node:internal/process/task_queues:95:5)",
                "diff": null
              },
              "uuid": "ecb765e0-92f1-4170-88ef-72aa4e0d6838",
              "parentUUID": "25dafbb4-e7e7-4bc0-9858-985c98522cf4",
              "isHook": false,
              "skipped": false
            },
            {
              "title": "should able to see employee history",
              "fullTitle": "Performance Base Evaluations should able to see employee history",
              "timedOut": false,
              "duration": 20182,
              "state": "failed",
              "speed": null,
              "pass": false,
              "fail": true,
              "pending": false,
              "context": null,
              "code": "await evaluation.clickFilterButton();\nawait evaluation.searchName('James Salinas');\nawait utilFun.wait(1000);\nconst name = await evaluation.getResourseName();\nutilFun.assertEql(name, 'James Salinas');\nawait evaluation.clickSeeFeedback();\nawait utilFun.wait(1000);\nconst title = await evaluation.checkTitle();\nutilFun.assertEql(title, 'Feedback History of James Salinas');\nawait evaluation.checkSelectedTab();",
              "err": {
                "message": "TimeoutError: Waiting for element to be located By(css selector, div[aria-label=\"Filters\"])\nWait timed out after 20170ms",
                "estack": "TimeoutError: Waiting for element to be located By(css selector, div[aria-label=\"Filters\"])\nWait timed out after 20170ms\n    at /home/devops/invohub/resource-engagement/node_modules/selenium-webdriver/lib/webdriver.js:929:17\n    at process.processTicksAndRejections (node:internal/process/task_queues:95:5)",
                "diff": null
              },
              "uuid": "3377319e-0a1e-4fb7-ae15-c1a2e3347be8",
              "parentUUID": "25dafbb4-e7e7-4bc0-9858-985c98522cf4",
              "isHook": false,
              "skipped": false
            },
            {
              "title": "should able to request a review",
              "fullTitle": "Performance Base Evaluations should able to request a review",
              "timedOut": false,
              "duration": 20104,
              "state": "failed",
              "speed": null,
              "pass": false,
              "fail": true,
              "pending": false,
              "context": null,
              "code": "await evaluation.clickFilterButton();\nawait evaluation.searchName('James Salinas');\nawait utilFun.wait(1000);\nconst name = await evaluation.getResourseName();\nutilFun.assertEql(name, 'James Salinas');\nawait evaluation.clickSeeFeedback();4\nawait utilFun.wait(1000);\nawait evaluation.clickSubmittedReview();\nawait evaluation.clickReqReviewBtn();\nawait utilFun.wait(1000);\nawait evaluation.clickHod('Muhammad Bilal Rafaqat');\nawait evaluation.clickSendReqBtn();\nconst alertText = await evaluation.checkAlert();\nutilFun.assertEql(alertText, 'Request is send successfully.');",
              "err": {
                "message": "TimeoutError: Waiting for element to be located By(css selector, div[aria-label=\"Filters\"])\nWait timed out after 20094ms",
                "estack": "TimeoutError: Waiting for element to be located By(css selector, div[aria-label=\"Filters\"])\nWait timed out after 20094ms\n    at /home/devops/invohub/resource-engagement/node_modules/selenium-webdriver/lib/webdriver.js:929:17\n    at process.processTicksAndRejections (node:internal/process/task_queues:95:5)",
                "diff": null
              },
              "uuid": "b9761174-bb3f-490e-85ab-fc59e395cc75",
              "parentUUID": "25dafbb4-e7e7-4bc0-9858-985c98522cf4",
              "isHook": false,
              "skipped": false
            },
            {
              "title": "should able to give a review",
              "fullTitle": "Performance Base Evaluations should able to give a review",
              "timedOut": false,
              "duration": 13761,
              "state": "failed",
              "speed": null,
              "pass": false,
              "fail": true,
              "pending": false,
              "context": null,
              "code": "const query = [\n  `UPDATE employees SET \"departmentId\" = 9 WHERE id = 9474;`,\n  `UPDATE employees SET \"designationId\" = 83 WHERE id = 9474;`,\n  `UPDATE employees SET \"designation\" = 'Head of Engineering' WHERE id = 9474;`,\n];\nawait utilFun.udpateDatabase(query);\nawait utilFun.refresh();\nawait evaluation.clickFilterButton();\nawait evaluation.searchName('James Salinas');\nawait utilFun.wait(1000);\nconst name = await evaluation.getResourseName();\nutilFun.assertEql(name, 'James Salinas');\nawait evaluation.clickSeeFeedback();\nawait utilFun.wait(1000);\nawait evaluation.clickSubmittedReview();\nawait utilFun.wait(1000);\nawait evaluation.clickAddFeedback();\nawait feedbackForm.enterDate('03092023');\nawait feedbackForm.selectFeedbackDuration('6 Months');\nawait feedbackForm.selectNextReviewType('Annual');\nawait feedbackForm.selectRevisedDesignation('Software Engineer');\nawait feedbackForm.typeIncreament('200000');\nawait feedbackForm.typeDescription('testingggg');\nawait feedbackForm.clickSubmit();\nconst alertText = await evaluation.checkAlert();\nutilFun.assertEql(alertText, 'Increment status is updated successfully');",
              "err": {
                "message": "TimeoutError: Waiting for element to be located By(css selector, .capitalize)\nWait timed out after 10061ms",
                "estack": "TimeoutError: Waiting for element to be located By(css selector, .capitalize)\nWait timed out after 10061ms\n    at /home/devops/invohub/resource-engagement/node_modules/selenium-webdriver/lib/webdriver.js:929:17\n    at process.processTicksAndRejections (node:internal/process/task_queues:95:5)",
                "diff": null
              },
              "uuid": "79f9609a-2159-4461-8eac-042a927eb98e",
              "parentUUID": "25dafbb4-e7e7-4bc0-9858-985c98522cf4",
              "isHook": false,
              "skipped": false
            },
            {
              "title": "should able to edit review form",
              "fullTitle": "Performance Base Evaluations should able to edit review form",
              "timedOut": false,
              "duration": 11627,
              "state": "failed",
              "speed": null,
              "pass": false,
              "fail": true,
              "pending": false,
              "context": null,
              "code": "await evaluation.clickFilterButton();\nawait evaluation.searchName('James Salinas');\nawait utilFun.wait(1000);\nconst name = await evaluation.getResourseName();\nutilFun.assertEql(name, 'James Salinas');\nawait evaluation.clickEditForm();\nawait utilFun.wait(1000);\nawait feedbackForm.enterDate('03102023');\nawait feedbackForm.selectFeedbackDuration('3 Months');\nawait feedbackForm.selectNextReviewType('Annual');\nawait feedbackForm.selectRevisedDesignation('Software Engineer');\nawait feedbackForm.typeIncreament('200000');\nawait feedbackForm.typeDescription('updated');\nawait feedbackForm.clickSubmit();\nconst alertText = await evaluation.checkAlert();\nutilFun.assertEql(alertText, 'Increment status is updated successfully');",
              "err": {
                "message": "TimeoutError: Waiting for element to be located By(css selector, .capitalize)\nWait timed out after 10006ms",
                "estack": "TimeoutError: Waiting for element to be located By(css selector, .capitalize)\nWait timed out after 10006ms\n    at /home/devops/invohub/resource-engagement/node_modules/selenium-webdriver/lib/webdriver.js:929:17\n    at process.processTicksAndRejections (node:internal/process/task_queues:95:5)",
                "diff": null
              },
              "uuid": "8cb82625-6390-4bb9-968b-690bfb6e1d63",
              "parentUUID": "25dafbb4-e7e7-4bc0-9858-985c98522cf4",
              "isHook": false,
              "skipped": false
            },
            {
              "title": "should able to defer review",
              "fullTitle": "Performance Base Evaluations should able to defer review",
              "timedOut": false,
              "duration": 6898,
              "state": "passed",
              "speed": "slow",
              "pass": true,
              "fail": false,
              "pending": false,
              "context": null,
              "code": "const query = [\n  `UPDATE employees SET \"designation\" = 'HR' WHERE id = 9474;`,\n  `UPDATE employees SET \"departmentId\" = 7 WHERE id = 9474;`,\n  `UPDATE employees SET \"designationId\" = 77 WHERE id = 9474;`,\n];\nawait utilFun.udpateDatabase(query);\nawait utilFun.refresh();\nawait evaluation.clickFilterButton();\nawait evaluation.searchName('James Salinas');\nawait utilFun.wait(1000);\nconst name = await evaluation.getResourseName();\nutilFun.assertEql(name, 'James Salinas');\nawait evaluation.clickDefer();\nawait evaluation.clickDeferType();\nawait utilFun.wait(1000);\nawait evaluation.selectDeferType('2 Weeks');\nawait evaluation.typeDeferReason('testing');\nawait evaluation.clickSubmitBtn();\nconst alertText = await evaluation.checkAlert();\nutilFun.assertEql(alertText, 'Increment status is updated successfully');",
              "err": {},
              "uuid": "38d83dc4-ed7b-4b1f-9a16-3f3cd8cfe9be",
              "parentUUID": "25dafbb4-e7e7-4bc0-9858-985c98522cf4",
              "isHook": false,
              "skipped": false
            },
            {
              "title": "should able to complete review",
              "fullTitle": "Performance Base Evaluations should able to complete review",
              "timedOut": false,
              "duration": 4075,
              "state": "failed",
              "speed": null,
              "pass": false,
              "fail": true,
              "pending": false,
              "context": null,
              "code": "const query = [\n  `UPDATE employees SET \"designation\" = 'HR' WHERE id = 9474;`,\n  `UPDATE employees SET \"departmentId\" = 7 WHERE id = 9474;`,\n  `UPDATE employees SET \"designationId\" = 77 WHERE id = 9474;`,\n  `UPDATE employee_evaluations SET \"processType\" = NULL WHERE id = 26;`,\n  `UPDATE employee_evaluations SET \"reasonForDefer\" = NULL WHERE id = 26;`,\n  `UPDATE employee_evaluations SET \"processDate\" = NULL WHERE id = 26;`,\n];\nawait utilFun.udpateDatabase(query);\nawait utilFun.refresh();\nawait evaluation.clickFilterButton();\nawait evaluation.searchName('James Salinas');\nawait utilFun.wait(1000);\nconst name = await evaluation.getResourseName();\nutilFun.assertEql(name, 'James Salinas');\nawait evaluation.clickComplete();\nawait feedbackForm.enterDate('03102023');\nawait feedbackForm.selectFeedbackDuration('3 Months');\nawait feedbackForm.selectNextReviewType('Annual');\nawait feedbackForm.selectRevisedDesignation('Software Engineer');\nawait feedbackForm.typeIncreament('200000');\nawait feedbackForm.clickSubmit();\nconst alertText = await evaluation.checkAlert();\nutilFun.assertEql(alertText, 'Increment status is updated successfully');",
              "err": {
                "message": "NoSuchElementError: no such element: Unable to locate element: {\"method\":\"css selector\",\"selector\":\"input[type=\"date\"]\"}\n  (Session info: headless chrome=119.0.6045.159)",
                "estack": "NoSuchElementError: no such element: Unable to locate element: {\"method\":\"css selector\",\"selector\":\"input[type=\"date\"]\"}\n  (Session info: headless chrome=119.0.6045.159)\n    at Object.throwDecodedError (node_modules/selenium-webdriver/lib/error.js:524:15)\n    at parseHttpResponse (node_modules/selenium-webdriver/lib/http.js:601:13)\n    at Executor.execute (node_modules/selenium-webdriver/lib/http.js:529:28)\n    at process.processTicksAndRejections (node:internal/process/task_queues:95:5)\n    at async thenableWebDriverProxy.execute (node_modules/selenium-webdriver/lib/webdriver.js:745:17)\n    at async toWireValue (node_modules/selenium-webdriver/lib/webdriver.js:145:15)\n    at async /home/devops/invohub/resource-engagement/node_modules/selenium-webdriver/lib/webdriver.js:195:16\n    at async forEachKey (node_modules/selenium-webdriver/lib/webdriver.js:189:9)\n    at async convertKeys (node_modules/selenium-webdriver/lib/webdriver.js:194:3)\n    at async thenableWebDriverProxy.execute (node_modules/selenium-webdriver/lib/webdriver.js:743:22)\n    at async Context.<anonymous> (test/e2e/evaluation/spec_2_performance.js:252:5)",
                "diff": null
              },
              "uuid": "0d544b50-5a77-4b2c-b544-5081bb3d6cb1",
              "parentUUID": "25dafbb4-e7e7-4bc0-9858-985c98522cf4",
              "isHook": false,
              "skipped": false
            }
          ],
          "suites": [],
          "passes": [
            "38d83dc4-ed7b-4b1f-9a16-3f3cd8cfe9be"
          ],
          "failures": [
            "aa91f9eb-004a-4902-b1af-509a632ef799",
            "e06670af-1db0-4284-bd74-96a1b26b8fb1",
            "cf07e9fd-5581-42a8-b1cf-38cce72c0c49",
            "b513169d-6e94-421f-906e-4239688ae648",
            "6b0d4c2f-618b-4ad0-9fd6-1fd112aa25c8",
            "8bc0ce31-56ea-46af-8964-633b038378bb",
            "97cd9f86-4c15-46ef-ad26-31dc7d34eea0",
            "e3242748-6576-46bb-bcc0-930cdaedfeff",
            "ecb765e0-92f1-4170-88ef-72aa4e0d6838",
            "3377319e-0a1e-4fb7-ae15-c1a2e3347be8",
            "b9761174-bb3f-490e-85ab-fc59e395cc75",
            "79f9609a-2159-4461-8eac-042a927eb98e",
            "8cb82625-6390-4bb9-968b-690bfb6e1d63",
            "0d544b50-5a77-4b2c-b544-5081bb3d6cb1"
          ],
          "pending": [],
          "skipped": [],
          "duration": 257725,
          "root": false,
          "rootEmpty": false,
          "_timeout": 100000
        },
        {
          "uuid": "859008ad-1235-4223-95c6-2cfcd650aaed",
          "title": "Retention Base Evaluations",
          "fullFile": "/home/devops/invohub/resource-engagement/test/e2e/evaluation/spec_3_retention.js",
          "file": "/test/e2e/evaluation/spec_3_retention.js",
          "beforeHooks": [
            {
              "title": "\"before all\" hook in \"Retention Base Evaluations\"",
              "fullTitle": "Retention Base Evaluations \"before all\" hook in \"Retention Base Evaluations\"",
              "timedOut": false,
              "duration": 9742,
              "state": null,
              "speed": null,
              "pass": false,
              "fail": false,
              "pending": false,
              "context": null,
              "code": "await utilFun.loginAccount()\nconst url = await utilFun.getUrl();\nassert.equal(url, baseUrl + '/home');\nlet query = [\n  `UPDATE employee_evaluations SET \"incrementType\" = 'retention' WHERE id = 26;`,\n  `UPDATE employees SET \"designation\" = 'Software Engineer' WHERE id = 9474;`,\n  `UPDATE employees SET \"departmentId\" = 9 WHERE id = 9474;`,\n  `UPDATE employees SET \"designationId\" = 138 WHERE id = 9474;`,\n  `UPDATE employee_evaluations SET \"processType\" = NULL WHERE id = 26;`,\n  `UPDATE employee_evaluations SET \"reasonForDefer\" = NULL WHERE id = 26;`,\n  `UPDATE employee_evaluations SET \"processDate\" = NULL WHERE id = 26;`,\n  `UPDATE employee_evaluations SET \"feedback\" = NULL WHERE id = 26;`,\n];\nawait utilFun.udpateDatabase(query);",
              "err": {},
              "uuid": "cb06b0dc-cec7-4a11-993c-139f1fe11ef0",
              "parentUUID": "859008ad-1235-4223-95c6-2cfcd650aaed",
              "isHook": true,
              "skipped": false
            },
            {
              "title": "\"before each\" hook in \"Retention Base Evaluations\"",
              "fullTitle": "Retention Base Evaluations \"before each\" hook in \"Retention Base Evaluations\"",
              "timedOut": false,
              "duration": 4337,
              "state": null,
              "speed": null,
              "pass": false,
              "fail": false,
              "pending": false,
              "context": null,
              "code": "await utilFun.visit(baseUrl + '/evaluation-retention');\nawait utilFun.wait(4000);",
              "err": {},
              "uuid": "a70585ff-14eb-4e9a-becd-4e83ad07a3db",
              "parentUUID": "859008ad-1235-4223-95c6-2cfcd650aaed",
              "isHook": true,
              "skipped": false
            }
          ],
          "afterHooks": [],
          "tests": [
            {
              "title": "should check if retention evaluations are showing",
              "fullTitle": "Retention Base Evaluations should check if retention evaluations are showing",
              "timedOut": false,
              "duration": 20065,
              "state": "failed",
              "speed": null,
              "pass": false,
              "fail": true,
              "pending": false,
              "context": null,
              "code": "let obj = await evaluation.getAllPendingResourses();\nassert(obj.length > 0, `No Evaluation Found`);",
              "err": {
                "message": "TimeoutError: Waiting for at least one element to be located By(css selector, .ant-table-row.ant-table-row-level-0)\nWait timed out after 20056ms",
                "estack": "TimeoutError: Waiting for at least one element to be located By(css selector, .ant-table-row.ant-table-row-level-0)\nWait timed out after 20056ms\n    at /home/devops/invohub/resource-engagement/node_modules/selenium-webdriver/lib/webdriver.js:929:17\n    at process.processTicksAndRejections (node:internal/process/task_queues:95:5)",
                "diff": null
              },
              "uuid": "7a8f9c04-d1cf-44cd-baa4-3f848cee29ee",
              "parentUUID": "859008ad-1235-4223-95c6-2cfcd650aaed",
              "isHook": false,
              "skipped": false
            },
            {
              "title": "should able to filter resoures by name",
              "fullTitle": "Retention Base Evaluations should able to filter resoures by name",
              "timedOut": false,
              "duration": 20207,
              "state": "failed",
              "speed": null,
              "pass": false,
              "fail": true,
              "pending": false,
              "context": null,
              "code": "await evaluation.clickFilterButton();\nawait evaluation.searchName('James Salinas');\nawait utilFun.wait(1000);\nconst name = await evaluation.getResourseName();\nutilFun.assertEql(name, 'James Salinas');",
              "err": {
                "message": "TimeoutError: Waiting for element to be located By(css selector, div[aria-label=\"Filters\"])\nWait timed out after 20198ms",
                "estack": "TimeoutError: Waiting for element to be located By(css selector, div[aria-label=\"Filters\"])\nWait timed out after 20198ms\n    at /home/devops/invohub/resource-engagement/node_modules/selenium-webdriver/lib/webdriver.js:929:17\n    at process.processTicksAndRejections (node:internal/process/task_queues:95:5)",
                "diff": null
              },
              "uuid": "2830dd12-5eb6-4503-a978-56524c1989f7",
              "parentUUID": "859008ad-1235-4223-95c6-2cfcd650aaed",
              "isHook": false,
              "skipped": false
            },
            {
              "title": "should able to filter resoures by Last Increment",
              "fullTitle": "Retention Base Evaluations should able to filter resoures by Last Increment",
              "timedOut": false,
              "duration": 20222,
              "state": "failed",
              "speed": null,
              "pass": false,
              "fail": true,
              "pending": false,
              "context": null,
              "code": "await evaluation.clickFilterButton();\nawait evaluation.selectLastIncrement('N/A');\nconst valuesCount = await evaluation.checkValues();\nutilFun.assertEql(valuesCount, 1);",
              "err": {
                "message": "TimeoutError: Waiting for element to be located By(css selector, div[aria-label=\"Filters\"])\nWait timed out after 20210ms",
                "estack": "TimeoutError: Waiting for element to be located By(css selector, div[aria-label=\"Filters\"])\nWait timed out after 20210ms\n    at /home/devops/invohub/resource-engagement/node_modules/selenium-webdriver/lib/webdriver.js:929:17\n    at process.processTicksAndRejections (node:internal/process/task_queues:95:5)",
                "diff": null
              },
              "uuid": "1069e599-585c-474d-a7ec-f6ebebf7541b",
              "parentUUID": "859008ad-1235-4223-95c6-2cfcd650aaed",
              "isHook": false,
              "skipped": false
            },
            {
              "title": "should able to  copy email from options",
              "fullTitle": "Retention Base Evaluations should able to  copy email from options",
              "timedOut": false,
              "duration": 20013,
              "state": "failed",
              "speed": null,
              "pass": false,
              "fail": true,
              "pending": false,
              "context": null,
              "code": "await evaluation.clickFilterButton();\nawait evaluation.searchName('James Salinas');\nawait utilFun.wait(1000);\nconst name = await evaluation.getResourseName();\nutilFun.assertEql(name, 'James Salinas');\nawait evaluation.clickOptionBtn();\nawait utilFun.wait(1000);\nawait evaluation.selectOption('Copy Email');\nconst alertText = await evaluation.checkAlert();\nutilFun.assertEql(alertText, 'Email address is copied');",
              "err": {
                "message": "TimeoutError: Waiting for element to be located By(css selector, div[aria-label=\"Filters\"])\nWait timed out after 20001ms",
                "estack": "TimeoutError: Waiting for element to be located By(css selector, div[aria-label=\"Filters\"])\nWait timed out after 20001ms\n    at /home/devops/invohub/resource-engagement/node_modules/selenium-webdriver/lib/webdriver.js:929:17\n    at process.processTicksAndRejections (node:internal/process/task_queues:95:5)",
                "diff": null
              },
              "uuid": "b0f7ed09-92ca-45c0-ad5b-2b8924b2ddf8",
              "parentUUID": "859008ad-1235-4223-95c6-2cfcd650aaed",
              "isHook": false,
              "skipped": false
            },
            {
              "title": "should able to Send Email from options",
              "fullTitle": "Retention Base Evaluations should able to Send Email from options",
              "timedOut": false,
              "duration": 20207,
              "state": "failed",
              "speed": null,
              "pass": false,
              "fail": true,
              "pending": false,
              "context": null,
              "code": "await evaluation.clickFilterButton();\nawait evaluation.searchName('James Salinas');\nawait utilFun.wait(1000);\nconst name = await evaluation.getResourseName();\nutilFun.assertEql(name, 'James Salinas');\nawait evaluation.clickOptionBtn();\nawait utilFun.wait(1000);\nawait evaluation.selectOption('Send Email');\nawait utilFun.wait(1000);\nawait utilFun.switchWindow(1);\nawait utilFun.wait(3000);\nconst url = await utilFun.getUrl();\nassert.equal(url, 'https://mail.google.com/mail/u/0/?fs=1&tf=cm&to=james@robot-mail.com');\nawait utilFun.closeCurrentTab();\nawait utilFun.switchWindow(0);",
              "err": {
                "message": "TimeoutError: Waiting for element to be located By(css selector, div[aria-label=\"Filters\"])\nWait timed out after 20198ms",
                "estack": "TimeoutError: Waiting for element to be located By(css selector, div[aria-label=\"Filters\"])\nWait timed out after 20198ms\n    at /home/devops/invohub/resource-engagement/node_modules/selenium-webdriver/lib/webdriver.js:929:17\n    at process.processTicksAndRejections (node:internal/process/task_queues:95:5)",
                "diff": null
              },
              "uuid": "abef19ed-a0c7-4318-91a2-d3298df7403f",
              "parentUUID": "859008ad-1235-4223-95c6-2cfcd650aaed",
              "isHook": false,
              "skipped": false
            },
            {
              "title": "should able to Open Slack DM from options",
              "fullTitle": "Retention Base Evaluations should able to Open Slack DM from options",
              "timedOut": false,
              "duration": 20209,
              "state": "failed",
              "speed": null,
              "pass": false,
              "fail": true,
              "pending": false,
              "context": null,
              "code": "await evaluation.clickFilterButton();\nawait evaluation.searchName('James Salinas');\nawait utilFun.wait(1000);\nconst name = await evaluation.getResourseName();\nutilFun.assertEql(name, 'James Salinas');\nawait evaluation.clickOptionBtn();\nawait utilFun.wait(1000);\nawait evaluation.selectOption('Open Slack DM');\nawait utilFun.wait(1000);\nawait utilFun.switchWindow(1);\nawait utilFun.wait(3000);\nconst url = await utilFun.getUrl();\nassert.equal(url, 'https://invozone.slack.com/?redir=%2Fapp_redirect%3Fchannel%3Dundefined');\nawait utilFun.closeCurrentTab();\nawait utilFun.switchWindow(0);",
              "err": {
                "message": "TimeoutError: Waiting for element to be located By(css selector, div[aria-label=\"Filters\"])\nWait timed out after 20200ms",
                "estack": "TimeoutError: Waiting for element to be located By(css selector, div[aria-label=\"Filters\"])\nWait timed out after 20200ms\n    at /home/devops/invohub/resource-engagement/node_modules/selenium-webdriver/lib/webdriver.js:929:17\n    at process.processTicksAndRejections (node:internal/process/task_queues:95:5)",
                "diff": null
              },
              "uuid": "8fb1ed1b-a180-43e1-8d74-20512fe96e19",
              "parentUUID": "859008ad-1235-4223-95c6-2cfcd650aaed",
              "isHook": false,
              "skipped": false
            },
            {
              "title": "should able to see Email from options",
              "fullTitle": "Retention Base Evaluations should able to see Email from options",
              "timedOut": false,
              "duration": 20190,
              "state": "failed",
              "speed": null,
              "pass": false,
              "fail": true,
              "pending": false,
              "context": null,
              "code": "await evaluation.clickFilterButton();\nawait evaluation.searchName('James Salinas');\nawait utilFun.wait(1000);\nconst name = await evaluation.getResourseName();\nutilFun.assertEql(name, 'James Salinas');\nawait evaluation.clickOptionBtn();\nawait utilFun.wait(1000);\nawait evaluation.selectOption('See Email');\nawait utilFun.wait(4000);\nconst email = await evaluation.copyEmail();\nassert.equal(email, 'Email: james@robot-mail.com');",
              "err": {
                "message": "TimeoutError: Waiting for element to be located By(css selector, div[aria-label=\"Filters\"])\nWait timed out after 20180ms",
                "estack": "TimeoutError: Waiting for element to be located By(css selector, div[aria-label=\"Filters\"])\nWait timed out after 20180ms\n    at /home/devops/invohub/resource-engagement/node_modules/selenium-webdriver/lib/webdriver.js:929:17\n    at process.processTicksAndRejections (node:internal/process/task_queues:95:5)",
                "diff": null
              },
              "uuid": "7fa919a5-4dd1-4ab3-b267-6dccaf585f14",
              "parentUUID": "859008ad-1235-4223-95c6-2cfcd650aaed",
              "isHook": false,
              "skipped": false
            },
            {
              "title": "should able to copy Phone Number from options",
              "fullTitle": "Retention Base Evaluations should able to copy Phone Number from options",
              "timedOut": false,
              "duration": 20215,
              "state": "failed",
              "speed": null,
              "pass": false,
              "fail": true,
              "pending": false,
              "context": null,
              "code": "await evaluation.clickFilterButton();\nawait evaluation.searchName('James Salinas');\nawait utilFun.wait(1000);\nconst name = await evaluation.getResourseName();\nutilFun.assertEql(name, 'James Salinas');\nawait evaluation.clickOptionBtn();\nawait utilFun.wait(1000);\nawait evaluation.selectOption('Phone Number');\nawait utilFun.wait(3000);\nawait evaluation.copyPhoneNumber();\nconst alertText = await evaluation.checkAlert();\nassert.equal(alertText, 'Phone# is copied successfully');",
              "err": {
                "message": "TimeoutError: Waiting for element to be located By(css selector, div[aria-label=\"Filters\"])\nWait timed out after 20207ms",
                "estack": "TimeoutError: Waiting for element to be located By(css selector, div[aria-label=\"Filters\"])\nWait timed out after 20207ms\n    at /home/devops/invohub/resource-engagement/node_modules/selenium-webdriver/lib/webdriver.js:929:17\n    at process.processTicksAndRejections (node:internal/process/task_queues:95:5)",
                "diff": null
              },
              "uuid": "701d039d-cfde-422d-a665-7608948f3c28",
              "parentUUID": "859008ad-1235-4223-95c6-2cfcd650aaed",
              "isHook": false,
              "skipped": false
            },
            {
              "title": "should able to see Resource Details from options",
              "fullTitle": "Retention Base Evaluations should able to see Resource Details from options",
              "timedOut": false,
              "duration": 20196,
              "state": "failed",
              "speed": null,
              "pass": false,
              "fail": true,
              "pending": false,
              "context": null,
              "code": "await evaluation.clickFilterButton();\nawait evaluation.searchName('James Salinas');\nawait utilFun.wait(1000);\nconst name = await evaluation.getResourseName();\nutilFun.assertEql(name, 'James Salinas');\nawait evaluation.clickResource();\nawait utilFun.wait(1000);\nawait utilFun.switchWindow(1);\nawait utilFun.wait(1000);\nconst url = await utilFun.getUrl();\nassert.equal(url, baseUrl + '/resource-detail/9742?tab=Basic_Information');\nawait utilFun.closeCurrentTab();\nawait utilFun.switchWindow(0);",
              "err": {
                "message": "TimeoutError: Waiting for element to be located By(css selector, div[aria-label=\"Filters\"])\nWait timed out after 20187ms",
                "estack": "TimeoutError: Waiting for element to be located By(css selector, div[aria-label=\"Filters\"])\nWait timed out after 20187ms\n    at /home/devops/invohub/resource-engagement/node_modules/selenium-webdriver/lib/webdriver.js:929:17\n    at process.processTicksAndRejections (node:internal/process/task_queues:95:5)",
                "diff": null
              },
              "uuid": "24385691-c88f-457b-9229-2581ed328056",
              "parentUUID": "859008ad-1235-4223-95c6-2cfcd650aaed",
              "isHook": false,
              "skipped": false
            },
            {
              "title": "should able to see employee history",
              "fullTitle": "Retention Base Evaluations should able to see employee history",
              "timedOut": false,
              "duration": 20137,
              "state": "failed",
              "speed": null,
              "pass": false,
              "fail": true,
              "pending": false,
              "context": null,
              "code": "await evaluation.clickFilterButton();\nawait evaluation.searchName('James Salinas');\nawait utilFun.wait(1000);\nconst name = await evaluation.getResourseName();\nutilFun.assertEql(name, 'James Salinas');\nawait evaluation.clickSeeFeedback();\nawait utilFun.wait(1000);\nconst title = await evaluation.checkTitle();\nutilFun.assertEql(title, 'Feedback History of James Salinas');\nawait evaluation.checkSelectedTab();",
              "err": {
                "message": "TimeoutError: Waiting for element to be located By(css selector, div[aria-label=\"Filters\"])\nWait timed out after 20127ms",
                "estack": "TimeoutError: Waiting for element to be located By(css selector, div[aria-label=\"Filters\"])\nWait timed out after 20127ms\n    at /home/devops/invohub/resource-engagement/node_modules/selenium-webdriver/lib/webdriver.js:929:17\n    at process.processTicksAndRejections (node:internal/process/task_queues:95:5)",
                "diff": null
              },
              "uuid": "60c86c94-6d3c-4e63-b8cf-f652b7225e52",
              "parentUUID": "859008ad-1235-4223-95c6-2cfcd650aaed",
              "isHook": false,
              "skipped": false
            },
            {
              "title": "should able to request a review",
              "fullTitle": "Retention Base Evaluations should able to request a review",
              "timedOut": false,
              "duration": 20146,
              "state": "failed",
              "speed": null,
              "pass": false,
              "fail": true,
              "pending": false,
              "context": null,
              "code": "await evaluation.clickFilterButton();\nawait evaluation.searchName('James Salinas');\nawait utilFun.wait(1000);\nconst name = await evaluation.getResourseName();\nutilFun.assertEql(name, 'James Salinas');\nawait evaluation.clickSeeFeedback();\nawait utilFun.wait(1000);\nawait evaluation.clickSubmittedReview();\nawait evaluation.clickReqReviewBtn();\nawait utilFun.wait(1000);\nawait evaluation.clickHod('Muhammad Bilal Rafaqat');\nawait evaluation.clickSendReqBtn();\nconst alertText = await evaluation.checkAlert();\nutilFun.assertEql(alertText, 'Request is send successfully.');",
              "err": {
                "message": "TimeoutError: Waiting for element to be located By(css selector, div[aria-label=\"Filters\"])\nWait timed out after 20135ms",
                "estack": "TimeoutError: Waiting for element to be located By(css selector, div[aria-label=\"Filters\"])\nWait timed out after 20135ms\n    at /home/devops/invohub/resource-engagement/node_modules/selenium-webdriver/lib/webdriver.js:929:17\n    at process.processTicksAndRejections (node:internal/process/task_queues:95:5)",
                "diff": null
              },
              "uuid": "67df6dfd-3041-4df9-8d8c-b530f1645dfc",
              "parentUUID": "859008ad-1235-4223-95c6-2cfcd650aaed",
              "isHook": false,
              "skipped": false
            },
            {
              "title": "should able to give a review",
              "fullTitle": "Retention Base Evaluations should able to give a review",
              "timedOut": false,
              "duration": 13908,
              "state": "failed",
              "speed": null,
              "pass": false,
              "fail": true,
              "pending": false,
              "context": null,
[...]
              "fullTitle": "Position Openings should able to Delete request",
              "timedOut": false,
              "duration": 2721,
              "state": "passed",
              "speed": "slow",
              "pass": true,
              "fail": false,
              "pending": false,
              "context": null,
              "code": "await positionOpenings.clickDeleteBtn();\nawait positionOpenings.enterReason('testing');\nawait positionOpenings.clickYesBtn();\nconst alertText = await utilFun.checkAlert();\nassert.equal(alertText, 'The position opening request has been deleted successfully!');",
              "err": {},
              "uuid": "5c51671f-41bf-4035-8237-b7474777e781",
              "parentUUID": "6c2f3f60-826c-41bc-812b-305cf7e6b29f",
              "isHook": false,
              "skipped": false
            },
            {
              "title": "should check if request is visible by HOD",
              "fullTitle": "Position Openings should check if request is visible by HOD",
              "timedOut": false,
              "duration": 10233,
              "state": "failed",
              "speed": null,
              "pass": false,
              "fail": true,
              "pending": false,
              "context": null,
              "code": "let query = [\n  `UPDATE \"position_openings\" SET \"deletedAt\" = NULL WHERE \"employeeId\" = 9429;`,\n  `UPDATE employees SET \"email\" = 'bilal.rafaqat@invozone.de' WHERE id = 9429;`,\n  `UPDATE employees SET \"email\" = 'bilal.rafaqat@invozone.dev' WHERE id = 9474;`,\n];\nawait utilFun.udpateDatabase(query);\nlet rowText = await positionOpenings.getPositionTblRow();\nassert.ok(rowText.includes('Software Engineer'), `Expected text not found.`);",
              "err": {
                "message": "TimeoutError: Waiting for element to be located By(css selector, [class=\"ant-table-body\"] .ant-table-row)\nWait timed out after 10190ms",
                "estack": "TimeoutError: Waiting for element to be located By(css selector, [class=\"ant-table-body\"] .ant-table-row)\nWait timed out after 10190ms\n    at /home/devops/invohub/resource-engagement/node_modules/selenium-webdriver/lib/webdriver.js:929:17\n    at process.processTicksAndRejections (node:internal/process/task_queues:95:5)",
                "diff": null
              },
              "uuid": "6f00284a-46a4-45e0-8b1b-9796b985576b",
              "parentUUID": "6c2f3f60-826c-41bc-812b-305cf7e6b29f",
              "isHook": false,
              "skipped": false
            },
            {
              "title": "should able to check if HOD can edit request",
              "fullTitle": "Position Openings should able to check if HOD can edit request",
              "timedOut": false,
              "duration": 10127,
              "state": "failed",
              "speed": null,
              "pass": false,
              "fail": true,
              "pending": false,
              "context": null,
              "code": "await positionOpenings.clickEditBtn();\nawait positionOpenings.enterInstructions(' Updated By HOD');\nawait positionOpenings.clickConfirmAddBtn();\nconst alertText = await utilFun.checkAlert();\nassert.equal(alertText, 'The position opening request has been updated successfully');",
              "err": {
                "message": "TimeoutError: Waiting for element to be located By(css selector, [aria-label=\"Edit\"])\nWait timed out after 10126ms",
                "estack": "TimeoutError: Waiting for element to be located By(css selector, [aria-label=\"Edit\"])\nWait timed out after 10126ms\n    at /home/devops/invohub/resource-engagement/node_modules/selenium-webdriver/lib/webdriver.js:929:17\n    at process.processTicksAndRejections (node:internal/process/task_queues:95:5)",
                "diff": null
              },
              "uuid": "49b15380-e2be-415f-bf4e-e1a7bdc47b86",
              "parentUUID": "6c2f3f60-826c-41bc-812b-305cf7e6b29f",
              "isHook": false,
              "skipped": false
            },
            {
              "title": "should able to reject request by hod",
              "fullTitle": "Position Openings should able to reject request by hod",
              "timedOut": false,
              "duration": 10118,
              "state": "failed",
              "speed": null,
              "pass": false,
              "fail": true,
              "pending": false,
              "context": null,
              "code": "await positionOpenings.clickRejectBtn();\nawait positionOpenings.enterReason('testing');\nawait positionOpenings.clickYesBtn();\nconst alertText = await utilFun.checkAlert();\nassert.equal(alertText, 'The position opening request has been rejected successfully');",
              "err": {
                "message": "TimeoutError: Waiting for element to be located By(css selector, [aria-label=\"Reject\"])\nWait timed out after 10116ms",
                "estack": "TimeoutError: Waiting for element to be located By(css selector, [aria-label=\"Reject\"])\nWait timed out after 10116ms\n    at /home/devops/invohub/resource-engagement/node_modules/selenium-webdriver/lib/webdriver.js:929:17\n    at process.processTicksAndRejections (node:internal/process/task_queues:95:5)",
                "diff": null
              },
              "uuid": "53e92985-db36-4d85-8f5a-68db9afc5069",
              "parentUUID": "6c2f3f60-826c-41bc-812b-305cf7e6b29f",
              "isHook": false,
              "skipped": false
            },
            {
              "title": "should verify the request is showing in reject tab",
              "fullTitle": "Position Openings should verify the request is showing in reject tab",
              "timedOut": false,
              "duration": 11175,
              "state": "failed",
              "speed": null,
              "pass": false,
              "fail": true,
              "pending": false,
              "context": null,
              "code": "await positionOpenings.selectReqTblSubTab('Rejected');\nlet rowText = await positionOpenings.getPositionTblRow();\nassert.ok(rowText.includes('Software Engineer'), `Expected text not found.`);",
              "err": {
                "message": "TimeoutError: Waiting for at least one element to be located By(xpath, (//*[@class=\"myProjectIcon tableHeight pt-0 card\"])[2])\nWait timed out after 10172ms",
                "estack": "TimeoutError: Waiting for at least one element to be located By(xpath, (//*[@class=\"myProjectIcon tableHeight pt-0 card\"])[2])\nWait timed out after 10172ms\n    at /home/devops/invohub/resource-engagement/node_modules/selenium-webdriver/lib/webdriver.js:929:17\n    at process.processTicksAndRejections (node:internal/process/task_queues:95:5)",
                "diff": null
              },
              "uuid": "ed222189-ee5b-409a-b2b5-379df2e6ce9a",
              "parentUUID": "6c2f3f60-826c-41bc-812b-305cf7e6b29f",
              "isHook": false,
              "skipped": false
            },
            {
              "title": "should able to approve request by hod",
              "fullTitle": "Position Openings should able to approve request by hod",
              "timedOut": false,
              "duration": 10146,
              "state": "failed",
              "speed": null,
              "pass": false,
              "fail": true,
              "pending": false,
              "context": null,
              "code": "let query = [`UPDATE \"position_openings\" SET \"isApprovedByHod\" = 'PENDING' WHERE \"employeeId\" = 9429;`];\nawait utilFun.udpateDatabase(query);\nawait positionOpenings.clickApproveBtn();\nawait positionOpenings.enterReason('testing');\nawait positionOpenings.clickYesBtn();\nconst alertText = await utilFun.checkAlert();\nassert.equal(alertText, 'The position opening request has been approved successfully');",
              "err": {
                "message": "TimeoutError: Waiting for element to be located By(css selector, [aria-label=\"Approve\"])\nWait timed out after 10125ms",
                "estack": "TimeoutError: Waiting for element to be located By(css selector, [aria-label=\"Approve\"])\nWait timed out after 10125ms\n    at /home/devops/invohub/resource-engagement/node_modules/selenium-webdriver/lib/webdriver.js:929:17\n    at process.processTicksAndRejections (node:internal/process/task_queues:95:5)",
                "diff": null
              },
              "uuid": "9394a36c-b953-4b1e-876f-10b504058566",
              "parentUUID": "6c2f3f60-826c-41bc-812b-305cf7e6b29f",
              "isHook": false,
              "skipped": false
            },
            {
              "title": "should verify the request is showing in approve tab",
              "fullTitle": "Position Openings should verify the request is showing in approve tab",
              "timedOut": false,
              "duration": 11134,
              "state": "failed",
              "speed": null,
              "pass": false,
              "fail": true,
              "pending": false,
              "context": null,
              "code": "await positionOpenings.selectReqTblSubTab('Approved');\nlet rowText = await positionOpenings.getPositionTblRow();\nassert.ok(rowText.includes('Software Engineer'), `Expected text not found.`);",
              "err": {
                "message": "TimeoutError: Waiting for at least one element to be located By(xpath, (//*[@class=\"myProjectIcon tableHeight pt-0 card\"])[2])\nWait timed out after 10132ms",
                "estack": "TimeoutError: Waiting for at least one element to be located By(xpath, (//*[@class=\"myProjectIcon tableHeight pt-0 card\"])[2])\nWait timed out after 10132ms\n    at /home/devops/invohub/resource-engagement/node_modules/selenium-webdriver/lib/webdriver.js:929:17\n    at process.processTicksAndRejections (node:internal/process/task_queues:95:5)",
                "diff": null
              },
              "uuid": "3d187338-3a01-4d57-88a9-4d413a2f0553",
              "parentUUID": "6c2f3f60-826c-41bc-812b-305cf7e6b29f",
              "isHook": false,
              "skipped": false
            },
            {
              "title": "should check if request is visible by CEO",
              "fullTitle": "Position Openings should check if request is visible by CEO",
              "timedOut": false,
              "duration": 1804,
              "state": "passed",
              "speed": "slow",
              "pass": true,
              "fail": false,
              "pending": false,
              "context": null,
              "code": "let query = [\n  `UPDATE employees SET \"email\" = 'bilal.rafaqat@invozone.de' WHERE id = 9474;`,\n  `UPDATE employees SET \"email\" = 'bilal.rafaqat@invozone.dev' WHERE id = 9171;`,\n];\nawait utilFun.udpateDatabase(query);\nlet rowText = await positionOpenings.getPositionTblRow();\nassert.ok(rowText.includes('Software Engineer'), `Expected text not found.`);",
              "err": {},
              "uuid": "c5badc46-6945-47b4-8fdb-1d4131247600",
              "parentUUID": "6c2f3f60-826c-41bc-812b-305cf7e6b29f",
              "isHook": false,
              "skipped": false
            },
            {
              "title": "should able to check if CEO can edit request",
              "fullTitle": "Position Openings should able to check if CEO can edit request",
              "timedOut": false,
              "duration": 4880,
              "state": "passed",
              "speed": "slow",
              "pass": true,
              "fail": false,
              "pending": false,
              "context": null,
              "code": "await positionOpenings.clickEditBtn();\nawait positionOpenings.enterInstructions(' Updated By CEO');\nawait positionOpenings.clickConfirmAddBtn();\nconst alertText = await utilFun.checkAlert();\nassert.equal(alertText, 'The position opening request has been updated successfully');",
              "err": {},
              "uuid": "64ddfeb6-e947-45a6-9b14-77eb128b7130",
              "parentUUID": "6c2f3f60-826c-41bc-812b-305cf7e6b29f",
              "isHook": false,
              "skipped": false
            },
            {
              "title": "should able to reject request by hod",
              "fullTitle": "Position Openings should able to reject request by hod",
              "timedOut": false,
              "duration": 2727,
              "state": "passed",
              "speed": "slow",
              "pass": true,
              "fail": false,
              "pending": false,
              "context": null,
              "code": "await positionOpenings.clickRejectBtn();\nawait positionOpenings.enterReason('testing');\nawait positionOpenings.clickYesBtn();\nconst alertText = await utilFun.checkAlert();\nassert.equal(alertText, 'The position opening request has been rejected successfully');",
              "err": {},
              "uuid": "60624fc3-8a48-4220-8dba-6b41611c4090",
              "parentUUID": "6c2f3f60-826c-41bc-812b-305cf7e6b29f",
              "isHook": false,
              "skipped": false
            },
            {
              "title": "should verify the request is showing in reject tab",
              "fullTitle": "Position Openings should verify the request is showing in reject tab",
              "timedOut": false,
              "duration": 1306,
              "state": "passed",
              "speed": "slow",
              "pass": true,
              "fail": false,
              "pending": false,
              "context": null,
              "code": "await positionOpenings.selectSubTab('Rejected');\nlet rowText = await positionOpenings.getPositionTblRow();\nassert.ok(rowText.includes('Software Engineer'), `Expected text not found.`);",
              "err": {},
              "uuid": "b73fa481-36e9-46cd-ad84-7350bf3c6ee2",
              "parentUUID": "6c2f3f60-826c-41bc-812b-305cf7e6b29f",
              "isHook": false,
              "skipped": false
            },
            {
              "title": "should able to approve request by hod",
              "fullTitle": "Position Openings should able to approve request by hod",
              "timedOut": false,
              "duration": 2640,
              "state": "passed",
              "speed": "slow",
              "pass": true,
              "fail": false,
              "pending": false,
              "context": null,
              "code": "let query = [`UPDATE \"position_openings\" SET \"requestStatus\" = 'PENDING' WHERE \"employeeId\" = 9429;`];\nawait utilFun.udpateDatabase(query);\nawait positionOpenings.clickApproveBtn();\nawait positionOpenings.enterReason('testing');\nawait positionOpenings.clickYesBtn();\nconst alertText = await utilFun.checkAlert();\nassert.equal(alertText, 'The position opening request has been approved successfully');",
              "err": {},
              "uuid": "9281fa9f-9269-462e-aac3-b53b8473885a",
              "parentUUID": "6c2f3f60-826c-41bc-812b-305cf7e6b29f",
              "isHook": false,
              "skipped": false
            },
            {
              "title": "should verify the request is showing in approve tab",
              "fullTitle": "Position Openings should verify the request is showing in approve tab",
              "timedOut": false,
              "duration": 11223,
              "state": "failed",
              "speed": null,
              "pass": false,
              "fail": true,
              "pending": false,
              "context": null,
              "code": "await positionOpenings.selectSubTab('Approved');\nlet rowText = await positionOpenings.getPositionTblRow();\nassert.ok(rowText.includes('Software Engineer'), `Expected text not found.`);",
              "err": {
                "message": "TimeoutError: Waiting for element to be located By(css selector, [class=\"ant-table-body\"] .ant-table-row)\nWait timed out after 10068ms",
                "estack": "TimeoutError: Waiting for element to be located By(css selector, [class=\"ant-table-body\"] .ant-table-row)\nWait timed out after 10068ms\n    at /home/devops/invohub/resource-engagement/node_modules/selenium-webdriver/lib/webdriver.js:929:17\n    at process.processTicksAndRejections (node:internal/process/task_queues:95:5)",
                "diff": null
              },
              "uuid": "e0fbb637-c24f-47ff-8c96-dc8366e11e5c",
              "parentUUID": "6c2f3f60-826c-41bc-812b-305cf7e6b29f",
              "isHook": false,
              "skipped": false
            },
            {
              "title": "should verify the request is showing in approve tab for Applicant",
              "fullTitle": "Position Openings should verify the request is showing in approve tab for Applicant",
              "timedOut": false,
              "duration": 11600,
              "state": "failed",
              "speed": null,
              "pass": false,
              "fail": true,
              "pending": false,
              "context": null,
              "code": "let query = [\n  `UPDATE employees SET \"email\" = 'bilal.rafaqat@invozone.dev' WHERE id = 9429;`,\n  `UPDATE employees SET \"email\" = 'bilal.rafaqat@invozone.de' WHERE id = 9171;`,\n];\nawait utilFun.udpateDatabase(query);\nawait positionOpenings.selectSubTab('Approved');\nlet rowText = await positionOpenings.getPositionTblRow();\nassert.ok(rowText.includes('Software Engineer'), `Expected text not found.`);",
              "err": {
                "message": "TimeoutError: Waiting for element to be located By(css selector, [class=\"ant-table-body\"] .ant-table-row)\nWait timed out after 10119ms",
                "estack": "TimeoutError: Waiting for element to be located By(css selector, [class=\"ant-table-body\"] .ant-table-row)\nWait timed out after 10119ms\n    at /home/devops/invohub/resource-engagement/node_modules/selenium-webdriver/lib/webdriver.js:929:17\n    at process.processTicksAndRejections (node:internal/process/task_queues:95:5)",
                "diff": null
              },
              "uuid": "5a921f28-6d8f-4af8-a2a8-78770c9c884f",
              "parentUUID": "6c2f3f60-826c-41bc-812b-305cf7e6b29f",
              "isHook": false,
              "skipped": false
            }
          ],
          "suites": [],
          "passes": [
            "bdc679ae-8a90-4477-9f3c-3f7d49b5fdcc",
            "e9906b60-7f5f-461d-88bf-b3a9e23ef928",
            "3762d651-af68-483b-a268-1b27910d2de3",
            "5c51671f-41bf-4035-8237-b7474777e781",
            "c5badc46-6945-47b4-8fdb-1d4131247600",
            "64ddfeb6-e947-45a6-9b14-77eb128b7130",
            "60624fc3-8a48-4220-8dba-6b41611c4090",
            "b73fa481-36e9-46cd-ad84-7350bf3c6ee2",
            "9281fa9f-9269-462e-aac3-b53b8473885a"
          ],
          "failures": [
            "6f00284a-46a4-45e0-8b1b-9796b985576b",
            "49b15380-e2be-415f-bf4e-e1a7bdc47b86",
            "53e92985-db36-4d85-8f5a-68db9afc5069",
            "ed222189-ee5b-409a-b2b5-379df2e6ce9a",
            "9394a36c-b953-4b1e-876f-10b504058566",
            "3d187338-3a01-4d57-88a9-4d413a2f0553",
            "e0fbb637-c24f-47ff-8c96-dc8366e11e5c",
            "5a921f28-6d8f-4af8-a2a8-78770c9c884f"
          ],
          "pending": [],
          "skipped": [],
          "duration": 127824,
          "root": false,
          "rootEmpty": false,
          "_timeout": 100000
        }
      ],
      "passes": [],
      "failures": [],
      "pending": [],
      "skipped": [],
      "duration": 0,
      "root": true,
      "rootEmpty": true,
      "_timeout": 100000
    }
  ],
  "meta": {
    "mocha": {
      "version": "10.2.0"
    },
    "mochawesome": {
      "options": {
        "quiet": false,
        "reportFilename": "mochawesome",
        "saveHtml": true,
        "saveJson": true,
        "consoleReporter": "spec",
        "useInlineDiffs": false,
        "code": true
      },
      "version": "7.1.3"
    },
    "marge": {
      "options": {
        "reportDir": "test/report"
      },
      "version": "6.2.0"
    }
  }
}