{
  "stats": {
    "suites": 1,
    "tests": 0,
    "passes": 0,
    "pending": 0,
    "failures": 0,
    "start": "2024-02-06T06:00:44.645Z",
    "end": "2024-02-06T06:12:00.823Z",
    "duration": 676178,
    "testsRegistered": 64,
    "passPercent": 0,
    "pendingPercent": 0,
    "other": 1,
    "hasOther": true,
    "skipped": 64,
    "hasSkipped": true
  },
  "results": [
    {
      "uuid": "f2926bf3-4464-459d-aa0e-e470ce75578d",
      "title": "",
      "fullFile": "/home/devops/invohub/resource-engagement/test/e2e/resources/spec-4-resourse-details.js",
      "file": "/test/e2e/resources/spec-4-resourse-details.js",
      "beforeHooks": [],
      "afterHooks": [],
      "tests": [],
      "suites": [
        {
          "uuid": "89bcbc6a-6888-4a19-908b-4f97acd5b51b",
          "title": "Resource Details",
          "fullFile": "/home/devops/invohub/resource-engagement/test/e2e/resources/spec-4-resourse-details.js",
          "file": "/test/e2e/resources/spec-4-resourse-details.js",
          "beforeHooks": [
            {
              "title": "\"before all\" hook for \"should able to Add new resource\"",
              "fullTitle": "Resource Details \"before all\" hook for \"should able to Add new resource\"",
              "timedOut": true,
              "duration": 100073,
              "state": "failed",
              "speed": null,
              "pass": false,
              "fail": true,
              "pending": false,
              "context": null,
              "code": "let query = [\n  `UPDATE employees SET \"email\" = 'bilal.rafaqat@invozone.de' WHERE id = 9429;`,\n  `UPDATE employees SET \"email\" = 'bilal.rafaqat@invozone.dev' WHERE id = 9474;`,\n];\nawait utilFun.udpateDatabase(query);\nlet resourceId = await utilFun.getFromDatabase(`SELECT id FROM employees WHERE \"email\" = 'steve@email.com';`);\nif (resourceId.rowCount !== 0) {\n  detailsPageUrl = `/resource-detail/${resourceId.rows[0].id}?tab=Basic_Information`;\n  attendanceTabUrl = `/resource-detail/${resourceId.rows[0].id}?tab=Attendance`;\n  oldId = resourceId.rows[0].id;\n  newId = resourceId.rows[0].id;\n}\nawait utilFun.login(email, password);\n//await utilFun.loginAccount()\nconst url = await utilFun.getUrl();\nassert.equal(url, baseUrl + '/home');",
              "err": {
                "message": "Error: Timeout of 100000ms exceeded. For async tests and hooks, ensure \"done()\" is called; if returning a Promise, ensure it resolves. (/home/devops/invohub/resource-engagement/test/e2e/resources/spec-4-resourse-details.js)",
                "estack": "Error: Timeout of 100000ms exceeded. For async tests and hooks, ensure \"done()\" is called; if returning a Promise, ensure it resolves. (/home/devops/invohub/resource-engagement/test/e2e/resources/spec-4-resourse-details.js)\n    at listOnTimeout (node:internal/timers:564:17)\n    at process.processTimers (node:internal/timers:507:7)",
                "diff": null
              },
              "uuid": "a179045e-1949-4f45-b878-2000557c891a",
              "parentUUID": "89bcbc6a-6888-4a19-908b-4f97acd5b51b",
              "isHook": true,
              "skipped": false
            }
          ],
          "afterHooks": [],
          "tests": [
            {
              "title": "should able to Add new resource",
              "fullTitle": "Resource Details should able to Add new resource",
              "timedOut": false,
              "duration": 0,
              "state": null,
              "speed": null,
              "pass": false,
              "fail": false,
              "pending": false,
              "context": null,
              "code": "let resourceId = await utilFun.getFromDatabase(`SELECT id FROM employees WHERE \"email\" = 'steve@email.com';`);\nif (resourceId.rowCount !== 0) {\n  let query = [\n    `UPDATE employee_attendances SET \"employeeId\" = 9429 WHERE \"employeeId\" = ${resourceId.rows[0].id};`,\n    `DELETE FROM \"employee_skills\" WHERE \"employeeId\" = ${resourceId.rows[0].id};`,\n    `UPDATE employee_assets SET \"employeeId\" = 9429 WHERE \"employeeId\" = ${resourceId.rows[0].id};`,\n    `DELETE FROM \"employee_resumes\" WHERE \"employeeId\" = ${resourceId.rows[0].id};`,\n    `DELETE FROM \"employee_timeLines\" WHERE \"employeeId\" = ${resourceId.rows[0].id};`,\n    `DELETE FROM \"project_portfolio_employees\" WHERE \"employeeId\" = ${resourceId.rows[0].id};`,\n    `DELETE FROM employees WHERE id = ${resourceId.rows[0].id};`,\n  ];\n  await utilFun.udpateDatabase(query);\n}\nawait utilFun.visit(baseUrl + '/resources');\nawait utilFun.wait(3000);\nawait utilFun.waitForPageLoad();\nawait addResources.clickAddResourceBtn();\n//   Form 1\nawait addResources.clickInputField('Employee Name *', 'Stevee');\nawait addResources.clickInputField('Work Phone Number', '123456');\nawait addResources.clickInputField('Work Email *', 'steve@email.com');\nawait addResources.clickInputField('Work Shift\\nSelect Work Shift', 'morning');\nawait addResources.clickOption();\nawait addResources.clickInputField('Work Location\\nSelect Work Location', 'remote');\nawait addResources.clickOption();\nawait addResources.clickInputField('Primary Manager\\nPrimary Manager', 'bilal rafaqat');\nawait addResources.clickOption();\nawait addResources.clickInputField('Attendance Mode\\nSelect Attendance Mode', 'invodesk');\nawait addResources.clickOption();\nawait addResources.clickInputField('Designation *\\nSelect Designation', 'automation');\nawait addResources.clickOption();\nawait addResources.clickInputField('Designation Category*\\nSelect Designation Category', 'automation');\nawait addResources.clickOption();\nawait addResources.clickNextButton();\n//   Form 2\nawait addResources.clickInputField2('Father Name', 'James');\nawait addResources.clickInputField2('Personal Email', 'personal@email.com');\nawait addResources.clickInputField2('Personal Phone', '12345');\nawait addResources.clickInputField2('Address', 'xyz');\nawait addResources.clickInputField2('National ID Number', '1122');\nawait addResources.setDOB('01-01-2000');\nawait addResources.clickInputField2('Gender\\nSelect Gender', 'other');\nawait addResources.clickOption2();\nawait addResources.clickInputField2('Marital Status\\nSelect Marital Status', 'single');\nawait addResources.clickOption2();\nawait addResources.clickInputField2('Emergency Contact Name', 'James');\nawait addResources.clickInputField2('Emergency Contact Number', '54321');\nawait addResources.clickInputField2('Emergency Contact Relation', 'Father');\nawait addResources.clickNextButton2();\n//   Form 3\nawait addResources.clickInputField3('Bank Name', 'MyBank');\nawait addResources.clickInputField3('Account Title', 'current');\nawait addResources.clickInputField3('IBAN Number', '3344');\nawait addResources.clickInputField3('Bank Address', 'qwerty');\nawait addResources.clickNextButton3();\n//   Form 4\nawait addResources.clickInputField4('Certification Level\\nSelect Certification Level', 'graduation');\nawait addResources.clickOption4();\nawait addResources.clickInputField4('Field of Study', 'SE');\nawait addResources.clickInputField4('School/University', 'MIT');\nawait addResources.clickInputField4('Score/Percentage', '70');\nawait addResources.clickInputField4('Passing Year\\nSelect Degree Passing Year', '2020');\nawait addResources.clickOption4();\nawait addResources.clickNextButton4();\n//   Form 5\nawait addResources.clickInputFieldForm5('Department\\nDepartment', 'HR');\nawait addResources.clickOptionForm5();\nawait addResources.clickInputFieldForm5('Sub Department\\nSub Department', 'DevOps Support');\nawait addResources.clickOptionForm5();\nawait addResources.clickInputFieldForm5('Contract Type*\\nSelect Contract Type', 'Full Time');\nawait addResources.clickOptionForm5();\nawait addResources.clickInputFieldForm5('Date of Joining*', '11-01-2023');\nawait addResources.selectJobStatus('Probation');\nawait addResources.selectEndOfProbation('2 Months');\nawait addResources.clickInputFieldForm5('Total Working Hours*\\nSelect Total Working Hours', '4 Hrs');\nawait addResources.clickOptionForm5();\nawait addResources.clickNextButton5();\n//   Form 6\nawait addResources.clickInputFieldForm6('Current Salary (PKR)', '50000');\nawait addResources.clickInputFieldForm6('Last Salary (PKR)', '30000');\nawait addResources.clickInputFieldForm6('Last Increment Date', '01-01-2024');\nawait addResources.clickSubmitButton();\nconst alertText = await addResources.checkAlert();\nassert.equal(alertText, 'Resource Created Successfully!');\nlet resourceId1 = await utilFun.getFromDatabase(`SELECT id FROM employees WHERE \"email\" = 'steve@email.com';`);\nif (resourceId1.rowCount !== 0) {\n  detailsPageUrl = `/resource-detail/${resourceId1.rows[0].id}?tab=Basic_Information`;\n  attendanceTabUrl = `/resource-detail/${resourceId1.rows[0].id}?tab=Attendance`;\n  newId = resourceId1.rows[0].id;\n}",
              "err": {},
              "uuid": "a3b7b5ea-4f07-4016-be66-7c81b1003340",
              "parentUUID": "89bcbc6a-6888-4a19-908b-4f97acd5b51b",
              "isHook": false,
              "skipped": true
            },
            {
              "title": "should able to to add project from resource details",
              "fullTitle": "Resource Details should able to to add project from resource details",
              "timedOut": false,
              "duration": 0,
              "state": null,
              "speed": null,
              "pass": false,
              "fail": false,
              "pending": false,
              "context": null,
              "code": "await utilFun.visit(baseUrl + '/resources');\nawait utilFun.wait(3000);\nawait resources.clickFilterBtn();\nawait resources.searchName('Stevee');\nconst names = await resources.getResourceNameTag();\nassert.ok(names.includes('Stevee'), `Expected text not found.`);\nawait resources.clickAddproject();\nawait resources.selectAddProjectInputField('Projects', 'automation');\nawait resources.selectAddProjectInputField('Role in this project', 'Main Developer');\nawait resources.selectAddProjectInputField('Not Set', 'Fully Available');\nawait resources.selectAddProjectInputField('Engagement Mode', 'Billed');\nawait resources.selectAddProjectInputField('Add', '');\nconst alertText = await utilFun.checkAlert();\nassert.equal(alertText, 'Resource added in project successfully.');",
              "err": {},
              "uuid": "268d4a95-a816-441f-96dc-3e1a7cdc6b36",
              "parentUUID": "89bcbc6a-6888-4a19-908b-4f97acd5b51b",
              "isHook": false,
              "skipped": true
            },
            {
              "title": "should check if Resource is showing.",
              "fullTitle": "Resource Details should check if Resource is showing.",
              "timedOut": false,
              "duration": 0,
              "state": null,
              "speed": null,
              "pass": false,
              "fail": false,
              "pending": false,
              "context": null,
              "code": "await utilFun.waitForPageLoad();\nawait utilFun.visit(baseUrl + '/resources');\nawait resources.clickFilterBtn();\nawait resources.searchName('Steve');\nconst names = await resources.getResourceNameTag();\nassert.ok(names.includes('Stevee'), `Expected text not found.`);",
              "err": {},
              "uuid": "179da8cc-04dc-46fc-867f-b53ad43f031f",
              "parentUUID": "89bcbc6a-6888-4a19-908b-4f97acd5b51b",
              "isHook": false,
              "skipped": true
            },
            {
              "title": "should check if clicking on resource name redirecting to resoure details page.",
              "fullTitle": "Resource Details should check if clicking on resource name redirecting to resoure details page.",
              "timedOut": false,
              "duration": 0,
              "state": null,
              "speed": null,
              "pass": false,
              "fail": false,
              "pending": false,
              "context": null,
              "code": "await utilFun.waitForPageLoad();\nawait utilFun.visit(baseUrl + '/resources');\nawait resources.clickFilterBtn();\nawait resources.searchName('Steve');\nconst names = await resources.getResourceNameTag();\nassert.ok(names.includes('Stevee'), `Expected text not found.`);\nawait resources.ClickResourceNameTag();\nawait utilFun.switchWindow(1);\nconst url = await utilFun.getUrl();\nassert.equal(url, baseUrl + detailsPageUrl);",
              "err": {},
              "uuid": "3df5db50-a5e0-4bea-9f2d-13f9263ade61",
              "parentUUID": "89bcbc6a-6888-4a19-908b-4f97acd5b51b",
              "isHook": false,
              "skipped": true
            },
            {
              "title": "should check if Resource name is showing on Details page.",
              "fullTitle": "Resource Details should check if Resource name is showing on Details page.",
              "timedOut": false,
              "duration": 0,
              "state": null,
              "speed": null,
              "pass": false,
              "fail": false,
              "pending": false,
              "context": null,
              "code": "await utilFun.waitForPageLoad();\nawait utilFun.visit(baseUrl + detailsPageUrl);\nconst url = await utilFun.getUrl();\nassert.equal(url, baseUrl + detailsPageUrl);\nconst name = await resourceDetails.getResourceNameTxt();\nassert.equal(name, 'Stevee', `Expected text not found.`);",
              "err": {},
              "uuid": "f6dc653e-92b2-416a-8df3-ed2649c7a4ab",
              "parentUUID": "89bcbc6a-6888-4a19-908b-4f97acd5b51b",
              "isHook": false,
              "skipped": true
            },
            {
              "title": "should check if Resource Avatar is showing on Details page.",
              "fullTitle": "Resource Details should check if Resource Avatar is showing on Details page.",
              "timedOut": false,
              "duration": 0,
              "state": null,
              "speed": null,
              "pass": false,
              "fail": false,
              "pending": false,
              "context": null,
              "code": "await utilFun.waitForPageLoad();\nawait utilFun.visit(baseUrl + detailsPageUrl);\nawait resourceDetails.waitForNametoVisible();\nconst url = await utilFun.getUrl();\nassert.equal(url, baseUrl + detailsPageUrl);\nconst name = await resourceDetails.checkAvatarIcon();\nassert.equal(name, 'S', `Expected text not found.`);",
              "err": {},
              "uuid": "f08f1206-6af8-4879-9714-aca46b1ebc46",
              "parentUUID": "89bcbc6a-6888-4a19-908b-4f97acd5b51b",
              "isHook": false,
              "skipped": true
            },
            {
              "title": "should check if Resource Father Name is Shownig and is editable.",
              "fullTitle": "Resource Details should check if Resource Father Name is Shownig and is editable.",
              "timedOut": false,
              "duration": 0,
              "state": null,
              "speed": null,
              "pass": false,
              "fail": false,
              "pending": false,
              "context": null,
              "code": "await utilFun.visit(baseUrl + detailsPageUrl);\nconst url = await utilFun.getUrl();\nassert.equal(url, baseUrl + detailsPageUrl);\nawait resourceDetails.waitForNametoVisible();\nawait resourceDetails.checkValue('Father Name', 'James');\nawait resourceDetails.editValue('Father Name', 'James Salinas');\nconst alertText = await utilFun.checkAlert();\nassert.equal(alertText, 'Updated Successfully!');\nawait resourceDetails.checkValue('Father Name', 'James salinas');",
              "err": {},
              "uuid": "9dafa80f-7c58-41fa-b623-e48db7387025",
              "parentUUID": "89bcbc6a-6888-4a19-908b-4f97acd5b51b",
              "isHook": false,
              "skipped": true
            },
            {
              "title": "should check if Resource Personal Email is Shownig and is editable.",
              "fullTitle": "Resource Details should check if Resource Personal Email is Shownig and is editable.",
              "timedOut": false,
              "duration": 0,
              "state": null,
              "speed": null,
              "pass": false,
              "fail": false,
              "pending": false,
              "context": null,
              "code": "await utilFun.visit(baseUrl + detailsPageUrl);\nconst url = await utilFun.getUrl();\nassert.equal(url, baseUrl + detailsPageUrl);\nawait resourceDetails.waitForNametoVisible();\nawait resourceDetails.checkValue('Personal Email', 'personal@email.com');\nawait resourceDetails.editValue('Personal Email', 'personalUpdated@email.com');\nconst alertText = await utilFun.checkAlert();\nassert.equal(alertText, 'Updated Successfully!');\nawait resourceDetails.checkValue('Personal Email', 'personalUpdated@email.com');",
              "err": {},
              "uuid": "10688092-aca9-419d-8503-a3a3f51220e6",
              "parentUUID": "89bcbc6a-6888-4a19-908b-4f97acd5b51b",
              "isHook": false,
              "skipped": true
            },
            {
              "title": "should check if Resource Address is Shownig and is editable.",
              "fullTitle": "Resource Details should check if Resource Address is Shownig and is editable.",
              "timedOut": false,
              "duration": 0,
              "state": null,
              "speed": null,
              "pass": false,
              "fail": false,
              "pending": false,
              "context": null,
              "code": "await utilFun.visit(baseUrl + detailsPageUrl);\nconst url = await utilFun.getUrl();\nassert.equal(url, baseUrl + detailsPageUrl);\nawait resourceDetails.waitForNametoVisible();\nawait resourceDetails.checkValue('Address', 'xyz');\nawait resourceDetails.editValue('Address', 'xyzUpdated');\nconst alertText = await utilFun.checkAlert();\nassert.equal(alertText, 'Updated Successfully!');\nawait resourceDetails.checkValue('Address', 'xyzUpdated');",
              "err": {},
              "uuid": "f21d8c72-b763-43a0-956a-55be4dac6ee3",
              "parentUUID": "89bcbc6a-6888-4a19-908b-4f97acd5b51b",
              "isHook": false,
              "skipped": true
            },
            {
              "title": "should check if Resource Nationality is Shownig and is editable.",
              "fullTitle": "Resource Details should check if Resource Nationality is Shownig and is editable.",
              "timedOut": false,
              "duration": 0,
              "state": null,
              "speed": null,
              "pass": false,
              "fail": false,
              "pending": false,
              "context": null,
              "code": "await utilFun.visit(baseUrl + detailsPageUrl);\nconst url = await utilFun.getUrl();\nassert.equal(url, baseUrl + detailsPageUrl);\nawait resourceDetails.waitForNametoVisible();\nawait resourceDetails.checkValue('Nationality', 'Pakistan');\nawait resourceDetails.editValue('Nationality', 'United arab emirates');\nconst alertText = await utilFun.checkAlert();\nassert.equal(alertText, 'Updated Successfully!');\nawait resourceDetails.checkValue('Nationality', 'United arab emirates');",
              "err": {},
              "uuid": "31115e6f-1417-4e46-a619-313fac0a8d62",
              "parentUUID": "89bcbc6a-6888-4a19-908b-4f97acd5b51b",
              "isHook": false,
              "skipped": true
            },
            {
              "title": "should check if Resource National ID Number is Shownig and is editable.",
              "fullTitle": "Resource Details should check if Resource National ID Number is Shownig and is editable.",
              "timedOut": false,
              "duration": 0,
              "state": null,
              "speed": null,
              "pass": false,
              "fail": false,
              "pending": false,
              "context": null,
              "code": "await utilFun.visit(baseUrl + detailsPageUrl);\nconst url = await utilFun.getUrl();\nassert.equal(url, baseUrl + detailsPageUrl);\nawait resourceDetails.waitForNametoVisible();\nawait resourceDetails.checkValue('National ID Number', '1122');\nawait resourceDetails.editValue('National ID Number', '2233');\nconst alertText = await utilFun.checkAlert();\nassert.equal(alertText, 'Updated Successfully!');\nawait resourceDetails.checkValue('National ID Number', '2233');",
              "err": {},
              "uuid": "9aa18359-33fe-44e5-9306-8fa542522ddf",
              "parentUUID": "89bcbc6a-6888-4a19-908b-4f97acd5b51b",
              "isHook": false,
              "skipped": true
            },
            {
              "title": "should check if Resource Date of Birth is Shownig and is editable.",
              "fullTitle": "Resource Details should check if Resource Date of Birth is Shownig and is editable.",
              "timedOut": false,
              "duration": 0,
              "state": null,
              "speed": null,
              "pass": false,
              "fail": false,
              "pending": false,
              "context": null,
              "code": "await utilFun.visit(baseUrl + detailsPageUrl);\nconst url = await utilFun.getUrl();\nassert.equal(url, baseUrl + detailsPageUrl);\nawait resourceDetails.waitForNametoVisible();\nawait resourceDetails.checkValue('Date of Birth', '01-01-2000');\nawait resourceDetails.editValue('Date of Birth', '01-01-2001');\nconst alertText = await utilFun.checkAlert();\nassert.equal(alertText, 'Updated Successfully!');\nawait resourceDetails.checkValue('Date of Birth', '01-01-2001');",
              "err": {},
              "uuid": "6db60b36-e6cb-41f5-ba16-b41a88553615",
              "parentUUID": "89bcbc6a-6888-4a19-908b-4f97acd5b51b",
              "isHook": false,
              "skipped": true
            },
            {
              "title": "should check if Resource Gender is Shownig and is editable.",
              "fullTitle": "Resource Details should check if Resource Gender is Shownig and is editable.",
              "timedOut": false,
              "duration": 0,
              "state": null,
              "speed": null,
              "pass": false,
              "fail": false,
              "pending": false,
              "context": null,
              "code": "await utilFun.visit(baseUrl + detailsPageUrl);\nconst url = await utilFun.getUrl();\nassert.equal(url, baseUrl + detailsPageUrl);\nawait resourceDetails.waitForNametoVisible();\nawait resourceDetails.checkValue('Gender', 'Other');\nawait resourceDetails.editValue('Gender', 'Female');\nconst alertText = await utilFun.checkAlert();\nassert.equal(alertText, 'Updated Successfully!');\nawait resourceDetails.checkValue('Gender', 'Female');",
              "err": {},
              "uuid": "cf6df294-05c9-43ca-a89e-94ecc6d54d3a",
              "parentUUID": "89bcbc6a-6888-4a19-908b-4f97acd5b51b",
              "isHook": false,
              "skipped": true
            },
            {
              "title": "should check if Resource Marital Status is Shownig and is editable.",
              "fullTitle": "Resource Details should check if Resource Marital Status is Shownig and is editable.",
              "timedOut": false,
              "duration": 0,
              "state": null,
              "speed": null,
              "pass": false,
              "fail": false,
              "pending": false,
              "context": null,
              "code": "await utilFun.visit(baseUrl + detailsPageUrl);\nconst url = await utilFun.getUrl();\nassert.equal(url, baseUrl + detailsPageUrl);\nawait resourceDetails.waitForNametoVisible();\nawait resourceDetails.checkValue('Marital Status', 'Single');\nawait resourceDetails.editValue('Marital Status', 'Married');\nconst alertText = await utilFun.checkAlert();\nassert.equal(alertText, 'Updated Successfully!');\nawait resourceDetails.checkValue('Marital Status', 'Married');",
              "err": {},
              "uuid": "d33cb60d-afc4-4562-b9ac-8c25b7af1f9e",
              "parentUUID": "89bcbc6a-6888-4a19-908b-4f97acd5b51b",
              "isHook": false,
              "skipped": true
            },
            {
              "title": "should check if Resource Emergency Contact Name is Shownig and is editable.",
              "fullTitle": "Resource Details should check if Resource Emergency Contact Name is Shownig and is editable.",
              "timedOut": false,
              "duration": 0,
              "state": null,
              "speed": null,
              "pass": false,
              "fail": false,
              "pending": false,
              "context": null,
              "code": "await utilFun.visit(baseUrl + detailsPageUrl);\nconst url = await utilFun.getUrl();\nassert.equal(url, baseUrl + detailsPageUrl);\nawait resourceDetails.waitForNametoVisible();\nawait resourceDetails.checkValue('Emergency Contact Name', 'James');\nawait resourceDetails.editValue('Emergency Contact Name', 'James Salinas');\nconst alertText = await utilFun.checkAlert();\nassert.equal(alertText, 'Updated Successfully!');\nawait resourceDetails.checkValue('Emergency Contact Name', 'James Salinas');",
              "err": {},
              "uuid": "4c6e1fed-c5a4-46d9-9436-3c9299ffead4",
              "parentUUID": "89bcbc6a-6888-4a19-908b-4f97acd5b51b",
              "isHook": false,
              "skipped": true
            },
            {
              "title": "should check if Resource Emergency Contact Number is Shownig and is editable.",
              "fullTitle": "Resource Details should check if Resource Emergency Contact Number is Shownig and is editable.",
              "timedOut": false,
              "duration": 0,
              "state": null,
              "speed": null,
              "pass": false,
              "fail": false,
              "pending": false,
              "context": null,
              "code": "await utilFun.visit(baseUrl + detailsPageUrl);\nconst url = await utilFun.getUrl();\nassert.equal(url, baseUrl + detailsPageUrl);\nawait resourceDetails.waitForNametoVisible();\nawait resourceDetails.checkValue('Emergency Contact Number', '54321');\nawait resourceDetails.editValue('Emergency Contact Number', '654321');\nconst alertText = await utilFun.checkAlert();\nassert.equal(alertText, 'Updated Successfully!');\nawait resourceDetails.checkValue('Emergency Contact Number', '654321');",
              "err": {},
              "uuid": "a4a921f4-e354-4a09-a156-73da4ac75c3e",
              "parentUUID": "89bcbc6a-6888-4a19-908b-4f97acd5b51b",
              "isHook": false,
              "skipped": true
            },
            {
              "title": "should check if Resource Emergency Contact Relation is Shownig and is editable.",
              "fullTitle": "Resource Details should check if Resource Emergency Contact Relation is Shownig and is editable.",
              "timedOut": false,
              "duration": 0,
              "state": null,
              "speed": null,
              "pass": false,
              "fail": false,
              "pending": false,
              "context": null,
              "code": "await utilFun.visit(baseUrl + detailsPageUrl);\nconst url = await utilFun.getUrl();\nassert.equal(url, baseUrl + detailsPageUrl);\nawait resourceDetails.waitForNametoVisible();\nawait resourceDetails.checkValue('Emergency Contact Relation', 'Father');\nawait resourceDetails.editValue('Emergency Contact Relation', 'Brother');\nconst alertText = await utilFun.checkAlert();\nassert.equal(alertText, 'Updated Successfully!');\nawait resourceDetails.checkValue('Emergency Contact Relation', 'Brother');",
              "err": {},
              "uuid": "f8e3a2c7-ffb7-40ab-94dd-5d9e3e1162c9",
              "parentUUID": "89bcbc6a-6888-4a19-908b-4f97acd5b51b",
              "isHook": false,
              "skipped": true
            },
            {
              "title": "should check if Resource Bank Name is Shownig and is editable.",
              "fullTitle": "Resource Details should check if Resource Bank Name is Shownig and is editable.",
              "timedOut": false,
              "duration": 0,
              "state": null,
              "speed": null,
              "pass": false,
              "fail": false,
              "pending": false,
              "context": null,
              "code": "await utilFun.visit(baseUrl + detailsPageUrl);\nconst url = await utilFun.getUrl();\nassert.equal(url, baseUrl + detailsPageUrl);\nawait resourceDetails.waitForNametoVisible();\nawait resourceDetails.checkValue('Bank Name', 'Mybank');\nawait resourceDetails.editValue('Bank Name', 'Bankname');\nconst alertText = await utilFun.checkAlert();\nassert.equal(alertText, 'Updated Successfully!');\nawait resourceDetails.checkValue('Bank Name', 'Bankname');",
              "err": {},
              "uuid": "9ba9535f-fed2-4b1f-90cf-4577d3726e72",
              "parentUUID": "89bcbc6a-6888-4a19-908b-4f97acd5b51b",
              "isHook": false,
              "skipped": true
            },
            {
              "title": "should check if Resource Account Title is Shownig and is editable.",
              "fullTitle": "Resource Details should check if Resource Account Title is Shownig and is editable.",
              "timedOut": false,
              "duration": 0,
              "state": null,
              "speed": null,
              "pass": false,
              "fail": false,
              "pending": false,
              "context": null,
              "code": "await utilFun.visit(baseUrl + detailsPageUrl);\nconst url = await utilFun.getUrl();\nassert.equal(url, baseUrl + detailsPageUrl);\nawait resourceDetails.waitForNametoVisible();\nawait resourceDetails.checkValue('Account Title', 'Current');\nawait resourceDetails.editValue('Account Title', 'Saving');\nconst alertText = await utilFun.checkAlert();\nassert.equal(alertText, 'Updated Successfully!');\nawait resourceDetails.checkValue('Account Title', 'Saving');",
              "err": {},
              "uuid": "fa8c3c87-107c-4b8c-a9d6-480083cbe5ee",
              "parentUUID": "89bcbc6a-6888-4a19-908b-4f97acd5b51b",
              "isHook": false,
              "skipped": true
            },
            {
              "title": "should check if Resource IBAN Number is Shownig and is editable.",
              "fullTitle": "Resource Details should check if Resource IBAN Number is Shownig and is editable.",
              "timedOut": false,
              "duration": 0,
              "state": null,
              "speed": null,
              "pass": false,
              "fail": false,
              "pending": false,
              "context": null,
              "code": "await utilFun.visit(baseUrl + detailsPageUrl);\nconst url = await utilFun.getUrl();\nassert.equal(url, baseUrl + detailsPageUrl);\nawait resourceDetails.waitForNametoVisible();\nawait resourceDetails.checkValue('IBAN Number', '3344');\nawait resourceDetails.editValue('IBAN Number', '4455');\nconst alertText = await utilFun.checkAlert();\nassert.equal(alertText, 'Updated Successfully!');\nawait resourceDetails.checkValue('IBAN Number', '4455');",
              "err": {},
              "uuid": "46ada20c-82e5-4dea-a5a3-5d251edc76c6",
              "parentUUID": "89bcbc6a-6888-4a19-908b-4f97acd5b51b",
              "isHook": false,
              "skipped": true
            },
            {
              "title": "should check if Resource Bank Address is Shownig and is editable.",
              "fullTitle": "Resource Details should check if Resource Bank Address is Shownig and is editable.",
              "timedOut": false,
              "duration": 0,
              "state": null,
              "speed": null,
              "pass": false,
              "fail": false,
              "pending": false,
              "context": null,
              "code": "await utilFun.visit(baseUrl + detailsPageUrl);\nconst url = await utilFun.getUrl();\nassert.equal(url, baseUrl + detailsPageUrl);\nawait resourceDetails.waitForNametoVisible();\nawait resourceDetails.checkValue('Bank Address', 'qwerty');\nawait resourceDetails.editValue('Bank Address', 'street14');\nconst alertText = await utilFun.checkAlert();\nassert.equal(alertText, 'Updated Successfully!');\nawait resourceDetails.checkValue('Bank Address', 'street14');",
              "err": {},
              "uuid": "151f7f8c-f9e0-4cf5-be5a-a9c00475bb54",
              "parentUUID": "89bcbc6a-6888-4a19-908b-4f97acd5b51b",
              "isHook": false,
              "skipped": true
            },
            {
              "title": "should check if Resource Certification Level is Shownig and is editable.",
              "fullTitle": "Resource Details should check if Resource Certification Level is Shownig and is editable.",
              "timedOut": false,
              "duration": 0,
              "state": null,
              "speed": null,
              "pass": false,
              "fail": false,
              "pending": false,
              "context": null,
              "code": "await utilFun.visit(baseUrl + detailsPageUrl);\nconst url = await utilFun.getUrl();\nassert.equal(url, baseUrl + detailsPageUrl);\nawait resourceDetails.waitForNametoVisible();\nawait resourceDetails.checkValue('Certification Level', 'Graduation');\nawait resourceDetails.editValue('Certification Level', 'Master');\nconst alertText = await utilFun.checkAlert();\nassert.equal(alertText, 'Updated Successfully!');\nawait resourceDetails.checkValue('Certification Level', 'Master');",
              "err": {},
              "uuid": "1f8ff82e-baa4-4992-b7e7-d5b999f4ff9a",
              "parentUUID": "89bcbc6a-6888-4a19-908b-4f97acd5b51b",
              "isHook": false,
              "skipped": true
            },
            {
              "title": "should check if Resource Field of Study is Shownig and is editable.",
              "fullTitle": "Resource Details should check if Resource Field of Study is Shownig and is editable.",
              "timedOut": false,
              "duration": 0,
              "state": null,
              "speed": null,
              "pass": false,
              "fail": false,
              "pending": false,
              "context": null,
              "code": "await utilFun.visit(baseUrl + detailsPageUrl);\nconst url = await utilFun.getUrl();\nassert.equal(url, baseUrl + detailsPageUrl);\nawait resourceDetails.waitForNametoVisible();\nawait resourceDetails.checkValue('Field of Study', 'SE');\nawait resourceDetails.editValue('Field of Study', 'CS');\nconst alertText = await utilFun.checkAlert();\nassert.equal(alertText, 'Updated Successfully!');\nawait resourceDetails.checkValue('Field of Study', 'CS');",
              "err": {},
              "uuid": "372a15f8-214f-48dd-a8e6-aa9464eeb305",
              "parentUUID": "89bcbc6a-6888-4a19-908b-4f97acd5b51b",
              "isHook": false,
              "skipped": true
            },
            {
              "title": "should check if Resource School/University is Shownig and is editable.",
              "fullTitle": "Resource Details should check if Resource School/University is Shownig and is editable.",
              "timedOut": false,
              "duration": 0,
              "state": null,
              "speed": null,
              "pass": false,
              "fail": false,
              "pending": false,
              "context": null,
              "code": "await utilFun.visit(baseUrl + detailsPageUrl);\nconst url = await utilFun.getUrl();\nassert.equal(url, baseUrl + detailsPageUrl);\nawait resourceDetails.waitForNametoVisible();\nawait resourceDetails.checkValue('School/University', 'Mit');\nawait resourceDetails.editValue('School/University', 'Uol');\nconst alertText = await utilFun.checkAlert();\nassert.equal(alertText, 'Updated Successfully!');\nawait resourceDetails.checkValue('School/University', 'Uol');",
              "err": {},
              "uuid": "3ca07964-3267-415a-8d33-b5e0db29e123",
              "parentUUID": "89bcbc6a-6888-4a19-908b-4f97acd5b51b",
              "isHook": false,
              "skipped": true
            },
            {
              "title": "should check if Resource Score/Percentage is Shownig and is editable.",
              "fullTitle": "Resource Details should check if Resource Score/Percentage is Shownig and is editable.",
              "timedOut": false,
              "duration": 0,
              "state": null,
              "speed": null,
              "pass": false,
              "fail": false,
              "pending": false,
              "context": null,
              "code": "await utilFun.visit(baseUrl + detailsPageUrl);\nconst url = await utilFun.getUrl();\nassert.equal(url, baseUrl + detailsPageUrl);\nawait resourceDetails.waitForNametoVisible();\nawait resourceDetails.checkValue('Score/Percentage', '70');\nawait resourceDetails.editValue('Score/Percentage', '80');\nconst alertText = await utilFun.checkAlert();\nassert.equal(alertText, 'Updated Successfully!');\nawait resourceDetails.checkValue('Score/Percentage', '80');",
              "err": {},
              "uuid": "7fed53d4-f781-4140-b9c2-6a777fe096b0",
              "parentUUID": "89bcbc6a-6888-4a19-908b-4f97acd5b51b",
              "isHook": false,
              "skipped": true
            },
            {
              "title": "should check if Resource Passing Year is Shownig and is editable.",
              "fullTitle": "Resource Details should check if Resource Passing Year is Shownig and is editable.",
              "timedOut": false,
              "duration": 0,
              "state": null,
              "speed": null,
              "pass": false,
              "fail": false,
              "pending": false,
              "context": null,
              "code": "await utilFun.visit(baseUrl + detailsPageUrl);\nconst url = await utilFun.getUrl();\nassert.equal(url, baseUrl + detailsPageUrl);\nawait resourceDetails.waitForNametoVisible();\nawait resourceDetails.checkValue('Passing Year', '2020');\nawait resourceDetails.editValue('Passing Year', '2022');\nconst alertText = await utilFun.checkAlert();\nassert.equal(alertText, 'Updated Successfully!');\nawait resourceDetails.checkValue('Passing Year', '2022');",
              "err": {},
              "uuid": "69773b7d-6e4a-49fa-872b-e3360313e0ce",
              "parentUUID": "89bcbc6a-6888-4a19-908b-4f97acd5b51b",
              "isHook": false,
              "skipped": true
            },
            {
              "title": "should check if Resource Name is Shownig and is editable.",
              "fullTitle": "Resource Details should check if Resource Name is Shownig and is editable.",
              "timedOut": false,
              "duration": 0,
              "state": null,
              "speed": null,
              "pass": false,
              "fail": false,
              "pending": false,
              "context": null,
              "code": "await utilFun.visit(baseUrl + detailsPageUrl);\nconst url = await utilFun.getUrl();\nassert.equal(url, baseUrl + detailsPageUrl);\nawait resourceDetails.waitForNametoVisible();\nawait resourceDetails.checkValue('Employee Name', 'Stevee');\nawait resourceDetails.editValue('Employee Name', 'Steve');\nconst alertText = await utilFun.checkAlert();\nassert.equal(alertText, 'Updated Successfully!');\nawait resourceDetails.checkValue('Employee Name', 'Steve');",
              "err": {},
              "uuid": "0a48ba40-54f9-410a-9cf8-2f8f803e7ecc",
              "parentUUID": "89bcbc6a-6888-4a19-908b-4f97acd5b51b",
              "isHook": false,
              "skipped": true
            },
            {
              "title": "should check if Resource Work Phone Number is Shownig and is editable.",
              "fullTitle": "Resource Details should check if Resource Work Phone Number is Shownig and is editable.",
              "timedOut": false,
              "duration": 0,
              "state": null,
              "speed": null,
              "pass": false,
              "fail": false,
              "pending": false,
              "context": null,
              "code": "await utilFun.visit(baseUrl + detailsPageUrl);\nconst url = await utilFun.getUrl();\nassert.equal(url, baseUrl + detailsPageUrl);\nawait resourceDetails.waitForNametoVisible();\nawait resourceDetails.checkValue('Work Phone Number', '123456');\nawait resourceDetails.editValue('Work Phone Number', '1234');\nconst alertText = await utilFun.checkAlert();\nassert.equal(alertText, 'Updated Successfully!');\nawait resourceDetails.checkValue('Work Phone Number', '1234');",
              "err": {},
              "uuid": "8e617ee4-4fb3-4589-aec5-1fd53119efcb",
              "parentUUID": "89bcbc6a-6888-4a19-908b-4f97acd5b51b",
              "isHook": false,
              "skipped": true
            },
            {
              "title": "should check if Resource Designation is Shownig and is editable.",
              "fullTitle": "Resource Details should check if Resource Designation is Shownig and is editable.",
              "timedOut": false,
              "duration": 0,
              "state": null,
              "speed": null,
              "pass": false,
              "fail": false,
              "pending": false,
              "context": null,
              "code": "await utilFun.visit(baseUrl + detailsPageUrl);\nconst url = await utilFun.getUrl();\nassert.equal(url, baseUrl + detailsPageUrl);\nawait resourceDetails.waitForNametoVisible();\nawait resourceDetails.checkValue('Designation', 'Automation Associate SQA Automation');\nawait resourceDetails.editValue('Designation', 'Software Engineer');\nconst alertText = await utilFun.checkAlert();\nassert.equal(alertText, 'Updated Successfully!');\nawait resourceDetails.checkValue('Designation', 'Automation Software Engineer');",
              "err": {},
              "uuid": "961ecd52-0865-4b80-8e88-c81790be04d8",
              "parentUUID": "89bcbc6a-6888-4a19-908b-4f97acd5b51b",
              "isHook": false,
              "skipped": true
            },
            {
              "title": "should check if Resource Work Shift is Shownig and is editable.",
              "fullTitle": "Resource Details should check if Resource Work Shift is Shownig and is editable.",
              "timedOut": false,
              "duration": 0,
              "state": null,
              "speed": null,
              "pass": false,
              "fail": false,
              "pending": false,
              "context": null,
              "code": "await utilFun.visit(baseUrl + detailsPageUrl);\nconst url = await utilFun.getUrl();\nassert.equal(url, baseUrl + detailsPageUrl);\nawait resourceDetails.waitForNametoVisible();\nawait resourceDetails.checkValue('Work Shift', 'Morning (9am-6pm)');\nawait resourceDetails.editValue('Work Shift', 'Evening (3pm-12pm)');\nconst alertText = await utilFun.checkAlert();\nassert.equal(alertText, 'Updated Successfully!');\nawait resourceDetails.checkValue('Work Shift', 'Evening (3pm-12pm)');",
              "err": {},
              "uuid": "146e7fdc-2b9c-466e-b699-5d618328a96b",
              "parentUUID": "89bcbc6a-6888-4a19-908b-4f97acd5b51b",
              "isHook": false,
              "skipped": true
            },
            {
              "title": "should check if Resource Work Location is Shownig and is editable.",
              "fullTitle": "Resource Details should check if Resource Work Location is Shownig and is editable.",
              "timedOut": false,
              "duration": 0,
              "state": null,
              "speed": null,
              "pass": false,
              "fail": false,
              "pending": false,
              "context": null,
              "code": "await utilFun.visit(baseUrl + detailsPageUrl);\nconst url = await utilFun.getUrl();\nassert.equal(url, baseUrl + detailsPageUrl);\nawait resourceDetails.waitForNametoVisible();\nawait resourceDetails.checkValue('Work Location', 'Remote');\nawait resourceDetails.editValue('Work Location', 'Lahore');\nconst alertText = await utilFun.checkAlert();\nassert.equal(alertText, 'Updated Successfully!');\nawait resourceDetails.checkValue('Work Location', 'Lahore');",
              "err": {},
              "uuid": "9f965ac9-d087-4561-87f8-5bcbe5008c38",
              "parentUUID": "89bcbc6a-6888-4a19-908b-4f97acd5b51b",
              "isHook": false,
              "skipped": true
            },
            {
              "title": "should check if Resource Attendance Mode is Shownig and is editable.",
              "fullTitle": "Resource Details should check if Resource Attendance Mode is Shownig and is editable.",
              "timedOut": false,
              "duration": 0,
              "state": null,
              "speed": null,
              "pass": false,
              "fail": false,
              "pending": false,
              "context": null,
              "code": "await utilFun.visit(baseUrl + detailsPageUrl);\nconst url = await utilFun.getUrl();\nassert.equal(url, baseUrl + detailsPageUrl);\nawait resourceDetails.waitForNametoVisible();\nawait resourceDetails.checkValue('Attendance Mode', 'Invodesk');\nawait resourceDetails.editValue('Attendance Mode', 'Tahometer');\nconst alertText = await utilFun.checkAlert();\nassert.equal(alertText, 'Updated Successfully!');\nawait resourceDetails.checkValue('Attendance Mode', 'Tahometer');",
              "err": {},
              "uuid": "795049fe-63b4-4fbe-aae4-02a10934ba4b",
              "parentUUID": "89bcbc6a-6888-4a19-908b-4f97acd5b51b",
              "isHook": false,
              "skipped": true
            },
            {
              "title": "should check if Resource Employee Id is Shownig and is editable.",
              "fullTitle": "Resource Details should check if Resource Employee Id is Shownig and is editable.",
              "timedOut": false,
              "duration": 0,
              "state": null,
              "speed": null,
              "pass": false,
              "fail": false,
              "pending": false,
              "context": null,
              "code": "await utilFun.visit(baseUrl + detailsPageUrl);\nconst url = await utilFun.getUrl();\nassert.equal(url, baseUrl + detailsPageUrl);\nawait resourceDetails.waitForNametoVisible();\nawait resourceDetails.checkValue('Employee ID', 'IZ-2023-11-01');",
              "err": {},
              "uuid": "78351822-6abb-4991-93eb-f27cd39df694",
              "parentUUID": "89bcbc6a-6888-4a19-908b-4f97acd5b51b",
              "isHook": false,
              "skipped": true
            },
            {
              "title": "should check if Resource Experience is Shownig and is editable.",
              "fullTitle": "Resource Details should check if Resource Experience is Shownig and is editable.",
              "timedOut": false,
              "duration": 0,
              "state": null,
              "speed": null,
              "pass": false,
              "fail": false,
              "pending": false,
              "context": null,
              "code": "await utilFun.visit(baseUrl + detailsPageUrl);\nconst url = await utilFun.getUrl();\nassert.equal(url, baseUrl + detailsPageUrl);\nawait resourceDetails.waitForNametoVisible();\nawait resourceDetails.checkValue('Experience', '0');",
              "err": {},
              "uuid": "08f9dbd0-8ff9-453d-ba08-adc9d58972f8",
              "parentUUID": "89bcbc6a-6888-4a19-908b-4f97acd5b51b",
              "isHook": false,
              "skipped": true
            },
            {
              "title": "should check if Resource Availability is Shownig and is editable.",
              "fullTitle": "Resource Details should check if Resource Availability is Shownig and is editable.",
              "timedOut": false,
              "duration": 0,
              "state": null,
              "speed": null,
              "pass": false,
              "fail": false,
              "pending": false,
              "context": null,
              "code": "await utilFun.visit(baseUrl + detailsPageUrl);\nconst url = await utilFun.getUrl();\nassert.equal(url, baseUrl + detailsPageUrl);\nawait resourceDetails.waitForNametoVisible();\nawait resourceDetails.checkValue('Availability', 'Fully Available');",
              "err": {},
              "uuid": "16748535-fd48-497b-ae02-215810f53151",
              "parentUUID": "89bcbc6a-6888-4a19-908b-4f97acd5b51b",
              "isHook": false,
              "skipped": true
            },
            {
              "title": "should check if Resource Current Salary (PKR) is Shownig and is editable.",
              "fullTitle": "Resource Details should check if Resource Current Salary (PKR) is Shownig and is editable.",
              "timedOut": false,
              "duration": 0,
              "state": null,
              "speed": null,
              "pass": false,
              "fail": false,
              "pending": false,
              "context": null,
              "code": "await utilFun.visit(baseUrl + detailsPageUrl);\nconst url = await utilFun.getUrl();\nassert.equal(url, baseUrl + detailsPageUrl);\nawait resourceDetails.waitForNametoVisible();\nawait resourceDetails.checkValue('Current Salary (PKR)', '50000');\nawait resourceDetails.editValue('Current Salary (PKR)', '60000');\nconst alertText = await utilFun.checkAlert();\nassert.equal(alertText, 'Updated Successfully!');\nawait resourceDetails.checkValue('Current Salary (PKR)', '60000');",
              "err": {},
              "uuid": "1423cf5f-cb27-447c-9882-30467b3ac267",
              "parentUUID": "89bcbc6a-6888-4a19-908b-4f97acd5b51b",
              "isHook": false,
              "skipped": true
            },
            {
              "title": "should check if Resource Last Salary is Shownig and is editable.",
              "fullTitle": "Resource Details should check if Resource Last Salary is Shownig and is editable.",
              "timedOut": false,
              "duration": 0,
              "state": null,
              "speed": null,
              "pass": false,
              "fail": false,
              "pending": false,
              "context": null,
              "code": "await utilFun.visit(baseUrl + detailsPageUrl);\nconst url = await utilFun.getUrl();\nassert.equal(url, baseUrl + detailsPageUrl);\nawait resourceDetails.waitForNametoVisible();\nawait resourceDetails.checkValue('Last Salary', '30000');\nawait resourceDetails.editValue('Last Salary', '35000');\nconst alertText = await utilFun.checkAlert();\nassert.equal(alertText, 'Updated Successfully!');\nawait resourceDetails.checkValue('Last Salary', '35000');",
              "err": {},
              "uuid": "c89e8cf4-2379-414c-a1c1-75f4bed44e9a",
              "parentUUID": "89bcbc6a-6888-4a19-908b-4f97acd5b51b",
              "isHook": false,
              "skipped": true
            },
            {
              "title": "should check if Resource Last Increment Date is Shownig and is editable.",
              "fullTitle": "Resource Details should check if Resource Last Increment Date is Shownig and is editable.",
              "timedOut": false,
              "duration": 0,
              "state": null,
              "speed": null,
              "pass": false,
              "fail": false,
              "pending": false,
              "context": null,
              "code": "await utilFun.visit(baseUrl + detailsPageUrl);\nconst url = await utilFun.getUrl();\nassert.equal(url, baseUrl + detailsPageUrl);\nawait resourceDetails.waitForNametoVisible();\nawait resourceDetails.checkValue('Last Increment Date', 'Jan 01, 2024');\nawait resourceDetails.editValue('Last Increment Date', '01-10-2024');\nconst alertText = await utilFun.checkAlert();\nassert.equal(alertText, 'Updated Successfully!');\nawait resourceDetails.checkValue('Last Increment Date', 'Jan 10, 2024');",
              "err": {},
              "uuid": "96b8df5d-2587-4a51-8ddc-5565f39bd10d",
              "parentUUID": "89bcbc6a-6888-4a19-908b-4f97acd5b51b",
              "isHook": false,
              "skipped": true
            },
            {
              "title": "should check if Resource Department is Shownig and is editable.",
              "fullTitle": "Resource Details should check if Resource Department is Shownig and is editable.",
              "timedOut": false,
              "duration": 0,
              "state": null,
              "speed": null,
              "pass": false,
              "fail": false,
              "pending": false,
              "context": null,
              "code": "await utilFun.visit(baseUrl + detailsPageUrl);\nconst url = await utilFun.getUrl();\nassert.equal(url, baseUrl + detailsPageUrl);\nawait resourceDetails.waitForNametoVisible();\nawait resourceDetails.checkValue('Department', 'HR');\nawait resourceDetails.editValue('Department', 'Engineering');\nconst alertText = await utilFun.checkAlert();\nassert.equal(alertText, 'Updated Successfully!');\nawait resourceDetails.checkValue('Department', 'Engineering');",
              "err": {},
              "uuid": "70b83477-d0d2-4151-b7b7-d5bdbf3bd6f1",
              "parentUUID": "89bcbc6a-6888-4a19-908b-4f97acd5b51b",
              "isHook": false,
              "skipped": true
            },
            {
              "title": "should check if Resource Sub Department is Shownig and is editable.",
              "fullTitle": "Resource Details should check if Resource Sub Department is Shownig and is editable.",
              "timedOut": false,
              "duration": 0,
              "state": null,
              "speed": null,
              "pass": false,
              "fail": false,
              "pending": false,
              "context": null,
              "code": "await utilFun.visit(baseUrl + detailsPageUrl);\nconst url = await utilFun.getUrl();\nassert.equal(url, baseUrl + detailsPageUrl);\nawait resourceDetails.waitForNametoVisible();\nawait resourceDetails.checkValue('Sub Department', 'N/A');\nawait resourceDetails.editValue('Sub Department', 'DevOps Support');\nconst alertText = await utilFun.checkAlert();\nassert.equal(alertText, 'Updated Successfully!');\nawait resourceDetails.checkValue('Sub Department', 'DevOps Support');",
              "err": {},
              "uuid": "b78250ff-f6f0-4554-98fc-b6cb1fd35604",
              "parentUUID": "89bcbc6a-6888-4a19-908b-4f97acd5b51b",
              "isHook": false,
              "skipped": true
            },
            {
              "title": "should check if Resource Contract Type is Shownig and is editable.",
              "fullTitle": "Resource Details should check if Resource Contract Type is Shownig and is editable.",
              "timedOut": false,
              "duration": 0,
              "state": null,
              "speed": null,
              "pass": false,
              "fail": false,
              "pending": false,
              "context": null,
              "code": "await utilFun.visit(baseUrl + detailsPageUrl);\nconst url = await utilFun.getUrl();\nassert.equal(url, baseUrl + detailsPageUrl);\nawait resourceDetails.waitForNametoVisible();\nawait resourceDetails.checkValue('Contract Type', 'Full Time');",
              "err": {},
              "uuid": "3651bc5e-25bd-4b23-9b2d-ab4f53bd9eb7",
              "parentUUID": "89bcbc6a-6888-4a19-908b-4f97acd5b51b",
              "isHook": false,
              "skipped": true
            },
            {
              "title": "should check if Resource Job Status is Shownig and is editable.",
              "fullTitle": "Resource Details should check if Resource Job Status is Shownig and is editable.",
              "timedOut": false,
              "duration": 0,
              "state": null,
              "speed": null,
              "pass": false,
              "fail": false,
              "pending": false,
              "context": null,
              "code": "await utilFun.visit(baseUrl + detailsPageUrl);\nconst url = await utilFun.getUrl();\nassert.equal(url, baseUrl + detailsPageUrl);\nawait resourceDetails.waitForNametoVisible();\nawait resourceDetails.checkValue('Job Status', 'Probation');\nawait resourceDetails.editValue('Job Status', 'Permanent');\nconst alertText = await utilFun.checkAlert();\nassert.equal(alertText, 'Updated Successfully!');\nawait resourceDetails.checkValue('Job Status', 'Permanent');",
              "err": {},
              "uuid": "122e6fce-357c-46c4-9b71-8bf026b478cc",
              "parentUUID": "89bcbc6a-6888-4a19-908b-4f97acd5b51b",
              "isHook": false,
              "skipped": true
            },
            {
              "title": "should check if Resource Date of Joining is Shownig and is editable.",
              "fullTitle": "Resource Details should check if Resource Date of Joining is Shownig and is editable.",
              "timedOut": false,
              "duration": 0,
              "state": null,
              "speed": null,
              "pass": false,
              "fail": false,
              "pending": false,
              "context": null,
              "code": "await utilFun.visit(baseUrl + detailsPageUrl);\nconst url = await utilFun.getUrl();\nassert.equal(url, baseUrl + detailsPageUrl);\nawait resourceDetails.waitForNametoVisible();\nawait resourceDetails.checkValue('Date of Joining', 'Nov 01, 2023');\nawait resourceDetails.editValue('Date of Joining', '11-10-2023');\nconst alertText = await utilFun.checkAlert();\nassert.equal(alertText, 'Updated Successfully!');\nawait resourceDetails.checkValue('Date of Joining', 'Nov 10, 2023');",
              "err": {},
              "uuid": "b11ecc5a-c4ce-431a-9d29-b5af35e36b5a",
              "parentUUID": "89bcbc6a-6888-4a19-908b-4f97acd5b51b",
              "isHook": false,
              "skipped": true
            },
            {
              "title": "should check if Resource Expected End of Probation Date is Shownig and is editable.",
              "fullTitle": "Resource Details should check if Resource Expected End of Probation Date is Shownig and is editable.",
              "timedOut": false,
              "duration": 0,
              "state": null,
              "speed": null,
              "pass": false,
              "fail": false,
              "pending": false,
              "context": null,
              "code": "await utilFun.visit(baseUrl + detailsPageUrl);\nconst url = await utilFun.getUrl();\nassert.equal(url, baseUrl + detailsPageUrl);\nawait resourceDetails.waitForNametoVisible();\nawait resourceDetails.editValue('Expected End of Probation Date', '01-10-2024');\nconst alertText = await utilFun.checkAlert();\nassert.equal(alertText, 'Updated Successfully!');\nawait resourceDetails.checkValue('Expected End of Probation Date', 'Jan 10, 2024');",
              "err": {},
              "uuid": "ce985991-9b21-458a-bd87-4073c29b01c5",
              "parentUUID": "89bcbc6a-6888-4a19-908b-4f97acd5b51b",
              "isHook": false,
              "skipped": true
            },
            {
              "title": "should check if Resource Probation Completed is Shownig and is editable.",
              "fullTitle": "Resource Details should check if Resource Probation Completed is Shownig and is editable.",
              "timedOut": false,
              "duration": 0,
              "state": null,
              "speed": null,
              "pass": false,
              "fail": false,
              "pending": false,
              "context": null,
              "code": "await utilFun.visit(baseUrl + detailsPageUrl);\nconst url = await utilFun.getUrl();\nassert.equal(url, baseUrl + detailsPageUrl);\nawait resourceDetails.waitForNametoVisible();\nawait resourceDetails.editValue('Probation Completed', '01-10-2024');\nconst alertText = await utilFun.checkAlert();\nassert.equal(alertText, 'Updated Successfully!');\nawait resourceDetails.checkValue('Probation Completed', 'Jan 10, 2024');",
              "err": {},
              "uuid": "629996f5-d748-474d-bd77-27761bde0531",
              "parentUUID": "89bcbc6a-6888-4a19-908b-4f97acd5b51b",
              "isHook": false,
              "skipped": true
            },
            {
              "title": "should check if Resource Permanent Date is Shownig and is editable.",
              "fullTitle": "Resource Details should check if Resource Permanent Date is Shownig and is editable.",
              "timedOut": false,
              "duration": 0,
              "state": null,
              "speed": null,
              "pass": false,
              "fail": false,
              "pending": false,
              "context": null,
              "code": "await utilFun.visit(baseUrl + detailsPageUrl);\nconst url = await utilFun.getUrl();\nassert.equal(url, baseUrl + detailsPageUrl);\nawait resourceDetails.waitForNametoVisible();\nawait resourceDetails.editValue('Permanent Date', '01-11-2024');\nconst alertText = await utilFun.checkAlert();\nassert.equal(alertText, 'Updated Successfully!');\nawait resourceDetails.checkValue('Permanent Date', 'Jan 11, 2024');",
              "err": {},
              "uuid": "a8083b45-9950-4d84-a403-59acca1390ee",
              "parentUUID": "89bcbc6a-6888-4a19-908b-4f97acd5b51b",
              "isHook": false,
              "skipped": true
            },
            {
              "title": "should check if Resource Total Working Hours is Shownig and is editable.",
              "fullTitle": "Resource Details should check if Resource Total Working Hours is Shownig and is editable.",
              "timedOut": false,
              "duration": 0,
              "state": null,
              "speed": null,
              "pass": false,
              "fail": false,
              "pending": false,
              "context": null,
              "code": "await utilFun.visit(baseUrl + detailsPageUrl);\nconst url = await utilFun.getUrl();\nassert.equal(url, baseUrl + detailsPageUrl);\nawait resourceDetails.waitForNametoVisible();\nawait resourceDetails.checkValue('Total Working Hours', '4');\nawait resourceDetails.editValue('Total Working Hours', '6');\nconst alertText = await utilFun.checkAlert();\nassert.equal(alertText, 'Updated Successfully!');\nawait resourceDetails.checkValue('Total Working Hours', '6');",
              "err": {},
              "uuid": "4c81774e-0a9d-4bac-ab6a-ffa3335a4601",
              "parentUUID": "89bcbc6a-6888-4a19-908b-4f97acd5b51b",
              "isHook": false,
              "skipped": true
            },
            {
              "title": "should check if Resource Earned Casual Leaves is Shownig and is editable.",
              "fullTitle": "Resource Details should check if Resource Earned Casual Leaves is Shownig and is editable.",
              "timedOut": false,
              "duration": 0,
              "state": null,
              "speed": null,
              "pass": false,
              "fail": false,
              "pending": false,
              "context": null,
              "code": "await utilFun.visit(baseUrl + detailsPageUrl);\nconst url = await utilFun.getUrl();\nassert.equal(url, baseUrl + detailsPageUrl);\nawait resourceDetails.waitForNametoVisible();\nawait resourceDetails.checkValue('Earned Casual Leaves', '13');\nawait resourceDetails.editValue('Earned Casual Leaves', '12');\nconst alertText = await utilFun.checkAlert();\nassert.equal(alertText, 'Leave quota updated successfully');\nawait resourceDetails.checkValue('Earned Casual Leaves', '12');",
              "err": {},
              "uuid": "1eb3f5a1-b78d-4f84-b1b8-a1f9e15a3276",
              "parentUUID": "89bcbc6a-6888-4a19-908b-4f97acd5b51b",
              "isHook": false,
              "skipped": true
            },
            {
              "title": "should check if Resource Earned Sick Leaves is Shownig and is editable.",
              "fullTitle": "Resource Details should check if Resource Earned Sick Leaves is Shownig and is editable.",
              "timedOut": false,
              "duration": 0,
              "state": null,
              "speed": null,
              "pass": false,
              "fail": false,
              "pending": false,
              "context": null,
              "code": "await utilFun.visit(baseUrl + detailsPageUrl);\nconst url = await utilFun.getUrl();\nassert.equal(url, baseUrl + detailsPageUrl);\nawait resourceDetails.waitForNametoVisible();\nawait resourceDetails.checkValue('Earned Sick Leaves', '5');\nawait resourceDetails.editValue('Earned Sick Leaves', '4');\nconst alertText = await utilFun.checkAlert();\nassert.equal(alertText, 'Leave quota updated successfully');\nawait resourceDetails.checkValue('Earned Sick Leaves', '4');",
              "err": {},
              "uuid": "30cbd2ab-3579-45b3-9808-497b47888ad2",
              "parentUUID": "89bcbc6a-6888-4a19-908b-4f97acd5b51b",
              "isHook": false,
              "skipped": true
            },
            {
              "title": "should check if Resource Total Leaves Earned (Casual/Sick) is Shownig and is editable.",
              "fullTitle": "Resource Details should check if Resource Total Leaves Earned (Casual/Sick) is Shownig and is editable.",
              "timedOut": false,
              "duration": 0,
              "state": null,
              "speed": null,
              "pass": false,
              "fail": false,
              "pending": false,
              "context": null,
              "code": "await utilFun.visit(baseUrl + detailsPageUrl);\nconst url = await utilFun.getUrl();\nassert.equal(url, baseUrl + detailsPageUrl);\nawait resourceDetails.waitForNametoVisible();\nawait resourceDetails.checkValue('Total Leaves Earned (Casual/Sick)', '16');",
              "err": {},
              "uuid": "837208c5-87b8-4861-83dc-ec8ef1d438fb",
              "parentUUID": "89bcbc6a-6888-4a19-908b-4f97acd5b51b",
              "isHook": false,
              "skipped": true
            },
            {
              "title": "should check if Resource Availed Casual Leaves is Shownig and is editable.",
              "fullTitle": "Resource Details should check if Resource Availed Casual Leaves is Shownig and is editable.",
              "timedOut": false,
              "duration": 0,
              "state": null,
              "speed": null,
              "pass": false,
              "fail": false,
              "pending": false,
              "context": null,
              "code": "await utilFun.visit(baseUrl + detailsPageUrl);\nconst url = await utilFun.getUrl();\nassert.equal(url, baseUrl + detailsPageUrl);\nawait resourceDetails.waitForNametoVisible();\nawait resourceDetails.checkValue('Availed Casual Leaves', '0');",
              "err": {},
              "uuid": "8287251d-9ec0-4197-a419-41fb609c254f",
              "parentUUID": "89bcbc6a-6888-4a19-908b-4f97acd5b51b",
              "isHook": false,
              "skipped": true
            },
            {
              "title": "should check if Resource Availed Sick Leaves is Shownig and is editable.",
              "fullTitle": "Resource Details should check if Resource Availed Sick Leaves is Shownig and is editable.",
              "timedOut": false,
              "duration": 0,
              "state": null,
              "speed": null,
              "pass": false,
              "fail": false,
              "pending": false,
              "context": null,
              "code": "await utilFun.visit(baseUrl + detailsPageUrl);\nconst url = await utilFun.getUrl();\nassert.equal(url, baseUrl + detailsPageUrl);\nawait resourceDetails.waitForNametoVisible();\nawait resourceDetails.checkValue('Availed Sick Leaves', '0');",
              "err": {},
              "uuid": "7dc2046c-68bf-4abc-afe9-bb9ce4865c26",
              "parentUUID": "89bcbc6a-6888-4a19-908b-4f97acd5b51b",
              "isHook": false,
              "skipped": true
            },
            {
              "title": "should check if Resource Total Leaves Availed (Casual/Sick) is Shownig and is editable.",
              "fullTitle": "Resource Details should check if Resource Total Leaves Availed (Casual/Sick) is Shownig and is editable.",
              "timedOut": false,
              "duration": 0,
              "state": null,
              "speed": null,
              "pass": false,
              "fail": false,
              "pending": false,
              "context": null,
              "code": "await utilFun.visit(baseUrl + detailsPageUrl);\nconst url = await utilFun.getUrl();\nassert.equal(url, baseUrl + detailsPageUrl);\nawait resourceDetails.waitForNametoVisible();\nawait resourceDetails.checkValue('Total Leaves Availed (Casual/Sick)', '0');",
              "err": {},
              "uuid": "2d21d3aa-b726-490c-aca0-a42240c8b8ab",
              "parentUUID": "89bcbc6a-6888-4a19-908b-4f97acd5b51b",
              "isHook": false,
              "skipped": true
            },
            {
              "title": "should check if Resource Total Remaining Leaves is Shownig and is editable.",
              "fullTitle": "Resource Details should check if Resource Total Remaining Leaves is Shownig and is editable.",
              "timedOut": false,
              "duration": 0,
              "state": null,
              "speed": null,
              "pass": false,
              "fail": false,
              "pending": false,
              "context": null,
              "code": "await utilFun.visit(baseUrl + detailsPageUrl);\nconst url = await utilFun.getUrl();\nassert.equal(url, baseUrl + detailsPageUrl);\nawait resourceDetails.waitForNametoVisible();\nawait resourceDetails.checkValue('Total Remaining Leaves', '16');",
              "err": {},
              "uuid": "0c83fcb0-3642-46de-bce3-3321e8cadbf1",
              "parentUUID": "89bcbc6a-6888-4a19-908b-4f97acd5b51b",
              "isHook": false,
              "skipped": true
            },
            {
              "title": "should check if Resource Availed Paid Leaves is Shownig and is editable.",
              "fullTitle": "Resource Details should check if Resource Availed Paid Leaves is Shownig and is editable.",
              "timedOut": false,
              "duration": 0,
              "state": null,
              "speed": null,
              "pass": false,
              "fail": false,
              "pending": false,
              "context": null,
              "code": "await utilFun.visit(baseUrl + detailsPageUrl);\nconst url = await utilFun.getUrl();\nassert.equal(url, baseUrl + detailsPageUrl);\nawait resourceDetails.waitForNametoVisible();\nawait resourceDetails.checkOtherLeaves('Availed Paid Leaves', '0');",
              "err": {},
              "uuid": "91cb85bd-1448-4e95-97cc-bc01ddfebdf1",
              "parentUUID": "89bcbc6a-6888-4a19-908b-4f97acd5b51b",
              "isHook": false,
              "skipped": true
            },
            {
              "title": "should check if Resource Availed Unpaid Leaves is Shownig and is editable.",
              "fullTitle": "Resource Details should check if Resource Availed Unpaid Leaves is Shownig and is editable.",
              "timedOut": false,
              "duration": 0,
              "state": null,
              "speed": null,
              "pass": false,
              "fail": false,
              "pending": false,
              "context": null,
              "code": "await utilFun.visit(baseUrl + detailsPageUrl);\nconst url = await utilFun.getUrl();\nassert.equal(url, baseUrl + detailsPageUrl);\nawait resourceDetails.waitForNametoVisible();\nawait resourceDetails.checkOtherLeaves('Availed Unpaid Leaves', '0');",
              "err": {},
              "uuid": "fa9da340-070f-4142-9df0-17e294a26e07",
              "parentUUID": "89bcbc6a-6888-4a19-908b-4f97acd5b51b",
              "isHook": false,
              "skipped": true
            },
            {
              "title": "should check if Resource Carry Forward Leaves is Shownig and is editable.",
              "fullTitle": "Resource Details should check if Resource Carry Forward Leaves is Shownig and is editable.",
              "timedOut": false,
              "duration": 0,
              "state": null,
              "speed": null,
              "pass": false,
              "fail": false,
              "pending": false,
              "context": null,
              "code": "await utilFun.visit(baseUrl + detailsPageUrl);\nconst url = await utilFun.getUrl();\nassert.equal(url, baseUrl + detailsPageUrl);\nawait resourceDetails.waitForNametoVisible();\nawait resourceDetails.checkOtherLeaves('Carry Forward Leaves', '0');",
              "err": {},
              "uuid": "6a247e67-64f8-4fdd-a0a9-533827415867",
              "parentUUID": "89bcbc6a-6888-4a19-908b-4f97acd5b51b",
              "isHook": false,
              "skipped": true
            },
            {
              "title": "should check if Resource Project is Showing.",
              "fullTitle": "Resource Details should check if Resource Project is Showing.",
              "timedOut": false,
              "duration": 0,
              "state": null,
              "speed": null,
              "pass": false,
              "fail": false,
              "pending": false,
              "context": null,
              "code": "await utilFun.visit(baseUrl + detailsPageUrl);\nconst url = await utilFun.getUrl();\nassert.equal(url, baseUrl + detailsPageUrl);\nawait resourceDetails.waitForNametoVisible();\nconst projectData = await resourceDetails.checkProjectDetails();\nassert.ok(projectData.includes('automation'), `Expected text not found.`);",
              "err": {},
              "uuid": "482d9178-1565-4699-9c36-3b384e50c38b",
              "parentUUID": "89bcbc6a-6888-4a19-908b-4f97acd5b51b",
              "isHook": false,
              "skipped": true
            },
            {
              "title": "should able to delete project from details page.",
              "fullTitle": "Resource Details should able to delete project from details page.",
              "timedOut": false,
              "duration": 0,
              "state": null,
              "speed": null,
              "pass": false,
              "fail": false,
              "pending": false,
              "context": null,
              "code": "await utilFun.visit(baseUrl + detailsPageUrl);\nconst url = await utilFun.getUrl();\nassert.equal(url, baseUrl + detailsPageUrl);\nawait resourceDetails.waitForNametoVisible();\nawait resourceDetails.clickDelProjectBtn();\nconst alertText = await utilFun.checkAlert();\nassert.equal(alertText, 'Resource removed from project successfully.');",
              "err": {},
              "uuid": "3ab88810-a3ac-45cf-97ea-2c49290f1249",
              "parentUUID": "89bcbc6a-6888-4a19-908b-4f97acd5b51b",
              "isHook": false,
              "skipped": true
            },
            {
              "title": "should check if Hardware records are showing correctly.",
              "fullTitle": "Resource Details should check if Hardware records are showing correctly.",
              "timedOut": false,
              "duration": 0,
              "state": null,
              "speed": null,
              "pass": false,
              "fail": false,
              "pending": false,
              "context": null,
              "code": "let query = [`UPDATE employee_assets SET \"employeeId\" = ${newId} WHERE \"employeeId\" = 9429;`];\nawait utilFun.udpateDatabase(query);\nawait utilFun.visit(baseUrl + detailsPageUrl);\nconst url = await utilFun.getUrl();\nassert.equal(url, baseUrl + detailsPageUrl);\nawait resourceDetails.waitForNametoVisible();\nlet records = await resourceDetails.getAssetRecords();\nassert.ok(records.includes('Steve'), `Expected text not found.`);",
              "err": {},
              "uuid": "1a29daeb-5cf6-4688-b73a-26db521748d5",
              "parentUUID": "89bcbc6a-6888-4a19-908b-4f97acd5b51b",
              "isHook": false,
              "skipped": true
            },
            {
              "title": "should add skills from Resource details page.",
              "fullTitle": "Resource Details should add skills from Resource details page.",
              "timedOut": false,
              "duration": 0,
              "state": null,
              "speed": null,
              "pass": false,
              "fail": false,
              "pending": false,
              "context": null,
              "code": "await utilFun.visit(baseUrl + detailsPageUrl);\nconst url = await utilFun.getUrl();\nassert.equal(url, baseUrl + detailsPageUrl);\nawait resourceDetails.waitForNametoVisible();\nawait resourceDetails.clickEditSkillBtn()\nawait resourceDetails.searchSkill('automation')\nawait resourceDetails.clickAddIcon()\nconst alertText = await utilFun.checkAlert();\nassert.equal(alertText, 'Skills updated successfully.');\nawait resourceDetails.clickDoneBtn()",
              "err": {},
              "uuid": "f3adeaa9-1f43-4f08-b903-6b30713143b3",
              "parentUUID": "89bcbc6a-6888-4a19-908b-4f97acd5b51b",
              "isHook": false,
              "skipped": true
            },
            {
              "title": "should check if skills records are showing correctly.",
              "fullTitle": "Resource Details should check if skills records are showing correctly.",
              "timedOut": false,
              "duration": 0,
              "state": null,
              "speed": null,
              "pass": false,
              "fail": false,
              "pending": false,
              "context": null,
              "code": "await utilFun.visit(baseUrl + detailsPageUrl);\nconst url = await utilFun.getUrl();\nassert.equal(url, baseUrl + detailsPageUrl);\nawait resourceDetails.waitForNametoVisible();\nlet records = await resourceDetails.getSkillRecords();\nassert.ok(records.includes('Automation'), `Expected text not found.`);",
              "err": {},
              "uuid": "c72fd918-264d-4abf-871c-c7a2cffaec0b",
              "parentUUID": "89bcbc6a-6888-4a19-908b-4f97acd5b51b",
              "isHook": false,
              "skipped": true
            },
            {
              "title": "should able to remove skill by editing.",
              "fullTitle": "Resource Details should able to remove skill by editing.",
              "timedOut": false,
              "duration": 0,
              "state": null,
              "speed": null,
              "pass": false,
              "fail": false,
              "pending": false,
              "context": null,
              "code": "await utilFun.visit(baseUrl + detailsPageUrl);\nconst url = await utilFun.getUrl();\nassert.equal(url, baseUrl + detailsPageUrl);\nawait resourceDetails.waitForNametoVisible();\nawait resourceDetails.clickEditSkillBtn()\nawait resourceDetails.clickRemoveSkillBtn()\nawait resourceDetails.clickYesBtn()\nconst alertText = await utilFun.checkAlert();\nassert.equal(alertText, 'Skill is deleted successfully');\nawait resourceDetails.clickDoneBtn()\nlet records = await resourceDetails.getSkillRecordsEmpty();\nconsole.log(records);\nassert.equal(records, 'No Data');",
              "err": {},
              "uuid": "42378b2e-9e8c-40f3-bd93-6cc0fe91058d",
              "parentUUID": "89bcbc6a-6888-4a19-908b-4f97acd5b51b",
              "isHook": false,
              "skipped": true
            },
            {
              "title": "should check if attendence is showing correctly.",
              "fullTitle": "Resource Details should check if attendence is showing correctly.",
              "timedOut": false,
              "duration": 0,
              "state": null,
              "speed": null,
              "pass": false,
              "fail": false,
              "pending": false,
              "context": null,
              "code": "let query = [`UPDATE employee_attendances SET \"employeeId\" = ${newId} WHERE \"employeeId\" = 9429;`];\nawait utilFun.udpateDatabase(query);\nawait utilFun.visit(baseUrl + detailsPageUrl);\nconst url = await utilFun.getUrl();\nassert.equal(url, baseUrl + detailsPageUrl);\nawait resourceDetails.waitForNametoVisible();\nawait resourceDetails.clickAttendanceTab();\nconst url1 = await utilFun.getUrl();\nassert.equal(url1, baseUrl + attendanceTabUrl);\nawait resourceDetails.selectAttendanceYear(2024);\nawait resourceDetails.selectAttendanceMonth('Jan');\nawait utilFun.wait(2000)\nlet time = await resourceDetails.getTimeByDate('2024-01-22');\nassert.equal(time, '08:00');\ntime = await resourceDetails.getTimeByDate('2024-01-23');\nassert.equal(time, '08:00');\ntime = await resourceDetails.getTimeByDate('2024-01-24');\nassert.equal(time, '08:20');\ntime = await resourceDetails.getTimeByDate('2024-01-25');\nassert.equal(time, '07:30');\ntime = await resourceDetails.getTimeByDate('2024-01-26');\nassert.equal(time, '06:40');\nlet weekTime = await resourceDetails.getWeekTime(4);\nassert.equal(weekTime, '38:30');",
              "err": {},
              "uuid": "cd771db2-8005-4fcd-83c6-9fb5c85e917b",
              "parentUUID": "89bcbc6a-6888-4a19-908b-4f97acd5b51b",
              "isHook": false,
              "skipped": true
            }
          ],
          "suites": [],
          "passes": [],
          "failures": [],
          "pending": [],
          "skipped": [
            "a3b7b5ea-4f07-4016-be66-7c81b1003340",
            "268d4a95-a816-441f-96dc-3e1a7cdc6b36",
            "179da8cc-04dc-46fc-867f-b53ad43f031f",
            "3df5db50-a5e0-4bea-9f2d-13f9263ade61",
            "f6dc653e-92b2-416a-8df3-ed2649c7a4ab",
            "f08f1206-6af8-4879-9714-aca46b1ebc46",
            "9dafa80f-7c58-41fa-b623-e48db7387025",
            "10688092-aca9-419d-8503-a3a3f51220e6",
            "f21d8c72-b763-43a0-956a-55be4dac6ee3",
            "31115e6f-1417-4e46-a619-313fac0a8d62",
            "9aa18359-33fe-44e5-9306-8fa542522ddf",
            "6db60b36-e6cb-41f5-ba16-b41a88553615",
            "cf6df294-05c9-43ca-a89e-94ecc6d54d3a",
            "d33cb60d-afc4-4562-b9ac-8c25b7af1f9e",
            "4c6e1fed-c5a4-46d9-9436-3c9299ffead4",
            "a4a921f4-e354-4a09-a156-73da4ac75c3e",
            "f8e3a2c7-ffb7-40ab-94dd-5d9e3e1162c9",
            "9ba9535f-fed2-4b1f-90cf-4577d3726e72",
            "fa8c3c87-107c-4b8c-a9d6-480083cbe5ee",
            "46ada20c-82e5-4dea-a5a3-5d251edc76c6",
            "151f7f8c-f9e0-4cf5-be5a-a9c00475bb54",
            "1f8ff82e-baa4-4992-b7e7-d5b999f4ff9a",
            "372a15f8-214f-48dd-a8e6-aa9464eeb305",
            "3ca07964-3267-415a-8d33-b5e0db29e123",
            "7fed53d4-f781-4140-b9c2-6a777fe096b0",
            "69773b7d-6e4a-49fa-872b-e3360313e0ce",
            "0a48ba40-54f9-410a-9cf8-2f8f803e7ecc",
            "8e617ee4-4fb3-4589-aec5-1fd53119efcb",
            "961ecd52-0865-4b80-8e88-c81790be04d8",
            "146e7fdc-2b9c-466e-b699-5d618328a96b",
            "9f965ac9-d087-4561-87f8-5bcbe5008c38",
            "795049fe-63b4-4fbe-aae4-02a10934ba4b",
            "78351822-6abb-4991-93eb-f27cd39df694",
            "08f9dbd0-8ff9-453d-ba08-adc9d58972f8",
            "16748535-fd48-497b-ae02-215810f53151",
            "1423cf5f-cb27-447c-9882-30467b3ac267",
            "c89e8cf4-2379-414c-a1c1-75f4bed44e9a",
            "96b8df5d-2587-4a51-8ddc-5565f39bd10d",
            "70b83477-d0d2-4151-b7b7-d5bdbf3bd6f1",
            "b78250ff-f6f0-4554-98fc-b6cb1fd35604",
            "3651bc5e-25bd-4b23-9b2d-ab4f53bd9eb7",
            "122e6fce-357c-46c4-9b71-8bf026b478cc",
            "b11ecc5a-c4ce-431a-9d29-b5af35e36b5a",
            "ce985991-9b21-458a-bd87-4073c29b01c5",
            "629996f5-d748-474d-bd77-27761bde0531",
            "a8083b45-9950-4d84-a403-59acca1390ee",
            "4c81774e-0a9d-4bac-ab6a-ffa3335a4601",
            "1eb3f5a1-b78d-4f84-b1b8-a1f9e15a3276",
            "30cbd2ab-3579-45b3-9808-497b47888ad2",
            "837208c5-87b8-4861-83dc-ec8ef1d438fb",
            "8287251d-9ec0-4197-a419-41fb609c254f",
            "7dc2046c-68bf-4abc-afe9-bb9ce4865c26",
            "2d21d3aa-b726-490c-aca0-a42240c8b8ab",
            "0c83fcb0-3642-46de-bce3-3321e8cadbf1",
            "91cb85bd-1448-4e95-97cc-bc01ddfebdf1",
            "fa9da340-070f-4142-9df0-17e294a26e07",
            "6a247e67-64f8-4fdd-a0a9-533827415867",
            "482d9178-1565-4699-9c36-3b384e50c38b",
            "3ab88810-a3ac-45cf-97ea-2c49290f1249",
            "1a29daeb-5cf6-4688-b73a-26db521748d5",
            "f3adeaa9-1f43-4f08-b903-6b30713143b3",
            "c72fd918-264d-4abf-871c-c7a2cffaec0b",
            "42378b2e-9e8c-40f3-bd93-6cc0fe91058d",
            "cd771db2-8005-4fcd-83c6-9fb5c85e917b"
          ],
          "duration": 0,
          "root": false,
          "rootEmpty": false,
          "_timeout": 100000
        }
      ],
      "passes": [],
      "failures": [],
      "pending": [],
      "skipped": [],
      "duration": 0,
      "root": true,
      "rootEmpty": true,
      "_timeout": 100000
    }
  ],
  "meta": {
    "mocha": {
      "version": "10.2.0"
    },
    "mochawesome": {
      "options": {
        "quiet": false,
        "reportFilename": "mochawesome",
        "saveHtml": true,
        "saveJson": true,
        "consoleReporter": "spec",
        "useInlineDiffs": false,
        "code": true
      },
      "version": "7.1.3"
    },
    "marge": {
      "options": {
        "reportDir": "test/report"
      },
      "version": "6.2.0"
    }
  }
}