{
  "stats": {
    "suites": 21,
    "tests": 564,
    "passes": 487,
    "pending": 38,
    "failures": 39,
    "start": "2024-03-06T07:10:35.347Z",
    "end": "2024-03-06T08:54:05.084Z",
    "duration": 6209737,
    "testsRegistered": 564,
    "passPercent": 92.58555133079848,
    "pendingPercent": 6.73758865248227,
    "other": 0,
    "hasOther": false,
    "skipped": 0,
    "hasSkipped": false
  },
  "results": [
    {
      "uuid": "03484ec7-748f-43cb-86dd-a42b855fedc1",
      "title": "",
      "fullFile": "",
      "file": "",
      "beforeHooks": [],
      "afterHooks": [],
      "tests": [],
      "suites": [
        {
          "uuid": "27aef5e0-4a8b-4e4e-87c0-65a48c44f2a1",
          "title": "Pending Evaluations",
          "fullFile": "/home/devops/invohub/resource-engagement/test/e2e/evaluation/spec_1_pendings.js",
          "file": "/test/e2e/evaluation/spec_1_pendings.js",
          "beforeHooks": [
            {
              "title": "\"before all\" hook in \"Pending Evaluations\"",
              "fullTitle": "Pending Evaluations \"before all\" hook in \"Pending Evaluations\"",
              "timedOut": false,
              "duration": 64927,
              "state": null,
              "speed": null,
              "pass": false,
              "fail": false,
              "pending": false,
              "context": null,
              "code": "let query = [\n  `UPDATE departments SET \"hodId\" = 9474 WHERE id = 9;`,\n  `UPDATE employees SET \"email\" = 'bilal.rafaqat@invozone.de' WHERE id = 9429;`,\n  `UPDATE employees SET \"email\" = 'bilal.rafaqat@invozone.dev' WHERE id = 9474;`,\n];\nawait utilFun.udpateDatabase(query);\nawait utilFun.login(email, password);\nconst url = await utilFun.getUrl();\nassert.equal(url, baseUrl + '/home');\nlet query1 =[\n    `UPDATE employee_evaluations SET \"incrementType\" = 'annual' WHERE id = 26;`,\n    `UPDATE employee_evaluations SET \"processType\" = NULL WHERE id = 26;`,\n    `UPDATE employee_evaluations SET \"reasonForDefer\" = NULL WHERE id = 26;`,\n    `UPDATE employee_evaluations SET \"processDate\" = NULL WHERE id = 26;`,\n    `UPDATE employee_evaluations SET \"feedback\" = NULL WHERE id = 26;`,\n    `DELETE FROM employee_evaluations WHERE \"employeeId\" = 9742 AND \"incrementType\" = 'designation';`,\n    ];\n    await utilFun.udpateDatabase(query1);",
              "err": {},
              "uuid": "be4d15b0-ccb7-4a15-9f03-e2c7a5a0b8b1",
              "parentUUID": "27aef5e0-4a8b-4e4e-87c0-65a48c44f2a1",
              "isHook": true,
              "skipped": false
            },
            {
              "title": "\"before each\" hook in \"Pending Evaluations\"",
              "fullTitle": "Pending Evaluations \"before each\" hook in \"Pending Evaluations\"",
              "timedOut": false,
              "duration": 3363,
              "state": null,
              "speed": null,
              "pass": false,
              "fail": false,
              "pending": false,
              "context": null,
              "code": "await utilFun.visit(baseUrl + '/evaluation');\nawait utilFun.wait(3000);",
              "err": {},
              "uuid": "a8a6d9e8-4a1f-4af5-95e1-a7195611999a",
              "parentUUID": "27aef5e0-4a8b-4e4e-87c0-65a48c44f2a1",
              "isHook": true,
              "skipped": false
            }
          ],
          "afterHooks": [],
          "tests": [
            {
              "title": "should check if pending evaluations are showing",
              "fullTitle": "Pending Evaluations should check if pending evaluations are showing",
              "timedOut": false,
              "duration": 44,
              "state": "passed",
              "speed": "medium",
              "pass": true,
              "fail": false,
              "pending": false,
              "context": null,
              "code": "let obj = await evaluation.getAllPendingResourses();\nassert(obj.length > 0, `No Evaluation Found`);",
              "err": {},
              "uuid": "49e8cef3-8be8-4742-8643-0e129e35f9f4",
              "parentUUID": "27aef5e0-4a8b-4e4e-87c0-65a48c44f2a1",
              "isHook": false,
              "skipped": false
            },
            {
              "title": "should able to filter resoures by name",
              "fullTitle": "Pending Evaluations should able to filter resoures by name",
              "timedOut": false,
              "duration": 2061,
              "state": "passed",
              "speed": "slow",
              "pass": true,
              "fail": false,
              "pending": false,
              "context": null,
              "code": "await evaluation.clickFilterButton();\nawait evaluation.searchName('James Salinas');\nawait utilFun.wait(1000);\nconst name = await evaluation.getResourseName();\nutilFun.assertEql(name, 'James Salinas');",
              "err": {},
              "uuid": "de9134fa-4ead-4b64-bc64-ca8b54e5f4dd",
              "parentUUID": "27aef5e0-4a8b-4e4e-87c0-65a48c44f2a1",
              "isHook": false,
              "skipped": false
            },
            {
              "title": "should able to filter resoures by Review Type",
              "fullTitle": "Pending Evaluations should able to filter resoures by Review Type",
              "timedOut": false,
              "duration": 1591,
              "state": "passed",
              "speed": "slow",
              "pass": true,
              "fail": false,
              "pending": false,
              "context": null,
              "code": "await evaluation.clickFilterButton();\nawait evaluation.selectReviewType('Annual');\nconst valuesCount = await evaluation.checkValues();\nutilFun.assertEql(valuesCount, 1);",
              "err": {},
              "uuid": "7d8406b7-7baa-4893-b4c9-7458e31f8132",
              "parentUUID": "27aef5e0-4a8b-4e4e-87c0-65a48c44f2a1",
              "isHook": false,
              "skipped": false
            },
            {
              "title": "should able to filter resoures by Last Increment",
              "fullTitle": "Pending Evaluations should able to filter resoures by Last Increment",
              "timedOut": false,
              "duration": 1527,
              "state": "passed",
              "speed": "slow",
              "pass": true,
              "fail": false,
              "pending": false,
              "context": null,
              "code": "await evaluation.clickFilterButton();\nawait evaluation.selectLastIncrement('N/A');\nconst valuesCount = await evaluation.checkValues();\nutilFun.assertEql(valuesCount, 1);",
              "err": {},
              "uuid": "c29e8775-b059-45f8-a3b6-03f1a772a9da",
              "parentUUID": "27aef5e0-4a8b-4e4e-87c0-65a48c44f2a1",
              "isHook": false,
              "skipped": false
            },
            {
              "title": "should able to  copy email from options",
              "fullTitle": "Pending Evaluations should able to  copy email from options",
              "timedOut": false,
              "duration": 6524,
              "state": "passed",
              "speed": "slow",
              "pass": true,
              "fail": false,
              "pending": false,
              "context": null,
              "code": "await evaluation.clickFilterButton();\nawait evaluation.searchName('James Salinas');\nawait utilFun.wait(1000);\nconst name = await evaluation.getResourseName();\nutilFun.assertEql(name, 'James Salinas');\nawait evaluation.clickOptionBtn();\nawait utilFun.wait(1000);\nawait evaluation.selectOption('Copy Email');\nawait utilFun.wait(3000);\nconst alertText = await evaluation.checkAlert();\nutilFun.assertEql(alertText, 'Email address is copied');",
              "err": {},
              "uuid": "56f99eb6-2849-4618-adc0-ea3af479570a",
              "parentUUID": "27aef5e0-4a8b-4e4e-87c0-65a48c44f2a1",
              "isHook": false,
              "skipped": false
            },
            {
              "title": "should able to Send Email from options",
              "fullTitle": "Pending Evaluations should able to Send Email from options",
              "timedOut": false,
              "duration": 9088,
              "state": "passed",
              "speed": "slow",
              "pass": true,
              "fail": false,
              "pending": false,
              "context": null,
              "code": "await evaluation.clickFilterButton();\nawait evaluation.searchName('James Salinas');\nawait utilFun.wait(1000);\nconst name = await evaluation.getResourseName();\nutilFun.assertEql(name, 'James Salinas');\nawait evaluation.clickOptionBtn();\nawait utilFun.wait(1000);\nawait evaluation.selectOption('Send Email');\nawait utilFun.wait(1000);\nawait utilFun.switchWindow(1);\nawait utilFun.wait(3000);\nconst url = await utilFun.getUrl();\nassert.equal(url, 'https://mail.google.com/mail/u/0/?fs=1&tf=cm&to=james@robot-mail.com');\nawait utilFun.closeCurrentTab();\nawait utilFun.switchWindow(0);",
              "err": {},
              "uuid": "ace19e31-78c8-42bf-9be0-d86e215e6ea9",
              "parentUUID": "27aef5e0-4a8b-4e4e-87c0-65a48c44f2a1",
              "isHook": false,
              "skipped": false
            },
            {
              "title": "should able to Open Slack DM from options",
              "fullTitle": "Pending Evaluations should able to Open Slack DM from options",
              "timedOut": false,
              "duration": 7306,
              "state": "passed",
              "speed": "slow",
              "pass": true,
              "fail": false,
              "pending": false,
              "context": null,
              "code": "await evaluation.clickFilterButton();\nawait evaluation.searchName('James Salinas');\nawait utilFun.wait(1000);\nconst name = await evaluation.getResourseName();\nutilFun.assertEql(name, 'James Salinas');\nawait evaluation.clickOptionBtn();\nawait utilFun.wait(1000);\nawait evaluation.selectOption('Open Slack DM');\nawait utilFun.wait(1000);\nawait utilFun.switchWindow(1);\nawait utilFun.wait(3000);\nconst url = await utilFun.getUrl();\nassert.equal(url, 'https://invozone.slack.com/?redir=%2Fapp_redirect%3Fchannel%3Dundefined');\nawait utilFun.closeCurrentTab();\nawait utilFun.switchWindow(0);",
              "err": {},
              "uuid": "19e158ba-59bc-49f7-8ab7-98fc835b6b50",
              "parentUUID": "27aef5e0-4a8b-4e4e-87c0-65a48c44f2a1",
              "isHook": false,
              "skipped": false
            },
            {
              "title": "should able to see Email from options",
              "fullTitle": "Pending Evaluations should able to see Email from options",
              "timedOut": false,
              "duration": 6260,
              "state": "passed",
              "speed": "slow",
              "pass": true,
              "fail": false,
              "pending": false,
              "context": null,
              "code": "await evaluation.clickFilterButton();\nawait evaluation.searchName('James Salinas');\nawait utilFun.wait(1000);\nconst name = await evaluation.getResourseName();\nutilFun.assertEql(name, 'James Salinas');\nawait evaluation.clickOptionBtn();\nawait utilFun.wait(1000);\nawait evaluation.selectOption('See Email');\nawait utilFun.wait(3000);\nconst email = await evaluation.copyEmail();\nassert.equal(email, 'Email: james@robot-mail.com');",
              "err": {},
              "uuid": "9f583984-448c-42c7-b957-39f6f6404ff2",
              "parentUUID": "27aef5e0-4a8b-4e4e-87c0-65a48c44f2a1",
              "isHook": false,
              "skipped": false
            },
            {
              "title": "should able to copy Phone Number from options",
              "fullTitle": "Pending Evaluations should able to copy Phone Number from options",
              "timedOut": false,
              "duration": 6862,
              "state": "passed",
              "speed": "slow",
              "pass": true,
              "fail": false,
              "pending": false,
              "context": null,
              "code": "await evaluation.clickFilterButton();\nawait evaluation.searchName('James Salinas');\nawait utilFun.wait(1000);\nconst name = await evaluation.getResourseName();\nutilFun.assertEql(name, 'James Salinas');\nawait evaluation.clickOptionBtn();\nawait utilFun.wait(1000);\nawait evaluation.selectOption('Phone Number');\nawait utilFun.wait(3000);\nawait evaluation.copyPhoneNumber();\nconst alertText = await evaluation.checkAlert();\nassert.equal(alertText, 'Phone# is copied successfully');",
              "err": {},
              "uuid": "c63274b0-a203-45bb-a7fc-6863166e5564",
              "parentUUID": "27aef5e0-4a8b-4e4e-87c0-65a48c44f2a1",
              "isHook": false,
              "skipped": false
            },
            {
              "title": "should able to see Resource Details from options",
              "fullTitle": "Pending Evaluations should able to see Resource Details from options",
              "timedOut": false,
              "duration": 4408,
              "state": "passed",
              "speed": "slow",
              "pass": true,
              "fail": false,
              "pending": false,
              "context": null,
              "code": "await evaluation.clickFilterButton();\nawait evaluation.searchName('James Salinas');\nawait utilFun.wait(1000);\nconst name = await evaluation.getResourseName();\nutilFun.assertEql(name, 'James Salinas');\nawait evaluation.clickResource();\nawait utilFun.wait(1000);\nawait utilFun.switchWindow(1);\nawait utilFun.wait(1000);\nconst url = await utilFun.getUrl();\nassert.equal(url, 'http://localhost:3000/resource-detail/9742?tab=Basic_Information');\nawait utilFun.closeCurrentTab();\nawait utilFun.switchWindow(0);",
              "err": {},
              "uuid": "aadff799-32fa-4e47-aff9-b40a495c1247",
              "parentUUID": "27aef5e0-4a8b-4e4e-87c0-65a48c44f2a1",
              "isHook": false,
              "skipped": false
            },
            {
              "title": "should able to see employee history",
              "fullTitle": "Pending Evaluations should able to see employee history",
              "timedOut": false,
              "duration": 3169,
              "state": "passed",
              "speed": "slow",
              "pass": true,
              "fail": false,
              "pending": false,
              "context": null,
              "code": "await evaluation.clickFilterButton();\nawait evaluation.searchName('James Salinas');\nawait utilFun.wait(1000);\nconst name = await evaluation.getResourseName();\nutilFun.assertEql(name, 'James Salinas');\nawait evaluation.clickSeeFeedback();\nawait utilFun.wait(1000);\nconst title = await evaluation.checkTitle();\nutilFun.assertEql(title, 'Feedback History of James Salinas');\nawait evaluation.checkSelectedTab();",
              "err": {},
              "uuid": "c4f8be7c-42c1-46c3-9827-78b358cc9849",
              "parentUUID": "27aef5e0-4a8b-4e4e-87c0-65a48c44f2a1",
              "isHook": false,
              "skipped": false
            },
            {
              "title": "should able to request a review",
              "fullTitle": "Pending Evaluations should able to request a review",
              "timedOut": false,
              "duration": 7265,
              "state": "passed",
              "speed": "slow",
              "pass": true,
              "fail": false,
              "pending": false,
              "context": null,
              "code": "await evaluation.clickFilterButton();\nawait evaluation.searchName('James Salinas');\nawait utilFun.wait(1000);\nconst name = await evaluation.getResourseName();\nutilFun.assertEql(name, 'James Salinas');\nawait evaluation.clickSeeFeedback();\nawait utilFun.wait(1000);\nawait evaluation.clickSubmittedReview();\nawait evaluation.clickReqReviewBtn();\nawait utilFun.wait(1000);\nawait evaluation.clickHod('Muhammad Bilal Rafaqat');\nawait evaluation.clickSendReqBtn();\nconst alertText = await evaluation.checkAlert();\nutilFun.assertEql(alertText, 'Request is send successfully.');",
              "err": {},
              "uuid": "4dddb217-f454-4bcb-92e2-123345ba13a2",
              "parentUUID": "27aef5e0-4a8b-4e4e-87c0-65a48c44f2a1",
              "isHook": false,
              "skipped": false
            },
            {
              "title": "should able to give a review",
              "fullTitle": "Pending Evaluations should able to give a review",
              "timedOut": false,
              "duration": 13430,
              "state": "passed",
              "speed": "slow",
              "pass": true,
              "fail": false,
              "pending": false,
              "context": null,
              "code": "const query = [\n  `UPDATE employees SET \"departmentId\" = 9 WHERE id = 9474;`,\n  `UPDATE employees SET \"designationId\" = 83 WHERE id = 9474;`,\n  `UPDATE employees SET \"designation\" = 'Head of Engineering' WHERE id = 9474;`,\n];\nawait utilFun.udpateDatabase(query);\nawait utilFun.refresh();\nawait evaluation.clickFilterButton();\nawait evaluation.searchName('James Salinas');\nawait utilFun.wait(1000);\nconst name = await evaluation.getResourseName();\nutilFun.assertEql(name, 'James Salinas');\nawait evaluation.clickSeeFeedback();\nawait utilFun.wait(1000);\nawait evaluation.clickSubmittedReview();\nawait utilFun.wait(1000);\nawait evaluation.clickAddFeedback();\n// await feedbackForm.enterDate('03092023');\nawait feedbackForm.selectFeedbackDuration('6 Months');\nawait feedbackForm.selectNextReviewType('Annual');\nawait feedbackForm.selectRevisedDesignation('Software Engineer');\nawait feedbackForm.selectRevisedDesignationCategory('Automation');\nawait feedbackForm.typeIncreament('200000');\nawait feedbackForm.typeDescription('testingggg');\nawait feedbackForm.clickSubmit();\nconst alertText = await evaluation.checkAlert();\nutilFun.assertEql(alertText, 'Increment status is updated successfully');",
              "err": {},
              "uuid": "ba5136c0-5051-4452-bea3-d816743705db",
              "parentUUID": "27aef5e0-4a8b-4e4e-87c0-65a48c44f2a1",
              "isHook": false,
              "skipped": false
            },
            {
              "title": "should able to edit review form",
              "fullTitle": "Pending Evaluations should able to edit review form",
              "timedOut": false,
              "duration": 9232,
              "state": "passed",
              "speed": "slow",
              "pass": true,
              "fail": false,
              "pending": false,
              "context": null,
              "code": "await evaluation.clickFilterButton();\nawait evaluation.searchName('James Salinas');\nawait utilFun.wait(1000);\nconst name = await evaluation.getResourseName();\nutilFun.assertEql(name, 'James Salinas');\nawait evaluation.clickEditForm();\nawait utilFun.wait(1000);\n// await feedbackForm.enterDate('03102023');\nawait feedbackForm.selectFeedbackDuration('3 Months');\nawait feedbackForm.selectNextReviewType('Annual');\nawait feedbackForm.selectRevisedDesignation('Software Engineer');\nawait feedbackForm.typeIncreament('200000');\nawait feedbackForm.typeDescription('updated');\nawait feedbackForm.clickSubmit();\nconst alertText = await evaluation.checkAlert();\nutilFun.assertEql(alertText, 'Increment status is updated successfully');",
              "err": {},
              "uuid": "b01614cd-9ce0-43f8-943f-477ca6df565d",
              "parentUUID": "27aef5e0-4a8b-4e4e-87c0-65a48c44f2a1",
              "isHook": false,
              "skipped": false
            },
            {
              "title": "should able to defer review",
              "fullTitle": "Pending Evaluations should able to defer review",
              "timedOut": false,
              "duration": 7457,
              "state": "passed",
              "speed": "slow",
              "pass": true,
              "fail": false,
              "pending": false,
              "context": null,
              "code": "const query = [\n  `UPDATE employees SET \"designation\" = 'HR' WHERE id = 9474;`,\n  `UPDATE employees SET \"departmentId\" = 7 WHERE id = 9474;`,\n  `UPDATE employees SET \"designationId\" = 77 WHERE id = 9474;`,\n];\nawait utilFun.udpateDatabase(query);\nawait utilFun.refresh();\nawait evaluation.clickFilterButton();\nawait evaluation.searchName('James Salinas');\nawait utilFun.wait(1000);\nconst name = await evaluation.getResourseName();\nutilFun.assertEql(name, 'James Salinas');\nawait evaluation.clickDefer();\nawait evaluation.clickDeferType();\nawait utilFun.wait(1000);\nawait evaluation.selectDeferType('2 Weeks');\nawait evaluation.typeDeferReason('testing');\nawait evaluation.clickSubmitBtn();\nconst alertText = await evaluation.checkAlert();\nutilFun.assertEql(alertText, 'Increment status is updated successfully');",
              "err": {},
              "uuid": "7e18b5d1-3def-44e9-9c16-9da32d193e66",
              "parentUUID": "27aef5e0-4a8b-4e4e-87c0-65a48c44f2a1",
              "isHook": false,
              "skipped": false
            },
            {
              "title": "should able to complete review",
              "fullTitle": "Pending Evaluations should able to complete review",
              "timedOut": false,
              "duration": 10302,
              "state": "failed",
              "speed": null,
              "pass": false,
              "fail": true,
              "pending": false,
              "context": null,
              "code": "const query = [\n  `UPDATE employees SET \"designation\" = 'HR' WHERE id = 9474;`,\n  `UPDATE employees SET \"departmentId\" = 7 WHERE id = 9474;`,\n  `UPDATE employees SET \"designationId\" = 77 WHERE id = 9474;`,\n  `UPDATE employee_evaluations SET \"processType\" = NULL WHERE id = 26;`,\n  `UPDATE employee_evaluations SET \"reasonForDefer\" = NULL WHERE id = 26;`,\n  `UPDATE employee_evaluations SET \"processDate\" = NULL WHERE id = 26;`,\n];\nawait utilFun.udpateDatabase(query);\nawait utilFun.refresh();\nawait evaluation.clickFilterButton();\nawait evaluation.searchName('James Salinas');\nawait utilFun.wait(1000);\nconst name = await evaluation.getResourseName();\nutilFun.assertEql(name, 'James Salinas');\nawait evaluation.clickComplete();\nawait feedbackForm.enterDate('03102023');\nawait feedbackForm.selectFeedbackDuration('3 Months');\nawait feedbackForm.selectNextReviewType('Annual');\nawait feedbackForm.selectRevisedDesignation('Software Engineer');\nawait feedbackForm.typeIncreament('200000');\nawait feedbackForm.clickSubmit();\nconst alertText = await evaluation.checkAlert();\nutilFun.assertEql(alertText, 'Increment status is updated successfully');",
              "err": {
                "message": "NoSuchElementError: no such element: Unable to locate element: {\"method\":\"css selector\",\"selector\":\"button[class=\"btn btn-success\"]\"}\n  (Session info: headless chrome=119.0.6045.159)",
                "estack": "NoSuchElementError: no such element: Unable to locate element: {\"method\":\"css selector\",\"selector\":\"button[class=\"btn btn-success\"]\"}\n  (Session info: headless chrome=119.0.6045.159)\n    at Object.throwDecodedError (node_modules/selenium-webdriver/lib/error.js:524:15)\n    at parseHttpResponse (node_modules/selenium-webdriver/lib/http.js:601:13)\n    at Executor.execute (node_modules/selenium-webdriver/lib/http.js:529:28)\n    at process.processTicksAndRejections (node:internal/process/task_queues:95:5)\n    at async thenableWebDriverProxy.execute (node_modules/selenium-webdriver/lib/webdriver.js:745:17)\n    at async toWireValue (node_modules/selenium-webdriver/lib/webdriver.js:145:15)\n    at async /home/devops/invohub/resource-engagement/node_modules/selenium-webdriver/lib/webdriver.js:195:16\n    at async forEachKey (node_modules/selenium-webdriver/lib/webdriver.js:189:9)\n    at async convertKeys (node_modules/selenium-webdriver/lib/webdriver.js:194:3)\n    at async thenableWebDriverProxy.execute (node_modules/selenium-webdriver/lib/webdriver.js:743:22)\n    at async Context.<anonymous> (test/e2e/evaluation/spec_1_pendings.js:271:5)",
                "diff": null
              },
              "uuid": "7bd0b1ce-ff54-4cb7-a316-5aee762b14eb",
              "parentUUID": "27aef5e0-4a8b-4e4e-87c0-65a48c44f2a1",
              "isHook": false,
              "skipped": false
            }
          ],
          "suites": [],
          "passes": [
            "49e8cef3-8be8-4742-8643-0e129e35f9f4",
            "de9134fa-4ead-4b64-bc64-ca8b54e5f4dd",
            "7d8406b7-7baa-4893-b4c9-7458e31f8132",
            "c29e8775-b059-45f8-a3b6-03f1a772a9da",
            "56f99eb6-2849-4618-adc0-ea3af479570a",
            "ace19e31-78c8-42bf-9be0-d86e215e6ea9",
            "19e158ba-59bc-49f7-8ab7-98fc835b6b50",
            "9f583984-448c-42c7-b957-39f6f6404ff2",
            "c63274b0-a203-45bb-a7fc-6863166e5564",
            "aadff799-32fa-4e47-aff9-b40a495c1247",
            "c4f8be7c-42c1-46c3-9827-78b358cc9849",
            "4dddb217-f454-4bcb-92e2-123345ba13a2",
            "ba5136c0-5051-4452-bea3-d816743705db",
            "b01614cd-9ce0-43f8-943f-477ca6df565d",
            "7e18b5d1-3def-44e9-9c16-9da32d193e66"
          ],
          "failures": [
            "7bd0b1ce-ff54-4cb7-a316-5aee762b14eb"
          ],
          "pending": [],
          "skipped": [],
          "duration": 96526,
          "root": false,
          "rootEmpty": false,
          "_timeout": 100000
        },
        {
          "uuid": "03444845-463b-4761-bc94-2fcaef24ae22",
          "title": "Performance Base Evaluations",
          "fullFile": "/home/devops/invohub/resource-engagement/test/e2e/evaluation/spec_2_performance.js",
          "file": "/test/e2e/evaluation/spec_2_performance.js",
          "beforeHooks": [
            {
              "title": "\"before all\" hook in \"Performance Base Evaluations\"",
              "fullTitle": "Performance Base Evaluations \"before all\" hook in \"Performance Base Evaluations\"",
              "timedOut": false,
              "duration": 9952,
              "state": null,
              "speed": null,
              "pass": false,
              "fail": false,
              "pending": false,
              "context": null,
              "code": "await utilFun.loginAccount()\nconst url = await utilFun.getUrl();\nassert.equal(url, baseUrl + '/home');\nlet query = [\n  `UPDATE employee_evaluations SET \"incrementType\" = 'performance' WHERE id = 26;`,\n  `UPDATE employees SET \"designation\" = 'Software Engineer' WHERE id = 9474;`,\n  `UPDATE employees SET \"departmentId\" = 9 WHERE id = 9474;`,\n  `UPDATE employees SET \"designationId\" = 138 WHERE id = 9474;`,\n  `UPDATE employee_evaluations SET \"processType\" = NULL WHERE id = 26;`,\n  `UPDATE employee_evaluations SET \"reasonForDefer\" = NULL WHERE id = 26;`,\n  `UPDATE employee_evaluations SET \"processDate\" = NULL WHERE id = 26;`,\n  `UPDATE employee_evaluations SET \"feedback\" = NULL WHERE id = 26;`,\n];\nawait utilFun.udpateDatabase(query);",
              "err": {},
              "uuid": "1768a907-babc-410e-a581-f388a7309f2e",
              "parentUUID": "03444845-463b-4761-bc94-2fcaef24ae22",
              "isHook": true,
              "skipped": false
            },
            {
              "title": "\"before each\" hook in \"Performance Base Evaluations\"",
              "fullTitle": "Performance Base Evaluations \"before each\" hook in \"Performance Base Evaluations\"",
              "timedOut": false,
              "duration": 4588,
              "state": null,
              "speed": null,
              "pass": false,
              "fail": false,
              "pending": false,
              "context": null,
              "code": "await utilFun.visit(baseUrl + '/evaluation-performance');\nawait utilFun.wait(4000);",
              "err": {},
              "uuid": "e830afae-67f5-4780-8b51-0ded60794304",
              "parentUUID": "03444845-463b-4761-bc94-2fcaef24ae22",
              "isHook": true,
              "skipped": false
            }
          ],
          "afterHooks": [],
          "tests": [
            {
              "title": "should check if performance evaluations are showing",
              "fullTitle": "Performance Base Evaluations should check if performance evaluations are showing",
              "timedOut": false,
              "duration": 41,
              "state": "passed",
              "speed": "medium",
              "pass": true,
              "fail": false,
              "pending": false,
              "context": null,
              "code": "let obj = await evaluation.getAllPendingResourses();\nassert(obj.length > 0, `No Evaluation Found`);",
              "err": {},
              "uuid": "9e31a839-f1c0-4af8-a487-b16459113880",
              "parentUUID": "03444845-463b-4761-bc94-2fcaef24ae22",
              "isHook": false,
              "skipped": false
            },
            {
              "title": "should able to filter resoures by name",
              "fullTitle": "Performance Base Evaluations should able to filter resoures by name",
              "timedOut": false,
              "duration": 1999,
              "state": "passed",
              "speed": "slow",
              "pass": true,
              "fail": false,
              "pending": false,
              "context": null,
              "code": "await evaluation.clickFilterButton();\nawait evaluation.searchName('James Salinas');\nawait utilFun.wait(1000);\nconst name = await evaluation.getResourseName();\nutilFun.assertEql(name, 'James Salinas');",
              "err": {},
              "uuid": "7ea77010-a1a4-4cc3-a057-6cf606f16014",
              "parentUUID": "03444845-463b-4761-bc94-2fcaef24ae22",
              "isHook": false,
              "skipped": false
            },
            {
              "title": "should able to filter resoures by Last Increment",
              "fullTitle": "Performance Base Evaluations should able to filter resoures by Last Increment",
              "timedOut": false,
              "duration": 1594,
              "state": "passed",
              "speed": "slow",
              "pass": true,
              "fail": false,
              "pending": false,
              "context": null,
              "code": "await evaluation.clickFilterButton();\nawait evaluation.selectLastIncrement('N/A');\nconst valuesCount = await evaluation.checkValues();\nutilFun.assertEql(valuesCount, 1);",
              "err": {},
              "uuid": "0dc21dd0-49c6-4f1e-ac6c-f19a0d5be6a6",
              "parentUUID": "03444845-463b-4761-bc94-2fcaef24ae22",
              "isHook": false,
              "skipped": false
            },
            {
              "title": "should able to  copy email from options",
              "fullTitle": "Performance Base Evaluations should able to  copy email from options",
              "timedOut": false,
              "duration": 4044,
              "state": "passed",
              "speed": "slow",
              "pass": true,
              "fail": false,
              "pending": false,
              "context": null,
              "code": "await evaluation.clickFilterButton();\nawait evaluation.searchName('James Salinas');\nawait utilFun.wait(1000);\nconst name = await evaluation.getResourseName();\nutilFun.assertEql(name, 'James Salinas');\nawait evaluation.clickOptionBtn();\nawait utilFun.wait(1000);\nawait evaluation.selectOption('Copy Email');\nconst alertText = await evaluation.checkAlert();\nutilFun.assertEql(alertText, 'Email address is copied');",
              "err": {},
              "uuid": "43053182-4f30-48e4-b1a6-296204fde6f9",
              "parentUUID": "03444845-463b-4761-bc94-2fcaef24ae22",
              "isHook": false,
              "skipped": false
            },
            {
              "title": "should able to Send Email from options",
              "fullTitle": "Performance Base Evaluations should able to Send Email from options",
              "timedOut": false,
              "duration": 7764,
              "state": "passed",
              "speed": "slow",
              "pass": true,
              "fail": false,
              "pending": false,
              "context": null,
              "code": "await evaluation.clickFilterButton();\nawait evaluation.searchName('James Salinas');\nawait utilFun.wait(1000);\nconst name = await evaluation.getResourseName();\nutilFun.assertEql(name, 'James Salinas');\nawait evaluation.clickOptionBtn();\nawait utilFun.wait(1000);\nawait evaluation.selectOption('Send Email');\nawait utilFun.wait(1000);\nawait utilFun.switchWindow(1);\nawait utilFun.wait(3000);\nconst url = await utilFun.getUrl();\nassert.equal(url, 'https://mail.google.com/mail/u/0/?fs=1&tf=cm&to=james@robot-mail.com');\nawait utilFun.closeCurrentTab();\nawait utilFun.switchWindow(0);",
              "err": {},
              "uuid": "d394c8dc-b7d3-446e-b418-338f708d21ce",
              "parentUUID": "03444845-463b-4761-bc94-2fcaef24ae22",
              "isHook": false,
              "skipped": false
            },
            {
              "title": "should able to Open Slack DM from options",
              "fullTitle": "Performance Base Evaluations should able to Open Slack DM from options",
              "timedOut": false,
              "duration": 8379,
              "state": "passed",
              "speed": "slow",
              "pass": true,
              "fail": false,
              "pending": false,
              "context": null,
              "code": "await evaluation.clickFilterButton();\nawait evaluation.searchName('James Salinas');\nawait utilFun.wait(1000);\nconst name = await evaluation.getResourseName();\nutilFun.assertEql(name, 'James Salinas');\nawait evaluation.clickOptionBtn();\nawait utilFun.wait(1000);\nawait evaluation.selectOption('Open Slack DM');\nawait utilFun.wait(1000);\nawait utilFun.switchWindow(1);\nawait utilFun.wait(3000);\nconst url = await utilFun.getUrl();\nassert.equal(url, 'https://invozone.slack.com/?redir=%2Fapp_redirect%3Fchannel%3Dundefined');\nawait utilFun.closeCurrentTab();\nawait utilFun.switchWindow(0);",
              "err": {},
              "uuid": "07af2ec6-c589-465d-a31d-30d527d533b0",
              "parentUUID": "03444845-463b-4761-bc94-2fcaef24ae22",
              "isHook": false,
              "skipped": false
            },
            {
              "title": "should able to see Email from options",
              "fullTitle": "Performance Base Evaluations should able to see Email from options",
              "timedOut": false,
              "duration": 7262,
              "state": "passed",
              "speed": "slow",
              "pass": true,
              "fail": false,
              "pending": false,
              "context": null,
              "code": "await evaluation.clickFilterButton();\nawait evaluation.searchName('James Salinas');\nawait utilFun.wait(1000);\nconst name = await evaluation.getResourseName();\nutilFun.assertEql(name, 'James Salinas');\nawait evaluation.clickOptionBtn();\nawait utilFun.wait(1000);\nawait evaluation.selectOption('See Email');\nawait utilFun.wait(4000);\nconst email = await evaluation.copyEmail();\nassert.equal(email, 'Email: james@robot-mail.com');",
              "err": {},
              "uuid": "6b18e955-d561-443a-9117-110913cb629d",
              "parentUUID": "03444845-463b-4761-bc94-2fcaef24ae22",
              "isHook": false,
              "skipped": false
            },
            {
              "title": "should able to copy Phone Number from options",
              "fullTitle": "Performance Base Evaluations should able to copy Phone Number from options",
              "timedOut": false,
              "duration": 6751,
              "state": "passed",
              "speed": "slow",
              "pass": true,
              "fail": false,
              "pending": false,
              "context": null,
              "code": "await evaluation.clickFilterButton();\nawait evaluation.searchName('James Salinas');\nawait utilFun.wait(1000);\nconst name = await evaluation.getResourseName();\nutilFun.assertEql(name, 'James Salinas');\nawait evaluation.clickOptionBtn();\nawait utilFun.wait(1000);\nawait evaluation.selectOption('Phone Number');\nawait utilFun.wait(3000);\nawait evaluation.copyPhoneNumber();\nconst alertText = await evaluation.checkAlert();\nassert.equal(alertText, 'Phone# is copied successfully');",
              "err": {},
              "uuid": "8a57fccb-a184-485c-88c0-d82afd535261",
              "parentUUID": "03444845-463b-4761-bc94-2fcaef24ae22",
              "isHook": false,
              "skipped": false
            },
            {
              "title": "should able to see Resource Details from options",
              "fullTitle": "Performance Base Evaluations should able to see Resource Details from options",
              "timedOut": false,
              "duration": 4321,
              "state": "passed",
              "speed": "slow",
              "pass": true,
              "fail": false,
              "pending": false,
              "context": null,
              "code": "await evaluation.clickFilterButton();\nawait evaluation.searchName('James Salinas');\nawait utilFun.wait(1000);\nconst name = await evaluation.getResourseName();\nutilFun.assertEql(name, 'James Salinas');\nawait evaluation.clickResource();\nawait utilFun.wait(1000);\nawait utilFun.switchWindow(1);\nawait utilFun.wait(1000);\nconst url = await utilFun.getUrl();\nassert.equal(url, baseUrl + '/resource-detail/9742?tab=Basic_Information');\nawait utilFun.closeCurrentTab();\nawait utilFun.switchWindow(0);",
              "err": {},
              "uuid": "3dc6035d-83da-4c18-a2e0-8d4dca88e9d5",
              "parentUUID": "03444845-463b-4761-bc94-2fcaef24ae22",
              "isHook": false,
              "skipped": false
            },
            {
              "title": "should able to see employee history",
              "fullTitle": "Performance Base Evaluations should able to see employee history",
              "timedOut": false,
              "duration": 3159,
              "state": "passed",
              "speed": "slow",
              "pass": true,
              "fail": false,
              "pending": false,
              "context": null,
              "code": "await evaluation.clickFilterButton();\nawait evaluation.searchName('James Salinas');\nawait utilFun.wait(1000);\nconst name = await evaluation.getResourseName();\nutilFun.assertEql(name, 'James Salinas');\nawait evaluation.clickSeeFeedback();\nawait utilFun.wait(1000);\nconst title = await evaluation.checkTitle();\nutilFun.assertEql(title, 'Feedback History of James Salinas');\nawait evaluation.checkSelectedTab();",
              "err": {},
              "uuid": "5fc7e2b2-4691-43db-a1aa-7d6984f266c8",
              "parentUUID": "03444845-463b-4761-bc94-2fcaef24ae22",
              "isHook": false,
              "skipped": false
            },
            {
              "title": "should able to request a review",
              "fullTitle": "Performance Base Evaluations should able to request a review",
              "timedOut": false,
              "duration": 7393,
              "state": "passed",
              "speed": "slow",
              "pass": true,
              "fail": false,
              "pending": false,
              "context": null,
              "code": "await evaluation.clickFilterButton();\nawait evaluation.searchName('James Salinas');\nawait utilFun.wait(1000);\nconst name = await evaluation.getResourseName();\nutilFun.assertEql(name, 'James Salinas');\nawait evaluation.clickSeeFeedback();4\nawait utilFun.wait(1000);\nawait evaluation.clickSubmittedReview();\nawait evaluation.clickReqReviewBtn();\nawait utilFun.wait(1000);\nawait evaluation.clickHod('Muhammad Bilal Rafaqat');\nawait evaluation.clickSendReqBtn();\nconst alertText = await evaluation.checkAlert();\nutilFun.assertEql(alertText, 'Request is send successfully.');",
              "err": {},
              "uuid": "346088e2-e537-469b-b3d3-f822a6500d51",
              "parentUUID": "03444845-463b-4761-bc94-2fcaef24ae22",
              "isHook": false,
              "skipped": false
            },
            {
              "title": "should able to give a review",
              "fullTitle": "Performance Base Evaluations should able to give a review",
              "timedOut": false,
              "duration": 13211,
              "state": "passed",
              "speed": "slow",
              "pass": true,
              "fail": false,
              "pending": false,
              "context": null,
              "code": "const query = [\n  `UPDATE employees SET \"departmentId\" = 9 WHERE id = 9474;`,\n  `UPDATE employees SET \"designationId\" = 83 WHERE id = 9474;`,\n  `UPDATE employees SET \"designation\" = 'Head of Engineering' WHERE id = 9474;`,\n];\nawait utilFun.udpateDatabase(query);\nawait utilFun.refresh();\nawait evaluation.clickFilterButton();\nawait evaluation.searchName('James Salinas');\nawait utilFun.wait(1000);\nconst name = await evaluation.getResourseName();\nutilFun.assertEql(name, 'James Salinas');\nawait evaluation.clickSeeFeedback();\nawait utilFun.wait(1000);\nawait evaluation.clickSubmittedReview();\nawait utilFun.wait(1000);\nawait evaluation.clickAddFeedback();\nawait feedbackForm.enterDate('03092023');\nawait feedbackForm.selectFeedbackDuration('6 Months');\nawait feedbackForm.selectNextReviewType('Annual');\nawait feedbackForm.selectRevisedDesignation('Software Engineer');\nawait feedbackForm.typeIncreament('200000');\nawait feedbackForm.typeDescription('testingggg');\nawait feedbackForm.clickSubmit();\nconst alertText = await evaluation.checkAlert();\nutilFun.assertEql(alertText, 'Increment status is updated successfully');",
              "err": {},
              "uuid": "145d7a0a-61dd-41d5-aba1-7810e76f1c52",
              "parentUUID": "03444845-463b-4761-bc94-2fcaef24ae22",
              "isHook": false,
              "skipped": false
            },
            {
              "title": "should able to edit review form",
              "fullTitle": "Performance Base Evaluations should able to edit review form",
              "timedOut": false,
              "duration": 9913,
              "state": "passed",
              "speed": "slow",
              "pass": true,
              "fail": false,
              "pending": false,
              "context": null,
              "code": "await evaluation.clickFilterButton();\nawait evaluation.searchName('James Salinas');\nawait utilFun.wait(1000);\nconst name = await evaluation.getResourseName();\nutilFun.assertEql(name, 'James Salinas');\nawait evaluation.clickEditForm();\nawait utilFun.wait(1000);\nawait feedbackForm.enterDate('03102023');\nawait feedbackForm.selectFeedbackDuration('3 Months');\nawait feedbackForm.selectNextReviewType('Annual');\nawait feedbackForm.selectRevisedDesignation('Software Engineer');\nawait feedbackForm.typeIncreament('200000');\nawait feedbackForm.typeDescription('updated');\nawait feedbackForm.clickSubmit();\nconst alertText = await evaluation.checkAlert();\nutilFun.assertEql(alertText, 'Increment status is updated successfully');",
              "err": {},
              "uuid": "f18677be-9de6-4d2c-9275-b59093ffbef0",
              "parentUUID": "03444845-463b-4761-bc94-2fcaef24ae22",
              "isHook": false,
              "skipped": false
            },
            {
              "title": "should able to defer review",
              "fullTitle": "Performance Base Evaluations should able to defer review",
              "timedOut": false,
              "duration": 6936,
              "state": "passed",
              "speed": "slow",
              "pass": true,
              "fail": false,
              "pending": false,
              "context": null,
              "code": "const query = [\n  `UPDATE employees SET \"designation\" = 'HR' WHERE id = 9474;`,\n  `UPDATE employees SET \"departmentId\" = 7 WHERE id = 9474;`,\n  `UPDATE employees SET \"designationId\" = 77 WHERE id = 9474;`,\n];\nawait utilFun.udpateDatabase(query);\nawait utilFun.refresh();\nawait evaluation.clickFilterButton();\nawait evaluation.searchName('James Salinas');\nawait utilFun.wait(1000);\nconst name = await evaluation.getResourseName();\nutilFun.assertEql(name, 'James Salinas');\nawait evaluation.clickDefer();\nawait evaluation.clickDeferType();\nawait utilFun.wait(1000);\nawait evaluation.selectDeferType('2 Weeks');\nawait evaluation.typeDeferReason('testing');\nawait evaluation.clickSubmitBtn();\nconst alertText = await evaluation.checkAlert();\nutilFun.assertEql(alertText, 'Increment status is updated successfully');",
              "err": {},
              "uuid": "095bb738-f957-4a3f-859b-606aecc395aa",
              "parentUUID": "03444845-463b-4761-bc94-2fcaef24ae22",
              "isHook": false,
              "skipped": false
            },
            {
              "title": "should able to complete review",
              "fullTitle": "Performance Base Evaluations should able to complete review",
              "timedOut": false,
              "duration": 10699,
              "state": "passed",
              "speed": "slow",
              "pass": true,
              "fail": false,
              "pending": false,
              "context": null,
              "code": "const query = [\n  `UPDATE employees SET \"designation\" = 'HR' WHERE id = 9474;`,\n  `UPDATE employees SET \"departmentId\" = 7 WHERE id = 9474;`,\n  `UPDATE employees SET \"designationId\" = 77 WHERE id = 9474;`,\n  `UPDATE employee_evaluations SET \"processType\" = NULL WHERE id = 26;`,\n  `UPDATE employee_evaluations SET \"reasonForDefer\" = NULL WHERE id = 26;`,\n  `UPDATE employee_evaluations SET \"processDate\" = NULL WHERE id = 26;`,\n];\nawait utilFun.udpateDatabase(query);\nawait utilFun.refresh();\nawait evaluation.clickFilterButton();\nawait evaluation.searchName('James Salinas');\nawait utilFun.wait(1000);\nconst name = await evaluation.getResourseName();\nutilFun.assertEql(name, 'James Salinas');\nawait evaluation.clickComplete();\nawait feedbackForm.enterDate('03102023');\nawait feedbackForm.selectFeedbackDuration('3 Months');\nawait feedbackForm.selectNextReviewType('Annual');\nawait feedbackForm.selectRevisedDesignation('Software Engineer');\nawait feedbackForm.typeIncreament('200000');\nawait feedbackForm.clickSubmit();\nconst alertText = await evaluation.checkAlert();\nutilFun.assertEql(alertText, 'Increment status is updated successfully');",
              "err": {},
              "uuid": "db8ae5c5-e7d3-4006-a4be-4b2f1075937e",
              "parentUUID": "03444845-463b-4761-bc94-2fcaef24ae22",
              "isHook": false,
              "skipped": false
            }
          ],
          "suites": [],
          "passes": [
            "9e31a839-f1c0-4af8-a487-b16459113880",
            "7ea77010-a1a4-4cc3-a057-6cf606f16014",
            "0dc21dd0-49c6-4f1e-ac6c-f19a0d5be6a6",
            "43053182-4f30-48e4-b1a6-296204fde6f9",
            "d394c8dc-b7d3-446e-b418-338f708d21ce",
            "07af2ec6-c589-465d-a31d-30d527d533b0",
            "6b18e955-d561-443a-9117-110913cb629d",
            "8a57fccb-a184-485c-88c0-d82afd535261",
            "3dc6035d-83da-4c18-a2e0-8d4dca88e9d5",
            "5fc7e2b2-4691-43db-a1aa-7d6984f266c8",
            "346088e2-e537-469b-b3d3-f822a6500d51",
            "145d7a0a-61dd-41d5-aba1-7810e76f1c52",
            "f18677be-9de6-4d2c-9275-b59093ffbef0",
            "095bb738-f957-4a3f-859b-606aecc395aa",
            "db8ae5c5-e7d3-4006-a4be-4b2f1075937e"
          ],
          "failures": [],
          "pending": [],
          "skipped": [],
          "duration": 93466,
          "root": false,
          "rootEmpty": false,
          "_timeout": 100000
        },
        {
          "uuid": "4113b307-2ec2-4ff1-a1ed-4546275b9de1",
          "title": "Retention Base Evaluations",
          "fullFile": "/home/devops/invohub/resource-engagement/test/e2e/evaluation/spec_3_retention.js",
          "file": "/test/e2e/evaluation/spec_3_retention.js",
          "beforeHooks": [
            {
              "title": "\"before all\" hook in \"Retention Base Evaluations\"",
              "fullTitle": "Retention Base Evaluations \"before all\" hook in \"Retention Base Evaluations\"",
              "timedOut": false,
              "duration": 9173,
              "state": null,
              "speed": null,
              "pass": false,
              "fail": false,
              "pending": false,
              "context": null,
              "code": "await utilFun.loginAccount()\nconst url = await utilFun.getUrl();\nassert.equal(url, baseUrl + '/home');\nlet query = [\n  `UPDATE employee_evaluations SET \"incrementType\" = 'retention' WHERE id = 26;`,\n  `UPDATE employees SET \"designation\" = 'Software Engineer' WHERE id = 9474;`,\n  `UPDATE employees SET \"departmentId\" = 9 WHERE id = 9474;`,\n  `UPDATE employees SET \"designationId\" = 138 WHERE id = 9474;`,\n  `UPDATE employee_evaluations SET \"processType\" = NULL WHERE id = 26;`,\n  `UPDATE employee_evaluations SET \"reasonForDefer\" = NULL WHERE id = 26;`,\n  `UPDATE employee_evaluations SET \"processDate\" = NULL WHERE id = 26;`,\n  `UPDATE employee_evaluations SET \"feedback\" = NULL WHERE id = 26;`,\n];\nawait utilFun.udpateDatabase(query);",
              "err": {},
              "uuid": "9a736826-7333-43d7-9acd-55d406fd71e5",
              "parentUUID": "4113b307-2ec2-4ff1-a1ed-4546275b9de1",
              "isHook": true,
              "skipped": false
            },
            {
              "title": "\"before each\" hook in \"Retention Base Evaluations\"",
              "fullTitle": "Retention Base Evaluations \"before each\" hook in \"Retention Base Evaluations\"",
              "timedOut": false,
              "duration": 4348,
              "state": null,
              "speed": null,
              "pass": false,
              "fail": false,
              "pending": false,
              "context": null,
              "code": "await utilFun.visit(baseUrl + '/evaluation-retention');\nawait utilFun.wait(4000);",
              "err": {},
              "uuid": "b2e7d394-dc82-4e00-84c8-4a129b6f3bf1",
              "parentUUID": "4113b307-2ec2-4ff1-a1ed-4546275b9de1",
              "isHook": true,
              "skipped": false
            }
          ],
          "afterHooks": [],
          "tests": [
            {
              "title": "should check if retention evaluations are showing",
              "fullTitle": "Retention Base Evaluations should check if retention evaluations are showing",
              "timedOut": false,
              "duration": 46,
              "state": "passed",
              "speed": "medium",
              "pass": true,
              "fail": false,
              "pending": false,
              "context": null,
              "code": "let obj = await evaluation.getAllPendingResourses();\nassert(obj.length > 0, `No Evaluation Found`);",
              "err": {},
              "uuid": "516f8c79-0843-4ed8-9fdd-2be64c4682d6",
              "parentUUID": "4113b307-2ec2-4ff1-a1ed-4546275b9de1",
              "isHook": false,
              "skipped": false
            },
            {
              "title": "should able to filter resoures by name",
              "fullTitle": "Retention Base Evaluations should able to filter resoures by name",
              "timedOut": false,
              "duration": 1856,
              "state": "passed",
              "speed": "slow",
              "pass": true,
              "fail": false,
              "pending": false,
              "context": null,
              "code": "await evaluation.clickFilterButton();\nawait evaluation.searchName('James Salinas');\nawait utilFun.wait(1000);\nconst name = await evaluation.getResourseName();\nutilFun.assertEql(name, 'James Salinas');",
              "err": {},
              "uuid": "ad884296-9a1d-47ff-a5a2-181dd6bc9549",
              "parentUUID": "4113b307-2ec2-4ff1-a1ed-4546275b9de1",
              "isHook": false,
              "skipped": false
            },
            {
              "title": "should able to filter resoures by Last Increment",
              "fullTitle": "Retention Base Evaluations should able to filter resoures by Last Increment",
              "timedOut": false,
              "duration": 1540,
              "state": "passed",
              "speed": "slow",
              "pass": true,
              "fail": false,
              "pending": false,
              "context": null,
              "code": "await evaluation.clickFilterButton();\nawait evaluation.selectLastIncrement('N/A');\nconst valuesCount = await evaluation.checkValues();\nutilFun.assertEql(valuesCount, 1);",
              "err": {},
              "uuid": "fd466256-ee22-47a6-9cbe-6dd30ad48597",
              "parentUUID": "4113b307-2ec2-4ff1-a1ed-4546275b9de1",
              "isHook": false,
              "skipped": false
            },
            {
              "title": "should able to  copy email from options",
              "fullTitle": "Retention Base Evaluations should able to  copy email from options",
              "timedOut": false,
              "duration": 4021,
              "state": "passed",
              "speed": "slow",
              "pass": true,
              "fail": false,
              "pending": false,
              "context": null,
              "code": "await evaluation.clickFilterButton();\nawait evaluation.searchName('James Salinas');\nawait utilFun.wait(1000);\nconst name = await evaluation.getResourseName();\nutilFun.assertEql(name, 'James Salinas');\nawait evaluation.clickOptionBtn();\nawait utilFun.wait(1000);\nawait evaluation.selectOption('Copy Email');\nconst alertText = await evaluation.checkAlert();\nutilFun.assertEql(alertText, 'Email address is copied');",
              "err": {},
              "uuid": "31acaf32-fc9a-40f9-b02d-654e74b0cd2b",
              "parentUUID": "4113b307-2ec2-4ff1-a1ed-4546275b9de1",
              "isHook": false,
              "skipped": false
            },
            {
              "title": "should able to Send Email from options",
              "fullTitle": "Retention Base Evaluations should able to Send Email from options",
              "timedOut": false,
              "duration": 7357,
              "state": "passed",
              "speed": "slow",
              "pass": true,
              "fail": false,
              "pending": false,
              "context": null,
              "code": "await evaluation.clickFilterButton();\nawait evaluation.searchName('James Salinas');\nawait utilFun.wait(1000);\nconst name = await evaluation.getResourseName();\nutilFun.assertEql(name, 'James Salinas');\nawait evaluation.clickOptionBtn();\nawait utilFun.wait(1000);\nawait evaluation.selectOption('Send Email');\nawait utilFun.wait(1000);\nawait utilFun.switchWindow(1);\nawait utilFun.wait(3000);\nconst url = await utilFun.getUrl();\nassert.equal(url, 'https://mail.google.com/mail/u/0/?fs=1&tf=cm&to=james@robot-mail.com');\nawait utilFun.closeCurrentTab();\nawait utilFun.switchWindow(0);",
              "err": {},
              "uuid": "a45e8784-16fd-4b8f-b3b7-ab476e646427",
              "parentUUID": "4113b307-2ec2-4ff1-a1ed-4546275b9de1",
              "isHook": false,
              "skipped": false
            },
            {
              "title": "should able to Open Slack DM from options",
              "fullTitle": "Retention Base Evaluations should able to Open Slack DM from options",
              "timedOut": false,
              "duration": 7594,
              "state": "passed",
              "speed": "slow",
              "pass": true,
              "fail": false,
              "pending": false,
              "context": null,
              "code": "await evaluation.clickFilterButton();\nawait evaluation.searchName('James Salinas');\nawait utilFun.wait(1000);\nconst name = await evaluation.getResourseName();\nutilFun.assertEql(name, 'James Salinas');\nawait evaluation.clickOptionBtn();\nawait utilFun.wait(1000);\nawait evaluation.selectOption('Open Slack DM');\nawait utilFun.wait(1000);\nawait utilFun.switchWindow(1);\nawait utilFun.wait(3000);\nconst url = await utilFun.getUrl();\nassert.equal(url, 'https://invozone.slack.com/?redir=%2Fapp_redirect%3Fchannel%3Dundefined');\nawait utilFun.closeCurrentTab();\nawait utilFun.switchWindow(0);",
              "err": {},
              "uuid": "f91787db-af24-40a3-9419-ec6acc4f91f0",
              "parentUUID": "4113b307-2ec2-4ff1-a1ed-4546275b9de1",
              "isHook": false,
              "skipped": false
            },
            {
              "title": "should able to see Email from options",
              "fullTitle": "Retention Base Evaluations should able to see Email from options",
              "timedOut": false,
              "duration": 7209,
              "state": "passed",
              "speed": "slow",
              "pass": true,
              "fail": false,
              "pending": false,
              "context": null,
              "code": "await evaluation.clickFilterButton();\nawait evaluation.searchName('James Salinas');\nawait utilFun.wait(1000);\nconst name = await evaluation.getResourseName();\nutilFun.assertEql(name, 'James Salinas');\nawait evaluation.clickOptionBtn();\nawait utilFun.wait(1000);\nawait evaluation.selectOption('See Email');\nawait utilFun.wait(4000);\nconst email = await evaluation.copyEmail();\nassert.equal(email, 'Email: james@robot-mail.com');",
              "err": {},
              "uuid": "05d9e84d-5f0e-4c44-a85c-075e8398ad2f",
              "parentUUID": "4113b307-2ec2-4ff1-a1ed-4546275b9de1",
              "isHook": false,
              "skipped": false
            },
            {
              "title": "should able to copy Phone Number from options",
              "fullTitle": "Retention Base Evaluations should able to copy Phone Number from options",
              "timedOut": false,
              "duration": 6778,
              "state": "passed",
              "speed": "slow",
              "pass": true,
              "fail": false,
              "pending": false,
              "context": null,
              "code": "await evaluation.clickFilterButton();\nawait evaluation.searchName('James Salinas');\nawait utilFun.wait(1000);\nconst name = await evaluation.getResourseName();\nutilFun.assertEql(name, 'James Salinas');\nawait evaluation.clickOptionBtn();\nawait utilFun.wait(1000);\nawait evaluation.selectOption('Phone Number');\nawait utilFun.wait(3000);\nawait evaluation.copyPhoneNumber();\nconst alertText = await evaluation.checkAlert();\nassert.equal(alertText, 'Phone# is copied successfully');",
              "err": {},
              "uuid": "a0a40d97-8edf-4ef1-8a27-3b6836e0a9fb",
              "parentUUID": "4113b307-2ec2-4ff1-a1ed-4546275b9de1",
              "isHook": false,
              "skipped": false
            },
            {
              "title": "should able to see Resource Details from options",
              "fullTitle": "Retention Base Evaluations should able to see Resource Details from options",
              "timedOut": false,
              "duration": 4400,
              "state": "passed",
              "speed": "slow",
              "pass": true,
              "fail": false,
              "pending": false,
              "context": null,
              "code": "await evaluation.clickFilterButton();\nawait evaluation.searchName('James Salinas');\nawait utilFun.wait(1000);\nconst name = await evaluation.getResourseName();\nutilFun.assertEql(name, 'James Salinas');\nawait evaluation.clickResource();\nawait utilFun.wait(1000);\nawait utilFun.switchWindow(1);\nawait utilFun.wait(1000);\nconst url = await utilFun.getUrl();\nassert.equal(url, baseUrl + '/resource-detail/9742?tab=Basic_Information');\nawait utilFun.closeCurrentTab();\nawait utilFun.switchWindow(0);",
              "err": {},
              "uuid": "c591849c-cd04-444d-9c5b-82d65181e2f6",
              "parentUUID": "4113b307-2ec2-4ff1-a1ed-4546275b9de1",
              "isHook": false,
              "skipped": false
            },
            {
              "title": "should able to see employee history",
              "fullTitle": "Retention Base Evaluations should able to see employee history",
              "timedOut": false,
              "duration": 3185,
              "state": "passed",
              "speed": "slow",
              "pass": true,
              "fail": false,
              "pending": false,
              "context": null,
              "code": "await evaluation.clickFilterButton();\nawait evaluation.searchName('James Salinas');\nawait utilFun.wait(1000);\nconst name = await evaluation.getResourseName();\nutilFun.assertEql(name, 'James Salinas');\nawait evaluation.clickSeeFeedback();\nawait utilFun.wait(1000);\nconst title = await evaluation.checkTitle();\nutilFun.assertEql(title, 'Feedback History of James Salinas');\nawait evaluation.checkSelectedTab();",
              "err": {},
              "uuid": "a601f9ad-fea1-4c1a-8680-87f683a5576f",
              "parentUUID": "4113b307-2ec2-4ff1-a1ed-4546275b9de1",
              "isHook": false,
              "skipped": false
            },
            {
              "title": "should able to request a review",
              "fullTitle": "Retention Base Evaluations should able to request a review",
              "timedOut": false,
              "duration": 7309,
              "state": "passed",
              "speed": "slow",
              "pass": true,
              "fail": false,
              "pending": false,
              "context": null,
              "code": "await evaluation.clickFilterButton();\nawait evaluation.searchName('James Salinas');\nawait utilFun.wait(1000);\nconst name = await evaluation.getResourseName();\nutilFun.assertEql(name, 'James Salinas');\nawait evaluation.clickSeeFeedback();\nawait utilFun.wait(1000);\nawait evaluation.clickSubmittedReview();\nawait evaluation.clickReqReviewBtn();\nawait utilFun.wait(1000);\nawait evaluation.clickHod('Muhammad Bilal Rafaqat');\nawait evaluation.clickSendReqBtn();\nconst alertText = await evaluation.checkAlert();\nutilFun.assertEql(alertText, 'Request is send successfully.');",
              "err": {},
              "uuid": "d005d21a-eb5d-4397-b8e4-78efb0e21138",
              "parentUUID": "4113b307-2ec2-4ff1-a1ed-4546275b9de1",
              "isHook": false,
              "skipped": false
            },
            {
              "title": "should able to give a review",
              "fullTitle": "Retention Base Evaluations should able to give a review",
              "timedOut": false,
              "duration": 12845,
              "state": "passed",
              "speed": "slow",
              "pass": true,
              "fail": false,
              "pending": false,
              "context": null,
              "code": "const query = [\n  `UPDATE employees SET \"departmentId\" = 9 WHERE id = 9474;`,\n  `UPDATE employees SET \"designationId\" = 83 WHERE id = 9474;`,\n  `UPDATE employees SET \"designation\" = 'Head of Engineering' WHERE id = 9474;`,\n];\nawait utilFun.udpateDatabase(query);\nawait utilFun.refresh();\nawait evaluation.clickFilterButton();\nawait evaluation.searchName('James Salinas');\nawait utilFun.wait(1000);\nconst name = await evaluation.getResourseName();\nutilFun.assertEql(name, 'James Salinas');\nawait evaluation.clickSeeFeedback();\nawait utilFun.wait(1000);\nawait evaluation.clickSubmittedReview();\nawait utilFun.wait(1000);\nawait evaluation.clickAddFeedback();\n// await feedbackForm.enterDate('03092023');\nawait feedbackForm.selectFeedbackDuration('6 Months');\nawait feedbackForm.selectNextReviewType('Annual');\nawait feedbackForm.selectRevisedDesignation('Software Engineer');\nawait feedbackForm.typeIncreament('200000');\nawait feedbackForm.typeDescription('testingggg');\nawait feedbackForm.clickSubmit();\nconst alertText = await evaluation.checkAlert();\nutilFun.assertEql(alertText, 'Increment status is updated successfully');",
              "err": {},
              "uuid": "008d96ab-525c-4446-9192-1e3fd299f511",
              "parentUUID": "4113b307-2ec2-4ff1-a1ed-4546275b9de1",
              "isHook": false,
              "skipped": false
            },
            {
              "title": "should able to edit review form",
              "fullTitle": "Retention Base Evaluations should able to edit review form",
              "timedOut": false,
              "duration": 9208,
              "state": "passed",
              "speed": "slow",
              "pass": true,
              "fail": false,
              "pending": false,
              "context": null,
              "code": "await evaluation.clickFilterButton();\nawait evaluation.searchName('James Salinas');\nawait utilFun.wait(1000);\nconst name = await evaluation.getResourseName();\nutilFun.assertEql(name, 'James Salinas');\nawait evaluation.clickEditForm();\nawait utilFun.wait(1000);\n// await feedbackForm.enterDate('03102023');\nawait feedbackForm.selectFeedbackDuration('3 Months');\nawait feedbackForm.selectNextReviewType('Annual');\nawait feedbackForm.selectRevisedDesignation('Software Engineer');\nawait feedbackForm.typeIncreament('200000');\nawait feedbackForm.typeDescription('updated');\nawait feedbackForm.clickSubmit();\nconst alertText = await evaluation.checkAlert();\nutilFun.assertEql(alertText, 'Increment status is updated successfully');",
              "err": {},
              "uuid": "490ff085-f801-4469-bcc6-a60e3e73726b",
              "parentUUID": "4113b307-2ec2-4ff1-a1ed-4546275b9de1",
              "isHook": false,
              "skipped": false
            },
            {
              "title": "should able to defer review",
              "fullTitle": "Retention Base Evaluations should able to defer review",
              "timedOut": false,
              "duration": 6560,
              "state": "passed",
              "speed": "slow",
              "pass": true,
              "fail": false,
              "pending": false,
              "context": null,
              "code": "const query = [\n  `UPDATE employees SET \"designation\" = 'HR' WHERE id = 9474;`,\n  `UPDATE employees SET \"departmentId\" = 7 WHERE id = 9474;`,\n  `UPDATE employees SET \"designationId\" = 77 WHERE id = 9474;`,\n];\nawait utilFun.udpateDatabase(query);\nawait utilFun.refresh();\nawait evaluation.clickFilterButton();\nawait evaluation.searchName('James Salinas');\nawait utilFun.wait(1000);\nconst name = await evaluation.getResourseName();\nutilFun.assertEql(name, 'James Salinas');\nawait evaluation.clickDefer();\nawait evaluation.clickDeferType();\nawait utilFun.wait(1000);\nawait evaluation.selectDeferType('2 Weeks');\nawait evaluation.typeDeferReason('testing');\nawait evaluation.clickSubmitBtn();\nconst alertText = await evaluation.checkAlert();\nutilFun.assertEql(alertText, 'Increment status is updated successfully');",
              "err": {},
              "uuid": "ceef38cc-5090-4c85-be18-e810bad64030",
              "parentUUID": "4113b307-2ec2-4ff1-a1ed-4546275b9de1",
              "isHook": false,
              "skipped": false
            },
            {
              "title": "should able to complete review",
              "fullTitle": "Retention Base Evaluations should able to complete review",
              "timedOut": false,
              "duration": 4212,
              "state": "failed",
              "speed": null,
              "pass": false,
              "fail": true,
              "pending": false,
              "context": null,
              "code": "const query = [\n  `UPDATE employees SET \"designation\" = 'HR' WHERE id = 9474;`,\n  `UPDATE employees SET \"departmentId\" = 7 WHERE id = 9474;`,\n  `UPDATE employees SET \"designationId\" = 77 WHERE id = 9474;`,\n  `UPDATE employee_evaluations SET \"processType\" = NULL WHERE id = 26;`,\n  `UPDATE employee_evaluations SET \"reasonForDefer\" = NULL WHERE id = 26;`,\n  `UPDATE employee_evaluations SET \"processDate\" = NULL WHERE id = 26;`,\n];\nawait utilFun.udpateDatabase(query);\nawait utilFun.refresh();\nawait evaluation.clickFilterButton();\nawait evaluation.searchName('James Salinas');\nawait utilFun.wait(1000);\nconst name = await evaluation.getResourseName();\nutilFun.assertEql(name, 'James Salinas');\nawait evaluation.clickComplete();\nawait feedbackForm.enterDate('03102023');\nawait feedbackForm.selectFeedbackDuration('3 Months');\nawait feedbackForm.selectNextReviewType('Annual');\nawait feedbackForm.selectRevisedDesignation('Software Engineer');\nawait feedbackForm.typeIncreament('200000');\nawait feedbackForm.clickSubmit();\nconst alertText = await evaluation.checkAlert();\nutilFun.assertEql(alertText, 'Increment status is updated successfully');",
              "err": {
                "message": "NoSuchElementError: no such element: Unable to locate element: {\"method\":\"css selector\",\"selector\":\"input[type=\"date\"]\"}\n  (Session info: headless chrome=119.0.6045.159)",
                "estack": "NoSuchElementError: no such element: Unable to locate element: {\"method\":\"css selector\",\"selector\":\"input[type=\"date\"]\"}\n  (Session info: headless chrome=119.0.6045.159)\n    at Object.throwDecodedError (node_modules/selenium-webdriver/lib/error.js:524:15)\n    at parseHttpResponse (node_modules/selenium-webdriver/lib/http.js:601:13)\n    at Executor.execute (node_modules/selenium-webdriver/lib/http.js:529:28)\n    at process.processTicksAndRejections (node:internal/process/task_queues:95:5)\n    at async thenableWebDriverProxy.execute (node_modules/selenium-webdriver/lib/webdriver.js:745:17)\n    at async toWireValue (node_modules/selenium-webdriver/lib/webdriver.js:145:15)\n    at async /home/devops/invohub/resource-engagement/node_modules/selenium-webdriver/lib/webdriver.js:195:16\n    at async forEachKey (node_modules/selenium-webdriver/lib/webdriver.js:189:9)\n    at async convertKeys (node_modules/selenium-webdriver/lib/webdriver.js:194:3)\n    at async thenableWebDriverProxy.execute (node_modules/selenium-webdriver/lib/webdriver.js:743:22)\n    at async Context.<anonymous> (test/e2e/evaluation/spec_3_retention.js:252:5)",
                "diff": null
              },
              "uuid": "66899d48-4559-4b50-a9ab-2a359774a4d3",
              "parentUUID": "4113b307-2ec2-4ff1-a1ed-4546275b9de1",
              "isHook": false,
              "skipped": false
            }
          ],
          "suites": [],
          "passes": [
            "516f8c79-0843-4ed8-9fdd-2be64c4682d6",
            "ad884296-9a1d-47ff-a5a2-181dd6bc9549",
            "fd466256-ee22-47a6-9cbe-6dd30ad48597",
            "31acaf32-fc9a-40f9-b02d-654e74b0cd2b",
            "a45e8784-16fd-4b8f-b3b7-ab476e646427",
            "f91787db-af24-40a3-9419-ec6acc4f91f0",
            "05d9e84d-5f0e-4c44-a85c-075e8398ad2f",
            "a0a40d97-8edf-4ef1-8a27-3b6836e0a9fb",
            "c591849c-cd04-444d-9c5b-82d65181e2f6",
            "a601f9ad-fea1-4c1a-8680-87f683a5576f",
            "d005d21a-eb5d-4397-b8e4-78efb0e21138",
            "008d96ab-525c-4446-9192-1e3fd299f511",
            "490ff085-f801-4469-bcc6-a60e3e73726b",
            "ceef38cc-5090-4c85-be18-e810bad64030"
          ],
          "failures": [
            "66899d48-4559-4b50-a9ab-2a359774a4d3"
          ],
          "pending": [],
          "skipped": [],
          "duration": 84120,
          "root": false,
          "rootEmpty": false,
          "_timeout": 100000
        },
        {
          "uuid": "651b2620-0444-4dcf-8c1f-c9eab92eac41",
          "title": "Evaluations History",
          "fullFile": "/home/devops/invohub/resource-engagement/test/e2e/evaluation/spec_4_history.js",
          "file": "/test/e2e/evaluation/spec_4_history.js",
          "beforeHooks": [
            {
              "title": "\"before all\" hook in \"Evaluations History\"",
              "fullTitle": "Evaluations History \"before all\" hook in \"Evaluations History\"",
              "timedOut": false,
              "duration": 8900,
              "state": null,
              "speed": null,
              "pass": false,
              "fail": false,
              "pending": false,
              "context": null,
              "code": "await utilFun.loginAccount()\nconst url = await utilFun.getUrl();\nassert.equal(url, baseUrl + '/home');\nlet query = [\n  `UPDATE employee_evaluations SET \"processType\" = 'COMPLETE' WHERE id = 26;`,\n  `DELETE FROM employee_evaluations WHERE \"employeeId\" = 9742 AND \"incrementType\" = 'designation';`,\n  `UPDATE employee_evaluations SET \"processDate\" = '2023-03-28 17:32:33.501+05' WHERE id = 26;`,\n];\nawait utilFun.udpateDatabase(query);",
              "err": {},
              "uuid": "927d5ea0-e9a4-4393-9063-1ffb5156e838",
              "parentUUID": "651b2620-0444-4dcf-8c1f-c9eab92eac41",
              "isHook": true,
              "skipped": false
            },
            {
              "title": "\"before each\" hook in \"Evaluations History\"",
              "fullTitle": "Evaluations History \"before each\" hook in \"Evaluations History\"",
              "timedOut": false,
              "duration": 4363,
              "state": null,
              "speed": null,
              "pass": false,
              "fail": false,
              "pending": false,
              "context": null,
              "code": "await utilFun.visit(baseUrl + '/evaluation-history');\nawait utilFun.wait(4000);",
              "err": {},
              "uuid": "10f8ed47-08a5-48af-a08d-9b246a37d5a4",
              "parentUUID": "651b2620-0444-4dcf-8c1f-c9eab92eac41",
              "isHook": true,
              "skipped": false
            }
          ],
          "afterHooks": [],
          "tests": [
            {
              "title": "should check if evaluations history is showing",
              "fullTitle": "Evaluations History should check if evaluations history is showing",
              "timedOut": false,
              "duration": 39,
              "state": "passed",
              "speed": "medium",
              "pass": true,
              "fail": false,
              "pending": false,
              "context": null,
              "code": "let obj = await evaluation.getAllPendingResourses();\nassert(obj.length > 0, `No Evaluation Found`);",
              "err": {},
              "uuid": "ca58814a-6951-438c-9d5a-483fe035c278",
              "parentUUID": "651b2620-0444-4dcf-8c1f-c9eab92eac41",
              "isHook": false,
              "skipped": false
            },
            {
              "title": "should able to filter resoures by name",
              "fullTitle": "Evaluations History should able to filter resoures by name",
              "timedOut": false,
              "duration": 2221,
              "state": "passed",
              "speed": "slow",
              "pass": true,
              "fail": false,
              "pending": false,
              "context": null,
              "code": "await evaluation.clickFilterButton();\nawait evaluation.searchName('James Salinas');\nawait utilFun.wait(1000);\nconst name = await evaluation.getResourseName();\nutilFun.assertEql(name, 'James Salinas');",
              "err": {},
              "uuid": "b92d895a-4951-4584-b000-26516b40c191",
              "parentUUID": "651b2620-0444-4dcf-8c1f-c9eab92eac41",
              "isHook": false,
              "skipped": false
            },
            {
              "title": "should able to check review is completed",
              "fullTitle": "Evaluations History should able to check review is completed",
              "timedOut": false,
              "duration": 2227,
              "state": "passed",
              "speed": "slow",
              "pass": true,
              "fail": false,
              "pending": false,
              "context": null,
              "code": "await evaluation.clickFilterButton();\nawait evaluation.searchName('James Salinas');\nawait utilFun.wait(1000);\nconst name = await evaluation.checkProcessState()\nutilFun.assertEql(name, 'Complete');",
              "err": {},
              "uuid": "984191f1-9727-416f-957b-ad9a9d0ab7d2",
              "parentUUID": "651b2620-0444-4dcf-8c1f-c9eab92eac41",
              "isHook": false,
              "skipped": false
            },
            {
              "title": "should able to filter resoures by Review Type",
              "fullTitle": "Evaluations History should able to filter resoures by Review Type",
              "timedOut": false,
              "duration": 1780,
              "state": "passed",
              "speed": "slow",
              "pass": true,
              "fail": false,
              "pending": false,
              "context": null,
              "code": "await evaluation.clickFilterButton();\nawait evaluation.selectReviewType('Annual');\nconst valuesCount = await evaluation.checkValues();\nutilFun.assertEql(valuesCount, 1);",
              "err": {},
              "uuid": "bef0de26-695b-4893-8531-168d4b306fef",
              "parentUUID": "651b2620-0444-4dcf-8c1f-c9eab92eac41",
              "isHook": false,
              "skipped": false
            },
            {
              "title": "should able to filter resoures by Last Increment",
              "fullTitle": "Evaluations History should able to filter resoures by Last Increment",
              "timedOut": false,
              "duration": 1752,
              "state": "passed",
              "speed": "slow",
              "pass": true,
              "fail": false,
              "pending": false,
              "context": null,
              "code": "await evaluation.clickFilterButton();\nawait evaluation.selectLastIncrement('N/A');\nconst valuesCount = await evaluation.checkValues();\nutilFun.assertEql(valuesCount, 1);",
              "err": {},
              "uuid": "bc126b0b-2fe8-4103-a6c8-f97cbdb8ce75",
              "parentUUID": "651b2620-0444-4dcf-8c1f-c9eab92eac41",
              "isHook": false,
              "skipped": false
            },
            {
              "title": "should able to  copy email from options",
              "fullTitle": "Evaluations History should able to  copy email from options",
              "timedOut": false,
              "duration": 4469,
              "state": "passed",
              "speed": "slow",
              "pass": true,
              "fail": false,
              "pending": false,
              "context": null,
              "code": "await evaluation.clickFilterButton();\nawait evaluation.searchName('James Salinas');\nawait utilFun.wait(1000);\nconst name = await evaluation.getResourseName();\nutilFun.assertEql(name, 'James Salinas');\nawait evaluation.clickOptionBtn();\nawait utilFun.wait(1000);\nawait evaluation.selectOption('Copy Email');\nconst alertText = await evaluation.checkAlert();\nutilFun.assertEql(alertText, 'Email address is copied');",
              "err": {},
              "uuid": "c9af78d4-21fc-436b-8798-4af0015420cd",
              "parentUUID": "651b2620-0444-4dcf-8c1f-c9eab92eac41",
              "isHook": false,
              "skipped": false
            },
            {
              "title": "should able to Send Email from options",
              "fullTitle": "Evaluations History should able to Send Email from options",
              "timedOut": false,
              "duration": 7907,
              "state": "passed",
              "speed": "slow",
              "pass": true,
              "fail": false,
              "pending": false,
              "context": null,
[...]
              "err": {},
              "uuid": "05ad6028-51eb-4489-9878-639409918d34",
              "parentUUID": "0c46359b-387f-42bb-9ba6-5e1e47d153a3",
              "isHook": false,
              "skipped": false
            },
            {
              "title": "should check if Resource Availed Sick Leaves is Shownig and is editable.",
              "fullTitle": "Resource Details should check if Resource Availed Sick Leaves is Shownig and is editable.",
              "timedOut": false,
              "duration": 4656,
              "state": "passed",
              "speed": "slow",
              "pass": true,
              "fail": false,
              "pending": false,
              "context": null,
              "code": "await utilFun.visit(baseUrl + detailsPageUrl);\nconst url = await utilFun.getUrl();\nassert.equal(url, baseUrl + detailsPageUrl);\nawait resourceDetails.waitForNametoVisible();\nawait resourceDetails.checkValue('Availed Sick Leaves', '0');",
              "err": {},
              "uuid": "79c00cab-51d9-47a5-a007-3e79284532e8",
              "parentUUID": "0c46359b-387f-42bb-9ba6-5e1e47d153a3",
              "isHook": false,
              "skipped": false
            },
            {
              "title": "should check if Resource Total Leaves Availed (Casual/Sick) is Shownig and is editable.",
              "fullTitle": "Resource Details should check if Resource Total Leaves Availed (Casual/Sick) is Shownig and is editable.",
              "timedOut": false,
              "duration": 4596,
              "state": "passed",
              "speed": "slow",
              "pass": true,
              "fail": false,
              "pending": false,
              "context": null,
              "code": "await utilFun.visit(baseUrl + detailsPageUrl);\nconst url = await utilFun.getUrl();\nassert.equal(url, baseUrl + detailsPageUrl);\nawait resourceDetails.waitForNametoVisible();\nawait resourceDetails.checkValue('Total Leaves Availed (Casual/Sick)', '0');",
              "err": {},
              "uuid": "8fcaf9e4-9564-48f9-8144-00bde22d5e8f",
              "parentUUID": "0c46359b-387f-42bb-9ba6-5e1e47d153a3",
              "isHook": false,
              "skipped": false
            },
            {
              "title": "should check if Resource Total Remaining Leaves is Shownig and is editable.",
              "fullTitle": "Resource Details should check if Resource Total Remaining Leaves is Shownig and is editable.",
              "timedOut": false,
              "duration": 4687,
              "state": "passed",
              "speed": "slow",
              "pass": true,
              "fail": false,
              "pending": false,
              "context": null,
              "code": "await utilFun.visit(baseUrl + detailsPageUrl);\nconst url = await utilFun.getUrl();\nassert.equal(url, baseUrl + detailsPageUrl);\nawait resourceDetails.waitForNametoVisible();\nawait resourceDetails.checkValue('Total Remaining Leaves', '16');",
              "err": {},
              "uuid": "af595dc9-eb34-452d-9fb9-1c33745a6737",
              "parentUUID": "0c46359b-387f-42bb-9ba6-5e1e47d153a3",
              "isHook": false,
              "skipped": false
            },
            {
              "title": "should check if Resource Availed Paid Leaves is Shownig and is editable.",
              "fullTitle": "Resource Details should check if Resource Availed Paid Leaves is Shownig and is editable.",
              "timedOut": false,
              "duration": 3672,
              "state": "passed",
              "speed": "slow",
              "pass": true,
              "fail": false,
              "pending": false,
              "context": null,
              "code": "await utilFun.visit(baseUrl + detailsPageUrl);\nconst url = await utilFun.getUrl();\nassert.equal(url, baseUrl + detailsPageUrl);\nawait resourceDetails.waitForNametoVisible();\nawait resourceDetails.checkOtherLeaves('Availed Paid Leaves', '0');",
              "err": {},
              "uuid": "74cc7edf-031e-44cd-aae5-094915fbdb74",
              "parentUUID": "0c46359b-387f-42bb-9ba6-5e1e47d153a3",
              "isHook": false,
              "skipped": false
            },
            {
              "title": "should check if Resource Availed Unpaid Leaves is Shownig and is editable.",
              "fullTitle": "Resource Details should check if Resource Availed Unpaid Leaves is Shownig and is editable.",
              "timedOut": false,
              "duration": 3378,
              "state": "passed",
              "speed": "slow",
              "pass": true,
              "fail": false,
              "pending": false,
              "context": null,
              "code": "await utilFun.visit(baseUrl + detailsPageUrl);\nconst url = await utilFun.getUrl();\nassert.equal(url, baseUrl + detailsPageUrl);\nawait resourceDetails.waitForNametoVisible();\nawait resourceDetails.checkOtherLeaves('Availed Unpaid Leaves', '0');",
              "err": {},
              "uuid": "47e13ec3-6610-4917-bc21-7239d77b5ed5",
              "parentUUID": "0c46359b-387f-42bb-9ba6-5e1e47d153a3",
              "isHook": false,
              "skipped": false
            },
            {
              "title": "should check if Resource Carry Forward Leaves is Shownig and is editable.",
              "fullTitle": "Resource Details should check if Resource Carry Forward Leaves is Shownig and is editable.",
              "timedOut": false,
              "duration": 3879,
              "state": "passed",
              "speed": "slow",
              "pass": true,
              "fail": false,
              "pending": false,
              "context": null,
              "code": "await utilFun.visit(baseUrl + detailsPageUrl);\nconst url = await utilFun.getUrl();\nassert.equal(url, baseUrl + detailsPageUrl);\nawait resourceDetails.waitForNametoVisible();\nawait resourceDetails.checkOtherLeaves('Carry Forward Leaves', '0');",
              "err": {},
              "uuid": "68796f76-db76-4fbf-adc9-b9cd0ffed99b",
              "parentUUID": "0c46359b-387f-42bb-9ba6-5e1e47d153a3",
              "isHook": false,
              "skipped": false
            },
            {
              "title": "should check if Resource Project is Showing.",
              "fullTitle": "Resource Details should check if Resource Project is Showing.",
              "timedOut": false,
              "duration": 2219,
              "state": "failed",
              "speed": null,
              "pass": false,
              "fail": true,
              "pending": false,
              "context": null,
              "code": "await utilFun.visit(baseUrl + detailsPageUrl);\nconst url = await utilFun.getUrl();\nassert.equal(url, baseUrl + detailsPageUrl);\nawait resourceDetails.waitForNametoVisible();\nconst projectData = await resourceDetails.checkProjectDetails();\nassert.ok(projectData.includes('automation'), `Expected text not found.`);",
              "err": {
                "message": "AssertionError: Expected text not found.",
                "estack": "AssertionError [ERR_ASSERTION]: Expected text not found.\n    at Context.<anonymous> (test/e2e/resources/spec-4-resourse-details.js:706:12)\n    at process.processTicksAndRejections (node:internal/process/task_queues:95:5)",
                "diff": "- false\n+ true\n"
              },
              "uuid": "b7cfb8cc-8616-4721-a092-070a043bd01a",
              "parentUUID": "0c46359b-387f-42bb-9ba6-5e1e47d153a3",
              "isHook": false,
              "skipped": false
            },
            {
              "title": "should able to delete project from details page.",
              "fullTitle": "Resource Details should able to delete project from details page.",
              "timedOut": false,
              "duration": 12675,
              "state": "failed",
              "speed": null,
              "pass": false,
              "fail": true,
              "pending": false,
              "context": null,
              "code": "await utilFun.visit(baseUrl + detailsPageUrl);\nconst url = await utilFun.getUrl();\nassert.equal(url, baseUrl + detailsPageUrl);\nawait resourceDetails.waitForNametoVisible();\nawait resourceDetails.clickDelProjectBtn();\nconst alertText = await utilFun.checkAlert();\nassert.equal(alertText, 'Resource removed from project successfully.');",
              "err": {
                "message": "TimeoutError: Waiting for at least one element to be located By(css selector, [aria-label=\"delete\"])\nWait timed out after 10092ms",
                "estack": "TimeoutError: Waiting for at least one element to be located By(css selector, [aria-label=\"delete\"])\nWait timed out after 10092ms\n    at /home/devops/invohub/resource-engagement/node_modules/selenium-webdriver/lib/webdriver.js:929:17\n    at process.processTicksAndRejections (node:internal/process/task_queues:95:5)",
                "diff": null
              },
              "uuid": "6d6a8f61-255e-4924-b030-99627ca601ea",
              "parentUUID": "0c46359b-387f-42bb-9ba6-5e1e47d153a3",
              "isHook": false,
              "skipped": false
            },
            {
              "title": "should check if Hardware records are showing correctly.",
              "fullTitle": "Resource Details should check if Hardware records are showing correctly.",
              "timedOut": false,
              "duration": 2508,
              "state": "passed",
              "speed": "slow",
              "pass": true,
              "fail": false,
              "pending": false,
              "context": null,
              "code": "let query = [`UPDATE employee_assets SET \"employeeId\" = ${newId} WHERE \"employeeId\" = 9429;`];\nawait utilFun.udpateDatabase(query);\nawait utilFun.visit(baseUrl + detailsPageUrl);\nconst url = await utilFun.getUrl();\nassert.equal(url, baseUrl + detailsPageUrl);\nawait resourceDetails.waitForNametoVisible();\nlet records = await resourceDetails.getAssetRecords();\nassert.ok(records.includes('Steve'), `Expected text not found.`);",
              "err": {},
              "uuid": "de41c091-709a-4271-bcbd-1f1515308341",
              "parentUUID": "0c46359b-387f-42bb-9ba6-5e1e47d153a3",
              "isHook": false,
              "skipped": false
            },
            {
              "title": "should add skills from Resource details page.",
              "fullTitle": "Resource Details should add skills from Resource details page.",
              "timedOut": false,
              "duration": 6323,
              "state": "passed",
              "speed": "slow",
              "pass": true,
              "fail": false,
              "pending": false,
              "context": null,
              "code": "await utilFun.visit(baseUrl + detailsPageUrl);\nconst url = await utilFun.getUrl();\nassert.equal(url, baseUrl + detailsPageUrl);\nawait resourceDetails.waitForNametoVisible();\nawait resourceDetails.clickEditSkillBtn()\nawait resourceDetails.searchSkill('automation')\nawait resourceDetails.clickAddIcon()\nconst alertText = await utilFun.checkAlert();\nassert.equal(alertText, 'Skills updated successfully.');\nawait resourceDetails.clickDoneBtn()",
              "err": {},
              "uuid": "d6cb6c6a-7e78-46ba-82bb-be31f3552a98",
              "parentUUID": "0c46359b-387f-42bb-9ba6-5e1e47d153a3",
              "isHook": false,
              "skipped": false
            },
            {
              "title": "should check if skills records are showing correctly.",
              "fullTitle": "Resource Details should check if skills records are showing correctly.",
              "timedOut": false,
              "duration": 2304,
              "state": "passed",
              "speed": "slow",
              "pass": true,
              "fail": false,
              "pending": false,
              "context": null,
              "code": "await utilFun.visit(baseUrl + detailsPageUrl);\nconst url = await utilFun.getUrl();\nassert.equal(url, baseUrl + detailsPageUrl);\nawait resourceDetails.waitForNametoVisible();\nlet records = await resourceDetails.getSkillRecords();\nassert.ok(records.includes('Automation'), `Expected text not found.`);",
              "err": {},
              "uuid": "c6459903-caeb-47da-aa48-6bf1524ccabe",
              "parentUUID": "0c46359b-387f-42bb-9ba6-5e1e47d153a3",
              "isHook": false,
              "skipped": false
            },
            {
              "title": "should able to remove skill by editing.",
              "fullTitle": "Resource Details should able to remove skill by editing.",
              "timedOut": false,
              "duration": 5357,
              "state": "passed",
              "speed": "slow",
              "pass": true,
              "fail": false,
              "pending": false,
              "context": null,
              "code": "await utilFun.visit(baseUrl + detailsPageUrl);\nconst url = await utilFun.getUrl();\nassert.equal(url, baseUrl + detailsPageUrl);\nawait resourceDetails.waitForNametoVisible();\nawait resourceDetails.clickEditSkillBtn()\nawait resourceDetails.clickRemoveSkillBtn()\nawait resourceDetails.clickYesBtn()\nconst alertText = await utilFun.checkAlert();\nassert.equal(alertText, 'Skill is deleted successfully');\nawait resourceDetails.clickDoneBtn()\nlet records = await resourceDetails.getSkillRecordsEmpty();\nconsole.log(records);\nassert.equal(records, 'No Data');",
              "err": {},
              "uuid": "74f6f93b-8d26-4395-9ae3-02b945d2d8fe",
              "parentUUID": "0c46359b-387f-42bb-9ba6-5e1e47d153a3",
              "isHook": false,
              "skipped": false
            },
            {
              "title": "should check if attendence is showing correctly.",
              "fullTitle": "Resource Details should check if attendence is showing correctly.",
              "timedOut": false,
              "duration": 6503,
              "state": "passed",
              "speed": "slow",
              "pass": true,
              "fail": false,
              "pending": false,
              "context": null,
              "code": "let query = [`UPDATE employee_attendances SET \"employeeId\" = ${newId} WHERE \"employeeId\" = 9429;`];\nawait utilFun.udpateDatabase(query);\nawait utilFun.visit(baseUrl + detailsPageUrl);\nconst url = await utilFun.getUrl();\nassert.equal(url, baseUrl + detailsPageUrl);\nawait resourceDetails.waitForNametoVisible();\nawait resourceDetails.clickAttendanceTab();\nconst url1 = await utilFun.getUrl();\nassert.equal(url1, baseUrl + attendanceTabUrl);\nawait resourceDetails.selectAttendanceYear(2024);\nawait resourceDetails.selectAttendanceMonth('Jan');\nawait utilFun.wait(2000)\nlet time = await resourceDetails.getTimeByDate('2024-01-22');\nassert.equal(time, '08:00');\ntime = await resourceDetails.getTimeByDate('2024-01-23');\nassert.equal(time, '08:00');\ntime = await resourceDetails.getTimeByDate('2024-01-24');\nassert.equal(time, '08:20');\ntime = await resourceDetails.getTimeByDate('2024-01-25');\nassert.equal(time, '07:30');\ntime = await resourceDetails.getTimeByDate('2024-01-26');\nassert.equal(time, '06:40');\nlet weekTime = await resourceDetails.getWeekTime(4);\nassert.equal(weekTime, '38:30');",
              "err": {},
              "uuid": "599084f9-d3fb-4412-a75d-b9c9adb49f23",
              "parentUUID": "0c46359b-387f-42bb-9ba6-5e1e47d153a3",
              "isHook": false,
              "skipped": false
            }
          ],
          "suites": [],
          "passes": [
            "5f2a7e0a-2669-4575-9b21-9f170e3418a5",
            "2a0e4998-fb4a-4d37-9142-f58272724467",
            "0baa1d96-ec41-4d00-bd21-5b9c9ecfbd9a",
            "860fc35a-eb8e-47ee-8261-88985197b571",
            "6f19fb96-003e-495c-acf1-ac2fdfc26f0d",
            "8c17edc6-453a-49ae-811e-7747d0dcaba1",
            "7957aa77-96e3-4342-a377-af73b0f75f1e",
            "f0dd62fd-d53b-4b19-808c-87983ffe8cdf",
            "b6d377b5-efac-41f1-a8ae-849d0aa506d7",
            "f730c642-9a6c-4e0c-8b2a-1f90635389e3",
            "7f841f55-1429-43ed-b87d-8d432ad69ec0",
            "efba1263-e387-47e1-b6bd-8787bc10c195",
            "e85384b3-3bfc-4e77-b68a-0feed3a8e5df",
            "a25d8ddb-2c13-4a45-856f-6edf2a4a9f40",
            "dab64861-d2ba-4e2c-82fb-01fba8d88193",
            "384d7cee-7d61-466e-8f44-8e00605eeefd",
            "309bc3f9-e092-463b-b048-bf85f651ac40",
            "76536e7d-d170-45a4-a3f3-d71f618c95e2",
            "763302e7-269b-474c-819f-0db6c10735eb",
            "5a286d8d-dc5c-48c1-b321-7975ff3621c9",
            "a2c49c02-ffb5-4f68-bcbe-2a6a74e5e7d2",
            "20e1ecae-26f9-46a0-acd4-9481726ad6b3",
            "d0d670c7-f3bc-4dd2-990a-ae1878832ca2",
            "4f48a348-91da-4af3-b747-97c264bf3087",
            "8c868630-4ed3-4a81-a40f-b1e07ca97b92",
            "8a342bbd-c9e0-4612-bf43-15158246121a",
            "a07bd6f7-e642-42d3-8f32-291e9fefdbf5",
            "bea8c5e8-1a3d-466e-bd5c-ce88f96d85dd",
            "81cea49b-661e-4cce-a32a-ac45498b790f",
            "82617eb1-3586-4f96-a3a8-e060d001d708",
            "d85faa0b-c5db-4767-a254-459f6c231c8a",
            "d92f9154-6340-490a-8992-17be4ff703e3",
            "52359718-8e85-45a5-89a5-ab0b8654e003",
            "cd36e015-29f4-400a-aa62-0ffeaaa82030",
            "f1b09dfa-9a2d-4941-ac7b-201ad7814315",
            "7063f3a3-b01c-41ff-afbf-41d6393dd733",
            "020deffb-2c92-415a-b89d-84abf16f4efa",
            "bc7bf00a-9cdb-4261-a2bb-f242e45fd033",
            "2070bacf-f234-4360-907d-2e5e7c9c38d2",
            "3fd66132-529b-42c2-9b36-715d92521242",
            "a676e03e-e84a-4127-82b1-d733907ae88c",
            "e33b0ca8-62d0-48b0-9fdc-51b6ccd37920",
            "14e41653-110e-4d4d-a163-dadd1d96c07c",
            "9aa86c50-bf3a-4b84-b4e2-c95523c21440",
            "1066a310-de3a-442c-8a46-1536ced2f38d",
            "1294bf8c-ce14-4f1f-a1c8-b43b0464b14f",
            "05ad6028-51eb-4489-9878-639409918d34",
            "79c00cab-51d9-47a5-a007-3e79284532e8",
            "8fcaf9e4-9564-48f9-8144-00bde22d5e8f",
            "af595dc9-eb34-452d-9fb9-1c33745a6737",
            "74cc7edf-031e-44cd-aae5-094915fbdb74",
            "47e13ec3-6610-4917-bc21-7239d77b5ed5",
            "68796f76-db76-4fbf-adc9-b9cd0ffed99b",
            "de41c091-709a-4271-bcbd-1f1515308341",
            "d6cb6c6a-7e78-46ba-82bb-be31f3552a98",
            "c6459903-caeb-47da-aa48-6bf1524ccabe",
            "74f6f93b-8d26-4395-9ae3-02b945d2d8fe",
            "599084f9-d3fb-4412-a75d-b9c9adb49f23"
          ],
          "failures": [
            "fd898c69-1080-43e0-a721-ae8e4e560172",
            "9ce9177a-a507-4a6b-976a-a9df413d2c05",
            "0390232e-8f02-48ef-a6c6-898130a8da51",
            "84c7b85b-9ae1-4a3c-b149-40bd17f0d8b8",
            "b7cfb8cc-8616-4721-a092-070a043bd01a",
            "6d6a8f61-255e-4924-b030-99627ca601ea"
          ],
          "pending": [],
          "skipped": [],
          "duration": 532789,
          "root": false,
          "rootEmpty": false,
          "_timeout": 100000
        }
      ],
      "passes": [],
      "failures": [],
      "pending": [],
      "skipped": [],
      "duration": 0,
      "root": true,
      "rootEmpty": true,
      "_timeout": 100000
    }
  ],
  "meta": {
    "mocha": {
      "version": "10.2.0"
    },
    "mochawesome": {
      "options": {
        "quiet": false,
        "reportFilename": "mochawesome",
        "saveHtml": true,
        "saveJson": true,
        "consoleReporter": "spec",
        "useInlineDiffs": false,
        "code": true
      },
      "version": "7.1.3"
    },
    "marge": {
      "options": {
        "reportDir": "test/report"
      },
      "version": "6.2.0"
    }
  }
}