{
  "stats": {
    "suites": 18,
    "tests": 427,
    "passes": 394,
    "pending": 19,
    "failures": 14,
    "start": "2024-02-11T06:00:53.370Z",
    "end": "2024-02-11T07:21:12.988Z",
    "duration": 4819618,
    "testsRegistered": 427,
    "passPercent": 96.56862745098039,
    "pendingPercent": 4.449648711943794,
    "other": 0,
    "hasOther": false,
    "skipped": 0,
    "hasSkipped": false
  },
  "results": [
    {
      "uuid": "a91dc794-ccf6-438f-8244-ed8696e4bff4",
      "title": "",
      "fullFile": "",
      "file": "",
      "beforeHooks": [],
      "afterHooks": [],
      "tests": [],
      "suites": [
        {
          "uuid": "eed27c6d-9396-4d71-ba8a-55b521782cee",
          "title": "Pending Evaluations",
          "fullFile": "/home/devops/invohub/resource-engagement/test/e2e/evaluation/spec_1_pendings.js",
          "file": "/test/e2e/evaluation/spec_1_pendings.js",
          "beforeHooks": [
            {
              "title": "\"before all\" hook in \"Pending Evaluations\"",
              "fullTitle": "Pending Evaluations \"before all\" hook in \"Pending Evaluations\"",
              "timedOut": false,
              "duration": 64526,
              "state": null,
              "speed": null,
              "pass": false,
              "fail": false,
              "pending": false,
              "context": null,
              "code": "let query = [\n  `UPDATE departments SET \"hodId\" = 9474 WHERE id = 9;`,\n  `UPDATE employees SET \"email\" = 'bilal.rafaqat@invozone.de' WHERE id = 9429;`,\n  `UPDATE employees SET \"email\" = 'bilal.rafaqat@invozone.dev' WHERE id = 9474;`,\n];\nawait utilFun.udpateDatabase(query);\nawait utilFun.login(email, password);\nconst url = await utilFun.getUrl();\nassert.equal(url, baseUrl + '/home');\nlet query1 =[\n    `UPDATE employee_evaluations SET \"incrementType\" = 'annual' WHERE id = 26;`,\n    `UPDATE employee_evaluations SET \"processType\" = NULL WHERE id = 26;`,\n    `UPDATE employee_evaluations SET \"reasonForDefer\" = NULL WHERE id = 26;`,\n    `UPDATE employee_evaluations SET \"processDate\" = NULL WHERE id = 26;`,\n    `UPDATE employee_evaluations SET \"feedback\" = NULL WHERE id = 26;`,\n    `DELETE FROM employee_evaluations WHERE \"employeeId\" = 9742 AND \"incrementType\" = 'designation';`,\n    ];\n    await utilFun.udpateDatabase(query1);",
              "err": {},
              "uuid": "07c3332c-a84f-4010-9726-f2e007bb270f",
              "parentUUID": "eed27c6d-9396-4d71-ba8a-55b521782cee",
              "isHook": true,
              "skipped": false
            },
            {
              "title": "\"before each\" hook in \"Pending Evaluations\"",
              "fullTitle": "Pending Evaluations \"before each\" hook in \"Pending Evaluations\"",
              "timedOut": false,
              "duration": 3314,
              "state": null,
              "speed": null,
              "pass": false,
              "fail": false,
              "pending": false,
              "context": null,
              "code": "await utilFun.visit(baseUrl + '/evaluation');\nawait utilFun.wait(3000);",
              "err": {},
              "uuid": "0732317d-510b-4075-ae9d-488442ee2799",
              "parentUUID": "eed27c6d-9396-4d71-ba8a-55b521782cee",
              "isHook": true,
              "skipped": false
            }
          ],
          "afterHooks": [],
          "tests": [
            {
              "title": "should check if pending evaluations are showing",
              "fullTitle": "Pending Evaluations should check if pending evaluations are showing",
              "timedOut": false,
              "duration": 44,
              "state": "passed",
              "speed": "medium",
              "pass": true,
              "fail": false,
              "pending": false,
              "context": null,
              "code": "let obj = await evaluation.getAllPendingResourses();\nassert(obj.length > 0, `No Evaluation Found`);",
              "err": {},
              "uuid": "b3c1fa42-14fa-4746-83b9-08154bc52e44",
              "parentUUID": "eed27c6d-9396-4d71-ba8a-55b521782cee",
              "isHook": false,
              "skipped": false
            },
            {
              "title": "should able to filter resoures by name",
              "fullTitle": "Pending Evaluations should able to filter resoures by name",
              "timedOut": false,
              "duration": 2056,
              "state": "passed",
              "speed": "slow",
              "pass": true,
              "fail": false,
              "pending": false,
              "context": null,
              "code": "await evaluation.clickFilterButton();\nawait evaluation.searchName('James Salinas');\nawait utilFun.wait(1000);\nconst name = await evaluation.getResourseName();\nutilFun.assertEql(name, 'James Salinas');",
              "err": {},
              "uuid": "925fc7dc-a947-4c51-8d8b-9a65efc9982b",
              "parentUUID": "eed27c6d-9396-4d71-ba8a-55b521782cee",
              "isHook": false,
              "skipped": false
            },
            {
              "title": "should able to filter resoures by Review Type",
              "fullTitle": "Pending Evaluations should able to filter resoures by Review Type",
              "timedOut": false,
              "duration": 1601,
              "state": "passed",
              "speed": "slow",
              "pass": true,
              "fail": false,
              "pending": false,
              "context": null,
              "code": "await evaluation.clickFilterButton();\nawait evaluation.selectReviewType('Annual');\nconst valuesCount = await evaluation.checkValues();\nutilFun.assertEql(valuesCount, 1);",
              "err": {},
              "uuid": "30d573a1-dac6-4759-a79c-7d6a378a925b",
              "parentUUID": "eed27c6d-9396-4d71-ba8a-55b521782cee",
              "isHook": false,
              "skipped": false
            },
            {
              "title": "should able to filter resoures by Last Increment",
              "fullTitle": "Pending Evaluations should able to filter resoures by Last Increment",
              "timedOut": false,
              "duration": 1527,
              "state": "passed",
              "speed": "slow",
              "pass": true,
              "fail": false,
              "pending": false,
              "context": null,
              "code": "await evaluation.clickFilterButton();\nawait evaluation.selectLastIncrement('N/A');\nconst valuesCount = await evaluation.checkValues();\nutilFun.assertEql(valuesCount, 1);",
              "err": {},
              "uuid": "e7cdebc9-0bd2-42b8-b179-0c4dc5eec7e2",
              "parentUUID": "eed27c6d-9396-4d71-ba8a-55b521782cee",
              "isHook": false,
              "skipped": false
            },
            {
              "title": "should able to  copy email from options",
              "fullTitle": "Pending Evaluations should able to  copy email from options",
              "timedOut": false,
              "duration": 6752,
              "state": "passed",
              "speed": "slow",
              "pass": true,
              "fail": false,
              "pending": false,
              "context": null,
              "code": "await evaluation.clickFilterButton();\nawait evaluation.searchName('James Salinas');\nawait utilFun.wait(1000);\nconst name = await evaluation.getResourseName();\nutilFun.assertEql(name, 'James Salinas');\nawait evaluation.clickOptionBtn();\nawait utilFun.wait(1000);\nawait evaluation.selectOption('Copy Email');\nawait utilFun.wait(3000);\nconst alertText = await evaluation.checkAlert();\nutilFun.assertEql(alertText, 'Email address is copied');",
              "err": {},
              "uuid": "93739013-a34f-4dc6-bb03-2f67d5ac62e3",
              "parentUUID": "eed27c6d-9396-4d71-ba8a-55b521782cee",
              "isHook": false,
              "skipped": false
            },
            {
              "title": "should able to Send Email from options",
              "fullTitle": "Pending Evaluations should able to Send Email from options",
              "timedOut": false,
              "duration": 9597,
              "state": "passed",
              "speed": "slow",
              "pass": true,
              "fail": false,
              "pending": false,
              "context": null,
              "code": "await evaluation.clickFilterButton();\nawait evaluation.searchName('James Salinas');\nawait utilFun.wait(1000);\nconst name = await evaluation.getResourseName();\nutilFun.assertEql(name, 'James Salinas');\nawait evaluation.clickOptionBtn();\nawait utilFun.wait(1000);\nawait evaluation.selectOption('Send Email');\nawait utilFun.wait(1000);\nawait utilFun.switchWindow(1);\nawait utilFun.wait(3000);\nconst url = await utilFun.getUrl();\nassert.equal(url, 'https://mail.google.com/mail/u/0/?fs=1&tf=cm&to=james@robot-mail.com');\nawait utilFun.closeCurrentTab();\nawait utilFun.switchWindow(0);",
              "err": {},
              "uuid": "9baf1503-34c1-4a1f-9695-cbbc110c18e5",
              "parentUUID": "eed27c6d-9396-4d71-ba8a-55b521782cee",
              "isHook": false,
              "skipped": false
            },
            {
              "title": "should able to Open Slack DM from options",
              "fullTitle": "Pending Evaluations should able to Open Slack DM from options",
              "timedOut": false,
              "duration": 7309,
              "state": "passed",
              "speed": "slow",
              "pass": true,
              "fail": false,
              "pending": false,
              "context": null,
              "code": "await evaluation.clickFilterButton();\nawait evaluation.searchName('James Salinas');\nawait utilFun.wait(1000);\nconst name = await evaluation.getResourseName();\nutilFun.assertEql(name, 'James Salinas');\nawait evaluation.clickOptionBtn();\nawait utilFun.wait(1000);\nawait evaluation.selectOption('Open Slack DM');\nawait utilFun.wait(1000);\nawait utilFun.switchWindow(1);\nawait utilFun.wait(3000);\nconst url = await utilFun.getUrl();\nassert.equal(url, 'https://invozone.slack.com/?redir=%2Fapp_redirect%3Fchannel%3Dundefined');\nawait utilFun.closeCurrentTab();\nawait utilFun.switchWindow(0);",
              "err": {},
              "uuid": "d6185d2a-8b2f-4e7d-b240-1c3f79290108",
              "parentUUID": "eed27c6d-9396-4d71-ba8a-55b521782cee",
              "isHook": false,
              "skipped": false
            },
            {
              "title": "should able to see Email from options",
              "fullTitle": "Pending Evaluations should able to see Email from options",
              "timedOut": false,
              "duration": 6248,
              "state": "passed",
              "speed": "slow",
              "pass": true,
              "fail": false,
              "pending": false,
              "context": null,
              "code": "await evaluation.clickFilterButton();\nawait evaluation.searchName('James Salinas');\nawait utilFun.wait(1000);\nconst name = await evaluation.getResourseName();\nutilFun.assertEql(name, 'James Salinas');\nawait evaluation.clickOptionBtn();\nawait utilFun.wait(1000);\nawait evaluation.selectOption('See Email');\nawait utilFun.wait(3000);\nconst email = await evaluation.copyEmail();\nassert.equal(email, 'Email: james@robot-mail.com');",
              "err": {},
              "uuid": "bb28c147-e502-49dd-a651-c48170d7da20",
              "parentUUID": "eed27c6d-9396-4d71-ba8a-55b521782cee",
              "isHook": false,
              "skipped": false
            },
            {
              "title": "should able to copy Phone Number from options",
              "fullTitle": "Pending Evaluations should able to copy Phone Number from options",
              "timedOut": false,
              "duration": 6963,
              "state": "passed",
              "speed": "slow",
              "pass": true,
              "fail": false,
              "pending": false,
              "context": null,
              "code": "await evaluation.clickFilterButton();\nawait evaluation.searchName('James Salinas');\nawait utilFun.wait(1000);\nconst name = await evaluation.getResourseName();\nutilFun.assertEql(name, 'James Salinas');\nawait evaluation.clickOptionBtn();\nawait utilFun.wait(1000);\nawait evaluation.selectOption('Phone Number');\nawait utilFun.wait(3000);\nawait evaluation.copyPhoneNumber();\nconst alertText = await evaluation.checkAlert();\nassert.equal(alertText, 'Phone# is copied successfully');",
              "err": {},
              "uuid": "8be7f079-1d86-4272-8613-70b4c0771d4d",
              "parentUUID": "eed27c6d-9396-4d71-ba8a-55b521782cee",
              "isHook": false,
              "skipped": false
            },
            {
              "title": "should able to see Resource Details from options",
              "fullTitle": "Pending Evaluations should able to see Resource Details from options",
              "timedOut": false,
              "duration": 4660,
              "state": "passed",
              "speed": "slow",
              "pass": true,
              "fail": false,
              "pending": false,
              "context": null,
              "code": "await evaluation.clickFilterButton();\nawait evaluation.searchName('James Salinas');\nawait utilFun.wait(1000);\nconst name = await evaluation.getResourseName();\nutilFun.assertEql(name, 'James Salinas');\nawait evaluation.clickResource();\nawait utilFun.wait(1000);\nawait utilFun.switchWindow(1);\nawait utilFun.wait(1000);\nconst url = await utilFun.getUrl();\nassert.equal(url, 'http://localhost:3000/resource-detail/9742?tab=Basic_Information');\nawait utilFun.closeCurrentTab();\nawait utilFun.switchWindow(0);",
              "err": {},
              "uuid": "fcc7174c-2582-49fb-b681-b7c882fdf168",
              "parentUUID": "eed27c6d-9396-4d71-ba8a-55b521782cee",
              "isHook": false,
              "skipped": false
            },
            {
              "title": "should able to see employee history",
              "fullTitle": "Pending Evaluations should able to see employee history",
              "timedOut": false,
              "duration": 3219,
              "state": "passed",
              "speed": "slow",
              "pass": true,
              "fail": false,
              "pending": false,
              "context": null,
              "code": "await evaluation.clickFilterButton();\nawait evaluation.searchName('James Salinas');\nawait utilFun.wait(1000);\nconst name = await evaluation.getResourseName();\nutilFun.assertEql(name, 'James Salinas');\nawait evaluation.clickSeeFeedback();\nawait utilFun.wait(1000);\nconst title = await evaluation.checkTitle();\nutilFun.assertEql(title, 'Feedback History of James Salinas');\nawait evaluation.checkSelectedTab();",
              "err": {},
              "uuid": "4d97c6d5-974c-4515-bab9-a2e3a0e15b60",
              "parentUUID": "eed27c6d-9396-4d71-ba8a-55b521782cee",
              "isHook": false,
              "skipped": false
            },
            {
              "title": "should able to request a review",
              "fullTitle": "Pending Evaluations should able to request a review",
              "timedOut": false,
              "duration": 7342,
              "state": "passed",
              "speed": "slow",
              "pass": true,
              "fail": false,
              "pending": false,
              "context": null,
              "code": "await evaluation.clickFilterButton();\nawait evaluation.searchName('James Salinas');\nawait utilFun.wait(1000);\nconst name = await evaluation.getResourseName();\nutilFun.assertEql(name, 'James Salinas');\nawait evaluation.clickSeeFeedback();\nawait utilFun.wait(1000);\nawait evaluation.clickSubmittedReview();\nawait evaluation.clickReqReviewBtn();\nawait utilFun.wait(1000);\nawait evaluation.clickHod('Muhammad Bilal Rafaqat');\nawait evaluation.clickSendReqBtn();\nconst alertText = await evaluation.checkAlert();\nutilFun.assertEql(alertText, 'Request is send successfully.');",
              "err": {},
              "uuid": "8938a53f-3eb0-4fae-b0a7-8d2edab9255f",
              "parentUUID": "eed27c6d-9396-4d71-ba8a-55b521782cee",
              "isHook": false,
              "skipped": false
            },
            {
              "title": "should able to give a review",
              "fullTitle": "Pending Evaluations should able to give a review",
              "timedOut": false,
              "duration": 19886,
              "state": "passed",
              "speed": "slow",
              "pass": true,
              "fail": false,
              "pending": false,
              "context": null,
              "code": "const query = [\n  `UPDATE employees SET \"departmentId\" = 9 WHERE id = 9474;`,\n  `UPDATE employees SET \"designationId\" = 83 WHERE id = 9474;`,\n  `UPDATE employees SET \"designation\" = 'Head of Engineering' WHERE id = 9474;`,\n];\nawait utilFun.udpateDatabase(query);\nawait utilFun.refresh();\nawait evaluation.clickFilterButton();\nawait evaluation.searchName('James Salinas');\nawait utilFun.wait(1000);\nconst name = await evaluation.getResourseName();\nutilFun.assertEql(name, 'James Salinas');\nawait evaluation.clickSeeFeedback();\nawait utilFun.wait(1000);\nawait evaluation.clickSubmittedReview();\nawait utilFun.wait(1000);\nawait evaluation.clickAddFeedback();\n// await feedbackForm.enterDate('03092023');\nawait feedbackForm.selectFeedbackDuration('6 Months');\nawait feedbackForm.selectNextReviewType('Annual');\nawait feedbackForm.selectRevisedDesignation('Software Engineer');\nawait feedbackForm.selectRevisedDesignationCategory('Automation');\nawait feedbackForm.typeIncreament('200000');\nawait feedbackForm.typeDescription('testingggg');\nawait feedbackForm.clickSubmit();\nconst alertText = await evaluation.checkAlert();\nutilFun.assertEql(alertText, 'Increment status is updated successfully');",
              "err": {},
              "uuid": "01cdd870-c8da-4476-9404-d41fde138d9a",
              "parentUUID": "eed27c6d-9396-4d71-ba8a-55b521782cee",
              "isHook": false,
              "skipped": false
            },
            {
              "title": "should able to edit review form",
              "fullTitle": "Pending Evaluations should able to edit review form",
              "timedOut": false,
              "duration": 9615,
              "state": "passed",
              "speed": "slow",
              "pass": true,
              "fail": false,
              "pending": false,
              "context": null,
              "code": "await evaluation.clickFilterButton();\nawait evaluation.searchName('James Salinas');\nawait utilFun.wait(1000);\nconst name = await evaluation.getResourseName();\nutilFun.assertEql(name, 'James Salinas');\nawait evaluation.clickEditForm();\nawait utilFun.wait(1000);\n// await feedbackForm.enterDate('03102023');\nawait feedbackForm.selectFeedbackDuration('3 Months');\nawait feedbackForm.selectNextReviewType('Annual');\nawait feedbackForm.selectRevisedDesignation('Software Engineer');\nawait feedbackForm.typeIncreament('200000');\nawait feedbackForm.typeDescription('updated');\nawait feedbackForm.clickSubmit();\nconst alertText = await evaluation.checkAlert();\nutilFun.assertEql(alertText, 'Increment status is updated successfully');",
              "err": {},
              "uuid": "dea20f09-d2d8-4a28-bf4f-cc8d4b0e96cc",
              "parentUUID": "eed27c6d-9396-4d71-ba8a-55b521782cee",
              "isHook": false,
              "skipped": false
            },
            {
              "title": "should able to defer review",
              "fullTitle": "Pending Evaluations should able to defer review",
              "timedOut": false,
              "duration": 7013,
              "state": "passed",
              "speed": "slow",
              "pass": true,
              "fail": false,
              "pending": false,
              "context": null,
              "code": "const query = [\n  `UPDATE employees SET \"designation\" = 'HR' WHERE id = 9474;`,\n  `UPDATE employees SET \"departmentId\" = 7 WHERE id = 9474;`,\n  `UPDATE employees SET \"designationId\" = 77 WHERE id = 9474;`,\n];\nawait utilFun.udpateDatabase(query);\nawait utilFun.refresh();\nawait evaluation.clickFilterButton();\nawait evaluation.searchName('James Salinas');\nawait utilFun.wait(1000);\nconst name = await evaluation.getResourseName();\nutilFun.assertEql(name, 'James Salinas');\nawait evaluation.clickDefer();\nawait evaluation.clickDeferType();\nawait utilFun.wait(1000);\nawait evaluation.selectDeferType('2 Weeks');\nawait evaluation.typeDeferReason('testing');\nawait evaluation.clickSubmitBtn();\nconst alertText = await evaluation.checkAlert();\nutilFun.assertEql(alertText, 'Increment status is updated successfully');",
              "err": {},
              "uuid": "31c7f6eb-e417-443e-8501-5d7ae6d63404",
              "parentUUID": "eed27c6d-9396-4d71-ba8a-55b521782cee",
              "isHook": false,
              "skipped": false
            },
            {
              "title": "should able to complete review",
              "fullTitle": "Pending Evaluations should able to complete review",
              "timedOut": false,
              "duration": 10120,
              "state": "passed",
              "speed": "slow",
              "pass": true,
              "fail": false,
              "pending": false,
              "context": null,
              "code": "const query = [\n  `UPDATE employees SET \"designation\" = 'HR' WHERE id = 9474;`,\n  `UPDATE employees SET \"departmentId\" = 7 WHERE id = 9474;`,\n  `UPDATE employees SET \"designationId\" = 77 WHERE id = 9474;`,\n  `UPDATE employee_evaluations SET \"processType\" = NULL WHERE id = 26;`,\n  `UPDATE employee_evaluations SET \"reasonForDefer\" = NULL WHERE id = 26;`,\n  `UPDATE employee_evaluations SET \"processDate\" = NULL WHERE id = 26;`,\n];\nawait utilFun.udpateDatabase(query);\nawait utilFun.refresh();\nawait evaluation.clickFilterButton();\nawait evaluation.searchName('James Salinas');\nawait utilFun.wait(1000);\nconst name = await evaluation.getResourseName();\nutilFun.assertEql(name, 'James Salinas');\nawait evaluation.clickComplete();\nawait feedbackForm.enterDate('03102023');\nawait feedbackForm.selectFeedbackDuration('3 Months');\nawait feedbackForm.selectNextReviewType('Annual');\nawait feedbackForm.selectRevisedDesignation('Software Engineer');\nawait feedbackForm.typeIncreament('200000');\nawait feedbackForm.clickSubmit();\nconst alertText = await evaluation.checkAlert();\nutilFun.assertEql(alertText, 'Increment status is updated successfully');",
              "err": {},
              "uuid": "2bc079a3-9717-4a42-92ba-3bd4916f8fd8",
              "parentUUID": "eed27c6d-9396-4d71-ba8a-55b521782cee",
              "isHook": false,
              "skipped": false
            }
          ],
          "suites": [],
          "passes": [
            "b3c1fa42-14fa-4746-83b9-08154bc52e44",
            "925fc7dc-a947-4c51-8d8b-9a65efc9982b",
            "30d573a1-dac6-4759-a79c-7d6a378a925b",
            "e7cdebc9-0bd2-42b8-b179-0c4dc5eec7e2",
            "93739013-a34f-4dc6-bb03-2f67d5ac62e3",
            "9baf1503-34c1-4a1f-9695-cbbc110c18e5",
            "d6185d2a-8b2f-4e7d-b240-1c3f79290108",
            "bb28c147-e502-49dd-a651-c48170d7da20",
            "8be7f079-1d86-4272-8613-70b4c0771d4d",
            "fcc7174c-2582-49fb-b681-b7c882fdf168",
            "4d97c6d5-974c-4515-bab9-a2e3a0e15b60",
            "8938a53f-3eb0-4fae-b0a7-8d2edab9255f",
            "01cdd870-c8da-4476-9404-d41fde138d9a",
            "dea20f09-d2d8-4a28-bf4f-cc8d4b0e96cc",
            "31c7f6eb-e417-443e-8501-5d7ae6d63404",
            "2bc079a3-9717-4a42-92ba-3bd4916f8fd8"
          ],
          "failures": [],
          "pending": [],
          "skipped": [],
          "duration": 103952,
          "root": false,
          "rootEmpty": false,
          "_timeout": 100000
        },
        {
          "uuid": "9d134d3b-c3e1-4c4a-b9e3-66efacc3a5a9",
          "title": "Performance Base Evaluations",
          "fullFile": "/home/devops/invohub/resource-engagement/test/e2e/evaluation/spec_2_performance.js",
          "file": "/test/e2e/evaluation/spec_2_performance.js",
          "beforeHooks": [
            {
              "title": "\"before all\" hook in \"Performance Base Evaluations\"",
              "fullTitle": "Performance Base Evaluations \"before all\" hook in \"Performance Base Evaluations\"",
              "timedOut": false,
              "duration": 9607,
              "state": null,
              "speed": null,
              "pass": false,
              "fail": false,
              "pending": false,
              "context": null,
              "code": "await utilFun.loginAccount()\nconst url = await utilFun.getUrl();\nassert.equal(url, baseUrl + '/home');\nlet query = [\n  `UPDATE employee_evaluations SET \"incrementType\" = 'performance' WHERE id = 26;`,\n  `UPDATE employees SET \"designation\" = 'Software Engineer' WHERE id = 9474;`,\n  `UPDATE employees SET \"departmentId\" = 9 WHERE id = 9474;`,\n  `UPDATE employees SET \"designationId\" = 138 WHERE id = 9474;`,\n  `UPDATE employee_evaluations SET \"processType\" = NULL WHERE id = 26;`,\n  `UPDATE employee_evaluations SET \"reasonForDefer\" = NULL WHERE id = 26;`,\n  `UPDATE employee_evaluations SET \"processDate\" = NULL WHERE id = 26;`,\n  `UPDATE employee_evaluations SET \"feedback\" = NULL WHERE id = 26;`,\n];\nawait utilFun.udpateDatabase(query);",
              "err": {},
              "uuid": "5bfc4761-fa48-49b3-8d28-6a178e869c6d",
              "parentUUID": "9d134d3b-c3e1-4c4a-b9e3-66efacc3a5a9",
              "isHook": true,
              "skipped": false
            },
            {
              "title": "\"before each\" hook in \"Performance Base Evaluations\"",
              "fullTitle": "Performance Base Evaluations \"before each\" hook in \"Performance Base Evaluations\"",
              "timedOut": false,
              "duration": 4587,
              "state": null,
              "speed": null,
              "pass": false,
              "fail": false,
              "pending": false,
              "context": null,
              "code": "await utilFun.visit(baseUrl + '/evaluation-performance');\nawait utilFun.wait(4000);",
              "err": {},
              "uuid": "639d5a66-0ee7-41ff-a9e7-3c99b57ce173",
              "parentUUID": "9d134d3b-c3e1-4c4a-b9e3-66efacc3a5a9",
              "isHook": true,
              "skipped": false
            }
          ],
          "afterHooks": [],
          "tests": [
            {
              "title": "should check if performance evaluations are showing",
              "fullTitle": "Performance Base Evaluations should check if performance evaluations are showing",
              "timedOut": false,
              "duration": 39,
              "state": "passed",
              "speed": "medium",
              "pass": true,
              "fail": false,
              "pending": false,
              "context": null,
              "code": "let obj = await evaluation.getAllPendingResourses();\nassert(obj.length > 0, `No Evaluation Found`);",
              "err": {},
              "uuid": "a8999e7e-038f-47dc-932f-9b7819e0ecdb",
              "parentUUID": "9d134d3b-c3e1-4c4a-b9e3-66efacc3a5a9",
              "isHook": false,
              "skipped": false
            },
            {
              "title": "should able to filter resoures by name",
              "fullTitle": "Performance Base Evaluations should able to filter resoures by name",
              "timedOut": false,
              "duration": 1861,
              "state": "passed",
              "speed": "slow",
              "pass": true,
              "fail": false,
              "pending": false,
              "context": null,
              "code": "await evaluation.clickFilterButton();\nawait evaluation.searchName('James Salinas');\nawait utilFun.wait(1000);\nconst name = await evaluation.getResourseName();\nutilFun.assertEql(name, 'James Salinas');",
              "err": {},
              "uuid": "cc4ca776-c201-4bfe-ad45-463544518fee",
              "parentUUID": "9d134d3b-c3e1-4c4a-b9e3-66efacc3a5a9",
              "isHook": false,
              "skipped": false
            },
            {
              "title": "should able to filter resoures by Last Increment",
              "fullTitle": "Performance Base Evaluations should able to filter resoures by Last Increment",
              "timedOut": false,
              "duration": 1542,
              "state": "passed",
              "speed": "slow",
              "pass": true,
              "fail": false,
              "pending": false,
              "context": null,
              "code": "await evaluation.clickFilterButton();\nawait evaluation.selectLastIncrement('N/A');\nconst valuesCount = await evaluation.checkValues();\nutilFun.assertEql(valuesCount, 1);",
              "err": {},
              "uuid": "e9e4db6e-97c8-4582-8d5e-c803d01821a8",
              "parentUUID": "9d134d3b-c3e1-4c4a-b9e3-66efacc3a5a9",
              "isHook": false,
              "skipped": false
            },
            {
              "title": "should able to  copy email from options",
              "fullTitle": "Performance Base Evaluations should able to  copy email from options",
              "timedOut": false,
              "duration": 4014,
              "state": "passed",
              "speed": "slow",
              "pass": true,
              "fail": false,
              "pending": false,
              "context": null,
              "code": "await evaluation.clickFilterButton();\nawait evaluation.searchName('James Salinas');\nawait utilFun.wait(1000);\nconst name = await evaluation.getResourseName();\nutilFun.assertEql(name, 'James Salinas');\nawait evaluation.clickOptionBtn();\nawait utilFun.wait(1000);\nawait evaluation.selectOption('Copy Email');\nconst alertText = await evaluation.checkAlert();\nutilFun.assertEql(alertText, 'Email address is copied');",
              "err": {},
              "uuid": "b7a7f0a8-660d-4cc6-9521-aedeaa7a6e4e",
              "parentUUID": "9d134d3b-c3e1-4c4a-b9e3-66efacc3a5a9",
              "isHook": false,
              "skipped": false
            },
            {
              "title": "should able to Send Email from options",
              "fullTitle": "Performance Base Evaluations should able to Send Email from options",
              "timedOut": false,
              "duration": 7839,
              "state": "passed",
              "speed": "slow",
              "pass": true,
              "fail": false,
              "pending": false,
              "context": null,
              "code": "await evaluation.clickFilterButton();\nawait evaluation.searchName('James Salinas');\nawait utilFun.wait(1000);\nconst name = await evaluation.getResourseName();\nutilFun.assertEql(name, 'James Salinas');\nawait evaluation.clickOptionBtn();\nawait utilFun.wait(1000);\nawait evaluation.selectOption('Send Email');\nawait utilFun.wait(1000);\nawait utilFun.switchWindow(1);\nawait utilFun.wait(3000);\nconst url = await utilFun.getUrl();\nassert.equal(url, 'https://mail.google.com/mail/u/0/?fs=1&tf=cm&to=james@robot-mail.com');\nawait utilFun.closeCurrentTab();\nawait utilFun.switchWindow(0);",
              "err": {},
              "uuid": "d53a6364-7cd2-4966-878e-f9bd2a818a47",
              "parentUUID": "9d134d3b-c3e1-4c4a-b9e3-66efacc3a5a9",
              "isHook": false,
              "skipped": false
            },
            {
              "title": "should able to Open Slack DM from options",
              "fullTitle": "Performance Base Evaluations should able to Open Slack DM from options",
              "timedOut": false,
              "duration": 8382,
              "state": "passed",
              "speed": "slow",
              "pass": true,
              "fail": false,
              "pending": false,
              "context": null,
              "code": "await evaluation.clickFilterButton();\nawait evaluation.searchName('James Salinas');\nawait utilFun.wait(1000);\nconst name = await evaluation.getResourseName();\nutilFun.assertEql(name, 'James Salinas');\nawait evaluation.clickOptionBtn();\nawait utilFun.wait(1000);\nawait evaluation.selectOption('Open Slack DM');\nawait utilFun.wait(1000);\nawait utilFun.switchWindow(1);\nawait utilFun.wait(3000);\nconst url = await utilFun.getUrl();\nassert.equal(url, 'https://invozone.slack.com/?redir=%2Fapp_redirect%3Fchannel%3Dundefined');\nawait utilFun.closeCurrentTab();\nawait utilFun.switchWindow(0);",
              "err": {},
              "uuid": "ee08d6cb-21d5-4d37-aefd-18e267f91357",
              "parentUUID": "9d134d3b-c3e1-4c4a-b9e3-66efacc3a5a9",
              "isHook": false,
              "skipped": false
            },
            {
              "title": "should able to see Email from options",
              "fullTitle": "Performance Base Evaluations should able to see Email from options",
              "timedOut": false,
              "duration": 7316,
              "state": "passed",
              "speed": "slow",
              "pass": true,
              "fail": false,
              "pending": false,
              "context": null,
              "code": "await evaluation.clickFilterButton();\nawait evaluation.searchName('James Salinas');\nawait utilFun.wait(1000);\nconst name = await evaluation.getResourseName();\nutilFun.assertEql(name, 'James Salinas');\nawait evaluation.clickOptionBtn();\nawait utilFun.wait(1000);\nawait evaluation.selectOption('See Email');\nawait utilFun.wait(4000);\nconst email = await evaluation.copyEmail();\nassert.equal(email, 'Email: james@robot-mail.com');",
              "err": {},
              "uuid": "ea75e943-acbd-498b-97e6-ca0d22b6bd90",
              "parentUUID": "9d134d3b-c3e1-4c4a-b9e3-66efacc3a5a9",
              "isHook": false,
              "skipped": false
            },
            {
              "title": "should able to copy Phone Number from options",
              "fullTitle": "Performance Base Evaluations should able to copy Phone Number from options",
              "timedOut": false,
              "duration": 6873,
              "state": "passed",
              "speed": "slow",
              "pass": true,
              "fail": false,
              "pending": false,
              "context": null,
              "code": "await evaluation.clickFilterButton();\nawait evaluation.searchName('James Salinas');\nawait utilFun.wait(1000);\nconst name = await evaluation.getResourseName();\nutilFun.assertEql(name, 'James Salinas');\nawait evaluation.clickOptionBtn();\nawait utilFun.wait(1000);\nawait evaluation.selectOption('Phone Number');\nawait utilFun.wait(3000);\nawait evaluation.copyPhoneNumber();\nconst alertText = await evaluation.checkAlert();\nassert.equal(alertText, 'Phone# is copied successfully');",
              "err": {},
              "uuid": "4cd363b3-9cb1-4939-a4e2-d05fe2977ab1",
              "parentUUID": "9d134d3b-c3e1-4c4a-b9e3-66efacc3a5a9",
              "isHook": false,
              "skipped": false
            },
            {
              "title": "should able to see Resource Details from options",
              "fullTitle": "Performance Base Evaluations should able to see Resource Details from options",
              "timedOut": false,
              "duration": 4324,
              "state": "passed",
              "speed": "slow",
              "pass": true,
              "fail": false,
              "pending": false,
              "context": null,
              "code": "await evaluation.clickFilterButton();\nawait evaluation.searchName('James Salinas');\nawait utilFun.wait(1000);\nconst name = await evaluation.getResourseName();\nutilFun.assertEql(name, 'James Salinas');\nawait evaluation.clickResource();\nawait utilFun.wait(1000);\nawait utilFun.switchWindow(1);\nawait utilFun.wait(1000);\nconst url = await utilFun.getUrl();\nassert.equal(url, baseUrl + '/resource-detail/9742?tab=Basic_Information');\nawait utilFun.closeCurrentTab();\nawait utilFun.switchWindow(0);",
              "err": {},
              "uuid": "164a0e37-cc65-461f-831c-6d062502d07a",
              "parentUUID": "9d134d3b-c3e1-4c4a-b9e3-66efacc3a5a9",
              "isHook": false,
              "skipped": false
            },
            {
              "title": "should able to see employee history",
              "fullTitle": "Performance Base Evaluations should able to see employee history",
              "timedOut": false,
              "duration": 3139,
              "state": "passed",
              "speed": "slow",
              "pass": true,
              "fail": false,
              "pending": false,
              "context": null,
              "code": "await evaluation.clickFilterButton();\nawait evaluation.searchName('James Salinas');\nawait utilFun.wait(1000);\nconst name = await evaluation.getResourseName();\nutilFun.assertEql(name, 'James Salinas');\nawait evaluation.clickSeeFeedback();\nawait utilFun.wait(1000);\nconst title = await evaluation.checkTitle();\nutilFun.assertEql(title, 'Feedback History of James Salinas');\nawait evaluation.checkSelectedTab();",
              "err": {},
              "uuid": "818b292a-1b7f-4cca-946c-4faf03e4a5c2",
              "parentUUID": "9d134d3b-c3e1-4c4a-b9e3-66efacc3a5a9",
              "isHook": false,
              "skipped": false
            },
            {
              "title": "should able to request a review",
              "fullTitle": "Performance Base Evaluations should able to request a review",
              "timedOut": false,
              "duration": 7244,
              "state": "passed",
              "speed": "slow",
              "pass": true,
              "fail": false,
              "pending": false,
              "context": null,
              "code": "await evaluation.clickFilterButton();\nawait evaluation.searchName('James Salinas');\nawait utilFun.wait(1000);\nconst name = await evaluation.getResourseName();\nutilFun.assertEql(name, 'James Salinas');\nawait evaluation.clickSeeFeedback();4\nawait utilFun.wait(1000);\nawait evaluation.clickSubmittedReview();\nawait evaluation.clickReqReviewBtn();\nawait utilFun.wait(1000);\nawait evaluation.clickHod('Muhammad Bilal Rafaqat');\nawait evaluation.clickSendReqBtn();\nconst alertText = await evaluation.checkAlert();\nutilFun.assertEql(alertText, 'Request is send successfully.');",
              "err": {},
              "uuid": "8aa7bd85-8365-414d-8436-45c7c69c19e3",
              "parentUUID": "9d134d3b-c3e1-4c4a-b9e3-66efacc3a5a9",
              "isHook": false,
              "skipped": false
            },
            {
              "title": "should able to give a review",
              "fullTitle": "Performance Base Evaluations should able to give a review",
              "timedOut": false,
              "duration": 13026,
              "state": "passed",
              "speed": "slow",
              "pass": true,
              "fail": false,
              "pending": false,
              "context": null,
              "code": "const query = [\n  `UPDATE employees SET \"departmentId\" = 9 WHERE id = 9474;`,\n  `UPDATE employees SET \"designationId\" = 83 WHERE id = 9474;`,\n  `UPDATE employees SET \"designation\" = 'Head of Engineering' WHERE id = 9474;`,\n];\nawait utilFun.udpateDatabase(query);\nawait utilFun.refresh();\nawait evaluation.clickFilterButton();\nawait evaluation.searchName('James Salinas');\nawait utilFun.wait(1000);\nconst name = await evaluation.getResourseName();\nutilFun.assertEql(name, 'James Salinas');\nawait evaluation.clickSeeFeedback();\nawait utilFun.wait(1000);\nawait evaluation.clickSubmittedReview();\nawait utilFun.wait(1000);\nawait evaluation.clickAddFeedback();\nawait feedbackForm.enterDate('03092023');\nawait feedbackForm.selectFeedbackDuration('6 Months');\nawait feedbackForm.selectNextReviewType('Annual');\nawait feedbackForm.selectRevisedDesignation('Software Engineer');\nawait feedbackForm.typeIncreament('200000');\nawait feedbackForm.typeDescription('testingggg');\nawait feedbackForm.clickSubmit();\nconst alertText = await evaluation.checkAlert();\nutilFun.assertEql(alertText, 'Increment status is updated successfully');",
              "err": {},
              "uuid": "c8d96d27-2f3c-4e9a-ac7f-ad38c51444dd",
              "parentUUID": "9d134d3b-c3e1-4c4a-b9e3-66efacc3a5a9",
              "isHook": false,
              "skipped": false
            },
            {
              "title": "should able to edit review form",
              "fullTitle": "Performance Base Evaluations should able to edit review form",
              "timedOut": false,
              "duration": 9940,
              "state": "passed",
              "speed": "slow",
              "pass": true,
              "fail": false,
              "pending": false,
              "context": null,
              "code": "await evaluation.clickFilterButton();\nawait evaluation.searchName('James Salinas');\nawait utilFun.wait(1000);\nconst name = await evaluation.getResourseName();\nutilFun.assertEql(name, 'James Salinas');\nawait evaluation.clickEditForm();\nawait utilFun.wait(1000);\nawait feedbackForm.enterDate('03102023');\nawait feedbackForm.selectFeedbackDuration('3 Months');\nawait feedbackForm.selectNextReviewType('Annual');\nawait feedbackForm.selectRevisedDesignation('Software Engineer');\nawait feedbackForm.typeIncreament('200000');\nawait feedbackForm.typeDescription('updated');\nawait feedbackForm.clickSubmit();\nconst alertText = await evaluation.checkAlert();\nutilFun.assertEql(alertText, 'Increment status is updated successfully');",
              "err": {},
              "uuid": "5ab02cf1-9001-4f0d-95b5-632e049ebde9",
              "parentUUID": "9d134d3b-c3e1-4c4a-b9e3-66efacc3a5a9",
              "isHook": false,
              "skipped": false
            },
            {
              "title": "should able to defer review",
              "fullTitle": "Performance Base Evaluations should able to defer review",
              "timedOut": false,
              "duration": 6868,
              "state": "passed",
              "speed": "slow",
              "pass": true,
              "fail": false,
              "pending": false,
              "context": null,
              "code": "const query = [\n  `UPDATE employees SET \"designation\" = 'HR' WHERE id = 9474;`,\n  `UPDATE employees SET \"departmentId\" = 7 WHERE id = 9474;`,\n  `UPDATE employees SET \"designationId\" = 77 WHERE id = 9474;`,\n];\nawait utilFun.udpateDatabase(query);\nawait utilFun.refresh();\nawait evaluation.clickFilterButton();\nawait evaluation.searchName('James Salinas');\nawait utilFun.wait(1000);\nconst name = await evaluation.getResourseName();\nutilFun.assertEql(name, 'James Salinas');\nawait evaluation.clickDefer();\nawait evaluation.clickDeferType();\nawait utilFun.wait(1000);\nawait evaluation.selectDeferType('2 Weeks');\nawait evaluation.typeDeferReason('testing');\nawait evaluation.clickSubmitBtn();\nconst alertText = await evaluation.checkAlert();\nutilFun.assertEql(alertText, 'Increment status is updated successfully');",
              "err": {},
              "uuid": "988334dd-91dc-4f58-afa1-14f36e81552e",
              "parentUUID": "9d134d3b-c3e1-4c4a-b9e3-66efacc3a5a9",
              "isHook": false,
              "skipped": false
            },
            {
              "title": "should able to complete review",
              "fullTitle": "Performance Base Evaluations should able to complete review",
              "timedOut": false,
              "duration": 10665,
              "state": "passed",
              "speed": "slow",
              "pass": true,
              "fail": false,
              "pending": false,
              "context": null,
              "code": "const query = [\n  `UPDATE employees SET \"designation\" = 'HR' WHERE id = 9474;`,\n  `UPDATE employees SET \"departmentId\" = 7 WHERE id = 9474;`,\n  `UPDATE employees SET \"designationId\" = 77 WHERE id = 9474;`,\n  `UPDATE employee_evaluations SET \"processType\" = NULL WHERE id = 26;`,\n  `UPDATE employee_evaluations SET \"reasonForDefer\" = NULL WHERE id = 26;`,\n  `UPDATE employee_evaluations SET \"processDate\" = NULL WHERE id = 26;`,\n];\nawait utilFun.udpateDatabase(query);\nawait utilFun.refresh();\nawait evaluation.clickFilterButton();\nawait evaluation.searchName('James Salinas');\nawait utilFun.wait(1000);\nconst name = await evaluation.getResourseName();\nutilFun.assertEql(name, 'James Salinas');\nawait evaluation.clickComplete();\nawait feedbackForm.enterDate('03102023');\nawait feedbackForm.selectFeedbackDuration('3 Months');\nawait feedbackForm.selectNextReviewType('Annual');\nawait feedbackForm.selectRevisedDesignation('Software Engineer');\nawait feedbackForm.typeIncreament('200000');\nawait feedbackForm.clickSubmit();\nconst alertText = await evaluation.checkAlert();\nutilFun.assertEql(alertText, 'Increment status is updated successfully');",
              "err": {},
              "uuid": "eaa5267f-de9c-4d39-ba96-9310bf63f1d9",
              "parentUUID": "9d134d3b-c3e1-4c4a-b9e3-66efacc3a5a9",
              "isHook": false,
              "skipped": false
            }
          ],
          "suites": [],
          "passes": [
            "a8999e7e-038f-47dc-932f-9b7819e0ecdb",
            "cc4ca776-c201-4bfe-ad45-463544518fee",
            "e9e4db6e-97c8-4582-8d5e-c803d01821a8",
            "b7a7f0a8-660d-4cc6-9521-aedeaa7a6e4e",
            "d53a6364-7cd2-4966-878e-f9bd2a818a47",
            "ee08d6cb-21d5-4d37-aefd-18e267f91357",
            "ea75e943-acbd-498b-97e6-ca0d22b6bd90",
            "4cd363b3-9cb1-4939-a4e2-d05fe2977ab1",
            "164a0e37-cc65-461f-831c-6d062502d07a",
            "818b292a-1b7f-4cca-946c-4faf03e4a5c2",
            "8aa7bd85-8365-414d-8436-45c7c69c19e3",
            "c8d96d27-2f3c-4e9a-ac7f-ad38c51444dd",
            "5ab02cf1-9001-4f0d-95b5-632e049ebde9",
            "988334dd-91dc-4f58-afa1-14f36e81552e",
            "eaa5267f-de9c-4d39-ba96-9310bf63f1d9"
          ],
          "failures": [],
          "pending": [],
          "skipped": [],
          "duration": 93072,
          "root": false,
          "rootEmpty": false,
          "_timeout": 100000
        },
        {
          "uuid": "1cb0e537-10db-4167-accb-68c9feea5250",
          "title": "Retention Base Evaluations",
          "fullFile": "/home/devops/invohub/resource-engagement/test/e2e/evaluation/spec_3_retention.js",
          "file": "/test/e2e/evaluation/spec_3_retention.js",
          "beforeHooks": [
            {
              "title": "\"before all\" hook in \"Retention Base Evaluations\"",
              "fullTitle": "Retention Base Evaluations \"before all\" hook in \"Retention Base Evaluations\"",
              "timedOut": false,
              "duration": 9184,
              "state": null,
              "speed": null,
              "pass": false,
              "fail": false,
              "pending": false,
              "context": null,
              "code": "await utilFun.loginAccount()\nconst url = await utilFun.getUrl();\nassert.equal(url, baseUrl + '/home');\nlet query = [\n  `UPDATE employee_evaluations SET \"incrementType\" = 'retention' WHERE id = 26;`,\n  `UPDATE employees SET \"designation\" = 'Software Engineer' WHERE id = 9474;`,\n  `UPDATE employees SET \"departmentId\" = 9 WHERE id = 9474;`,\n  `UPDATE employees SET \"designationId\" = 138 WHERE id = 9474;`,\n  `UPDATE employee_evaluations SET \"processType\" = NULL WHERE id = 26;`,\n  `UPDATE employee_evaluations SET \"reasonForDefer\" = NULL WHERE id = 26;`,\n  `UPDATE employee_evaluations SET \"processDate\" = NULL WHERE id = 26;`,\n  `UPDATE employee_evaluations SET \"feedback\" = NULL WHERE id = 26;`,\n];\nawait utilFun.udpateDatabase(query);",
              "err": {},
              "uuid": "c78dae29-b5d7-47ab-8b24-92cc4a1336ef",
              "parentUUID": "1cb0e537-10db-4167-accb-68c9feea5250",
              "isHook": true,
              "skipped": false
            },
            {
              "title": "\"before each\" hook in \"Retention Base Evaluations\"",
              "fullTitle": "Retention Base Evaluations \"before each\" hook in \"Retention Base Evaluations\"",
              "timedOut": false,
              "duration": 4409,
              "state": null,
              "speed": null,
              "pass": false,
              "fail": false,
              "pending": false,
              "context": null,
              "code": "await utilFun.visit(baseUrl + '/evaluation-retention');\nawait utilFun.wait(4000);",
              "err": {},
              "uuid": "94dbe05d-fa01-4f81-aa32-a4036ed050af",
              "parentUUID": "1cb0e537-10db-4167-accb-68c9feea5250",
              "isHook": true,
              "skipped": false
            }
          ],
          "afterHooks": [],
          "tests": [
            {
              "title": "should check if retention evaluations are showing",
              "fullTitle": "Retention Base Evaluations should check if retention evaluations are showing",
              "timedOut": false,
              "duration": 43,
              "state": "passed",
              "speed": "medium",
              "pass": true,
              "fail": false,
              "pending": false,
              "context": null,
              "code": "let obj = await evaluation.getAllPendingResourses();\nassert(obj.length > 0, `No Evaluation Found`);",
              "err": {},
              "uuid": "28cf7762-1b23-46ae-84b0-244ca2db1fe7",
              "parentUUID": "1cb0e537-10db-4167-accb-68c9feea5250",
              "isHook": false,
              "skipped": false
            },
            {
              "title": "should able to filter resoures by name",
              "fullTitle": "Retention Base Evaluations should able to filter resoures by name",
              "timedOut": false,
              "duration": 1848,
              "state": "passed",
              "speed": "slow",
              "pass": true,
              "fail": false,
              "pending": false,
              "context": null,
              "code": "await evaluation.clickFilterButton();\nawait evaluation.searchName('James Salinas');\nawait utilFun.wait(1000);\nconst name = await evaluation.getResourseName();\nutilFun.assertEql(name, 'James Salinas');",
              "err": {},
              "uuid": "2545f8b5-bb2a-460e-a0f6-6237d85aef61",
              "parentUUID": "1cb0e537-10db-4167-accb-68c9feea5250",
              "isHook": false,
              "skipped": false
            },
            {
              "title": "should able to filter resoures by Last Increment",
              "fullTitle": "Retention Base Evaluations should able to filter resoures by Last Increment",
              "timedOut": false,
              "duration": 1522,
              "state": "passed",
              "speed": "slow",
              "pass": true,
              "fail": false,
              "pending": false,
              "context": null,
              "code": "await evaluation.clickFilterButton();\nawait evaluation.selectLastIncrement('N/A');\nconst valuesCount = await evaluation.checkValues();\nutilFun.assertEql(valuesCount, 1);",
              "err": {},
              "uuid": "cd2585e5-b08f-45a6-839e-b843ee8be8db",
              "parentUUID": "1cb0e537-10db-4167-accb-68c9feea5250",
              "isHook": false,
              "skipped": false
            },
            {
              "title": "should able to  copy email from options",
              "fullTitle": "Retention Base Evaluations should able to  copy email from options",
              "timedOut": false,
              "duration": 3990,
              "state": "passed",
              "speed": "slow",
              "pass": true,
              "fail": false,
              "pending": false,
              "context": null,
              "code": "await evaluation.clickFilterButton();\nawait evaluation.searchName('James Salinas');\nawait utilFun.wait(1000);\nconst name = await evaluation.getResourseName();\nutilFun.assertEql(name, 'James Salinas');\nawait evaluation.clickOptionBtn();\nawait utilFun.wait(1000);\nawait evaluation.selectOption('Copy Email');\nconst alertText = await evaluation.checkAlert();\nutilFun.assertEql(alertText, 'Email address is copied');",
              "err": {},
              "uuid": "b7658db5-6d4f-4170-bceb-34915f8c2ecf",
              "parentUUID": "1cb0e537-10db-4167-accb-68c9feea5250",
              "isHook": false,
              "skipped": false
            },
            {
              "title": "should able to Send Email from options",
              "fullTitle": "Retention Base Evaluations should able to Send Email from options",
              "timedOut": false,
              "duration": 9898,
              "state": "passed",
              "speed": "slow",
              "pass": true,
              "fail": false,
              "pending": false,
              "context": null,
              "code": "await evaluation.clickFilterButton();\nawait evaluation.searchName('James Salinas');\nawait utilFun.wait(1000);\nconst name = await evaluation.getResourseName();\nutilFun.assertEql(name, 'James Salinas');\nawait evaluation.clickOptionBtn();\nawait utilFun.wait(1000);\nawait evaluation.selectOption('Send Email');\nawait utilFun.wait(1000);\nawait utilFun.switchWindow(1);\nawait utilFun.wait(3000);\nconst url = await utilFun.getUrl();\nassert.equal(url, 'https://mail.google.com/mail/u/0/?fs=1&tf=cm&to=james@robot-mail.com');\nawait utilFun.closeCurrentTab();\nawait utilFun.switchWindow(0);",
              "err": {},
              "uuid": "be001f98-08db-4f8c-8f84-c93a2d85a921",
              "parentUUID": "1cb0e537-10db-4167-accb-68c9feea5250",
              "isHook": false,
              "skipped": false
            },
            {
              "title": "should able to Open Slack DM from options",
              "fullTitle": "Retention Base Evaluations should able to Open Slack DM from options",
              "timedOut": false,
              "duration": 7531,
              "state": "passed",
              "speed": "slow",
              "pass": true,
              "fail": false,
              "pending": false,
              "context": null,
              "code": "await evaluation.clickFilterButton();\nawait evaluation.searchName('James Salinas');\nawait utilFun.wait(1000);\nconst name = await evaluation.getResourseName();\nutilFun.assertEql(name, 'James Salinas');\nawait evaluation.clickOptionBtn();\nawait utilFun.wait(1000);\nawait evaluation.selectOption('Open Slack DM');\nawait utilFun.wait(1000);\nawait utilFun.switchWindow(1);\nawait utilFun.wait(3000);\nconst url = await utilFun.getUrl();\nassert.equal(url, 'https://invozone.slack.com/?redir=%2Fapp_redirect%3Fchannel%3Dundefined');\nawait utilFun.closeCurrentTab();\nawait utilFun.switchWindow(0);",
              "err": {},
              "uuid": "d9e7a38e-6f87-4c08-a9c1-efb51a14bebe",
              "parentUUID": "1cb0e537-10db-4167-accb-68c9feea5250",
              "isHook": false,
              "skipped": false
            },
            {
              "title": "should able to see Email from options",
              "fullTitle": "Retention Base Evaluations should able to see Email from options",
              "timedOut": false,
              "duration": 7225,
              "state": "passed",
              "speed": "slow",
              "pass": true,
              "fail": false,
              "pending": false,
              "context": null,
              "code": "await evaluation.clickFilterButton();\nawait evaluation.searchName('James Salinas');\nawait utilFun.wait(1000);\nconst name = await evaluation.getResourseName();\nutilFun.assertEql(name, 'James Salinas');\nawait evaluation.clickOptionBtn();\nawait utilFun.wait(1000);\nawait evaluation.selectOption('See Email');\nawait utilFun.wait(4000);\nconst email = await evaluation.copyEmail();\nassert.equal(email, 'Email: james@robot-mail.com');",
              "err": {},
              "uuid": "86423845-fa64-4502-9ee5-8c43fe087d56",
              "parentUUID": "1cb0e537-10db-4167-accb-68c9feea5250",
              "isHook": false,
              "skipped": false
            },
            {
              "title": "should able to copy Phone Number from options",
              "fullTitle": "Retention Base Evaluations should able to copy Phone Number from options",
              "timedOut": false,
              "duration": 6774,
              "state": "passed",
              "speed": "slow",
              "pass": true,
              "fail": false,
              "pending": false,
              "context": null,
              "code": "await evaluation.clickFilterButton();\nawait evaluation.searchName('James Salinas');\nawait utilFun.wait(1000);\nconst name = await evaluation.getResourseName();\nutilFun.assertEql(name, 'James Salinas');\nawait evaluation.clickOptionBtn();\nawait utilFun.wait(1000);\nawait evaluation.selectOption('Phone Number');\nawait utilFun.wait(3000);\nawait evaluation.copyPhoneNumber();\nconst alertText = await evaluation.checkAlert();\nassert.equal(alertText, 'Phone# is copied successfully');",
              "err": {},
              "uuid": "c2781e44-d6ac-4ce1-8fb7-b02df5781a31",
              "parentUUID": "1cb0e537-10db-4167-accb-68c9feea5250",
              "isHook": false,
              "skipped": false
            },
            {
              "title": "should able to see Resource Details from options",
              "fullTitle": "Retention Base Evaluations should able to see Resource Details from options",
              "timedOut": false,
              "duration": 4393,
              "state": "passed",
              "speed": "slow",
              "pass": true,
              "fail": false,
              "pending": false,
              "context": null,
              "code": "await evaluation.clickFilterButton();\nawait evaluation.searchName('James Salinas');\nawait utilFun.wait(1000);\nconst name = await evaluation.getResourseName();\nutilFun.assertEql(name, 'James Salinas');\nawait evaluation.clickResource();\nawait utilFun.wait(1000);\nawait utilFun.switchWindow(1);\nawait utilFun.wait(1000);\nconst url = await utilFun.getUrl();\nassert.equal(url, baseUrl + '/resource-detail/9742?tab=Basic_Information');\nawait utilFun.closeCurrentTab();\nawait utilFun.switchWindow(0);",
              "err": {},
              "uuid": "2f04f8a5-2ff1-4d40-9ad6-3637d1ddac0e",
              "parentUUID": "1cb0e537-10db-4167-accb-68c9feea5250",
              "isHook": false,
              "skipped": false
            },
            {
              "title": "should able to see employee history",
              "fullTitle": "Retention Base Evaluations should able to see employee history",
              "timedOut": false,
              "duration": 3125,
              "state": "passed",
              "speed": "slow",
              "pass": true,
              "fail": false,
              "pending": false,
              "context": null,
              "code": "await evaluation.clickFilterButton();\nawait evaluation.searchName('James Salinas');\nawait utilFun.wait(1000);\nconst name = await evaluation.getResourseName();\nutilFun.assertEql(name, 'James Salinas');\nawait evaluation.clickSeeFeedback();\nawait utilFun.wait(1000);\nconst title = await evaluation.checkTitle();\nutilFun.assertEql(title, 'Feedback History of James Salinas');\nawait evaluation.checkSelectedTab();",
              "err": {},
              "uuid": "e89c9117-e03d-47f9-9afe-662d289d94f6",
              "parentUUID": "1cb0e537-10db-4167-accb-68c9feea5250",
              "isHook": false,
              "skipped": false
            },
            {
              "title": "should able to request a review",
              "fullTitle": "Retention Base Evaluations should able to request a review",
              "timedOut": false,
              "duration": 7322,
              "state": "passed",
              "speed": "slow",
              "pass": true,
              "fail": false,
              "pending": false,
              "context": null,
              "code": "await evaluation.clickFilterButton();\nawait evaluation.searchName('James Salinas');\nawait utilFun.wait(1000);\nconst name = await evaluation.getResourseName();\nutilFun.assertEql(name, 'James Salinas');\nawait evaluation.clickSeeFeedback();\nawait utilFun.wait(1000);\nawait evaluation.clickSubmittedReview();\nawait evaluation.clickReqReviewBtn();\nawait utilFun.wait(1000);\nawait evaluation.clickHod('Muhammad Bilal Rafaqat');\nawait evaluation.clickSendReqBtn();\nconst alertText = await evaluation.checkAlert();\nutilFun.assertEql(alertText, 'Request is send successfully.');",
              "err": {},
              "uuid": "86d8693e-8254-47ac-b21c-40a496396bff",
              "parentUUID": "1cb0e537-10db-4167-accb-68c9feea5250",
              "isHook": false,
              "skipped": false
            },
            {
              "title": "should able to give a review",
              "fullTitle": "Retention Base Evaluations should able to give a review",
              "timedOut": false,
              "duration": 12720,
              "state": "passed",
              "speed": "slow",
              "pass": true,
              "fail": false,
              "pending": false,
              "context": null,
              "code": "const query = [\n  `UPDATE employees SET \"departmentId\" = 9 WHERE id = 9474;`,\n  `UPDATE employees SET \"designationId\" = 83 WHERE id = 9474;`,\n  `UPDATE employees SET \"designation\" = 'Head of Engineering' WHERE id = 9474;`,\n];\nawait utilFun.udpateDatabase(query);\nawait utilFun.refresh();\nawait evaluation.clickFilterButton();\nawait evaluation.searchName('James Salinas');\nawait utilFun.wait(1000);\nconst name = await evaluation.getResourseName();\nutilFun.assertEql(name, 'James Salinas');\nawait evaluation.clickSeeFeedback();\nawait utilFun.wait(1000);\nawait evaluation.clickSubmittedReview();\nawait utilFun.wait(1000);\nawait evaluation.clickAddFeedback();\n// await feedbackForm.enterDate('03092023');\nawait feedbackForm.selectFeedbackDuration('6 Months');\nawait feedbackForm.selectNextReviewType('Annual');\nawait feedbackForm.selectRevisedDesignation('Software Engineer');\nawait feedbackForm.typeIncreament('200000');\nawait feedbackForm.typeDescription('testingggg');\nawait feedbackForm.clickSubmit();\nconst alertText = await evaluation.checkAlert();\nutilFun.assertEql(alertText, 'Increment status is updated successfully');",
              "err": {},
              "uuid": "b97969d8-1beb-4481-9a81-3dbf7d16ebc5",
              "parentUUID": "1cb0e537-10db-4167-accb-68c9feea5250",
              "isHook": false,
              "skipped": false
            },
            {
              "title": "should able to edit review form",
              "fullTitle": "Retention Base Evaluations should able to edit review form",
              "timedOut": false,
              "duration": 9626,
              "state": "passed",
              "speed": "slow",
              "pass": true,
              "fail": false,
              "pending": false,
              "context": null,
              "code": "await evaluation.clickFilterButton();\nawait evaluation.searchName('James Salinas');\nawait utilFun.wait(1000);\nconst name = await evaluation.getResourseName();\nutilFun.assertEql(name, 'James Salinas');\nawait evaluation.clickEditForm();\nawait utilFun.wait(1000);\n// await feedbackForm.enterDate('03102023');\nawait feedbackForm.selectFeedbackDuration('3 Months');\nawait feedbackForm.selectNextReviewType('Annual');\nawait feedbackForm.selectRevisedDesignation('Software Engineer');\nawait feedbackForm.typeIncreament('200000');\nawait feedbackForm.typeDescription('updated');\nawait feedbackForm.clickSubmit();\nconst alertText = await evaluation.checkAlert();\nutilFun.assertEql(alertText, 'Increment status is updated successfully');",
              "err": {},
              "uuid": "0c65aee4-1bbb-4bd7-8c75-155cba89718f",
              "parentUUID": "1cb0e537-10db-4167-accb-68c9feea5250",
              "isHook": false,
              "skipped": false
            },
            {
              "title": "should able to defer review",
              "fullTitle": "Retention Base Evaluations should able to defer review",
              "timedOut": false,
              "duration": 6732,
              "state": "passed",
              "speed": "slow",
              "pass": true,
              "fail": false,
              "pending": false,
              "context": null,
              "code": "const query = [\n  `UPDATE employees SET \"designation\" = 'HR' WHERE id = 9474;`,\n  `UPDATE employees SET \"departmentId\" = 7 WHERE id = 9474;`,\n  `UPDATE employees SET \"designationId\" = 77 WHERE id = 9474;`,\n];\nawait utilFun.udpateDatabase(query);\nawait utilFun.refresh();\nawait evaluation.clickFilterButton();\nawait evaluation.searchName('James Salinas');\nawait utilFun.wait(1000);\nconst name = await evaluation.getResourseName();\nutilFun.assertEql(name, 'James Salinas');\nawait evaluation.clickDefer();\nawait evaluation.clickDeferType();\nawait utilFun.wait(1000);\nawait evaluation.selectDeferType('2 Weeks');\nawait evaluation.typeDeferReason('testing');\nawait evaluation.clickSubmitBtn();\nconst alertText = await evaluation.checkAlert();\nutilFun.assertEql(alertText, 'Increment status is updated successfully');",
              "err": {},
              "uuid": "d2c00bdf-737c-4b60-9680-fa66d7bcbf39",
              "parentUUID": "1cb0e537-10db-4167-accb-68c9feea5250",
              "isHook": false,
              "skipped": false
            },
            {
              "title": "should able to complete review",
              "fullTitle": "Retention Base Evaluations should able to complete review",
              "timedOut": false,
              "duration": 10396,
              "state": "passed",
              "speed": "slow",
              "pass": true,
              "fail": false,
              "pending": false,
              "context": null,
              "code": "const query = [\n  `UPDATE employees SET \"designation\" = 'HR' WHERE id = 9474;`,\n  `UPDATE employees SET \"departmentId\" = 7 WHERE id = 9474;`,\n  `UPDATE employees SET \"designationId\" = 77 WHERE id = 9474;`,\n  `UPDATE employee_evaluations SET \"processType\" = NULL WHERE id = 26;`,\n  `UPDATE employee_evaluations SET \"reasonForDefer\" = NULL WHERE id = 26;`,\n  `UPDATE employee_evaluations SET \"processDate\" = NULL WHERE id = 26;`,\n];\nawait utilFun.udpateDatabase(query);\nawait utilFun.refresh();\nawait evaluation.clickFilterButton();\nawait evaluation.searchName('James Salinas');\nawait utilFun.wait(1000);\nconst name = await evaluation.getResourseName();\nutilFun.assertEql(name, 'James Salinas');\nawait evaluation.clickComplete();\nawait feedbackForm.enterDate('03102023');\nawait feedbackForm.selectFeedbackDuration('3 Months');\nawait feedbackForm.selectNextReviewType('Annual');\nawait feedbackForm.selectRevisedDesignation('Software Engineer');\nawait feedbackForm.typeIncreament('200000');\nawait feedbackForm.clickSubmit();\nconst alertText = await evaluation.checkAlert();\nutilFun.assertEql(alertText, 'Increment status is updated successfully');",
              "err": {},
              "uuid": "2f7f44f0-fd42-42ff-9b11-9446f2ed0e62",
              "parentUUID": "1cb0e537-10db-4167-accb-68c9feea5250",
              "isHook": false,
              "skipped": false
            }
          ],
          "suites": [],
          "passes": [
            "28cf7762-1b23-46ae-84b0-244ca2db1fe7",
            "2545f8b5-bb2a-460e-a0f6-6237d85aef61",
            "cd2585e5-b08f-45a6-839e-b843ee8be8db",
            "b7658db5-6d4f-4170-bceb-34915f8c2ecf",
            "be001f98-08db-4f8c-8f84-c93a2d85a921",
            "d9e7a38e-6f87-4c08-a9c1-efb51a14bebe",
            "86423845-fa64-4502-9ee5-8c43fe087d56",
            "c2781e44-d6ac-4ce1-8fb7-b02df5781a31",
            "2f04f8a5-2ff1-4d40-9ad6-3637d1ddac0e",
            "e89c9117-e03d-47f9-9afe-662d289d94f6",
            "86d8693e-8254-47ac-b21c-40a496396bff",
            "b97969d8-1beb-4481-9a81-3dbf7d16ebc5",
            "0c65aee4-1bbb-4bd7-8c75-155cba89718f",
            "d2c00bdf-737c-4b60-9680-fa66d7bcbf39",
            "2f7f44f0-fd42-42ff-9b11-9446f2ed0e62"
          ],
          "failures": [],
          "pending": [],
          "skipped": [],
          "duration": 93145,
          "root": false,
          "rootEmpty": false,
          "_timeout": 100000
        },
        {
          "uuid": "1a797a40-4c7d-4ef7-8daa-ce10153f8c3c",
          "title": "Evaluations History",
          "fullFile": "/home/devops/invohub/resource-engagement/test/e2e/evaluation/spec_4_history.js",
          "file": "/test/e2e/evaluation/spec_4_history.js",
          "beforeHooks": [
            {
              "title": "\"before all\" hook in \"Evaluations History\"",
              "fullTitle": "Evaluations History \"before all\" hook in \"Evaluations History\"",
              "timedOut": false,
              "duration": 9521,
              "state": null,
              "speed": null,
              "pass": false,
              "fail": false,
              "pending": false,
              "context": null,
              "code": "await utilFun.loginAccount()\nconst url = await utilFun.getUrl();\nassert.equal(url, baseUrl + '/home');\nlet query = [\n  `UPDATE employee_evaluations SET \"processType\" = 'COMPLETE' WHERE id = 26;`,\n  `DELETE FROM employee_evaluations WHERE \"employeeId\" = 9742 AND \"incrementType\" = 'designation';`,\n  `UPDATE employee_evaluations SET \"processDate\" = '2023-03-28 17:32:33.501+05' WHERE id = 26;`,\n];\nawait utilFun.udpateDatabase(query);",
              "err": {},
              "uuid": "29cd9c1e-3e07-4ab9-b2bc-f74b67fee4bd",
              "parentUUID": "1a797a40-4c7d-4ef7-8daa-ce10153f8c3c",
              "isHook": true,
              "skipped": false
            },
            {
              "title": "\"before each\" hook in \"Evaluations History\"",
              "fullTitle": "Evaluations History \"before each\" hook in \"Evaluations History\"",
              "timedOut": false,
              "duration": 4366,
              "state": null,
              "speed": null,
              "pass": false,
              "fail": false,
              "pending": false,
              "context": null,
              "code": "await utilFun.visit(baseUrl + '/evaluation-history');\nawait utilFun.wait(4000);",
              "err": {},
              "uuid": "8241ec04-8e00-4482-8b69-845239af7901",
              "parentUUID": "1a797a40-4c7d-4ef7-8daa-ce10153f8c3c",
              "isHook": true,
              "skipped": false
            }
          ],
          "afterHooks": [],
          "tests": [
            {
              "title": "should check if evaluations history is showing",
              "fullTitle": "Evaluations History should check if evaluations history is showing",
              "timedOut": false,
              "duration": 42,
              "state": "passed",
              "speed": "medium",
              "pass": true,
              "fail": false,
              "pending": false,
              "context": null,
              "code": "let obj = await evaluation.getAllPendingResourses();\nassert(obj.length > 0, `No Evaluation Found`);",
              "err": {},
              "uuid": "78af7968-3e3f-49e7-a500-9072563424d1",
              "parentUUID": "1a797a40-4c7d-4ef7-8daa-ce10153f8c3c",
              "isHook": false,
              "skipped": false
            },
            {
              "title": "should able to filter resoures by name",
              "fullTitle": "Evaluations History should able to filter resoures by name",
              "timedOut": false,
              "duration": 2215,
              "state": "passed",
              "speed": "slow",
              "pass": true,
              "fail": false,
              "pending": false,
              "context": null,
              "code": "await evaluation.clickFilterButton();\nawait evaluation.searchName('James Salinas');\nawait utilFun.wait(1000);\nconst name = await evaluation.getResourseName();\nutilFun.assertEql(name, 'James Salinas');",
              "err": {},
              "uuid": "98aa720a-5d43-4f9d-982a-faad64f3c140",
              "parentUUID": "1a797a40-4c7d-4ef7-8daa-ce10153f8c3c",
              "isHook": false,
              "skipped": false
            },
            {
              "title": "should able to check review is completed",
              "fullTitle": "Evaluations History should able to check review is completed",
              "timedOut": false,
              "duration": 2125,
              "state": "passed",
              "speed": "slow",
              "pass": true,
              "fail": false,
              "pending": false,
              "context": null,
              "code": "await evaluation.clickFilterButton();\nawait evaluation.searchName('James Salinas');\nawait utilFun.wait(1000);\nconst name = await evaluation.checkProcessState()\nutilFun.assertEql(name, 'Complete');",
              "err": {},
              "uuid": "2861fce4-f4e2-4a81-9d55-a48b27a6188a",
              "parentUUID": "1a797a40-4c7d-4ef7-8daa-ce10153f8c3c",
              "isHook": false,
              "skipped": false
            },
            {
              "title": "should able to filter resoures by Review Type",
              "fullTitle": "Evaluations History should able to filter resoures by Review Type",
              "timedOut": false,
              "duration": 1845,
              "state": "passed",
              "speed": "slow",
              "pass": true,
              "fail": false,
              "pending": false,
              "context": null,
              "code": "await evaluation.clickFilterButton();\nawait evaluation.selectReviewType('Annual');\nconst valuesCount = await evaluation.checkValues();\nutilFun.assertEql(valuesCount, 1);",
              "err": {},
              "uuid": "c914f9cb-3587-45e7-9a67-3faed0dc112b",
              "parentUUID": "1a797a40-4c7d-4ef7-8daa-ce10153f8c3c",
              "isHook": false,
              "skipped": false
            },
            {
              "title": "should able to filter resoures by Last Increment",
              "fullTitle": "Evaluations History should able to filter resoures by Last Increment",
              "timedOut": false,
              "duration": 1801,
              "state": "passed",
              "speed": "slow",
              "pass": true,
              "fail": false,
              "pending": false,
              "context": null,
              "code": "await evaluation.clickFilterButton();\nawait evaluation.selectLastIncrement('N/A');\nconst valuesCount = await evaluation.checkValues();\nutilFun.assertEql(valuesCount, 1);",
              "err": {},
              "uuid": "fd2ec2ec-dfa6-4d45-bee5-d86137995626",
              "parentUUID": "1a797a40-4c7d-4ef7-8daa-ce10153f8c3c",
              "isHook": false,
              "skipped": false
            },
            {
              "title": "should able to  copy email from options",
              "fullTitle": "Evaluations History should able to  copy email from options",
              "timedOut": false,
              "duration": 4300,
              "state": "passed",
              "speed": "slow",
              "pass": true,
              "fail": false,
              "pending": false,
              "context": null,
              "code": "await evaluation.clickFilterButton();\nawait evaluation.searchName('James Salinas');\nawait utilFun.wait(1000);\nconst name = await evaluation.getResourseName();\nutilFun.assertEql(name, 'James Salinas');\nawait evaluation.clickOptionBtn();\nawait utilFun.wait(1000);\nawait evaluation.selectOption('Copy Email');\nconst alertText = await evaluation.checkAlert();\nutilFun.assertEql(alertText, 'Email address is copied');",
              "err": {},
              "uuid": "c7152a25-25d7-44b6-8b1d-491073cc9294",
              "parentUUID": "1a797a40-4c7d-4ef7-8daa-ce10153f8c3c",
              "isHook": false,
              "skipped": false
            },
            {
              "title": "should able to Send Email from options",
              "fullTitle": "Evaluations History should able to Send Email from options",
              "timedOut": false,
              "duration": 8275,
              "state": "passed",
              "speed": "slow",
              "pass": true,
              "fail": false,
              "pending": false,
              "context": null,
              "code": "await evaluation.clickFilterButton();\nawait evaluation.searchName('James Salinas');\nawait utilFun.wait(1000);\nconst name = await evaluation.getResourseName();\nutilFun.assertEql(name, 'James Salinas');\nawait evaluation.clickOptionBtn();\nawait utilFun.wait(1000);\nawait evaluation.selectOption('Send Email');\nawait utilFun.wait(1000);\nawait utilFun.switchWindow(1);\nawait utilFun.wait(3000);\nconst url = await utilFun.getUrl();\nassert.equal(url, 'https://mail.google.com/mail/u/0/?fs=1&tf=cm&to=james@robot-mail.com');\nawait utilFun.closeCurrentTab();\nawait utilFun.switchWindow(0);",
              "err": {},
              "uuid": "6ec6d6cb-74d7-4e1d-892f-5e8fdc0ce8d6",
              "parentUUID": "1a797a40-4c7d-4ef7-8daa-ce10153f8c3c",
              "isHook": false,
              "skipped": false
            },
            {
              "title": "should able to Open Slack DM from options",
              "fullTitle": "Evaluations History should able to Open Slack DM from options",
              "timedOut": false,
              "duration": 8093,
              "state": "passed",
              "speed": "slow",
              "pass": true,
              "fail": false,
              "pending": false,
              "context": null,
              "code": "await evaluation.clickFilterButton();\nawait evaluation.searchName('James Salinas');\nawait utilFun.wait(1000);\nconst name = await evaluation.getResourseName();\nutilFun.assertEql(name, 'James Salinas');\nawait evaluation.clickOptionBtn();\nawait utilFun.wait(1000);\nawait evaluation.selectOption('Open Slack DM');\nawait utilFun.wait(1000);\nawait utilFun.switchWindow(1);\nawait utilFun.wait(3000);\nconst url = await utilFun.getUrl();\nassert.equal(url, 'https://invozone.slack.com/?redir=%2Fapp_redirect%3Fchannel%3Dundefined');\nawait utilFun.closeCurrentTab();\nawait utilFun.switchWindow(0);",
              "err": {},
              "uuid": "276d59c6-baed-444f-930c-293208ad6eaa",
              "parentUUID": "1a797a40-4c7d-4ef7-8daa-ce10153f8c3c",
              "isHook": false,
              "skipped": false
            },
            {
              "title": "should able to see Email from options",
              "fullTitle": "Evaluations History should able to see Email from options",
              "timedOut": false,
              "duration": 7636,
              "state": "passed",
              "speed": "slow",
              "pass": true,
              "fail": false,
              "pending": false,
              "context": null,
              "code": "await evaluation.clickFilterButton();\nawait evaluation.searchName('James Salinas');\nawait utilFun.wait(1000);\nconst name = await evaluation.getResourseName();\nutilFun.assertEql(name, 'James Salinas');\nawait evaluation.clickOptionBtn();\nawait utilFun.wait(1000);\nawait evaluation.selectOption('See Email');\nawait utilFun.wait(4000);\nconst email = await evaluation.copyEmail();\nassert.equal(email, 'Email: james@robot-mail.com');",
              "err": {},
              "uuid": "736ba4cf-d38c-4353-991b-c745ac9d09a5",
              "parentUUID": "1a797a40-4c7d-4ef7-8daa-ce10153f8c3c",
              "isHook": false,
[...]
              "err": {},
              "uuid": "096b7ed5-aa93-4af4-9eaa-bdc8ff68c39e",
              "parentUUID": "2d80b971-0ab8-4b76-8e43-5fc0874de8f2",
              "isHook": false,
              "skipped": false
            },
            {
              "title": "should check if Resource Availed Sick Leaves is Shownig and is editable.",
              "fullTitle": "Resource Details should check if Resource Availed Sick Leaves is Shownig and is editable.",
              "timedOut": false,
              "duration": 4004,
              "state": "passed",
              "speed": "slow",
              "pass": true,
              "fail": false,
              "pending": false,
              "context": null,
              "code": "await utilFun.visit(baseUrl + detailsPageUrl);\nconst url = await utilFun.getUrl();\nassert.equal(url, baseUrl + detailsPageUrl);\nawait resourceDetails.waitForNametoVisible();\nawait resourceDetails.checkValue('Availed Sick Leaves', '0');",
              "err": {},
              "uuid": "e965593d-2b74-406d-8b0c-0fde544f7446",
              "parentUUID": "2d80b971-0ab8-4b76-8e43-5fc0874de8f2",
              "isHook": false,
              "skipped": false
            },
            {
              "title": "should check if Resource Total Leaves Availed (Casual/Sick) is Shownig and is editable.",
              "fullTitle": "Resource Details should check if Resource Total Leaves Availed (Casual/Sick) is Shownig and is editable.",
              "timedOut": false,
              "duration": 4859,
              "state": "passed",
              "speed": "slow",
              "pass": true,
              "fail": false,
              "pending": false,
              "context": null,
              "code": "await utilFun.visit(baseUrl + detailsPageUrl);\nconst url = await utilFun.getUrl();\nassert.equal(url, baseUrl + detailsPageUrl);\nawait resourceDetails.waitForNametoVisible();\nawait resourceDetails.checkValue('Total Leaves Availed (Casual/Sick)', '0');",
              "err": {},
              "uuid": "7f673f41-a03c-496a-8094-1884d030f79c",
              "parentUUID": "2d80b971-0ab8-4b76-8e43-5fc0874de8f2",
              "isHook": false,
              "skipped": false
            },
            {
              "title": "should check if Resource Total Remaining Leaves is Shownig and is editable.",
              "fullTitle": "Resource Details should check if Resource Total Remaining Leaves is Shownig and is editable.",
              "timedOut": false,
              "duration": 4112,
              "state": "passed",
              "speed": "slow",
              "pass": true,
              "fail": false,
              "pending": false,
              "context": null,
              "code": "await utilFun.visit(baseUrl + detailsPageUrl);\nconst url = await utilFun.getUrl();\nassert.equal(url, baseUrl + detailsPageUrl);\nawait resourceDetails.waitForNametoVisible();\nawait resourceDetails.checkValue('Total Remaining Leaves', '16');",
              "err": {},
              "uuid": "3ec88d63-4d65-4b9b-9446-ac4182d174dc",
              "parentUUID": "2d80b971-0ab8-4b76-8e43-5fc0874de8f2",
              "isHook": false,
              "skipped": false
            },
            {
              "title": "should check if Resource Availed Paid Leaves is Shownig and is editable.",
              "fullTitle": "Resource Details should check if Resource Availed Paid Leaves is Shownig and is editable.",
              "timedOut": false,
              "duration": 3055,
              "state": "passed",
              "speed": "slow",
              "pass": true,
              "fail": false,
              "pending": false,
              "context": null,
              "code": "await utilFun.visit(baseUrl + detailsPageUrl);\nconst url = await utilFun.getUrl();\nassert.equal(url, baseUrl + detailsPageUrl);\nawait resourceDetails.waitForNametoVisible();\nawait resourceDetails.checkOtherLeaves('Availed Paid Leaves', '0');",
              "err": {},
              "uuid": "898fe07a-d1f9-4378-a3d8-88ac63c67c73",
              "parentUUID": "2d80b971-0ab8-4b76-8e43-5fc0874de8f2",
              "isHook": false,
              "skipped": false
            },
            {
              "title": "should check if Resource Availed Unpaid Leaves is Shownig and is editable.",
              "fullTitle": "Resource Details should check if Resource Availed Unpaid Leaves is Shownig and is editable.",
              "timedOut": false,
              "duration": 3140,
              "state": "passed",
              "speed": "slow",
              "pass": true,
              "fail": false,
              "pending": false,
              "context": null,
              "code": "await utilFun.visit(baseUrl + detailsPageUrl);\nconst url = await utilFun.getUrl();\nassert.equal(url, baseUrl + detailsPageUrl);\nawait resourceDetails.waitForNametoVisible();\nawait resourceDetails.checkOtherLeaves('Availed Unpaid Leaves', '0');",
              "err": {},
              "uuid": "dcac4ed0-a247-4b3e-8363-db3f90c47757",
              "parentUUID": "2d80b971-0ab8-4b76-8e43-5fc0874de8f2",
              "isHook": false,
              "skipped": false
            },
            {
              "title": "should check if Resource Carry Forward Leaves is Shownig and is editable.",
              "fullTitle": "Resource Details should check if Resource Carry Forward Leaves is Shownig and is editable.",
              "timedOut": false,
              "duration": 2899,
              "state": "passed",
              "speed": "slow",
              "pass": true,
              "fail": false,
              "pending": false,
              "context": null,
              "code": "await utilFun.visit(baseUrl + detailsPageUrl);\nconst url = await utilFun.getUrl();\nassert.equal(url, baseUrl + detailsPageUrl);\nawait resourceDetails.waitForNametoVisible();\nawait resourceDetails.checkOtherLeaves('Carry Forward Leaves', '0');",
              "err": {},
              "uuid": "cd683dfc-10d2-478a-8355-ab9cc8da5dae",
              "parentUUID": "2d80b971-0ab8-4b76-8e43-5fc0874de8f2",
              "isHook": false,
              "skipped": false
            },
            {
              "title": "should check if Resource Project is Showing.",
              "fullTitle": "Resource Details should check if Resource Project is Showing.",
              "timedOut": false,
              "duration": 1823,
              "state": "failed",
              "speed": null,
              "pass": false,
              "fail": true,
              "pending": false,
              "context": null,
              "code": "await utilFun.visit(baseUrl + detailsPageUrl);\nconst url = await utilFun.getUrl();\nassert.equal(url, baseUrl + detailsPageUrl);\nawait resourceDetails.waitForNametoVisible();\nconst projectData = await resourceDetails.checkProjectDetails();\nassert.ok(projectData.includes('automation'), `Expected text not found.`);",
              "err": {
                "message": "AssertionError: Expected text not found.",
                "estack": "AssertionError [ERR_ASSERTION]: Expected text not found.\n    at Context.<anonymous> (test/e2e/resources/spec-4-resourse-details.js:706:12)\n    at process.processTicksAndRejections (node:internal/process/task_queues:95:5)",
                "diff": "- false\n+ true\n"
              },
              "uuid": "7fbb28f3-bb98-4997-bf83-4613315ddfd8",
              "parentUUID": "2d80b971-0ab8-4b76-8e43-5fc0874de8f2",
              "isHook": false,
              "skipped": false
            },
            {
              "title": "should able to delete project from details page.",
              "fullTitle": "Resource Details should able to delete project from details page.",
              "timedOut": false,
              "duration": 11670,
              "state": "failed",
              "speed": null,
              "pass": false,
              "fail": true,
              "pending": false,
              "context": null,
              "code": "await utilFun.visit(baseUrl + detailsPageUrl);\nconst url = await utilFun.getUrl();\nassert.equal(url, baseUrl + detailsPageUrl);\nawait resourceDetails.waitForNametoVisible();\nawait resourceDetails.clickDelProjectBtn();\nconst alertText = await utilFun.checkAlert();\nassert.equal(alertText, 'Resource removed from project successfully.');",
              "err": {
                "message": "TimeoutError: Waiting for at least one element to be located By(css selector, [aria-label=\"delete\"])\nWait timed out after 10036ms",
                "estack": "TimeoutError: Waiting for at least one element to be located By(css selector, [aria-label=\"delete\"])\nWait timed out after 10036ms\n    at /home/devops/invohub/resource-engagement/node_modules/selenium-webdriver/lib/webdriver.js:929:17\n    at process.processTicksAndRejections (node:internal/process/task_queues:95:5)",
                "diff": null
              },
              "uuid": "0dfb679d-685f-489f-97db-2528fd40077d",
              "parentUUID": "2d80b971-0ab8-4b76-8e43-5fc0874de8f2",
              "isHook": false,
              "skipped": false
            },
            {
              "title": "should check if Hardware records are showing correctly.",
              "fullTitle": "Resource Details should check if Hardware records are showing correctly.",
              "timedOut": false,
              "duration": 2418,
              "state": "passed",
              "speed": "slow",
              "pass": true,
              "fail": false,
              "pending": false,
              "context": null,
              "code": "let query = [`UPDATE employee_assets SET \"employeeId\" = ${newId} WHERE \"employeeId\" = 9429;`];\nawait utilFun.udpateDatabase(query);\nawait utilFun.visit(baseUrl + detailsPageUrl);\nconst url = await utilFun.getUrl();\nassert.equal(url, baseUrl + detailsPageUrl);\nawait resourceDetails.waitForNametoVisible();\nlet records = await resourceDetails.getAssetRecords();\nassert.ok(records.includes('Steve'), `Expected text not found.`);",
              "err": {},
              "uuid": "ce6e6c6b-f1df-491a-a919-d3f074240fbe",
              "parentUUID": "2d80b971-0ab8-4b76-8e43-5fc0874de8f2",
              "isHook": false,
              "skipped": false
            },
            {
              "title": "should add skills from Resource details page.",
              "fullTitle": "Resource Details should add skills from Resource details page.",
              "timedOut": false,
              "duration": 6067,
              "state": "passed",
              "speed": "slow",
              "pass": true,
              "fail": false,
              "pending": false,
              "context": null,
              "code": "await utilFun.visit(baseUrl + detailsPageUrl);\nconst url = await utilFun.getUrl();\nassert.equal(url, baseUrl + detailsPageUrl);\nawait resourceDetails.waitForNametoVisible();\nawait resourceDetails.clickEditSkillBtn()\nawait resourceDetails.searchSkill('automation')\nawait resourceDetails.clickAddIcon()\nconst alertText = await utilFun.checkAlert();\nassert.equal(alertText, 'Skills updated successfully.');\nawait resourceDetails.clickDoneBtn()",
              "err": {},
              "uuid": "4431d4cf-7731-46e5-baa6-8d72494a5db5",
              "parentUUID": "2d80b971-0ab8-4b76-8e43-5fc0874de8f2",
              "isHook": false,
              "skipped": false
            },
            {
              "title": "should check if skills records are showing correctly.",
              "fullTitle": "Resource Details should check if skills records are showing correctly.",
              "timedOut": false,
              "duration": 2199,
              "state": "passed",
              "speed": "slow",
              "pass": true,
              "fail": false,
              "pending": false,
              "context": null,
              "code": "await utilFun.visit(baseUrl + detailsPageUrl);\nconst url = await utilFun.getUrl();\nassert.equal(url, baseUrl + detailsPageUrl);\nawait resourceDetails.waitForNametoVisible();\nlet records = await resourceDetails.getSkillRecords();\nassert.ok(records.includes('Automation'), `Expected text not found.`);",
              "err": {},
              "uuid": "c92d2748-97d5-425f-999f-262180b73db2",
              "parentUUID": "2d80b971-0ab8-4b76-8e43-5fc0874de8f2",
              "isHook": false,
              "skipped": false
            },
            {
              "title": "should able to remove skill by editing.",
              "fullTitle": "Resource Details should able to remove skill by editing.",
              "timedOut": false,
              "duration": 5594,
              "state": "passed",
              "speed": "slow",
              "pass": true,
              "fail": false,
              "pending": false,
              "context": null,
              "code": "await utilFun.visit(baseUrl + detailsPageUrl);\nconst url = await utilFun.getUrl();\nassert.equal(url, baseUrl + detailsPageUrl);\nawait resourceDetails.waitForNametoVisible();\nawait resourceDetails.clickEditSkillBtn()\nawait resourceDetails.clickRemoveSkillBtn()\nawait resourceDetails.clickYesBtn()\nconst alertText = await utilFun.checkAlert();\nassert.equal(alertText, 'Skill is deleted successfully');\nawait resourceDetails.clickDoneBtn()\nlet records = await resourceDetails.getSkillRecordsEmpty();\nconsole.log(records);\nassert.equal(records, 'No Data');",
              "err": {},
              "uuid": "e5a111c1-87d0-43be-a1d7-eea0c91688a9",
              "parentUUID": "2d80b971-0ab8-4b76-8e43-5fc0874de8f2",
              "isHook": false,
              "skipped": false
            },
            {
              "title": "should check if attendence is showing correctly.",
              "fullTitle": "Resource Details should check if attendence is showing correctly.",
              "timedOut": false,
              "duration": 6195,
              "state": "passed",
              "speed": "slow",
              "pass": true,
              "fail": false,
              "pending": false,
              "context": null,
              "code": "let query = [`UPDATE employee_attendances SET \"employeeId\" = ${newId} WHERE \"employeeId\" = 9429;`];\nawait utilFun.udpateDatabase(query);\nawait utilFun.visit(baseUrl + detailsPageUrl);\nconst url = await utilFun.getUrl();\nassert.equal(url, baseUrl + detailsPageUrl);\nawait resourceDetails.waitForNametoVisible();\nawait resourceDetails.clickAttendanceTab();\nconst url1 = await utilFun.getUrl();\nassert.equal(url1, baseUrl + attendanceTabUrl);\nawait resourceDetails.selectAttendanceYear(2024);\nawait resourceDetails.selectAttendanceMonth('Jan');\nawait utilFun.wait(2000)\nlet time = await resourceDetails.getTimeByDate('2024-01-22');\nassert.equal(time, '08:00');\ntime = await resourceDetails.getTimeByDate('2024-01-23');\nassert.equal(time, '08:00');\ntime = await resourceDetails.getTimeByDate('2024-01-24');\nassert.equal(time, '08:20');\ntime = await resourceDetails.getTimeByDate('2024-01-25');\nassert.equal(time, '07:30');\ntime = await resourceDetails.getTimeByDate('2024-01-26');\nassert.equal(time, '06:40');\nlet weekTime = await resourceDetails.getWeekTime(4);\nassert.equal(weekTime, '38:30');",
              "err": {},
              "uuid": "363bc5d8-c692-4be8-912d-12ae9b6020ef",
              "parentUUID": "2d80b971-0ab8-4b76-8e43-5fc0874de8f2",
              "isHook": false,
              "skipped": false
            }
          ],
          "suites": [],
          "passes": [
            "19737aa0-5643-4bc8-b07b-8d28ea8750ca",
            "34240c69-3a5b-4a32-b82f-86a5f45aedfa",
            "312c9a1d-5102-435f-b1ee-9b6da2e871df",
            "8ac12bcc-bc6f-4ebe-a2cb-9f5cd4e0a5a5",
            "848d5275-f61e-4023-8a29-c760da825aa2",
            "550fb23a-906f-4405-972b-783385ff5430",
            "5b87a729-52c6-44db-9625-4e8077e65957",
            "c6e1fb2c-26b9-4759-a35d-de04326370b0",
            "6034ecf5-f2ff-4551-b56a-4dc6e263c424",
            "7ed9ac47-af6f-49a7-80ee-f12d66c15dd4",
            "143efbf5-6c26-47fe-b21f-3e67ae0825c2",
            "cd117f35-de92-4e65-93c4-d7e2fc942e8c",
            "46db96df-55ed-481a-9f09-e9f24442cc49",
            "22dda5c3-4440-4f79-8466-ef25ab713fc5",
            "1a74f546-6537-4ad1-ac5e-8ce6f3d1a866",
            "827eb1fa-3c5c-4788-a01a-7b5ad391b37f",
            "3605c159-0a65-403f-85bc-edeabe0c7e8d",
            "04b57456-6028-4a7a-92a3-9e70c4b21932",
            "aa34c90e-58ef-4596-ba54-ff2fda9e9e5f",
            "005aab2a-1f1e-4eee-b340-b25a681335cd",
            "e24c0ad0-f6bd-4fcd-afaf-b08cf8079b21",
            "13ce25db-a745-45de-b131-a71f78adec84",
            "41f9407f-7864-4c27-a40a-613b57bd6218",
            "9335d39c-4df6-44eb-b2df-a83aeb27ad17",
            "862fc314-26d4-499b-981b-8d4476255723",
            "0ddad648-d241-4693-af9c-6eba6f618702",
            "4e3b574b-2b00-45b4-96ff-06453914b521",
            "3284fad1-fcef-4f12-9273-23dedde7c64a",
            "8d64258f-f11f-4c13-9483-0b2661532839",
            "dcb0fab9-cb4f-452c-ad04-f0f71ba04b2d",
            "9d4c3c9b-db31-4f97-89d8-a7b357324389",
            "843fb672-6d98-4bf7-be5b-34e56056a4b6",
            "2a3c0232-f8a6-48bc-9a26-5e9f6d9499a4",
            "711a8c6b-8b79-4d17-bc32-258c21b9c6d2",
            "fe80cb96-524f-4ae1-9c5f-6189ff969339",
            "96f9dbc0-0316-4f0a-922d-85fbb4ad4498",
            "75612920-f175-4594-8f26-db2b0a7ef996",
            "b626cb21-65d4-4b53-84d8-a69dc049a337",
            "988ea46a-084f-48e8-9b23-c7750f783454",
            "c4efb56b-0319-4cb2-b135-34f60aca948d",
            "639c63c6-4ad6-4a5c-8366-0db4bff69a58",
            "7e1ede31-9d5b-4288-b33e-80f4c4577142",
            "62b2a22c-e4db-431a-8f54-0a5884213d7f",
            "5c921fa5-4509-41d4-b4df-bb95fc820ee6",
            "96f5e7eb-fc2a-4e63-8026-97e81f6c0f31",
            "fb881819-c2e5-40dd-bc3a-4c837a14d1a6",
            "e2deb314-d1a0-48a4-8317-8c8fb45bb686",
            "c37efe77-cded-4637-b120-609eacf9d3da",
            "096b7ed5-aa93-4af4-9eaa-bdc8ff68c39e",
            "e965593d-2b74-406d-8b0c-0fde544f7446",
            "7f673f41-a03c-496a-8094-1884d030f79c",
            "3ec88d63-4d65-4b9b-9446-ac4182d174dc",
            "898fe07a-d1f9-4378-a3d8-88ac63c67c73",
            "dcac4ed0-a247-4b3e-8363-db3f90c47757",
            "cd683dfc-10d2-478a-8355-ab9cc8da5dae",
            "ce6e6c6b-f1df-491a-a919-d3f074240fbe",
            "4431d4cf-7731-46e5-baa6-8d72494a5db5",
            "c92d2748-97d5-425f-999f-262180b73db2",
            "e5a111c1-87d0-43be-a1d7-eea0c91688a9",
            "363bc5d8-c692-4be8-912d-12ae9b6020ef"
          ],
          "failures": [
            "566a52e4-29d9-4dd2-b153-54dcbb108a4d",
            "e1d3fcf6-95de-4a69-be02-94649c4cca59",
            "7fbb28f3-bb98-4997-bf83-4613315ddfd8",
            "0dfb679d-685f-489f-97db-2528fd40077d"
          ],
          "pending": [],
          "skipped": [],
          "duration": 503535,
          "root": false,
          "rootEmpty": false,
          "_timeout": 100000
        }
      ],
      "passes": [],
      "failures": [],
      "pending": [],
      "skipped": [],
      "duration": 0,
      "root": true,
      "rootEmpty": true,
      "_timeout": 100000
    }
  ],
  "meta": {
    "mocha": {
      "version": "10.2.0"
    },
    "mochawesome": {
      "options": {
        "quiet": false,
        "reportFilename": "mochawesome",
        "saveHtml": true,
        "saveJson": true,
        "consoleReporter": "spec",
        "useInlineDiffs": false,
        "code": true
      },
      "version": "7.1.3"
    },
    "marge": {
      "options": {
        "reportDir": "test/report"
      },
      "version": "6.2.0"
    }
  }
}