{
  "stats": {
    "suites": 17,
    "tests": 363,
    "passes": 337,
    "pending": 19,
    "failures": 7,
    "start": "2024-01-22T06:00:46.637Z",
    "end": "2024-01-22T07:11:11.037Z",
    "duration": 4224400,
    "testsRegistered": 363,
    "passPercent": 97.96511627906976,
    "pendingPercent": 5.234159779614325,
    "other": 0,
    "hasOther": false,
    "skipped": 0,
    "hasSkipped": false
  },
  "results": [
    {
      "uuid": "0b1dc67f-910e-48b0-addc-881d133c6488",
      "title": "",
      "fullFile": "",
      "file": "",
      "beforeHooks": [],
      "afterHooks": [],
      "tests": [],
      "suites": [
        {
          "uuid": "012130e7-284a-47dc-8ef6-0f7f3a846ce4",
          "title": "Pending Evaluations",
          "fullFile": "/home/devops/invohub/resource-engagement/test/e2e/evaluation/spec_1_pendings.js",
          "file": "/test/e2e/evaluation/spec_1_pendings.js",
          "beforeHooks": [
            {
              "title": "\"before all\" hook in \"Pending Evaluations\"",
              "fullTitle": "Pending Evaluations \"before all\" hook in \"Pending Evaluations\"",
              "timedOut": false,
              "duration": 50592,
              "state": null,
              "speed": null,
              "pass": false,
              "fail": false,
              "pending": false,
              "context": null,
              "code": "let query = [\n  `UPDATE departments SET \"hodId\" = 9474 WHERE id = 9;`,\n  `UPDATE employees SET \"email\" = 'bilal.rafaqat@invozone.de' WHERE id = 9429;`,\n  `UPDATE employees SET \"email\" = 'bilal.rafaqat@invozone.dev' WHERE id = 9474;`,\n];\nawait utilFun.udpateDatabase(query);\nawait utilFun.login(email, password);\nconst url = await utilFun.getUrl();\nassert.equal(url, baseUrl + '/home');\nlet query1 =[\n    `UPDATE employee_evaluations SET \"incrementType\" = 'annual' WHERE id = 26;`,\n    `UPDATE employee_evaluations SET \"processType\" = NULL WHERE id = 26;`,\n    `UPDATE employee_evaluations SET \"reasonForDefer\" = NULL WHERE id = 26;`,\n    `UPDATE employee_evaluations SET \"processDate\" = NULL WHERE id = 26;`,\n    `UPDATE employee_evaluations SET \"feedback\" = NULL WHERE id = 26;`,\n    `DELETE FROM employee_evaluations WHERE \"employeeId\" = 9742 AND \"incrementType\" = 'designation';`,\n    ];\n    await utilFun.udpateDatabase(query1);",
              "err": {},
              "uuid": "d1278b29-e383-449e-bca3-6d6a55f70bc5",
              "parentUUID": "012130e7-284a-47dc-8ef6-0f7f3a846ce4",
              "isHook": true,
              "skipped": false
            },
            {
              "title": "\"before each\" hook in \"Pending Evaluations\"",
              "fullTitle": "Pending Evaluations \"before each\" hook in \"Pending Evaluations\"",
              "timedOut": false,
              "duration": 3336,
              "state": null,
              "speed": null,
              "pass": false,
              "fail": false,
              "pending": false,
              "context": null,
              "code": "await utilFun.visit(baseUrl + '/evaluation');\nawait utilFun.wait(3000);",
              "err": {},
              "uuid": "d9283328-4875-468b-83b2-05dae2ec6fde",
              "parentUUID": "012130e7-284a-47dc-8ef6-0f7f3a846ce4",
              "isHook": true,
              "skipped": false
            }
          ],
          "afterHooks": [],
          "tests": [
            {
              "title": "should check if pending evaluations are showing",
              "fullTitle": "Pending Evaluations should check if pending evaluations are showing",
              "timedOut": false,
              "duration": 38,
              "state": "passed",
              "speed": "medium",
              "pass": true,
              "fail": false,
              "pending": false,
              "context": null,
              "code": "let obj = await evaluation.getAllPendingResourses();\nassert(obj.length > 0, `No Evaluation Found`);",
              "err": {},
              "uuid": "be0bc271-af10-4389-a2d4-a876432d32d0",
              "parentUUID": "012130e7-284a-47dc-8ef6-0f7f3a846ce4",
              "isHook": false,
              "skipped": false
            },
            {
              "title": "should able to filter resoures by name",
              "fullTitle": "Pending Evaluations should able to filter resoures by name",
              "timedOut": false,
              "duration": 2050,
              "state": "passed",
              "speed": "slow",
              "pass": true,
              "fail": false,
              "pending": false,
              "context": null,
              "code": "await evaluation.clickFilterButton();\nawait evaluation.searchName('James Salinas');\nawait utilFun.wait(1000);\nconst name = await evaluation.getResourseName();\nutilFun.assertEql(name, 'James Salinas');",
              "err": {},
              "uuid": "2bc116dc-66f1-49ea-8da1-275687bfffb9",
              "parentUUID": "012130e7-284a-47dc-8ef6-0f7f3a846ce4",
              "isHook": false,
              "skipped": false
            },
            {
              "title": "should able to filter resoures by Review Type",
              "fullTitle": "Pending Evaluations should able to filter resoures by Review Type",
              "timedOut": false,
              "duration": 1600,
              "state": "passed",
              "speed": "slow",
              "pass": true,
              "fail": false,
              "pending": false,
              "context": null,
              "code": "await evaluation.clickFilterButton();\nawait evaluation.selectReviewType('Annual');\nconst valuesCount = await evaluation.checkValues();\nutilFun.assertEql(valuesCount, 1);",
              "err": {},
              "uuid": "7e2dfbdc-3890-49f7-8aa6-95df406030c3",
              "parentUUID": "012130e7-284a-47dc-8ef6-0f7f3a846ce4",
              "isHook": false,
              "skipped": false
            },
            {
              "title": "should able to filter resoures by Last Increment",
              "fullTitle": "Pending Evaluations should able to filter resoures by Last Increment",
              "timedOut": false,
              "duration": 1563,
              "state": "passed",
              "speed": "slow",
              "pass": true,
              "fail": false,
              "pending": false,
              "context": null,
              "code": "await evaluation.clickFilterButton();\nawait evaluation.selectLastIncrement('N/A');\nconst valuesCount = await evaluation.checkValues();\nutilFun.assertEql(valuesCount, 1);",
              "err": {},
              "uuid": "225ed226-e361-42e1-b0cb-691d63392cfc",
              "parentUUID": "012130e7-284a-47dc-8ef6-0f7f3a846ce4",
              "isHook": false,
              "skipped": false
            },
            {
              "title": "should able to  copy email from options",
              "fullTitle": "Pending Evaluations should able to  copy email from options",
              "timedOut": false,
              "duration": 6292,
              "state": "passed",
              "speed": "slow",
              "pass": true,
              "fail": false,
              "pending": false,
              "context": null,
              "code": "await evaluation.clickFilterButton();\nawait evaluation.searchName('James Salinas');\nawait utilFun.wait(1000);\nconst name = await evaluation.getResourseName();\nutilFun.assertEql(name, 'James Salinas');\nawait evaluation.clickOptionBtn();\nawait utilFun.wait(1000);\nawait evaluation.selectOption('Copy Email');\nawait utilFun.wait(3000);\nconst alertText = await evaluation.checkAlert();\nutilFun.assertEql(alertText, 'Email address is copied');",
              "err": {},
              "uuid": "50a38546-c5b8-433b-89cb-0e2e44c0f088",
              "parentUUID": "012130e7-284a-47dc-8ef6-0f7f3a846ce4",
              "isHook": false,
              "skipped": false
            },
            {
              "title": "should able to Send Email from options",
              "fullTitle": "Pending Evaluations should able to Send Email from options",
              "timedOut": false,
              "duration": 9527,
              "state": "passed",
              "speed": "slow",
              "pass": true,
              "fail": false,
              "pending": false,
              "context": null,
              "code": "await evaluation.clickFilterButton();\nawait evaluation.searchName('James Salinas');\nawait utilFun.wait(1000);\nconst name = await evaluation.getResourseName();\nutilFun.assertEql(name, 'James Salinas');\nawait evaluation.clickOptionBtn();\nawait utilFun.wait(1000);\nawait evaluation.selectOption('Send Email');\nawait utilFun.wait(1000);\nawait utilFun.switchWindow(1);\nawait utilFun.wait(3000);\nconst url = await utilFun.getUrl();\nassert.equal(url, 'https://mail.google.com/mail/u/0/?fs=1&tf=cm&to=james@robot-mail.com');\nawait utilFun.closeCurrentTab();\nawait utilFun.switchWindow(0);",
              "err": {},
              "uuid": "6a932984-9874-4712-bc78-6057f90b587e",
              "parentUUID": "012130e7-284a-47dc-8ef6-0f7f3a846ce4",
              "isHook": false,
              "skipped": false
            },
            {
              "title": "should able to Open Slack DM from options",
              "fullTitle": "Pending Evaluations should able to Open Slack DM from options",
              "timedOut": false,
              "duration": 7293,
              "state": "passed",
              "speed": "slow",
              "pass": true,
              "fail": false,
              "pending": false,
              "context": null,
              "code": "await evaluation.clickFilterButton();\nawait evaluation.searchName('James Salinas');\nawait utilFun.wait(1000);\nconst name = await evaluation.getResourseName();\nutilFun.assertEql(name, 'James Salinas');\nawait evaluation.clickOptionBtn();\nawait utilFun.wait(1000);\nawait evaluation.selectOption('Open Slack DM');\nawait utilFun.wait(1000);\nawait utilFun.switchWindow(1);\nawait utilFun.wait(3000);\nconst url = await utilFun.getUrl();\nassert.equal(url, 'https://invozone.slack.com/?redir=%2Fapp_redirect%3Fchannel%3Dundefined');\nawait utilFun.closeCurrentTab();\nawait utilFun.switchWindow(0);",
              "err": {},
              "uuid": "847413e7-12e7-4f0a-a87b-99e72f42e828",
              "parentUUID": "012130e7-284a-47dc-8ef6-0f7f3a846ce4",
              "isHook": false,
              "skipped": false
            },
            {
              "title": "should able to see Email from options",
              "fullTitle": "Pending Evaluations should able to see Email from options",
              "timedOut": false,
              "duration": 6289,
              "state": "passed",
              "speed": "slow",
              "pass": true,
              "fail": false,
              "pending": false,
              "context": null,
              "code": "await evaluation.clickFilterButton();\nawait evaluation.searchName('James Salinas');\nawait utilFun.wait(1000);\nconst name = await evaluation.getResourseName();\nutilFun.assertEql(name, 'James Salinas');\nawait evaluation.clickOptionBtn();\nawait utilFun.wait(1000);\nawait evaluation.selectOption('See Email');\nawait utilFun.wait(3000);\nconst email = await evaluation.copyEmail();\nassert.equal(email, 'Email: james@robot-mail.com');",
              "err": {},
              "uuid": "f45b7b42-1267-44d5-870d-b7a23c5b8963",
              "parentUUID": "012130e7-284a-47dc-8ef6-0f7f3a846ce4",
              "isHook": false,
              "skipped": false
            },
            {
              "title": "should able to copy Phone Number from options",
              "fullTitle": "Pending Evaluations should able to copy Phone Number from options",
              "timedOut": false,
              "duration": 6927,
              "state": "passed",
              "speed": "slow",
              "pass": true,
              "fail": false,
              "pending": false,
              "context": null,
              "code": "await evaluation.clickFilterButton();\nawait evaluation.searchName('James Salinas');\nawait utilFun.wait(1000);\nconst name = await evaluation.getResourseName();\nutilFun.assertEql(name, 'James Salinas');\nawait evaluation.clickOptionBtn();\nawait utilFun.wait(1000);\nawait evaluation.selectOption('Phone Number');\nawait utilFun.wait(3000);\nawait evaluation.copyPhoneNumber();\nconst alertText = await evaluation.checkAlert();\nassert.equal(alertText, 'Phone# is copied successfully');",
              "err": {},
              "uuid": "b910f8f3-43c3-4656-946e-f3940cd60bee",
              "parentUUID": "012130e7-284a-47dc-8ef6-0f7f3a846ce4",
              "isHook": false,
              "skipped": false
            },
            {
              "title": "should able to see Resource Details from options",
              "fullTitle": "Pending Evaluations should able to see Resource Details from options",
              "timedOut": false,
              "duration": 4618,
              "state": "passed",
              "speed": "slow",
              "pass": true,
              "fail": false,
              "pending": false,
              "context": null,
              "code": "await evaluation.clickFilterButton();\nawait evaluation.searchName('James Salinas');\nawait utilFun.wait(1000);\nconst name = await evaluation.getResourseName();\nutilFun.assertEql(name, 'James Salinas');\nawait evaluation.clickResource();\nawait utilFun.wait(1000);\nawait utilFun.switchWindow(1);\nawait utilFun.wait(1000);\nconst url = await utilFun.getUrl();\nassert.equal(url, 'http://localhost:3000/resource-detail/9742?tab=Basic_Information');\nawait utilFun.closeCurrentTab();\nawait utilFun.switchWindow(0);",
              "err": {},
              "uuid": "7940bcff-756e-446b-bc16-5486dd0f7f54",
              "parentUUID": "012130e7-284a-47dc-8ef6-0f7f3a846ce4",
              "isHook": false,
              "skipped": false
            },
            {
              "title": "should able to see employee history",
              "fullTitle": "Pending Evaluations should able to see employee history",
              "timedOut": false,
              "duration": 3207,
              "state": "passed",
              "speed": "slow",
              "pass": true,
              "fail": false,
              "pending": false,
              "context": null,
              "code": "await evaluation.clickFilterButton();\nawait evaluation.searchName('James Salinas');\nawait utilFun.wait(1000);\nconst name = await evaluation.getResourseName();\nutilFun.assertEql(name, 'James Salinas');\nawait evaluation.clickSeeFeedback();\nawait utilFun.wait(1000);\nconst title = await evaluation.checkTitle();\nutilFun.assertEql(title, 'Feedback History of James Salinas');\nawait evaluation.checkSelectedTab();",
              "err": {},
              "uuid": "9bef6f70-80c1-4d0d-991c-45d22699f51d",
              "parentUUID": "012130e7-284a-47dc-8ef6-0f7f3a846ce4",
              "isHook": false,
              "skipped": false
            },
            {
              "title": "should able to request a review",
              "fullTitle": "Pending Evaluations should able to request a review",
              "timedOut": false,
              "duration": 7245,
              "state": "passed",
              "speed": "slow",
              "pass": true,
              "fail": false,
              "pending": false,
              "context": null,
              "code": "await evaluation.clickFilterButton();\nawait evaluation.searchName('James Salinas');\nawait utilFun.wait(1000);\nconst name = await evaluation.getResourseName();\nutilFun.assertEql(name, 'James Salinas');\nawait evaluation.clickSeeFeedback();\nawait utilFun.wait(1000);\nawait evaluation.clickSubmittedReview();\nawait evaluation.clickReqReviewBtn();\nawait utilFun.wait(1000);\nawait evaluation.clickHod('Muhammad Bilal Rafaqat');\nawait evaluation.clickSendReqBtn();\nconst alertText = await evaluation.checkAlert();\nutilFun.assertEql(alertText, 'Request is send successfully.');",
              "err": {},
              "uuid": "88e7a391-f265-492b-aa6c-aa92a4b3f8d8",
              "parentUUID": "012130e7-284a-47dc-8ef6-0f7f3a846ce4",
              "isHook": false,
              "skipped": false
            },
            {
              "title": "should able to give a review",
              "fullTitle": "Pending Evaluations should able to give a review",
              "timedOut": false,
              "duration": 13130,
              "state": "passed",
              "speed": "slow",
              "pass": true,
              "fail": false,
              "pending": false,
              "context": null,
              "code": "const query = [\n  `UPDATE employees SET \"departmentId\" = 9 WHERE id = 9474;`,\n  `UPDATE employees SET \"designationId\" = 83 WHERE id = 9474;`,\n  `UPDATE employees SET \"designation\" = 'Head of Engineering' WHERE id = 9474;`,\n];\nawait utilFun.udpateDatabase(query);\nawait utilFun.refresh();\nawait evaluation.clickFilterButton();\nawait evaluation.searchName('James Salinas');\nawait utilFun.wait(1000);\nconst name = await evaluation.getResourseName();\nutilFun.assertEql(name, 'James Salinas');\nawait evaluation.clickSeeFeedback();\nawait utilFun.wait(1000);\nawait evaluation.clickSubmittedReview();\nawait utilFun.wait(1000);\nawait evaluation.clickAddFeedback();\n// await feedbackForm.enterDate('03092023');\nawait feedbackForm.selectFeedbackDuration('6 Months');\nawait feedbackForm.selectNextReviewType('Annual');\nawait feedbackForm.selectRevisedDesignation('Software Engineer');\nawait feedbackForm.selectRevisedDesignationCategory('Automation');\nawait feedbackForm.typeIncreament('200000');\nawait feedbackForm.typeDescription('testingggg');\nawait feedbackForm.clickSubmit();\nconst alertText = await evaluation.checkAlert();\nutilFun.assertEql(alertText, 'Increment status is updated successfully');",
              "err": {},
              "uuid": "8be96414-7e81-4ed3-bb50-ae327e33c25d",
              "parentUUID": "012130e7-284a-47dc-8ef6-0f7f3a846ce4",
              "isHook": false,
              "skipped": false
            },
            {
              "title": "should able to edit review form",
              "fullTitle": "Pending Evaluations should able to edit review form",
              "timedOut": false,
              "duration": 9121,
              "state": "passed",
              "speed": "slow",
              "pass": true,
              "fail": false,
              "pending": false,
              "context": null,
              "code": "await evaluation.clickFilterButton();\nawait evaluation.searchName('James Salinas');\nawait utilFun.wait(1000);\nconst name = await evaluation.getResourseName();\nutilFun.assertEql(name, 'James Salinas');\nawait evaluation.clickEditForm();\nawait utilFun.wait(1000);\n// await feedbackForm.enterDate('03102023');\nawait feedbackForm.selectFeedbackDuration('3 Months');\nawait feedbackForm.selectNextReviewType('Annual');\nawait feedbackForm.selectRevisedDesignation('Software Engineer');\nawait feedbackForm.typeIncreament('200000');\nawait feedbackForm.typeDescription('updated');\nawait feedbackForm.clickSubmit();\nconst alertText = await evaluation.checkAlert();\nutilFun.assertEql(alertText, 'Increment status is updated successfully');",
              "err": {},
              "uuid": "fe13938b-06a8-45c5-b2bf-844bc45a0ab7",
              "parentUUID": "012130e7-284a-47dc-8ef6-0f7f3a846ce4",
              "isHook": false,
              "skipped": false
            },
            {
              "title": "should able to defer review",
              "fullTitle": "Pending Evaluations should able to defer review",
              "timedOut": false,
              "duration": 6895,
              "state": "passed",
              "speed": "slow",
              "pass": true,
              "fail": false,
              "pending": false,
              "context": null,
              "code": "const query = [\n  `UPDATE employees SET \"designation\" = 'HR' WHERE id = 9474;`,\n  `UPDATE employees SET \"departmentId\" = 7 WHERE id = 9474;`,\n  `UPDATE employees SET \"designationId\" = 77 WHERE id = 9474;`,\n];\nawait utilFun.udpateDatabase(query);\nawait utilFun.refresh();\nawait evaluation.clickFilterButton();\nawait evaluation.searchName('James Salinas');\nawait utilFun.wait(1000);\nconst name = await evaluation.getResourseName();\nutilFun.assertEql(name, 'James Salinas');\nawait evaluation.clickDefer();\nawait evaluation.clickDeferType();\nawait utilFun.wait(1000);\nawait evaluation.selectDeferType('2 Weeks');\nawait evaluation.typeDeferReason('testing');\nawait evaluation.clickSubmitBtn();\nconst alertText = await evaluation.checkAlert();\nutilFun.assertEql(alertText, 'Increment status is updated successfully');",
              "err": {},
              "uuid": "f6cf47c8-e6eb-484e-a0f9-98414e303309",
              "parentUUID": "012130e7-284a-47dc-8ef6-0f7f3a846ce4",
              "isHook": false,
              "skipped": false
            },
            {
              "title": "should able to complete review",
              "fullTitle": "Pending Evaluations should able to complete review",
              "timedOut": false,
              "duration": 9426,
              "state": "passed",
              "speed": "slow",
              "pass": true,
              "fail": false,
              "pending": false,
              "context": null,
              "code": "const query = [\n  `UPDATE employees SET \"designation\" = 'HR' WHERE id = 9474;`,\n  `UPDATE employees SET \"departmentId\" = 7 WHERE id = 9474;`,\n  `UPDATE employees SET \"designationId\" = 77 WHERE id = 9474;`,\n  `UPDATE employee_evaluations SET \"processType\" = NULL WHERE id = 26;`,\n  `UPDATE employee_evaluations SET \"reasonForDefer\" = NULL WHERE id = 26;`,\n  `UPDATE employee_evaluations SET \"processDate\" = NULL WHERE id = 26;`,\n];\nawait utilFun.udpateDatabase(query);\nawait utilFun.refresh();\nawait evaluation.clickFilterButton();\nawait evaluation.searchName('James Salinas');\nawait utilFun.wait(1000);\nconst name = await evaluation.getResourseName();\nutilFun.assertEql(name, 'James Salinas');\nawait evaluation.clickComplete();\nawait feedbackForm.enterDate('03102023');\nawait feedbackForm.selectFeedbackDuration('3 Months');\nawait feedbackForm.selectNextReviewType('Annual');\nawait feedbackForm.selectRevisedDesignation('Software Engineer');\nawait feedbackForm.typeIncreament('200000');\nawait feedbackForm.clickSubmit();\nconst alertText = await evaluation.checkAlert();\nutilFun.assertEql(alertText, 'Increment status is updated successfully');",
              "err": {},
              "uuid": "85cde87b-c867-45a5-ac9b-17ebf3cacf2d",
              "parentUUID": "012130e7-284a-47dc-8ef6-0f7f3a846ce4",
              "isHook": false,
              "skipped": false
            }
          ],
          "suites": [],
          "passes": [
            "be0bc271-af10-4389-a2d4-a876432d32d0",
            "2bc116dc-66f1-49ea-8da1-275687bfffb9",
            "7e2dfbdc-3890-49f7-8aa6-95df406030c3",
            "225ed226-e361-42e1-b0cb-691d63392cfc",
            "50a38546-c5b8-433b-89cb-0e2e44c0f088",
            "6a932984-9874-4712-bc78-6057f90b587e",
            "847413e7-12e7-4f0a-a87b-99e72f42e828",
            "f45b7b42-1267-44d5-870d-b7a23c5b8963",
            "b910f8f3-43c3-4656-946e-f3940cd60bee",
            "7940bcff-756e-446b-bc16-5486dd0f7f54",
            "9bef6f70-80c1-4d0d-991c-45d22699f51d",
            "88e7a391-f265-492b-aa6c-aa92a4b3f8d8",
            "8be96414-7e81-4ed3-bb50-ae327e33c25d",
            "fe13938b-06a8-45c5-b2bf-844bc45a0ab7",
            "f6cf47c8-e6eb-484e-a0f9-98414e303309",
            "85cde87b-c867-45a5-ac9b-17ebf3cacf2d"
          ],
          "failures": [],
          "pending": [],
          "skipped": [],
          "duration": 95221,
          "root": false,
          "rootEmpty": false,
          "_timeout": 100000
        },
        {
          "uuid": "9ad5b6e0-315d-4d02-b122-afdcf57a3c2a",
          "title": "Performance Base Evaluations",
          "fullFile": "/home/devops/invohub/resource-engagement/test/e2e/evaluation/spec_2_performance.js",
          "file": "/test/e2e/evaluation/spec_2_performance.js",
          "beforeHooks": [
            {
              "title": "\"before all\" hook in \"Performance Base Evaluations\"",
              "fullTitle": "Performance Base Evaluations \"before all\" hook in \"Performance Base Evaluations\"",
              "timedOut": false,
              "duration": 9947,
              "state": null,
              "speed": null,
              "pass": false,
              "fail": false,
              "pending": false,
              "context": null,
              "code": "await utilFun.loginAccount()\nconst url = await utilFun.getUrl();\nassert.equal(url, baseUrl + '/home');\nlet query = [\n  `UPDATE employee_evaluations SET \"incrementType\" = 'performance' WHERE id = 26;`,\n  `UPDATE employees SET \"designation\" = 'Software Engineer' WHERE id = 9474;`,\n  `UPDATE employees SET \"departmentId\" = 9 WHERE id = 9474;`,\n  `UPDATE employees SET \"designationId\" = 138 WHERE id = 9474;`,\n  `UPDATE employee_evaluations SET \"processType\" = NULL WHERE id = 26;`,\n  `UPDATE employee_evaluations SET \"reasonForDefer\" = NULL WHERE id = 26;`,\n  `UPDATE employee_evaluations SET \"processDate\" = NULL WHERE id = 26;`,\n  `UPDATE employee_evaluations SET \"feedback\" = NULL WHERE id = 26;`,\n];\nawait utilFun.udpateDatabase(query);",
              "err": {},
              "uuid": "79083e86-0656-4cef-adf3-468b532e6eff",
              "parentUUID": "9ad5b6e0-315d-4d02-b122-afdcf57a3c2a",
              "isHook": true,
              "skipped": false
            },
            {
              "title": "\"before each\" hook in \"Performance Base Evaluations\"",
              "fullTitle": "Performance Base Evaluations \"before each\" hook in \"Performance Base Evaluations\"",
              "timedOut": false,
              "duration": 4702,
              "state": null,
              "speed": null,
              "pass": false,
              "fail": false,
              "pending": false,
              "context": null,
              "code": "await utilFun.visit(baseUrl + '/evaluation-performance');\nawait utilFun.wait(4000);",
              "err": {},
              "uuid": "6f43d41f-def3-42f5-b436-3b3ce7aa3a60",
              "parentUUID": "9ad5b6e0-315d-4d02-b122-afdcf57a3c2a",
              "isHook": true,
              "skipped": false
            }
          ],
          "afterHooks": [],
          "tests": [
            {
              "title": "should check if performance evaluations are showing",
              "fullTitle": "Performance Base Evaluations should check if performance evaluations are showing",
              "timedOut": false,
              "duration": 39,
              "state": "passed",
              "speed": "medium",
              "pass": true,
              "fail": false,
              "pending": false,
              "context": null,
              "code": "let obj = await evaluation.getAllPendingResourses();\nassert(obj.length > 0, `No Evaluation Found`);",
              "err": {},
              "uuid": "5b58b1a4-252a-44a6-ac53-462f2bb77387",
              "parentUUID": "9ad5b6e0-315d-4d02-b122-afdcf57a3c2a",
              "isHook": false,
              "skipped": false
            },
            {
              "title": "should able to filter resoures by name",
              "fullTitle": "Performance Base Evaluations should able to filter resoures by name",
              "timedOut": false,
              "duration": 1853,
              "state": "passed",
              "speed": "slow",
              "pass": true,
              "fail": false,
              "pending": false,
              "context": null,
              "code": "await evaluation.clickFilterButton();\nawait evaluation.searchName('James Salinas');\nawait utilFun.wait(1000);\nconst name = await evaluation.getResourseName();\nutilFun.assertEql(name, 'James Salinas');",
              "err": {},
              "uuid": "b31e7d1e-d2e5-4f5a-983f-fc15c0afcd30",
              "parentUUID": "9ad5b6e0-315d-4d02-b122-afdcf57a3c2a",
              "isHook": false,
              "skipped": false
            },
            {
              "title": "should able to filter resoures by Last Increment",
              "fullTitle": "Performance Base Evaluations should able to filter resoures by Last Increment",
              "timedOut": false,
              "duration": 1512,
              "state": "passed",
              "speed": "slow",
              "pass": true,
              "fail": false,
              "pending": false,
              "context": null,
              "code": "await evaluation.clickFilterButton();\nawait evaluation.selectLastIncrement('N/A');\nconst valuesCount = await evaluation.checkValues();\nutilFun.assertEql(valuesCount, 1);",
              "err": {},
              "uuid": "abdc043e-71e8-488a-8ef2-da72763770ec",
              "parentUUID": "9ad5b6e0-315d-4d02-b122-afdcf57a3c2a",
              "isHook": false,
              "skipped": false
            },
            {
              "title": "should able to  copy email from options",
              "fullTitle": "Performance Base Evaluations should able to  copy email from options",
              "timedOut": false,
              "duration": 3934,
              "state": "passed",
              "speed": "slow",
              "pass": true,
              "fail": false,
              "pending": false,
              "context": null,
              "code": "await evaluation.clickFilterButton();\nawait evaluation.searchName('James Salinas');\nawait utilFun.wait(1000);\nconst name = await evaluation.getResourseName();\nutilFun.assertEql(name, 'James Salinas');\nawait evaluation.clickOptionBtn();\nawait utilFun.wait(1000);\nawait evaluation.selectOption('Copy Email');\nconst alertText = await evaluation.checkAlert();\nutilFun.assertEql(alertText, 'Email address is copied');",
              "err": {},
              "uuid": "0775e3f0-623b-4440-a08d-aad84a0bac6a",
              "parentUUID": "9ad5b6e0-315d-4d02-b122-afdcf57a3c2a",
              "isHook": false,
              "skipped": false
            },
            {
              "title": "should able to Send Email from options",
              "fullTitle": "Performance Base Evaluations should able to Send Email from options",
              "timedOut": false,
              "duration": 7383,
              "state": "passed",
              "speed": "slow",
              "pass": true,
              "fail": false,
              "pending": false,
              "context": null,
              "code": "await evaluation.clickFilterButton();\nawait evaluation.searchName('James Salinas');\nawait utilFun.wait(1000);\nconst name = await evaluation.getResourseName();\nutilFun.assertEql(name, 'James Salinas');\nawait evaluation.clickOptionBtn();\nawait utilFun.wait(1000);\nawait evaluation.selectOption('Send Email');\nawait utilFun.wait(1000);\nawait utilFun.switchWindow(1);\nawait utilFun.wait(3000);\nconst url = await utilFun.getUrl();\nassert.equal(url, 'https://mail.google.com/mail/u/0/?fs=1&tf=cm&to=james@robot-mail.com');\nawait utilFun.closeCurrentTab();\nawait utilFun.switchWindow(0);",
              "err": {},
              "uuid": "feceae59-d21b-480a-9948-bd974fb1eb1f",
              "parentUUID": "9ad5b6e0-315d-4d02-b122-afdcf57a3c2a",
              "isHook": false,
              "skipped": false
            },
            {
              "title": "should able to Open Slack DM from options",
              "fullTitle": "Performance Base Evaluations should able to Open Slack DM from options",
              "timedOut": false,
              "duration": 8308,
              "state": "passed",
              "speed": "slow",
              "pass": true,
              "fail": false,
              "pending": false,
              "context": null,
              "code": "await evaluation.clickFilterButton();\nawait evaluation.searchName('James Salinas');\nawait utilFun.wait(1000);\nconst name = await evaluation.getResourseName();\nutilFun.assertEql(name, 'James Salinas');\nawait evaluation.clickOptionBtn();\nawait utilFun.wait(1000);\nawait evaluation.selectOption('Open Slack DM');\nawait utilFun.wait(1000);\nawait utilFun.switchWindow(1);\nawait utilFun.wait(3000);\nconst url = await utilFun.getUrl();\nassert.equal(url, 'https://invozone.slack.com/?redir=%2Fapp_redirect%3Fchannel%3Dundefined');\nawait utilFun.closeCurrentTab();\nawait utilFun.switchWindow(0);",
              "err": {},
              "uuid": "7a04efc0-b000-4027-9832-35420f07b8d6",
              "parentUUID": "9ad5b6e0-315d-4d02-b122-afdcf57a3c2a",
              "isHook": false,
              "skipped": false
            },
            {
              "title": "should able to see Email from options",
              "fullTitle": "Performance Base Evaluations should able to see Email from options",
              "timedOut": false,
              "duration": 7282,
              "state": "passed",
              "speed": "slow",
              "pass": true,
              "fail": false,
              "pending": false,
              "context": null,
              "code": "await evaluation.clickFilterButton();\nawait evaluation.searchName('James Salinas');\nawait utilFun.wait(1000);\nconst name = await evaluation.getResourseName();\nutilFun.assertEql(name, 'James Salinas');\nawait evaluation.clickOptionBtn();\nawait utilFun.wait(1000);\nawait evaluation.selectOption('See Email');\nawait utilFun.wait(4000);\nconst email = await evaluation.copyEmail();\nassert.equal(email, 'Email: james@robot-mail.com');",
              "err": {},
              "uuid": "4f2c81d6-c410-48c2-bd4d-aeb28d21bd98",
              "parentUUID": "9ad5b6e0-315d-4d02-b122-afdcf57a3c2a",
              "isHook": false,
              "skipped": false
            },
            {
              "title": "should able to copy Phone Number from options",
              "fullTitle": "Performance Base Evaluations should able to copy Phone Number from options",
              "timedOut": false,
              "duration": 6702,
              "state": "passed",
              "speed": "slow",
              "pass": true,
              "fail": false,
              "pending": false,
              "context": null,
              "code": "await evaluation.clickFilterButton();\nawait evaluation.searchName('James Salinas');\nawait utilFun.wait(1000);\nconst name = await evaluation.getResourseName();\nutilFun.assertEql(name, 'James Salinas');\nawait evaluation.clickOptionBtn();\nawait utilFun.wait(1000);\nawait evaluation.selectOption('Phone Number');\nawait utilFun.wait(3000);\nawait evaluation.copyPhoneNumber();\nconst alertText = await evaluation.checkAlert();\nassert.equal(alertText, 'Phone# is copied successfully');",
              "err": {},
              "uuid": "d1b7fe20-56e1-49e2-9bf6-f8c3f1ceb8db",
              "parentUUID": "9ad5b6e0-315d-4d02-b122-afdcf57a3c2a",
              "isHook": false,
              "skipped": false
            },
            {
              "title": "should able to see Resource Details from options",
              "fullTitle": "Performance Base Evaluations should able to see Resource Details from options",
              "timedOut": false,
              "duration": 4326,
              "state": "passed",
              "speed": "slow",
              "pass": true,
              "fail": false,
              "pending": false,
              "context": null,
              "code": "await evaluation.clickFilterButton();\nawait evaluation.searchName('James Salinas');\nawait utilFun.wait(1000);\nconst name = await evaluation.getResourseName();\nutilFun.assertEql(name, 'James Salinas');\nawait evaluation.clickResource();\nawait utilFun.wait(1000);\nawait utilFun.switchWindow(1);\nawait utilFun.wait(1000);\nconst url = await utilFun.getUrl();\nassert.equal(url, baseUrl + '/resource-detail/9742?tab=Basic_Information');\nawait utilFun.closeCurrentTab();\nawait utilFun.switchWindow(0);",
              "err": {},
              "uuid": "49ff0387-d7db-4e23-8bb0-597d37ce7e0a",
              "parentUUID": "9ad5b6e0-315d-4d02-b122-afdcf57a3c2a",
              "isHook": false,
              "skipped": false
            },
            {
              "title": "should able to see employee history",
              "fullTitle": "Performance Base Evaluations should able to see employee history",
              "timedOut": false,
              "duration": 3205,
              "state": "passed",
              "speed": "slow",
              "pass": true,
              "fail": false,
              "pending": false,
              "context": null,
              "code": "await evaluation.clickFilterButton();\nawait evaluation.searchName('James Salinas');\nawait utilFun.wait(1000);\nconst name = await evaluation.getResourseName();\nutilFun.assertEql(name, 'James Salinas');\nawait evaluation.clickSeeFeedback();\nawait utilFun.wait(1000);\nconst title = await evaluation.checkTitle();\nutilFun.assertEql(title, 'Feedback History of James Salinas');\nawait evaluation.checkSelectedTab();",
              "err": {},
              "uuid": "3980f876-d7ae-46e2-b716-5dd3306a40e0",
              "parentUUID": "9ad5b6e0-315d-4d02-b122-afdcf57a3c2a",
              "isHook": false,
              "skipped": false
            },
            {
              "title": "should able to request a review",
              "fullTitle": "Performance Base Evaluations should able to request a review",
              "timedOut": false,
              "duration": 7138,
              "state": "passed",
              "speed": "slow",
              "pass": true,
              "fail": false,
              "pending": false,
              "context": null,
              "code": "await evaluation.clickFilterButton();\nawait evaluation.searchName('James Salinas');\nawait utilFun.wait(1000);\nconst name = await evaluation.getResourseName();\nutilFun.assertEql(name, 'James Salinas');\nawait evaluation.clickSeeFeedback();4\nawait utilFun.wait(1000);\nawait evaluation.clickSubmittedReview();\nawait evaluation.clickReqReviewBtn();\nawait utilFun.wait(1000);\nawait evaluation.clickHod('Muhammad Bilal Rafaqat');\nawait evaluation.clickSendReqBtn();\nconst alertText = await evaluation.checkAlert();\nutilFun.assertEql(alertText, 'Request is send successfully.');",
              "err": {},
              "uuid": "2cbe47ff-e4db-4a24-b595-4bce0defdd08",
              "parentUUID": "9ad5b6e0-315d-4d02-b122-afdcf57a3c2a",
              "isHook": false,
              "skipped": false
            },
            {
              "title": "should able to give a review",
              "fullTitle": "Performance Base Evaluations should able to give a review",
              "timedOut": false,
              "duration": 12957,
              "state": "passed",
              "speed": "slow",
              "pass": true,
              "fail": false,
              "pending": false,
              "context": null,
              "code": "const query = [\n  `UPDATE employees SET \"departmentId\" = 9 WHERE id = 9474;`,\n  `UPDATE employees SET \"designationId\" = 83 WHERE id = 9474;`,\n  `UPDATE employees SET \"designation\" = 'Head of Engineering' WHERE id = 9474;`,\n];\nawait utilFun.udpateDatabase(query);\nawait utilFun.refresh();\nawait evaluation.clickFilterButton();\nawait evaluation.searchName('James Salinas');\nawait utilFun.wait(1000);\nconst name = await evaluation.getResourseName();\nutilFun.assertEql(name, 'James Salinas');\nawait evaluation.clickSeeFeedback();\nawait utilFun.wait(1000);\nawait evaluation.clickSubmittedReview();\nawait utilFun.wait(1000);\nawait evaluation.clickAddFeedback();\nawait feedbackForm.enterDate('03092023');\nawait feedbackForm.selectFeedbackDuration('6 Months');\nawait feedbackForm.selectNextReviewType('Annual');\nawait feedbackForm.selectRevisedDesignation('Software Engineer');\nawait feedbackForm.typeIncreament('200000');\nawait feedbackForm.typeDescription('testingggg');\nawait feedbackForm.clickSubmit();\nconst alertText = await evaluation.checkAlert();\nutilFun.assertEql(alertText, 'Increment status is updated successfully');",
              "err": {},
              "uuid": "859e8607-96f6-4c71-a0f2-d112f2c21767",
              "parentUUID": "9ad5b6e0-315d-4d02-b122-afdcf57a3c2a",
              "isHook": false,
              "skipped": false
            },
            {
              "title": "should able to edit review form",
              "fullTitle": "Performance Base Evaluations should able to edit review form",
              "timedOut": false,
              "duration": 9585,
              "state": "passed",
              "speed": "slow",
              "pass": true,
              "fail": false,
              "pending": false,
              "context": null,
              "code": "await evaluation.clickFilterButton();\nawait evaluation.searchName('James Salinas');\nawait utilFun.wait(1000);\nconst name = await evaluation.getResourseName();\nutilFun.assertEql(name, 'James Salinas');\nawait evaluation.clickEditForm();\nawait utilFun.wait(1000);\nawait feedbackForm.enterDate('03102023');\nawait feedbackForm.selectFeedbackDuration('3 Months');\nawait feedbackForm.selectNextReviewType('Annual');\nawait feedbackForm.selectRevisedDesignation('Software Engineer');\nawait feedbackForm.typeIncreament('200000');\nawait feedbackForm.typeDescription('updated');\nawait feedbackForm.clickSubmit();\nconst alertText = await evaluation.checkAlert();\nutilFun.assertEql(alertText, 'Increment status is updated successfully');",
              "err": {},
              "uuid": "471d32eb-f834-4961-946c-85a1ec7ca6f0",
              "parentUUID": "9ad5b6e0-315d-4d02-b122-afdcf57a3c2a",
              "isHook": false,
              "skipped": false
            },
            {
              "title": "should able to defer review",
              "fullTitle": "Performance Base Evaluations should able to defer review",
              "timedOut": false,
              "duration": 6549,
              "state": "passed",
              "speed": "slow",
              "pass": true,
              "fail": false,
              "pending": false,
              "context": null,
              "code": "const query = [\n  `UPDATE employees SET \"designation\" = 'HR' WHERE id = 9474;`,\n  `UPDATE employees SET \"departmentId\" = 7 WHERE id = 9474;`,\n  `UPDATE employees SET \"designationId\" = 77 WHERE id = 9474;`,\n];\nawait utilFun.udpateDatabase(query);\nawait utilFun.refresh();\nawait evaluation.clickFilterButton();\nawait evaluation.searchName('James Salinas');\nawait utilFun.wait(1000);\nconst name = await evaluation.getResourseName();\nutilFun.assertEql(name, 'James Salinas');\nawait evaluation.clickDefer();\nawait evaluation.clickDeferType();\nawait utilFun.wait(1000);\nawait evaluation.selectDeferType('2 Weeks');\nawait evaluation.typeDeferReason('testing');\nawait evaluation.clickSubmitBtn();\nconst alertText = await evaluation.checkAlert();\nutilFun.assertEql(alertText, 'Increment status is updated successfully');",
              "err": {},
              "uuid": "9a9c4adf-ade2-4a1c-9fe1-faa6934a21a3",
              "parentUUID": "9ad5b6e0-315d-4d02-b122-afdcf57a3c2a",
              "isHook": false,
              "skipped": false
            },
            {
              "title": "should able to complete review",
              "fullTitle": "Performance Base Evaluations should able to complete review",
              "timedOut": false,
              "duration": 10545,
              "state": "passed",
              "speed": "slow",
              "pass": true,
              "fail": false,
              "pending": false,
              "context": null,
              "code": "const query = [\n  `UPDATE employees SET \"designation\" = 'HR' WHERE id = 9474;`,\n  `UPDATE employees SET \"departmentId\" = 7 WHERE id = 9474;`,\n  `UPDATE employees SET \"designationId\" = 77 WHERE id = 9474;`,\n  `UPDATE employee_evaluations SET \"processType\" = NULL WHERE id = 26;`,\n  `UPDATE employee_evaluations SET \"reasonForDefer\" = NULL WHERE id = 26;`,\n  `UPDATE employee_evaluations SET \"processDate\" = NULL WHERE id = 26;`,\n];\nawait utilFun.udpateDatabase(query);\nawait utilFun.refresh();\nawait evaluation.clickFilterButton();\nawait evaluation.searchName('James Salinas');\nawait utilFun.wait(1000);\nconst name = await evaluation.getResourseName();\nutilFun.assertEql(name, 'James Salinas');\nawait evaluation.clickComplete();\nawait feedbackForm.enterDate('03102023');\nawait feedbackForm.selectFeedbackDuration('3 Months');\nawait feedbackForm.selectNextReviewType('Annual');\nawait feedbackForm.selectRevisedDesignation('Software Engineer');\nawait feedbackForm.typeIncreament('200000');\nawait feedbackForm.clickSubmit();\nconst alertText = await evaluation.checkAlert();\nutilFun.assertEql(alertText, 'Increment status is updated successfully');",
              "err": {},
              "uuid": "7024437d-2691-4240-ac55-e01469a79dc4",
              "parentUUID": "9ad5b6e0-315d-4d02-b122-afdcf57a3c2a",
              "isHook": false,
              "skipped": false
            }
          ],
          "suites": [],
          "passes": [
            "5b58b1a4-252a-44a6-ac53-462f2bb77387",
            "b31e7d1e-d2e5-4f5a-983f-fc15c0afcd30",
            "abdc043e-71e8-488a-8ef2-da72763770ec",
            "0775e3f0-623b-4440-a08d-aad84a0bac6a",
            "feceae59-d21b-480a-9948-bd974fb1eb1f",
            "7a04efc0-b000-4027-9832-35420f07b8d6",
            "4f2c81d6-c410-48c2-bd4d-aeb28d21bd98",
            "d1b7fe20-56e1-49e2-9bf6-f8c3f1ceb8db",
            "49ff0387-d7db-4e23-8bb0-597d37ce7e0a",
            "3980f876-d7ae-46e2-b716-5dd3306a40e0",
            "2cbe47ff-e4db-4a24-b595-4bce0defdd08",
            "859e8607-96f6-4c71-a0f2-d112f2c21767",
            "471d32eb-f834-4961-946c-85a1ec7ca6f0",
            "9a9c4adf-ade2-4a1c-9fe1-faa6934a21a3",
            "7024437d-2691-4240-ac55-e01469a79dc4"
          ],
          "failures": [],
          "pending": [],
          "skipped": [],
          "duration": 91318,
          "root": false,
          "rootEmpty": false,
          "_timeout": 100000
        },
        {
          "uuid": "f59f7cae-d837-4dcf-be84-2cd9c22564ce",
          "title": "Retention Base Evaluations",
          "fullFile": "/home/devops/invohub/resource-engagement/test/e2e/evaluation/spec_3_retention.js",
          "file": "/test/e2e/evaluation/spec_3_retention.js",
          "beforeHooks": [
            {
              "title": "\"before all\" hook in \"Retention Base Evaluations\"",
              "fullTitle": "Retention Base Evaluations \"before all\" hook in \"Retention Base Evaluations\"",
              "timedOut": false,
              "duration": 9872,
              "state": null,
              "speed": null,
              "pass": false,
              "fail": false,
              "pending": false,
              "context": null,
              "code": "await utilFun.loginAccount()\nconst url = await utilFun.getUrl();\nassert.equal(url, baseUrl + '/home');\nlet query = [\n  `UPDATE employee_evaluations SET \"incrementType\" = 'retention' WHERE id = 26;`,\n  `UPDATE employees SET \"designation\" = 'Software Engineer' WHERE id = 9474;`,\n  `UPDATE employees SET \"departmentId\" = 9 WHERE id = 9474;`,\n  `UPDATE employees SET \"designationId\" = 138 WHERE id = 9474;`,\n  `UPDATE employee_evaluations SET \"processType\" = NULL WHERE id = 26;`,\n  `UPDATE employee_evaluations SET \"reasonForDefer\" = NULL WHERE id = 26;`,\n  `UPDATE employee_evaluations SET \"processDate\" = NULL WHERE id = 26;`,\n  `UPDATE employee_evaluations SET \"feedback\" = NULL WHERE id = 26;`,\n];\nawait utilFun.udpateDatabase(query);",
              "err": {},
              "uuid": "cab4a2b7-afbc-41b8-bf07-ccfa329e0c5f",
              "parentUUID": "f59f7cae-d837-4dcf-be84-2cd9c22564ce",
              "isHook": true,
              "skipped": false
            },
            {
              "title": "\"before each\" hook in \"Retention Base Evaluations\"",
              "fullTitle": "Retention Base Evaluations \"before each\" hook in \"Retention Base Evaluations\"",
              "timedOut": false,
              "duration": 4341,
              "state": null,
              "speed": null,
              "pass": false,
              "fail": false,
              "pending": false,
              "context": null,
              "code": "await utilFun.visit(baseUrl + '/evaluation-retention');\nawait utilFun.wait(4000);",
              "err": {},
              "uuid": "8e9839af-8513-4a60-97db-3445c90b75ec",
              "parentUUID": "f59f7cae-d837-4dcf-be84-2cd9c22564ce",
              "isHook": true,
              "skipped": false
            }
          ],
          "afterHooks": [],
          "tests": [
            {
              "title": "should check if retention evaluations are showing",
              "fullTitle": "Retention Base Evaluations should check if retention evaluations are showing",
              "timedOut": false,
              "duration": 35,
              "state": "passed",
              "speed": "fast",
              "pass": true,
              "fail": false,
              "pending": false,
              "context": null,
              "code": "let obj = await evaluation.getAllPendingResourses();\nassert(obj.length > 0, `No Evaluation Found`);",
              "err": {},
              "uuid": "48aed5e5-2f8f-4ca4-87c7-db9b0dc0837e",
              "parentUUID": "f59f7cae-d837-4dcf-be84-2cd9c22564ce",
              "isHook": false,
              "skipped": false
            },
            {
              "title": "should able to filter resoures by name",
              "fullTitle": "Retention Base Evaluations should able to filter resoures by name",
              "timedOut": false,
              "duration": 1900,
              "state": "passed",
              "speed": "slow",
              "pass": true,
              "fail": false,
              "pending": false,
              "context": null,
              "code": "await evaluation.clickFilterButton();\nawait evaluation.searchName('James Salinas');\nawait utilFun.wait(1000);\nconst name = await evaluation.getResourseName();\nutilFun.assertEql(name, 'James Salinas');",
              "err": {},
              "uuid": "133d1fec-683c-41cf-b595-8953fdfa16b5",
              "parentUUID": "f59f7cae-d837-4dcf-be84-2cd9c22564ce",
              "isHook": false,
              "skipped": false
            },
            {
              "title": "should able to filter resoures by Last Increment",
              "fullTitle": "Retention Base Evaluations should able to filter resoures by Last Increment",
              "timedOut": false,
              "duration": 1502,
              "state": "passed",
              "speed": "slow",
              "pass": true,
              "fail": false,
              "pending": false,
              "context": null,
              "code": "await evaluation.clickFilterButton();\nawait evaluation.selectLastIncrement('N/A');\nconst valuesCount = await evaluation.checkValues();\nutilFun.assertEql(valuesCount, 1);",
              "err": {},
              "uuid": "e4377654-1c46-42dd-998d-ff1006bc9a38",
              "parentUUID": "f59f7cae-d837-4dcf-be84-2cd9c22564ce",
              "isHook": false,
              "skipped": false
            },
            {
              "title": "should able to  copy email from options",
              "fullTitle": "Retention Base Evaluations should able to  copy email from options",
              "timedOut": false,
              "duration": 3965,
              "state": "passed",
              "speed": "slow",
              "pass": true,
              "fail": false,
              "pending": false,
              "context": null,
              "code": "await evaluation.clickFilterButton();\nawait evaluation.searchName('James Salinas');\nawait utilFun.wait(1000);\nconst name = await evaluation.getResourseName();\nutilFun.assertEql(name, 'James Salinas');\nawait evaluation.clickOptionBtn();\nawait utilFun.wait(1000);\nawait evaluation.selectOption('Copy Email');\nconst alertText = await evaluation.checkAlert();\nutilFun.assertEql(alertText, 'Email address is copied');",
              "err": {},
              "uuid": "11034709-3bf8-4b73-be1d-11e51445c539",
              "parentUUID": "f59f7cae-d837-4dcf-be84-2cd9c22564ce",
              "isHook": false,
              "skipped": false
            },
            {
              "title": "should able to Send Email from options",
              "fullTitle": "Retention Base Evaluations should able to Send Email from options",
              "timedOut": false,
              "duration": 7380,
              "state": "passed",
              "speed": "slow",
              "pass": true,
              "fail": false,
              "pending": false,
              "context": null,
              "code": "await evaluation.clickFilterButton();\nawait evaluation.searchName('James Salinas');\nawait utilFun.wait(1000);\nconst name = await evaluation.getResourseName();\nutilFun.assertEql(name, 'James Salinas');\nawait evaluation.clickOptionBtn();\nawait utilFun.wait(1000);\nawait evaluation.selectOption('Send Email');\nawait utilFun.wait(1000);\nawait utilFun.switchWindow(1);\nawait utilFun.wait(3000);\nconst url = await utilFun.getUrl();\nassert.equal(url, 'https://mail.google.com/mail/u/0/?fs=1&tf=cm&to=james@robot-mail.com');\nawait utilFun.closeCurrentTab();\nawait utilFun.switchWindow(0);",
              "err": {},
              "uuid": "0f309081-c5f9-46ee-bf47-54b2808f2bf4",
              "parentUUID": "f59f7cae-d837-4dcf-be84-2cd9c22564ce",
              "isHook": false,
              "skipped": false
            },
            {
              "title": "should able to Open Slack DM from options",
              "fullTitle": "Retention Base Evaluations should able to Open Slack DM from options",
              "timedOut": false,
              "duration": 7385,
              "state": "passed",
              "speed": "slow",
              "pass": true,
              "fail": false,
              "pending": false,
              "context": null,
              "code": "await evaluation.clickFilterButton();\nawait evaluation.searchName('James Salinas');\nawait utilFun.wait(1000);\nconst name = await evaluation.getResourseName();\nutilFun.assertEql(name, 'James Salinas');\nawait evaluation.clickOptionBtn();\nawait utilFun.wait(1000);\nawait evaluation.selectOption('Open Slack DM');\nawait utilFun.wait(1000);\nawait utilFun.switchWindow(1);\nawait utilFun.wait(3000);\nconst url = await utilFun.getUrl();\nassert.equal(url, 'https://invozone.slack.com/?redir=%2Fapp_redirect%3Fchannel%3Dundefined');\nawait utilFun.closeCurrentTab();\nawait utilFun.switchWindow(0);",
              "err": {},
              "uuid": "6c31778a-8d55-44b6-bbce-3335953900db",
              "parentUUID": "f59f7cae-d837-4dcf-be84-2cd9c22564ce",
              "isHook": false,
              "skipped": false
            },
            {
              "title": "should able to see Email from options",
              "fullTitle": "Retention Base Evaluations should able to see Email from options",
              "timedOut": false,
              "duration": 7314,
              "state": "passed",
              "speed": "slow",
              "pass": true,
              "fail": false,
              "pending": false,
              "context": null,
              "code": "await evaluation.clickFilterButton();\nawait evaluation.searchName('James Salinas');\nawait utilFun.wait(1000);\nconst name = await evaluation.getResourseName();\nutilFun.assertEql(name, 'James Salinas');\nawait evaluation.clickOptionBtn();\nawait utilFun.wait(1000);\nawait evaluation.selectOption('See Email');\nawait utilFun.wait(4000);\nconst email = await evaluation.copyEmail();\nassert.equal(email, 'Email: james@robot-mail.com');",
              "err": {},
              "uuid": "368eba48-94c6-4d68-b388-40ea50c2978b",
              "parentUUID": "f59f7cae-d837-4dcf-be84-2cd9c22564ce",
              "isHook": false,
              "skipped": false
            },
            {
              "title": "should able to copy Phone Number from options",
              "fullTitle": "Retention Base Evaluations should able to copy Phone Number from options",
              "timedOut": false,
              "duration": 6933,
              "state": "passed",
              "speed": "slow",
              "pass": true,
              "fail": false,
              "pending": false,
              "context": null,
              "code": "await evaluation.clickFilterButton();\nawait evaluation.searchName('James Salinas');\nawait utilFun.wait(1000);\nconst name = await evaluation.getResourseName();\nutilFun.assertEql(name, 'James Salinas');\nawait evaluation.clickOptionBtn();\nawait utilFun.wait(1000);\nawait evaluation.selectOption('Phone Number');\nawait utilFun.wait(3000);\nawait evaluation.copyPhoneNumber();\nconst alertText = await evaluation.checkAlert();\nassert.equal(alertText, 'Phone# is copied successfully');",
              "err": {},
              "uuid": "ef7d41e5-adb1-4774-bb8d-e9c5f6a420a3",
              "parentUUID": "f59f7cae-d837-4dcf-be84-2cd9c22564ce",
              "isHook": false,
              "skipped": false
            },
            {
              "title": "should able to see Resource Details from options",
              "fullTitle": "Retention Base Evaluations should able to see Resource Details from options",
              "timedOut": false,
              "duration": 4301,
              "state": "passed",
              "speed": "slow",
              "pass": true,
              "fail": false,
              "pending": false,
              "context": null,
              "code": "await evaluation.clickFilterButton();\nawait evaluation.searchName('James Salinas');\nawait utilFun.wait(1000);\nconst name = await evaluation.getResourseName();\nutilFun.assertEql(name, 'James Salinas');\nawait evaluation.clickResource();\nawait utilFun.wait(1000);\nawait utilFun.switchWindow(1);\nawait utilFun.wait(1000);\nconst url = await utilFun.getUrl();\nassert.equal(url, baseUrl + '/resource-detail/9742?tab=Basic_Information');\nawait utilFun.closeCurrentTab();\nawait utilFun.switchWindow(0);",
              "err": {},
              "uuid": "cd876770-3aa4-469b-9a7a-816b00381adf",
              "parentUUID": "f59f7cae-d837-4dcf-be84-2cd9c22564ce",
              "isHook": false,
              "skipped": false
            },
            {
              "title": "should able to see employee history",
              "fullTitle": "Retention Base Evaluations should able to see employee history",
              "timedOut": false,
              "duration": 3057,
              "state": "passed",
              "speed": "slow",
              "pass": true,
              "fail": false,
              "pending": false,
              "context": null,
              "code": "await evaluation.clickFilterButton();\nawait evaluation.searchName('James Salinas');\nawait utilFun.wait(1000);\nconst name = await evaluation.getResourseName();\nutilFun.assertEql(name, 'James Salinas');\nawait evaluation.clickSeeFeedback();\nawait utilFun.wait(1000);\nconst title = await evaluation.checkTitle();\nutilFun.assertEql(title, 'Feedback History of James Salinas');\nawait evaluation.checkSelectedTab();",
              "err": {},
              "uuid": "1a0a3975-6922-4e7b-8236-1feaa27679a8",
              "parentUUID": "f59f7cae-d837-4dcf-be84-2cd9c22564ce",
              "isHook": false,
              "skipped": false
            },
            {
              "title": "should able to request a review",
              "fullTitle": "Retention Base Evaluations should able to request a review",
              "timedOut": false,
              "duration": 7295,
              "state": "passed",
              "speed": "slow",
              "pass": true,
              "fail": false,
              "pending": false,
              "context": null,
              "code": "await evaluation.clickFilterButton();\nawait evaluation.searchName('James Salinas');\nawait utilFun.wait(1000);\nconst name = await evaluation.getResourseName();\nutilFun.assertEql(name, 'James Salinas');\nawait evaluation.clickSeeFeedback();\nawait utilFun.wait(1000);\nawait evaluation.clickSubmittedReview();\nawait evaluation.clickReqReviewBtn();\nawait utilFun.wait(1000);\nawait evaluation.clickHod('Muhammad Bilal Rafaqat');\nawait evaluation.clickSendReqBtn();\nconst alertText = await evaluation.checkAlert();\nutilFun.assertEql(alertText, 'Request is send successfully.');",
              "err": {},
              "uuid": "136d3a28-1680-43c6-9332-5221113b04c9",
              "parentUUID": "f59f7cae-d837-4dcf-be84-2cd9c22564ce",
              "isHook": false,
              "skipped": false
            },
            {
              "title": "should able to give a review",
              "fullTitle": "Retention Base Evaluations should able to give a review",
              "timedOut": false,
              "duration": 12301,
              "state": "passed",
              "speed": "slow",
              "pass": true,
              "fail": false,
              "pending": false,
              "context": null,
              "code": "const query = [\n  `UPDATE employees SET \"departmentId\" = 9 WHERE id = 9474;`,\n  `UPDATE employees SET \"designationId\" = 83 WHERE id = 9474;`,\n  `UPDATE employees SET \"designation\" = 'Head of Engineering' WHERE id = 9474;`,\n];\nawait utilFun.udpateDatabase(query);\nawait utilFun.refresh();\nawait evaluation.clickFilterButton();\nawait evaluation.searchName('James Salinas');\nawait utilFun.wait(1000);\nconst name = await evaluation.getResourseName();\nutilFun.assertEql(name, 'James Salinas');\nawait evaluation.clickSeeFeedback();\nawait utilFun.wait(1000);\nawait evaluation.clickSubmittedReview();\nawait utilFun.wait(1000);\nawait evaluation.clickAddFeedback();\n// await feedbackForm.enterDate('03092023');\nawait feedbackForm.selectFeedbackDuration('6 Months');\nawait feedbackForm.selectNextReviewType('Annual');\nawait feedbackForm.selectRevisedDesignation('Software Engineer');\nawait feedbackForm.typeIncreament('200000');\nawait feedbackForm.typeDescription('testingggg');\nawait feedbackForm.clickSubmit();\nconst alertText = await evaluation.checkAlert();\nutilFun.assertEql(alertText, 'Increment status is updated successfully');",
              "err": {},
              "uuid": "9694cf5d-9115-42f4-bec6-d6b28f926f6b",
              "parentUUID": "f59f7cae-d837-4dcf-be84-2cd9c22564ce",
              "isHook": false,
              "skipped": false
            },
            {
              "title": "should able to edit review form",
              "fullTitle": "Retention Base Evaluations should able to edit review form",
              "timedOut": false,
              "duration": 8939,
              "state": "passed",
              "speed": "slow",
              "pass": true,
              "fail": false,
              "pending": false,
              "context": null,
              "code": "await evaluation.clickFilterButton();\nawait evaluation.searchName('James Salinas');\nawait utilFun.wait(1000);\nconst name = await evaluation.getResourseName();\nutilFun.assertEql(name, 'James Salinas');\nawait evaluation.clickEditForm();\nawait utilFun.wait(1000);\n// await feedbackForm.enterDate('03102023');\nawait feedbackForm.selectFeedbackDuration('3 Months');\nawait feedbackForm.selectNextReviewType('Annual');\nawait feedbackForm.selectRevisedDesignation('Software Engineer');\nawait feedbackForm.typeIncreament('200000');\nawait feedbackForm.typeDescription('updated');\nawait feedbackForm.clickSubmit();\nconst alertText = await evaluation.checkAlert();\nutilFun.assertEql(alertText, 'Increment status is updated successfully');",
              "err": {},
              "uuid": "ff525c3f-aaed-4e43-b584-58af3ea67098",
              "parentUUID": "f59f7cae-d837-4dcf-be84-2cd9c22564ce",
              "isHook": false,
              "skipped": false
            },
            {
              "title": "should able to defer review",
              "fullTitle": "Retention Base Evaluations should able to defer review",
              "timedOut": false,
              "duration": 7013,
              "state": "passed",
              "speed": "slow",
              "pass": true,
              "fail": false,
              "pending": false,
              "context": null,
              "code": "const query = [\n  `UPDATE employees SET \"designation\" = 'HR' WHERE id = 9474;`,\n  `UPDATE employees SET \"departmentId\" = 7 WHERE id = 9474;`,\n  `UPDATE employees SET \"designationId\" = 77 WHERE id = 9474;`,\n];\nawait utilFun.udpateDatabase(query);\nawait utilFun.refresh();\nawait evaluation.clickFilterButton();\nawait evaluation.searchName('James Salinas');\nawait utilFun.wait(1000);\nconst name = await evaluation.getResourseName();\nutilFun.assertEql(name, 'James Salinas');\nawait evaluation.clickDefer();\nawait evaluation.clickDeferType();\nawait utilFun.wait(1000);\nawait evaluation.selectDeferType('2 Weeks');\nawait evaluation.typeDeferReason('testing');\nawait evaluation.clickSubmitBtn();\nconst alertText = await evaluation.checkAlert();\nutilFun.assertEql(alertText, 'Increment status is updated successfully');",
              "err": {},
              "uuid": "db641c17-c80e-4e37-8d17-471ca6fd4a99",
              "parentUUID": "f59f7cae-d837-4dcf-be84-2cd9c22564ce",
              "isHook": false,
              "skipped": false
            },
            {
              "title": "should able to complete review",
              "fullTitle": "Retention Base Evaluations should able to complete review",
              "timedOut": false,
              "duration": 10504,
              "state": "passed",
              "speed": "slow",
              "pass": true,
              "fail": false,
              "pending": false,
              "context": null,
              "code": "const query = [\n  `UPDATE employees SET \"designation\" = 'HR' WHERE id = 9474;`,\n  `UPDATE employees SET \"departmentId\" = 7 WHERE id = 9474;`,\n  `UPDATE employees SET \"designationId\" = 77 WHERE id = 9474;`,\n  `UPDATE employee_evaluations SET \"processType\" = NULL WHERE id = 26;`,\n  `UPDATE employee_evaluations SET \"reasonForDefer\" = NULL WHERE id = 26;`,\n  `UPDATE employee_evaluations SET \"processDate\" = NULL WHERE id = 26;`,\n];\nawait utilFun.udpateDatabase(query);\nawait utilFun.refresh();\nawait evaluation.clickFilterButton();\nawait evaluation.searchName('James Salinas');\nawait utilFun.wait(1000);\nconst name = await evaluation.getResourseName();\nutilFun.assertEql(name, 'James Salinas');\nawait evaluation.clickComplete();\nawait feedbackForm.enterDate('03102023');\nawait feedbackForm.selectFeedbackDuration('3 Months');\nawait feedbackForm.selectNextReviewType('Annual');\nawait feedbackForm.selectRevisedDesignation('Software Engineer');\nawait feedbackForm.typeIncreament('200000');\nawait feedbackForm.clickSubmit();\nconst alertText = await evaluation.checkAlert();\nutilFun.assertEql(alertText, 'Increment status is updated successfully');",
              "err": {},
              "uuid": "cbfbe2ab-7abc-497b-8a5d-884b3ab5c3c6",
              "parentUUID": "f59f7cae-d837-4dcf-be84-2cd9c22564ce",
              "isHook": false,
              "skipped": false
            }
          ],
          "suites": [],
          "passes": [
            "48aed5e5-2f8f-4ca4-87c7-db9b0dc0837e",
            "133d1fec-683c-41cf-b595-8953fdfa16b5",
            "e4377654-1c46-42dd-998d-ff1006bc9a38",
            "11034709-3bf8-4b73-be1d-11e51445c539",
            "0f309081-c5f9-46ee-bf47-54b2808f2bf4",
            "6c31778a-8d55-44b6-bbce-3335953900db",
            "368eba48-94c6-4d68-b388-40ea50c2978b",
            "ef7d41e5-adb1-4774-bb8d-e9c5f6a420a3",
            "cd876770-3aa4-469b-9a7a-816b00381adf",
            "1a0a3975-6922-4e7b-8236-1feaa27679a8",
            "136d3a28-1680-43c6-9332-5221113b04c9",
            "9694cf5d-9115-42f4-bec6-d6b28f926f6b",
            "ff525c3f-aaed-4e43-b584-58af3ea67098",
            "db641c17-c80e-4e37-8d17-471ca6fd4a99",
            "cbfbe2ab-7abc-497b-8a5d-884b3ab5c3c6"
          ],
          "failures": [],
          "pending": [],
          "skipped": [],
          "duration": 89824,
          "root": false,
          "rootEmpty": false,
          "_timeout": 100000
        },
        {
          "uuid": "b30bb89f-b160-452a-ae99-332d52dd9b40",
          "title": "Evaluations History",
          "fullFile": "/home/devops/invohub/resource-engagement/test/e2e/evaluation/spec_4_history.js",
          "file": "/test/e2e/evaluation/spec_4_history.js",
          "beforeHooks": [
            {
              "title": "\"before all\" hook in \"Evaluations History\"",
              "fullTitle": "Evaluations History \"before all\" hook in \"Evaluations History\"",
              "timedOut": false,
              "duration": 9152,
              "state": null,
              "speed": null,
              "pass": false,
              "fail": false,
              "pending": false,
              "context": null,
              "code": "await utilFun.loginAccount()\nconst url = await utilFun.getUrl();\nassert.equal(url, baseUrl + '/home');\nlet query = [\n  `UPDATE employee_evaluations SET \"processType\" = 'COMPLETE' WHERE id = 26;`,\n  `DELETE FROM employee_evaluations WHERE \"employeeId\" = 9742 AND \"incrementType\" = 'designation';`,\n  `UPDATE employee_evaluations SET \"processDate\" = '2023-03-28 17:32:33.501+05' WHERE id = 26;`,\n];\nawait utilFun.udpateDatabase(query);",
              "err": {},
              "uuid": "6c52fdec-27dc-4b11-b510-7b19d21409ec",
              "parentUUID": "b30bb89f-b160-452a-ae99-332d52dd9b40",
              "isHook": true,
              "skipped": false
            },
            {
              "title": "\"before each\" hook in \"Evaluations History\"",
              "fullTitle": "Evaluations History \"before each\" hook in \"Evaluations History\"",
              "timedOut": false,
              "duration": 4464,
              "state": null,
              "speed": null,
              "pass": false,
              "fail": false,
              "pending": false,
              "context": null,
              "code": "await utilFun.visit(baseUrl + '/evaluation-history');\nawait utilFun.wait(4000);",
              "err": {},
              "uuid": "5a9f4921-248a-44e8-a17d-dc15a22dc8cf",
              "parentUUID": "b30bb89f-b160-452a-ae99-332d52dd9b40",
              "isHook": true,
              "skipped": false
            }
          ],
          "afterHooks": [],
          "tests": [
            {
              "title": "should check if evaluations history is showing",
              "fullTitle": "Evaluations History should check if evaluations history is showing",
              "timedOut": false,
              "duration": 38,
              "state": "passed",
              "speed": "medium",
              "pass": true,
              "fail": false,
              "pending": false,
              "context": null,
              "code": "let obj = await evaluation.getAllPendingResourses();\nassert(obj.length > 0, `No Evaluation Found`);",
              "err": {},
              "uuid": "b3976f7b-39f0-48ab-a96b-0a8ec36d590c",
              "parentUUID": "b30bb89f-b160-452a-ae99-332d52dd9b40",
              "isHook": false,
              "skipped": false
            },
            {
              "title": "should able to filter resoures by name",
              "fullTitle": "Evaluations History should able to filter resoures by name",
              "timedOut": false,
              "duration": 2216,
              "state": "passed",
              "speed": "slow",
              "pass": true,
              "fail": false,
              "pending": false,
              "context": null,
              "code": "await evaluation.clickFilterButton();\nawait evaluation.searchName('James Salinas');\nawait utilFun.wait(1000);\nconst name = await evaluation.getResourseName();\nutilFun.assertEql(name, 'James Salinas');",
              "err": {},
              "uuid": "6cf31683-5b85-409a-bd07-112f5358e51e",
              "parentUUID": "b30bb89f-b160-452a-ae99-332d52dd9b40",
              "isHook": false,
              "skipped": false
            },
            {
              "title": "should able to check review is completed",
              "fullTitle": "Evaluations History should able to check review is completed",
              "timedOut": false,
              "duration": 2159,
              "state": "passed",
              "speed": "slow",
              "pass": true,
              "fail": false,
              "pending": false,
              "context": null,
              "code": "await evaluation.clickFilterButton();\nawait evaluation.searchName('James Salinas');\nawait utilFun.wait(1000);\nconst name = await evaluation.checkProcessState()\nutilFun.assertEql(name, 'Complete');",
              "err": {},
              "uuid": "40063416-a201-4a19-8558-e56a6f9ade49",
              "parentUUID": "b30bb89f-b160-452a-ae99-332d52dd9b40",
              "isHook": false,
              "skipped": false
            },
            {
              "title": "should able to filter resoures by Review Type",
              "fullTitle": "Evaluations History should able to filter resoures by Review Type",
              "timedOut": false,
              "duration": 1814,
              "state": "passed",
              "speed": "slow",
              "pass": true,
              "fail": false,
              "pending": false,
              "context": null,
              "code": "await evaluation.clickFilterButton();\nawait evaluation.selectReviewType('Annual');\nconst valuesCount = await evaluation.checkValues();\nutilFun.assertEql(valuesCount, 1);",
              "err": {},
              "uuid": "e703a868-4fd5-4972-bb2c-d8f3096677f8",
              "parentUUID": "b30bb89f-b160-452a-ae99-332d52dd9b40",
              "isHook": false,
              "skipped": false
            },
            {
              "title": "should able to filter resoures by Last Increment",
              "fullTitle": "Evaluations History should able to filter resoures by Last Increment",
              "timedOut": false,
              "duration": 1753,
              "state": "passed",
              "speed": "slow",
              "pass": true,
              "fail": false,
              "pending": false,
              "context": null,
              "code": "await evaluation.clickFilterButton();\nawait evaluation.selectLastIncrement('N/A');\nconst valuesCount = await evaluation.checkValues();\nutilFun.assertEql(valuesCount, 1);",
              "err": {},
              "uuid": "a5ccac75-df10-4e25-9ac2-ee6ca77847bd",
              "parentUUID": "b30bb89f-b160-452a-ae99-332d52dd9b40",
              "isHook": false,
              "skipped": false
            },
            {
              "title": "should able to  copy email from options",
              "fullTitle": "Evaluations History should able to  copy email from options",
              "timedOut": false,
              "duration": 4203,
              "state": "passed",
              "speed": "slow",
              "pass": true,
              "fail": false,
              "pending": false,
              "context": null,
              "code": "await evaluation.clickFilterButton();\nawait evaluation.searchName('James Salinas');\nawait utilFun.wait(1000);\nconst name = await evaluation.getResourseName();\nutilFun.assertEql(name, 'James Salinas');\nawait evaluation.clickOptionBtn();\nawait utilFun.wait(1000);\nawait evaluation.selectOption('Copy Email');\nconst alertText = await evaluation.checkAlert();\nutilFun.assertEql(alertText, 'Email address is copied');",
              "err": {},
              "uuid": "c51468ef-fae4-404f-af98-b3fb74d72091",
              "parentUUID": "b30bb89f-b160-452a-ae99-332d52dd9b40",
              "isHook": false,
              "skipped": false
            },
            {
              "title": "should able to Send Email from options",
              "fullTitle": "Evaluations History should able to Send Email from options",
              "timedOut": false,
              "duration": 7988,
              "state": "passed",
              "speed": "slow",
              "pass": true,
              "fail": false,
              "pending": false,
              "context": null,
              "code": "await evaluation.clickFilterButton();\nawait evaluation.searchName('James Salinas');\nawait utilFun.wait(1000);\nconst name = await evaluation.getResourseName();\nutilFun.assertEql(name, 'James Salinas');\nawait evaluation.clickOptionBtn();\nawait utilFun.wait(1000);\nawait evaluation.selectOption('Send Email');\nawait utilFun.wait(1000);\nawait utilFun.switchWindow(1);\nawait utilFun.wait(3000);\nconst url = await utilFun.getUrl();\nassert.equal(url, 'https://mail.google.com/mail/u/0/?fs=1&tf=cm&to=james@robot-mail.com');\nawait utilFun.closeCurrentTab();\nawait utilFun.switchWindow(0);",
              "err": {},
              "uuid": "a5e08e25-ef11-444d-ac9b-52667581bb9d",
              "parentUUID": "b30bb89f-b160-452a-ae99-332d52dd9b40",
              "isHook": false,
              "skipped": false
            },
            {
              "title": "should able to Open Slack DM from options",
              "fullTitle": "Evaluations History should able to Open Slack DM from options",
              "timedOut": false,
              "duration": 7674,
              "state": "passed",
              "speed": "slow",
              "pass": true,
              "fail": false,
              "pending": false,
              "context": null,
              "code": "await evaluation.clickFilterButton();\nawait evaluation.searchName('James Salinas');\nawait utilFun.wait(1000);\nconst name = await evaluation.getResourseName();\nutilFun.assertEql(name, 'James Salinas');\nawait evaluation.clickOptionBtn();\nawait utilFun.wait(1000);\nawait evaluation.selectOption('Open Slack DM');\nawait utilFun.wait(1000);\nawait utilFun.switchWindow(1);\nawait utilFun.wait(3000);\nconst url = await utilFun.getUrl();\nassert.equal(url, 'https://invozone.slack.com/?redir=%2Fapp_redirect%3Fchannel%3Dundefined');\nawait utilFun.closeCurrentTab();\nawait utilFun.switchWindow(0);",
              "err": {},
              "uuid": "46b95a57-6680-42fd-b6e6-1e16944fe518",
              "parentUUID": "b30bb89f-b160-452a-ae99-332d52dd9b40",
              "isHook": false,
              "skipped": false
            },
            {
              "title": "should able to see Email from options",
              "fullTitle": "Evaluations History should able to see Email from options",
              "timedOut": false,
              "duration": 7488,
              "state": "passed",
              "speed": "slow",
              "pass": true,
              "fail": false,
              "pending": false,
              "context": null,
              "code": "await evaluation.clickFilterButton();\nawait evaluation.searchName('James Salinas');\nawait utilFun.wait(1000);\nconst name = await evaluation.getResourseName();\nutilFun.assertEql(name, 'James Salinas');\nawait evaluation.clickOptionBtn();\nawait utilFun.wait(1000);\nawait evaluation.selectOption('See Email');\nawait utilFun.wait(4000);\nconst email = await evaluation.copyEmail();\nassert.equal(email, 'Email: james@robot-mail.com');",
              "err": {},
              "uuid": "b6eb6b75-2172-453f-a2b7-33174e07ace1",
              "parentUUID": "b30bb89f-b160-452a-ae99-332d52dd9b40",
              "isHook": false,
[...]
              "err": {},
              "uuid": "d685becb-0ae1-4cee-8040-0dc01c7d3e5a",
              "parentUUID": "4670eaa8-6f52-4e8d-9927-632193031326",
              "isHook": true,
              "skipped": false
            }
          ],
          "tests": [
            {
              "title": "should able to Apply Request For Position opening",
              "fullTitle": "Position Openings should able to Apply Request For Position opening",
              "timedOut": false,
              "duration": 18917,
              "state": "passed",
              "speed": "slow",
              "pass": true,
              "fail": false,
              "pending": false,
              "context": null,
              "code": "let query = [\n  `UPDATE employees SET \"email\" = 'bilal.rafaqat@invozone.de' WHERE id = 9474;`,\n  `UPDATE employees SET \"email\" = 'bilal.rafaqat@invozone.de' WHERE id = 9171;`,\n  `UPDATE employees SET \"email\" = 'bilal.rafaqat@invozone.dev' WHERE id = 9429;`,\n  `DELETE FROM \"position_openings\" WHERE \"employeeId\" = 9429;`,\n];\nawait utilFun.udpateDatabase(query);\nawait positionOpenings.clickAddBtn();\nawait positionOpenings.selectField1AndEnterValue('Department*\\nSelect Department', 'Engineering');\nawait positionOpenings.selectField1AndEnterValue('Name of Position*\\nSelect Position', 'Software Engineer');\nawait positionOpenings.selectField2AndEnterValue('Position Level*\\nSelect Level', 'Automation');\nawait positionOpenings.selectField2AndEnterValue('No. of Resources*', '3');\nawait positionOpenings.selectField2AndEnterValue(`Year's of Experience*\\nSelect Years`, '0 - 1');\nawait positionOpenings.selectField1AndEnterValue('Tech Stack*\\nSelect Tech Stack', 'Automation');\nawait positionOpenings.selectField1AndEnterValue('Minimum Education*\\nSelect Education', 'Matric');\nawait positionOpenings.selectField1AndEnterValue('Gender*\\nSelect Gender', 'Male');\nawait positionOpenings.selectField1AndEnterValue('Budget*\\nSelect Budget', '0 - 25');\nawait positionOpenings.selectField1AndEnterValue('Office Location*\\nSelect Location', 'Remote');\nawait positionOpenings.selectField1AndEnterValue('Priorty Level*\\nSelect Priorty', 'High');\nawait positionOpenings.uploadDescription();\nawait positionOpenings.enterInstructions('Testing');\nawait positionOpenings.clickConfirmAddBtn();\nconst alertText = await utilFun.checkAlert();\nassert.equal(alertText, 'The position request is created successfully!');",
              "err": {},
              "uuid": "d77e7d85-9650-42d3-8741-faf0335717e1",
              "parentUUID": "4670eaa8-6f52-4e8d-9927-632193031326",
              "isHook": false,
              "skipped": false
            },
            {
              "title": "should able to check if request id Added",
              "fullTitle": "Position Openings should able to check if request id Added",
              "timedOut": false,
              "duration": 1537,
              "state": "passed",
              "speed": "slow",
              "pass": true,
              "fail": false,
              "pending": false,
              "context": null,
              "code": "let rowText = await positionOpenings.getPositionTblRow();\nassert.ok(rowText.includes('Software Engineer'), `Expected text not found.`);",
              "err": {},
              "uuid": "b9d9c405-a93b-4927-b8bb-97be76a79860",
              "parentUUID": "4670eaa8-6f52-4e8d-9927-632193031326",
              "isHook": false,
              "skipped": false
            },
            {
              "title": "should able to edit request",
              "fullTitle": "Position Openings should able to edit request",
              "timedOut": false,
              "duration": 3318,
              "state": "passed",
              "speed": "slow",
              "pass": true,
              "fail": false,
              "pending": false,
              "context": null,
              "code": "await positionOpenings.clickEditBtn();\nawait positionOpenings.enterInstructions(' Updated');\nawait positionOpenings.clickConfirmAddBtn();\nconst alertText = await utilFun.checkAlert();\nassert.equal(alertText, 'The position opening request has been updated successfully');",
              "err": {},
              "uuid": "22c93f5e-9a90-4482-b5f3-ae5332a2a6ba",
              "parentUUID": "4670eaa8-6f52-4e8d-9927-632193031326",
              "isHook": false,
              "skipped": false
            },
            {
              "title": "should able to Delete request",
              "fullTitle": "Position Openings should able to Delete request",
              "timedOut": false,
              "duration": 2357,
              "state": "passed",
              "speed": "slow",
              "pass": true,
              "fail": false,
              "pending": false,
              "context": null,
              "code": "await positionOpenings.clickDeleteBtn();\nawait positionOpenings.enterReason('testing');\nawait positionOpenings.clickYesBtn();\nconst alertText = await utilFun.checkAlert();\nassert.equal(alertText, 'The position opening request has been deleted successfully!');",
              "err": {},
              "uuid": "8dc16bf8-ec24-4a69-9353-6948a4851322",
              "parentUUID": "4670eaa8-6f52-4e8d-9927-632193031326",
              "isHook": false,
              "skipped": false
            },
            {
              "title": "should check if request is visible by HOD",
              "fullTitle": "Position Openings should check if request is visible by HOD",
              "timedOut": false,
              "duration": 1283,
              "state": "passed",
              "speed": "slow",
              "pass": true,
              "fail": false,
              "pending": false,
              "context": null,
              "code": "let query = [\n  `UPDATE \"position_openings\" SET \"deletedAt\" = NULL WHERE \"employeeId\" = 9429;`,\n  `UPDATE employees SET \"email\" = 'bilal.rafaqat@invozone.de' WHERE id = 9429;`,\n  `UPDATE employees SET \"email\" = 'bilal.rafaqat@invozone.dev' WHERE id = 9474;`,\n];\nawait utilFun.udpateDatabase(query);\nlet rowText = await positionOpenings.getPositionTblRow();\nassert.ok(rowText.includes('Software Engineer'), `Expected text not found.`);",
              "err": {},
              "uuid": "f273e0bd-2ec6-4157-9bd1-74d3c5f7363f",
              "parentUUID": "4670eaa8-6f52-4e8d-9927-632193031326",
              "isHook": false,
              "skipped": false
            },
            {
              "title": "should able to check if HOD can edit request",
              "fullTitle": "Position Openings should able to check if HOD can edit request",
              "timedOut": false,
              "duration": 4313,
              "state": "passed",
              "speed": "slow",
              "pass": true,
              "fail": false,
              "pending": false,
              "context": null,
              "code": "await positionOpenings.clickEditBtn();\nawait positionOpenings.enterInstructions(' Updated By HOD');\nawait positionOpenings.clickConfirmAddBtn();\nconst alertText = await utilFun.checkAlert();\nassert.equal(alertText, 'The position opening request has been updated successfully');",
              "err": {},
              "uuid": "458d1856-bc6b-43b6-9c57-01bb94b8ac35",
              "parentUUID": "4670eaa8-6f52-4e8d-9927-632193031326",
              "isHook": false,
              "skipped": false
            },
            {
              "title": "should able to reject request by hod",
              "fullTitle": "Position Openings should able to reject request by hod",
              "timedOut": false,
              "duration": 2956,
              "state": "passed",
              "speed": "slow",
              "pass": true,
              "fail": false,
              "pending": false,
              "context": null,
              "code": "await positionOpenings.clickRejectBtn();\nawait positionOpenings.enterReason('testing');\nawait positionOpenings.clickYesBtn();\nconst alertText = await utilFun.checkAlert();\nassert.equal(alertText, 'The position opening request has been rejected successfully');",
              "err": {},
              "uuid": "f2b6b850-e967-4eed-91f5-159c11ac65a7",
              "parentUUID": "4670eaa8-6f52-4e8d-9927-632193031326",
              "isHook": false,
              "skipped": false
            },
            {
              "title": "should verify the request is showing in reject tab",
              "fullTitle": "Position Openings should verify the request is showing in reject tab",
              "timedOut": false,
              "duration": 1495,
              "state": "passed",
              "speed": "slow",
              "pass": true,
              "fail": false,
              "pending": false,
              "context": null,
              "code": "await positionOpenings.selectReqTblSubTab('Rejected');\nlet rowText = await positionOpenings.getPositionTblRow();\nassert.ok(rowText.includes('Software Engineer'), `Expected text not found.`);",
              "err": {},
              "uuid": "bf95167c-c08a-4cc0-8598-4130c7ee738f",
              "parentUUID": "4670eaa8-6f52-4e8d-9927-632193031326",
              "isHook": false,
              "skipped": false
            },
            {
              "title": "should able to approve request by hod",
              "fullTitle": "Position Openings should able to approve request by hod",
              "timedOut": false,
              "duration": 2481,
              "state": "passed",
              "speed": "slow",
              "pass": true,
              "fail": false,
              "pending": false,
              "context": null,
              "code": "let query = [`UPDATE \"position_openings\" SET \"isApprovedByHod\" = 'PENDING' WHERE \"employeeId\" = 9429;`];\nawait utilFun.udpateDatabase(query);\nawait positionOpenings.clickApproveBtn();\nawait positionOpenings.enterReason('testing');\nawait positionOpenings.clickYesBtn();\nconst alertText = await utilFun.checkAlert();\nassert.equal(alertText, 'The position opening request has been approved successfully');",
              "err": {},
              "uuid": "4efa3c6b-b72b-4913-a983-ad3458c5464b",
              "parentUUID": "4670eaa8-6f52-4e8d-9927-632193031326",
              "isHook": false,
              "skipped": false
            },
            {
              "title": "should verify the request is showing in approve tab",
              "fullTitle": "Position Openings should verify the request is showing in approve tab",
              "timedOut": false,
              "duration": 1378,
              "state": "passed",
              "speed": "slow",
              "pass": true,
              "fail": false,
              "pending": false,
              "context": null,
              "code": "await positionOpenings.selectReqTblSubTab('Approved');\nlet rowText = await positionOpenings.getPositionTblRow();\nassert.ok(rowText.includes('Software Engineer'), `Expected text not found.`);",
              "err": {},
              "uuid": "78ce2f40-fe52-432a-957e-e31ff19d6e1e",
              "parentUUID": "4670eaa8-6f52-4e8d-9927-632193031326",
              "isHook": false,
              "skipped": false
            },
            {
              "title": "should check if request is visible by CEO",
              "fullTitle": "Position Openings should check if request is visible by CEO",
              "timedOut": false,
              "duration": 1487,
              "state": "passed",
              "speed": "slow",
              "pass": true,
              "fail": false,
              "pending": false,
              "context": null,
              "code": "let query = [\n  `UPDATE employees SET \"email\" = 'bilal.rafaqat@invozone.de' WHERE id = 9474;`,\n  `UPDATE employees SET \"email\" = 'bilal.rafaqat@invozone.dev' WHERE id = 9171;`,\n];\nawait utilFun.udpateDatabase(query);\nlet rowText = await positionOpenings.getPositionTblRow();\nassert.ok(rowText.includes('Software Engineer'), `Expected text not found.`);",
              "err": {},
              "uuid": "6f8a1121-4a74-4116-92a3-e3bd37d3c0ec",
              "parentUUID": "4670eaa8-6f52-4e8d-9927-632193031326",
              "isHook": false,
              "skipped": false
            },
            {
              "title": "should able to check if CEO can edit request",
              "fullTitle": "Position Openings should able to check if CEO can edit request",
              "timedOut": false,
              "duration": 4108,
              "state": "passed",
              "speed": "slow",
              "pass": true,
              "fail": false,
              "pending": false,
              "context": null,
              "code": "await positionOpenings.clickEditBtn();\nawait positionOpenings.enterInstructions(' Updated By CEO');\nawait positionOpenings.clickConfirmAddBtn();\nconst alertText = await utilFun.checkAlert();\nassert.equal(alertText, 'The position opening request has been updated successfully');",
              "err": {},
              "uuid": "86805fe8-51f2-4820-8012-99d2341d20d0",
              "parentUUID": "4670eaa8-6f52-4e8d-9927-632193031326",
              "isHook": false,
              "skipped": false
            },
            {
              "title": "should able to reject request by hod",
              "fullTitle": "Position Openings should able to reject request by hod",
              "timedOut": false,
              "duration": 2353,
              "state": "passed",
              "speed": "slow",
              "pass": true,
              "fail": false,
              "pending": false,
              "context": null,
              "code": "await positionOpenings.clickRejectBtn();\nawait positionOpenings.enterReason('testing');\nawait positionOpenings.clickYesBtn();\nconst alertText = await utilFun.checkAlert();\nassert.equal(alertText, 'The position opening request has been rejected successfully');",
              "err": {},
              "uuid": "93d7dee8-1d1f-4ba9-bf1f-914ccf8582dc",
              "parentUUID": "4670eaa8-6f52-4e8d-9927-632193031326",
              "isHook": false,
              "skipped": false
            },
            {
              "title": "should verify the request is showing in reject tab",
              "fullTitle": "Position Openings should verify the request is showing in reject tab",
              "timedOut": false,
              "duration": 1327,
              "state": "passed",
              "speed": "slow",
              "pass": true,
              "fail": false,
              "pending": false,
              "context": null,
              "code": "await positionOpenings.selectSubTab('Rejected');\nlet rowText = await positionOpenings.getPositionTblRow();\nassert.ok(rowText.includes('Software Engineer'), `Expected text not found.`);",
              "err": {},
              "uuid": "dd9145a8-fbd9-42c8-bb30-fef3e177b528",
              "parentUUID": "4670eaa8-6f52-4e8d-9927-632193031326",
              "isHook": false,
              "skipped": false
            },
            {
              "title": "should able to approve request by hod",
              "fullTitle": "Position Openings should able to approve request by hod",
              "timedOut": false,
              "duration": 2309,
              "state": "passed",
              "speed": "slow",
              "pass": true,
              "fail": false,
              "pending": false,
              "context": null,
              "code": "let query = [`UPDATE \"position_openings\" SET \"requestStatus\" = 'PENDING' WHERE \"employeeId\" = 9429;`];\nawait utilFun.udpateDatabase(query);\nawait positionOpenings.clickApproveBtn();\nawait positionOpenings.enterReason('testing');\nawait positionOpenings.clickYesBtn();\nconst alertText = await utilFun.checkAlert();\nassert.equal(alertText, 'The position opening request has been approved successfully');",
              "err": {},
              "uuid": "a4b1fd27-c514-4552-837c-1f979123932f",
              "parentUUID": "4670eaa8-6f52-4e8d-9927-632193031326",
              "isHook": false,
              "skipped": false
            },
            {
              "title": "should verify the request is showing in approve tab",
              "fullTitle": "Position Openings should verify the request is showing in approve tab",
              "timedOut": false,
              "duration": 1333,
              "state": "passed",
              "speed": "slow",
              "pass": true,
              "fail": false,
              "pending": false,
              "context": null,
              "code": "await positionOpenings.selectSubTab('Approved');\nlet rowText = await positionOpenings.getPositionTblRow();\nassert.ok(rowText.includes('Software Engineer'), `Expected text not found.`);",
              "err": {},
              "uuid": "67d84f51-89ee-414b-a3b7-91e54acb281b",
              "parentUUID": "4670eaa8-6f52-4e8d-9927-632193031326",
              "isHook": false,
              "skipped": false
            },
            {
              "title": "should verify the request is showing in approve tab for Applicant",
              "fullTitle": "Position Openings should verify the request is showing in approve tab for Applicant",
              "timedOut": false,
              "duration": 1314,
              "state": "passed",
              "speed": "slow",
              "pass": true,
              "fail": false,
              "pending": false,
              "context": null,
              "code": "let query = [\n  `UPDATE employees SET \"email\" = 'bilal.rafaqat@invozone.dev' WHERE id = 9429;`,\n  `UPDATE employees SET \"email\" = 'bilal.rafaqat@invozone.de' WHERE id = 9171;`,\n];\nawait utilFun.udpateDatabase(query);\nawait positionOpenings.selectSubTab('Approved');\nlet rowText = await positionOpenings.getPositionTblRow();\nassert.ok(rowText.includes('Software Engineer'), `Expected text not found.`);",
              "err": {},
              "uuid": "73920d9d-5067-4391-976b-7608ea0533e5",
              "parentUUID": "4670eaa8-6f52-4e8d-9927-632193031326",
              "isHook": false,
              "skipped": false
            }
          ],
          "suites": [],
          "passes": [
            "d77e7d85-9650-42d3-8741-faf0335717e1",
            "b9d9c405-a93b-4927-b8bb-97be76a79860",
            "22c93f5e-9a90-4482-b5f3-ae5332a2a6ba",
            "8dc16bf8-ec24-4a69-9353-6948a4851322",
            "f273e0bd-2ec6-4157-9bd1-74d3c5f7363f",
            "458d1856-bc6b-43b6-9c57-01bb94b8ac35",
            "f2b6b850-e967-4eed-91f5-159c11ac65a7",
            "bf95167c-c08a-4cc0-8598-4130c7ee738f",
            "4efa3c6b-b72b-4913-a983-ad3458c5464b",
            "78ce2f40-fe52-432a-957e-e31ff19d6e1e",
            "6f8a1121-4a74-4116-92a3-e3bd37d3c0ec",
            "86805fe8-51f2-4820-8012-99d2341d20d0",
            "93d7dee8-1d1f-4ba9-bf1f-914ccf8582dc",
            "dd9145a8-fbd9-42c8-bb30-fef3e177b528",
            "a4b1fd27-c514-4552-837c-1f979123932f",
            "67d84f51-89ee-414b-a3b7-91e54acb281b",
            "73920d9d-5067-4391-976b-7608ea0533e5"
          ],
          "failures": [],
          "pending": [],
          "skipped": [],
          "duration": 54266,
          "root": false,
          "rootEmpty": false,
          "_timeout": 100000
        }
      ],
      "passes": [],
      "failures": [],
      "pending": [],
      "skipped": [],
      "duration": 0,
      "root": true,
      "rootEmpty": true,
      "_timeout": 100000
    }
  ],
  "meta": {
    "mocha": {
      "version": "10.2.0"
    },
    "mochawesome": {
      "options": {
        "quiet": false,
        "reportFilename": "mochawesome",
        "saveHtml": true,
        "saveJson": true,
        "consoleReporter": "spec",
        "useInlineDiffs": false,
        "code": true
      },
      "version": "7.1.3"
    },
    "marge": {
      "options": {
        "reportDir": "test/report"
      },
      "version": "6.2.0"
    }
  }
}