{
  "stats": {
    "suites": 2,
    "tests": 43,
    "passes": 43,
    "pending": 0,
    "failures": 0,
    "start": "2023-11-19T06:00:07.974Z",
    "end": "2023-11-19T06:07:14.526Z",
    "duration": 426552,
    "testsRegistered": 43,
    "passPercent": 100,
    "pendingPercent": 0,
    "other": 0,
    "hasOther": false,
    "skipped": 0,
    "hasSkipped": false
  },
  "results": [
    {
      "uuid": "1ef63f5b-b308-4db1-a694-44d63fbac43b",
      "title": "",
      "fullFile": "",
      "file": "",
      "beforeHooks": [],
      "afterHooks": [],
      "tests": [],
      "suites": [
        {
          "uuid": "ede17d58-3128-480c-a232-9cf337f44310",
          "title": "My Leaves",
          "fullFile": "/home/devops/invohub/resource-engagement/test/e2e/leaves/spec_1_myleaves.js",
          "file": "/test/e2e/leaves/spec_1_myleaves.js",
          "beforeHooks": [
            {
              "title": "\"before all\" hook in \"My Leaves\"",
              "fullTitle": "My Leaves \"before all\" hook in \"My Leaves\"",
              "timedOut": false,
              "duration": 45876,
              "state": null,
              "speed": null,
              "pass": false,
              "fail": false,
              "pending": false,
              "context": null,
              "code": "await utilFun.login(email, password);\n// await utilFun.loginAccount()\nconst url = await utilFun.getUrl();\nassert.equal(url, baseUrl + '/home');\nlet query = [\n  `UPDATE employee_leaves_count SET \"carryForwardedLeaves\" = 0 WHERE \"employeeId\" = 9474;`,\n  `UPDATE employee_leaves_count SET \"casualLeavesEarned\" = 10 WHERE \"employeeId\" = 9474;`,\n  `UPDATE employee_leaves_count SET \"sickLeavesEarned\" = 10 WHERE \"employeeId\" = 9474;`,\n  `UPDATE employee_leaves_count SET \"totalLeavesEarned\" = 20 WHERE \"employeeId\" = 9474;`,\n  `UPDATE employee_leaves_count SET \"casualLeavesAvailed\" = 0 WHERE \"employeeId\" = 9474;`,\n  `UPDATE employee_leaves_count SET \"sickLeavesAvailed\" = 0 WHERE \"employeeId\" = 9474;`,\n  `UPDATE employee_leaves_count SET \"totalLeavesAvailed\" = 0 WHERE \"employeeId\" = 9474;`,\n  `UPDATE employee_leaves_count SET \"totalRemainingLeaves\" = 20 WHERE \"employeeId\" = 9474;`,\n  `UPDATE employee_leaves_count SET \"availedUnPaidLeaves\" = 0 WHERE \"employeeId\" = 9474;`,\n  `DELETE FROM employee_leaves WHERE \"employeeId\" = 9474;`,\n  `UPDATE employees SET \"departmentId\" = 9 WHERE id = 9474;`,\n  `UPDATE employees SET \"designation\" = 'Project Manager' WHERE id = 9474;`,\n];\nawait utilFun.udpateDatabase(query);",
              "err": {},
              "uuid": "4d1b323b-5b41-4357-b8d4-c4c2283c9830",
              "parentUUID": "ede17d58-3128-480c-a232-9cf337f44310",
              "isHook": true,
              "skipped": false
            },
            {
              "title": "\"before each\" hook in \"My Leaves\"",
              "fullTitle": "My Leaves \"before each\" hook in \"My Leaves\"",
              "timedOut": false,
              "duration": 3412,
              "state": null,
              "speed": null,
              "pass": false,
              "fail": false,
              "pending": false,
              "context": null,
              "code": "await utilFun.visit(baseUrl + '/leaves');\nawait utilFun.wait(3000);",
              "err": {},
              "uuid": "56414581-0c73-4d21-a2e4-89763fc47890",
              "parentUUID": "ede17d58-3128-480c-a232-9cf337f44310",
              "isHook": true,
              "skipped": false
            }
          ],
          "afterHooks": [],
          "tests": [
            {
              "title": "should should able to view employee leave",
              "fullTitle": "My Leaves should should able to view employee leave",
              "timedOut": false,
              "duration": 4287,
              "state": "passed",
              "speed": "slow",
              "pass": true,
              "fail": false,
              "pending": false,
              "context": null,
              "code": "let query = [\n  `UPDATE employee_leaves_reporting_managers SET \"approvedLeaveStatus\" = 'PENDING' WHERE id = 65;`,\n  `UPDATE employee_leaves SET \"leaveStatus\" = 'PENDING' WHERE id = 53;`,\n  `UPDATE employee_leaves SET \"approvedAt\" = NULL WHERE id = 53;`,\n  `UPDATE employee_leaves SET \"rejectedAt\" = NULL WHERE id = 53;`,\n];\nawait utilFun.udpateDatabase(query);\nawait utilFun.refresh();\nawait myLeaves.clickFilterBtn(1)\nawait myLeaves.filterName('james')\nconst claimTypeText = await myLeaves.checkTableRow(1);\nassert.ok(claimTypeText.includes('James'), `Expected text not found.`);",
              "err": {},
              "uuid": "4866896e-1814-4eca-941b-b2fdb8def247",
              "parentUUID": "ede17d58-3128-480c-a232-9cf337f44310",
              "isHook": false,
              "skipped": false
            },
            {
              "title": "should should able to Approve employee leave",
              "fullTitle": "My Leaves should should able to Approve employee leave",
              "timedOut": false,
              "duration": 3703,
              "state": "passed",
              "speed": "slow",
              "pass": true,
              "fail": false,
              "pending": false,
              "context": null,
              "code": "await myLeaves.clickFilterBtn(1)\nawait myLeaves.filterName('james')\nawait myLeaves.clickApproveBtn()\nawait myLeaves.clickSubmitBtn()\nconst alertText = await myLeaves.checkAlert();\nassert.equal(alertText, 'Leave status updated successfully');",
              "err": {},
              "uuid": "5f56e753-c316-44bd-a1df-f52166dab77a",
              "parentUUID": "ede17d58-3128-480c-a232-9cf337f44310",
              "isHook": false,
              "skipped": false
            },
            {
              "title": "should able to view employee leave in Approved Tab",
              "fullTitle": "My Leaves should able to view employee leave in Approved Tab",
              "timedOut": false,
              "duration": 3013,
              "state": "passed",
              "speed": "slow",
              "pass": true,
              "fail": false,
              "pending": false,
              "context": null,
              "code": "await myLeaves.clickTab('Approved Leaves')\nawait myLeaves.clickFilterBtn(1)\nawait myLeaves.filterName('james')\nconst claimTypeText = await myLeaves.checkTableRow(1);\nassert.ok(claimTypeText.includes('James'), `Expected text not found.`);",
              "err": {},
              "uuid": "c6ebc917-a9e4-42a2-a53a-a42f2d47b6b9",
              "parentUUID": "ede17d58-3128-480c-a232-9cf337f44310",
              "isHook": false,
              "skipped": false
            },
            {
              "title": "should able to Reject employee leave in Approved Tab",
              "fullTitle": "My Leaves should able to Reject employee leave in Approved Tab",
              "timedOut": false,
              "duration": 4398,
              "state": "passed",
              "speed": "slow",
              "pass": true,
              "fail": false,
              "pending": false,
              "context": null,
              "code": "await myLeaves.clickTab('Approved Leaves')\nawait myLeaves.clickFilterBtn(1)\nawait myLeaves.filterName('james')\nconst claimTypeText = await myLeaves.checkTableRow(1);\nassert.ok(claimTypeText.includes('James'), `Expected text not found.`);\nawait myLeaves.clickRejectBtn()\nawait myLeaves.typeRejectReasonAndReject('testing')\nconst alertText = await myLeaves.checkAlert();\nassert.equal(alertText, 'Leave status updated successfully');",
              "err": {},
              "uuid": "90c2a001-5a39-4974-945a-05b41ff99e1c",
              "parentUUID": "ede17d58-3128-480c-a232-9cf337f44310",
              "isHook": false,
              "skipped": false
            },
            {
              "title": "should able to view employee leave in Reject Tab",
              "fullTitle": "My Leaves should able to view employee leave in Reject Tab",
              "timedOut": false,
              "duration": 2981,
              "state": "passed",
              "speed": "slow",
              "pass": true,
              "fail": false,
              "pending": false,
              "context": null,
              "code": "await myLeaves.clickTab('Rejected Leaves')\nawait myLeaves.clickFilterBtn(1)\nawait myLeaves.filterName('james')\nconst claimTypeText = await myLeaves.checkTableRow(1);\nassert.ok(claimTypeText.includes('James'), `Expected text not found.`);",
              "err": {},
              "uuid": "5276d115-86df-48ae-963e-7311dab6aa7c",
              "parentUUID": "ede17d58-3128-480c-a232-9cf337f44310",
              "isHook": false,
              "skipped": false
            },
            {
              "title": "should should able to Reject employee leave",
              "fullTitle": "My Leaves should should able to Reject employee leave",
              "timedOut": false,
              "duration": 5529,
              "state": "passed",
              "speed": "slow",
              "pass": true,
              "fail": false,
              "pending": false,
              "context": null,
              "code": "let query = [\n  `UPDATE employee_leaves_reporting_managers SET \"approvedLeaveStatus\" = 'PENDING' WHERE id = 65;`,\n  `UPDATE employee_leaves SET \"leaveStatus\" = 'PENDING' WHERE id = 53;`,\n  `UPDATE employee_leaves SET \"approvedAt\" = NULL WHERE id = 53;`,\n  `UPDATE employee_leaves SET \"rejectedAt\" = NULL WHERE id = 53;`,\n];\nawait utilFun.udpateDatabase(query);\nawait utilFun.refresh();\nawait myLeaves.clickFilterBtn(1)\nawait myLeaves.filterName('james')\nawait myLeaves.clickRejectBtn()\nawait myLeaves.typeRejectReasonAndReject('testing')\nconst alertText = await myLeaves.checkAlert();\nassert.equal(alertText, 'Leave status updated successfully');",
              "err": {},
              "uuid": "110c5fce-1499-4c56-8820-2fd8b6ab332a",
              "parentUUID": "ede17d58-3128-480c-a232-9cf337f44310",
              "isHook": false,
              "skipped": false
            },
            {
              "title": "should able to view employee leave in Reject Tab",
              "fullTitle": "My Leaves should able to view employee leave in Reject Tab",
              "timedOut": false,
              "duration": 2893,
              "state": "passed",
              "speed": "slow",
              "pass": true,
              "fail": false,
              "pending": false,
              "context": null,
              "code": "await myLeaves.clickTab('Rejected Leaves')\nawait myLeaves.clickFilterBtn(1)\nawait myLeaves.filterName('james')\nconst claimTypeText = await myLeaves.checkTableRow(1);\nassert.ok(claimTypeText.includes('James'), `Expected text not found.`);",
              "err": {},
              "uuid": "69a3ad3c-5203-45ac-8e91-62fcde9f9e80",
              "parentUUID": "ede17d58-3128-480c-a232-9cf337f44310",
              "isHook": false,
              "skipped": false
            },
            {
              "title": "should able to Approve employee leave in Reject Tab",
              "fullTitle": "My Leaves should able to Approve employee leave in Reject Tab",
              "timedOut": false,
              "duration": 3952,
              "state": "passed",
              "speed": "slow",
              "pass": true,
              "fail": false,
              "pending": false,
              "context": null,
              "code": "await myLeaves.clickTab('Rejected Leaves')\nawait myLeaves.clickFilterBtn(1)\nawait myLeaves.filterName('james')\nconst claimTypeText = await myLeaves.checkTableRow(1);\nassert.ok(claimTypeText.includes('James'), `Expected text not found.`);\nawait myLeaves.clickApproveBtn()\nawait myLeaves.clickSubmitBtn()\nconst alertText = await myLeaves.checkAlert();\nassert.equal(alertText, 'Leave status updated successfully');",
              "err": {},
              "uuid": "698f3583-4afb-4aa7-9413-93468075071e",
              "parentUUID": "ede17d58-3128-480c-a232-9cf337f44310",
              "isHook": false,
              "skipped": false
            },
            {
              "title": "should able to view employee leave in Approved Tab",
              "fullTitle": "My Leaves should able to view employee leave in Approved Tab",
              "timedOut": false,
              "duration": 2837,
              "state": "passed",
              "speed": "slow",
              "pass": true,
              "fail": false,
              "pending": false,
              "context": null,
              "code": "await myLeaves.clickTab('Approved Leaves')\nawait myLeaves.clickFilterBtn(1)\nawait myLeaves.filterName('james')\nconst claimTypeText = await myLeaves.checkTableRow(1);\nassert.ok(claimTypeText.includes('James'), `Expected text not found.`);",
              "err": {},
              "uuid": "9d0fcc32-a657-4718-9b79-a5d90f584c16",
              "parentUUID": "ede17d58-3128-480c-a232-9cf337f44310",
              "isHook": false,
              "skipped": false
            },
            {
              "title": "should check if Leaves counts are showing Correct",
              "fullTitle": "My Leaves should check if Leaves counts are showing Correct",
              "timedOut": false,
              "duration": 230,
              "state": "passed",
              "speed": "slow",
              "pass": true,
              "fail": false,
              "pending": false,
              "context": null,
              "code": "let leaves = await myLeaves.getCasualLeaves();\nassert.equal(leaves, '10/');\nlet leaves1 = await myLeaves.getSickLeaves();\nassert.equal(leaves1, '10/');\nlet leaves2 = await myLeaves.getCarryForwardLeaves();\nassert.equal(leaves2, '0/');\nlet leaves3 = await myLeaves.getUnpaidLeaves();\nassert.equal(leaves3, '0');",
              "err": {},
              "uuid": "dc5fd858-d3f7-4968-a7ea-d441df64321d",
              "parentUUID": "ede17d58-3128-480c-a232-9cf337f44310",
              "isHook": false,
              "skipped": false
            },
            {
              "title": "should able to apply Casual full leave",
              "fullTitle": "My Leaves should able to apply Casual full leave",
              "timedOut": false,
              "duration": 6430,
              "state": "passed",
              "speed": "slow",
              "pass": true,
              "fail": false,
              "pending": false,
              "context": null,
              "code": "await myLeaves.clickApplyLeaveBtn();\nawait myLeaves.clickLeaveType();\nawait utilFun.wait(1000);\nawait myLeaves.selectLeaveType('Casual Leave');\nawait myLeaves.clickLeaveCategory();\nawait utilFun.wait(1000);\nawait myLeaves.selectLeaveCategory('Full Leave');\nawait myLeaves.setStartDate('05-09-2023');\nawait utilFun.wait(1000);\nawait myLeaves.setEndDate('05-09-2023');\nawait myLeaves.typeReason('testing');\nawait myLeaves.clickSubmitBtn();\nconst alertText = await myLeaves.checkAlert();\nassert.equal(alertText, 'Leave request created successfully');",
              "err": {},
              "uuid": "978c503c-e235-48e3-9c7f-be9d0badea14",
              "parentUUID": "ede17d58-3128-480c-a232-9cf337f44310",
              "isHook": false,
              "skipped": false
            },
            {
              "title": "should able to apply Casual First Half leave",
              "fullTitle": "My Leaves should able to apply Casual First Half leave",
              "timedOut": false,
              "duration": 7896,
              "state": "passed",
              "speed": "slow",
              "pass": true,
              "fail": false,
              "pending": false,
              "context": null,
              "code": "await myLeaves.clickApplyLeaveBtn();\nawait myLeaves.clickLeaveType();\nawait utilFun.wait(1000);\nawait myLeaves.selectLeaveType('Casual Leave');\nawait myLeaves.clickLeaveCategory();\nawait utilFun.wait(1000);\nawait myLeaves.selectLeaveCategory('Half Leave');\nawait myLeaves.clickLeaveShift();\nawait utilFun.wait(1000);\nawait myLeaves.selectLeaveShift('First Half');\nawait myLeaves.setStartDate('06-09-2023');\nawait utilFun.wait(1000);\nawait myLeaves.setEndDate('06-09-2023');\nawait myLeaves.typeReason('testing');\nawait myLeaves.clickSubmitBtn();\nconst alertText = await myLeaves.checkAlert();\nassert.equal(alertText, 'Leave request created successfully');",
              "err": {},
              "uuid": "bc4e05a8-763a-4d78-81cf-f6dd09bf1d05",
              "parentUUID": "ede17d58-3128-480c-a232-9cf337f44310",
              "isHook": false,
              "skipped": false
            },
            {
              "title": "should able to apply Casual Second Half leave",
              "fullTitle": "My Leaves should able to apply Casual Second Half leave",
              "timedOut": false,
              "duration": 7840,
              "state": "passed",
              "speed": "slow",
              "pass": true,
              "fail": false,
              "pending": false,
              "context": null,
              "code": "await myLeaves.clickApplyLeaveBtn();\nawait myLeaves.clickLeaveType();\nawait utilFun.wait(1000);\nawait myLeaves.selectLeaveType('Casual Leave');\nawait myLeaves.clickLeaveCategory();\nawait utilFun.wait(1000);\nawait myLeaves.selectLeaveCategory('Half Leave');\nawait myLeaves.clickLeaveShift();\nawait utilFun.wait(1000);\nawait myLeaves.selectLeaveShift('Second Half');\nawait myLeaves.setStartDate('07-09-2023');\nawait utilFun.wait(1000);\nawait myLeaves.setEndDate('07-09-2023');\nawait myLeaves.typeReason('testing');\nawait myLeaves.clickSubmitBtn();\nconst alertText = await myLeaves.checkAlert();\nassert.equal(alertText, 'Leave request created successfully');",
              "err": {},
              "uuid": "52518723-1435-4425-aadc-eeeff7031127",
              "parentUUID": "ede17d58-3128-480c-a232-9cf337f44310",
              "isHook": false,
              "skipped": false
            },
            {
              "title": "should able to apply Sick full leave",
              "fullTitle": "My Leaves should able to apply Sick full leave",
              "timedOut": false,
              "duration": 6516,
              "state": "passed",
              "speed": "slow",
              "pass": true,
              "fail": false,
              "pending": false,
              "context": null,
              "code": "await myLeaves.clickApplyLeaveBtn();\nawait myLeaves.clickLeaveType();\nawait utilFun.wait(1000);\nawait myLeaves.selectLeaveType('Sick Leave');\nawait myLeaves.clickLeaveCategory();\nawait utilFun.wait(1000);\nawait myLeaves.selectLeaveCategory('Full Leave');\nawait myLeaves.setStartDate('08-09-2023');\nawait utilFun.wait(1000);\nawait myLeaves.setEndDate('08-09-2023');\nawait myLeaves.typeReason('testing');\nawait myLeaves.clickSubmitBtn();\nconst alertText = await myLeaves.checkAlert();\nassert.equal(alertText, 'Leave request created successfully');",
              "err": {},
              "uuid": "c1d6578e-df96-4824-90d2-9d9ae29b513b",
              "parentUUID": "ede17d58-3128-480c-a232-9cf337f44310",
              "isHook": false,
              "skipped": false
            },
            {
              "title": "should able to apply Sick First Half leave",
              "fullTitle": "My Leaves should able to apply Sick First Half leave",
              "timedOut": false,
              "duration": 7789,
              "state": "passed",
              "speed": "slow",
              "pass": true,
              "fail": false,
              "pending": false,
              "context": null,
              "code": "await myLeaves.clickApplyLeaveBtn();\nawait myLeaves.clickLeaveType();\nawait utilFun.wait(1000);\nawait myLeaves.selectLeaveType('Sick Leave');\nawait myLeaves.clickLeaveCategory();\nawait utilFun.wait(1000);\nawait myLeaves.selectLeaveCategory('Half Leave');\nawait myLeaves.clickLeaveShift();\nawait utilFun.wait(1000);\nawait myLeaves.selectLeaveShift('First Half');\nawait myLeaves.setStartDate('09-09-2023');\nawait utilFun.wait(1000);\nawait myLeaves.setEndDate('09-09-2023');\nawait myLeaves.typeReason('testing');\nawait myLeaves.clickSubmitBtn();\nconst alertText = await myLeaves.checkAlert();\nassert.equal(alertText, 'Leave request created successfully');",
              "err": {},
              "uuid": "144b4153-12e7-4c6b-963c-cdd22015a9cb",
              "parentUUID": "ede17d58-3128-480c-a232-9cf337f44310",
              "isHook": false,
              "skipped": false
            },
            {
              "title": "should able to apply Sick Second Half leave",
              "fullTitle": "My Leaves should able to apply Sick Second Half leave",
              "timedOut": false,
              "duration": 7789,
              "state": "passed",
              "speed": "slow",
              "pass": true,
              "fail": false,
              "pending": false,
              "context": null,
              "code": "await myLeaves.clickApplyLeaveBtn();\nawait myLeaves.clickLeaveType();\nawait utilFun.wait(1000);\nawait myLeaves.selectLeaveType('Sick Leave');\nawait myLeaves.clickLeaveCategory();\nawait utilFun.wait(1000);\nawait myLeaves.selectLeaveCategory('Half Leave');\nawait myLeaves.clickLeaveShift();\nawait utilFun.wait(1000);\nawait myLeaves.selectLeaveShift('Second Half');\nawait myLeaves.setStartDate('10-09-2023');\nawait utilFun.wait(1000);\nawait myLeaves.setEndDate('10-09-2023');\nawait myLeaves.typeReason('testing');\nawait myLeaves.clickSubmitBtn();\nconst alertText = await myLeaves.checkAlert();\nassert.equal(alertText, 'Leave request created successfully');",
              "err": {},
              "uuid": "b2e60337-4b9f-4570-bc46-cf634f96960a",
              "parentUUID": "ede17d58-3128-480c-a232-9cf337f44310",
              "isHook": false,
              "skipped": false
            },
            {
              "title": "should able to apply Un-Paid full leave",
              "fullTitle": "My Leaves should able to apply Un-Paid full leave",
              "timedOut": false,
              "duration": 6630,
              "state": "passed",
              "speed": "slow",
              "pass": true,
              "fail": false,
              "pending": false,
              "context": null,
              "code": "await myLeaves.clickApplyLeaveBtn();\nawait myLeaves.clickLeaveType();\nawait utilFun.wait(1000);\nawait myLeaves.selectLeaveType('Un-Paid Leave');\nawait myLeaves.clickLeaveCategory();\nawait utilFun.wait(1000);\nawait myLeaves.selectLeaveCategory('Full Leave');\nawait myLeaves.setStartDate('11-09-2023');\nawait utilFun.wait(1000);\nawait myLeaves.setEndDate('11-09-2023');\nawait myLeaves.typeReason('testing');\nawait myLeaves.clickSubmitBtn();\nconst alertText = await myLeaves.checkAlert();\nassert.equal(alertText, 'Leave request created successfully');",
              "err": {},
              "uuid": "fb673f17-5fd4-4e1f-8d44-308667b67234",
              "parentUUID": "ede17d58-3128-480c-a232-9cf337f44310",
              "isHook": false,
              "skipped": false
            },
            {
              "title": "should able to apply Un-Paid First Half leave",
              "fullTitle": "My Leaves should able to apply Un-Paid First Half leave",
              "timedOut": false,
              "duration": 7765,
              "state": "passed",
              "speed": "slow",
              "pass": true,
              "fail": false,
              "pending": false,
              "context": null,
              "code": "await myLeaves.clickApplyLeaveBtn();\nawait myLeaves.clickLeaveType();\nawait utilFun.wait(1000);\nawait myLeaves.selectLeaveType('Un-Paid Leave');\nawait myLeaves.clickLeaveCategory();\nawait utilFun.wait(1000);\nawait myLeaves.selectLeaveCategory('Half Leave');\nawait myLeaves.clickLeaveShift();\nawait utilFun.wait(1000);\nawait myLeaves.selectLeaveShift('First Half');\nawait myLeaves.setStartDate('12-09-2023');\nawait utilFun.wait(1000);\nawait myLeaves.setEndDate('12-09-2023');\nawait myLeaves.typeReason('testing');\nawait myLeaves.clickSubmitBtn();\nconst alertText = await myLeaves.checkAlert();\nassert.equal(alertText, 'Leave request created successfully');",
              "err": {},
              "uuid": "48febe61-c1bc-4c3a-816b-9defa4fe7c8a",
              "parentUUID": "ede17d58-3128-480c-a232-9cf337f44310",
              "isHook": false,
              "skipped": false
            },
            {
              "title": "should able to apply Un-Paid Second Half leave",
              "fullTitle": "My Leaves should able to apply Un-Paid Second Half leave",
              "timedOut": false,
              "duration": 7807,
              "state": "passed",
              "speed": "slow",
              "pass": true,
              "fail": false,
              "pending": false,
              "context": null,
              "code": "await myLeaves.clickApplyLeaveBtn();\nawait myLeaves.clickLeaveType();\nawait utilFun.wait(1000);\nawait myLeaves.selectLeaveType('Un-Paid Leave');\nawait myLeaves.clickLeaveCategory();\nawait utilFun.wait(1000);\nawait myLeaves.selectLeaveCategory('Half Leave');\nawait myLeaves.clickLeaveShift();\nawait utilFun.wait(1000);\nawait myLeaves.selectLeaveShift('Second Half');\nawait myLeaves.setStartDate('13-09-2023');\nawait utilFun.wait(1000);\nawait myLeaves.setEndDate('13-09-2023');\nawait myLeaves.typeReason('testing');\nawait myLeaves.clickSubmitBtn();\nconst alertText = await myLeaves.checkAlert();\nassert.equal(alertText, 'Leave request created successfully');",
              "err": {},
              "uuid": "b9e84421-f049-4102-b930-5be4203dc5ce",
              "parentUUID": "ede17d58-3128-480c-a232-9cf337f44310",
              "isHook": false,
              "skipped": false
            },
            {
              "title": "should check if Leaves counts are showing Correct",
              "fullTitle": "My Leaves should check if Leaves counts are showing Correct",
              "timedOut": false,
              "duration": 254,
              "state": "passed",
              "speed": "slow",
              "pass": true,
              "fail": false,
              "pending": false,
              "context": null,
              "code": "let leaves = await myLeaves.getCasualLeaves();\nassert.equal(leaves, '8/');\nlet leaves1 = await myLeaves.getSickLeaves();\nassert.equal(leaves1, '8/');\nlet leaves2 = await myLeaves.getCarryForwardLeaves();\nassert.equal(leaves2, '0/');\nlet leaves3 = await myLeaves.getUnpaidLeaves();\nassert.equal(leaves3, '2');",
              "err": {},
              "uuid": "9d2cb766-cd63-4b02-ba50-e28291dd6689",
              "parentUUID": "ede17d58-3128-480c-a232-9cf337f44310",
              "isHook": false,
              "skipped": false
            }
          ],
          "suites": [],
          "passes": [
            "4866896e-1814-4eca-941b-b2fdb8def247",
            "5f56e753-c316-44bd-a1df-f52166dab77a",
            "c6ebc917-a9e4-42a2-a53a-a42f2d47b6b9",
            "90c2a001-5a39-4974-945a-05b41ff99e1c",
            "5276d115-86df-48ae-963e-7311dab6aa7c",
            "110c5fce-1499-4c56-8820-2fd8b6ab332a",
            "69a3ad3c-5203-45ac-8e91-62fcde9f9e80",
            "698f3583-4afb-4aa7-9413-93468075071e",
            "9d0fcc32-a657-4718-9b79-a5d90f584c16",
            "dc5fd858-d3f7-4968-a7ea-d441df64321d",
            "978c503c-e235-48e3-9c7f-be9d0badea14",
            "bc4e05a8-763a-4d78-81cf-f6dd09bf1d05",
            "52518723-1435-4425-aadc-eeeff7031127",
            "c1d6578e-df96-4824-90d2-9d9ae29b513b",
            "144b4153-12e7-4c6b-963c-cdd22015a9cb",
            "b2e60337-4b9f-4570-bc46-cf634f96960a",
            "fb673f17-5fd4-4e1f-8d44-308667b67234",
            "48febe61-c1bc-4c3a-816b-9defa4fe7c8a",
            "b9e84421-f049-4102-b930-5be4203dc5ce",
            "9d2cb766-cd63-4b02-ba50-e28291dd6689"
          ],
          "failures": [],
          "pending": [],
          "skipped": [],
          "duration": 100539,
          "root": false,
          "rootEmpty": false,
          "_timeout": 60000
        },
        {
          "uuid": "09e73f67-d425-4782-93a4-1c3c4d473f08",
          "title": "hr dashboard",
          "fullFile": "/home/devops/invohub/resource-engagement/test/e2e/leaves/spec_2_hrLeavesDashboard.js",
          "file": "/test/e2e/leaves/spec_2_hrLeavesDashboard.js",
          "beforeHooks": [
            {
              "title": "\"before all\" hook in \"hr dashboard\"",
              "fullTitle": "hr dashboard \"before all\" hook in \"hr dashboard\"",
              "timedOut": false,
              "duration": 10118,
              "state": null,
              "speed": null,
              "pass": false,
              "fail": false,
              "pending": false,
              "context": null,
              "code": "await utilFun.loginAccount()\nconst url = await utilFun.getUrl();\nassert.equal(url, baseUrl + '/home');",
              "err": {},
              "uuid": "f50d4a2a-222c-491a-a976-e7ecad0ac8af",
              "parentUUID": "09e73f67-d425-4782-93a4-1c3c4d473f08",
              "isHook": true,
              "skipped": false
            }
          ],
          "afterHooks": [
            {
              "title": "\"after all\" hook in \"hr dashboard\"",
              "fullTitle": "hr dashboard \"after all\" hook in \"hr dashboard\"",
              "timedOut": false,
              "duration": 22,
              "state": null,
              "speed": null,
              "pass": false,
              "fail": false,
              "pending": false,
              "context": null,
              "code": "let query = [\n  `DELETE FROM employee_leaves WHERE \"employeeId\" = 9474;`,\n];\nawait utilFun.udpateDatabase(query);",
              "err": {},
              "uuid": "59d54740-5dc3-4c1d-ac95-758600aff6d0",
              "parentUUID": "09e73f67-d425-4782-93a4-1c3c4d473f08",
              "isHook": true,
              "skipped": false
            }
          ],
          "tests": [
            {
              "title": "should check if Leaves counts are showing Correct",
              "fullTitle": "hr dashboard should check if Leaves counts are showing Correct",
              "timedOut": false,
              "duration": 3558,
              "state": "passed",
              "speed": "slow",
              "pass": true,
              "fail": false,
              "pending": false,
              "context": null,
              "code": "let query = [\n  `UPDATE employee_leaves_count SET \"carryForwardedLeaves\" = 0 WHERE \"employeeId\" = 9474;`,\n  `UPDATE employee_leaves_count SET \"casualLeavesEarned\" = 10 WHERE \"employeeId\" = 9474;`,\n  `UPDATE employee_leaves_count SET \"sickLeavesEarned\" = 10 WHERE \"employeeId\" = 9474;`,\n  `UPDATE employee_leaves_count SET \"totalLeavesEarned\" = 20 WHERE \"employeeId\" = 9474;`,\n  `UPDATE employee_leaves_count SET \"casualLeavesAvailed\" = 0 WHERE \"employeeId\" = 9474;`,\n  `UPDATE employee_leaves_count SET \"sickLeavesAvailed\" = 0 WHERE \"employeeId\" = 9474;`,\n  `UPDATE employee_leaves_count SET \"totalLeavesAvailed\" = 0 WHERE \"employeeId\" = 9474;`,\n  `UPDATE employee_leaves_count SET \"totalRemainingLeaves\" = 20 WHERE \"employeeId\" = 9474;`,\n  `UPDATE employee_leaves_count SET \"availedUnPaidLeaves\" = 0 WHERE \"employeeId\" = 9474;`,\n  `DELETE FROM employee_leaves WHERE \"employeeId\" = 9474;`,\n];\nawait utilFun.udpateDatabase(query);\nawait utilFun.visit(baseUrl + '/leaves');\nawait utilFun.wait(3000);\nlet leaves = await myLeaves.getCasualLeaves();\nassert.equal(leaves, '10/');\nlet leaves1 = await myLeaves.getSickLeaves();\nassert.equal(leaves1, '10/');\nlet leaves2 = await myLeaves.getCarryForwardLeaves();\nassert.equal(leaves2, '0/');\nlet leaves3 = await myLeaves.getUnpaidLeaves();\nassert.equal(leaves3, '0');",
              "err": {},
              "uuid": "90431841-60c4-4d0c-a61b-d6f9e0d69c2a",
              "parentUUID": "09e73f67-d425-4782-93a4-1c3c4d473f08",
              "isHook": false,
              "skipped": false
            },
            {
              "title": "should able to apply Casual full leave",
              "fullTitle": "hr dashboard should able to apply Casual full leave",
              "timedOut": false,
              "duration": 10202,
              "state": "passed",
              "speed": "slow",
              "pass": true,
              "fail": false,
              "pending": false,
              "context": null,
              "code": "await utilFun.visit(baseUrl + '/leaves');\nawait utilFun.wait(3000);\nawait myLeaves.clickApplyLeaveBtn();\nawait myLeaves.clickLeaveType();\nawait utilFun.wait(1000);\nawait myLeaves.selectLeaveType('Casual Leave');\nawait myLeaves.clickLeaveCategory();\nawait utilFun.wait(1000);\nawait myLeaves.selectLeaveCategory('Full Leave');\nawait myLeaves.setStartDate('05-09-2023');\nawait utilFun.wait(1000);\nawait myLeaves.setEndDate('05-09-2023');\nawait myLeaves.typeReason('testing');\nawait myLeaves.clickSubmitBtn();\nawait utilFun.wait(1000);\nconst alertText = await myLeaves.checkAlert();\nassert.equal(alertText, 'Leave request created successfully');",
              "err": {},
              "uuid": "e85ae2af-c353-40ae-a339-7e82f68799f5",
              "parentUUID": "09e73f67-d425-4782-93a4-1c3c4d473f08",
              "isHook": false,
              "skipped": false
            },
            {
              "title": "should able to check if leave is showing in Hr Dashboard",
              "fullTitle": "hr dashboard should able to check if leave is showing in Hr Dashboard",
              "timedOut": false,
              "duration": 5127,
              "state": "passed",
              "speed": "slow",
              "pass": true,
              "fail": false,
              "pending": false,
              "context": null,
              "code": "await utilFun.visit(baseUrl + '/hrDashboard');\nawait utilFun.wait(3000);\nawait hrLeaveDashboard.clickFilterBtn()\nawait hrLeaveDashboard.typeFilterName('Bilal')\nawait utilFun.wait(1000);\nconst leaveText = await hrLeaveDashboard.checkTableRow();\nassert.ok(leaveText.includes('Bilal'), `Expected text not found.`);",
              "err": {},
              "uuid": "c49f1487-b0c5-49b0-9b78-13182c172167",
              "parentUUID": "09e73f67-d425-4782-93a4-1c3c4d473f08",
              "isHook": false,
              "skipped": false
            },
            {
              "title": "should able to Approve Leave",
              "fullTitle": "hr dashboard should able to Approve Leave",
              "timedOut": false,
              "duration": 6757,
              "state": "passed",
              "speed": "slow",
              "pass": true,
              "fail": false,
              "pending": false,
              "context": null,
              "code": "let query = [\n  `UPDATE employee_leaves SET \"leaveStatus\" = 'PENDING' WHERE \"employeeId\" = 9474;`,\n  `UPDATE employee_leaves SET \"approvedAt\" = NULL WHERE \"employeeId\" = 9474;`,\n  `UPDATE employee_leaves SET \"rejectedAt\" = NULL WHERE \"employeeId\" = 9474;`,\n];\nawait utilFun.udpateDatabase(query);\nawait utilFun.visit(baseUrl + '/hrDashboard');\nawait utilFun.wait(3000);\nawait hrLeaveDashboard.clickFilterBtn()\nawait hrLeaveDashboard.typeFilterName('Bilal')\nconst leaveText = await hrLeaveDashboard.checkTableRow();\nassert.ok(leaveText.includes('Bilal'), `Expected text not found.`);\nawait hrLeaveDashboard.clickFilterBtn()\nawait hrLeaveDashboard.clickApproveBtn()\nawait utilFun.wait(1000);\nawait hrLeaveDashboard.clickSubmitBtn()\nawait utilFun.wait(1000);\nconst alertText = await myLeaves.checkAlert();\nassert.equal(alertText, 'Leave status updated successfully');",
              "err": {},
              "uuid": "ba29c4f4-1180-49e2-8a31-c4fa8f778b0b",
              "parentUUID": "09e73f67-d425-4782-93a4-1c3c4d473f08",
              "isHook": false,
              "skipped": false
            },
            {
              "title": "should able to view employee leave in Approved Tab",
              "fullTitle": "hr dashboard should able to view employee leave in Approved Tab",
              "timedOut": false,
              "duration": 5663,
              "state": "passed",
              "speed": "slow",
              "pass": true,
              "fail": false,
              "pending": false,
              "context": null,
              "code": "await utilFun.visit(baseUrl + '/hrDashboard');\nawait utilFun.wait(3000);\nawait hrLeaveDashboard.clickTab('Approved Leaves')\nawait hrLeaveDashboard.clickFilterBtn()\nawait hrLeaveDashboard.typeFilterName('Bilal')\nawait utilFun.wait(1000);\nconst leaveText = await hrLeaveDashboard.checkTableRow();\nassert.ok(leaveText.includes('Bilal'), `Expected text not found.`);",
              "err": {},
              "uuid": "fc27207d-ab9f-4e47-bcec-a1a8d512748f",
              "parentUUID": "09e73f67-d425-4782-93a4-1c3c4d473f08",
              "isHook": false,
              "skipped": false
            },
            {
              "title": "should able to Reject Leave",
              "fullTitle": "hr dashboard should able to Reject Leave",
              "timedOut": false,
              "duration": 6038,
              "state": "passed",
              "speed": "slow",
              "pass": true,
              "fail": false,
              "pending": false,
              "context": null,
              "code": "let query = [\n  `UPDATE employee_leaves SET \"leaveStatus\" = 'PENDING' WHERE \"employeeId\" = 9474;`,\n  `UPDATE employee_leaves SET \"approvedAt\" = NULL WHERE \"employeeId\" = 9474;`,\n  `UPDATE employee_leaves SET \"rejectedAt\" = NULL WHERE \"employeeId\" = 9474;`,\n];\nawait utilFun.udpateDatabase(query);\nawait utilFun.visit(baseUrl + '/hrDashboard');\nawait utilFun.wait(3000);\nawait hrLeaveDashboard.clickFilterBtn()\nawait hrLeaveDashboard.typeFilterName('Bilal')\nconst leaveText = await hrLeaveDashboard.checkTableRow();\nassert.ok(leaveText.includes('Bilal'), `Expected text not found.`);\nawait hrLeaveDashboard.clickRejectBtn()\nawait hrLeaveDashboard.typeRejectReasonAndReject('testing')\nawait utilFun.wait(1000);\nconst alertText = await hrLeaveDashboard.checkAlert();\nassert.equal(alertText, 'Leave status updated successfully');",
              "err": {},
              "uuid": "bf51c0ab-cbb5-4658-b31d-51b780fd4439",
              "parentUUID": "09e73f67-d425-4782-93a4-1c3c4d473f08",
              "isHook": false,
              "skipped": false
            },
            {
              "title": "should able to view employee leave in Rejected Tab",
              "fullTitle": "hr dashboard should able to view employee leave in Rejected Tab",
              "timedOut": false,
              "duration": 5806,
              "state": "passed",
              "speed": "slow",
              "pass": true,
              "fail": false,
              "pending": false,
              "context": null,
              "code": "await utilFun.visit(baseUrl + '/hrDashboard');\nawait utilFun.wait(3000);\nawait hrLeaveDashboard.clickTab('Rejected Leaves')\nawait hrLeaveDashboard.clickFilterBtn()\nawait hrLeaveDashboard.typeFilterName('Bilal')\nawait utilFun.wait(1000);\nconst leaveText = await hrLeaveDashboard.checkTableRow();\nassert.ok(leaveText.includes('Bilal'), `Expected text not found.`);",
              "err": {},
              "uuid": "3926fd34-1a25-45b3-a5c6-710f6c2c3e8d",
              "parentUUID": "09e73f67-d425-4782-93a4-1c3c4d473f08",
              "isHook": false,
              "skipped": false
            },
            {
              "title": "should able to send leave notification to PMs",
              "fullTitle": "hr dashboard should able to send leave notification to PMs",
              "timedOut": false,
              "duration": 5297,
              "state": "passed",
              "speed": "slow",
              "pass": true,
              "fail": false,
              "pending": false,
              "context": null,
              "code": "let query = [\n  `UPDATE employee_leaves SET \"leaveStatus\" = 'PENDING' WHERE \"employeeId\" = 9474;`,\n  `UPDATE employee_leaves SET \"approvedAt\" = NULL WHERE \"employeeId\" = 9474;`,\n  `UPDATE employee_leaves SET \"rejectedAt\" = NULL WHERE \"employeeId\" = 9474;`,\n];\nawait utilFun.udpateDatabase(query);\nawait utilFun.visit(baseUrl + '/hrDashboard');\nawait utilFun.wait(3000);\nawait hrLeaveDashboard.clickFilterBtn()\nawait hrLeaveDashboard.typeFilterName('Bilal')\nconst leaveText = await hrLeaveDashboard.checkTableRow();\nassert.ok(leaveText.includes('Bilal'), `Expected text not found.`);\nawait hrLeaveDashboard.clickSendNotificationBtn()\nawait utilFun.wait(1000);\nconst alertText = await hrLeaveDashboard.checkAlert();\nassert.equal(alertText, 'Notification sent to PMs from which leave is pending');",
              "err": {},
              "uuid": "7b40662d-ad21-408a-b0d3-7dc6abd82b38",
              "parentUUID": "09e73f67-d425-4782-93a4-1c3c4d473f08",
              "isHook": false,
              "skipped": false
            },
            {
              "title": "should able to delete Employee leave",
              "fullTitle": "hr dashboard should able to delete Employee leave",
              "timedOut": false,
              "duration": 5966,
              "state": "passed",
              "speed": "slow",
              "pass": true,
              "fail": false,
              "pending": false,
              "context": null,
              "code": "await utilFun.visit(baseUrl + '/hrDashboard');\nawait utilFun.wait(3000);\nawait hrLeaveDashboard.clickFilterBtn()\nawait hrLeaveDashboard.typeFilterName('Bilal')\nconst leaveText = await hrLeaveDashboard.checkTableRow();\nassert.ok(leaveText.includes('Bilal'), `Expected text not found.`);\nawait hrLeaveDashboard.clickDeleteBtn()\nawait hrLeaveDashboard.typeDeleteReason('testing')\nawait hrLeaveDashboard.clickSubmitDeleteBtn()\nawait utilFun.wait(1000);\nconst alertText = await hrLeaveDashboard.checkAlert();\nassert.equal(alertText, 'Leave request deleted successfully.');",
              "err": {},
              "uuid": "435b3b62-796b-4deb-9de7-db19aa34c356",
              "parentUUID": "09e73f67-d425-4782-93a4-1c3c4d473f08",
              "isHook": false,
              "skipped": false
            },
            {
              "title": "should able check if delete leave is showing in Deleted Section",
              "fullTitle": "hr dashboard should able check if delete leave is showing in Deleted Section",
              "timedOut": false,
              "duration": 5509,
              "state": "passed",
              "speed": "slow",
              "pass": true,
              "fail": false,
              "pending": false,
              "context": null,
              "code": "await utilFun.visit(baseUrl + '/hrDashboard');\nawait utilFun.wait(3000);\nawait hrLeaveDashboard.clickSeeDeletedLeaves()\nawait hrLeaveDashboard.clickFilterBtn()\nawait hrLeaveDashboard.typeFilterName('Bilal')\nawait utilFun.wait(1000);\nconst leaveText = await hrLeaveDashboard.checkTableRow();\nassert.ok(leaveText.includes('Bilal'), `Expected text not found.`);",
              "err": {},
              "uuid": "8d6932c7-31fa-4a12-a4bc-bac7f1d859b7",
              "parentUUID": "09e73f67-d425-4782-93a4-1c3c4d473f08",
              "isHook": false,
              "skipped": false
            },
            {
              "title": "should able to add Compensatory leave to specific employee",
              "fullTitle": "hr dashboard should able to add Compensatory leave to specific employee",
              "timedOut": false,
              "duration": 12152,
              "state": "passed",
              "speed": "slow",
              "pass": true,
              "fail": false,
              "pending": false,
              "context": null,
              "code": "let query = [\n  `UPDATE employee_leaves_count SET \"casualLeavesAvailed\" = 0 WHERE \"employeeId\" = 9474;`,\n  `UPDATE employee_leaves_count SET \"casualLeavesEarned\" = 10 WHERE \"employeeId\" = 9474;`,\n];\nawait utilFun.udpateDatabase(query);\nawait utilFun.visit(baseUrl + '/hrDashboard');\nawait utilFun.wait(3000);\nawait hrLeaveDashboard.clickCompLeaveBtn()\nawait hrLeaveDashboard.selectResource('Muhammad Bilal Rafaqat')\nawait utilFun.wait(1000);\nawait hrLeaveDashboard.setStartDate('10-09-2023');\nawait utilFun.wait(1000);\nawait hrLeaveDashboard.setEndDate('10-09-2023');\nawait myLeaves.typeReason('testing');\nawait hrLeaveDashboard.clickSubmitBtn();\nawait utilFun.wait(1000);\nconst alertText = await myLeaves.checkAlert();\nassert.equal(alertText, 'Compensatory leave added successfully');",
              "err": {},
              "uuid": "134e2cf1-80af-4b21-8f8e-3493494c31d9",
              "parentUUID": "09e73f67-d425-4782-93a4-1c3c4d473f08",
              "isHook": false,
              "skipped": false
            },
            {
              "title": "should check if Leave is Added",
              "fullTitle": "hr dashboard should check if Leave is Added",
              "timedOut": false,
              "duration": 3403,
              "state": "passed",
              "speed": "slow",
              "pass": true,
              "fail": false,
              "pending": false,
              "context": null,
              "code": "await utilFun.visit(baseUrl + '/leaves');\nawait utilFun.wait(3000);\nlet leaves = await myLeaves.getCasualLeaves();\nassert.equal(leaves, '11/');",
              "err": {},
              "uuid": "026d5182-b1b5-4aed-ae58-ddcb79638f79",
              "parentUUID": "09e73f67-d425-4782-93a4-1c3c4d473f08",
              "isHook": false,
              "skipped": false
            },
            {
              "title": "should able to add Compensatory leave to all employee",
              "fullTitle": "hr dashboard should able to add Compensatory leave to all employee",
              "timedOut": false,
              "duration": 9306,
              "state": "passed",
              "speed": "slow",
              "pass": true,
              "fail": false,
              "pending": false,
              "context": null,
              "code": "let query = [\n  `UPDATE employee_leaves_count SET \"casualLeavesAvailed\" = 0 WHERE \"employeeId\" = 9474;`,\n  `UPDATE employee_leaves_count SET \"casualLeavesEarned\" = 10 WHERE \"employeeId\" = 9474;`,\n];\nawait utilFun.udpateDatabase(query);\nawait utilFun.visit(baseUrl + '/hrDashboard');\nawait utilFun.wait(3000);\nawait hrLeaveDashboard.clickCompLeaveBtn()\nawait hrLeaveDashboard.clickSelectAllRadioBtn()\nawait utilFun.wait(1000);\nawait hrLeaveDashboard.setStartDate('10-09-2023');\nawait utilFun.wait(1000);\nawait hrLeaveDashboard.setEndDate('10-09-2023');\nawait myLeaves.typeReason('testing');\nawait hrLeaveDashboard.clickSubmitBtn();\nawait utilFun.wait(1000);\nconst alertText = await myLeaves.checkAlert();\nassert.equal(alertText, 'Compensatory leave added successfully');",
              "err": {},
              "uuid": "58ec5ea1-2941-4133-9bbc-4bf4693ff9cd",
              "parentUUID": "09e73f67-d425-4782-93a4-1c3c4d473f08",
              "isHook": false,
              "skipped": false
            },
            {
              "title": "should check if Leave is Added",
              "fullTitle": "hr dashboard should check if Leave is Added",
              "timedOut": false,
              "duration": 3562,
              "state": "passed",
              "speed": "slow",
              "pass": true,
              "fail": false,
              "pending": false,
              "context": null,
              "code": "await utilFun.visit(baseUrl + '/leaves');\nawait utilFun.wait(3000);\nlet leaves = await myLeaves.getCasualLeaves();\nassert.equal(leaves, '11/');",
              "err": {},
              "uuid": "5f738714-3893-4ac3-b62b-eeb7aa4d7823",
              "parentUUID": "09e73f67-d425-4782-93a4-1c3c4d473f08",
              "isHook": false,
              "skipped": false
            },
            {
              "title": "should able to create Casual full leave from Hr Dashboard",
              "fullTitle": "hr dashboard should able to create Casual full leave from Hr Dashboard",
              "timedOut": false,
              "duration": 12658,
              "state": "passed",
              "speed": "slow",
              "pass": true,
              "fail": false,
              "pending": false,
              "context": null,
              "code": "await utilFun.visit(baseUrl + '/hrDashboard');\nawait utilFun.wait(3000);\nawait hrLeaveDashboard.clickCreateLeaveBtn()\nawait hrLeaveDashboard.selectAResource('Muhammad Bilal Rafaqat')\nawait hrLeaveDashboard.selectLeaveType('Casual Leave')\nawait hrLeaveDashboard.selectLeaveCategory('Full Leave')\nawait utilFun.wait(1000);\nawait hrLeaveDashboard.setStartDate('10-09-2023');\nawait utilFun.wait(1000);\nawait hrLeaveDashboard.setEndDate('10-09-2023');\nawait myLeaves.typeReason('testing');\nawait hrLeaveDashboard.clickSubmitBtn();\nconst alertText = await hrLeaveDashboard.checkAlert();\nassert.equal(alertText, 'Leave request created successfully');",
              "err": {},
              "uuid": "45ac0230-6608-4922-a822-c0199839a42f",
              "parentUUID": "09e73f67-d425-4782-93a4-1c3c4d473f08",
              "isHook": false,
              "skipped": false
            },
            {
              "title": "should able to create Casual First Half leave from Hr Dashboard",
              "fullTitle": "hr dashboard should able to create Casual First Half leave from Hr Dashboard",
              "timedOut": false,
              "duration": 12869,
              "state": "passed",
              "speed": "slow",
              "pass": true,
              "fail": false,
              "pending": false,
              "context": null,
              "code": "await utilFun.visit(baseUrl + '/hrDashboard');\nawait utilFun.wait(3000);\nawait hrLeaveDashboard.clickCreateLeaveBtn()\nawait hrLeaveDashboard.selectAResource('Muhammad Bilal Rafaqat')\nawait hrLeaveDashboard.selectLeaveType('Casual Leave')\nawait hrLeaveDashboard.selectLeaveCategory('Half Leave')\nawait hrLeaveDashboard.selectHalfLeaveShift('First Half')\nawait utilFun.wait(1000);\nawait hrLeaveDashboard.setStartDate('11-09-2023');\nawait utilFun.wait(1000);\nawait hrLeaveDashboard.setEndDate('11-09-2023');\nawait myLeaves.typeReason('testing');\nawait hrLeaveDashboard.clickSubmitBtn();\nconst alertText = await hrLeaveDashboard.checkAlert();\nassert.equal(alertText, 'Leave request created successfully');",
              "err": {},
              "uuid": "4b4b6698-04c2-4f56-ac17-972694798916",
              "parentUUID": "09e73f67-d425-4782-93a4-1c3c4d473f08",
              "isHook": false,
              "skipped": false
            },
            {
              "title": "should able to create Casual Second Half leave from Hr Dashboard",
              "fullTitle": "hr dashboard should able to create Casual Second Half leave from Hr Dashboard",
              "timedOut": false,
              "duration": 12477,
              "state": "passed",
              "speed": "slow",
              "pass": true,
              "fail": false,
              "pending": false,
              "context": null,
              "code": "await utilFun.visit(baseUrl + '/hrDashboard');\nawait utilFun.wait(3000);\nawait hrLeaveDashboard.clickCreateLeaveBtn()\nawait hrLeaveDashboard.selectAResource('Muhammad Bilal Rafaqat')\nawait hrLeaveDashboard.selectLeaveType('Casual Leave')\nawait hrLeaveDashboard.selectLeaveCategory('Half Leave')\nawait hrLeaveDashboard.selectHalfLeaveShift('Second Half')\nawait utilFun.wait(1000);\nawait hrLeaveDashboard.setStartDate('12-09-2023');\nawait utilFun.wait(1000);\nawait hrLeaveDashboard.setEndDate('12-09-2023');\nawait myLeaves.typeReason('testing');\nawait hrLeaveDashboard.clickSubmitBtn();\nconst alertText = await hrLeaveDashboard.checkAlert();\nassert.equal(alertText, 'Leave request created successfully');",
              "err": {},
              "uuid": "b5bc5015-87cd-41a8-a340-87881dc02803",
              "parentUUID": "09e73f67-d425-4782-93a4-1c3c4d473f08",
              "isHook": false,
              "skipped": false
            },
            {
              "title": "should able to create Sick full leave from Hr Dashboard",
              "fullTitle": "hr dashboard should able to create Sick full leave from Hr Dashboard",
              "timedOut": false,
              "duration": 12545,
              "state": "passed",
              "speed": "slow",
              "pass": true,
              "fail": false,
              "pending": false,
              "context": null,
              "code": "await utilFun.visit(baseUrl + '/hrDashboard');\nawait utilFun.wait(3000);\nawait hrLeaveDashboard.clickCreateLeaveBtn()\nawait hrLeaveDashboard.selectAResource('Muhammad Bilal Rafaqat')\nawait hrLeaveDashboard.selectLeaveType('Sick Leave')\nawait hrLeaveDashboard.selectLeaveCategory('Full Leave')\nawait utilFun.wait(1000);\nawait hrLeaveDashboard.setStartDate('13-09-2023');\nawait utilFun.wait(1000);\nawait hrLeaveDashboard.setEndDate('13-09-2023');\nawait myLeaves.typeReason('testing');\nawait hrLeaveDashboard.clickSubmitBtn();\nconst alertText = await hrLeaveDashboard.checkAlert();\nassert.equal(alertText, 'Leave request created successfully');",
              "err": {},
              "uuid": "f67cfb1b-cc2a-41c0-bd88-42b6a4bbc69e",
              "parentUUID": "09e73f67-d425-4782-93a4-1c3c4d473f08",
              "isHook": false,
              "skipped": false
            },
            {
              "title": "should able to create Sick First Half leave from Hr Dashboard",
              "fullTitle": "hr dashboard should able to create Sick First Half leave from Hr Dashboard",
              "timedOut": false,
              "duration": 12266,
              "state": "passed",
              "speed": "slow",
              "pass": true,
              "fail": false,
              "pending": false,
              "context": null,
              "code": "await utilFun.visit(baseUrl + '/hrDashboard');\nawait utilFun.wait(3000);\nawait hrLeaveDashboard.clickCreateLeaveBtn()\nawait hrLeaveDashboard.selectAResource('Muhammad Bilal Rafaqat')\nawait hrLeaveDashboard.selectLeaveType('Sick Leave')\nawait hrLeaveDashboard.selectLeaveCategory('Half Leave')\nawait hrLeaveDashboard.selectHalfLeaveShift('First Half')\nawait utilFun.wait(1000);\nawait hrLeaveDashboard.setStartDate('14-09-2023');\nawait utilFun.wait(1000);\nawait hrLeaveDashboard.setEndDate('14-09-2023');\nawait myLeaves.typeReason('testing');\nawait hrLeaveDashboard.clickSubmitBtn();\nconst alertText = await hrLeaveDashboard.checkAlert();\nassert.equal(alertText, 'Leave request created successfully');",
              "err": {},
              "uuid": "6e75c4d2-a0d7-48ce-9f31-e53a465efea9",
              "parentUUID": "09e73f67-d425-4782-93a4-1c3c4d473f08",
              "isHook": false,
              "skipped": false
            },
            {
              "title": "should able to create Sick Second Half leave from Hr Dashboard",
              "fullTitle": "hr dashboard should able to create Sick Second Half leave from Hr Dashboard",
              "timedOut": false,
              "duration": 12271,
              "state": "passed",
              "speed": "slow",
              "pass": true,
              "fail": false,
              "pending": false,
              "context": null,
              "code": "await utilFun.visit(baseUrl + '/hrDashboard');\nawait utilFun.wait(3000);\nawait hrLeaveDashboard.clickCreateLeaveBtn()\nawait hrLeaveDashboard.selectAResource('Muhammad Bilal Rafaqat')\nawait hrLeaveDashboard.selectLeaveType('Sick Leave')\nawait hrLeaveDashboard.selectLeaveCategory('Half Leave')\nawait hrLeaveDashboard.selectHalfLeaveShift('Second Half')\nawait utilFun.wait(1000);\nawait hrLeaveDashboard.setStartDate('15-09-2023');\nawait utilFun.wait(1000);\nawait hrLeaveDashboard.setEndDate('15-09-2023');\nawait myLeaves.typeReason('testing');\nawait hrLeaveDashboard.clickSubmitBtn();\nconst alertText = await hrLeaveDashboard.checkAlert();\nassert.equal(alertText, 'Leave request created successfully');",
              "err": {},
              "uuid": "9c2e22cd-cbe0-4172-b2a7-309bd90e8ca1",
              "parentUUID": "09e73f67-d425-4782-93a4-1c3c4d473f08",
              "isHook": false,
              "skipped": false
            },
            {
              "title": "should able to create Un-Paid full leave from Hr Dashboard",
              "fullTitle": "hr dashboard should able to create Un-Paid full leave from Hr Dashboard",
              "timedOut": false,
              "duration": 12101,
              "state": "passed",
              "speed": "slow",
              "pass": true,
              "fail": false,
              "pending": false,
              "context": null,
              "code": "await utilFun.visit(baseUrl + '/hrDashboard');\nawait utilFun.wait(3000);\nawait hrLeaveDashboard.clickCreateLeaveBtn()\nawait hrLeaveDashboard.selectAResource('Muhammad Bilal Rafaqat')\nawait hrLeaveDashboard.selectLeaveType('Un-Paid Leave')\nawait hrLeaveDashboard.selectLeaveCategory('Full Leave')\nawait utilFun.wait(1000);\nawait hrLeaveDashboard.setStartDate('16-09-2023');\nawait utilFun.wait(1000);\nawait hrLeaveDashboard.setEndDate('16-09-2023');\nawait myLeaves.typeReason('testing');\nawait hrLeaveDashboard.clickSubmitBtn();\nconst alertText = await hrLeaveDashboard.checkAlert();\nassert.equal(alertText, 'Leave request created successfully');",
              "err": {},
              "uuid": "b72effd5-67b2-4c72-b9a6-23458d4de401",
              "parentUUID": "09e73f67-d425-4782-93a4-1c3c4d473f08",
              "isHook": false,
              "skipped": false
            },
            {
              "title": "should able to create Un-Paid First Half leave from Hr Dashboard",
              "fullTitle": "hr dashboard should able to create Un-Paid First Half leave from Hr Dashboard",
              "timedOut": false,
              "duration": 12582,
              "state": "passed",
              "speed": "slow",
              "pass": true,
              "fail": false,
              "pending": false,
              "context": null,
              "code": "await utilFun.visit(baseUrl + '/hrDashboard');\nawait utilFun.wait(3000);\nawait hrLeaveDashboard.clickCreateLeaveBtn()\nawait hrLeaveDashboard.selectAResource('Muhammad Bilal Rafaqat')\nawait hrLeaveDashboard.selectLeaveType('Un-Paid Leave')\nawait hrLeaveDashboard.selectLeaveCategory('Half Leave')\nawait hrLeaveDashboard.selectHalfLeaveShift('First Half')\nawait utilFun.wait(1000);\nawait hrLeaveDashboard.setStartDate('17-09-2023');\nawait utilFun.wait(1000);\nawait hrLeaveDashboard.setEndDate('17-09-2023');\nawait myLeaves.typeReason('testing');\nawait hrLeaveDashboard.clickSubmitBtn();\nconst alertText = await hrLeaveDashboard.checkAlert();\nassert.equal(alertText, 'Leave request created successfully');",
              "err": {},
              "uuid": "5d1090de-68b7-4c84-a9ca-1a06452f11f6",
              "parentUUID": "09e73f67-d425-4782-93a4-1c3c4d473f08",
              "isHook": false,
              "skipped": false
            },
            {
              "title": "should able to create Un-Paid Second Half leave from Hr Dashboard",
              "fullTitle": "hr dashboard should able to create Un-Paid Second Half leave from Hr Dashboard",
              "timedOut": false,
              "duration": 12196,
              "state": "passed",
              "speed": "slow",
              "pass": true,
              "fail": false,
              "pending": false,
              "context": null,
              "code": "await utilFun.visit(baseUrl + '/hrDashboard');\nawait utilFun.wait(3000);\nawait hrLeaveDashboard.clickCreateLeaveBtn()\nawait hrLeaveDashboard.selectAResource('Muhammad Bilal Rafaqat')\nawait hrLeaveDashboard.selectLeaveType('Un-Paid Leave')\nawait hrLeaveDashboard.selectLeaveCategory('Half Leave')\nawait hrLeaveDashboard.selectHalfLeaveShift('Second Half')\nawait utilFun.wait(1000);\nawait hrLeaveDashboard.setStartDate('18-09-2023');\nawait utilFun.wait(1000);\nawait hrLeaveDashboard.setEndDate('18-09-2023');\nawait myLeaves.typeReason('testing');\nawait hrLeaveDashboard.clickSubmitBtn();\nconst alertText = await hrLeaveDashboard.checkAlert();\nassert.equal(alertText, 'Leave request created successfully');",
              "err": {},
              "uuid": "d830a8d2-9f8e-405b-9279-da5b02615686",
              "parentUUID": "09e73f67-d425-4782-93a4-1c3c4d473f08",
              "isHook": false,
              "skipped": false
            }
          ],
          "suites": [],
          "passes": [
            "90431841-60c4-4d0c-a61b-d6f9e0d69c2a",
            "e85ae2af-c353-40ae-a339-7e82f68799f5",
            "c49f1487-b0c5-49b0-9b78-13182c172167",
            "ba29c4f4-1180-49e2-8a31-c4fa8f778b0b",
            "fc27207d-ab9f-4e47-bcec-a1a8d512748f",
            "bf51c0ab-cbb5-4658-b31d-51b780fd4439",
            "3926fd34-1a25-45b3-a5c6-710f6c2c3e8d",
            "7b40662d-ad21-408a-b0d3-7dc6abd82b38",
            "435b3b62-796b-4deb-9de7-db19aa34c356",
            "8d6932c7-31fa-4a12-a4bc-bac7f1d859b7",
            "134e2cf1-80af-4b21-8f8e-3493494c31d9",
            "026d5182-b1b5-4aed-ae58-ddcb79638f79",
            "58ec5ea1-2941-4133-9bbc-4bf4693ff9cd",
            "5f738714-3893-4ac3-b62b-eeb7aa4d7823",
            "45ac0230-6608-4922-a822-c0199839a42f",
            "4b4b6698-04c2-4f56-ac17-972694798916",
            "b5bc5015-87cd-41a8-a340-87881dc02803",
            "f67cfb1b-cc2a-41c0-bd88-42b6a4bbc69e",
            "6e75c4d2-a0d7-48ce-9f31-e53a465efea9",
            "9c2e22cd-cbe0-4172-b2a7-309bd90e8ca1",
            "b72effd5-67b2-4c72-b9a6-23458d4de401",
            "5d1090de-68b7-4c84-a9ca-1a06452f11f6",
            "d830a8d2-9f8e-405b-9279-da5b02615686"
          ],
          "failures": [],
          "pending": [],
          "skipped": [],
          "duration": 200311,
          "root": false,
          "rootEmpty": false,
          "_timeout": 60000
        }
      ],
      "passes": [],
      "failures": [],
      "pending": [],
      "skipped": [],
      "duration": 0,
      "root": true,
      "rootEmpty": true,
      "_timeout": 60000
    }
  ],
  "meta": {
    "mocha": {
      "version": "10.2.0"
    },
    "mochawesome": {
      "options": {
        "quiet": false,
        "reportFilename": "mochawesome",
        "saveHtml": true,
        "saveJson": true,
        "consoleReporter": "spec",
        "useInlineDiffs": false,
        "code": true
      },
      "version": "7.1.3"
    },
    "marge": {
      "options": {
        "reportDir": "test/report"
      },
      "version": "6.2.0"
    }
  }
}