{
  "stats": {
    "suites": 21,
    "tests": 564,
    "passes": 394,
    "pending": 38,
    "failures": 132,
    "start": "2024-03-12T06:23:24.179Z",
    "end": "2024-03-12T07:58:33.399Z",
    "duration": 5709220,
    "testsRegistered": 564,
    "passPercent": 74.90494296577947,
    "pendingPercent": 6.73758865248227,
    "other": 0,
    "hasOther": false,
    "skipped": 0,
    "hasSkipped": false
  },
  "results": [
    {
      "uuid": "17f8e015-d1a1-4998-ac8f-7f294a8cc5f8",
      "title": "",
      "fullFile": "",
      "file": "",
      "beforeHooks": [],
      "afterHooks": [],
      "tests": [],
      "suites": [
        {
          "uuid": "cc0f7edf-5bb5-401a-9b02-83952b6c9f69",
          "title": "Pending Evaluations",
          "fullFile": "/home/devops/invohub/resource-engagement/test/e2e/evaluation/spec_1_pendings.js",
          "file": "/test/e2e/evaluation/spec_1_pendings.js",
          "beforeHooks": [
            {
              "title": "\"before all\" hook in \"Pending Evaluations\"",
              "fullTitle": "Pending Evaluations \"before all\" hook in \"Pending Evaluations\"",
              "timedOut": false,
              "duration": 44956,
              "state": null,
              "speed": null,
              "pass": false,
              "fail": false,
              "pending": false,
              "context": null,
              "code": "let query = [\n  `UPDATE departments SET \"hodId\" = 9474 WHERE id = 9;`,\n  `UPDATE employees SET \"email\" = 'bilal.rafaqat@invozone.de' WHERE id = 9429;`,\n  `UPDATE employees SET \"email\" = 'bilal.rafaqat@invozone.dev' WHERE id = 9474;`,\n];\nawait utilFun.udpateDatabase(query);\nawait utilFun.login(email, password);\nconst url = await utilFun.getUrl();\nassert.equal(url, baseUrl + '/home');\nlet query1 =[\n    `UPDATE employee_evaluations SET \"incrementType\" = 'annual' WHERE id = 26;`,\n    `UPDATE employee_evaluations SET \"processType\" = NULL WHERE id = 26;`,\n    `UPDATE employee_evaluations SET \"reasonForDefer\" = NULL WHERE id = 26;`,\n    `UPDATE employee_evaluations SET \"processDate\" = NULL WHERE id = 26;`,\n    `UPDATE employee_evaluations SET \"feedback\" = NULL WHERE id = 26;`,\n    `DELETE FROM employee_evaluations WHERE \"employeeId\" = 9742 AND \"incrementType\" = 'designation';`,\n    ];\n    await utilFun.udpateDatabase(query1);",
              "err": {},
              "uuid": "d0fc61b7-f297-4a7f-be9f-12dd575261bd",
              "parentUUID": "cc0f7edf-5bb5-401a-9b02-83952b6c9f69",
              "isHook": true,
              "skipped": false
            },
            {
              "title": "\"before each\" hook in \"Pending Evaluations\"",
              "fullTitle": "Pending Evaluations \"before each\" hook in \"Pending Evaluations\"",
              "timedOut": false,
              "duration": 3396,
              "state": null,
              "speed": null,
              "pass": false,
              "fail": false,
              "pending": false,
              "context": null,
              "code": "await utilFun.visit(baseUrl + '/evaluation');\nawait utilFun.wait(3000);",
              "err": {},
              "uuid": "61692128-c83c-4cd3-a95f-0e40cb001417",
              "parentUUID": "cc0f7edf-5bb5-401a-9b02-83952b6c9f69",
              "isHook": true,
              "skipped": false
            }
          ],
          "afterHooks": [],
          "tests": [
            {
              "title": "should check if pending evaluations are showing",
              "fullTitle": "Pending Evaluations should check if pending evaluations are showing",
              "timedOut": false,
              "duration": 41,
              "state": "passed",
              "speed": "medium",
              "pass": true,
              "fail": false,
              "pending": false,
              "context": null,
              "code": "let obj = await evaluation.getAllPendingResourses();\nassert(obj.length > 0, `No Evaluation Found`);",
              "err": {},
              "uuid": "ba4842ab-9060-4fc5-a567-b37f59019583",
              "parentUUID": "cc0f7edf-5bb5-401a-9b02-83952b6c9f69",
              "isHook": false,
              "skipped": false
            },
            {
              "title": "should able to filter resoures by name",
              "fullTitle": "Pending Evaluations should able to filter resoures by name",
              "timedOut": false,
              "duration": 2324,
              "state": "passed",
              "speed": "slow",
              "pass": true,
              "fail": false,
              "pending": false,
              "context": null,
              "code": "await evaluation.clickFilterButton();\nawait evaluation.searchName('James Salinas');\nawait utilFun.wait(1000);\nconst name = await evaluation.getResourseName();\nutilFun.assertEql(name, 'James Salinas');",
              "err": {},
              "uuid": "775462ff-a5d4-431a-9b6e-b7edf8ea385d",
              "parentUUID": "cc0f7edf-5bb5-401a-9b02-83952b6c9f69",
              "isHook": false,
              "skipped": false
            },
            {
              "title": "should able to filter resoures by Review Type",
              "fullTitle": "Pending Evaluations should able to filter resoures by Review Type",
              "timedOut": false,
              "duration": 1806,
              "state": "passed",
              "speed": "slow",
              "pass": true,
              "fail": false,
              "pending": false,
              "context": null,
              "code": "await evaluation.clickFilterButton();\nawait evaluation.selectReviewType('Annual');\nconst valuesCount = await evaluation.checkValues();\nutilFun.assertEql(valuesCount, 1);",
              "err": {},
              "uuid": "d536e679-9d0d-475b-861f-c0783b10b9ce",
              "parentUUID": "cc0f7edf-5bb5-401a-9b02-83952b6c9f69",
              "isHook": false,
              "skipped": false
            },
            {
              "title": "should able to filter resoures by Last Increment",
              "fullTitle": "Pending Evaluations should able to filter resoures by Last Increment",
              "timedOut": false,
              "duration": 1798,
              "state": "passed",
              "speed": "slow",
              "pass": true,
              "fail": false,
              "pending": false,
              "context": null,
              "code": "await evaluation.clickFilterButton();\nawait evaluation.selectLastIncrement('N/A');\nconst valuesCount = await evaluation.checkValues();\nutilFun.assertEql(valuesCount, 1);",
              "err": {},
              "uuid": "b3bc8a11-d013-41f3-866d-d46ea53d30da",
              "parentUUID": "cc0f7edf-5bb5-401a-9b02-83952b6c9f69",
              "isHook": false,
              "skipped": false
            },
            {
              "title": "should able to  copy email from options",
              "fullTitle": "Pending Evaluations should able to  copy email from options",
              "timedOut": false,
              "duration": 6837,
              "state": "passed",
              "speed": "slow",
              "pass": true,
              "fail": false,
              "pending": false,
              "context": null,
              "code": "await evaluation.clickFilterButton();\nawait evaluation.searchName('James Salinas');\nawait utilFun.wait(1000);\nconst name = await evaluation.getResourseName();\nutilFun.assertEql(name, 'James Salinas');\nawait evaluation.clickOptionBtn();\nawait utilFun.wait(1000);\nawait evaluation.selectOption('Copy Email');\nawait utilFun.wait(3000);\nconst alertText = await evaluation.checkAlert();\nutilFun.assertEql(alertText, 'Email address is copied');",
              "err": {},
              "uuid": "bb8e5d57-207c-4c8f-bcec-d58e53f71fbf",
              "parentUUID": "cc0f7edf-5bb5-401a-9b02-83952b6c9f69",
              "isHook": false,
              "skipped": false
            },
            {
              "title": "should able to Send Email from options",
              "fullTitle": "Pending Evaluations should able to Send Email from options",
              "timedOut": false,
              "duration": 14262,
              "state": "passed",
              "speed": "slow",
              "pass": true,
              "fail": false,
              "pending": false,
              "context": null,
              "code": "await evaluation.clickFilterButton();\nawait evaluation.searchName('James Salinas');\nawait utilFun.wait(1000);\nconst name = await evaluation.getResourseName();\nutilFun.assertEql(name, 'James Salinas');\nawait evaluation.clickOptionBtn();\nawait utilFun.wait(1000);\nawait evaluation.selectOption('Send Email');\nawait utilFun.wait(1000);\nawait utilFun.switchWindow(1);\nawait utilFun.wait(3000);\nconst url = await utilFun.getUrl();\nassert.equal(url, 'https://mail.google.com/mail/u/0/?fs=1&tf=cm&to=james@robot-mail.com');\nawait utilFun.closeCurrentTab();\nawait utilFun.switchWindow(0);",
              "err": {},
              "uuid": "16f81dd4-ed3b-4616-96ca-61c13e9d18a8",
              "parentUUID": "cc0f7edf-5bb5-401a-9b02-83952b6c9f69",
              "isHook": false,
              "skipped": false
            },
            {
              "title": "should able to Open Slack DM from options",
              "fullTitle": "Pending Evaluations should able to Open Slack DM from options",
              "timedOut": false,
              "duration": 7876,
              "state": "passed",
              "speed": "slow",
              "pass": true,
              "fail": false,
              "pending": false,
              "context": null,
              "code": "await evaluation.clickFilterButton();\nawait evaluation.searchName('James Salinas');\nawait utilFun.wait(1000);\nconst name = await evaluation.getResourseName();\nutilFun.assertEql(name, 'James Salinas');\nawait evaluation.clickOptionBtn();\nawait utilFun.wait(1000);\nawait evaluation.selectOption('Open Slack DM');\nawait utilFun.wait(1000);\nawait utilFun.switchWindow(1);\nawait utilFun.wait(3000);\nconst url = await utilFun.getUrl();\nassert.equal(url, 'https://invozone.slack.com/?redir=%2Fapp_redirect%3Fchannel%3Dundefined');\nawait utilFun.closeCurrentTab();\nawait utilFun.switchWindow(0);",
              "err": {},
              "uuid": "70df8073-059e-4c57-93e2-e5fc85cb25c2",
              "parentUUID": "cc0f7edf-5bb5-401a-9b02-83952b6c9f69",
              "isHook": false,
              "skipped": false
            },
            {
              "title": "should able to see Email from options",
              "fullTitle": "Pending Evaluations should able to see Email from options",
              "timedOut": false,
              "duration": 6499,
              "state": "passed",
              "speed": "slow",
              "pass": true,
              "fail": false,
              "pending": false,
              "context": null,
              "code": "await evaluation.clickFilterButton();\nawait evaluation.searchName('James Salinas');\nawait utilFun.wait(1000);\nconst name = await evaluation.getResourseName();\nutilFun.assertEql(name, 'James Salinas');\nawait evaluation.clickOptionBtn();\nawait utilFun.wait(1000);\nawait evaluation.selectOption('See Email');\nawait utilFun.wait(3000);\nconst email = await evaluation.copyEmail();\nassert.equal(email, 'Email: james@robot-mail.com');",
              "err": {},
              "uuid": "ada83dc8-a07e-47d3-810f-f319b5de194e",
              "parentUUID": "cc0f7edf-5bb5-401a-9b02-83952b6c9f69",
              "isHook": false,
              "skipped": false
            },
            {
              "title": "should able to copy Phone Number from options",
              "fullTitle": "Pending Evaluations should able to copy Phone Number from options",
              "timedOut": false,
              "duration": 7102,
              "state": "passed",
              "speed": "slow",
              "pass": true,
              "fail": false,
              "pending": false,
              "context": null,
              "code": "await evaluation.clickFilterButton();\nawait evaluation.searchName('James Salinas');\nawait utilFun.wait(1000);\nconst name = await evaluation.getResourseName();\nutilFun.assertEql(name, 'James Salinas');\nawait evaluation.clickOptionBtn();\nawait utilFun.wait(1000);\nawait evaluation.selectOption('Phone Number');\nawait utilFun.wait(3000);\nawait evaluation.copyPhoneNumber();\nconst alertText = await evaluation.checkAlert();\nassert.equal(alertText, 'Phone# is copied successfully');",
              "err": {},
              "uuid": "b396daea-ae9f-48e8-b7fb-859b0868731d",
              "parentUUID": "cc0f7edf-5bb5-401a-9b02-83952b6c9f69",
              "isHook": false,
              "skipped": false
            },
            {
              "title": "should able to see Resource Details from options",
              "fullTitle": "Pending Evaluations should able to see Resource Details from options",
              "timedOut": false,
              "duration": 4770,
              "state": "passed",
              "speed": "slow",
              "pass": true,
              "fail": false,
              "pending": false,
              "context": null,
              "code": "await evaluation.clickFilterButton();\nawait evaluation.searchName('James Salinas');\nawait utilFun.wait(1000);\nconst name = await evaluation.getResourseName();\nutilFun.assertEql(name, 'James Salinas');\nawait evaluation.clickResource();\nawait utilFun.wait(1000);\nawait utilFun.switchWindow(1);\nawait utilFun.wait(1000);\nconst url = await utilFun.getUrl();\nassert.equal(url, 'http://localhost:3000/resource-detail/9742?tab=Basic_Information');\nawait utilFun.closeCurrentTab();\nawait utilFun.switchWindow(0);",
              "err": {},
              "uuid": "c795669a-dc67-45fd-b731-f485eb2c7d9f",
              "parentUUID": "cc0f7edf-5bb5-401a-9b02-83952b6c9f69",
              "isHook": false,
              "skipped": false
            },
            {
              "title": "should able to see employee history",
              "fullTitle": "Pending Evaluations should able to see employee history",
              "timedOut": false,
              "duration": 3339,
              "state": "passed",
              "speed": "slow",
              "pass": true,
              "fail": false,
              "pending": false,
              "context": null,
              "code": "await evaluation.clickFilterButton();\nawait evaluation.searchName('James Salinas');\nawait utilFun.wait(1000);\nconst name = await evaluation.getResourseName();\nutilFun.assertEql(name, 'James Salinas');\nawait evaluation.clickSeeFeedback();\nawait utilFun.wait(1000);\nconst title = await evaluation.checkTitle();\nutilFun.assertEql(title, 'Feedback History of James Salinas');\nawait evaluation.checkSelectedTab();",
              "err": {},
              "uuid": "53a9956b-e1b8-4c12-bfe2-f318350a7d67",
              "parentUUID": "cc0f7edf-5bb5-401a-9b02-83952b6c9f69",
              "isHook": false,
              "skipped": false
            },
            {
              "title": "should able to request a review",
              "fullTitle": "Pending Evaluations should able to request a review",
              "timedOut": false,
              "duration": 7509,
              "state": "passed",
              "speed": "slow",
              "pass": true,
              "fail": false,
              "pending": false,
              "context": null,
              "code": "await evaluation.clickFilterButton();\nawait evaluation.searchName('James Salinas');\nawait utilFun.wait(1000);\nconst name = await evaluation.getResourseName();\nutilFun.assertEql(name, 'James Salinas');\nawait evaluation.clickSeeFeedback();\nawait utilFun.wait(1000);\nawait evaluation.clickSubmittedReview();\nawait evaluation.clickReqReviewBtn();\nawait utilFun.wait(1000);\nawait evaluation.clickHod('Muhammad Bilal Rafaqat');\nawait evaluation.clickSendReqBtn();\nconst alertText = await evaluation.checkAlert();\nutilFun.assertEql(alertText, 'Request is send successfully.');",
              "err": {},
              "uuid": "7e822688-b664-492f-9fdf-409980f5ed80",
              "parentUUID": "cc0f7edf-5bb5-401a-9b02-83952b6c9f69",
              "isHook": false,
              "skipped": false
            },
            {
              "title": "should able to give a review",
              "fullTitle": "Pending Evaluations should able to give a review",
              "timedOut": false,
              "duration": 13580,
              "state": "passed",
              "speed": "slow",
              "pass": true,
              "fail": false,
              "pending": false,
              "context": null,
              "code": "const query = [\n  `UPDATE employees SET \"departmentId\" = 9 WHERE id = 9474;`,\n  `UPDATE employees SET \"designationId\" = 83 WHERE id = 9474;`,\n  `UPDATE employees SET \"designation\" = 'Head of Engineering' WHERE id = 9474;`,\n];\nawait utilFun.udpateDatabase(query);\nawait utilFun.refresh();\nawait evaluation.clickFilterButton();\nawait evaluation.searchName('James Salinas');\nawait utilFun.wait(1000);\nconst name = await evaluation.getResourseName();\nutilFun.assertEql(name, 'James Salinas');\nawait evaluation.clickSeeFeedback();\nawait utilFun.wait(1000);\nawait evaluation.clickSubmittedReview();\nawait utilFun.wait(1000);\nawait evaluation.clickAddFeedback();\n// await feedbackForm.enterDate('03092023');\nawait feedbackForm.selectFeedbackDuration('6 Months');\nawait feedbackForm.selectNextReviewType('Annual');\nawait feedbackForm.selectRevisedDesignation('Software Engineer');\nawait feedbackForm.selectRevisedDesignationCategory('Automation');\nawait feedbackForm.typeIncreament('200000');\nawait feedbackForm.typeDescription('testingggg');\nawait feedbackForm.clickSubmit();\nconst alertText = await evaluation.checkAlert();\nutilFun.assertEql(alertText, 'Increment status is updated successfully');",
              "err": {},
              "uuid": "ef31436e-1d58-4fb9-b195-cbd9c0ea3b4b",
              "parentUUID": "cc0f7edf-5bb5-401a-9b02-83952b6c9f69",
              "isHook": false,
              "skipped": false
            },
            {
              "title": "should able to edit review form",
              "fullTitle": "Pending Evaluations should able to edit review form",
              "timedOut": false,
              "duration": 9395,
              "state": "passed",
              "speed": "slow",
              "pass": true,
              "fail": false,
              "pending": false,
              "context": null,
              "code": "await evaluation.clickFilterButton();\nawait evaluation.searchName('James Salinas');\nawait utilFun.wait(1000);\nconst name = await evaluation.getResourseName();\nutilFun.assertEql(name, 'James Salinas');\nawait evaluation.clickEditForm();\nawait utilFun.wait(1000);\n// await feedbackForm.enterDate('03102023');\nawait feedbackForm.selectFeedbackDuration('3 Months');\nawait feedbackForm.selectNextReviewType('Annual');\nawait feedbackForm.selectRevisedDesignation('Software Engineer');\nawait feedbackForm.typeIncreament('200000');\nawait feedbackForm.typeDescription('updated');\nawait feedbackForm.clickSubmit();\nconst alertText = await evaluation.checkAlert();\nutilFun.assertEql(alertText, 'Increment status is updated successfully');",
              "err": {},
              "uuid": "3f513d4c-279e-48ec-84f0-b75999f92a45",
              "parentUUID": "cc0f7edf-5bb5-401a-9b02-83952b6c9f69",
              "isHook": false,
              "skipped": false
            },
            {
              "title": "should able to defer review",
              "fullTitle": "Pending Evaluations should able to defer review",
              "timedOut": false,
              "duration": 7076,
              "state": "passed",
              "speed": "slow",
              "pass": true,
              "fail": false,
              "pending": false,
              "context": null,
              "code": "const query = [\n  `UPDATE employees SET \"designation\" = 'HR' WHERE id = 9474;`,\n  `UPDATE employees SET \"departmentId\" = 7 WHERE id = 9474;`,\n  `UPDATE employees SET \"designationId\" = 77 WHERE id = 9474;`,\n];\nawait utilFun.udpateDatabase(query);\nawait utilFun.refresh();\nawait evaluation.clickFilterButton();\nawait evaluation.searchName('James Salinas');\nawait utilFun.wait(1000);\nconst name = await evaluation.getResourseName();\nutilFun.assertEql(name, 'James Salinas');\nawait evaluation.clickDefer();\nawait evaluation.clickDeferType();\nawait utilFun.wait(1000);\nawait evaluation.selectDeferType('2 Weeks');\nawait evaluation.typeDeferReason('testing');\nawait evaluation.clickSubmitBtn();\nconst alertText = await evaluation.checkAlert();\nutilFun.assertEql(alertText, 'Increment status is updated successfully');",
              "err": {},
              "uuid": "ee1fcb21-5738-4bb4-9435-090a9d8697fa",
              "parentUUID": "cc0f7edf-5bb5-401a-9b02-83952b6c9f69",
              "isHook": false,
              "skipped": false
            },
            {
              "title": "should able to complete review",
              "fullTitle": "Pending Evaluations should able to complete review",
              "timedOut": false,
              "duration": 10116,
              "state": "passed",
              "speed": "slow",
              "pass": true,
              "fail": false,
              "pending": false,
              "context": null,
              "code": "const query = [\n  `UPDATE employees SET \"designation\" = 'HR' WHERE id = 9474;`,\n  `UPDATE employees SET \"departmentId\" = 7 WHERE id = 9474;`,\n  `UPDATE employees SET \"designationId\" = 77 WHERE id = 9474;`,\n  `UPDATE employee_evaluations SET \"processType\" = NULL WHERE id = 26;`,\n  `UPDATE employee_evaluations SET \"reasonForDefer\" = NULL WHERE id = 26;`,\n  `UPDATE employee_evaluations SET \"processDate\" = NULL WHERE id = 26;`,\n];\nawait utilFun.udpateDatabase(query);\nawait utilFun.refresh();\nawait evaluation.clickFilterButton();\nawait evaluation.searchName('James Salinas');\nawait utilFun.wait(1000);\nconst name = await evaluation.getResourseName();\nutilFun.assertEql(name, 'James Salinas');\nawait evaluation.clickComplete();\n//await feedbackForm.enterDate('03102023');\nawait feedbackForm.selectFeedbackDuration('3 Months');\nawait feedbackForm.selectNextReviewType('Annual');\nawait feedbackForm.selectRevisedDesignation('Software Engineer');\nawait feedbackForm.typeIncreament('200000');\nawait feedbackForm.clickSubmit();\nconst alertText = await evaluation.checkAlert();\nutilFun.assertEql(alertText, 'Increment status is updated successfully');",
              "err": {},
              "uuid": "31dbbbb3-4adb-4dd9-8f07-a6665181fd8d",
              "parentUUID": "cc0f7edf-5bb5-401a-9b02-83952b6c9f69",
              "isHook": false,
              "skipped": false
            }
          ],
          "suites": [],
          "passes": [
            "ba4842ab-9060-4fc5-a567-b37f59019583",
            "775462ff-a5d4-431a-9b6e-b7edf8ea385d",
            "d536e679-9d0d-475b-861f-c0783b10b9ce",
            "b3bc8a11-d013-41f3-866d-d46ea53d30da",
            "bb8e5d57-207c-4c8f-bcec-d58e53f71fbf",
            "16f81dd4-ed3b-4616-96ca-61c13e9d18a8",
            "70df8073-059e-4c57-93e2-e5fc85cb25c2",
            "ada83dc8-a07e-47d3-810f-f319b5de194e",
            "b396daea-ae9f-48e8-b7fb-859b0868731d",
            "c795669a-dc67-45fd-b731-f485eb2c7d9f",
            "53a9956b-e1b8-4c12-bfe2-f318350a7d67",
            "7e822688-b664-492f-9fdf-409980f5ed80",
            "ef31436e-1d58-4fb9-b195-cbd9c0ea3b4b",
            "3f513d4c-279e-48ec-84f0-b75999f92a45",
            "ee1fcb21-5738-4bb4-9435-090a9d8697fa",
            "31dbbbb3-4adb-4dd9-8f07-a6665181fd8d"
          ],
          "failures": [],
          "pending": [],
          "skipped": [],
          "duration": 104330,
          "root": false,
          "rootEmpty": false,
          "_timeout": 100000
        },
        {
          "uuid": "829c7d6d-b3d4-4dc6-a04e-75151c8af8c5",
          "title": "Performance Base Evaluations",
          "fullFile": "/home/devops/invohub/resource-engagement/test/e2e/evaluation/spec_2_performance.js",
          "file": "/test/e2e/evaluation/spec_2_performance.js",
          "beforeHooks": [
            {
              "title": "\"before all\" hook in \"Performance Base Evaluations\"",
              "fullTitle": "Performance Base Evaluations \"before all\" hook in \"Performance Base Evaluations\"",
              "timedOut": false,
              "duration": 10318,
              "state": null,
              "speed": null,
              "pass": false,
              "fail": false,
              "pending": false,
              "context": null,
              "code": "await utilFun.loginAccount()\nconst url = await utilFun.getUrl();\nassert.equal(url, baseUrl + '/home');\nlet query = [\n  `UPDATE employee_evaluations SET \"incrementType\" = 'performance' WHERE id = 26;`,\n  `UPDATE employees SET \"designation\" = 'Software Engineer' WHERE id = 9474;`,\n  `UPDATE employees SET \"departmentId\" = 9 WHERE id = 9474;`,\n  `UPDATE employees SET \"designationId\" = 138 WHERE id = 9474;`,\n  `UPDATE employee_evaluations SET \"processType\" = NULL WHERE id = 26;`,\n  `UPDATE employee_evaluations SET \"reasonForDefer\" = NULL WHERE id = 26;`,\n  `UPDATE employee_evaluations SET \"processDate\" = NULL WHERE id = 26;`,\n  `UPDATE employee_evaluations SET \"feedback\" = NULL WHERE id = 26;`,\n];\nawait utilFun.udpateDatabase(query);",
              "err": {},
              "uuid": "48b4aef0-c5b2-4a48-983f-ef70d1e612e6",
              "parentUUID": "829c7d6d-b3d4-4dc6-a04e-75151c8af8c5",
              "isHook": true,
              "skipped": false
            },
            {
              "title": "\"before each\" hook in \"Performance Base Evaluations\"",
              "fullTitle": "Performance Base Evaluations \"before each\" hook in \"Performance Base Evaluations\"",
              "timedOut": false,
              "duration": 4424,
              "state": null,
              "speed": null,
              "pass": false,
              "fail": false,
              "pending": false,
              "context": null,
              "code": "await utilFun.visit(baseUrl + '/evaluation-performance');\nawait utilFun.wait(4000);",
              "err": {},
              "uuid": "a51ed539-31b9-4903-b724-b59d4b2c4385",
              "parentUUID": "829c7d6d-b3d4-4dc6-a04e-75151c8af8c5",
              "isHook": true,
              "skipped": false
            }
          ],
          "afterHooks": [],
          "tests": [
            {
              "title": "should check if performance evaluations are showing",
              "fullTitle": "Performance Base Evaluations should check if performance evaluations are showing",
              "timedOut": false,
              "duration": 40,
              "state": "passed",
              "speed": "medium",
              "pass": true,
              "fail": false,
              "pending": false,
              "context": null,
              "code": "let obj = await evaluation.getAllPendingResourses();\nassert(obj.length > 0, `No Evaluation Found`);",
              "err": {},
              "uuid": "5a0e18d9-4f8a-4246-8f61-0ec2a14c3708",
              "parentUUID": "829c7d6d-b3d4-4dc6-a04e-75151c8af8c5",
              "isHook": false,
              "skipped": false
            },
            {
              "title": "should able to filter resoures by name",
              "fullTitle": "Performance Base Evaluations should able to filter resoures by name",
              "timedOut": false,
              "duration": 1953,
              "state": "passed",
              "speed": "slow",
              "pass": true,
              "fail": false,
              "pending": false,
              "context": null,
              "code": "await evaluation.clickFilterButton();\nawait evaluation.searchName('James Salinas');\nawait utilFun.wait(1000);\nconst name = await evaluation.getResourseName();\nutilFun.assertEql(name, 'James Salinas');",
              "err": {},
              "uuid": "547adb88-fa12-4f0a-a220-29a7ceadec31",
              "parentUUID": "829c7d6d-b3d4-4dc6-a04e-75151c8af8c5",
              "isHook": false,
              "skipped": false
            },
            {
              "title": "should able to filter resoures by Last Increment",
              "fullTitle": "Performance Base Evaluations should able to filter resoures by Last Increment",
              "timedOut": false,
              "duration": 1550,
              "state": "passed",
              "speed": "slow",
              "pass": true,
              "fail": false,
              "pending": false,
              "context": null,
              "code": "await evaluation.clickFilterButton();\nawait evaluation.selectLastIncrement('N/A');\nconst valuesCount = await evaluation.checkValues();\nutilFun.assertEql(valuesCount, 1);",
              "err": {},
              "uuid": "049b7807-093e-4eb1-937a-484f15639327",
              "parentUUID": "829c7d6d-b3d4-4dc6-a04e-75151c8af8c5",
              "isHook": false,
              "skipped": false
            },
            {
              "title": "should able to  copy email from options",
              "fullTitle": "Performance Base Evaluations should able to  copy email from options",
              "timedOut": false,
              "duration": 3894,
              "state": "passed",
              "speed": "slow",
              "pass": true,
              "fail": false,
              "pending": false,
              "context": null,
              "code": "await evaluation.clickFilterButton();\nawait evaluation.searchName('James Salinas');\nawait utilFun.wait(1000);\nconst name = await evaluation.getResourseName();\nutilFun.assertEql(name, 'James Salinas');\nawait evaluation.clickOptionBtn();\nawait utilFun.wait(1000);\nawait evaluation.selectOption('Copy Email');\nconst alertText = await evaluation.checkAlert();\nutilFun.assertEql(alertText, 'Email address is copied');",
              "err": {},
              "uuid": "ddf4a0e8-5399-471d-851c-74a277f74b3f",
              "parentUUID": "829c7d6d-b3d4-4dc6-a04e-75151c8af8c5",
              "isHook": false,
              "skipped": false
            },
            {
              "title": "should able to Send Email from options",
              "fullTitle": "Performance Base Evaluations should able to Send Email from options",
              "timedOut": false,
              "duration": 7984,
              "state": "passed",
              "speed": "slow",
              "pass": true,
              "fail": false,
              "pending": false,
              "context": null,
              "code": "await evaluation.clickFilterButton();\nawait evaluation.searchName('James Salinas');\nawait utilFun.wait(1000);\nconst name = await evaluation.getResourseName();\nutilFun.assertEql(name, 'James Salinas');\nawait evaluation.clickOptionBtn();\nawait utilFun.wait(1000);\nawait evaluation.selectOption('Send Email');\nawait utilFun.wait(1000);\nawait utilFun.switchWindow(1);\nawait utilFun.wait(3000);\nconst url = await utilFun.getUrl();\nassert.equal(url, 'https://mail.google.com/mail/u/0/?fs=1&tf=cm&to=james@robot-mail.com');\nawait utilFun.closeCurrentTab();\nawait utilFun.switchWindow(0);",
              "err": {},
              "uuid": "5493215c-e800-4683-815c-762c565f2315",
              "parentUUID": "829c7d6d-b3d4-4dc6-a04e-75151c8af8c5",
              "isHook": false,
              "skipped": false
            },
            {
              "title": "should able to Open Slack DM from options",
              "fullTitle": "Performance Base Evaluations should able to Open Slack DM from options",
              "timedOut": false,
              "duration": 8418,
              "state": "passed",
              "speed": "slow",
              "pass": true,
              "fail": false,
              "pending": false,
              "context": null,
              "code": "await evaluation.clickFilterButton();\nawait evaluation.searchName('James Salinas');\nawait utilFun.wait(1000);\nconst name = await evaluation.getResourseName();\nutilFun.assertEql(name, 'James Salinas');\nawait evaluation.clickOptionBtn();\nawait utilFun.wait(1000);\nawait evaluation.selectOption('Open Slack DM');\nawait utilFun.wait(1000);\nawait utilFun.switchWindow(1);\nawait utilFun.wait(3000);\nconst url = await utilFun.getUrl();\nassert.equal(url, 'https://invozone.slack.com/?redir=%2Fapp_redirect%3Fchannel%3Dundefined');\nawait utilFun.closeCurrentTab();\nawait utilFun.switchWindow(0);",
              "err": {},
              "uuid": "07ec472a-c5f9-4a0a-8e08-0bf458d63810",
              "parentUUID": "829c7d6d-b3d4-4dc6-a04e-75151c8af8c5",
              "isHook": false,
              "skipped": false
            },
            {
              "title": "should able to see Email from options",
              "fullTitle": "Performance Base Evaluations should able to see Email from options",
              "timedOut": false,
              "duration": 7318,
              "state": "passed",
              "speed": "slow",
              "pass": true,
              "fail": false,
              "pending": false,
              "context": null,
              "code": "await evaluation.clickFilterButton();\nawait evaluation.searchName('James Salinas');\nawait utilFun.wait(1000);\nconst name = await evaluation.getResourseName();\nutilFun.assertEql(name, 'James Salinas');\nawait evaluation.clickOptionBtn();\nawait utilFun.wait(1000);\nawait evaluation.selectOption('See Email');\nawait utilFun.wait(4000);\nconst email = await evaluation.copyEmail();\nassert.equal(email, 'Email: james@robot-mail.com');",
              "err": {},
              "uuid": "4ab3b25a-4f4c-499e-880b-ecf2c7a98b32",
              "parentUUID": "829c7d6d-b3d4-4dc6-a04e-75151c8af8c5",
              "isHook": false,
              "skipped": false
            },
            {
              "title": "should able to copy Phone Number from options",
              "fullTitle": "Performance Base Evaluations should able to copy Phone Number from options",
              "timedOut": false,
              "duration": 6775,
              "state": "passed",
              "speed": "slow",
              "pass": true,
              "fail": false,
              "pending": false,
              "context": null,
              "code": "await evaluation.clickFilterButton();\nawait evaluation.searchName('James Salinas');\nawait utilFun.wait(1000);\nconst name = await evaluation.getResourseName();\nutilFun.assertEql(name, 'James Salinas');\nawait evaluation.clickOptionBtn();\nawait utilFun.wait(1000);\nawait evaluation.selectOption('Phone Number');\nawait utilFun.wait(3000);\nawait evaluation.copyPhoneNumber();\nconst alertText = await evaluation.checkAlert();\nassert.equal(alertText, 'Phone# is copied successfully');",
              "err": {},
              "uuid": "5c812b13-7cce-4fe9-8b4a-85d174a3337e",
              "parentUUID": "829c7d6d-b3d4-4dc6-a04e-75151c8af8c5",
              "isHook": false,
              "skipped": false
            },
            {
              "title": "should able to see Resource Details from options",
              "fullTitle": "Performance Base Evaluations should able to see Resource Details from options",
              "timedOut": false,
              "duration": 4447,
              "state": "passed",
              "speed": "slow",
              "pass": true,
              "fail": false,
              "pending": false,
              "context": null,
              "code": "await evaluation.clickFilterButton();\nawait evaluation.searchName('James Salinas');\nawait utilFun.wait(1000);\nconst name = await evaluation.getResourseName();\nutilFun.assertEql(name, 'James Salinas');\nawait evaluation.clickResource();\nawait utilFun.wait(1000);\nawait utilFun.switchWindow(1);\nawait utilFun.wait(1000);\nconst url = await utilFun.getUrl();\nassert.equal(url, baseUrl + '/resource-detail/9742?tab=Basic_Information');\nawait utilFun.closeCurrentTab();\nawait utilFun.switchWindow(0);",
              "err": {},
              "uuid": "ca09bb1d-eb53-4440-84c9-243d38906030",
              "parentUUID": "829c7d6d-b3d4-4dc6-a04e-75151c8af8c5",
              "isHook": false,
              "skipped": false
            },
            {
              "title": "should able to see employee history",
              "fullTitle": "Performance Base Evaluations should able to see employee history",
              "timedOut": false,
              "duration": 3184,
              "state": "passed",
              "speed": "slow",
              "pass": true,
              "fail": false,
              "pending": false,
              "context": null,
              "code": "await evaluation.clickFilterButton();\nawait evaluation.searchName('James Salinas');\nawait utilFun.wait(1000);\nconst name = await evaluation.getResourseName();\nutilFun.assertEql(name, 'James Salinas');\nawait evaluation.clickSeeFeedback();\nawait utilFun.wait(1000);\nconst title = await evaluation.checkTitle();\nutilFun.assertEql(title, 'Feedback History of James Salinas');\nawait evaluation.checkSelectedTab();",
              "err": {},
              "uuid": "a2e2e0c0-306a-495b-bb80-3d831b8143e1",
              "parentUUID": "829c7d6d-b3d4-4dc6-a04e-75151c8af8c5",
              "isHook": false,
              "skipped": false
            },
            {
              "title": "should able to request a review",
              "fullTitle": "Performance Base Evaluations should able to request a review",
              "timedOut": false,
              "duration": 7238,
              "state": "passed",
              "speed": "slow",
              "pass": true,
              "fail": false,
              "pending": false,
              "context": null,
              "code": "await evaluation.clickFilterButton();\nawait evaluation.searchName('James Salinas');\nawait utilFun.wait(1000);\nconst name = await evaluation.getResourseName();\nutilFun.assertEql(name, 'James Salinas');\nawait evaluation.clickSeeFeedback();4\nawait utilFun.wait(1000);\nawait evaluation.clickSubmittedReview();\nawait evaluation.clickReqReviewBtn();\nawait utilFun.wait(1000);\nawait evaluation.clickHod('Muhammad Bilal Rafaqat');\nawait evaluation.clickSendReqBtn();\nconst alertText = await evaluation.checkAlert();\nutilFun.assertEql(alertText, 'Request is send successfully.');",
              "err": {},
              "uuid": "1b3f6c50-665c-47c4-b704-f5b5e4fa8b5b",
              "parentUUID": "829c7d6d-b3d4-4dc6-a04e-75151c8af8c5",
              "isHook": false,
              "skipped": false
            },
            {
              "title": "should able to give a review",
              "fullTitle": "Performance Base Evaluations should able to give a review",
              "timedOut": false,
              "duration": 13091,
              "state": "passed",
              "speed": "slow",
              "pass": true,
              "fail": false,
              "pending": false,
              "context": null,
              "code": "const query = [\n  `UPDATE employees SET \"departmentId\" = 9 WHERE id = 9474;`,\n  `UPDATE employees SET \"designationId\" = 83 WHERE id = 9474;`,\n  `UPDATE employees SET \"designation\" = 'Head of Engineering' WHERE id = 9474;`,\n];\nawait utilFun.udpateDatabase(query);\nawait utilFun.refresh();\nawait evaluation.clickFilterButton();\nawait evaluation.searchName('James Salinas');\nawait utilFun.wait(1000);\nconst name = await evaluation.getResourseName();\nutilFun.assertEql(name, 'James Salinas');\nawait evaluation.clickSeeFeedback();\nawait utilFun.wait(1000);\nawait evaluation.clickSubmittedReview();\nawait utilFun.wait(1000);\nawait evaluation.clickAddFeedback();\nawait feedbackForm.enterDate('03092023');\nawait feedbackForm.selectFeedbackDuration('6 Months');\nawait feedbackForm.selectNextReviewType('Annual');\nawait feedbackForm.selectRevisedDesignation('Software Engineer');\nawait feedbackForm.typeIncreament('200000');\nawait feedbackForm.typeDescription('testingggg');\nawait feedbackForm.clickSubmit();\nconst alertText = await evaluation.checkAlert();\nutilFun.assertEql(alertText, 'Increment status is updated successfully');",
              "err": {},
              "uuid": "eefcef63-7502-4cad-8273-834af86c6121",
              "parentUUID": "829c7d6d-b3d4-4dc6-a04e-75151c8af8c5",
              "isHook": false,
              "skipped": false
            },
            {
              "title": "should able to edit review form",
              "fullTitle": "Performance Base Evaluations should able to edit review form",
              "timedOut": false,
              "duration": 9558,
              "state": "passed",
              "speed": "slow",
              "pass": true,
              "fail": false,
              "pending": false,
              "context": null,
              "code": "await evaluation.clickFilterButton();\nawait evaluation.searchName('James Salinas');\nawait utilFun.wait(1000);\nconst name = await evaluation.getResourseName();\nutilFun.assertEql(name, 'James Salinas');\nawait evaluation.clickEditForm();\nawait utilFun.wait(1000);\nawait feedbackForm.enterDate('03102023');\nawait feedbackForm.selectFeedbackDuration('3 Months');\nawait feedbackForm.selectNextReviewType('Annual');\nawait feedbackForm.selectRevisedDesignation('Software Engineer');\nawait feedbackForm.typeIncreament('200000');\nawait feedbackForm.typeDescription('updated');\nawait feedbackForm.clickSubmit();\nconst alertText = await evaluation.checkAlert();\nutilFun.assertEql(alertText, 'Increment status is updated successfully');",
              "err": {},
              "uuid": "270adecb-5e67-49f7-bb3a-bdc150f46270",
              "parentUUID": "829c7d6d-b3d4-4dc6-a04e-75151c8af8c5",
              "isHook": false,
              "skipped": false
            },
            {
              "title": "should able to defer review",
              "fullTitle": "Performance Base Evaluations should able to defer review",
              "timedOut": false,
              "duration": 6789,
              "state": "passed",
              "speed": "slow",
              "pass": true,
              "fail": false,
              "pending": false,
              "context": null,
              "code": "const query = [\n  `UPDATE employees SET \"designation\" = 'HR' WHERE id = 9474;`,\n  `UPDATE employees SET \"departmentId\" = 7 WHERE id = 9474;`,\n  `UPDATE employees SET \"designationId\" = 77 WHERE id = 9474;`,\n];\nawait utilFun.udpateDatabase(query);\nawait utilFun.refresh();\nawait evaluation.clickFilterButton();\nawait evaluation.searchName('James Salinas');\nawait utilFun.wait(1000);\nconst name = await evaluation.getResourseName();\nutilFun.assertEql(name, 'James Salinas');\nawait evaluation.clickDefer();\nawait evaluation.clickDeferType();\nawait utilFun.wait(1000);\nawait evaluation.selectDeferType('2 Weeks');\nawait evaluation.typeDeferReason('testing');\nawait evaluation.clickSubmitBtn();\nconst alertText = await evaluation.checkAlert();\nutilFun.assertEql(alertText, 'Increment status is updated successfully');",
              "err": {},
              "uuid": "e13b3084-952f-48c8-82ea-dbad2bd1fac4",
              "parentUUID": "829c7d6d-b3d4-4dc6-a04e-75151c8af8c5",
              "isHook": false,
              "skipped": false
            },
            {
              "title": "should able to complete review",
              "fullTitle": "Performance Base Evaluations should able to complete review",
              "timedOut": false,
              "duration": 10461,
              "state": "passed",
              "speed": "slow",
              "pass": true,
              "fail": false,
              "pending": false,
              "context": null,
              "code": "const query = [\n  `UPDATE employees SET \"designation\" = 'HR' WHERE id = 9474;`,\n  `UPDATE employees SET \"departmentId\" = 7 WHERE id = 9474;`,\n  `UPDATE employees SET \"designationId\" = 77 WHERE id = 9474;`,\n  `UPDATE employee_evaluations SET \"processType\" = NULL WHERE id = 26;`,\n  `UPDATE employee_evaluations SET \"reasonForDefer\" = NULL WHERE id = 26;`,\n  `UPDATE employee_evaluations SET \"processDate\" = NULL WHERE id = 26;`,\n];\nawait utilFun.udpateDatabase(query);\nawait utilFun.refresh();\nawait evaluation.clickFilterButton();\nawait evaluation.searchName('James Salinas');\nawait utilFun.wait(1000);\nconst name = await evaluation.getResourseName();\nutilFun.assertEql(name, 'James Salinas');\nawait evaluation.clickComplete();\nawait feedbackForm.enterDate('03102023');\nawait feedbackForm.selectFeedbackDuration('3 Months');\nawait feedbackForm.selectNextReviewType('Annual');\nawait feedbackForm.selectRevisedDesignation('Software Engineer');\nawait feedbackForm.typeIncreament('200000');\nawait feedbackForm.clickSubmit();\nconst alertText = await evaluation.checkAlert();\nutilFun.assertEql(alertText, 'Increment status is updated successfully');",
              "err": {},
              "uuid": "a98c385a-5a64-4f51-9e83-88c9cf5f4d75",
              "parentUUID": "829c7d6d-b3d4-4dc6-a04e-75151c8af8c5",
              "isHook": false,
              "skipped": false
            }
          ],
          "suites": [],
          "passes": [
            "5a0e18d9-4f8a-4246-8f61-0ec2a14c3708",
            "547adb88-fa12-4f0a-a220-29a7ceadec31",
            "049b7807-093e-4eb1-937a-484f15639327",
            "ddf4a0e8-5399-471d-851c-74a277f74b3f",
            "5493215c-e800-4683-815c-762c565f2315",
            "07ec472a-c5f9-4a0a-8e08-0bf458d63810",
            "4ab3b25a-4f4c-499e-880b-ecf2c7a98b32",
            "5c812b13-7cce-4fe9-8b4a-85d174a3337e",
            "ca09bb1d-eb53-4440-84c9-243d38906030",
            "a2e2e0c0-306a-495b-bb80-3d831b8143e1",
            "1b3f6c50-665c-47c4-b704-f5b5e4fa8b5b",
            "eefcef63-7502-4cad-8273-834af86c6121",
            "270adecb-5e67-49f7-bb3a-bdc150f46270",
            "e13b3084-952f-48c8-82ea-dbad2bd1fac4",
            "a98c385a-5a64-4f51-9e83-88c9cf5f4d75"
          ],
          "failures": [],
          "pending": [],
          "skipped": [],
          "duration": 92700,
          "root": false,
          "rootEmpty": false,
          "_timeout": 100000
        },
        {
          "uuid": "054ca177-9623-468c-8ad8-e9de77c3ad52",
          "title": "Retention Base Evaluations",
          "fullFile": "/home/devops/invohub/resource-engagement/test/e2e/evaluation/spec_3_retention.js",
          "file": "/test/e2e/evaluation/spec_3_retention.js",
          "beforeHooks": [
            {
              "title": "\"before all\" hook in \"Retention Base Evaluations\"",
              "fullTitle": "Retention Base Evaluations \"before all\" hook in \"Retention Base Evaluations\"",
              "timedOut": false,
              "duration": 9935,
              "state": null,
              "speed": null,
              "pass": false,
              "fail": false,
              "pending": false,
              "context": null,
              "code": "await utilFun.loginAccount()\nconst url = await utilFun.getUrl();\nassert.equal(url, baseUrl + '/home');\nlet query = [\n  `UPDATE employee_evaluations SET \"incrementType\" = 'retention' WHERE id = 26;`,\n  `UPDATE employees SET \"designation\" = 'Software Engineer' WHERE id = 9474;`,\n  `UPDATE employees SET \"departmentId\" = 9 WHERE id = 9474;`,\n  `UPDATE employees SET \"designationId\" = 138 WHERE id = 9474;`,\n  `UPDATE employee_evaluations SET \"processType\" = NULL WHERE id = 26;`,\n  `UPDATE employee_evaluations SET \"reasonForDefer\" = NULL WHERE id = 26;`,\n  `UPDATE employee_evaluations SET \"processDate\" = NULL WHERE id = 26;`,\n  `UPDATE employee_evaluations SET \"feedback\" = NULL WHERE id = 26;`,\n];\nawait utilFun.udpateDatabase(query);",
              "err": {},
              "uuid": "80878dfc-586f-4648-a073-c5968800205a",
              "parentUUID": "054ca177-9623-468c-8ad8-e9de77c3ad52",
              "isHook": true,
              "skipped": false
            },
            {
              "title": "\"before each\" hook in \"Retention Base Evaluations\"",
              "fullTitle": "Retention Base Evaluations \"before each\" hook in \"Retention Base Evaluations\"",
              "timedOut": false,
              "duration": 4383,
              "state": null,
              "speed": null,
              "pass": false,
              "fail": false,
              "pending": false,
              "context": null,
              "code": "await utilFun.visit(baseUrl + '/evaluation-retention');\nawait utilFun.wait(4000);",
              "err": {},
              "uuid": "cd797ef4-bbac-4523-8ce2-5cce63591a69",
              "parentUUID": "054ca177-9623-468c-8ad8-e9de77c3ad52",
              "isHook": true,
              "skipped": false
            }
          ],
          "afterHooks": [],
          "tests": [
            {
              "title": "should check if retention evaluations are showing",
              "fullTitle": "Retention Base Evaluations should check if retention evaluations are showing",
              "timedOut": false,
              "duration": 40,
              "state": "passed",
              "speed": "medium",
              "pass": true,
              "fail": false,
              "pending": false,
              "context": null,
              "code": "let obj = await evaluation.getAllPendingResourses();\nassert(obj.length > 0, `No Evaluation Found`);",
              "err": {},
              "uuid": "c13ff68c-1f26-4b06-bfed-f7b6c8f4279a",
              "parentUUID": "054ca177-9623-468c-8ad8-e9de77c3ad52",
              "isHook": false,
              "skipped": false
            },
            {
              "title": "should able to filter resoures by name",
              "fullTitle": "Retention Base Evaluations should able to filter resoures by name",
              "timedOut": false,
              "duration": 1856,
              "state": "passed",
              "speed": "slow",
              "pass": true,
              "fail": false,
              "pending": false,
              "context": null,
              "code": "await evaluation.clickFilterButton();\nawait evaluation.searchName('James Salinas');\nawait utilFun.wait(1000);\nconst name = await evaluation.getResourseName();\nutilFun.assertEql(name, 'James Salinas');",
              "err": {},
              "uuid": "47c6d875-07af-47cc-8a98-1a061ad9b065",
              "parentUUID": "054ca177-9623-468c-8ad8-e9de77c3ad52",
              "isHook": false,
              "skipped": false
            },
            {
              "title": "should able to filter resoures by Last Increment",
              "fullTitle": "Retention Base Evaluations should able to filter resoures by Last Increment",
              "timedOut": false,
              "duration": 1484,
              "state": "passed",
              "speed": "slow",
              "pass": true,
              "fail": false,
              "pending": false,
              "context": null,
              "code": "await evaluation.clickFilterButton();\nawait evaluation.selectLastIncrement('N/A');\nconst valuesCount = await evaluation.checkValues();\nutilFun.assertEql(valuesCount, 1);",
              "err": {},
              "uuid": "b4abdb11-b275-42c4-9dc2-45b3fda38490",
              "parentUUID": "054ca177-9623-468c-8ad8-e9de77c3ad52",
              "isHook": false,
              "skipped": false
            },
            {
              "title": "should able to  copy email from options",
              "fullTitle": "Retention Base Evaluations should able to  copy email from options",
              "timedOut": false,
              "duration": 3993,
              "state": "passed",
              "speed": "slow",
              "pass": true,
              "fail": false,
              "pending": false,
              "context": null,
              "code": "await evaluation.clickFilterButton();\nawait evaluation.searchName('James Salinas');\nawait utilFun.wait(1000);\nconst name = await evaluation.getResourseName();\nutilFun.assertEql(name, 'James Salinas');\nawait evaluation.clickOptionBtn();\nawait utilFun.wait(1000);\nawait evaluation.selectOption('Copy Email');\nconst alertText = await evaluation.checkAlert();\nutilFun.assertEql(alertText, 'Email address is copied');",
              "err": {},
              "uuid": "0328430b-912f-48eb-a9b6-430a94f48d35",
              "parentUUID": "054ca177-9623-468c-8ad8-e9de77c3ad52",
              "isHook": false,
              "skipped": false
            },
            {
              "title": "should able to Send Email from options",
              "fullTitle": "Retention Base Evaluations should able to Send Email from options",
              "timedOut": false,
              "duration": 8322,
              "state": "passed",
              "speed": "slow",
              "pass": true,
              "fail": false,
              "pending": false,
              "context": null,
              "code": "await evaluation.clickFilterButton();\nawait evaluation.searchName('James Salinas');\nawait utilFun.wait(1000);\nconst name = await evaluation.getResourseName();\nutilFun.assertEql(name, 'James Salinas');\nawait evaluation.clickOptionBtn();\nawait utilFun.wait(1000);\nawait evaluation.selectOption('Send Email');\nawait utilFun.wait(1000);\nawait utilFun.switchWindow(1);\nawait utilFun.wait(3000);\nconst url = await utilFun.getUrl();\nassert.equal(url, 'https://mail.google.com/mail/u/0/?fs=1&tf=cm&to=james@robot-mail.com');\nawait utilFun.closeCurrentTab();\nawait utilFun.switchWindow(0);",
              "err": {},
              "uuid": "88c7f512-68ba-49c5-a601-dbb17951b996",
              "parentUUID": "054ca177-9623-468c-8ad8-e9de77c3ad52",
              "isHook": false,
              "skipped": false
            },
            {
              "title": "should able to Open Slack DM from options",
              "fullTitle": "Retention Base Evaluations should able to Open Slack DM from options",
              "timedOut": false,
              "duration": 7548,
              "state": "passed",
              "speed": "slow",
              "pass": true,
              "fail": false,
              "pending": false,
              "context": null,
              "code": "await evaluation.clickFilterButton();\nawait evaluation.searchName('James Salinas');\nawait utilFun.wait(1000);\nconst name = await evaluation.getResourseName();\nutilFun.assertEql(name, 'James Salinas');\nawait evaluation.clickOptionBtn();\nawait utilFun.wait(1000);\nawait evaluation.selectOption('Open Slack DM');\nawait utilFun.wait(1000);\nawait utilFun.switchWindow(1);\nawait utilFun.wait(3000);\nconst url = await utilFun.getUrl();\nassert.equal(url, 'https://invozone.slack.com/?redir=%2Fapp_redirect%3Fchannel%3Dundefined');\nawait utilFun.closeCurrentTab();\nawait utilFun.switchWindow(0);",
              "err": {},
              "uuid": "9b865d7c-01b2-4108-bd85-8ca66979e41f",
              "parentUUID": "054ca177-9623-468c-8ad8-e9de77c3ad52",
              "isHook": false,
              "skipped": false
            },
            {
              "title": "should able to see Email from options",
              "fullTitle": "Retention Base Evaluations should able to see Email from options",
              "timedOut": false,
              "duration": 7237,
              "state": "passed",
              "speed": "slow",
              "pass": true,
              "fail": false,
              "pending": false,
              "context": null,
              "code": "await evaluation.clickFilterButton();\nawait evaluation.searchName('James Salinas');\nawait utilFun.wait(1000);\nconst name = await evaluation.getResourseName();\nutilFun.assertEql(name, 'James Salinas');\nawait evaluation.clickOptionBtn();\nawait utilFun.wait(1000);\nawait evaluation.selectOption('See Email');\nawait utilFun.wait(4000);\nconst email = await evaluation.copyEmail();\nassert.equal(email, 'Email: james@robot-mail.com');",
              "err": {},
              "uuid": "07728765-1f25-4bd4-a13a-51d48e4657a3",
              "parentUUID": "054ca177-9623-468c-8ad8-e9de77c3ad52",
              "isHook": false,
              "skipped": false
            },
            {
              "title": "should able to copy Phone Number from options",
              "fullTitle": "Retention Base Evaluations should able to copy Phone Number from options",
              "timedOut": false,
              "duration": 6967,
              "state": "passed",
              "speed": "slow",
              "pass": true,
              "fail": false,
              "pending": false,
              "context": null,
              "code": "await evaluation.clickFilterButton();\nawait evaluation.searchName('James Salinas');\nawait utilFun.wait(1000);\nconst name = await evaluation.getResourseName();\nutilFun.assertEql(name, 'James Salinas');\nawait evaluation.clickOptionBtn();\nawait utilFun.wait(1000);\nawait evaluation.selectOption('Phone Number');\nawait utilFun.wait(3000);\nawait evaluation.copyPhoneNumber();\nconst alertText = await evaluation.checkAlert();\nassert.equal(alertText, 'Phone# is copied successfully');",
              "err": {},
              "uuid": "ca146db2-bf78-403a-86d5-bd937e5c344b",
              "parentUUID": "054ca177-9623-468c-8ad8-e9de77c3ad52",
              "isHook": false,
              "skipped": false
            },
            {
              "title": "should able to see Resource Details from options",
              "fullTitle": "Retention Base Evaluations should able to see Resource Details from options",
              "timedOut": false,
              "duration": 4453,
              "state": "passed",
              "speed": "slow",
              "pass": true,
              "fail": false,
              "pending": false,
              "context": null,
              "code": "await evaluation.clickFilterButton();\nawait evaluation.searchName('James Salinas');\nawait utilFun.wait(1000);\nconst name = await evaluation.getResourseName();\nutilFun.assertEql(name, 'James Salinas');\nawait evaluation.clickResource();\nawait utilFun.wait(1000);\nawait utilFun.switchWindow(1);\nawait utilFun.wait(1000);\nconst url = await utilFun.getUrl();\nassert.equal(url, baseUrl + '/resource-detail/9742?tab=Basic_Information');\nawait utilFun.closeCurrentTab();\nawait utilFun.switchWindow(0);",
              "err": {},
              "uuid": "4697e125-5ddd-4f77-8ab2-e4b69fdd0afa",
              "parentUUID": "054ca177-9623-468c-8ad8-e9de77c3ad52",
              "isHook": false,
              "skipped": false
            },
            {
              "title": "should able to see employee history",
              "fullTitle": "Retention Base Evaluations should able to see employee history",
              "timedOut": false,
              "duration": 3206,
              "state": "passed",
              "speed": "slow",
              "pass": true,
              "fail": false,
              "pending": false,
              "context": null,
              "code": "await evaluation.clickFilterButton();\nawait evaluation.searchName('James Salinas');\nawait utilFun.wait(1000);\nconst name = await evaluation.getResourseName();\nutilFun.assertEql(name, 'James Salinas');\nawait evaluation.clickSeeFeedback();\nawait utilFun.wait(1000);\nconst title = await evaluation.checkTitle();\nutilFun.assertEql(title, 'Feedback History of James Salinas');\nawait evaluation.checkSelectedTab();",
              "err": {},
              "uuid": "c94b72a1-51ee-4e59-8e38-1775d4f7f7df",
              "parentUUID": "054ca177-9623-468c-8ad8-e9de77c3ad52",
              "isHook": false,
              "skipped": false
            },
            {
              "title": "should able to request a review",
              "fullTitle": "Retention Base Evaluations should able to request a review",
              "timedOut": false,
              "duration": 7344,
              "state": "passed",
              "speed": "slow",
              "pass": true,
              "fail": false,
              "pending": false,
              "context": null,
              "code": "await evaluation.clickFilterButton();\nawait evaluation.searchName('James Salinas');\nawait utilFun.wait(1000);\nconst name = await evaluation.getResourseName();\nutilFun.assertEql(name, 'James Salinas');\nawait evaluation.clickSeeFeedback();\nawait utilFun.wait(1000);\nawait evaluation.clickSubmittedReview();\nawait evaluation.clickReqReviewBtn();\nawait utilFun.wait(1000);\nawait evaluation.clickHod('Muhammad Bilal Rafaqat');\nawait evaluation.clickSendReqBtn();\nconst alertText = await evaluation.checkAlert();\nutilFun.assertEql(alertText, 'Request is send successfully.');",
              "err": {},
              "uuid": "826ad148-11b1-4216-bc0b-9113b7bd123f",
              "parentUUID": "054ca177-9623-468c-8ad8-e9de77c3ad52",
              "isHook": false,
              "skipped": false
            },
            {
              "title": "should able to give a review",
              "fullTitle": "Retention Base Evaluations should able to give a review",
              "timedOut": false,
              "duration": 12945,
              "state": "passed",
              "speed": "slow",
              "pass": true,
              "fail": false,
              "pending": false,
              "context": null,
              "code": "const query = [\n  `UPDATE employees SET \"departmentId\" = 9 WHERE id = 9474;`,\n  `UPDATE employees SET \"designationId\" = 83 WHERE id = 9474;`,\n  `UPDATE employees SET \"designation\" = 'Head of Engineering' WHERE id = 9474;`,\n];\nawait utilFun.udpateDatabase(query);\nawait utilFun.refresh();\nawait evaluation.clickFilterButton();\nawait evaluation.searchName('James Salinas');\nawait utilFun.wait(1000);\nconst name = await evaluation.getResourseName();\nutilFun.assertEql(name, 'James Salinas');\nawait evaluation.clickSeeFeedback();\nawait utilFun.wait(1000);\nawait evaluation.clickSubmittedReview();\nawait utilFun.wait(1000);\nawait evaluation.clickAddFeedback();\n// await feedbackForm.enterDate('03092023');\nawait feedbackForm.selectFeedbackDuration('6 Months');\nawait feedbackForm.selectNextReviewType('Annual');\nawait feedbackForm.selectRevisedDesignation('Software Engineer');\nawait feedbackForm.typeIncreament('200000');\nawait feedbackForm.typeDescription('testingggg');\nawait feedbackForm.clickSubmit();\nconst alertText = await evaluation.checkAlert();\nutilFun.assertEql(alertText, 'Increment status is updated successfully');",
              "err": {},
              "uuid": "7f9a39b6-f4e8-442c-a97a-f775920b0fc5",
              "parentUUID": "054ca177-9623-468c-8ad8-e9de77c3ad52",
              "isHook": false,
              "skipped": false
            },
            {
              "title": "should able to edit review form",
              "fullTitle": "Retention Base Evaluations should able to edit review form",
              "timedOut": false,
              "duration": 9368,
              "state": "passed",
              "speed": "slow",
              "pass": true,
              "fail": false,
              "pending": false,
              "context": null,
              "code": "await evaluation.clickFilterButton();\nawait evaluation.searchName('James Salinas');\nawait utilFun.wait(1000);\nconst name = await evaluation.getResourseName();\nutilFun.assertEql(name, 'James Salinas');\nawait evaluation.clickEditForm();\nawait utilFun.wait(1000);\n// await feedbackForm.enterDate('03102023');\nawait feedbackForm.selectFeedbackDuration('3 Months');\nawait feedbackForm.selectNextReviewType('Annual');\nawait feedbackForm.selectRevisedDesignation('Software Engineer');\nawait feedbackForm.typeIncreament('200000');\nawait feedbackForm.typeDescription('updated');\nawait feedbackForm.clickSubmit();\nconst alertText = await evaluation.checkAlert();\nutilFun.assertEql(alertText, 'Increment status is updated successfully');",
              "err": {},
              "uuid": "344d2a38-b9ae-49ba-8e43-3671e2fc80f7",
              "parentUUID": "054ca177-9623-468c-8ad8-e9de77c3ad52",
              "isHook": false,
              "skipped": false
            },
            {
              "title": "should able to defer review",
              "fullTitle": "Retention Base Evaluations should able to defer review",
              "timedOut": false,
              "duration": 6790,
              "state": "passed",
              "speed": "slow",
              "pass": true,
              "fail": false,
              "pending": false,
              "context": null,
              "code": "const query = [\n  `UPDATE employees SET \"designation\" = 'HR' WHERE id = 9474;`,\n  `UPDATE employees SET \"departmentId\" = 7 WHERE id = 9474;`,\n  `UPDATE employees SET \"designationId\" = 77 WHERE id = 9474;`,\n];\nawait utilFun.udpateDatabase(query);\nawait utilFun.refresh();\nawait evaluation.clickFilterButton();\nawait evaluation.searchName('James Salinas');\nawait utilFun.wait(1000);\nconst name = await evaluation.getResourseName();\nutilFun.assertEql(name, 'James Salinas');\nawait evaluation.clickDefer();\nawait evaluation.clickDeferType();\nawait utilFun.wait(1000);\nawait evaluation.selectDeferType('2 Weeks');\nawait evaluation.typeDeferReason('testing');\nawait evaluation.clickSubmitBtn();\nconst alertText = await evaluation.checkAlert();\nutilFun.assertEql(alertText, 'Increment status is updated successfully');",
              "err": {},
              "uuid": "47065fb4-4f20-4a0a-be48-2352dcaa975e",
              "parentUUID": "054ca177-9623-468c-8ad8-e9de77c3ad52",
              "isHook": false,
              "skipped": false
            },
            {
              "title": "should able to complete review",
              "fullTitle": "Retention Base Evaluations should able to complete review",
              "timedOut": false,
              "duration": 10438,
              "state": "passed",
              "speed": "slow",
              "pass": true,
              "fail": false,
              "pending": false,
              "context": null,
              "code": "const query = [\n  `UPDATE employees SET \"designation\" = 'HR' WHERE id = 9474;`,\n  `UPDATE employees SET \"departmentId\" = 7 WHERE id = 9474;`,\n  `UPDATE employees SET \"designationId\" = 77 WHERE id = 9474;`,\n  `UPDATE employee_evaluations SET \"processType\" = NULL WHERE id = 26;`,\n  `UPDATE employee_evaluations SET \"reasonForDefer\" = NULL WHERE id = 26;`,\n  `UPDATE employee_evaluations SET \"processDate\" = NULL WHERE id = 26;`,\n];\nawait utilFun.udpateDatabase(query);\nawait utilFun.refresh();\nawait evaluation.clickFilterButton();\nawait evaluation.searchName('James Salinas');\nawait utilFun.wait(1000);\nconst name = await evaluation.getResourseName();\nutilFun.assertEql(name, 'James Salinas');\nawait evaluation.clickComplete();\n   // await feedbackForm.enterDate('03102023');\nawait feedbackForm.selectFeedbackDuration('3 Months');\nawait feedbackForm.selectNextReviewType('Annual');\nawait feedbackForm.selectRevisedDesignation('Software Engineer');\nawait feedbackForm.typeIncreament('200000');\nawait feedbackForm.clickSubmit();\nconst alertText = await evaluation.checkAlert();\nutilFun.assertEql(alertText, 'Increment status is updated successfully');",
              "err": {},
              "uuid": "3218e73d-5033-41d8-b61f-4e5beda0fef6",
              "parentUUID": "054ca177-9623-468c-8ad8-e9de77c3ad52",
              "isHook": false,
              "skipped": false
            }
          ],
          "suites": [],
          "passes": [
            "c13ff68c-1f26-4b06-bfed-f7b6c8f4279a",
            "47c6d875-07af-47cc-8a98-1a061ad9b065",
            "b4abdb11-b275-42c4-9dc2-45b3fda38490",
            "0328430b-912f-48eb-a9b6-430a94f48d35",
            "88c7f512-68ba-49c5-a601-dbb17951b996",
            "9b865d7c-01b2-4108-bd85-8ca66979e41f",
            "07728765-1f25-4bd4-a13a-51d48e4657a3",
            "ca146db2-bf78-403a-86d5-bd937e5c344b",
            "4697e125-5ddd-4f77-8ab2-e4b69fdd0afa",
            "c94b72a1-51ee-4e59-8e38-1775d4f7f7df",
            "826ad148-11b1-4216-bc0b-9113b7bd123f",
            "7f9a39b6-f4e8-442c-a97a-f775920b0fc5",
            "344d2a38-b9ae-49ba-8e43-3671e2fc80f7",
            "47065fb4-4f20-4a0a-be48-2352dcaa975e",
            "3218e73d-5033-41d8-b61f-4e5beda0fef6"
          ],
          "failures": [],
          "pending": [],
          "skipped": [],
          "duration": 91991,
          "root": false,
          "rootEmpty": false,
          "_timeout": 100000
        },
        {
          "uuid": "0384850c-c5ae-4ca7-8182-2d9bd37f8278",
          "title": "Evaluations History",
          "fullFile": "/home/devops/invohub/resource-engagement/test/e2e/evaluation/spec_4_history.js",
          "file": "/test/e2e/evaluation/spec_4_history.js",
          "beforeHooks": [
            {
              "title": "\"before all\" hook in \"Evaluations History\"",
              "fullTitle": "Evaluations History \"before all\" hook in \"Evaluations History\"",
              "timedOut": false,
              "duration": 10031,
              "state": null,
              "speed": null,
              "pass": false,
              "fail": false,
              "pending": false,
              "context": null,
              "code": "await utilFun.loginAccount()\nconst url = await utilFun.getUrl();\nassert.equal(url, baseUrl + '/home');\nlet query = [\n  `UPDATE employee_evaluations SET \"processType\" = 'COMPLETE' WHERE id = 26;`,\n  `DELETE FROM employee_evaluations WHERE \"employeeId\" = 9742 AND \"incrementType\" = 'designation';`,\n  `UPDATE employee_evaluations SET \"processDate\" = '2023-03-28 17:32:33.501+05' WHERE id = 26;`,\n];\nawait utilFun.udpateDatabase(query);",
              "err": {},
              "uuid": "16e7568e-417b-4697-9020-f72038b334b2",
              "parentUUID": "0384850c-c5ae-4ca7-8182-2d9bd37f8278",
              "isHook": true,
              "skipped": false
            },
            {
              "title": "\"before each\" hook in \"Evaluations History\"",
              "fullTitle": "Evaluations History \"before each\" hook in \"Evaluations History\"",
              "timedOut": false,
              "duration": 4415,
              "state": null,
              "speed": null,
              "pass": false,
              "fail": false,
              "pending": false,
              "context": null,
              "code": "await utilFun.visit(baseUrl + '/evaluation-history');\nawait utilFun.wait(4000);",
              "err": {},
              "uuid": "7ee7c1b5-0515-400d-8f70-9fe920980d2b",
              "parentUUID": "0384850c-c5ae-4ca7-8182-2d9bd37f8278",
              "isHook": true,
              "skipped": false
            }
          ],
          "afterHooks": [],
          "tests": [
            {
              "title": "should check if evaluations history is showing",
              "fullTitle": "Evaluations History should check if evaluations history is showing",
              "timedOut": false,
              "duration": 42,
              "state": "passed",
              "speed": "medium",
              "pass": true,
              "fail": false,
              "pending": false,
              "context": null,
              "code": "let obj = await evaluation.getAllPendingResourses();\nassert(obj.length > 0, `No Evaluation Found`);",
              "err": {},
              "uuid": "2d64cdd4-9cbe-4df9-a781-8aed299fefac",
              "parentUUID": "0384850c-c5ae-4ca7-8182-2d9bd37f8278",
              "isHook": false,
              "skipped": false
            },
            {
              "title": "should able to filter resoures by name",
              "fullTitle": "Evaluations History should able to filter resoures by name",
              "timedOut": false,
              "duration": 2205,
              "state": "passed",
              "speed": "slow",
              "pass": true,
              "fail": false,
              "pending": false,
              "context": null,
              "code": "await evaluation.clickFilterButton();\nawait evaluation.searchName('James Salinas');\nawait utilFun.wait(1000);\nconst name = await evaluation.getResourseName();\nutilFun.assertEql(name, 'James Salinas');",
              "err": {},
              "uuid": "3c366466-2217-4b32-a304-a0d61675515a",
              "parentUUID": "0384850c-c5ae-4ca7-8182-2d9bd37f8278",
              "isHook": false,
              "skipped": false
            },
            {
              "title": "should able to check review is completed",
              "fullTitle": "Evaluations History should able to check review is completed",
              "timedOut": false,
              "duration": 2153,
              "state": "passed",
              "speed": "slow",
              "pass": true,
              "fail": false,
              "pending": false,
              "context": null,
              "code": "await evaluation.clickFilterButton();\nawait evaluation.searchName('James Salinas');\nawait utilFun.wait(1000);\nconst name = await evaluation.checkProcessState()\nutilFun.assertEql(name, 'Complete');",
              "err": {},
              "uuid": "08760521-feea-4aec-ba86-79b0551d7a62",
              "parentUUID": "0384850c-c5ae-4ca7-8182-2d9bd37f8278",
              "isHook": false,
              "skipped": false
            },
            {
              "title": "should able to filter resoures by Review Type",
              "fullTitle": "Evaluations History should able to filter resoures by Review Type",
              "timedOut": false,
              "duration": 1741,
              "state": "passed",
              "speed": "slow",
              "pass": true,
              "fail": false,
              "pending": false,
              "context": null,
              "code": "await evaluation.clickFilterButton();\nawait evaluation.selectReviewType('Annual');\nconst valuesCount = await evaluation.checkValues();\nutilFun.assertEql(valuesCount, 1);",
              "err": {},
              "uuid": "32f96be7-f51e-4eba-b301-fe1de5c17ac3",
              "parentUUID": "0384850c-c5ae-4ca7-8182-2d9bd37f8278",
              "isHook": false,
              "skipped": false
            },
            {
              "title": "should able to filter resoures by Last Increment",
              "fullTitle": "Evaluations History should able to filter resoures by Last Increment",
              "timedOut": false,
              "duration": 1710,
              "state": "passed",
              "speed": "slow",
              "pass": true,
              "fail": false,
              "pending": false,
              "context": null,
              "code": "await evaluation.clickFilterButton();\nawait evaluation.selectLastIncrement('N/A');\nconst valuesCount = await evaluation.checkValues();\nutilFun.assertEql(valuesCount, 1);",
              "err": {},
              "uuid": "004c760d-d126-4c23-86ad-46cb7f7e7890",
              "parentUUID": "0384850c-c5ae-4ca7-8182-2d9bd37f8278",
              "isHook": false,
              "skipped": false
            },
            {
              "title": "should able to  copy email from options",
              "fullTitle": "Evaluations History should able to  copy email from options",
              "timedOut": false,
              "duration": 4245,
              "state": "passed",
              "speed": "slow",
              "pass": true,
              "fail": false,
              "pending": false,
              "context": null,
              "code": "await evaluation.clickFilterButton();\nawait evaluation.searchName('James Salinas');\nawait utilFun.wait(1000);\nconst name = await evaluation.getResourseName();\nutilFun.assertEql(name, 'James Salinas');\nawait evaluation.clickOptionBtn();\nawait utilFun.wait(1000);\nawait evaluation.selectOption('Copy Email');\nconst alertText = await evaluation.checkAlert();\nutilFun.assertEql(alertText, 'Email address is copied');",
              "err": {},
              "uuid": "999b0846-f938-4cba-8d39-3fb56ba4d09f",
              "parentUUID": "0384850c-c5ae-4ca7-8182-2d9bd37f8278",
              "isHook": false,
              "skipped": false
            },
            {
              "title": "should able to Send Email from options",
              "fullTitle": "Evaluations History should able to Send Email from options",
              "timedOut": false,
              "duration": 7705,
              "state": "passed",
              "speed": "slow",
              "pass": true,
              "fail": false,
              "pending": false,
              "context": null,
              "code": "await evaluation.clickFilterButton();\nawait evaluation.searchName('James Salinas');\nawait utilFun.wait(1000);\nconst name = await evaluation.getResourseName();\nutilFun.assertEql(name, 'James Salinas');\nawait evaluation.clickOptionBtn();\nawait utilFun.wait(1000);\nawait evaluation.selectOption('Send Email');\nawait utilFun.wait(1000);\nawait utilFun.switchWindow(1);\nawait utilFun.wait(3000);\nconst url = await utilFun.getUrl();\nassert.equal(url, 'https://mail.google.com/mail/u/0/?fs=1&tf=cm&to=james@robot-mail.com');\nawait utilFun.closeCurrentTab();\nawait utilFun.switchWindow(0);",
              "err": {},
              "uuid": "84071006-c580-4ca8-8103-aecef13ae802",
              "parentUUID": "0384850c-c5ae-4ca7-8182-2d9bd37f8278",
              "isHook": false,
              "skipped": false
            },
            {
              "title": "should able to Open Slack DM from options",
              "fullTitle": "Evaluations History should able to Open Slack DM from options",
              "timedOut": false,
              "duration": 7950,
              "state": "passed",
              "speed": "slow",
              "pass": true,
              "fail": false,
              "pending": false,
              "context": null,
              "code": "await evaluation.clickFilterButton();\nawait evaluation.searchName('James Salinas');\nawait utilFun.wait(1000);\nconst name = await evaluation.getResourseName();\nutilFun.assertEql(name, 'James Salinas');\nawait evaluation.clickOptionBtn();\nawait utilFun.wait(1000);\nawait evaluation.selectOption('Open Slack DM');\nawait utilFun.wait(1000);\nawait utilFun.switchWindow(1);\nawait utilFun.wait(3000);\nconst url = await utilFun.getUrl();\nassert.equal(url, 'https://invozone.slack.com/?redir=%2Fapp_redirect%3Fchannel%3Dundefined');\nawait utilFun.closeCurrentTab();\nawait utilFun.switchWindow(0);",
              "err": {},
              "uuid": "1b8960a9-cde2-4fdb-b6a5-4d18c2212f62",
              "parentUUID": "0384850c-c5ae-4ca7-8182-2d9bd37f8278",
              "isHook": false,
              "skipped": false
            },
            {
              "title": "should able to see Email from options",
              "fullTitle": "Evaluations History should able to see Email from options",
              "timedOut": false,
              "duration": 7393,
              "state": "passed",
              "speed": "slow",
              "pass": true,
              "fail": false,
              "pending": false,
              "context": null,
              "code": "await evaluation.clickFilterButton();\nawait evaluation.searchName('James Salinas');\nawait utilFun.wait(1000);\nconst name = await evaluation.getResourseName();\nutilFun.assertEql(name, 'James Salinas');\nawait evaluation.clickOptionBtn();\nawait utilFun.wait(1000);\nawait evaluation.selectOption('See Email');\nawait utilFun.wait(4000);\nconst email = await evaluation.copyEmail();\nassert.equal(email, 'Email: james@robot-mail.com');",
              "err": {},
              "uuid": "ca754954-f9ca-4628-aa2d-154408ceaf9a",
              "parentUUID": "0384850c-c5ae-4ca7-8182-2d9bd37f8278",
[...]
              "fail": true,
              "pending": false,
              "context": null,
              "code": "await utilFun.visit(baseUrl + detailsPageUrl);\nconst url = await utilFun.getUrl();\nassert.equal(url, baseUrl + detailsPageUrl);\nawait resourceDetails.waitForNametoVisible();\nawait resourceDetails.checkOtherLeaves('Availed Paid Leaves', '0');",
              "err": {
                "message": "AssertionError: 'http://localhost:3000/home' == 'http://localhost:3000'",
                "estack": "AssertionError [ERR_ASSERTION]: 'http://localhost:3000/home' == 'http://localhost:3000'\n    at Context.<anonymous> (test/e2e/resources/spec-4-resourse-details.js:680:12)\n    at process.processTicksAndRejections (node:internal/process/task_queues:95:5)",
                "diff": "- http://localhost:3000/home\n+ http://localhost:3000\n"
              },
              "uuid": "8ab6960c-195d-42c8-8fec-4a4be62261df",
              "parentUUID": "53e2dd2a-6f7c-4eb7-8a9e-0ef3f00a0f1e",
              "isHook": false,
              "skipped": false
            },
            {
              "title": "should check if Resource Availed Unpaid Leaves is Shownig and is editable.",
              "fullTitle": "Resource Details should check if Resource Availed Unpaid Leaves is Shownig and is editable.",
              "timedOut": false,
              "duration": 576,
              "state": "failed",
              "speed": null,
              "pass": false,
              "fail": true,
              "pending": false,
              "context": null,
              "code": "await utilFun.visit(baseUrl + detailsPageUrl);\nconst url = await utilFun.getUrl();\nassert.equal(url, baseUrl + detailsPageUrl);\nawait resourceDetails.waitForNametoVisible();\nawait resourceDetails.checkOtherLeaves('Availed Unpaid Leaves', '0');",
              "err": {
                "message": "AssertionError: 'http://localhost:3000/home' == 'http://localhost:3000'",
                "estack": "AssertionError [ERR_ASSERTION]: 'http://localhost:3000/home' == 'http://localhost:3000'\n    at Context.<anonymous> (test/e2e/resources/spec-4-resourse-details.js:687:12)\n    at process.processTicksAndRejections (node:internal/process/task_queues:95:5)",
                "diff": "- http://localhost:3000/home\n+ http://localhost:3000\n"
              },
              "uuid": "5bfe26ed-444c-4fbe-adba-8c8fe4c95dac",
              "parentUUID": "53e2dd2a-6f7c-4eb7-8a9e-0ef3f00a0f1e",
              "isHook": false,
              "skipped": false
            },
            {
              "title": "should check if Resource Carry Forward Leaves is Shownig and is editable.",
              "fullTitle": "Resource Details should check if Resource Carry Forward Leaves is Shownig and is editable.",
              "timedOut": false,
              "duration": 644,
              "state": "failed",
              "speed": null,
              "pass": false,
              "fail": true,
              "pending": false,
              "context": null,
              "code": "await utilFun.visit(baseUrl + detailsPageUrl);\nconst url = await utilFun.getUrl();\nassert.equal(url, baseUrl + detailsPageUrl);\nawait resourceDetails.waitForNametoVisible();\nawait resourceDetails.checkOtherLeaves('Carry Forward Leaves', '0');",
              "err": {
                "message": "AssertionError: 'http://localhost:3000/home' == 'http://localhost:3000'",
                "estack": "AssertionError [ERR_ASSERTION]: 'http://localhost:3000/home' == 'http://localhost:3000'\n    at Context.<anonymous> (test/e2e/resources/spec-4-resourse-details.js:694:12)\n    at process.processTicksAndRejections (node:internal/process/task_queues:95:5)",
                "diff": "- http://localhost:3000/home\n+ http://localhost:3000\n"
              },
              "uuid": "ce6648c6-fef8-4e82-82f6-522fa0c3a09c",
              "parentUUID": "53e2dd2a-6f7c-4eb7-8a9e-0ef3f00a0f1e",
              "isHook": false,
              "skipped": false
            },
            {
              "title": "should check if Resource Project is Showing.",
              "fullTitle": "Resource Details should check if Resource Project is Showing.",
              "timedOut": false,
              "duration": 758,
              "state": "failed",
              "speed": null,
              "pass": false,
              "fail": true,
              "pending": false,
              "context": null,
              "code": "await utilFun.visit(baseUrl + detailsPageUrl);\nconst url = await utilFun.getUrl();\nassert.equal(url, baseUrl + detailsPageUrl);\nawait resourceDetails.waitForNametoVisible();\nconst projectData = await resourceDetails.checkProjectDetails();\nassert.ok(projectData.includes('automation'), `Expected text not found.`);",
              "err": {
                "message": "AssertionError: 'http://localhost:3000/home' == 'http://localhost:3000'",
                "estack": "AssertionError [ERR_ASSERTION]: 'http://localhost:3000/home' == 'http://localhost:3000'\n    at Context.<anonymous> (test/e2e/resources/spec-4-resourse-details.js:703:12)\n    at process.processTicksAndRejections (node:internal/process/task_queues:95:5)",
                "diff": "- http://localhost:3000/home\n+ http://localhost:3000\n"
              },
              "uuid": "98fbbe47-3ef9-4a79-8614-faeb500a290a",
              "parentUUID": "53e2dd2a-6f7c-4eb7-8a9e-0ef3f00a0f1e",
              "isHook": false,
              "skipped": false
            },
            {
              "title": "should able to delete project from details page.",
              "fullTitle": "Resource Details should able to delete project from details page.",
              "timedOut": false,
              "duration": 705,
              "state": "failed",
              "speed": null,
              "pass": false,
              "fail": true,
              "pending": false,
              "context": null,
              "code": "await utilFun.visit(baseUrl + detailsPageUrl);\nconst url = await utilFun.getUrl();\nassert.equal(url, baseUrl + detailsPageUrl);\nawait resourceDetails.waitForNametoVisible();\nawait resourceDetails.clickDelProjectBtn();\nconst alertText = await utilFun.checkAlert();\nassert.equal(alertText, 'Resource removed from project successfully.');",
              "err": {
                "message": "AssertionError: 'http://localhost:3000/home' == 'http://localhost:3000'",
                "estack": "AssertionError [ERR_ASSERTION]: 'http://localhost:3000/home' == 'http://localhost:3000'\n    at Context.<anonymous> (test/e2e/resources/spec-4-resourse-details.js:711:12)\n    at process.processTicksAndRejections (node:internal/process/task_queues:95:5)",
                "diff": "- http://localhost:3000/home\n+ http://localhost:3000\n"
              },
              "uuid": "b2e6ca06-892f-4379-b4c6-e06983ff5197",
              "parentUUID": "53e2dd2a-6f7c-4eb7-8a9e-0ef3f00a0f1e",
              "isHook": false,
              "skipped": false
            },
            {
              "title": "should check if Hardware records are showing correctly.",
              "fullTitle": "Resource Details should check if Hardware records are showing correctly.",
              "timedOut": false,
              "duration": 656,
              "state": "failed",
              "speed": null,
              "pass": false,
              "fail": true,
              "pending": false,
              "context": null,
              "code": "let query = [`UPDATE employee_assets SET \"employeeId\" = ${newId} WHERE \"employeeId\" = 9429;`];\nawait utilFun.udpateDatabase(query);\nawait utilFun.visit(baseUrl + detailsPageUrl);\nconst url = await utilFun.getUrl();\nassert.equal(url, baseUrl + detailsPageUrl);\nawait resourceDetails.waitForNametoVisible();\nlet records = await resourceDetails.getAssetRecords();\nassert.ok(records.includes('Steve'), `Expected text not found.`);",
              "err": {
                "message": "AssertionError: 'http://localhost:3000/home' == 'http://localhost:3000'",
                "estack": "AssertionError [ERR_ASSERTION]: 'http://localhost:3000/home' == 'http://localhost:3000'\n    at Context.<anonymous> (test/e2e/resources/spec-4-resourse-details.js:724:12)\n    at process.processTicksAndRejections (node:internal/process/task_queues:95:5)",
                "diff": "- http://localhost:3000/home\n+ http://localhost:3000\n"
              },
              "uuid": "008f242a-bb1c-4627-9e7d-2c892bf4f071",
              "parentUUID": "53e2dd2a-6f7c-4eb7-8a9e-0ef3f00a0f1e",
              "isHook": false,
              "skipped": false
            },
            {
              "title": "should add skills from Resource details page.",
              "fullTitle": "Resource Details should add skills from Resource details page.",
              "timedOut": false,
              "duration": 672,
              "state": "failed",
              "speed": null,
              "pass": false,
              "fail": true,
              "pending": false,
              "context": null,
              "code": "await utilFun.visit(baseUrl + detailsPageUrl);\nconst url = await utilFun.getUrl();\nassert.equal(url, baseUrl + detailsPageUrl);\nawait resourceDetails.waitForNametoVisible();\nawait resourceDetails.clickEditSkillBtn()\nawait resourceDetails.searchSkill('automation')\nawait resourceDetails.clickAddIcon()\nconst alertText = await utilFun.checkAlert();\nassert.equal(alertText, 'Skills updated successfully.');\nawait resourceDetails.clickDoneBtn()",
              "err": {
                "message": "AssertionError: 'http://localhost:3000/home' == 'http://localhost:3000'",
                "estack": "AssertionError [ERR_ASSERTION]: 'http://localhost:3000/home' == 'http://localhost:3000'\n    at Context.<anonymous> (test/e2e/resources/spec-4-resourse-details.js:734:12)\n    at process.processTicksAndRejections (node:internal/process/task_queues:95:5)",
                "diff": "- http://localhost:3000/home\n+ http://localhost:3000\n"
              },
              "uuid": "6e382c3a-293c-4de2-a6c0-c334bb3b3de3",
              "parentUUID": "53e2dd2a-6f7c-4eb7-8a9e-0ef3f00a0f1e",
              "isHook": false,
              "skipped": false
            },
            {
              "title": "should check if skills records are showing correctly.",
              "fullTitle": "Resource Details should check if skills records are showing correctly.",
              "timedOut": false,
              "duration": 654,
              "state": "failed",
              "speed": null,
              "pass": false,
              "fail": true,
              "pending": false,
              "context": null,
              "code": "await utilFun.visit(baseUrl + detailsPageUrl);\nconst url = await utilFun.getUrl();\nassert.equal(url, baseUrl + detailsPageUrl);\nawait resourceDetails.waitForNametoVisible();\nlet records = await resourceDetails.getSkillRecords();\nassert.ok(records.includes('Automation'), `Expected text not found.`);",
              "err": {
                "message": "AssertionError: 'http://localhost:3000/home' == 'http://localhost:3000'",
                "estack": "AssertionError [ERR_ASSERTION]: 'http://localhost:3000/home' == 'http://localhost:3000'\n    at Context.<anonymous> (test/e2e/resources/spec-4-resourse-details.js:746:12)\n    at process.processTicksAndRejections (node:internal/process/task_queues:95:5)",
                "diff": "- http://localhost:3000/home\n+ http://localhost:3000\n"
              },
              "uuid": "770e3cc3-3806-4d1f-b7fe-00cec8875bc7",
              "parentUUID": "53e2dd2a-6f7c-4eb7-8a9e-0ef3f00a0f1e",
              "isHook": false,
              "skipped": false
            },
            {
              "title": "should able to remove skill by editing.",
              "fullTitle": "Resource Details should able to remove skill by editing.",
              "timedOut": false,
              "duration": 681,
              "state": "failed",
              "speed": null,
              "pass": false,
              "fail": true,
              "pending": false,
              "context": null,
              "code": "await utilFun.visit(baseUrl + detailsPageUrl);\nconst url = await utilFun.getUrl();\nassert.equal(url, baseUrl + detailsPageUrl);\nawait resourceDetails.waitForNametoVisible();\nawait resourceDetails.clickEditSkillBtn()\nawait resourceDetails.clickRemoveSkillBtn()\nawait resourceDetails.clickYesBtn()\nconst alertText = await utilFun.checkAlert();\nassert.equal(alertText, 'Skill is deleted successfully');\nawait resourceDetails.clickDoneBtn()\nlet records = await resourceDetails.getSkillRecordsEmpty();\nconsole.log(records);\nassert.equal(records, 'No Data');",
              "err": {
                "message": "AssertionError: 'http://localhost:3000/home' == 'http://localhost:3000'",
                "estack": "AssertionError [ERR_ASSERTION]: 'http://localhost:3000/home' == 'http://localhost:3000'\n    at Context.<anonymous> (test/e2e/resources/spec-4-resourse-details.js:754:12)\n    at process.processTicksAndRejections (node:internal/process/task_queues:95:5)",
                "diff": "- http://localhost:3000/home\n+ http://localhost:3000\n"
              },
              "uuid": "67ad62d0-425d-49c2-a9f1-4fc1e71073c1",
              "parentUUID": "53e2dd2a-6f7c-4eb7-8a9e-0ef3f00a0f1e",
              "isHook": false,
              "skipped": false
            },
            {
              "title": "should check if attendence is showing correctly.",
              "fullTitle": "Resource Details should check if attendence is showing correctly.",
              "timedOut": false,
              "duration": 631,
              "state": "failed",
              "speed": null,
              "pass": false,
              "fail": true,
              "pending": false,
              "context": null,
              "code": "let query = [`UPDATE employee_attendances SET \"employeeId\" = ${newId} WHERE \"employeeId\" = 9429;`];\nawait utilFun.udpateDatabase(query);\nawait utilFun.visit(baseUrl + detailsPageUrl);\nconst url = await utilFun.getUrl();\nassert.equal(url, baseUrl + detailsPageUrl);\nawait resourceDetails.waitForNametoVisible();\nawait resourceDetails.clickAttendanceTab();\nconst url1 = await utilFun.getUrl();\nassert.equal(url1, baseUrl + attendanceTabUrl);\nawait resourceDetails.selectAttendanceYear(2024);\nawait resourceDetails.selectAttendanceMonth('Jan');\nawait utilFun.wait(2000)\nlet time = await resourceDetails.getTimeByDate('2024-01-22');\nassert.equal(time, '08:00');\ntime = await resourceDetails.getTimeByDate('2024-01-23');\nassert.equal(time, '08:00');\ntime = await resourceDetails.getTimeByDate('2024-01-24');\nassert.equal(time, '08:20');\ntime = await resourceDetails.getTimeByDate('2024-01-25');\nassert.equal(time, '07:30');\ntime = await resourceDetails.getTimeByDate('2024-01-26');\nassert.equal(time, '06:40');\nlet weekTime = await resourceDetails.getWeekTime(4);\nassert.equal(weekTime, '38:30');",
              "err": {
                "message": "AssertionError: 'http://localhost:3000/home' == 'http://localhost:3000'",
                "estack": "AssertionError [ERR_ASSERTION]: 'http://localhost:3000/home' == 'http://localhost:3000'\n    at Context.<anonymous> (test/e2e/resources/spec-4-resourse-details.js:773:12)\n    at process.processTicksAndRejections (node:internal/process/task_queues:95:5)",
                "diff": "- http://localhost:3000/home\n+ http://localhost:3000\n"
              },
              "uuid": "18cf6c8b-d334-48e5-bc26-3073a110e473",
              "parentUUID": "53e2dd2a-6f7c-4eb7-8a9e-0ef3f00a0f1e",
              "isHook": false,
              "skipped": false
            }
          ],
          "suites": [],
          "passes": [],
          "failures": [
            "8eb148c0-bef5-4aff-a629-85ffe97becb3",
            "26ba5f71-81ab-4645-9e9a-ba98d3cb5f76",
            "06249f94-26da-4cbf-a219-4910ae5219c1",
            "4ae25e0f-5cda-4d95-84dd-85c7f10937b7",
            "0edd1066-2b27-4963-9d77-d3e4b1cbb3de",
            "7067fc5d-bc5e-4cb0-b11e-fb3efc4ef730",
            "94b38c20-8077-4a0c-880b-02d5603a6d79",
            "6a130a66-d834-4c21-b7a1-2de18c7b0034",
            "a6df9695-ee2c-469c-a280-5c7f89198f26",
            "50044434-1656-4789-9255-e8892f8a1a04",
            "2d3c8b8c-1521-4259-8d50-3b30a565b67e",
            "e5622421-d154-434d-af91-892a5ca97005",
            "717e70fc-f68b-4ad5-a564-f568d8708d44",
            "8afd4907-4fdd-4553-9d3f-dc73649ebabd",
            "8c09dca2-906c-4296-a2e5-bb078dc7c107",
            "a9221f2d-09c0-4ea4-9fc6-51f5c050dcad",
            "e6eb9e7c-ed84-4331-ab5f-3f18ea8e5497",
            "dbb6dfbc-cefb-4049-9eb0-e1aca65e2da9",
            "fec5a910-5daa-45e5-91ee-84b39c45cec4",
            "be9675a2-999e-45a1-8cc6-c7a5f8b3d8fd",
            "4d401c23-121b-49d0-bc9c-0352f8a28af6",
            "85218acf-3948-4555-af96-60713b49f496",
            "1f15bcfe-aa71-44e1-99f5-3d8ee194c034",
            "e8f9d8de-f03c-4f0a-aa5b-658bd3611461",
            "bc928199-57aa-4c27-9a71-815ae42dafd3",
            "c5b2f7d4-05dc-4858-9e70-5eea896608f3",
            "76a3cab4-7111-4fed-90cf-8e2eb710ea20",
            "0ce65cee-7ce7-4917-baa1-a36acecbd2ee",
            "58d47b1e-d618-462a-ba39-b7a1cb4dad7a",
            "bf2009e5-10ee-4d0d-9a69-959f8a67c9ba",
            "4d9bb804-1328-4957-b262-8f6c53f08709",
            "80ae2b14-6355-4736-bc4a-afad32880b32",
            "428776f4-94c5-48e2-b00d-429c24e7fc09",
            "58ec31c3-61fd-4eed-80e9-4d6bfafb9318",
            "f119c4b0-b1cc-483c-ade2-6557ac9908e2",
            "12ce91b9-f873-4203-b67a-701ae12ec7bb",
            "cd48086f-8ae3-4859-ac9e-934fc266d0b2",
            "5f668f6b-3594-4e2f-8405-4cfefea78aee",
            "4fd79483-15d4-4c95-b8a8-e116aa6d5a21",
            "ae423903-7347-4028-a268-db923734d681",
            "95fc7d53-2f50-4193-9dc6-43103434e7bb",
            "7cdf1962-d93a-402a-9268-1d03c2953859",
            "317db729-49b3-44b7-b850-1bcfe8a82b3f",
            "fc2c4037-7756-4c42-86e2-9be2805e07c6",
            "23ee4bfe-78d8-4918-a632-52d3edfd0a54",
            "df8e8ea9-6de8-45eb-982a-f74265ea0d86",
            "524445bd-739d-463b-ac04-a178875787ac",
            "8443eb47-8979-4003-a2f5-9e5fda14ec5b",
            "7fcd4d24-de84-4a87-9e52-03abb39fa1c0",
            "ec091cc1-fc8e-4cd3-ac8e-eee14c9d687c",
            "17d71709-c202-4c78-814b-9bf7f7f75b74",
            "4d058f12-6aa2-4e1f-944b-d0b7b017f0c6",
            "7b6d532f-7993-4644-abba-4e1c81947a1d",
            "4e5680d8-9157-400d-b019-c8845798bd9c",
            "8ab6960c-195d-42c8-8fec-4a4be62261df",
            "5bfe26ed-444c-4fbe-adba-8c8fe4c95dac",
            "ce6648c6-fef8-4e82-82f6-522fa0c3a09c",
            "98fbbe47-3ef9-4a79-8614-faeb500a290a",
            "b2e6ca06-892f-4379-b4c6-e06983ff5197",
            "008f242a-bb1c-4627-9e7d-2c892bf4f071",
            "6e382c3a-293c-4de2-a6c0-c334bb3b3de3",
            "770e3cc3-3806-4d1f-b7fe-00cec8875bc7",
            "67ad62d0-425d-49c2-a9f1-4fc1e71073c1",
            "18cf6c8b-d334-48e5-bc26-3073a110e473"
          ],
          "pending": [],
          "skipped": [],
          "duration": 92317,
          "root": false,
          "rootEmpty": false,
          "_timeout": 100000
        }
      ],
      "passes": [],
      "failures": [],
      "pending": [],
      "skipped": [],
      "duration": 0,
      "root": true,
      "rootEmpty": true,
      "_timeout": 100000
    }
  ],
  "meta": {
    "mocha": {
      "version": "10.2.0"
    },
    "mochawesome": {
      "options": {
        "quiet": false,
        "reportFilename": "mochawesome",
        "saveHtml": true,
        "saveJson": true,
        "consoleReporter": "spec",
        "useInlineDiffs": false,
        "code": true
      },
      "version": "7.1.3"
    },
    "marge": {
      "options": {
        "reportDir": "test/report"
      },
      "version": "6.2.0"
    }
  }
}