{
  "stats": {
    "suites": 10,
    "tests": 195,
    "passes": 155,
    "pending": 1,
    "failures": 39,
    "start": "2024-01-03T13:08:44.829Z",
    "end": "2024-01-03T13:42:34.217Z",
    "duration": 2029388,
    "testsRegistered": 195,
    "passPercent": 79.89690721649485,
    "pendingPercent": 0.5128205128205128,
    "other": 0,
    "hasOther": false,
    "skipped": 0,
    "hasSkipped": false
  },
  "results": [
    {
      "uuid": "a2401ba2-c8c2-4de9-858b-f88934de75ee",
      "title": "",
      "fullFile": "",
      "file": "",
      "beforeHooks": [],
      "afterHooks": [],
      "tests": [],
      "suites": [
        {
          "uuid": "8a1f0489-67b2-45b1-85b9-bacbce2bea02",
          "title": "Pending Evaluations",
          "fullFile": "/home/devops/invohub/resource-engagement/test/e2e/evaluation/spec_1_pendings.js",
          "file": "/test/e2e/evaluation/spec_1_pendings.js",
          "beforeHooks": [
            {
              "title": "\"before all\" hook in \"Pending Evaluations\"",
              "fullTitle": "Pending Evaluations \"before all\" hook in \"Pending Evaluations\"",
              "timedOut": false,
              "duration": 44810,
              "state": null,
              "speed": null,
              "pass": false,
              "fail": false,
              "pending": false,
              "context": null,
              "code": "await utilFun.login(email, password);\nconst url = await utilFun.getUrl();\nassert.equal(url, baseUrl + '/home');\nlet query =[\n    `UPDATE employee_evaluations SET \"incrementType\" = 'annual' WHERE id = 26;`,\n    `UPDATE employee_evaluations SET \"processType\" = NULL WHERE id = 26;`,\n    `UPDATE employee_evaluations SET \"reasonForDefer\" = NULL WHERE id = 26;`,\n    `UPDATE employee_evaluations SET \"processDate\" = NULL WHERE id = 26;`,\n    `UPDATE employee_evaluations SET \"feedback\" = NULL WHERE id = 26;`,\n  `DELETE FROM employee_evaluations WHERE \"employeeId\" = 9742 AND \"incrementType\" = 'designation';`,\n    ];\n    await utilFun.udpateDatabase(query);",
              "err": {},
              "uuid": "b3c0b14b-b87e-4eac-940e-e872f7e4c88a",
              "parentUUID": "8a1f0489-67b2-45b1-85b9-bacbce2bea02",
              "isHook": true,
              "skipped": false
            },
            {
              "title": "\"before each\" hook in \"Pending Evaluations\"",
              "fullTitle": "Pending Evaluations \"before each\" hook in \"Pending Evaluations\"",
              "timedOut": false,
              "duration": 3352,
              "state": null,
              "speed": null,
              "pass": false,
              "fail": false,
              "pending": false,
              "context": null,
              "code": "await utilFun.visit(baseUrl + '/evaluation');\nawait utilFun.wait(3000);",
              "err": {},
              "uuid": "cbee3f20-bd5d-409e-9445-6e5fa2ba8307",
              "parentUUID": "8a1f0489-67b2-45b1-85b9-bacbce2bea02",
              "isHook": true,
              "skipped": false
            }
          ],
          "afterHooks": [],
          "tests": [
            {
              "title": "should check if pending evaluations are showing",
              "fullTitle": "Pending Evaluations should check if pending evaluations are showing",
              "timedOut": false,
              "duration": 39,
              "state": "passed",
              "speed": "medium",
              "pass": true,
              "fail": false,
              "pending": false,
              "context": null,
              "code": "let obj = await evaluation.getAllPendingResourses();\nassert(obj.length > 0, `No Evaluation Found`);",
              "err": {},
              "uuid": "c3cd2728-cff8-4e15-9d07-d451f5336f43",
              "parentUUID": "8a1f0489-67b2-45b1-85b9-bacbce2bea02",
              "isHook": false,
              "skipped": false
            },
            {
              "title": "should able to filter resoures by name",
              "fullTitle": "Pending Evaluations should able to filter resoures by name",
              "timedOut": false,
              "duration": 2054,
              "state": "passed",
              "speed": "slow",
              "pass": true,
              "fail": false,
              "pending": false,
              "context": null,
              "code": "await evaluation.clickFilterButton();\nawait evaluation.searchName('James Salinas');\nawait utilFun.wait(1000);\nconst name = await evaluation.getResourseName();\nutilFun.assertEql(name, 'James Salinas');",
              "err": {},
              "uuid": "866327e9-dc79-43d1-a2d3-9fbbc1a63616",
              "parentUUID": "8a1f0489-67b2-45b1-85b9-bacbce2bea02",
              "isHook": false,
              "skipped": false
            },
            {
              "title": "should able to filter resoures by Review Type",
              "fullTitle": "Pending Evaluations should able to filter resoures by Review Type",
              "timedOut": false,
              "duration": 1658,
              "state": "passed",
              "speed": "slow",
              "pass": true,
              "fail": false,
              "pending": false,
              "context": null,
              "code": "await evaluation.clickFilterButton();\nawait evaluation.selectReviewType('Annual');\nconst valuesCount = await evaluation.checkValues();\nutilFun.assertEql(valuesCount, 1);",
              "err": {},
              "uuid": "84176e3d-c294-488c-ad23-7174f1fe735c",
              "parentUUID": "8a1f0489-67b2-45b1-85b9-bacbce2bea02",
              "isHook": false,
              "skipped": false
            },
            {
              "title": "should able to filter resoures by Last Increment",
              "fullTitle": "Pending Evaluations should able to filter resoures by Last Increment",
              "timedOut": false,
              "duration": 1526,
              "state": "passed",
              "speed": "slow",
              "pass": true,
              "fail": false,
              "pending": false,
              "context": null,
              "code": "await evaluation.clickFilterButton();\nawait evaluation.selectLastIncrement('N/A');\nconst valuesCount = await evaluation.checkValues();\nutilFun.assertEql(valuesCount, 1);",
              "err": {},
              "uuid": "922c9139-e5ef-4e2a-b8d9-2d4126203d30",
              "parentUUID": "8a1f0489-67b2-45b1-85b9-bacbce2bea02",
              "isHook": false,
              "skipped": false
            },
            {
              "title": "should able to  copy email from options",
              "fullTitle": "Pending Evaluations should able to  copy email from options",
              "timedOut": false,
              "duration": 6663,
              "state": "passed",
              "speed": "slow",
              "pass": true,
              "fail": false,
              "pending": false,
              "context": null,
              "code": "await evaluation.clickFilterButton();\nawait evaluation.searchName('James Salinas');\nawait utilFun.wait(1000);\nconst name = await evaluation.getResourseName();\nutilFun.assertEql(name, 'James Salinas');\nawait evaluation.clickOptionBtn();\nawait utilFun.wait(1000);\nawait evaluation.selectOption('Copy Email');\nawait utilFun.wait(3000);\nconst alertText = await evaluation.checkAlert();\nutilFun.assertEql(alertText, 'Email address is copied');",
              "err": {},
              "uuid": "17169762-7ba7-4b62-ab11-2306abc30b82",
              "parentUUID": "8a1f0489-67b2-45b1-85b9-bacbce2bea02",
              "isHook": false,
              "skipped": false
            },
            {
              "title": "should able to Send Email from options",
              "fullTitle": "Pending Evaluations should able to Send Email from options",
              "timedOut": false,
              "duration": 9615,
              "state": "passed",
              "speed": "slow",
              "pass": true,
              "fail": false,
              "pending": false,
              "context": null,
              "code": "await evaluation.clickFilterButton();\nawait evaluation.searchName('James Salinas');\nawait utilFun.wait(1000);\nconst name = await evaluation.getResourseName();\nutilFun.assertEql(name, 'James Salinas');\nawait evaluation.clickOptionBtn();\nawait utilFun.wait(1000);\nawait evaluation.selectOption('Send Email');\nawait utilFun.wait(1000);\nawait utilFun.switchWindow(1);\nawait utilFun.wait(3000);\nconst url = await utilFun.getUrl();\nassert.equal(url, 'https://mail.google.com/mail/u/0/?fs=1&tf=cm&to=james@robot-mail.com');\nawait utilFun.closeCurrentTab();\nawait utilFun.switchWindow(0);",
              "err": {},
              "uuid": "8c8feb2b-5a08-454d-b004-957570e2d46e",
              "parentUUID": "8a1f0489-67b2-45b1-85b9-bacbce2bea02",
              "isHook": false,
              "skipped": false
            },
            {
              "title": "should able to Open Slack DM from options",
              "fullTitle": "Pending Evaluations should able to Open Slack DM from options",
              "timedOut": false,
              "duration": 7280,
              "state": "passed",
              "speed": "slow",
              "pass": true,
              "fail": false,
              "pending": false,
              "context": null,
              "code": "await evaluation.clickFilterButton();\nawait evaluation.searchName('James Salinas');\nawait utilFun.wait(1000);\nconst name = await evaluation.getResourseName();\nutilFun.assertEql(name, 'James Salinas');\nawait evaluation.clickOptionBtn();\nawait utilFun.wait(1000);\nawait evaluation.selectOption('Open Slack DM');\nawait utilFun.wait(1000);\nawait utilFun.switchWindow(1);\nawait utilFun.wait(3000);\nconst url = await utilFun.getUrl();\nassert.equal(url, 'https://invozone.slack.com/?redir=%2Fapp_redirect%3Fchannel%3Dundefined');\nawait utilFun.closeCurrentTab();\nawait utilFun.switchWindow(0);",
              "err": {},
              "uuid": "cd0924ed-9519-426b-9f3c-4474eb1f005d",
              "parentUUID": "8a1f0489-67b2-45b1-85b9-bacbce2bea02",
              "isHook": false,
              "skipped": false
            },
            {
              "title": "should able to see Email from options",
              "fullTitle": "Pending Evaluations should able to see Email from options",
              "timedOut": false,
              "duration": 6329,
              "state": "passed",
              "speed": "slow",
              "pass": true,
              "fail": false,
              "pending": false,
              "context": null,
              "code": "await evaluation.clickFilterButton();\nawait evaluation.searchName('James Salinas');\nawait utilFun.wait(1000);\nconst name = await evaluation.getResourseName();\nutilFun.assertEql(name, 'James Salinas');\nawait evaluation.clickOptionBtn();\nawait utilFun.wait(1000);\nawait evaluation.selectOption('See Email');\nawait utilFun.wait(3000);\nconst email = await evaluation.copyEmail();\nassert.equal(email, 'Email: james@robot-mail.com');",
              "err": {},
              "uuid": "48f3e48b-a10f-4c80-9b99-ef6cc94af2ca",
              "parentUUID": "8a1f0489-67b2-45b1-85b9-bacbce2bea02",
              "isHook": false,
              "skipped": false
            },
            {
              "title": "should able to copy Phone Number from options",
              "fullTitle": "Pending Evaluations should able to copy Phone Number from options",
              "timedOut": false,
              "duration": 6775,
              "state": "passed",
              "speed": "slow",
              "pass": true,
              "fail": false,
              "pending": false,
              "context": null,
              "code": "await evaluation.clickFilterButton();\nawait evaluation.searchName('James Salinas');\nawait utilFun.wait(1000);\nconst name = await evaluation.getResourseName();\nutilFun.assertEql(name, 'James Salinas');\nawait evaluation.clickOptionBtn();\nawait utilFun.wait(1000);\nawait evaluation.selectOption('Phone Number');\nawait utilFun.wait(3000);\nawait evaluation.copyPhoneNumber();\nconst alertText = await evaluation.checkAlert();\nassert.equal(alertText, 'Phone# is copied successfully');",
              "err": {},
              "uuid": "b160ea67-cc3f-46dc-b0ea-2042c3d14934",
              "parentUUID": "8a1f0489-67b2-45b1-85b9-bacbce2bea02",
              "isHook": false,
              "skipped": false
            },
            {
              "title": "should able to see Resource Details from options",
              "fullTitle": "Pending Evaluations should able to see Resource Details from options",
              "timedOut": false,
              "duration": 4434,
              "state": "passed",
              "speed": "slow",
              "pass": true,
              "fail": false,
              "pending": false,
              "context": null,
              "code": "await evaluation.clickFilterButton();\nawait evaluation.searchName('James Salinas');\nawait utilFun.wait(1000);\nconst name = await evaluation.getResourseName();\nutilFun.assertEql(name, 'James Salinas');\nawait evaluation.clickResource();\nawait utilFun.wait(1000);\nawait utilFun.switchWindow(1);\nawait utilFun.wait(1000);\nconst url = await utilFun.getUrl();\nassert.equal(url, 'http://localhost:3000/resource-detail/9742?tab=Basic_Information');\nawait utilFun.closeCurrentTab();\nawait utilFun.switchWindow(0);",
              "err": {},
              "uuid": "9e4bb019-5b95-4a9c-9cf5-585bb40ec5e4",
              "parentUUID": "8a1f0489-67b2-45b1-85b9-bacbce2bea02",
              "isHook": false,
              "skipped": false
            },
            {
              "title": "should able to see employee history",
              "fullTitle": "Pending Evaluations should able to see employee history",
              "timedOut": false,
              "duration": 3153,
              "state": "passed",
              "speed": "slow",
              "pass": true,
              "fail": false,
              "pending": false,
              "context": null,
              "code": "await evaluation.clickFilterButton();\nawait evaluation.searchName('James Salinas');\nawait utilFun.wait(1000);\nconst name = await evaluation.getResourseName();\nutilFun.assertEql(name, 'James Salinas');\nawait evaluation.clickSeeFeedback();\nawait utilFun.wait(1000);\nconst title = await evaluation.checkTitle();\nutilFun.assertEql(title, 'Feedback History of James Salinas');\nawait evaluation.checkSelectedTab();",
              "err": {},
              "uuid": "ab5bc00e-50b2-4ea0-8233-f2f47671f7d1",
              "parentUUID": "8a1f0489-67b2-45b1-85b9-bacbce2bea02",
              "isHook": false,
              "skipped": false
            },
            {
              "title": "should able to request a review",
              "fullTitle": "Pending Evaluations should able to request a review",
              "timedOut": false,
              "duration": 7244,
              "state": "passed",
              "speed": "slow",
              "pass": true,
              "fail": false,
              "pending": false,
              "context": null,
              "code": "await evaluation.clickFilterButton();\nawait evaluation.searchName('James Salinas');\nawait utilFun.wait(1000);\nconst name = await evaluation.getResourseName();\nutilFun.assertEql(name, 'James Salinas');\nawait evaluation.clickSeeFeedback();\nawait utilFun.wait(1000);\nawait evaluation.clickSubmittedReview();\nawait evaluation.clickReqReviewBtn();\nawait utilFun.wait(1000);\nawait evaluation.clickHod('Muhammad Bilal Rafaqat');\nawait evaluation.clickSendReqBtn();\nconst alertText = await evaluation.checkAlert();\nutilFun.assertEql(alertText, 'Request is send successfully.');",
              "err": {},
              "uuid": "7a4837c3-d635-4312-aca8-32799f120d17",
              "parentUUID": "8a1f0489-67b2-45b1-85b9-bacbce2bea02",
              "isHook": false,
              "skipped": false
            },
            {
              "title": "should able to give a review",
              "fullTitle": "Pending Evaluations should able to give a review",
              "timedOut": false,
              "duration": 15744,
              "state": "passed",
              "speed": "slow",
              "pass": true,
              "fail": false,
              "pending": false,
              "context": null,
              "code": "const query = [\n  `UPDATE employees SET \"departmentId\" = 9 WHERE id = 9474;`,\n  `UPDATE employees SET \"designationId\" = 83 WHERE id = 9474;`,\n  `UPDATE employees SET \"designation\" = 'Head of Engineering' WHERE id = 9474;`,\n];\nawait utilFun.udpateDatabase(query);\nawait utilFun.refresh();\nawait evaluation.clickFilterButton();\nawait evaluation.searchName('James Salinas');\nawait utilFun.wait(1000);\nconst name = await evaluation.getResourseName();\nutilFun.assertEql(name, 'James Salinas');\nawait evaluation.clickSeeFeedback();\nawait utilFun.wait(1000);\nawait evaluation.clickSubmittedReview();\nawait utilFun.wait(1000);\nawait evaluation.clickAddFeedback();\n// await feedbackForm.enterDate('03092023');\nawait feedbackForm.selectFeedbackDuration('6 Months');\nawait feedbackForm.selectNextReviewType('Annual');\nawait feedbackForm.selectRevisedDesignation('Software Engineer');\nawait feedbackForm.selectRevisedDesignationCategory('Automation');\nawait feedbackForm.typeIncreament('200000');\nawait feedbackForm.typeDescription('testingggg');\nawait feedbackForm.clickSubmit();\nconst alertText = await evaluation.checkAlert();\nutilFun.assertEql(alertText, 'Increment status is updated successfully');",
              "err": {},
              "uuid": "754fc188-6752-4b67-a1e0-346e1ed4049a",
              "parentUUID": "8a1f0489-67b2-45b1-85b9-bacbce2bea02",
              "isHook": false,
              "skipped": false
            },
            {
              "title": "should able to edit review form",
              "fullTitle": "Pending Evaluations should able to edit review form",
              "timedOut": false,
              "duration": 9136,
              "state": "passed",
              "speed": "slow",
              "pass": true,
              "fail": false,
              "pending": false,
              "context": null,
              "code": "await evaluation.clickFilterButton();\nawait evaluation.searchName('James Salinas');\nawait utilFun.wait(1000);\nconst name = await evaluation.getResourseName();\nutilFun.assertEql(name, 'James Salinas');\nawait evaluation.clickEditForm();\nawait utilFun.wait(1000);\n// await feedbackForm.enterDate('03102023');\nawait feedbackForm.selectFeedbackDuration('3 Months');\nawait feedbackForm.selectNextReviewType('Annual');\nawait feedbackForm.selectRevisedDesignation('Software Engineer');\nawait feedbackForm.typeIncreament('200000');\nawait feedbackForm.typeDescription('updated');\nawait feedbackForm.clickSubmit();\nconst alertText = await evaluation.checkAlert();\nutilFun.assertEql(alertText, 'Increment status is updated successfully');",
              "err": {},
              "uuid": "293ab2c6-0abe-4012-965f-6834ca018f71",
              "parentUUID": "8a1f0489-67b2-45b1-85b9-bacbce2bea02",
              "isHook": false,
              "skipped": false
            },
            {
              "title": "should able to defer review",
              "fullTitle": "Pending Evaluations should able to defer review",
              "timedOut": false,
              "duration": 7255,
              "state": "passed",
              "speed": "slow",
              "pass": true,
              "fail": false,
              "pending": false,
              "context": null,
              "code": "const query = [\n  `UPDATE employees SET \"designation\" = 'HR' WHERE id = 9474;`,\n  `UPDATE employees SET \"departmentId\" = 7 WHERE id = 9474;`,\n  `UPDATE employees SET \"designationId\" = 77 WHERE id = 9474;`,\n];\nawait utilFun.udpateDatabase(query);\nawait utilFun.refresh();\nawait evaluation.clickFilterButton();\nawait evaluation.searchName('James Salinas');\nawait utilFun.wait(1000);\nconst name = await evaluation.getResourseName();\nutilFun.assertEql(name, 'James Salinas');\nawait evaluation.clickDefer();\nawait evaluation.clickDeferType();\nawait utilFun.wait(1000);\nawait evaluation.selectDeferType('2 Weeks');\nawait evaluation.typeDeferReason('testing');\nawait evaluation.clickSubmitBtn();\nconst alertText = await evaluation.checkAlert();\nutilFun.assertEql(alertText, 'Increment status is updated successfully');",
              "err": {},
              "uuid": "9b572cb9-7f72-49ca-9176-b5888ee8f6ae",
              "parentUUID": "8a1f0489-67b2-45b1-85b9-bacbce2bea02",
              "isHook": false,
              "skipped": false
            },
            {
              "title": "should able to complete review",
              "fullTitle": "Pending Evaluations should able to complete review",
              "timedOut": false,
              "duration": 9974,
              "state": "passed",
              "speed": "slow",
              "pass": true,
              "fail": false,
              "pending": false,
              "context": null,
              "code": "const query = [\n  `UPDATE employees SET \"designation\" = 'HR' WHERE id = 9474;`,\n  `UPDATE employees SET \"departmentId\" = 7 WHERE id = 9474;`,\n  `UPDATE employees SET \"designationId\" = 77 WHERE id = 9474;`,\n  `UPDATE employee_evaluations SET \"processType\" = NULL WHERE id = 26;`,\n  `UPDATE employee_evaluations SET \"reasonForDefer\" = NULL WHERE id = 26;`,\n  `UPDATE employee_evaluations SET \"processDate\" = NULL WHERE id = 26;`,\n];\nawait utilFun.udpateDatabase(query);\nawait utilFun.refresh();\nawait evaluation.clickFilterButton();\nawait evaluation.searchName('James Salinas');\nawait utilFun.wait(1000);\nconst name = await evaluation.getResourseName();\nutilFun.assertEql(name, 'James Salinas');\nawait evaluation.clickComplete();\nawait feedbackForm.enterDate('03102023');\nawait feedbackForm.selectFeedbackDuration('3 Months');\nawait feedbackForm.selectNextReviewType('Annual');\nawait feedbackForm.selectRevisedDesignation('Software Engineer');\nawait feedbackForm.typeIncreament('200000');\nawait feedbackForm.clickSubmit();\nconst alertText = await evaluation.checkAlert();\nutilFun.assertEql(alertText, 'Increment status is updated successfully');",
              "err": {},
              "uuid": "ce7f5290-1555-45b2-b1a9-f80e9a903675",
              "parentUUID": "8a1f0489-67b2-45b1-85b9-bacbce2bea02",
              "isHook": false,
              "skipped": false
            }
          ],
          "suites": [],
          "passes": [
            "c3cd2728-cff8-4e15-9d07-d451f5336f43",
            "866327e9-dc79-43d1-a2d3-9fbbc1a63616",
            "84176e3d-c294-488c-ad23-7174f1fe735c",
            "922c9139-e5ef-4e2a-b8d9-2d4126203d30",
            "17169762-7ba7-4b62-ab11-2306abc30b82",
            "8c8feb2b-5a08-454d-b004-957570e2d46e",
            "cd0924ed-9519-426b-9f3c-4474eb1f005d",
            "48f3e48b-a10f-4c80-9b99-ef6cc94af2ca",
            "b160ea67-cc3f-46dc-b0ea-2042c3d14934",
            "9e4bb019-5b95-4a9c-9cf5-585bb40ec5e4",
            "ab5bc00e-50b2-4ea0-8233-f2f47671f7d1",
            "7a4837c3-d635-4312-aca8-32799f120d17",
            "754fc188-6752-4b67-a1e0-346e1ed4049a",
            "293ab2c6-0abe-4012-965f-6834ca018f71",
            "9b572cb9-7f72-49ca-9176-b5888ee8f6ae",
            "ce7f5290-1555-45b2-b1a9-f80e9a903675"
          ],
          "failures": [],
          "pending": [],
          "skipped": [],
          "duration": 98879,
          "root": false,
          "rootEmpty": false,
          "_timeout": 100000
        },
        {
          "uuid": "658dc336-c0fb-43f2-808e-4aa89e624893",
          "title": "Performance Base Evaluations",
          "fullFile": "/home/devops/invohub/resource-engagement/test/e2e/evaluation/spec_2_performance.js",
          "file": "/test/e2e/evaluation/spec_2_performance.js",
          "beforeHooks": [
            {
              "title": "\"before all\" hook in \"Performance Base Evaluations\"",
              "fullTitle": "Performance Base Evaluations \"before all\" hook in \"Performance Base Evaluations\"",
              "timedOut": false,
              "duration": 10106,
              "state": null,
              "speed": null,
              "pass": false,
              "fail": false,
              "pending": false,
              "context": null,
              "code": "await utilFun.loginAccount()\nconst url = await utilFun.getUrl();\nassert.equal(url, baseUrl + '/home');\nlet query = [\n  `UPDATE employee_evaluations SET \"incrementType\" = 'performance' WHERE id = 26;`,\n  `UPDATE employees SET \"designation\" = 'Software Engineer' WHERE id = 9474;`,\n  `UPDATE employees SET \"departmentId\" = 9 WHERE id = 9474;`,\n  `UPDATE employees SET \"designationId\" = 138 WHERE id = 9474;`,\n  `UPDATE employee_evaluations SET \"processType\" = NULL WHERE id = 26;`,\n  `UPDATE employee_evaluations SET \"reasonForDefer\" = NULL WHERE id = 26;`,\n  `UPDATE employee_evaluations SET \"processDate\" = NULL WHERE id = 26;`,\n  `UPDATE employee_evaluations SET \"feedback\" = NULL WHERE id = 26;`,\n];\nawait utilFun.udpateDatabase(query);",
              "err": {},
              "uuid": "fe4823af-2c68-4f31-8d3d-70fa4461243b",
              "parentUUID": "658dc336-c0fb-43f2-808e-4aa89e624893",
              "isHook": true,
              "skipped": false
            },
            {
              "title": "\"before each\" hook in \"Performance Base Evaluations\"",
              "fullTitle": "Performance Base Evaluations \"before each\" hook in \"Performance Base Evaluations\"",
              "timedOut": false,
              "duration": 4453,
              "state": null,
              "speed": null,
              "pass": false,
              "fail": false,
              "pending": false,
              "context": null,
              "code": "await utilFun.visit(baseUrl + '/evaluation-performance');\nawait utilFun.wait(4000);",
              "err": {},
              "uuid": "dac8a680-32d2-41a6-be05-2566d858830c",
              "parentUUID": "658dc336-c0fb-43f2-808e-4aa89e624893",
              "isHook": true,
              "skipped": false
            }
          ],
          "afterHooks": [],
          "tests": [
            {
              "title": "should check if performance evaluations are showing",
              "fullTitle": "Performance Base Evaluations should check if performance evaluations are showing",
              "timedOut": false,
              "duration": 37,
              "state": "passed",
              "speed": "fast",
              "pass": true,
              "fail": false,
              "pending": false,
              "context": null,
              "code": "let obj = await evaluation.getAllPendingResourses();\nassert(obj.length > 0, `No Evaluation Found`);",
              "err": {},
              "uuid": "e737bdac-2ef5-4267-86b2-1bcf070ca225",
              "parentUUID": "658dc336-c0fb-43f2-808e-4aa89e624893",
              "isHook": false,
              "skipped": false
            },
            {
              "title": "should able to filter resoures by name",
              "fullTitle": "Performance Base Evaluations should able to filter resoures by name",
              "timedOut": false,
              "duration": 1931,
              "state": "passed",
              "speed": "slow",
              "pass": true,
              "fail": false,
              "pending": false,
              "context": null,
              "code": "await evaluation.clickFilterButton();\nawait evaluation.searchName('James Salinas');\nawait utilFun.wait(1000);\nconst name = await evaluation.getResourseName();\nutilFun.assertEql(name, 'James Salinas');",
              "err": {},
              "uuid": "b2481a2e-4f1a-4e9b-8296-210e72deb0cf",
              "parentUUID": "658dc336-c0fb-43f2-808e-4aa89e624893",
              "isHook": false,
              "skipped": false
            },
            {
              "title": "should able to filter resoures by Last Increment",
              "fullTitle": "Performance Base Evaluations should able to filter resoures by Last Increment",
              "timedOut": false,
              "duration": 1494,
              "state": "passed",
              "speed": "slow",
              "pass": true,
              "fail": false,
              "pending": false,
              "context": null,
              "code": "await evaluation.clickFilterButton();\nawait evaluation.selectLastIncrement('N/A');\nconst valuesCount = await evaluation.checkValues();\nutilFun.assertEql(valuesCount, 1);",
              "err": {},
              "uuid": "7ccf72b9-84a6-4f1f-aee7-2302fa75c39a",
              "parentUUID": "658dc336-c0fb-43f2-808e-4aa89e624893",
              "isHook": false,
              "skipped": false
            },
            {
              "title": "should able to  copy email from options",
              "fullTitle": "Performance Base Evaluations should able to  copy email from options",
              "timedOut": false,
              "duration": 4014,
              "state": "passed",
              "speed": "slow",
              "pass": true,
              "fail": false,
              "pending": false,
              "context": null,
              "code": "await evaluation.clickFilterButton();\nawait evaluation.searchName('James Salinas');\nawait utilFun.wait(1000);\nconst name = await evaluation.getResourseName();\nutilFun.assertEql(name, 'James Salinas');\nawait evaluation.clickOptionBtn();\nawait utilFun.wait(1000);\nawait evaluation.selectOption('Copy Email');\nconst alertText = await evaluation.checkAlert();\nutilFun.assertEql(alertText, 'Email address is copied');",
              "err": {},
              "uuid": "8495604f-f862-4d7d-b440-61eae7e8b0e7",
              "parentUUID": "658dc336-c0fb-43f2-808e-4aa89e624893",
              "isHook": false,
              "skipped": false
            },
            {
              "title": "should able to Send Email from options",
              "fullTitle": "Performance Base Evaluations should able to Send Email from options",
              "timedOut": false,
              "duration": 7962,
              "state": "passed",
              "speed": "slow",
              "pass": true,
              "fail": false,
              "pending": false,
              "context": null,
              "code": "await evaluation.clickFilterButton();\nawait evaluation.searchName('James Salinas');\nawait utilFun.wait(1000);\nconst name = await evaluation.getResourseName();\nutilFun.assertEql(name, 'James Salinas');\nawait evaluation.clickOptionBtn();\nawait utilFun.wait(1000);\nawait evaluation.selectOption('Send Email');\nawait utilFun.wait(1000);\nawait utilFun.switchWindow(1);\nawait utilFun.wait(3000);\nconst url = await utilFun.getUrl();\nassert.equal(url, 'https://mail.google.com/mail/u/0/?fs=1&tf=cm&to=james@robot-mail.com');\nawait utilFun.closeCurrentTab();\nawait utilFun.switchWindow(0);",
              "err": {},
              "uuid": "a4d9f6b2-1df5-4dcd-a172-e7fe94931200",
              "parentUUID": "658dc336-c0fb-43f2-808e-4aa89e624893",
              "isHook": false,
              "skipped": false
            },
            {
              "title": "should able to Open Slack DM from options",
              "fullTitle": "Performance Base Evaluations should able to Open Slack DM from options",
              "timedOut": false,
              "duration": 8308,
              "state": "passed",
              "speed": "slow",
              "pass": true,
              "fail": false,
              "pending": false,
              "context": null,
              "code": "await evaluation.clickFilterButton();\nawait evaluation.searchName('James Salinas');\nawait utilFun.wait(1000);\nconst name = await evaluation.getResourseName();\nutilFun.assertEql(name, 'James Salinas');\nawait evaluation.clickOptionBtn();\nawait utilFun.wait(1000);\nawait evaluation.selectOption('Open Slack DM');\nawait utilFun.wait(1000);\nawait utilFun.switchWindow(1);\nawait utilFun.wait(3000);\nconst url = await utilFun.getUrl();\nassert.equal(url, 'https://invozone.slack.com/?redir=%2Fapp_redirect%3Fchannel%3Dundefined');\nawait utilFun.closeCurrentTab();\nawait utilFun.switchWindow(0);",
              "err": {},
              "uuid": "8f54bdf2-f130-45ac-af00-8a0d04f4a6e2",
              "parentUUID": "658dc336-c0fb-43f2-808e-4aa89e624893",
              "isHook": false,
              "skipped": false
            },
            {
              "title": "should able to see Email from options",
              "fullTitle": "Performance Base Evaluations should able to see Email from options",
              "timedOut": false,
              "duration": 7345,
              "state": "passed",
              "speed": "slow",
              "pass": true,
              "fail": false,
              "pending": false,
              "context": null,
              "code": "await evaluation.clickFilterButton();\nawait evaluation.searchName('James Salinas');\nawait utilFun.wait(1000);\nconst name = await evaluation.getResourseName();\nutilFun.assertEql(name, 'James Salinas');\nawait evaluation.clickOptionBtn();\nawait utilFun.wait(1000);\nawait evaluation.selectOption('See Email');\nawait utilFun.wait(4000);\nconst email = await evaluation.copyEmail();\nassert.equal(email, 'Email: james@robot-mail.com');",
              "err": {},
              "uuid": "460e7da2-37b0-432e-bbec-3ad20a7ea5af",
              "parentUUID": "658dc336-c0fb-43f2-808e-4aa89e624893",
              "isHook": false,
              "skipped": false
            },
            {
              "title": "should able to copy Phone Number from options",
              "fullTitle": "Performance Base Evaluations should able to copy Phone Number from options",
              "timedOut": false,
              "duration": 6699,
              "state": "passed",
              "speed": "slow",
              "pass": true,
              "fail": false,
              "pending": false,
              "context": null,
              "code": "await evaluation.clickFilterButton();\nawait evaluation.searchName('James Salinas');\nawait utilFun.wait(1000);\nconst name = await evaluation.getResourseName();\nutilFun.assertEql(name, 'James Salinas');\nawait evaluation.clickOptionBtn();\nawait utilFun.wait(1000);\nawait evaluation.selectOption('Phone Number');\nawait utilFun.wait(3000);\nawait evaluation.copyPhoneNumber();\nconst alertText = await evaluation.checkAlert();\nassert.equal(alertText, 'Phone# is copied successfully');",
              "err": {},
              "uuid": "175f9dc5-f0a0-4edf-9e38-dd7ec93cac08",
              "parentUUID": "658dc336-c0fb-43f2-808e-4aa89e624893",
              "isHook": false,
              "skipped": false
            },
            {
              "title": "should able to see Resource Details from options",
              "fullTitle": "Performance Base Evaluations should able to see Resource Details from options",
              "timedOut": false,
              "duration": 4307,
              "state": "passed",
              "speed": "slow",
              "pass": true,
              "fail": false,
              "pending": false,
              "context": null,
              "code": "await evaluation.clickFilterButton();\nawait evaluation.searchName('James Salinas');\nawait utilFun.wait(1000);\nconst name = await evaluation.getResourseName();\nutilFun.assertEql(name, 'James Salinas');\nawait evaluation.clickResource();\nawait utilFun.wait(1000);\nawait utilFun.switchWindow(1);\nawait utilFun.wait(1000);\nconst url = await utilFun.getUrl();\nassert.equal(url, baseUrl + '/resource-detail/9742?tab=Basic_Information');\nawait utilFun.closeCurrentTab();\nawait utilFun.switchWindow(0);",
              "err": {},
              "uuid": "d0332414-75e1-4ab0-8904-3ec5caedbf0e",
              "parentUUID": "658dc336-c0fb-43f2-808e-4aa89e624893",
              "isHook": false,
              "skipped": false
            },
            {
              "title": "should able to see employee history",
              "fullTitle": "Performance Base Evaluations should able to see employee history",
              "timedOut": false,
              "duration": 3087,
              "state": "passed",
              "speed": "slow",
              "pass": true,
              "fail": false,
              "pending": false,
              "context": null,
              "code": "await evaluation.clickFilterButton();\nawait evaluation.searchName('James Salinas');\nawait utilFun.wait(1000);\nconst name = await evaluation.getResourseName();\nutilFun.assertEql(name, 'James Salinas');\nawait evaluation.clickSeeFeedback();\nawait utilFun.wait(1000);\nconst title = await evaluation.checkTitle();\nutilFun.assertEql(title, 'Feedback History of James Salinas');\nawait evaluation.checkSelectedTab();",
              "err": {},
              "uuid": "57344c5b-ff31-4b77-974e-8cd964f81ff9",
              "parentUUID": "658dc336-c0fb-43f2-808e-4aa89e624893",
              "isHook": false,
              "skipped": false
            },
            {
              "title": "should able to request a review",
              "fullTitle": "Performance Base Evaluations should able to request a review",
              "timedOut": false,
              "duration": 7306,
              "state": "passed",
              "speed": "slow",
              "pass": true,
              "fail": false,
              "pending": false,
              "context": null,
              "code": "await evaluation.clickFilterButton();\nawait evaluation.searchName('James Salinas');\nawait utilFun.wait(1000);\nconst name = await evaluation.getResourseName();\nutilFun.assertEql(name, 'James Salinas');\nawait evaluation.clickSeeFeedback();4\nawait utilFun.wait(1000);\nawait evaluation.clickSubmittedReview();\nawait evaluation.clickReqReviewBtn();\nawait utilFun.wait(1000);\nawait evaluation.clickHod('Muhammad Bilal Rafaqat');\nawait evaluation.clickSendReqBtn();\nconst alertText = await evaluation.checkAlert();\nutilFun.assertEql(alertText, 'Request is send successfully.');",
              "err": {},
              "uuid": "e9496f6f-865a-4dcf-919a-28fc077f2472",
              "parentUUID": "658dc336-c0fb-43f2-808e-4aa89e624893",
              "isHook": false,
              "skipped": false
            },
            {
              "title": "should able to give a review",
              "fullTitle": "Performance Base Evaluations should able to give a review",
              "timedOut": false,
              "duration": 13451,
              "state": "passed",
              "speed": "slow",
              "pass": true,
              "fail": false,
              "pending": false,
              "context": null,
              "code": "const query = [\n  `UPDATE employees SET \"departmentId\" = 9 WHERE id = 9474;`,\n  `UPDATE employees SET \"designationId\" = 83 WHERE id = 9474;`,\n  `UPDATE employees SET \"designation\" = 'Head of Engineering' WHERE id = 9474;`,\n];\nawait utilFun.udpateDatabase(query);\nawait utilFun.refresh();\nawait evaluation.clickFilterButton();\nawait evaluation.searchName('James Salinas');\nawait utilFun.wait(1000);\nconst name = await evaluation.getResourseName();\nutilFun.assertEql(name, 'James Salinas');\nawait evaluation.clickSeeFeedback();\nawait utilFun.wait(1000);\nawait evaluation.clickSubmittedReview();\nawait utilFun.wait(1000);\nawait evaluation.clickAddFeedback();\nawait feedbackForm.enterDate('03092023');\nawait feedbackForm.selectFeedbackDuration('6 Months');\nawait feedbackForm.selectNextReviewType('Annual');\nawait feedbackForm.selectRevisedDesignation('Software Engineer');\nawait feedbackForm.typeIncreament('200000');\nawait feedbackForm.typeDescription('testingggg');\nawait feedbackForm.clickSubmit();\nconst alertText = await evaluation.checkAlert();\nutilFun.assertEql(alertText, 'Increment status is updated successfully');",
              "err": {},
              "uuid": "4a6c8491-f99a-41f4-ab85-ce3c913d8622",
              "parentUUID": "658dc336-c0fb-43f2-808e-4aa89e624893",
              "isHook": false,
              "skipped": false
            },
            {
              "title": "should able to edit review form",
              "fullTitle": "Performance Base Evaluations should able to edit review form",
              "timedOut": false,
              "duration": 9594,
              "state": "passed",
              "speed": "slow",
              "pass": true,
              "fail": false,
              "pending": false,
              "context": null,
              "code": "await evaluation.clickFilterButton();\nawait evaluation.searchName('James Salinas');\nawait utilFun.wait(1000);\nconst name = await evaluation.getResourseName();\nutilFun.assertEql(name, 'James Salinas');\nawait evaluation.clickEditForm();\nawait utilFun.wait(1000);\nawait feedbackForm.enterDate('03102023');\nawait feedbackForm.selectFeedbackDuration('3 Months');\nawait feedbackForm.selectNextReviewType('Annual');\nawait feedbackForm.selectRevisedDesignation('Software Engineer');\nawait feedbackForm.typeIncreament('200000');\nawait feedbackForm.typeDescription('updated');\nawait feedbackForm.clickSubmit();\nconst alertText = await evaluation.checkAlert();\nutilFun.assertEql(alertText, 'Increment status is updated successfully');",
              "err": {},
              "uuid": "6775c6da-ef9a-493f-9fa9-0cd720027d58",
              "parentUUID": "658dc336-c0fb-43f2-808e-4aa89e624893",
              "isHook": false,
              "skipped": false
            },
            {
              "title": "should able to defer review",
              "fullTitle": "Performance Base Evaluations should able to defer review",
              "timedOut": false,
              "duration": 6647,
              "state": "passed",
              "speed": "slow",
              "pass": true,
              "fail": false,
              "pending": false,
              "context": null,
              "code": "const query = [\n  `UPDATE employees SET \"designation\" = 'HR' WHERE id = 9474;`,\n  `UPDATE employees SET \"departmentId\" = 7 WHERE id = 9474;`,\n  `UPDATE employees SET \"designationId\" = 77 WHERE id = 9474;`,\n];\nawait utilFun.udpateDatabase(query);\nawait utilFun.refresh();\nawait evaluation.clickFilterButton();\nawait evaluation.searchName('James Salinas');\nawait utilFun.wait(1000);\nconst name = await evaluation.getResourseName();\nutilFun.assertEql(name, 'James Salinas');\nawait evaluation.clickDefer();\nawait evaluation.clickDeferType();\nawait utilFun.wait(1000);\nawait evaluation.selectDeferType('2 Weeks');\nawait evaluation.typeDeferReason('testing');\nawait evaluation.clickSubmitBtn();\nconst alertText = await evaluation.checkAlert();\nutilFun.assertEql(alertText, 'Increment status is updated successfully');",
              "err": {},
              "uuid": "30efa02f-ede8-4c36-875d-edeba9abcc70",
              "parentUUID": "658dc336-c0fb-43f2-808e-4aa89e624893",
              "isHook": false,
              "skipped": false
            },
            {
              "title": "should able to complete review",
              "fullTitle": "Performance Base Evaluations should able to complete review",
              "timedOut": false,
              "duration": 10796,
              "state": "passed",
              "speed": "slow",
              "pass": true,
              "fail": false,
              "pending": false,
              "context": null,
              "code": "const query = [\n  `UPDATE employees SET \"designation\" = 'HR' WHERE id = 9474;`,\n  `UPDATE employees SET \"departmentId\" = 7 WHERE id = 9474;`,\n  `UPDATE employees SET \"designationId\" = 77 WHERE id = 9474;`,\n  `UPDATE employee_evaluations SET \"processType\" = NULL WHERE id = 26;`,\n  `UPDATE employee_evaluations SET \"reasonForDefer\" = NULL WHERE id = 26;`,\n  `UPDATE employee_evaluations SET \"processDate\" = NULL WHERE id = 26;`,\n];\nawait utilFun.udpateDatabase(query);\nawait utilFun.refresh();\nawait evaluation.clickFilterButton();\nawait evaluation.searchName('James Salinas');\nawait utilFun.wait(1000);\nconst name = await evaluation.getResourseName();\nutilFun.assertEql(name, 'James Salinas');\nawait evaluation.clickComplete();\nawait feedbackForm.enterDate('03102023');\nawait feedbackForm.selectFeedbackDuration('3 Months');\nawait feedbackForm.selectNextReviewType('Annual');\nawait feedbackForm.selectRevisedDesignation('Software Engineer');\nawait feedbackForm.typeIncreament('200000');\nawait feedbackForm.clickSubmit();\nconst alertText = await evaluation.checkAlert();\nutilFun.assertEql(alertText, 'Increment status is updated successfully');",
              "err": {},
              "uuid": "9425cd4e-024f-4741-a98e-e3c19663bd61",
              "parentUUID": "658dc336-c0fb-43f2-808e-4aa89e624893",
              "isHook": false,
              "skipped": false
            }
          ],
          "suites": [],
          "passes": [
            "e737bdac-2ef5-4267-86b2-1bcf070ca225",
            "b2481a2e-4f1a-4e9b-8296-210e72deb0cf",
            "7ccf72b9-84a6-4f1f-aee7-2302fa75c39a",
            "8495604f-f862-4d7d-b440-61eae7e8b0e7",
            "a4d9f6b2-1df5-4dcd-a172-e7fe94931200",
            "8f54bdf2-f130-45ac-af00-8a0d04f4a6e2",
            "460e7da2-37b0-432e-bbec-3ad20a7ea5af",
            "175f9dc5-f0a0-4edf-9e38-dd7ec93cac08",
            "d0332414-75e1-4ab0-8904-3ec5caedbf0e",
            "57344c5b-ff31-4b77-974e-8cd964f81ff9",
            "e9496f6f-865a-4dcf-919a-28fc077f2472",
            "4a6c8491-f99a-41f4-ab85-ce3c913d8622",
            "6775c6da-ef9a-493f-9fa9-0cd720027d58",
            "30efa02f-ede8-4c36-875d-edeba9abcc70",
            "9425cd4e-024f-4741-a98e-e3c19663bd61"
          ],
          "failures": [],
          "pending": [],
          "skipped": [],
          "duration": 92978,
          "root": false,
          "rootEmpty": false,
          "_timeout": 100000
        },
        {
          "uuid": "a51fcd31-dfa7-4633-8f0a-58e1d236dd92",
          "title": "Retention Base Evaluations",
          "fullFile": "/home/devops/invohub/resource-engagement/test/e2e/evaluation/spec_3_retention.js",
          "file": "/test/e2e/evaluation/spec_3_retention.js",
          "beforeHooks": [
            {
              "title": "\"before all\" hook in \"Retention Base Evaluations\"",
              "fullTitle": "Retention Base Evaluations \"before all\" hook in \"Retention Base Evaluations\"",
              "timedOut": false,
              "duration": 9940,
              "state": null,
              "speed": null,
              "pass": false,
              "fail": false,
              "pending": false,
              "context": null,
              "code": "await utilFun.loginAccount()\nconst url = await utilFun.getUrl();\nassert.equal(url, baseUrl + '/home');\nlet query = [\n  `UPDATE employee_evaluations SET \"incrementType\" = 'retention' WHERE id = 26;`,\n  `UPDATE employees SET \"designation\" = 'Software Engineer' WHERE id = 9474;`,\n  `UPDATE employees SET \"departmentId\" = 9 WHERE id = 9474;`,\n  `UPDATE employees SET \"designationId\" = 138 WHERE id = 9474;`,\n  `UPDATE employee_evaluations SET \"processType\" = NULL WHERE id = 26;`,\n  `UPDATE employee_evaluations SET \"reasonForDefer\" = NULL WHERE id = 26;`,\n  `UPDATE employee_evaluations SET \"processDate\" = NULL WHERE id = 26;`,\n  `UPDATE employee_evaluations SET \"feedback\" = NULL WHERE id = 26;`,\n];\nawait utilFun.udpateDatabase(query);",
              "err": {},
              "uuid": "9923b19e-f63f-4616-8233-5e0987030f85",
              "parentUUID": "a51fcd31-dfa7-4633-8f0a-58e1d236dd92",
              "isHook": true,
              "skipped": false
            },
            {
              "title": "\"before each\" hook in \"Retention Base Evaluations\"",
              "fullTitle": "Retention Base Evaluations \"before each\" hook in \"Retention Base Evaluations\"",
              "timedOut": false,
              "duration": 4615,
              "state": null,
              "speed": null,
              "pass": false,
              "fail": false,
              "pending": false,
              "context": null,
              "code": "await utilFun.visit(baseUrl + '/evaluation-retention');\nawait utilFun.wait(4000);",
              "err": {},
              "uuid": "0bf81a83-793e-4c09-81bb-04449b4715bf",
              "parentUUID": "a51fcd31-dfa7-4633-8f0a-58e1d236dd92",
              "isHook": true,
              "skipped": false
            }
          ],
          "afterHooks": [],
          "tests": [
            {
              "title": "should check if retention evaluations are showing",
              "fullTitle": "Retention Base Evaluations should check if retention evaluations are showing",
              "timedOut": false,
              "duration": 42,
              "state": "passed",
              "speed": "medium",
              "pass": true,
              "fail": false,
              "pending": false,
              "context": null,
              "code": "let obj = await evaluation.getAllPendingResourses();\nassert(obj.length > 0, `No Evaluation Found`);",
              "err": {},
              "uuid": "5f5a2277-8942-4172-a07e-9936e463e286",
              "parentUUID": "a51fcd31-dfa7-4633-8f0a-58e1d236dd92",
              "isHook": false,
              "skipped": false
            },
            {
              "title": "should able to filter resoures by name",
              "fullTitle": "Retention Base Evaluations should able to filter resoures by name",
              "timedOut": false,
              "duration": 1889,
              "state": "passed",
              "speed": "slow",
              "pass": true,
              "fail": false,
              "pending": false,
              "context": null,
              "code": "await evaluation.clickFilterButton();\nawait evaluation.searchName('James Salinas');\nawait utilFun.wait(1000);\nconst name = await evaluation.getResourseName();\nutilFun.assertEql(name, 'James Salinas');",
              "err": {},
              "uuid": "8f7bfe29-3e30-4d00-b6e4-b4f13efd3229",
              "parentUUID": "a51fcd31-dfa7-4633-8f0a-58e1d236dd92",
              "isHook": false,
              "skipped": false
            },
            {
              "title": "should able to filter resoures by Last Increment",
              "fullTitle": "Retention Base Evaluations should able to filter resoures by Last Increment",
              "timedOut": false,
              "duration": 1494,
              "state": "passed",
              "speed": "slow",
              "pass": true,
              "fail": false,
              "pending": false,
              "context": null,
              "code": "await evaluation.clickFilterButton();\nawait evaluation.selectLastIncrement('N/A');\nconst valuesCount = await evaluation.checkValues();\nutilFun.assertEql(valuesCount, 1);",
              "err": {},
              "uuid": "55be2be8-9a79-4f90-958e-1b9f4b61ca3b",
              "parentUUID": "a51fcd31-dfa7-4633-8f0a-58e1d236dd92",
              "isHook": false,
              "skipped": false
            },
            {
              "title": "should able to  copy email from options",
              "fullTitle": "Retention Base Evaluations should able to  copy email from options",
              "timedOut": false,
              "duration": 4007,
              "state": "passed",
              "speed": "slow",
              "pass": true,
              "fail": false,
              "pending": false,
              "context": null,
              "code": "await evaluation.clickFilterButton();\nawait evaluation.searchName('James Salinas');\nawait utilFun.wait(1000);\nconst name = await evaluation.getResourseName();\nutilFun.assertEql(name, 'James Salinas');\nawait evaluation.clickOptionBtn();\nawait utilFun.wait(1000);\nawait evaluation.selectOption('Copy Email');\nconst alertText = await evaluation.checkAlert();\nutilFun.assertEql(alertText, 'Email address is copied');",
              "err": {},
              "uuid": "a7b53d8f-ec33-484a-8b01-26ca9995b859",
              "parentUUID": "a51fcd31-dfa7-4633-8f0a-58e1d236dd92",
              "isHook": false,
              "skipped": false
            },
            {
              "title": "should able to Send Email from options",
              "fullTitle": "Retention Base Evaluations should able to Send Email from options",
              "timedOut": false,
              "duration": 7587,
              "state": "passed",
              "speed": "slow",
              "pass": true,
              "fail": false,
              "pending": false,
              "context": null,
              "code": "await evaluation.clickFilterButton();\nawait evaluation.searchName('James Salinas');\nawait utilFun.wait(1000);\nconst name = await evaluation.getResourseName();\nutilFun.assertEql(name, 'James Salinas');\nawait evaluation.clickOptionBtn();\nawait utilFun.wait(1000);\nawait evaluation.selectOption('Send Email');\nawait utilFun.wait(1000);\nawait utilFun.switchWindow(1);\nawait utilFun.wait(3000);\nconst url = await utilFun.getUrl();\nassert.equal(url, 'https://mail.google.com/mail/u/0/?fs=1&tf=cm&to=james@robot-mail.com');\nawait utilFun.closeCurrentTab();\nawait utilFun.switchWindow(0);",
              "err": {},
              "uuid": "6d2ab863-17dd-41e4-93bd-84374e700dd7",
              "parentUUID": "a51fcd31-dfa7-4633-8f0a-58e1d236dd92",
              "isHook": false,
              "skipped": false
            },
            {
              "title": "should able to Open Slack DM from options",
              "fullTitle": "Retention Base Evaluations should able to Open Slack DM from options",
              "timedOut": false,
              "duration": 7498,
              "state": "passed",
              "speed": "slow",
              "pass": true,
              "fail": false,
              "pending": false,
              "context": null,
              "code": "await evaluation.clickFilterButton();\nawait evaluation.searchName('James Salinas');\nawait utilFun.wait(1000);\nconst name = await evaluation.getResourseName();\nutilFun.assertEql(name, 'James Salinas');\nawait evaluation.clickOptionBtn();\nawait utilFun.wait(1000);\nawait evaluation.selectOption('Open Slack DM');\nawait utilFun.wait(1000);\nawait utilFun.switchWindow(1);\nawait utilFun.wait(3000);\nconst url = await utilFun.getUrl();\nassert.equal(url, 'https://invozone.slack.com/?redir=%2Fapp_redirect%3Fchannel%3Dundefined');\nawait utilFun.closeCurrentTab();\nawait utilFun.switchWindow(0);",
              "err": {},
              "uuid": "b3541eb1-a2a9-4c20-a0f4-ddcec1efd546",
              "parentUUID": "a51fcd31-dfa7-4633-8f0a-58e1d236dd92",
              "isHook": false,
              "skipped": false
            },
            {
              "title": "should able to see Email from options",
              "fullTitle": "Retention Base Evaluations should able to see Email from options",
              "timedOut": false,
              "duration": 7183,
              "state": "passed",
              "speed": "slow",
              "pass": true,
              "fail": false,
              "pending": false,
              "context": null,
              "code": "await evaluation.clickFilterButton();\nawait evaluation.searchName('James Salinas');\nawait utilFun.wait(1000);\nconst name = await evaluation.getResourseName();\nutilFun.assertEql(name, 'James Salinas');\nawait evaluation.clickOptionBtn();\nawait utilFun.wait(1000);\nawait evaluation.selectOption('See Email');\nawait utilFun.wait(4000);\nconst email = await evaluation.copyEmail();\nassert.equal(email, 'Email: james@robot-mail.com');",
              "err": {},
              "uuid": "85ca53f2-39ff-448f-8ebd-c3fe78737ac8",
              "parentUUID": "a51fcd31-dfa7-4633-8f0a-58e1d236dd92",
              "isHook": false,
              "skipped": false
            },
            {
              "title": "should able to copy Phone Number from options",
              "fullTitle": "Retention Base Evaluations should able to copy Phone Number from options",
              "timedOut": false,
              "duration": 6671,
              "state": "passed",
              "speed": "slow",
              "pass": true,
              "fail": false,
              "pending": false,
              "context": null,
              "code": "await evaluation.clickFilterButton();\nawait evaluation.searchName('James Salinas');\nawait utilFun.wait(1000);\nconst name = await evaluation.getResourseName();\nutilFun.assertEql(name, 'James Salinas');\nawait evaluation.clickOptionBtn();\nawait utilFun.wait(1000);\nawait evaluation.selectOption('Phone Number');\nawait utilFun.wait(3000);\nawait evaluation.copyPhoneNumber();\nconst alertText = await evaluation.checkAlert();\nassert.equal(alertText, 'Phone# is copied successfully');",
              "err": {},
              "uuid": "a4af2781-5df6-4783-a671-cdb28b71af48",
              "parentUUID": "a51fcd31-dfa7-4633-8f0a-58e1d236dd92",
              "isHook": false,
              "skipped": false
            },
            {
              "title": "should able to see Resource Details from options",
              "fullTitle": "Retention Base Evaluations should able to see Resource Details from options",
              "timedOut": false,
              "duration": 4264,
              "state": "passed",
              "speed": "slow",
              "pass": true,
              "fail": false,
              "pending": false,
              "context": null,
              "code": "await evaluation.clickFilterButton();\nawait evaluation.searchName('James Salinas');\nawait utilFun.wait(1000);\nconst name = await evaluation.getResourseName();\nutilFun.assertEql(name, 'James Salinas');\nawait evaluation.clickResource();\nawait utilFun.wait(1000);\nawait utilFun.switchWindow(1);\nawait utilFun.wait(1000);\nconst url = await utilFun.getUrl();\nassert.equal(url, baseUrl + '/resource-detail/9742?tab=Basic_Information');\nawait utilFun.closeCurrentTab();\nawait utilFun.switchWindow(0);",
              "err": {},
              "uuid": "7741ccc8-9fdb-4bf0-b9a2-324aadac73cb",
              "parentUUID": "a51fcd31-dfa7-4633-8f0a-58e1d236dd92",
              "isHook": false,
              "skipped": false
            },
            {
              "title": "should able to see employee history",
              "fullTitle": "Retention Base Evaluations should able to see employee history",
              "timedOut": false,
              "duration": 3082,
              "state": "passed",
              "speed": "slow",
              "pass": true,
              "fail": false,
              "pending": false,
              "context": null,
              "code": "await evaluation.clickFilterButton();\nawait evaluation.searchName('James Salinas');\nawait utilFun.wait(1000);\nconst name = await evaluation.getResourseName();\nutilFun.assertEql(name, 'James Salinas');\nawait evaluation.clickSeeFeedback();\nawait utilFun.wait(1000);\nconst title = await evaluation.checkTitle();\nutilFun.assertEql(title, 'Feedback History of James Salinas');\nawait evaluation.checkSelectedTab();",
              "err": {},
              "uuid": "7875deec-d8c2-4f86-9071-fc1cd2eb60bf",
              "parentUUID": "a51fcd31-dfa7-4633-8f0a-58e1d236dd92",
              "isHook": false,
              "skipped": false
            },
            {
              "title": "should able to request a review",
              "fullTitle": "Retention Base Evaluations should able to request a review",
              "timedOut": false,
              "duration": 7298,
              "state": "passed",
              "speed": "slow",
              "pass": true,
              "fail": false,
              "pending": false,
              "context": null,
              "code": "await evaluation.clickFilterButton();\nawait evaluation.searchName('James Salinas');\nawait utilFun.wait(1000);\nconst name = await evaluation.getResourseName();\nutilFun.assertEql(name, 'James Salinas');\nawait evaluation.clickSeeFeedback();\nawait utilFun.wait(1000);\nawait evaluation.clickSubmittedReview();\nawait evaluation.clickReqReviewBtn();\nawait utilFun.wait(1000);\nawait evaluation.clickHod('Muhammad Bilal Rafaqat');\nawait evaluation.clickSendReqBtn();\nconst alertText = await evaluation.checkAlert();\nutilFun.assertEql(alertText, 'Request is send successfully.');",
              "err": {},
              "uuid": "2ea11fdc-85d9-41d5-85e3-ee2c65a71c5d",
              "parentUUID": "a51fcd31-dfa7-4633-8f0a-58e1d236dd92",
              "isHook": false,
              "skipped": false
            },
            {
              "title": "should able to give a review",
              "fullTitle": "Retention Base Evaluations should able to give a review",
              "timedOut": false,
              "duration": 12474,
              "state": "passed",
              "speed": "slow",
              "pass": true,
              "fail": false,
              "pending": false,
              "context": null,
              "code": "const query = [\n  `UPDATE employees SET \"departmentId\" = 9 WHERE id = 9474;`,\n  `UPDATE employees SET \"designationId\" = 83 WHERE id = 9474;`,\n  `UPDATE employees SET \"designation\" = 'Head of Engineering' WHERE id = 9474;`,\n];\nawait utilFun.udpateDatabase(query);\nawait utilFun.refresh();\nawait evaluation.clickFilterButton();\nawait evaluation.searchName('James Salinas');\nawait utilFun.wait(1000);\nconst name = await evaluation.getResourseName();\nutilFun.assertEql(name, 'James Salinas');\nawait evaluation.clickSeeFeedback();\nawait utilFun.wait(1000);\nawait evaluation.clickSubmittedReview();\nawait utilFun.wait(1000);\nawait evaluation.clickAddFeedback();\n// await feedbackForm.enterDate('03092023');\nawait feedbackForm.selectFeedbackDuration('6 Months');\nawait feedbackForm.selectNextReviewType('Annual');\nawait feedbackForm.selectRevisedDesignation('Software Engineer');\nawait feedbackForm.typeIncreament('200000');\nawait feedbackForm.typeDescription('testingggg');\nawait feedbackForm.clickSubmit();\nconst alertText = await evaluation.checkAlert();\nutilFun.assertEql(alertText, 'Increment status is updated successfully');",
              "err": {},
              "uuid": "7408fa02-bc8b-4ccd-a0cb-45bebbdbb5ec",
              "parentUUID": "a51fcd31-dfa7-4633-8f0a-58e1d236dd92",
              "isHook": false,
              "skipped": false
            },
            {
              "title": "should able to edit review form",
              "fullTitle": "Retention Base Evaluations should able to edit review form",
              "timedOut": false,
              "duration": 9323,
              "state": "passed",
              "speed": "slow",
              "pass": true,
              "fail": false,
              "pending": false,
              "context": null,
              "code": "await evaluation.clickFilterButton();\nawait evaluation.searchName('James Salinas');\nawait utilFun.wait(1000);\nconst name = await evaluation.getResourseName();\nutilFun.assertEql(name, 'James Salinas');\nawait evaluation.clickEditForm();\nawait utilFun.wait(1000);\n// await feedbackForm.enterDate('03102023');\nawait feedbackForm.selectFeedbackDuration('3 Months');\nawait feedbackForm.selectNextReviewType('Annual');\nawait feedbackForm.selectRevisedDesignation('Software Engineer');\nawait feedbackForm.typeIncreament('200000');\nawait feedbackForm.typeDescription('updated');\nawait feedbackForm.clickSubmit();\nconst alertText = await evaluation.checkAlert();\nutilFun.assertEql(alertText, 'Increment status is updated successfully');",
              "err": {},
              "uuid": "fcd086e3-8820-47e0-980c-6f7844fe6d7f",
              "parentUUID": "a51fcd31-dfa7-4633-8f0a-58e1d236dd92",
              "isHook": false,
              "skipped": false
            },
            {
              "title": "should able to defer review",
              "fullTitle": "Retention Base Evaluations should able to defer review",
              "timedOut": false,
              "duration": 7022,
              "state": "passed",
              "speed": "slow",
              "pass": true,
              "fail": false,
              "pending": false,
              "context": null,
              "code": "const query = [\n  `UPDATE employees SET \"designation\" = 'HR' WHERE id = 9474;`,\n  `UPDATE employees SET \"departmentId\" = 7 WHERE id = 9474;`,\n  `UPDATE employees SET \"designationId\" = 77 WHERE id = 9474;`,\n];\nawait utilFun.udpateDatabase(query);\nawait utilFun.refresh();\nawait evaluation.clickFilterButton();\nawait evaluation.searchName('James Salinas');\nawait utilFun.wait(1000);\nconst name = await evaluation.getResourseName();\nutilFun.assertEql(name, 'James Salinas');\nawait evaluation.clickDefer();\nawait evaluation.clickDeferType();\nawait utilFun.wait(1000);\nawait evaluation.selectDeferType('2 Weeks');\nawait evaluation.typeDeferReason('testing');\nawait evaluation.clickSubmitBtn();\nconst alertText = await evaluation.checkAlert();\nutilFun.assertEql(alertText, 'Increment status is updated successfully');",
              "err": {},
              "uuid": "57c95053-d987-4226-9907-66d0a34c7178",
              "parentUUID": "a51fcd31-dfa7-4633-8f0a-58e1d236dd92",
              "isHook": false,
              "skipped": false
            },
            {
              "title": "should able to complete review",
              "fullTitle": "Retention Base Evaluations should able to complete review",
              "timedOut": false,
              "duration": 10252,
              "state": "passed",
              "speed": "slow",
              "pass": true,
              "fail": false,
              "pending": false,
              "context": null,
              "code": "const query = [\n  `UPDATE employees SET \"designation\" = 'HR' WHERE id = 9474;`,\n  `UPDATE employees SET \"departmentId\" = 7 WHERE id = 9474;`,\n  `UPDATE employees SET \"designationId\" = 77 WHERE id = 9474;`,\n  `UPDATE employee_evaluations SET \"processType\" = NULL WHERE id = 26;`,\n  `UPDATE employee_evaluations SET \"reasonForDefer\" = NULL WHERE id = 26;`,\n  `UPDATE employee_evaluations SET \"processDate\" = NULL WHERE id = 26;`,\n];\nawait utilFun.udpateDatabase(query);\nawait utilFun.refresh();\nawait evaluation.clickFilterButton();\nawait evaluation.searchName('James Salinas');\nawait utilFun.wait(1000);\nconst name = await evaluation.getResourseName();\nutilFun.assertEql(name, 'James Salinas');\nawait evaluation.clickComplete();\nawait feedbackForm.enterDate('03102023');\nawait feedbackForm.selectFeedbackDuration('3 Months');\nawait feedbackForm.selectNextReviewType('Annual');\nawait feedbackForm.selectRevisedDesignation('Software Engineer');\nawait feedbackForm.typeIncreament('200000');\nawait feedbackForm.clickSubmit();\nconst alertText = await evaluation.checkAlert();\nutilFun.assertEql(alertText, 'Increment status is updated successfully');",
              "err": {},
              "uuid": "2054bf4f-4e56-429a-98f6-2be268a8e352",
              "parentUUID": "a51fcd31-dfa7-4633-8f0a-58e1d236dd92",
              "isHook": false,
              "skipped": false
            }
          ],
          "suites": [],
          "passes": [
            "5f5a2277-8942-4172-a07e-9936e463e286",
            "8f7bfe29-3e30-4d00-b6e4-b4f13efd3229",
            "55be2be8-9a79-4f90-958e-1b9f4b61ca3b",
            "a7b53d8f-ec33-484a-8b01-26ca9995b859",
            "6d2ab863-17dd-41e4-93bd-84374e700dd7",
            "b3541eb1-a2a9-4c20-a0f4-ddcec1efd546",
            "85ca53f2-39ff-448f-8ebd-c3fe78737ac8",
            "a4af2781-5df6-4783-a671-cdb28b71af48",
            "7741ccc8-9fdb-4bf0-b9a2-324aadac73cb",
            "7875deec-d8c2-4f86-9071-fc1cd2eb60bf",
            "2ea11fdc-85d9-41d5-85e3-ee2c65a71c5d",
            "7408fa02-bc8b-4ccd-a0cb-45bebbdbb5ec",
            "fcd086e3-8820-47e0-980c-6f7844fe6d7f",
            "57c95053-d987-4226-9907-66d0a34c7178",
            "2054bf4f-4e56-429a-98f6-2be268a8e352"
          ],
          "failures": [],
          "pending": [],
          "skipped": [],
          "duration": 90086,
          "root": false,
          "rootEmpty": false,
          "_timeout": 100000
        },
        {
          "uuid": "8ea3848d-e9c5-4073-b6de-7a2cba86ef10",
          "title": "Evaluations History",
          "fullFile": "/home/devops/invohub/resource-engagement/test/e2e/evaluation/spec_4_history.js",
          "file": "/test/e2e/evaluation/spec_4_history.js",
          "beforeHooks": [
            {
              "title": "\"before all\" hook in \"Evaluations History\"",
              "fullTitle": "Evaluations History \"before all\" hook in \"Evaluations History\"",
              "timedOut": false,
              "duration": 9895,
              "state": null,
              "speed": null,
              "pass": false,
              "fail": false,
              "pending": false,
              "context": null,
              "code": "await utilFun.loginAccount()\nconst url = await utilFun.getUrl();\nassert.equal(url, baseUrl + '/home');\nlet query = [\n  `UPDATE employee_evaluations SET \"processType\" = 'COMPLETE' WHERE id = 26;`,\n  `DELETE FROM employee_evaluations WHERE \"employeeId\" = 9742 AND \"incrementType\" = 'designation';`,\n  `UPDATE employee_evaluations SET \"processDate\" = '2023-03-28 17:32:33.501+05' WHERE id = 26;`,\n];\nawait utilFun.udpateDatabase(query);",
              "err": {},
              "uuid": "d1a9b9fd-4aa0-4d7c-ae05-cab57d1154b0",
              "parentUUID": "8ea3848d-e9c5-4073-b6de-7a2cba86ef10",
              "isHook": true,
              "skipped": false
            },
            {
              "title": "\"before each\" hook in \"Evaluations History\"",
              "fullTitle": "Evaluations History \"before each\" hook in \"Evaluations History\"",
              "timedOut": false,
              "duration": 4312,
              "state": null,
              "speed": null,
              "pass": false,
              "fail": false,
              "pending": false,
              "context": null,
              "code": "await utilFun.visit(baseUrl + '/evaluation-history');\nawait utilFun.wait(4000);",
              "err": {},
              "uuid": "61760b41-f1c0-4bdd-9417-c7a47740dc88",
              "parentUUID": "8ea3848d-e9c5-4073-b6de-7a2cba86ef10",
              "isHook": true,
              "skipped": false
            }
          ],
          "afterHooks": [],
          "tests": [
            {
              "title": "should check if evaluations history is showing",
              "fullTitle": "Evaluations History should check if evaluations history is showing",
              "timedOut": false,
              "duration": 46,
              "state": "passed",
              "speed": "medium",
              "pass": true,
              "fail": false,
              "pending": false,
              "context": null,
              "code": "let obj = await evaluation.getAllPendingResourses();\nassert(obj.length > 0, `No Evaluation Found`);",
              "err": {},
              "uuid": "a9578adb-937c-4559-83df-9bceadc4db3d",
              "parentUUID": "8ea3848d-e9c5-4073-b6de-7a2cba86ef10",
              "isHook": false,
              "skipped": false
            },
            {
              "title": "should able to filter resoures by name",
              "fullTitle": "Evaluations History should able to filter resoures by name",
              "timedOut": false,
              "duration": 2060,
              "state": "passed",
              "speed": "slow",
              "pass": true,
              "fail": false,
              "pending": false,
              "context": null,
              "code": "await evaluation.clickFilterButton();\nawait evaluation.searchName('James Salinas');\nawait utilFun.wait(1000);\nconst name = await evaluation.getResourseName();\nutilFun.assertEql(name, 'James Salinas');",
              "err": {},
              "uuid": "d772f19c-0461-43a6-9c4d-dcfabf4413ac",
              "parentUUID": "8ea3848d-e9c5-4073-b6de-7a2cba86ef10",
              "isHook": false,
              "skipped": false
            },
            {
              "title": "should able to check review is completed",
              "fullTitle": "Evaluations History should able to check review is completed",
              "timedOut": false,
              "duration": 2091,
              "state": "passed",
              "speed": "slow",
              "pass": true,
              "fail": false,
              "pending": false,
              "context": null,
              "code": "await evaluation.clickFilterButton();\nawait evaluation.searchName('James Salinas');\nawait utilFun.wait(1000);\nconst name = await evaluation.checkProcessState()\nutilFun.assertEql(name, 'Complete');",
              "err": {},
              "uuid": "418c0943-a3be-448c-b85c-261482e8cdf1",
              "parentUUID": "8ea3848d-e9c5-4073-b6de-7a2cba86ef10",
              "isHook": false,
              "skipped": false
            },
            {
              "title": "should able to filter resoures by Review Type",
              "fullTitle": "Evaluations History should able to filter resoures by Review Type",
              "timedOut": false,
              "duration": 1868,
              "state": "passed",
              "speed": "slow",
              "pass": true,
              "fail": false,
              "pending": false,
              "context": null,
              "code": "await evaluation.clickFilterButton();\nawait evaluation.selectReviewType('Annual');\nconst valuesCount = await evaluation.checkValues();\nutilFun.assertEql(valuesCount, 1);",
              "err": {},
              "uuid": "f940929b-78fb-4f61-b4fa-d4227096bdfe",
              "parentUUID": "8ea3848d-e9c5-4073-b6de-7a2cba86ef10",
              "isHook": false,
              "skipped": false
            },
            {
              "title": "should able to filter resoures by Last Increment",
              "fullTitle": "Evaluations History should able to filter resoures by Last Increment",
              "timedOut": false,
              "duration": 1742,
              "state": "passed",
              "speed": "slow",
              "pass": true,
              "fail": false,
              "pending": false,
              "context": null,
              "code": "await evaluation.clickFilterButton();\nawait evaluation.selectLastIncrement('N/A');\nconst valuesCount = await evaluation.checkValues();\nutilFun.assertEql(valuesCount, 1);",
              "err": {},
              "uuid": "c589f4be-acbf-4bf9-a874-3298fcae5d63",
              "parentUUID": "8ea3848d-e9c5-4073-b6de-7a2cba86ef10",
              "isHook": false,
              "skipped": false
            },
            {
              "title": "should able to  copy email from options",
              "fullTitle": "Evaluations History should able to  copy email from options",
              "timedOut": false,
              "duration": 4190,
              "state": "passed",
              "speed": "slow",
              "pass": true,
              "fail": false,
              "pending": false,
              "context": null,
              "code": "await evaluation.clickFilterButton();\nawait evaluation.searchName('James Salinas');\nawait utilFun.wait(1000);\nconst name = await evaluation.getResourseName();\nutilFun.assertEql(name, 'James Salinas');\nawait evaluation.clickOptionBtn();\nawait utilFun.wait(1000);\nawait evaluation.selectOption('Copy Email');\nconst alertText = await evaluation.checkAlert();\nutilFun.assertEql(alertText, 'Email address is copied');",
              "err": {},
              "uuid": "a263e2cc-bed1-403d-99ca-2c550ef5a7ec",
              "parentUUID": "8ea3848d-e9c5-4073-b6de-7a2cba86ef10",
              "isHook": false,
              "skipped": false
            },
            {
              "title": "should able to Send Email from options",
              "fullTitle": "Evaluations History should able to Send Email from options",
              "timedOut": false,
              "duration": 7546,
              "state": "passed",
              "speed": "slow",
              "pass": true,
              "fail": false,
              "pending": false,
              "context": null,
              "code": "await evaluation.clickFilterButton();\nawait evaluation.searchName('James Salinas');\nawait utilFun.wait(1000);\nconst name = await evaluation.getResourseName();\nutilFun.assertEql(name, 'James Salinas');\nawait evaluation.clickOptionBtn();\nawait utilFun.wait(1000);\nawait evaluation.selectOption('Send Email');\nawait utilFun.wait(1000);\nawait utilFun.switchWindow(1);\nawait utilFun.wait(3000);\nconst url = await utilFun.getUrl();\nassert.equal(url, 'https://mail.google.com/mail/u/0/?fs=1&tf=cm&to=james@robot-mail.com');\nawait utilFun.closeCurrentTab();\nawait utilFun.switchWindow(0);",
              "err": {},
              "uuid": "fb15e99c-925c-4f42-bc91-925aeef0b7e7",
              "parentUUID": "8ea3848d-e9c5-4073-b6de-7a2cba86ef10",
              "isHook": false,
              "skipped": false
            },
            {
              "title": "should able to Open Slack DM from options",
              "fullTitle": "Evaluations History should able to Open Slack DM from options",
              "timedOut": false,
              "duration": 7741,
              "state": "passed",
              "speed": "slow",
              "pass": true,
              "fail": false,
              "pending": false,
              "context": null,
              "code": "await evaluation.clickFilterButton();\nawait evaluation.searchName('James Salinas');\nawait utilFun.wait(1000);\nconst name = await evaluation.getResourseName();\nutilFun.assertEql(name, 'James Salinas');\nawait evaluation.clickOptionBtn();\nawait utilFun.wait(1000);\nawait evaluation.selectOption('Open Slack DM');\nawait utilFun.wait(1000);\nawait utilFun.switchWindow(1);\nawait utilFun.wait(3000);\nconst url = await utilFun.getUrl();\nassert.equal(url, 'https://invozone.slack.com/?redir=%2Fapp_redirect%3Fchannel%3Dundefined');\nawait utilFun.closeCurrentTab();\nawait utilFun.switchWindow(0);",
              "err": {},
              "uuid": "1bd69123-ff89-4c1d-b1f1-d6f8566e0928",
              "parentUUID": "8ea3848d-e9c5-4073-b6de-7a2cba86ef10",
              "isHook": false,
              "skipped": false
            },
            {
              "title": "should able to see Email from options",
              "fullTitle": "Evaluations History should able to see Email from options",
              "timedOut": false,
              "duration": 7494,
              "state": "passed",
              "speed": "slow",
              "pass": true,
              "fail": false,
              "pending": false,
              "context": null,
              "code": "await evaluation.clickFilterButton();\nawait evaluation.searchName('James Salinas');\nawait utilFun.wait(1000);\nconst name = await evaluation.getResourseName();\nutilFun.assertEql(name, 'James Salinas');\nawait evaluation.clickOptionBtn();\nawait utilFun.wait(1000);\nawait evaluation.selectOption('See Email');\nawait utilFun.wait(4000);\nconst email = await evaluation.copyEmail();\nassert.equal(email, 'Email: james@robot-mail.com');",
              "err": {},
              "uuid": "0251f1db-a3c9-46d9-a891-bee91569ea53",
              "parentUUID": "8ea3848d-e9c5-4073-b6de-7a2cba86ef10",
              "isHook": false,
              "skipped": false
            },
            {
              "title": "should able to copy Phone Number from options",
              "fullTitle": "Evaluations History should able to copy Phone Number from options",
              "timedOut": false,
              "duration": 7256,
[...]
              "err": {},
              "uuid": "2a45c4af-d213-4aae-b233-6c11689fa33c",
              "parentUUID": "7a069c06-525b-4288-8836-d3e5a62c3a4c",
              "isHook": false,
              "skipped": false
            },
            {
              "title": "Should verify if resource offBoarding is showning or not",
              "fullTitle": "Resource Offboarding Should verify if resource offBoarding is showning or not",
              "timedOut": false,
              "duration": 3611,
              "state": "passed",
              "speed": "slow",
              "pass": true,
              "fail": false,
              "pending": false,
              "context": null,
              "code": "await utilFun.visit(baseUrl + '/resource-offboardings');\nawait utilFun.waitForPageLoad()\nawait resources.clickFilterBtn()\nawait resources.searchName('Steve')\nconst names = await resources.getResourceNameTag();\nassert.ok(names.includes('Steve'), `Expected text not found.`);\nconst row = await resourceOffBoarding.getRowText();\nassert.ok(row.includes('Resignation'), `Expected text not found.`);",
              "err": {},
              "uuid": "7fa5f438-8886-4fec-b9c0-0cadee27096e",
              "parentUUID": "7a069c06-525b-4288-8836-d3e5a62c3a4c",
              "isHook": false,
              "skipped": false
            },
            {
              "title": "should able to OffBoard Resource by Resignation Pending Discussion",
              "fullTitle": "Resource Offboarding should able to OffBoard Resource by Resignation Pending Discussion",
              "timedOut": false,
              "duration": 9868,
              "state": "passed",
              "speed": "slow",
              "pass": true,
              "fail": false,
              "pending": false,
              "context": null,
              "code": "let resourceId = await utilFun.getFromDatabase(`SELECT id FROM employees WHERE \"email\" = 'steve@email.com';`)\nif(resourceId.rowCount !== 0){\nlet query = [\n  `DELETE FROM \"boarding_requests\" WHERE \"employeeId\" = ${resourceId.rows[0].id};`,\n  `UPDATE employees SET \"noticeDate\" = NULL WHERE id = ${resourceId.rows[0].id};`,\n  `UPDATE employees SET \"noticeEndDate\" = NULL WHERE id = ${resourceId.rows[0].id};`,\n  `UPDATE employees SET \"jobStatus\" = 'Permanent' WHERE id = ${resourceId.rows[0].id};`,\n  `UPDATE employees SET \"reasonForDeactivation\" = NULL WHERE id = ${resourceId.rows[0].id};`,\n];\nawait utilFun.udpateDatabase(query);\n}\nawait utilFun.visit(baseUrl + '/resources');\nawait utilFun.waitForPageLoad()\nawait resources.clickFilterBtn()\nawait resources.searchName('Steve')\nconst names = await resources.getResourceNameTag();\nassert.ok(names.includes('Steve'), `Expected text not found.`);\nawait resourceOffBoarding.clickOptionBtn();\nawait resourceOffBoarding.selectOption('Offboard Resource');\nawait resourceOffBoarding.clickOkBtn()\nawait resourceOffBoarding.selectOffBoardingStatus('Resignation')\nawait resourceOffBoarding.setEffectiveDate('13112023')\nawait resourceOffBoarding.clickOkBtn()\nconst alertText = await utilFun.checkAlert();\nassert.equal(alertText, 'Resource job status is updated and email has been sent to PM & HOD!!');",
              "err": {},
              "uuid": "133f3164-40da-4586-aa74-8adfe3fb7e04",
              "parentUUID": "7a069c06-525b-4288-8836-d3e5a62c3a4c",
              "isHook": false,
              "skipped": false
            },
            {
              "title": "Should verify if resource offBoarding is showning or not",
              "fullTitle": "Resource Offboarding Should verify if resource offBoarding is showning or not",
              "timedOut": false,
              "duration": 3465,
              "state": "passed",
              "speed": "slow",
              "pass": true,
              "fail": false,
              "pending": false,
              "context": null,
              "code": "await utilFun.visit(baseUrl + '/resource-offboardings');\nawait utilFun.waitForPageLoad()\nawait resources.clickFilterBtn()\nawait resources.searchName('Steve')\nconst names = await resources.getResourceNameTag();\nassert.ok(names.includes('Steve'), `Expected text not found.`);\nconst row = await resourceOffBoarding.getRowText();\nassert.ok(row.includes('Resignation'), `Expected text not found.`);",
              "err": {},
              "uuid": "28f975f3-6a3f-484c-8442-5222d5ba165a",
              "parentUUID": "7a069c06-525b-4288-8836-d3e5a62c3a4c",
              "isHook": false,
              "skipped": false
            },
            {
              "title": "Should able to approve Pending resource offBoarding",
              "fullTitle": "Resource Offboarding Should able to approve Pending resource offBoarding",
              "timedOut": false,
              "duration": 5105,
              "state": "passed",
              "speed": "slow",
              "pass": true,
              "fail": false,
              "pending": false,
              "context": null,
              "code": "await utilFun.visit(baseUrl + '/upcoming-offboardings');\nawait utilFun.waitForPageLoad()\nawait resources.clickFilterBtn()\nawait resources.searchName('Steve')\nconst names = await resources.getResourceNameTag();\nassert.ok(names.includes('Steve'), `Expected text not found.`);\nconst row = await resourceOffBoarding.getRowText();\nassert.ok(row.includes('Resignation'), `Expected text not found.`);\nawait resourceOffBoarding.selectOffBoardingResponse('Approved')\nawait resourceOffBoarding.setLastDate('14122023')\nawait resourceOffBoarding.clickUpdateBtn()\nconst alertText = await utilFun.checkAlert();\nassert.equal(alertText, 'Resignation request has been approved succesfully!');\nawait resourceOffBoarding.confirmApproveStatus()",
              "err": {},
              "uuid": "75a2f1b3-acd1-4f4d-8c02-3eeb01a9c106",
              "parentUUID": "7a069c06-525b-4288-8836-d3e5a62c3a4c",
              "isHook": false,
              "skipped": false
            },
            {
              "title": "Should able to Reject Pending resource offBoarding",
              "fullTitle": "Resource Offboarding Should able to Reject Pending resource offBoarding",
              "timedOut": false,
              "duration": 4941,
              "state": "passed",
              "speed": "slow",
              "pass": true,
              "fail": false,
              "pending": false,
              "context": null,
              "code": "let resourceId = await utilFun.getFromDatabase(`SELECT id FROM employees WHERE \"email\" = 'steve@email.com';`)\nif(resourceId.rowCount !== 0){\nlet query = [\n  `UPDATE boarding_requests SET \"status\" = 'PENDING' WHERE \"employeeId\" = ${resourceId.rows[0].id};`,\n  `UPDATE boarding_requests SET \"noticeEndDate\" = NULL WHERE \"employeeId\" = ${resourceId.rows[0].id};`,\n  `UPDATE boarding_requests SET \"deletedAt\" = NULL WHERE \"employeeId\" = ${resourceId.rows[0].id};`,\n  `UPDATE employees SET \"noticeEndDate\" = NULL WHERE id = ${resourceId.rows[0].id};`,\n  `UPDATE employees SET \"reasonForDeactivation\" = NULL WHERE id = ${resourceId.rows[0].id};`,\n];\nawait utilFun.udpateDatabase(query);\n}\nawait utilFun.visit(baseUrl + '/upcoming-offboardings');\nawait utilFun.waitForPageLoad()\nawait resources.clickFilterBtn()\nawait resources.searchName('Steve')\nconst names = await resources.getResourceNameTag();\nassert.ok(names.includes('Steve'), `Expected text not found.`);\nconst row = await resourceOffBoarding.getRowText();\nassert.ok(row.includes('Resignation'), `Expected text not found.`);\nawait resourceOffBoarding.selectOffBoardingResponse('Rejected')\nawait resourceOffBoarding.enterReason('testing')\nawait resourceOffBoarding.clickUpdateBtn()\nconst alertText = await utilFun.checkAlert();\nassert.equal(alertText, 'Resignation request has been rejected succesfully!');\nawait resourceOffBoarding.confirmRejectStatus()",
              "err": {},
              "uuid": "b65ad378-a300-48a2-b6fe-c6e666066c80",
              "parentUUID": "7a069c06-525b-4288-8836-d3e5a62c3a4c",
              "isHook": false,
              "skipped": false
            },
            {
              "title": "should able to OffBoard Resource by Termination",
              "fullTitle": "Resource Offboarding should able to OffBoard Resource by Termination",
              "timedOut": false,
              "duration": 10150,
              "state": "passed",
              "speed": "slow",
              "pass": true,
              "fail": false,
              "pending": false,
              "context": null,
              "code": "let resourceId = await utilFun.getFromDatabase(`SELECT id FROM employees WHERE \"email\" = 'steve@email.com';`)\nif(resourceId.rowCount !== 0){\nlet query = [\n  `DELETE FROM \"boarding_requests\" WHERE \"employeeId\" = ${resourceId.rows[0].id};`,\n  `UPDATE employees SET \"noticeDate\" = NULL WHERE id = ${resourceId.rows[0].id};`,\n  `UPDATE employees SET \"noticeEndDate\" = NULL WHERE id = ${resourceId.rows[0].id};`,\n  `UPDATE employees SET \"jobStatus\" = 'Permanent' WHERE id = ${resourceId.rows[0].id};`,\n  `UPDATE employees SET \"reasonForDeactivation\" = NULL WHERE id = ${resourceId.rows[0].id};`,\n];\nawait utilFun.udpateDatabase(query);\n}\nawait utilFun.visit(baseUrl + '/resources');\nawait utilFun.waitForPageLoad()\nawait resources.clickFilterBtn()\nawait resources.searchName('Steve')\nconst names = await resources.getResourceNameTag();\nassert.ok(names.includes('Steve'), `Expected text not found.`);\nawait resourceOffBoarding.clickOptionBtn();\nawait resourceOffBoarding.selectOption('Offboard Resource');\nawait resourceOffBoarding.clickOkBtn()\nawait resourceOffBoarding.selectOffBoardingStatus('Termination')\nawait resourceOffBoarding.enterReason('testing')\nawait resourceOffBoarding.setEffectiveDate('13112023')\nawait resourceOffBoarding.setConntractEndDate('14122023')\nawait resourceOffBoarding.clickOkBtn()\nconst alertText = await utilFun.checkAlert();\nassert.equal(alertText, 'Termination request has been approved succesfully!');",
              "err": {},
              "uuid": "921a9f35-81f7-4892-8e64-d160eee647ce",
              "parentUUID": "7a069c06-525b-4288-8836-d3e5a62c3a4c",
              "isHook": false,
              "skipped": false
            },
            {
              "title": "Should verify if resource offBoarding is showning or not",
              "fullTitle": "Resource Offboarding Should verify if resource offBoarding is showning or not",
              "timedOut": false,
              "duration": 3567,
              "state": "passed",
              "speed": "slow",
              "pass": true,
              "fail": false,
              "pending": false,
              "context": null,
              "code": "await utilFun.visit(baseUrl + '/resource-offboardings');\nawait utilFun.waitForPageLoad()\nawait resources.clickFilterBtn()\nawait resources.searchName('Steve')\nconst names = await resources.getResourceNameTag();\nassert.ok(names.includes('Steve'), `Expected text not found.`);\nconst row = await resourceOffBoarding.getRowText();\nassert.ok(row.includes('Termination'), `Expected text not found.`);\nawait resourceOffBoarding.confirmApproveStatus()",
              "err": {},
              "uuid": "cd35bcab-be49-4de9-82d1-2790938cc1c8",
              "parentUUID": "7a069c06-525b-4288-8836-d3e5a62c3a4c",
              "isHook": false,
              "skipped": false
            },
            {
              "title": "Should verify if resource upcoming offBoarding is showning or not",
              "fullTitle": "Resource Offboarding Should verify if resource upcoming offBoarding is showning or not",
              "timedOut": false,
              "duration": 3404,
              "state": "passed",
              "speed": "slow",
              "pass": true,
              "fail": false,
              "pending": false,
              "context": null,
              "code": "await utilFun.visit(baseUrl + '/upcoming-offboardings');\nawait utilFun.waitForPageLoad()\nawait resources.clickFilterBtn()\nawait resources.searchName('Steve')\nconst names = await resources.getResourceNameTag();\nassert.ok(names.includes('Steve'), `Expected text not found.`);\nconst row = await resourceOffBoarding.getRowText();\nassert.ok(row.includes('Termination'), `Expected text not found.`);\nawait resourceOffBoarding.confirmApproveStatus()",
              "err": {},
              "uuid": "8bef2e64-425d-4d09-a7e8-179f604ea174",
              "parentUUID": "7a069c06-525b-4288-8836-d3e5a62c3a4c",
              "isHook": false,
              "skipped": false
            },
            {
              "title": "should able to OffBoard Resource by End of Service",
              "fullTitle": "Resource Offboarding should able to OffBoard Resource by End of Service",
              "timedOut": false,
              "duration": 10198,
              "state": "passed",
              "speed": "slow",
              "pass": true,
              "fail": false,
              "pending": false,
              "context": null,
              "code": "let resourceId = await utilFun.getFromDatabase(`SELECT id FROM employees WHERE \"email\" = 'steve@email.com';`)\nif(resourceId.rowCount !== 0){\nlet query = [\n  `DELETE FROM \"boarding_requests\" WHERE \"employeeId\" = ${resourceId.rows[0].id};`,\n  `UPDATE employees SET \"noticeDate\" = NULL WHERE id = ${resourceId.rows[0].id};`,\n  `UPDATE employees SET \"noticeEndDate\" = NULL WHERE id = ${resourceId.rows[0].id};`,\n  `UPDATE employees SET \"jobStatus\" = 'Permanent' WHERE id = ${resourceId.rows[0].id};`,\n  `UPDATE employees SET \"reasonForDeactivation\" = NULL WHERE id = ${resourceId.rows[0].id};`,\n];\nawait utilFun.udpateDatabase(query);\n}\nawait utilFun.visit(baseUrl + '/resources');\nawait utilFun.waitForPageLoad()\nawait resources.clickFilterBtn()\nawait resources.searchName('Steve')\nconst names = await resources.getResourceNameTag();\nassert.ok(names.includes('Steve'), `Expected text not found.`);\nawait resourceOffBoarding.clickOptionBtn();\nawait resourceOffBoarding.selectOption('Offboard Resource');\nawait resourceOffBoarding.clickOkBtn()\nawait resourceOffBoarding.selectOffBoardingStatus('End of Service')\nawait resourceOffBoarding.enterReason('testing')\nawait resourceOffBoarding.setEffectiveDate('13112023')\nawait resourceOffBoarding.setConntractEndDate('14122023')\nawait resourceOffBoarding.clickOkBtn()\nconst alertText = await utilFun.checkAlert();\nassert.equal(alertText, 'End of Service request has been approved succesfully!');",
              "err": {},
              "uuid": "0c959c8c-54c0-4859-9f9e-f9af79949fb0",
              "parentUUID": "7a069c06-525b-4288-8836-d3e5a62c3a4c",
              "isHook": false,
              "skipped": false
            },
            {
              "title": "Should verify if resource offBoarding is showning or not",
              "fullTitle": "Resource Offboarding Should verify if resource offBoarding is showning or not",
              "timedOut": false,
              "duration": 3516,
              "state": "passed",
              "speed": "slow",
              "pass": true,
              "fail": false,
              "pending": false,
              "context": null,
              "code": "await utilFun.visit(baseUrl + '/resource-offboardings');\nawait utilFun.waitForPageLoad()\nawait resources.clickFilterBtn()\nawait resources.searchName('Steve')\nconst names = await resources.getResourceNameTag();\nassert.ok(names.includes('Steve'), `Expected text not found.`);\nconst row = await resourceOffBoarding.getRowText();\nassert.ok(row.includes('End of Service'), `Expected text not found.`);\nawait resourceOffBoarding.confirmApproveStatus()",
              "err": {},
              "uuid": "767f4957-377e-4eed-82b8-64886b03acf7",
              "parentUUID": "7a069c06-525b-4288-8836-d3e5a62c3a4c",
              "isHook": false,
              "skipped": false
            },
            {
              "title": "Should verify if resource upcoming offBoarding is showning or not",
              "fullTitle": "Resource Offboarding Should verify if resource upcoming offBoarding is showning or not",
              "timedOut": false,
              "duration": 3272,
              "state": "passed",
              "speed": "slow",
              "pass": true,
              "fail": false,
              "pending": false,
              "context": null,
              "code": "await utilFun.visit(baseUrl + '/upcoming-offboardings');\nawait utilFun.waitForPageLoad()\nawait resources.clickFilterBtn()\nawait resources.searchName('Steve')\nconst names = await resources.getResourceNameTag();\nassert.ok(names.includes('Steve'), `Expected text not found.`);\nconst row = await resourceOffBoarding.getRowText();\nassert.ok(row.includes('End of Service'), `Expected text not found.`);\nawait resourceOffBoarding.confirmApproveStatus()",
              "err": {},
              "uuid": "62d36798-96bf-4468-9027-caa66218f53c",
              "parentUUID": "7a069c06-525b-4288-8836-d3e5a62c3a4c",
              "isHook": false,
              "skipped": false
            }
          ],
          "suites": [],
          "passes": [
            "2a45c4af-d213-4aae-b233-6c11689fa33c",
            "7fa5f438-8886-4fec-b9c0-0cadee27096e",
            "133f3164-40da-4586-aa74-8adfe3fb7e04",
            "28f975f3-6a3f-484c-8442-5222d5ba165a",
            "75a2f1b3-acd1-4f4d-8c02-3eeb01a9c106",
            "b65ad378-a300-48a2-b6fe-c6e666066c80",
            "921a9f35-81f7-4892-8e64-d160eee647ce",
            "cd35bcab-be49-4de9-82d1-2790938cc1c8",
            "8bef2e64-425d-4d09-a7e8-179f604ea174",
            "0c959c8c-54c0-4859-9f9e-f9af79949fb0",
            "767f4957-377e-4eed-82b8-64886b03acf7",
            "62d36798-96bf-4468-9027-caa66218f53c"
          ],
          "failures": [],
          "pending": [],
          "skipped": [],
          "duration": 71459,
          "root": false,
          "rootEmpty": false,
          "_timeout": 100000
        }
      ],
      "passes": [],
      "failures": [],
      "pending": [],
      "skipped": [],
      "duration": 0,
      "root": true,
      "rootEmpty": true,
      "_timeout": 100000
    }
  ],
  "meta": {
    "mocha": {
      "version": "10.2.0"
    },
    "mochawesome": {
      "options": {
        "quiet": false,
        "reportFilename": "mochawesome",
        "saveHtml": true,
        "saveJson": true,
        "consoleReporter": "spec",
        "useInlineDiffs": false,
        "code": true
      },
      "version": "7.1.3"
    },
    "marge": {
      "options": {
        "reportDir": "test/report"
      },
      "version": "6.2.0"
    }
  }
}