{
  "stats": {
    "suites": 10,
    "tests": 195,
    "passes": 153,
    "pending": 1,
    "failures": 41,
    "start": "2024-01-02T13:23:35.545Z",
    "end": "2024-01-02T13:57:15.643Z",
    "duration": 2020098,
    "testsRegistered": 195,
    "passPercent": 78.8659793814433,
    "pendingPercent": 0.5128205128205128,
    "other": 0,
    "hasOther": false,
    "skipped": 0,
    "hasSkipped": false
  },
  "results": [
    {
      "uuid": "cd188bca-47eb-4595-9c85-d04451d9c82f",
      "title": "",
      "fullFile": "",
      "file": "",
      "beforeHooks": [],
      "afterHooks": [],
      "tests": [],
      "suites": [
        {
          "uuid": "26954e23-9225-4325-9c66-22cfc47533b3",
          "title": "Pending Evaluations",
          "fullFile": "/home/devops/invohub/resource-engagement/test/e2e/evaluation/spec_1_pendings.js",
          "file": "/test/e2e/evaluation/spec_1_pendings.js",
          "beforeHooks": [
            {
              "title": "\"before all\" hook in \"Pending Evaluations\"",
              "fullTitle": "Pending Evaluations \"before all\" hook in \"Pending Evaluations\"",
              "timedOut": false,
              "duration": 42782,
              "state": null,
              "speed": null,
              "pass": false,
              "fail": false,
              "pending": false,
              "context": null,
              "code": "await utilFun.login(email, password);\nconst url = await utilFun.getUrl();\nassert.equal(url, baseUrl + '/home');\nlet query =[\n    `UPDATE employee_evaluations SET \"incrementType\" = 'annual' WHERE id = 26;`,\n    `UPDATE employee_evaluations SET \"processType\" = NULL WHERE id = 26;`,\n    `UPDATE employee_evaluations SET \"reasonForDefer\" = NULL WHERE id = 26;`,\n    `UPDATE employee_evaluations SET \"processDate\" = NULL WHERE id = 26;`,\n    `UPDATE employee_evaluations SET \"feedback\" = NULL WHERE id = 26;`,\n  `DELETE FROM employee_evaluations WHERE \"employeeId\" = 9742 AND \"incrementType\" = 'designation';`,\n    ];\n    await utilFun.udpateDatabase(query);",
              "err": {},
              "uuid": "3cab8107-4bb1-4f44-b1cf-12ee2edef791",
              "parentUUID": "26954e23-9225-4325-9c66-22cfc47533b3",
              "isHook": true,
              "skipped": false
            },
            {
              "title": "\"before each\" hook in \"Pending Evaluations\"",
              "fullTitle": "Pending Evaluations \"before each\" hook in \"Pending Evaluations\"",
              "timedOut": false,
              "duration": 3550,
              "state": null,
              "speed": null,
              "pass": false,
              "fail": false,
              "pending": false,
              "context": null,
              "code": "await utilFun.visit(baseUrl + '/evaluation');\nawait utilFun.wait(3000);",
              "err": {},
              "uuid": "a73c2687-1e1f-4a0c-bff6-27312a472f43",
              "parentUUID": "26954e23-9225-4325-9c66-22cfc47533b3",
              "isHook": true,
              "skipped": false
            }
          ],
          "afterHooks": [],
          "tests": [
            {
              "title": "should check if pending evaluations are showing",
              "fullTitle": "Pending Evaluations should check if pending evaluations are showing",
              "timedOut": false,
              "duration": 42,
              "state": "passed",
              "speed": "medium",
              "pass": true,
              "fail": false,
              "pending": false,
              "context": null,
              "code": "let obj = await evaluation.getAllPendingResourses();\nassert(obj.length > 0, `No Evaluation Found`);",
              "err": {},
              "uuid": "c76a5166-1030-4c04-82fa-ebbf7fd9143a",
              "parentUUID": "26954e23-9225-4325-9c66-22cfc47533b3",
              "isHook": false,
              "skipped": false
            },
            {
              "title": "should able to filter resoures by name",
              "fullTitle": "Pending Evaluations should able to filter resoures by name",
              "timedOut": false,
              "duration": 2009,
              "state": "passed",
              "speed": "slow",
              "pass": true,
              "fail": false,
              "pending": false,
              "context": null,
              "code": "await evaluation.clickFilterButton();\nawait evaluation.searchName('James Salinas');\nawait utilFun.wait(1000);\nconst name = await evaluation.getResourseName();\nutilFun.assertEql(name, 'James Salinas');",
              "err": {},
              "uuid": "1f74e786-ae96-4575-a475-8f4b5674ae08",
              "parentUUID": "26954e23-9225-4325-9c66-22cfc47533b3",
              "isHook": false,
              "skipped": false
            },
            {
              "title": "should able to filter resoures by Review Type",
              "fullTitle": "Pending Evaluations should able to filter resoures by Review Type",
              "timedOut": false,
              "duration": 1632,
              "state": "passed",
              "speed": "slow",
              "pass": true,
              "fail": false,
              "pending": false,
              "context": null,
              "code": "await evaluation.clickFilterButton();\nawait evaluation.selectReviewType('Annual');\nconst valuesCount = await evaluation.checkValues();\nutilFun.assertEql(valuesCount, 1);",
              "err": {},
              "uuid": "405fee52-a47a-4242-9a04-d3faf2cc9648",
              "parentUUID": "26954e23-9225-4325-9c66-22cfc47533b3",
              "isHook": false,
              "skipped": false
            },
            {
              "title": "should able to filter resoures by Last Increment",
              "fullTitle": "Pending Evaluations should able to filter resoures by Last Increment",
              "timedOut": false,
              "duration": 1557,
              "state": "passed",
              "speed": "slow",
              "pass": true,
              "fail": false,
              "pending": false,
              "context": null,
              "code": "await evaluation.clickFilterButton();\nawait evaluation.selectLastIncrement('N/A');\nconst valuesCount = await evaluation.checkValues();\nutilFun.assertEql(valuesCount, 1);",
              "err": {},
              "uuid": "61482725-f035-4a9c-8c85-ff642f009f3a",
              "parentUUID": "26954e23-9225-4325-9c66-22cfc47533b3",
              "isHook": false,
              "skipped": false
            },
            {
              "title": "should able to  copy email from options",
              "fullTitle": "Pending Evaluations should able to  copy email from options",
              "timedOut": false,
              "duration": 6287,
              "state": "passed",
              "speed": "slow",
              "pass": true,
              "fail": false,
              "pending": false,
              "context": null,
              "code": "await evaluation.clickFilterButton();\nawait evaluation.searchName('James Salinas');\nawait utilFun.wait(1000);\nconst name = await evaluation.getResourseName();\nutilFun.assertEql(name, 'James Salinas');\nawait evaluation.clickOptionBtn();\nawait utilFun.wait(1000);\nawait evaluation.selectOption('Copy Email');\nawait utilFun.wait(3000);\nconst alertText = await evaluation.checkAlert();\nutilFun.assertEql(alertText, 'Email address is copied');",
              "err": {},
              "uuid": "9dce97f9-68d4-4d65-a9a8-b8827f6d4ee0",
              "parentUUID": "26954e23-9225-4325-9c66-22cfc47533b3",
              "isHook": false,
              "skipped": false
            },
            {
              "title": "should able to Send Email from options",
              "fullTitle": "Pending Evaluations should able to Send Email from options",
              "timedOut": false,
              "duration": 9184,
              "state": "passed",
              "speed": "slow",
              "pass": true,
              "fail": false,
              "pending": false,
              "context": null,
              "code": "await evaluation.clickFilterButton();\nawait evaluation.searchName('James Salinas');\nawait utilFun.wait(1000);\nconst name = await evaluation.getResourseName();\nutilFun.assertEql(name, 'James Salinas');\nawait evaluation.clickOptionBtn();\nawait utilFun.wait(1000);\nawait evaluation.selectOption('Send Email');\nawait utilFun.wait(1000);\nawait utilFun.switchWindow(1);\nawait utilFun.wait(3000);\nconst url = await utilFun.getUrl();\nassert.equal(url, 'https://mail.google.com/mail/u/0/?fs=1&tf=cm&to=james@robot-mail.com');\nawait utilFun.closeCurrentTab();\nawait utilFun.switchWindow(0);",
              "err": {},
              "uuid": "ce233ced-f121-4834-8985-d8a8051a1de8",
              "parentUUID": "26954e23-9225-4325-9c66-22cfc47533b3",
              "isHook": false,
              "skipped": false
            },
            {
              "title": "should able to Open Slack DM from options",
              "fullTitle": "Pending Evaluations should able to Open Slack DM from options",
              "timedOut": false,
              "duration": 7356,
              "state": "passed",
              "speed": "slow",
              "pass": true,
              "fail": false,
              "pending": false,
              "context": null,
              "code": "await evaluation.clickFilterButton();\nawait evaluation.searchName('James Salinas');\nawait utilFun.wait(1000);\nconst name = await evaluation.getResourseName();\nutilFun.assertEql(name, 'James Salinas');\nawait evaluation.clickOptionBtn();\nawait utilFun.wait(1000);\nawait evaluation.selectOption('Open Slack DM');\nawait utilFun.wait(1000);\nawait utilFun.switchWindow(1);\nawait utilFun.wait(3000);\nconst url = await utilFun.getUrl();\nassert.equal(url, 'https://invozone.slack.com/?redir=%2Fapp_redirect%3Fchannel%3Dundefined');\nawait utilFun.closeCurrentTab();\nawait utilFun.switchWindow(0);",
              "err": {},
              "uuid": "19948285-8b2a-4ec4-88b8-4ad6b564f766",
              "parentUUID": "26954e23-9225-4325-9c66-22cfc47533b3",
              "isHook": false,
              "skipped": false
            },
            {
              "title": "should able to see Email from options",
              "fullTitle": "Pending Evaluations should able to see Email from options",
              "timedOut": false,
              "duration": 6227,
              "state": "passed",
              "speed": "slow",
              "pass": true,
              "fail": false,
              "pending": false,
              "context": null,
              "code": "await evaluation.clickFilterButton();\nawait evaluation.searchName('James Salinas');\nawait utilFun.wait(1000);\nconst name = await evaluation.getResourseName();\nutilFun.assertEql(name, 'James Salinas');\nawait evaluation.clickOptionBtn();\nawait utilFun.wait(1000);\nawait evaluation.selectOption('See Email');\nawait utilFun.wait(3000);\nconst email = await evaluation.copyEmail();\nassert.equal(email, 'Email: james@robot-mail.com');",
              "err": {},
              "uuid": "68d6d68a-5fcb-43bc-9102-cef5fe6240a4",
              "parentUUID": "26954e23-9225-4325-9c66-22cfc47533b3",
              "isHook": false,
              "skipped": false
            },
            {
              "title": "should able to copy Phone Number from options",
              "fullTitle": "Pending Evaluations should able to copy Phone Number from options",
              "timedOut": false,
              "duration": 6787,
              "state": "passed",
              "speed": "slow",
              "pass": true,
              "fail": false,
              "pending": false,
              "context": null,
              "code": "await evaluation.clickFilterButton();\nawait evaluation.searchName('James Salinas');\nawait utilFun.wait(1000);\nconst name = await evaluation.getResourseName();\nutilFun.assertEql(name, 'James Salinas');\nawait evaluation.clickOptionBtn();\nawait utilFun.wait(1000);\nawait evaluation.selectOption('Phone Number');\nawait utilFun.wait(3000);\nawait evaluation.copyPhoneNumber();\nconst alertText = await evaluation.checkAlert();\nassert.equal(alertText, 'Phone# is copied successfully');",
              "err": {},
              "uuid": "414d5a3f-7094-4df1-9be1-f122f9338d86",
              "parentUUID": "26954e23-9225-4325-9c66-22cfc47533b3",
              "isHook": false,
              "skipped": false
            },
            {
              "title": "should able to see Resource Details from options",
              "fullTitle": "Pending Evaluations should able to see Resource Details from options",
              "timedOut": false,
              "duration": 4474,
              "state": "passed",
              "speed": "slow",
              "pass": true,
              "fail": false,
              "pending": false,
              "context": null,
              "code": "await evaluation.clickFilterButton();\nawait evaluation.searchName('James Salinas');\nawait utilFun.wait(1000);\nconst name = await evaluation.getResourseName();\nutilFun.assertEql(name, 'James Salinas');\nawait evaluation.clickResource();\nawait utilFun.wait(1000);\nawait utilFun.switchWindow(1);\nawait utilFun.wait(1000);\nconst url = await utilFun.getUrl();\nassert.equal(url, 'http://localhost:3000/resource-detail/9742?tab=Basic_Information');\nawait utilFun.closeCurrentTab();\nawait utilFun.switchWindow(0);",
              "err": {},
              "uuid": "22ca561f-cdc5-401e-8cd7-81b3ce362bf1",
              "parentUUID": "26954e23-9225-4325-9c66-22cfc47533b3",
              "isHook": false,
              "skipped": false
            },
            {
              "title": "should able to see employee history",
              "fullTitle": "Pending Evaluations should able to see employee history",
              "timedOut": false,
              "duration": 3199,
              "state": "passed",
              "speed": "slow",
              "pass": true,
              "fail": false,
              "pending": false,
              "context": null,
              "code": "await evaluation.clickFilterButton();\nawait evaluation.searchName('James Salinas');\nawait utilFun.wait(1000);\nconst name = await evaluation.getResourseName();\nutilFun.assertEql(name, 'James Salinas');\nawait evaluation.clickSeeFeedback();\nawait utilFun.wait(1000);\nconst title = await evaluation.checkTitle();\nutilFun.assertEql(title, 'Feedback History of James Salinas');\nawait evaluation.checkSelectedTab();",
              "err": {},
              "uuid": "d9b5ae20-0c63-41a7-8fec-bbd2f202740d",
              "parentUUID": "26954e23-9225-4325-9c66-22cfc47533b3",
              "isHook": false,
              "skipped": false
            },
            {
              "title": "should able to request a review",
              "fullTitle": "Pending Evaluations should able to request a review",
              "timedOut": false,
              "duration": 7277,
              "state": "passed",
              "speed": "slow",
              "pass": true,
              "fail": false,
              "pending": false,
              "context": null,
              "code": "await evaluation.clickFilterButton();\nawait evaluation.searchName('James Salinas');\nawait utilFun.wait(1000);\nconst name = await evaluation.getResourseName();\nutilFun.assertEql(name, 'James Salinas');\nawait evaluation.clickSeeFeedback();\nawait utilFun.wait(1000);\nawait evaluation.clickSubmittedReview();\nawait evaluation.clickReqReviewBtn();\nawait utilFun.wait(1000);\nawait evaluation.clickHod('Muhammad Bilal Rafaqat');\nawait evaluation.clickSendReqBtn();\nconst alertText = await evaluation.checkAlert();\nutilFun.assertEql(alertText, 'Request is send successfully.');",
              "err": {},
              "uuid": "bd63b7fb-629c-494b-8ae3-e714befa9c24",
              "parentUUID": "26954e23-9225-4325-9c66-22cfc47533b3",
              "isHook": false,
              "skipped": false
            },
            {
              "title": "should able to give a review",
              "fullTitle": "Pending Evaluations should able to give a review",
              "timedOut": false,
              "duration": 14096,
              "state": "passed",
              "speed": "slow",
              "pass": true,
              "fail": false,
              "pending": false,
              "context": null,
              "code": "const query = [\n  `UPDATE employees SET \"departmentId\" = 9 WHERE id = 9474;`,\n  `UPDATE employees SET \"designationId\" = 83 WHERE id = 9474;`,\n  `UPDATE employees SET \"designation\" = 'Head of Engineering' WHERE id = 9474;`,\n];\nawait utilFun.udpateDatabase(query);\nawait utilFun.refresh();\nawait evaluation.clickFilterButton();\nawait evaluation.searchName('James Salinas');\nawait utilFun.wait(1000);\nconst name = await evaluation.getResourseName();\nutilFun.assertEql(name, 'James Salinas');\nawait evaluation.clickSeeFeedback();\nawait utilFun.wait(1000);\nawait evaluation.clickSubmittedReview();\nawait utilFun.wait(1000);\nawait evaluation.clickAddFeedback();\n// await feedbackForm.enterDate('03092023');\nawait feedbackForm.selectFeedbackDuration('6 Months');\nawait feedbackForm.selectNextReviewType('Annual');\nawait feedbackForm.selectRevisedDesignation('Software Engineer');\nawait feedbackForm.selectRevisedDesignationCategory('Automation');\nawait feedbackForm.typeIncreament('200000');\nawait feedbackForm.typeDescription('testingggg');\nawait feedbackForm.clickSubmit();\nconst alertText = await evaluation.checkAlert();\nutilFun.assertEql(alertText, 'Increment status is updated successfully');",
              "err": {},
              "uuid": "152f3423-911b-47f8-b6f3-6d4d9c4b8099",
              "parentUUID": "26954e23-9225-4325-9c66-22cfc47533b3",
              "isHook": false,
              "skipped": false
            },
            {
              "title": "should able to edit review form",
              "fullTitle": "Pending Evaluations should able to edit review form",
              "timedOut": false,
              "duration": 9280,
              "state": "passed",
              "speed": "slow",
              "pass": true,
              "fail": false,
              "pending": false,
              "context": null,
              "code": "await evaluation.clickFilterButton();\nawait evaluation.searchName('James Salinas');\nawait utilFun.wait(1000);\nconst name = await evaluation.getResourseName();\nutilFun.assertEql(name, 'James Salinas');\nawait evaluation.clickEditForm();\nawait utilFun.wait(1000);\n// await feedbackForm.enterDate('03102023');\nawait feedbackForm.selectFeedbackDuration('3 Months');\nawait feedbackForm.selectNextReviewType('Annual');\nawait feedbackForm.selectRevisedDesignation('Software Engineer');\nawait feedbackForm.typeIncreament('200000');\nawait feedbackForm.typeDescription('updated');\nawait feedbackForm.clickSubmit();\nconst alertText = await evaluation.checkAlert();\nutilFun.assertEql(alertText, 'Increment status is updated successfully');",
              "err": {},
              "uuid": "d5c85559-d0e6-40e7-a55c-388d1d809be6",
              "parentUUID": "26954e23-9225-4325-9c66-22cfc47533b3",
              "isHook": false,
              "skipped": false
            },
            {
              "title": "should able to defer review",
              "fullTitle": "Pending Evaluations should able to defer review",
              "timedOut": false,
              "duration": 7080,
              "state": "passed",
              "speed": "slow",
              "pass": true,
              "fail": false,
              "pending": false,
              "context": null,
              "code": "const query = [\n  `UPDATE employees SET \"designation\" = 'HR' WHERE id = 9474;`,\n  `UPDATE employees SET \"departmentId\" = 7 WHERE id = 9474;`,\n  `UPDATE employees SET \"designationId\" = 77 WHERE id = 9474;`,\n];\nawait utilFun.udpateDatabase(query);\nawait utilFun.refresh();\nawait evaluation.clickFilterButton();\nawait evaluation.searchName('James Salinas');\nawait utilFun.wait(1000);\nconst name = await evaluation.getResourseName();\nutilFun.assertEql(name, 'James Salinas');\nawait evaluation.clickDefer();\nawait evaluation.clickDeferType();\nawait utilFun.wait(1000);\nawait evaluation.selectDeferType('2 Weeks');\nawait evaluation.typeDeferReason('testing');\nawait evaluation.clickSubmitBtn();\nconst alertText = await evaluation.checkAlert();\nutilFun.assertEql(alertText, 'Increment status is updated successfully');",
              "err": {},
              "uuid": "9e9a2dc8-ca90-4399-ba7c-1f314addb04d",
              "parentUUID": "26954e23-9225-4325-9c66-22cfc47533b3",
              "isHook": false,
              "skipped": false
            },
            {
              "title": "should able to complete review",
              "fullTitle": "Pending Evaluations should able to complete review",
              "timedOut": false,
              "duration": 9892,
              "state": "passed",
              "speed": "slow",
              "pass": true,
              "fail": false,
              "pending": false,
              "context": null,
              "code": "const query = [\n  `UPDATE employees SET \"designation\" = 'HR' WHERE id = 9474;`,\n  `UPDATE employees SET \"departmentId\" = 7 WHERE id = 9474;`,\n  `UPDATE employees SET \"designationId\" = 77 WHERE id = 9474;`,\n  `UPDATE employee_evaluations SET \"processType\" = NULL WHERE id = 26;`,\n  `UPDATE employee_evaluations SET \"reasonForDefer\" = NULL WHERE id = 26;`,\n  `UPDATE employee_evaluations SET \"processDate\" = NULL WHERE id = 26;`,\n];\nawait utilFun.udpateDatabase(query);\nawait utilFun.refresh();\nawait evaluation.clickFilterButton();\nawait evaluation.searchName('James Salinas');\nawait utilFun.wait(1000);\nconst name = await evaluation.getResourseName();\nutilFun.assertEql(name, 'James Salinas');\nawait evaluation.clickComplete();\nawait feedbackForm.enterDate('03102023');\nawait feedbackForm.selectFeedbackDuration('3 Months');\nawait feedbackForm.selectNextReviewType('Annual');\nawait feedbackForm.selectRevisedDesignation('Software Engineer');\nawait feedbackForm.typeIncreament('200000');\nawait feedbackForm.clickSubmit();\nconst alertText = await evaluation.checkAlert();\nutilFun.assertEql(alertText, 'Increment status is updated successfully');",
              "err": {},
              "uuid": "05ac9ae3-c5d0-4d19-a24c-b0f313d49cd1",
              "parentUUID": "26954e23-9225-4325-9c66-22cfc47533b3",
              "isHook": false,
              "skipped": false
            }
          ],
          "suites": [],
          "passes": [
            "c76a5166-1030-4c04-82fa-ebbf7fd9143a",
            "1f74e786-ae96-4575-a475-8f4b5674ae08",
            "405fee52-a47a-4242-9a04-d3faf2cc9648",
            "61482725-f035-4a9c-8c85-ff642f009f3a",
            "9dce97f9-68d4-4d65-a9a8-b8827f6d4ee0",
            "ce233ced-f121-4834-8985-d8a8051a1de8",
            "19948285-8b2a-4ec4-88b8-4ad6b564f766",
            "68d6d68a-5fcb-43bc-9102-cef5fe6240a4",
            "414d5a3f-7094-4df1-9be1-f122f9338d86",
            "22ca561f-cdc5-401e-8cd7-81b3ce362bf1",
            "d9b5ae20-0c63-41a7-8fec-bbd2f202740d",
            "bd63b7fb-629c-494b-8ae3-e714befa9c24",
            "152f3423-911b-47f8-b6f3-6d4d9c4b8099",
            "d5c85559-d0e6-40e7-a55c-388d1d809be6",
            "9e9a2dc8-ca90-4399-ba7c-1f314addb04d",
            "05ac9ae3-c5d0-4d19-a24c-b0f313d49cd1"
          ],
          "failures": [],
          "pending": [],
          "skipped": [],
          "duration": 96379,
          "root": false,
          "rootEmpty": false,
          "_timeout": 100000
        },
        {
          "uuid": "c91fa80f-779e-45bb-b59f-46b0b523b445",
          "title": "Performance Base Evaluations",
          "fullFile": "/home/devops/invohub/resource-engagement/test/e2e/evaluation/spec_2_performance.js",
          "file": "/test/e2e/evaluation/spec_2_performance.js",
          "beforeHooks": [
            {
              "title": "\"before all\" hook in \"Performance Base Evaluations\"",
              "fullTitle": "Performance Base Evaluations \"before all\" hook in \"Performance Base Evaluations\"",
              "timedOut": false,
              "duration": 10136,
              "state": null,
              "speed": null,
              "pass": false,
              "fail": false,
              "pending": false,
              "context": null,
              "code": "await utilFun.loginAccount()\nconst url = await utilFun.getUrl();\nassert.equal(url, baseUrl + '/home');\nlet query = [\n  `UPDATE employee_evaluations SET \"incrementType\" = 'performance' WHERE id = 26;`,\n  `UPDATE employees SET \"designation\" = 'Software Engineer' WHERE id = 9474;`,\n  `UPDATE employees SET \"departmentId\" = 9 WHERE id = 9474;`,\n  `UPDATE employees SET \"designationId\" = 138 WHERE id = 9474;`,\n  `UPDATE employee_evaluations SET \"processType\" = NULL WHERE id = 26;`,\n  `UPDATE employee_evaluations SET \"reasonForDefer\" = NULL WHERE id = 26;`,\n  `UPDATE employee_evaluations SET \"processDate\" = NULL WHERE id = 26;`,\n  `UPDATE employee_evaluations SET \"feedback\" = NULL WHERE id = 26;`,\n];\nawait utilFun.udpateDatabase(query);",
              "err": {},
              "uuid": "0c887ed6-6d16-4be8-82c6-d9077c1bc8e6",
              "parentUUID": "c91fa80f-779e-45bb-b59f-46b0b523b445",
              "isHook": true,
              "skipped": false
            },
            {
              "title": "\"before each\" hook in \"Performance Base Evaluations\"",
              "fullTitle": "Performance Base Evaluations \"before each\" hook in \"Performance Base Evaluations\"",
              "timedOut": false,
              "duration": 4338,
              "state": null,
              "speed": null,
              "pass": false,
              "fail": false,
              "pending": false,
              "context": null,
              "code": "await utilFun.visit(baseUrl + '/evaluation-performance');\nawait utilFun.wait(4000);",
              "err": {},
              "uuid": "c1a28fa6-43d4-41f6-8119-5bbf981a5621",
              "parentUUID": "c91fa80f-779e-45bb-b59f-46b0b523b445",
              "isHook": true,
              "skipped": false
            }
          ],
          "afterHooks": [],
          "tests": [
            {
              "title": "should check if performance evaluations are showing",
              "fullTitle": "Performance Base Evaluations should check if performance evaluations are showing",
              "timedOut": false,
              "duration": 41,
              "state": "passed",
              "speed": "medium",
              "pass": true,
              "fail": false,
              "pending": false,
              "context": null,
              "code": "let obj = await evaluation.getAllPendingResourses();\nassert(obj.length > 0, `No Evaluation Found`);",
              "err": {},
              "uuid": "a81ef92e-ae8a-4a91-ab52-e499cc2edbab",
              "parentUUID": "c91fa80f-779e-45bb-b59f-46b0b523b445",
              "isHook": false,
              "skipped": false
            },
            {
              "title": "should able to filter resoures by name",
              "fullTitle": "Performance Base Evaluations should able to filter resoures by name",
              "timedOut": false,
              "duration": 1936,
              "state": "passed",
              "speed": "slow",
              "pass": true,
              "fail": false,
              "pending": false,
              "context": null,
              "code": "await evaluation.clickFilterButton();\nawait evaluation.searchName('James Salinas');\nawait utilFun.wait(1000);\nconst name = await evaluation.getResourseName();\nutilFun.assertEql(name, 'James Salinas');",
              "err": {},
              "uuid": "d0b37582-13d3-4f66-aafe-7afde73b3e1c",
              "parentUUID": "c91fa80f-779e-45bb-b59f-46b0b523b445",
              "isHook": false,
              "skipped": false
            },
            {
              "title": "should able to filter resoures by Last Increment",
              "fullTitle": "Performance Base Evaluations should able to filter resoures by Last Increment",
              "timedOut": false,
              "duration": 1558,
              "state": "passed",
              "speed": "slow",
              "pass": true,
              "fail": false,
              "pending": false,
              "context": null,
              "code": "await evaluation.clickFilterButton();\nawait evaluation.selectLastIncrement('N/A');\nconst valuesCount = await evaluation.checkValues();\nutilFun.assertEql(valuesCount, 1);",
              "err": {},
              "uuid": "d7a63c20-d151-4d14-afe1-b86f517da611",
              "parentUUID": "c91fa80f-779e-45bb-b59f-46b0b523b445",
              "isHook": false,
              "skipped": false
            },
            {
              "title": "should able to  copy email from options",
              "fullTitle": "Performance Base Evaluations should able to  copy email from options",
              "timedOut": false,
              "duration": 4008,
              "state": "passed",
              "speed": "slow",
              "pass": true,
              "fail": false,
              "pending": false,
              "context": null,
              "code": "await evaluation.clickFilterButton();\nawait evaluation.searchName('James Salinas');\nawait utilFun.wait(1000);\nconst name = await evaluation.getResourseName();\nutilFun.assertEql(name, 'James Salinas');\nawait evaluation.clickOptionBtn();\nawait utilFun.wait(1000);\nawait evaluation.selectOption('Copy Email');\nconst alertText = await evaluation.checkAlert();\nutilFun.assertEql(alertText, 'Email address is copied');",
              "err": {},
              "uuid": "b88d4e98-c951-41a8-9fb9-8332f801fe16",
              "parentUUID": "c91fa80f-779e-45bb-b59f-46b0b523b445",
              "isHook": false,
              "skipped": false
            },
            {
              "title": "should able to Send Email from options",
              "fullTitle": "Performance Base Evaluations should able to Send Email from options",
              "timedOut": false,
              "duration": 7730,
              "state": "passed",
              "speed": "slow",
              "pass": true,
              "fail": false,
              "pending": false,
              "context": null,
              "code": "await evaluation.clickFilterButton();\nawait evaluation.searchName('James Salinas');\nawait utilFun.wait(1000);\nconst name = await evaluation.getResourseName();\nutilFun.assertEql(name, 'James Salinas');\nawait evaluation.clickOptionBtn();\nawait utilFun.wait(1000);\nawait evaluation.selectOption('Send Email');\nawait utilFun.wait(1000);\nawait utilFun.switchWindow(1);\nawait utilFun.wait(3000);\nconst url = await utilFun.getUrl();\nassert.equal(url, 'https://mail.google.com/mail/u/0/?fs=1&tf=cm&to=james@robot-mail.com');\nawait utilFun.closeCurrentTab();\nawait utilFun.switchWindow(0);",
              "err": {},
              "uuid": "a6b027d1-716a-431e-9e45-a80a517fbb97",
              "parentUUID": "c91fa80f-779e-45bb-b59f-46b0b523b445",
              "isHook": false,
              "skipped": false
            },
            {
              "title": "should able to Open Slack DM from options",
              "fullTitle": "Performance Base Evaluations should able to Open Slack DM from options",
              "timedOut": false,
              "duration": 8504,
              "state": "passed",
              "speed": "slow",
              "pass": true,
              "fail": false,
              "pending": false,
              "context": null,
              "code": "await evaluation.clickFilterButton();\nawait evaluation.searchName('James Salinas');\nawait utilFun.wait(1000);\nconst name = await evaluation.getResourseName();\nutilFun.assertEql(name, 'James Salinas');\nawait evaluation.clickOptionBtn();\nawait utilFun.wait(1000);\nawait evaluation.selectOption('Open Slack DM');\nawait utilFun.wait(1000);\nawait utilFun.switchWindow(1);\nawait utilFun.wait(3000);\nconst url = await utilFun.getUrl();\nassert.equal(url, 'https://invozone.slack.com/?redir=%2Fapp_redirect%3Fchannel%3Dundefined');\nawait utilFun.closeCurrentTab();\nawait utilFun.switchWindow(0);",
              "err": {},
              "uuid": "e20f244b-69a2-45c7-9b96-282fe47738af",
              "parentUUID": "c91fa80f-779e-45bb-b59f-46b0b523b445",
              "isHook": false,
              "skipped": false
            },
            {
              "title": "should able to see Email from options",
              "fullTitle": "Performance Base Evaluations should able to see Email from options",
              "timedOut": false,
              "duration": 7284,
              "state": "passed",
              "speed": "slow",
              "pass": true,
              "fail": false,
              "pending": false,
              "context": null,
              "code": "await evaluation.clickFilterButton();\nawait evaluation.searchName('James Salinas');\nawait utilFun.wait(1000);\nconst name = await evaluation.getResourseName();\nutilFun.assertEql(name, 'James Salinas');\nawait evaluation.clickOptionBtn();\nawait utilFun.wait(1000);\nawait evaluation.selectOption('See Email');\nawait utilFun.wait(4000);\nconst email = await evaluation.copyEmail();\nassert.equal(email, 'Email: james@robot-mail.com');",
              "err": {},
              "uuid": "34173d15-000e-4489-b176-0ff4d3a6fd86",
              "parentUUID": "c91fa80f-779e-45bb-b59f-46b0b523b445",
              "isHook": false,
              "skipped": false
            },
            {
              "title": "should able to copy Phone Number from options",
              "fullTitle": "Performance Base Evaluations should able to copy Phone Number from options",
              "timedOut": false,
              "duration": 6709,
              "state": "passed",
              "speed": "slow",
              "pass": true,
              "fail": false,
              "pending": false,
              "context": null,
              "code": "await evaluation.clickFilterButton();\nawait evaluation.searchName('James Salinas');\nawait utilFun.wait(1000);\nconst name = await evaluation.getResourseName();\nutilFun.assertEql(name, 'James Salinas');\nawait evaluation.clickOptionBtn();\nawait utilFun.wait(1000);\nawait evaluation.selectOption('Phone Number');\nawait utilFun.wait(3000);\nawait evaluation.copyPhoneNumber();\nconst alertText = await evaluation.checkAlert();\nassert.equal(alertText, 'Phone# is copied successfully');",
              "err": {},
              "uuid": "3bca7d38-0784-454c-93f5-d8b7b2714c7a",
              "parentUUID": "c91fa80f-779e-45bb-b59f-46b0b523b445",
              "isHook": false,
              "skipped": false
            },
            {
              "title": "should able to see Resource Details from options",
              "fullTitle": "Performance Base Evaluations should able to see Resource Details from options",
              "timedOut": false,
              "duration": 4508,
              "state": "passed",
              "speed": "slow",
              "pass": true,
              "fail": false,
              "pending": false,
              "context": null,
              "code": "await evaluation.clickFilterButton();\nawait evaluation.searchName('James Salinas');\nawait utilFun.wait(1000);\nconst name = await evaluation.getResourseName();\nutilFun.assertEql(name, 'James Salinas');\nawait evaluation.clickResource();\nawait utilFun.wait(1000);\nawait utilFun.switchWindow(1);\nawait utilFun.wait(1000);\nconst url = await utilFun.getUrl();\nassert.equal(url, baseUrl + '/resource-detail/9742?tab=Basic_Information');\nawait utilFun.closeCurrentTab();\nawait utilFun.switchWindow(0);",
              "err": {},
              "uuid": "3cddcfb1-5df6-47e3-b8b4-2563ca3aae77",
              "parentUUID": "c91fa80f-779e-45bb-b59f-46b0b523b445",
              "isHook": false,
              "skipped": false
            },
            {
              "title": "should able to see employee history",
              "fullTitle": "Performance Base Evaluations should able to see employee history",
              "timedOut": false,
              "duration": 3139,
              "state": "passed",
              "speed": "slow",
              "pass": true,
              "fail": false,
              "pending": false,
              "context": null,
              "code": "await evaluation.clickFilterButton();\nawait evaluation.searchName('James Salinas');\nawait utilFun.wait(1000);\nconst name = await evaluation.getResourseName();\nutilFun.assertEql(name, 'James Salinas');\nawait evaluation.clickSeeFeedback();\nawait utilFun.wait(1000);\nconst title = await evaluation.checkTitle();\nutilFun.assertEql(title, 'Feedback History of James Salinas');\nawait evaluation.checkSelectedTab();",
              "err": {},
              "uuid": "08778418-06cc-469d-9cd7-099f18db8078",
              "parentUUID": "c91fa80f-779e-45bb-b59f-46b0b523b445",
              "isHook": false,
              "skipped": false
            },
            {
              "title": "should able to request a review",
              "fullTitle": "Performance Base Evaluations should able to request a review",
              "timedOut": false,
              "duration": 7341,
              "state": "passed",
              "speed": "slow",
              "pass": true,
              "fail": false,
              "pending": false,
              "context": null,
              "code": "await evaluation.clickFilterButton();\nawait evaluation.searchName('James Salinas');\nawait utilFun.wait(1000);\nconst name = await evaluation.getResourseName();\nutilFun.assertEql(name, 'James Salinas');\nawait evaluation.clickSeeFeedback();4\nawait utilFun.wait(1000);\nawait evaluation.clickSubmittedReview();\nawait evaluation.clickReqReviewBtn();\nawait utilFun.wait(1000);\nawait evaluation.clickHod('Muhammad Bilal Rafaqat');\nawait evaluation.clickSendReqBtn();\nconst alertText = await evaluation.checkAlert();\nutilFun.assertEql(alertText, 'Request is send successfully.');",
              "err": {},
              "uuid": "34b66e0e-ffdf-422b-88c2-51443c7e72aa",
              "parentUUID": "c91fa80f-779e-45bb-b59f-46b0b523b445",
              "isHook": false,
              "skipped": false
            },
            {
              "title": "should able to give a review",
              "fullTitle": "Performance Base Evaluations should able to give a review",
              "timedOut": false,
              "duration": 12825,
              "state": "passed",
              "speed": "slow",
              "pass": true,
              "fail": false,
              "pending": false,
              "context": null,
              "code": "const query = [\n  `UPDATE employees SET \"departmentId\" = 9 WHERE id = 9474;`,\n  `UPDATE employees SET \"designationId\" = 83 WHERE id = 9474;`,\n  `UPDATE employees SET \"designation\" = 'Head of Engineering' WHERE id = 9474;`,\n];\nawait utilFun.udpateDatabase(query);\nawait utilFun.refresh();\nawait evaluation.clickFilterButton();\nawait evaluation.searchName('James Salinas');\nawait utilFun.wait(1000);\nconst name = await evaluation.getResourseName();\nutilFun.assertEql(name, 'James Salinas');\nawait evaluation.clickSeeFeedback();\nawait utilFun.wait(1000);\nawait evaluation.clickSubmittedReview();\nawait utilFun.wait(1000);\nawait evaluation.clickAddFeedback();\nawait feedbackForm.enterDate('03092023');\nawait feedbackForm.selectFeedbackDuration('6 Months');\nawait feedbackForm.selectNextReviewType('Annual');\nawait feedbackForm.selectRevisedDesignation('Software Engineer');\nawait feedbackForm.typeIncreament('200000');\nawait feedbackForm.typeDescription('testingggg');\nawait feedbackForm.clickSubmit();\nconst alertText = await evaluation.checkAlert();\nutilFun.assertEql(alertText, 'Increment status is updated successfully');",
              "err": {},
              "uuid": "70b1501c-f72e-430e-9319-2464986fc243",
              "parentUUID": "c91fa80f-779e-45bb-b59f-46b0b523b445",
              "isHook": false,
              "skipped": false
            },
            {
              "title": "should able to edit review form",
              "fullTitle": "Performance Base Evaluations should able to edit review form",
              "timedOut": false,
              "duration": 9581,
              "state": "passed",
              "speed": "slow",
              "pass": true,
              "fail": false,
              "pending": false,
              "context": null,
              "code": "await evaluation.clickFilterButton();\nawait evaluation.searchName('James Salinas');\nawait utilFun.wait(1000);\nconst name = await evaluation.getResourseName();\nutilFun.assertEql(name, 'James Salinas');\nawait evaluation.clickEditForm();\nawait utilFun.wait(1000);\nawait feedbackForm.enterDate('03102023');\nawait feedbackForm.selectFeedbackDuration('3 Months');\nawait feedbackForm.selectNextReviewType('Annual');\nawait feedbackForm.selectRevisedDesignation('Software Engineer');\nawait feedbackForm.typeIncreament('200000');\nawait feedbackForm.typeDescription('updated');\nawait feedbackForm.clickSubmit();\nconst alertText = await evaluation.checkAlert();\nutilFun.assertEql(alertText, 'Increment status is updated successfully');",
              "err": {},
              "uuid": "eb55c854-1ec2-4935-a9eb-989896541db0",
              "parentUUID": "c91fa80f-779e-45bb-b59f-46b0b523b445",
              "isHook": false,
              "skipped": false
            },
            {
              "title": "should able to defer review",
              "fullTitle": "Performance Base Evaluations should able to defer review",
              "timedOut": false,
              "duration": 6722,
              "state": "passed",
              "speed": "slow",
              "pass": true,
              "fail": false,
              "pending": false,
              "context": null,
              "code": "const query = [\n  `UPDATE employees SET \"designation\" = 'HR' WHERE id = 9474;`,\n  `UPDATE employees SET \"departmentId\" = 7 WHERE id = 9474;`,\n  `UPDATE employees SET \"designationId\" = 77 WHERE id = 9474;`,\n];\nawait utilFun.udpateDatabase(query);\nawait utilFun.refresh();\nawait evaluation.clickFilterButton();\nawait evaluation.searchName('James Salinas');\nawait utilFun.wait(1000);\nconst name = await evaluation.getResourseName();\nutilFun.assertEql(name, 'James Salinas');\nawait evaluation.clickDefer();\nawait evaluation.clickDeferType();\nawait utilFun.wait(1000);\nawait evaluation.selectDeferType('2 Weeks');\nawait evaluation.typeDeferReason('testing');\nawait evaluation.clickSubmitBtn();\nconst alertText = await evaluation.checkAlert();\nutilFun.assertEql(alertText, 'Increment status is updated successfully');",
              "err": {},
              "uuid": "40e5e839-b4ca-4564-92b3-a9058453be50",
              "parentUUID": "c91fa80f-779e-45bb-b59f-46b0b523b445",
              "isHook": false,
              "skipped": false
            },
            {
              "title": "should able to complete review",
              "fullTitle": "Performance Base Evaluations should able to complete review",
              "timedOut": false,
              "duration": 10618,
              "state": "passed",
              "speed": "slow",
              "pass": true,
              "fail": false,
              "pending": false,
              "context": null,
              "code": "const query = [\n  `UPDATE employees SET \"designation\" = 'HR' WHERE id = 9474;`,\n  `UPDATE employees SET \"departmentId\" = 7 WHERE id = 9474;`,\n  `UPDATE employees SET \"designationId\" = 77 WHERE id = 9474;`,\n  `UPDATE employee_evaluations SET \"processType\" = NULL WHERE id = 26;`,\n  `UPDATE employee_evaluations SET \"reasonForDefer\" = NULL WHERE id = 26;`,\n  `UPDATE employee_evaluations SET \"processDate\" = NULL WHERE id = 26;`,\n];\nawait utilFun.udpateDatabase(query);\nawait utilFun.refresh();\nawait evaluation.clickFilterButton();\nawait evaluation.searchName('James Salinas');\nawait utilFun.wait(1000);\nconst name = await evaluation.getResourseName();\nutilFun.assertEql(name, 'James Salinas');\nawait evaluation.clickComplete();\nawait feedbackForm.enterDate('03102023');\nawait feedbackForm.selectFeedbackDuration('3 Months');\nawait feedbackForm.selectNextReviewType('Annual');\nawait feedbackForm.selectRevisedDesignation('Software Engineer');\nawait feedbackForm.typeIncreament('200000');\nawait feedbackForm.clickSubmit();\nconst alertText = await evaluation.checkAlert();\nutilFun.assertEql(alertText, 'Increment status is updated successfully');",
              "err": {},
              "uuid": "e1001718-5267-4bdf-86b4-3069fab26c4c",
              "parentUUID": "c91fa80f-779e-45bb-b59f-46b0b523b445",
              "isHook": false,
              "skipped": false
            }
          ],
          "suites": [],
          "passes": [
            "a81ef92e-ae8a-4a91-ab52-e499cc2edbab",
            "d0b37582-13d3-4f66-aafe-7afde73b3e1c",
            "d7a63c20-d151-4d14-afe1-b86f517da611",
            "b88d4e98-c951-41a8-9fb9-8332f801fe16",
            "a6b027d1-716a-431e-9e45-a80a517fbb97",
            "e20f244b-69a2-45c7-9b96-282fe47738af",
            "34173d15-000e-4489-b176-0ff4d3a6fd86",
            "3bca7d38-0784-454c-93f5-d8b7b2714c7a",
            "3cddcfb1-5df6-47e3-b8b4-2563ca3aae77",
            "08778418-06cc-469d-9cd7-099f18db8078",
            "34b66e0e-ffdf-422b-88c2-51443c7e72aa",
            "70b1501c-f72e-430e-9319-2464986fc243",
            "eb55c854-1ec2-4935-a9eb-989896541db0",
            "40e5e839-b4ca-4564-92b3-a9058453be50",
            "e1001718-5267-4bdf-86b4-3069fab26c4c"
          ],
          "failures": [],
          "pending": [],
          "skipped": [],
          "duration": 92504,
          "root": false,
          "rootEmpty": false,
          "_timeout": 100000
        },
        {
          "uuid": "d2e2400e-9ee8-4b78-af09-b8a4b34e01ce",
          "title": "Retention Base Evaluations",
          "fullFile": "/home/devops/invohub/resource-engagement/test/e2e/evaluation/spec_3_retention.js",
          "file": "/test/e2e/evaluation/spec_3_retention.js",
          "beforeHooks": [
            {
              "title": "\"before all\" hook in \"Retention Base Evaluations\"",
              "fullTitle": "Retention Base Evaluations \"before all\" hook in \"Retention Base Evaluations\"",
              "timedOut": false,
              "duration": 9166,
              "state": null,
              "speed": null,
              "pass": false,
              "fail": false,
              "pending": false,
              "context": null,
              "code": "await utilFun.loginAccount()\nconst url = await utilFun.getUrl();\nassert.equal(url, baseUrl + '/home');\nlet query = [\n  `UPDATE employee_evaluations SET \"incrementType\" = 'retention' WHERE id = 26;`,\n  `UPDATE employees SET \"designation\" = 'Software Engineer' WHERE id = 9474;`,\n  `UPDATE employees SET \"departmentId\" = 9 WHERE id = 9474;`,\n  `UPDATE employees SET \"designationId\" = 138 WHERE id = 9474;`,\n  `UPDATE employee_evaluations SET \"processType\" = NULL WHERE id = 26;`,\n  `UPDATE employee_evaluations SET \"reasonForDefer\" = NULL WHERE id = 26;`,\n  `UPDATE employee_evaluations SET \"processDate\" = NULL WHERE id = 26;`,\n  `UPDATE employee_evaluations SET \"feedback\" = NULL WHERE id = 26;`,\n];\nawait utilFun.udpateDatabase(query);",
              "err": {},
              "uuid": "fcccaf32-3775-4951-bd32-b107443463b0",
              "parentUUID": "d2e2400e-9ee8-4b78-af09-b8a4b34e01ce",
              "isHook": true,
              "skipped": false
            },
            {
              "title": "\"before each\" hook in \"Retention Base Evaluations\"",
              "fullTitle": "Retention Base Evaluations \"before each\" hook in \"Retention Base Evaluations\"",
              "timedOut": false,
              "duration": 4351,
              "state": null,
              "speed": null,
              "pass": false,
              "fail": false,
              "pending": false,
              "context": null,
              "code": "await utilFun.visit(baseUrl + '/evaluation-retention');\nawait utilFun.wait(4000);",
              "err": {},
              "uuid": "03d94b40-8864-4688-a1bb-8ddb0bdfbe01",
              "parentUUID": "d2e2400e-9ee8-4b78-af09-b8a4b34e01ce",
              "isHook": true,
              "skipped": false
            }
          ],
          "afterHooks": [],
          "tests": [
            {
              "title": "should check if retention evaluations are showing",
              "fullTitle": "Retention Base Evaluations should check if retention evaluations are showing",
              "timedOut": false,
              "duration": 39,
              "state": "passed",
              "speed": "medium",
              "pass": true,
              "fail": false,
              "pending": false,
              "context": null,
              "code": "let obj = await evaluation.getAllPendingResourses();\nassert(obj.length > 0, `No Evaluation Found`);",
              "err": {},
              "uuid": "fb866a77-351d-480d-b4c9-0ed178160813",
              "parentUUID": "d2e2400e-9ee8-4b78-af09-b8a4b34e01ce",
              "isHook": false,
              "skipped": false
            },
            {
              "title": "should able to filter resoures by name",
              "fullTitle": "Retention Base Evaluations should able to filter resoures by name",
              "timedOut": false,
              "duration": 1845,
              "state": "passed",
              "speed": "slow",
              "pass": true,
              "fail": false,
              "pending": false,
              "context": null,
              "code": "await evaluation.clickFilterButton();\nawait evaluation.searchName('James Salinas');\nawait utilFun.wait(1000);\nconst name = await evaluation.getResourseName();\nutilFun.assertEql(name, 'James Salinas');",
              "err": {},
              "uuid": "d2507ff0-12b0-4ceb-997d-f3421e85654b",
              "parentUUID": "d2e2400e-9ee8-4b78-af09-b8a4b34e01ce",
              "isHook": false,
              "skipped": false
            },
            {
              "title": "should able to filter resoures by Last Increment",
              "fullTitle": "Retention Base Evaluations should able to filter resoures by Last Increment",
              "timedOut": false,
              "duration": 1546,
              "state": "passed",
              "speed": "slow",
              "pass": true,
              "fail": false,
              "pending": false,
              "context": null,
              "code": "await evaluation.clickFilterButton();\nawait evaluation.selectLastIncrement('N/A');\nconst valuesCount = await evaluation.checkValues();\nutilFun.assertEql(valuesCount, 1);",
              "err": {},
              "uuid": "083103d1-bc8e-4ae1-938d-7b9bc79216e8",
              "parentUUID": "d2e2400e-9ee8-4b78-af09-b8a4b34e01ce",
              "isHook": false,
              "skipped": false
            },
            {
              "title": "should able to  copy email from options",
              "fullTitle": "Retention Base Evaluations should able to  copy email from options",
              "timedOut": false,
              "duration": 3899,
              "state": "passed",
              "speed": "slow",
              "pass": true,
              "fail": false,
              "pending": false,
              "context": null,
              "code": "await evaluation.clickFilterButton();\nawait evaluation.searchName('James Salinas');\nawait utilFun.wait(1000);\nconst name = await evaluation.getResourseName();\nutilFun.assertEql(name, 'James Salinas');\nawait evaluation.clickOptionBtn();\nawait utilFun.wait(1000);\nawait evaluation.selectOption('Copy Email');\nconst alertText = await evaluation.checkAlert();\nutilFun.assertEql(alertText, 'Email address is copied');",
              "err": {},
              "uuid": "2b9c2942-e2f4-4311-b2d7-4c8d704f848d",
              "parentUUID": "d2e2400e-9ee8-4b78-af09-b8a4b34e01ce",
              "isHook": false,
              "skipped": false
            },
            {
              "title": "should able to Send Email from options",
              "fullTitle": "Retention Base Evaluations should able to Send Email from options",
              "timedOut": false,
              "duration": 7369,
              "state": "passed",
              "speed": "slow",
              "pass": true,
              "fail": false,
              "pending": false,
              "context": null,
              "code": "await evaluation.clickFilterButton();\nawait evaluation.searchName('James Salinas');\nawait utilFun.wait(1000);\nconst name = await evaluation.getResourseName();\nutilFun.assertEql(name, 'James Salinas');\nawait evaluation.clickOptionBtn();\nawait utilFun.wait(1000);\nawait evaluation.selectOption('Send Email');\nawait utilFun.wait(1000);\nawait utilFun.switchWindow(1);\nawait utilFun.wait(3000);\nconst url = await utilFun.getUrl();\nassert.equal(url, 'https://mail.google.com/mail/u/0/?fs=1&tf=cm&to=james@robot-mail.com');\nawait utilFun.closeCurrentTab();\nawait utilFun.switchWindow(0);",
              "err": {},
              "uuid": "795a4b8c-3998-44d0-ba35-85838ed71b3a",
              "parentUUID": "d2e2400e-9ee8-4b78-af09-b8a4b34e01ce",
              "isHook": false,
              "skipped": false
            },
            {
              "title": "should able to Open Slack DM from options",
              "fullTitle": "Retention Base Evaluations should able to Open Slack DM from options",
              "timedOut": false,
              "duration": 7405,
              "state": "passed",
              "speed": "slow",
              "pass": true,
              "fail": false,
              "pending": false,
              "context": null,
              "code": "await evaluation.clickFilterButton();\nawait evaluation.searchName('James Salinas');\nawait utilFun.wait(1000);\nconst name = await evaluation.getResourseName();\nutilFun.assertEql(name, 'James Salinas');\nawait evaluation.clickOptionBtn();\nawait utilFun.wait(1000);\nawait evaluation.selectOption('Open Slack DM');\nawait utilFun.wait(1000);\nawait utilFun.switchWindow(1);\nawait utilFun.wait(3000);\nconst url = await utilFun.getUrl();\nassert.equal(url, 'https://invozone.slack.com/?redir=%2Fapp_redirect%3Fchannel%3Dundefined');\nawait utilFun.closeCurrentTab();\nawait utilFun.switchWindow(0);",
              "err": {},
              "uuid": "e4ee22ba-2854-41c6-9142-87acd22c3193",
              "parentUUID": "d2e2400e-9ee8-4b78-af09-b8a4b34e01ce",
              "isHook": false,
              "skipped": false
            },
            {
              "title": "should able to see Email from options",
              "fullTitle": "Retention Base Evaluations should able to see Email from options",
              "timedOut": false,
              "duration": 7149,
              "state": "passed",
              "speed": "slow",
              "pass": true,
              "fail": false,
              "pending": false,
              "context": null,
              "code": "await evaluation.clickFilterButton();\nawait evaluation.searchName('James Salinas');\nawait utilFun.wait(1000);\nconst name = await evaluation.getResourseName();\nutilFun.assertEql(name, 'James Salinas');\nawait evaluation.clickOptionBtn();\nawait utilFun.wait(1000);\nawait evaluation.selectOption('See Email');\nawait utilFun.wait(4000);\nconst email = await evaluation.copyEmail();\nassert.equal(email, 'Email: james@robot-mail.com');",
              "err": {},
              "uuid": "583e03ca-e89c-4a8a-9893-f52a80c76648",
              "parentUUID": "d2e2400e-9ee8-4b78-af09-b8a4b34e01ce",
              "isHook": false,
              "skipped": false
            },
            {
              "title": "should able to copy Phone Number from options",
              "fullTitle": "Retention Base Evaluations should able to copy Phone Number from options",
              "timedOut": false,
              "duration": 6726,
              "state": "passed",
              "speed": "slow",
              "pass": true,
              "fail": false,
              "pending": false,
              "context": null,
              "code": "await evaluation.clickFilterButton();\nawait evaluation.searchName('James Salinas');\nawait utilFun.wait(1000);\nconst name = await evaluation.getResourseName();\nutilFun.assertEql(name, 'James Salinas');\nawait evaluation.clickOptionBtn();\nawait utilFun.wait(1000);\nawait evaluation.selectOption('Phone Number');\nawait utilFun.wait(3000);\nawait evaluation.copyPhoneNumber();\nconst alertText = await evaluation.checkAlert();\nassert.equal(alertText, 'Phone# is copied successfully');",
              "err": {},
              "uuid": "8709cc25-cbf8-49e0-be2c-e82ea8c6e2d5",
              "parentUUID": "d2e2400e-9ee8-4b78-af09-b8a4b34e01ce",
              "isHook": false,
              "skipped": false
            },
            {
              "title": "should able to see Resource Details from options",
              "fullTitle": "Retention Base Evaluations should able to see Resource Details from options",
              "timedOut": false,
              "duration": 5123,
              "state": "passed",
              "speed": "slow",
              "pass": true,
              "fail": false,
              "pending": false,
              "context": null,
              "code": "await evaluation.clickFilterButton();\nawait evaluation.searchName('James Salinas');\nawait utilFun.wait(1000);\nconst name = await evaluation.getResourseName();\nutilFun.assertEql(name, 'James Salinas');\nawait evaluation.clickResource();\nawait utilFun.wait(1000);\nawait utilFun.switchWindow(1);\nawait utilFun.wait(1000);\nconst url = await utilFun.getUrl();\nassert.equal(url, baseUrl + '/resource-detail/9742?tab=Basic_Information');\nawait utilFun.closeCurrentTab();\nawait utilFun.switchWindow(0);",
              "err": {},
              "uuid": "12f7e07c-378e-46d6-a3c5-0f701c36e14c",
              "parentUUID": "d2e2400e-9ee8-4b78-af09-b8a4b34e01ce",
              "isHook": false,
              "skipped": false
            },
            {
              "title": "should able to see employee history",
              "fullTitle": "Retention Base Evaluations should able to see employee history",
              "timedOut": false,
              "duration": 3075,
              "state": "passed",
              "speed": "slow",
              "pass": true,
              "fail": false,
              "pending": false,
              "context": null,
              "code": "await evaluation.clickFilterButton();\nawait evaluation.searchName('James Salinas');\nawait utilFun.wait(1000);\nconst name = await evaluation.getResourseName();\nutilFun.assertEql(name, 'James Salinas');\nawait evaluation.clickSeeFeedback();\nawait utilFun.wait(1000);\nconst title = await evaluation.checkTitle();\nutilFun.assertEql(title, 'Feedback History of James Salinas');\nawait evaluation.checkSelectedTab();",
              "err": {},
              "uuid": "7866d0b3-6eb2-4238-86c3-f3b12a6203ac",
              "parentUUID": "d2e2400e-9ee8-4b78-af09-b8a4b34e01ce",
              "isHook": false,
              "skipped": false
            },
            {
              "title": "should able to request a review",
              "fullTitle": "Retention Base Evaluations should able to request a review",
              "timedOut": false,
              "duration": 7264,
              "state": "passed",
              "speed": "slow",
              "pass": true,
              "fail": false,
              "pending": false,
              "context": null,
              "code": "await evaluation.clickFilterButton();\nawait evaluation.searchName('James Salinas');\nawait utilFun.wait(1000);\nconst name = await evaluation.getResourseName();\nutilFun.assertEql(name, 'James Salinas');\nawait evaluation.clickSeeFeedback();\nawait utilFun.wait(1000);\nawait evaluation.clickSubmittedReview();\nawait evaluation.clickReqReviewBtn();\nawait utilFun.wait(1000);\nawait evaluation.clickHod('Muhammad Bilal Rafaqat');\nawait evaluation.clickSendReqBtn();\nconst alertText = await evaluation.checkAlert();\nutilFun.assertEql(alertText, 'Request is send successfully.');",
              "err": {},
              "uuid": "756a615e-0c41-49e3-b7b4-7b87636f5359",
              "parentUUID": "d2e2400e-9ee8-4b78-af09-b8a4b34e01ce",
              "isHook": false,
              "skipped": false
            },
            {
              "title": "should able to give a review",
              "fullTitle": "Retention Base Evaluations should able to give a review",
              "timedOut": false,
              "duration": 12678,
              "state": "passed",
              "speed": "slow",
              "pass": true,
              "fail": false,
              "pending": false,
              "context": null,
              "code": "const query = [\n  `UPDATE employees SET \"departmentId\" = 9 WHERE id = 9474;`,\n  `UPDATE employees SET \"designationId\" = 83 WHERE id = 9474;`,\n  `UPDATE employees SET \"designation\" = 'Head of Engineering' WHERE id = 9474;`,\n];\nawait utilFun.udpateDatabase(query);\nawait utilFun.refresh();\nawait evaluation.clickFilterButton();\nawait evaluation.searchName('James Salinas');\nawait utilFun.wait(1000);\nconst name = await evaluation.getResourseName();\nutilFun.assertEql(name, 'James Salinas');\nawait evaluation.clickSeeFeedback();\nawait utilFun.wait(1000);\nawait evaluation.clickSubmittedReview();\nawait utilFun.wait(1000);\nawait evaluation.clickAddFeedback();\n// await feedbackForm.enterDate('03092023');\nawait feedbackForm.selectFeedbackDuration('6 Months');\nawait feedbackForm.selectNextReviewType('Annual');\nawait feedbackForm.selectRevisedDesignation('Software Engineer');\nawait feedbackForm.typeIncreament('200000');\nawait feedbackForm.typeDescription('testingggg');\nawait feedbackForm.clickSubmit();\nconst alertText = await evaluation.checkAlert();\nutilFun.assertEql(alertText, 'Increment status is updated successfully');",
              "err": {},
              "uuid": "39f5443d-b22c-4de7-a5a7-cdf8caa1b5db",
              "parentUUID": "d2e2400e-9ee8-4b78-af09-b8a4b34e01ce",
              "isHook": false,
              "skipped": false
            },
            {
              "title": "should able to edit review form",
              "fullTitle": "Retention Base Evaluations should able to edit review form",
              "timedOut": false,
              "duration": 8904,
              "state": "passed",
              "speed": "slow",
              "pass": true,
              "fail": false,
              "pending": false,
              "context": null,
              "code": "await evaluation.clickFilterButton();\nawait evaluation.searchName('James Salinas');\nawait utilFun.wait(1000);\nconst name = await evaluation.getResourseName();\nutilFun.assertEql(name, 'James Salinas');\nawait evaluation.clickEditForm();\nawait utilFun.wait(1000);\n// await feedbackForm.enterDate('03102023');\nawait feedbackForm.selectFeedbackDuration('3 Months');\nawait feedbackForm.selectNextReviewType('Annual');\nawait feedbackForm.selectRevisedDesignation('Software Engineer');\nawait feedbackForm.typeIncreament('200000');\nawait feedbackForm.typeDescription('updated');\nawait feedbackForm.clickSubmit();\nconst alertText = await evaluation.checkAlert();\nutilFun.assertEql(alertText, 'Increment status is updated successfully');",
              "err": {},
              "uuid": "f1736caa-7dc6-40a9-b88c-c84ba10a4f77",
              "parentUUID": "d2e2400e-9ee8-4b78-af09-b8a4b34e01ce",
              "isHook": false,
              "skipped": false
            },
            {
              "title": "should able to defer review",
              "fullTitle": "Retention Base Evaluations should able to defer review",
              "timedOut": false,
              "duration": 7528,
              "state": "passed",
              "speed": "slow",
              "pass": true,
              "fail": false,
              "pending": false,
              "context": null,
              "code": "const query = [\n  `UPDATE employees SET \"designation\" = 'HR' WHERE id = 9474;`,\n  `UPDATE employees SET \"departmentId\" = 7 WHERE id = 9474;`,\n  `UPDATE employees SET \"designationId\" = 77 WHERE id = 9474;`,\n];\nawait utilFun.udpateDatabase(query);\nawait utilFun.refresh();\nawait evaluation.clickFilterButton();\nawait evaluation.searchName('James Salinas');\nawait utilFun.wait(1000);\nconst name = await evaluation.getResourseName();\nutilFun.assertEql(name, 'James Salinas');\nawait evaluation.clickDefer();\nawait evaluation.clickDeferType();\nawait utilFun.wait(1000);\nawait evaluation.selectDeferType('2 Weeks');\nawait evaluation.typeDeferReason('testing');\nawait evaluation.clickSubmitBtn();\nconst alertText = await evaluation.checkAlert();\nutilFun.assertEql(alertText, 'Increment status is updated successfully');",
              "err": {},
              "uuid": "31e04ab4-7d64-4fb5-9437-adac35f6e3c9",
              "parentUUID": "d2e2400e-9ee8-4b78-af09-b8a4b34e01ce",
              "isHook": false,
              "skipped": false
            },
            {
              "title": "should able to complete review",
              "fullTitle": "Retention Base Evaluations should able to complete review",
              "timedOut": false,
              "duration": 10443,
              "state": "passed",
              "speed": "slow",
              "pass": true,
              "fail": false,
              "pending": false,
              "context": null,
              "code": "const query = [\n  `UPDATE employees SET \"designation\" = 'HR' WHERE id = 9474;`,\n  `UPDATE employees SET \"departmentId\" = 7 WHERE id = 9474;`,\n  `UPDATE employees SET \"designationId\" = 77 WHERE id = 9474;`,\n  `UPDATE employee_evaluations SET \"processType\" = NULL WHERE id = 26;`,\n  `UPDATE employee_evaluations SET \"reasonForDefer\" = NULL WHERE id = 26;`,\n  `UPDATE employee_evaluations SET \"processDate\" = NULL WHERE id = 26;`,\n];\nawait utilFun.udpateDatabase(query);\nawait utilFun.refresh();\nawait evaluation.clickFilterButton();\nawait evaluation.searchName('James Salinas');\nawait utilFun.wait(1000);\nconst name = await evaluation.getResourseName();\nutilFun.assertEql(name, 'James Salinas');\nawait evaluation.clickComplete();\nawait feedbackForm.enterDate('03102023');\nawait feedbackForm.selectFeedbackDuration('3 Months');\nawait feedbackForm.selectNextReviewType('Annual');\nawait feedbackForm.selectRevisedDesignation('Software Engineer');\nawait feedbackForm.typeIncreament('200000');\nawait feedbackForm.clickSubmit();\nconst alertText = await evaluation.checkAlert();\nutilFun.assertEql(alertText, 'Increment status is updated successfully');",
              "err": {},
              "uuid": "3c757a72-b082-4984-b008-08aac2a115c8",
              "parentUUID": "d2e2400e-9ee8-4b78-af09-b8a4b34e01ce",
              "isHook": false,
              "skipped": false
            }
          ],
          "suites": [],
          "passes": [
            "fb866a77-351d-480d-b4c9-0ed178160813",
            "d2507ff0-12b0-4ceb-997d-f3421e85654b",
            "083103d1-bc8e-4ae1-938d-7b9bc79216e8",
            "2b9c2942-e2f4-4311-b2d7-4c8d704f848d",
            "795a4b8c-3998-44d0-ba35-85838ed71b3a",
            "e4ee22ba-2854-41c6-9142-87acd22c3193",
            "583e03ca-e89c-4a8a-9893-f52a80c76648",
            "8709cc25-cbf8-49e0-be2c-e82ea8c6e2d5",
            "12f7e07c-378e-46d6-a3c5-0f701c36e14c",
            "7866d0b3-6eb2-4238-86c3-f3b12a6203ac",
            "756a615e-0c41-49e3-b7b4-7b87636f5359",
            "39f5443d-b22c-4de7-a5a7-cdf8caa1b5db",
            "f1736caa-7dc6-40a9-b88c-c84ba10a4f77",
            "31e04ab4-7d64-4fb5-9437-adac35f6e3c9",
            "3c757a72-b082-4984-b008-08aac2a115c8"
          ],
          "failures": [],
          "pending": [],
          "skipped": [],
          "duration": 90993,
          "root": false,
          "rootEmpty": false,
          "_timeout": 100000
        },
        {
          "uuid": "dc314fd4-f874-49dd-b611-cc9c0cf2de59",
          "title": "Evaluations History",
          "fullFile": "/home/devops/invohub/resource-engagement/test/e2e/evaluation/spec_4_history.js",
          "file": "/test/e2e/evaluation/spec_4_history.js",
          "beforeHooks": [
            {
              "title": "\"before all\" hook in \"Evaluations History\"",
              "fullTitle": "Evaluations History \"before all\" hook in \"Evaluations History\"",
              "timedOut": false,
              "duration": 9902,
              "state": null,
              "speed": null,
              "pass": false,
              "fail": false,
              "pending": false,
              "context": null,
              "code": "await utilFun.loginAccount()\nconst url = await utilFun.getUrl();\nassert.equal(url, baseUrl + '/home');\nlet query = [\n  `UPDATE employee_evaluations SET \"processType\" = 'COMPLETE' WHERE id = 26;`,\n  `DELETE FROM employee_evaluations WHERE \"employeeId\" = 9742 AND \"incrementType\" = 'designation';`,\n  `UPDATE employee_evaluations SET \"processDate\" = '2023-03-28 17:32:33.501+05' WHERE id = 26;`,\n];\nawait utilFun.udpateDatabase(query);",
              "err": {},
              "uuid": "3d674245-27bc-459d-abd5-417a0800ef3c",
              "parentUUID": "dc314fd4-f874-49dd-b611-cc9c0cf2de59",
              "isHook": true,
              "skipped": false
            },
            {
              "title": "\"before each\" hook in \"Evaluations History\"",
              "fullTitle": "Evaluations History \"before each\" hook in \"Evaluations History\"",
              "timedOut": false,
              "duration": 4476,
              "state": null,
              "speed": null,
              "pass": false,
              "fail": false,
              "pending": false,
              "context": null,
              "code": "await utilFun.visit(baseUrl + '/evaluation-history');\nawait utilFun.wait(4000);",
              "err": {},
              "uuid": "d9423273-aed7-4d88-91ed-f2cc0ad53a9c",
              "parentUUID": "dc314fd4-f874-49dd-b611-cc9c0cf2de59",
              "isHook": true,
              "skipped": false
            }
          ],
          "afterHooks": [],
          "tests": [
            {
              "title": "should check if evaluations history is showing",
              "fullTitle": "Evaluations History should check if evaluations history is showing",
              "timedOut": false,
              "duration": 38,
              "state": "passed",
              "speed": "medium",
              "pass": true,
              "fail": false,
              "pending": false,
              "context": null,
              "code": "let obj = await evaluation.getAllPendingResourses();\nassert(obj.length > 0, `No Evaluation Found`);",
              "err": {},
              "uuid": "55d95f6e-be41-4a79-8c94-e639c3eb5471",
              "parentUUID": "dc314fd4-f874-49dd-b611-cc9c0cf2de59",
              "isHook": false,
              "skipped": false
            },
            {
              "title": "should able to filter resoures by name",
              "fullTitle": "Evaluations History should able to filter resoures by name",
              "timedOut": false,
              "duration": 2127,
              "state": "passed",
              "speed": "slow",
              "pass": true,
              "fail": false,
              "pending": false,
              "context": null,
              "code": "await evaluation.clickFilterButton();\nawait evaluation.searchName('James Salinas');\nawait utilFun.wait(1000);\nconst name = await evaluation.getResourseName();\nutilFun.assertEql(name, 'James Salinas');",
              "err": {},
              "uuid": "2fe7c8bd-e749-4b1e-ba3d-619215a81665",
              "parentUUID": "dc314fd4-f874-49dd-b611-cc9c0cf2de59",
              "isHook": false,
              "skipped": false
            },
            {
              "title": "should able to check review is completed",
              "fullTitle": "Evaluations History should able to check review is completed",
              "timedOut": false,
              "duration": 2195,
              "state": "passed",
              "speed": "slow",
              "pass": true,
              "fail": false,
              "pending": false,
              "context": null,
              "code": "await evaluation.clickFilterButton();\nawait evaluation.searchName('James Salinas');\nawait utilFun.wait(1000);\nconst name = await evaluation.checkProcessState()\nutilFun.assertEql(name, 'Complete');",
              "err": {},
              "uuid": "40df8880-0b8c-4871-8813-1c0d29a949e3",
              "parentUUID": "dc314fd4-f874-49dd-b611-cc9c0cf2de59",
              "isHook": false,
              "skipped": false
            },
            {
              "title": "should able to filter resoures by Review Type",
              "fullTitle": "Evaluations History should able to filter resoures by Review Type",
              "timedOut": false,
              "duration": 1784,
              "state": "passed",
              "speed": "slow",
              "pass": true,
              "fail": false,
              "pending": false,
              "context": null,
              "code": "await evaluation.clickFilterButton();\nawait evaluation.selectReviewType('Annual');\nconst valuesCount = await evaluation.checkValues();\nutilFun.assertEql(valuesCount, 1);",
              "err": {},
              "uuid": "0e48d23a-981b-4bd3-878d-97913db53b06",
              "parentUUID": "dc314fd4-f874-49dd-b611-cc9c0cf2de59",
              "isHook": false,
              "skipped": false
            },
            {
              "title": "should able to filter resoures by Last Increment",
              "fullTitle": "Evaluations History should able to filter resoures by Last Increment",
              "timedOut": false,
              "duration": 1842,
              "state": "passed",
              "speed": "slow",
              "pass": true,
              "fail": false,
              "pending": false,
              "context": null,
              "code": "await evaluation.clickFilterButton();\nawait evaluation.selectLastIncrement('N/A');\nconst valuesCount = await evaluation.checkValues();\nutilFun.assertEql(valuesCount, 1);",
              "err": {},
              "uuid": "46535d32-909d-4832-8a25-0bf602281d18",
              "parentUUID": "dc314fd4-f874-49dd-b611-cc9c0cf2de59",
              "isHook": false,
              "skipped": false
            },
            {
              "title": "should able to  copy email from options",
              "fullTitle": "Evaluations History should able to  copy email from options",
              "timedOut": false,
              "duration": 4307,
              "state": "passed",
              "speed": "slow",
              "pass": true,
              "fail": false,
              "pending": false,
              "context": null,
              "code": "await evaluation.clickFilterButton();\nawait evaluation.searchName('James Salinas');\nawait utilFun.wait(1000);\nconst name = await evaluation.getResourseName();\nutilFun.assertEql(name, 'James Salinas');\nawait evaluation.clickOptionBtn();\nawait utilFun.wait(1000);\nawait evaluation.selectOption('Copy Email');\nconst alertText = await evaluation.checkAlert();\nutilFun.assertEql(alertText, 'Email address is copied');",
              "err": {},
              "uuid": "d3d425d2-fd3b-4eea-8e20-e9b266f60681",
              "parentUUID": "dc314fd4-f874-49dd-b611-cc9c0cf2de59",
              "isHook": false,
              "skipped": false
            },
            {
              "title": "should able to Send Email from options",
              "fullTitle": "Evaluations History should able to Send Email from options",
              "timedOut": false,
              "duration": 7658,
              "state": "passed",
              "speed": "slow",
              "pass": true,
              "fail": false,
              "pending": false,
              "context": null,
              "code": "await evaluation.clickFilterButton();\nawait evaluation.searchName('James Salinas');\nawait utilFun.wait(1000);\nconst name = await evaluation.getResourseName();\nutilFun.assertEql(name, 'James Salinas');\nawait evaluation.clickOptionBtn();\nawait utilFun.wait(1000);\nawait evaluation.selectOption('Send Email');\nawait utilFun.wait(1000);\nawait utilFun.switchWindow(1);\nawait utilFun.wait(3000);\nconst url = await utilFun.getUrl();\nassert.equal(url, 'https://mail.google.com/mail/u/0/?fs=1&tf=cm&to=james@robot-mail.com');\nawait utilFun.closeCurrentTab();\nawait utilFun.switchWindow(0);",
              "err": {},
              "uuid": "08129a33-4a28-4f1c-83d2-83730be1cb07",
              "parentUUID": "dc314fd4-f874-49dd-b611-cc9c0cf2de59",
              "isHook": false,
              "skipped": false
            },
            {
              "title": "should able to Open Slack DM from options",
              "fullTitle": "Evaluations History should able to Open Slack DM from options",
              "timedOut": false,
              "duration": 7817,
              "state": "passed",
              "speed": "slow",
              "pass": true,
              "fail": false,
              "pending": false,
              "context": null,
              "code": "await evaluation.clickFilterButton();\nawait evaluation.searchName('James Salinas');\nawait utilFun.wait(1000);\nconst name = await evaluation.getResourseName();\nutilFun.assertEql(name, 'James Salinas');\nawait evaluation.clickOptionBtn();\nawait utilFun.wait(1000);\nawait evaluation.selectOption('Open Slack DM');\nawait utilFun.wait(1000);\nawait utilFun.switchWindow(1);\nawait utilFun.wait(3000);\nconst url = await utilFun.getUrl();\nassert.equal(url, 'https://invozone.slack.com/?redir=%2Fapp_redirect%3Fchannel%3Dundefined');\nawait utilFun.closeCurrentTab();\nawait utilFun.switchWindow(0);",
              "err": {},
              "uuid": "a956bbf3-e3ce-4045-831f-dadd42f62e05",
              "parentUUID": "dc314fd4-f874-49dd-b611-cc9c0cf2de59",
              "isHook": false,
              "skipped": false
            },
            {
              "title": "should able to see Email from options",
              "fullTitle": "Evaluations History should able to see Email from options",
              "timedOut": false,
              "duration": 7485,
              "state": "passed",
              "speed": "slow",
              "pass": true,
              "fail": false,
              "pending": false,
              "context": null,
              "code": "await evaluation.clickFilterButton();\nawait evaluation.searchName('James Salinas');\nawait utilFun.wait(1000);\nconst name = await evaluation.getResourseName();\nutilFun.assertEql(name, 'James Salinas');\nawait evaluation.clickOptionBtn();\nawait utilFun.wait(1000);\nawait evaluation.selectOption('See Email');\nawait utilFun.wait(4000);\nconst email = await evaluation.copyEmail();\nassert.equal(email, 'Email: james@robot-mail.com');",
              "err": {},
              "uuid": "9e32f43d-6c2d-45d0-8a64-c1fac62fb945",
              "parentUUID": "dc314fd4-f874-49dd-b611-cc9c0cf2de59",
              "isHook": false,
              "skipped": false
            },
            {
              "title": "should able to copy Phone Number from options",
              "fullTitle": "Evaluations History should able to copy Phone Number from options",
              "timedOut": false,
              "duration": 7261,
[...]
              "err": {},
              "uuid": "eeae9c32-91bf-4f8b-9aef-53545836a6bb",
              "parentUUID": "872b7c41-522f-4c5f-99d3-4351256f2526",
              "isHook": false,
              "skipped": false
            },
            {
              "title": "Should verify if resource offBoarding is showning or not",
              "fullTitle": "Resource Offboarding Should verify if resource offBoarding is showning or not",
              "timedOut": false,
              "duration": 3648,
              "state": "passed",
              "speed": "slow",
              "pass": true,
              "fail": false,
              "pending": false,
              "context": null,
              "code": "await utilFun.visit(baseUrl + '/resource-offboardings');\nawait utilFun.waitForPageLoad()\nawait resources.clickFilterBtn()\nawait resources.searchName('Steve')\nconst names = await resources.getResourceNameTag();\nassert.ok(names.includes('Steve'), `Expected text not found.`);\nconst row = await resourceOffBoarding.getRowText();\nassert.ok(row.includes('Resignation'), `Expected text not found.`);",
              "err": {},
              "uuid": "ccd8bd7d-b202-4ca7-bb63-c88a5ab937ac",
              "parentUUID": "872b7c41-522f-4c5f-99d3-4351256f2526",
              "isHook": false,
              "skipped": false
            },
            {
              "title": "should able to OffBoard Resource by Resignation Pending Discussion",
              "fullTitle": "Resource Offboarding should able to OffBoard Resource by Resignation Pending Discussion",
              "timedOut": false,
              "duration": 9871,
              "state": "passed",
              "speed": "slow",
              "pass": true,
              "fail": false,
              "pending": false,
              "context": null,
              "code": "let resourceId = await utilFun.getFromDatabase(`SELECT id FROM employees WHERE \"email\" = 'steve@email.com';`)\nif(resourceId.rowCount !== 0){\nlet query = [\n  `DELETE FROM \"boarding_requests\" WHERE \"employeeId\" = ${resourceId.rows[0].id};`,\n  `UPDATE employees SET \"noticeDate\" = NULL WHERE id = ${resourceId.rows[0].id};`,\n  `UPDATE employees SET \"noticeEndDate\" = NULL WHERE id = ${resourceId.rows[0].id};`,\n  `UPDATE employees SET \"jobStatus\" = 'Permanent' WHERE id = ${resourceId.rows[0].id};`,\n  `UPDATE employees SET \"reasonForDeactivation\" = NULL WHERE id = ${resourceId.rows[0].id};`,\n];\nawait utilFun.udpateDatabase(query);\n}\nawait utilFun.visit(baseUrl + '/resources');\nawait utilFun.waitForPageLoad()\nawait resources.clickFilterBtn()\nawait resources.searchName('Steve')\nconst names = await resources.getResourceNameTag();\nassert.ok(names.includes('Steve'), `Expected text not found.`);\nawait resourceOffBoarding.clickOptionBtn();\nawait resourceOffBoarding.selectOption('Offboard Resource');\nawait resourceOffBoarding.clickOkBtn()\nawait resourceOffBoarding.selectOffBoardingStatus('Resignation')\nawait resourceOffBoarding.setEffectiveDate('13112023')\nawait resourceOffBoarding.clickOkBtn()\nconst alertText = await utilFun.checkAlert();\nassert.equal(alertText, 'Resource job status is updated and email has been sent to PM & HOD!!');",
              "err": {},
              "uuid": "d98387b0-943b-4403-b9cf-a9b7c5bc48ca",
              "parentUUID": "872b7c41-522f-4c5f-99d3-4351256f2526",
              "isHook": false,
              "skipped": false
            },
            {
              "title": "Should verify if resource offBoarding is showning or not",
              "fullTitle": "Resource Offboarding Should verify if resource offBoarding is showning or not",
              "timedOut": false,
              "duration": 3530,
              "state": "passed",
              "speed": "slow",
              "pass": true,
              "fail": false,
              "pending": false,
              "context": null,
              "code": "await utilFun.visit(baseUrl + '/resource-offboardings');\nawait utilFun.waitForPageLoad()\nawait resources.clickFilterBtn()\nawait resources.searchName('Steve')\nconst names = await resources.getResourceNameTag();\nassert.ok(names.includes('Steve'), `Expected text not found.`);\nconst row = await resourceOffBoarding.getRowText();\nassert.ok(row.includes('Resignation'), `Expected text not found.`);",
              "err": {},
              "uuid": "a35fb53a-3d28-497f-9400-c2244edf8ce0",
              "parentUUID": "872b7c41-522f-4c5f-99d3-4351256f2526",
              "isHook": false,
              "skipped": false
            },
            {
              "title": "Should able to approve Pending resource offBoarding",
              "fullTitle": "Resource Offboarding Should able to approve Pending resource offBoarding",
              "timedOut": false,
              "duration": 4721,
              "state": "passed",
              "speed": "slow",
              "pass": true,
              "fail": false,
              "pending": false,
              "context": null,
              "code": "await utilFun.visit(baseUrl + '/upcoming-offboardings');\nawait utilFun.waitForPageLoad()\nawait resources.clickFilterBtn()\nawait resources.searchName('Steve')\nconst names = await resources.getResourceNameTag();\nassert.ok(names.includes('Steve'), `Expected text not found.`);\nconst row = await resourceOffBoarding.getRowText();\nassert.ok(row.includes('Resignation'), `Expected text not found.`);\nawait resourceOffBoarding.selectOffBoardingResponse('Approved')\nawait resourceOffBoarding.setLastDate('14122023')\nawait resourceOffBoarding.clickUpdateBtn()\nconst alertText = await utilFun.checkAlert();\nassert.equal(alertText, 'Resignation request has been approved succesfully!');\nawait resourceOffBoarding.confirmApproveStatus()",
              "err": {},
              "uuid": "a01aa0a3-70fc-41e4-8f3f-f8502ee931bc",
              "parentUUID": "872b7c41-522f-4c5f-99d3-4351256f2526",
              "isHook": false,
              "skipped": false
            },
            {
              "title": "Should able to Reject Pending resource offBoarding",
              "fullTitle": "Resource Offboarding Should able to Reject Pending resource offBoarding",
              "timedOut": false,
              "duration": 4851,
              "state": "passed",
              "speed": "slow",
              "pass": true,
              "fail": false,
              "pending": false,
              "context": null,
              "code": "let resourceId = await utilFun.getFromDatabase(`SELECT id FROM employees WHERE \"email\" = 'steve@email.com';`)\nif(resourceId.rowCount !== 0){\nlet query = [\n  `UPDATE boarding_requests SET \"status\" = 'PENDING' WHERE \"employeeId\" = ${resourceId.rows[0].id};`,\n  `UPDATE boarding_requests SET \"noticeEndDate\" = NULL WHERE \"employeeId\" = ${resourceId.rows[0].id};`,\n  `UPDATE boarding_requests SET \"deletedAt\" = NULL WHERE \"employeeId\" = ${resourceId.rows[0].id};`,\n  `UPDATE employees SET \"noticeEndDate\" = NULL WHERE id = ${resourceId.rows[0].id};`,\n  `UPDATE employees SET \"reasonForDeactivation\" = NULL WHERE id = ${resourceId.rows[0].id};`,\n];\nawait utilFun.udpateDatabase(query);\n}\nawait utilFun.visit(baseUrl + '/upcoming-offboardings');\nawait utilFun.waitForPageLoad()\nawait resources.clickFilterBtn()\nawait resources.searchName('Steve')\nconst names = await resources.getResourceNameTag();\nassert.ok(names.includes('Steve'), `Expected text not found.`);\nconst row = await resourceOffBoarding.getRowText();\nassert.ok(row.includes('Resignation'), `Expected text not found.`);\nawait resourceOffBoarding.selectOffBoardingResponse('Rejected')\nawait resourceOffBoarding.enterReason('testing')\nawait resourceOffBoarding.clickUpdateBtn()\nconst alertText = await utilFun.checkAlert();\nassert.equal(alertText, 'Resignation request has been rejected succesfully!');\nawait resourceOffBoarding.confirmRejectStatus()",
              "err": {},
              "uuid": "609685e8-1bcb-442b-b86d-99208af8eb38",
              "parentUUID": "872b7c41-522f-4c5f-99d3-4351256f2526",
              "isHook": false,
              "skipped": false
            },
            {
              "title": "should able to OffBoard Resource by Termination",
              "fullTitle": "Resource Offboarding should able to OffBoard Resource by Termination",
              "timedOut": false,
              "duration": 10342,
              "state": "passed",
              "speed": "slow",
              "pass": true,
              "fail": false,
              "pending": false,
              "context": null,
              "code": "let resourceId = await utilFun.getFromDatabase(`SELECT id FROM employees WHERE \"email\" = 'steve@email.com';`)\nif(resourceId.rowCount !== 0){\nlet query = [\n  `DELETE FROM \"boarding_requests\" WHERE \"employeeId\" = ${resourceId.rows[0].id};`,\n  `UPDATE employees SET \"noticeDate\" = NULL WHERE id = ${resourceId.rows[0].id};`,\n  `UPDATE employees SET \"noticeEndDate\" = NULL WHERE id = ${resourceId.rows[0].id};`,\n  `UPDATE employees SET \"jobStatus\" = 'Permanent' WHERE id = ${resourceId.rows[0].id};`,\n  `UPDATE employees SET \"reasonForDeactivation\" = NULL WHERE id = ${resourceId.rows[0].id};`,\n];\nawait utilFun.udpateDatabase(query);\n}\nawait utilFun.visit(baseUrl + '/resources');\nawait utilFun.waitForPageLoad()\nawait resources.clickFilterBtn()\nawait resources.searchName('Steve')\nconst names = await resources.getResourceNameTag();\nassert.ok(names.includes('Steve'), `Expected text not found.`);\nawait resourceOffBoarding.clickOptionBtn();\nawait resourceOffBoarding.selectOption('Offboard Resource');\nawait resourceOffBoarding.clickOkBtn()\nawait resourceOffBoarding.selectOffBoardingStatus('Termination')\nawait resourceOffBoarding.enterReason('testing')\nawait resourceOffBoarding.setEffectiveDate('13112023')\nawait resourceOffBoarding.setConntractEndDate('14122023')\nawait resourceOffBoarding.clickOkBtn()\nconst alertText = await utilFun.checkAlert();\nassert.equal(alertText, 'Termination request has been approved succesfully!');",
              "err": {},
              "uuid": "fab7d209-e7fb-4781-8303-7b58e35e6ebe",
              "parentUUID": "872b7c41-522f-4c5f-99d3-4351256f2526",
              "isHook": false,
              "skipped": false
            },
            {
              "title": "Should verify if resource offBoarding is showning or not",
              "fullTitle": "Resource Offboarding Should verify if resource offBoarding is showning or not",
              "timedOut": false,
              "duration": 3608,
              "state": "passed",
              "speed": "slow",
              "pass": true,
              "fail": false,
              "pending": false,
              "context": null,
              "code": "await utilFun.visit(baseUrl + '/resource-offboardings');\nawait utilFun.waitForPageLoad()\nawait resources.clickFilterBtn()\nawait resources.searchName('Steve')\nconst names = await resources.getResourceNameTag();\nassert.ok(names.includes('Steve'), `Expected text not found.`);\nconst row = await resourceOffBoarding.getRowText();\nassert.ok(row.includes('Termination'), `Expected text not found.`);\nawait resourceOffBoarding.confirmApproveStatus()",
              "err": {},
              "uuid": "5b319e8b-59c9-4f4d-8114-7d8dc1754f96",
              "parentUUID": "872b7c41-522f-4c5f-99d3-4351256f2526",
              "isHook": false,
              "skipped": false
            },
            {
              "title": "Should verify if resource upcoming offBoarding is showning or not",
              "fullTitle": "Resource Offboarding Should verify if resource upcoming offBoarding is showning or not",
              "timedOut": false,
              "duration": 3573,
              "state": "passed",
              "speed": "slow",
              "pass": true,
              "fail": false,
              "pending": false,
              "context": null,
              "code": "await utilFun.visit(baseUrl + '/upcoming-offboardings');\nawait utilFun.waitForPageLoad()\nawait resources.clickFilterBtn()\nawait resources.searchName('Steve')\nconst names = await resources.getResourceNameTag();\nassert.ok(names.includes('Steve'), `Expected text not found.`);\nconst row = await resourceOffBoarding.getRowText();\nassert.ok(row.includes('Termination'), `Expected text not found.`);\nawait resourceOffBoarding.confirmApproveStatus()",
              "err": {},
              "uuid": "df10ab0e-5f06-41ee-9c06-493bb1b25b5c",
              "parentUUID": "872b7c41-522f-4c5f-99d3-4351256f2526",
              "isHook": false,
              "skipped": false
            },
            {
              "title": "should able to OffBoard Resource by End of Service",
              "fullTitle": "Resource Offboarding should able to OffBoard Resource by End of Service",
              "timedOut": false,
              "duration": 10267,
              "state": "passed",
              "speed": "slow",
              "pass": true,
              "fail": false,
              "pending": false,
              "context": null,
              "code": "let resourceId = await utilFun.getFromDatabase(`SELECT id FROM employees WHERE \"email\" = 'steve@email.com';`)\nif(resourceId.rowCount !== 0){\nlet query = [\n  `DELETE FROM \"boarding_requests\" WHERE \"employeeId\" = ${resourceId.rows[0].id};`,\n  `UPDATE employees SET \"noticeDate\" = NULL WHERE id = ${resourceId.rows[0].id};`,\n  `UPDATE employees SET \"noticeEndDate\" = NULL WHERE id = ${resourceId.rows[0].id};`,\n  `UPDATE employees SET \"jobStatus\" = 'Permanent' WHERE id = ${resourceId.rows[0].id};`,\n  `UPDATE employees SET \"reasonForDeactivation\" = NULL WHERE id = ${resourceId.rows[0].id};`,\n];\nawait utilFun.udpateDatabase(query);\n}\nawait utilFun.visit(baseUrl + '/resources');\nawait utilFun.waitForPageLoad()\nawait resources.clickFilterBtn()\nawait resources.searchName('Steve')\nconst names = await resources.getResourceNameTag();\nassert.ok(names.includes('Steve'), `Expected text not found.`);\nawait resourceOffBoarding.clickOptionBtn();\nawait resourceOffBoarding.selectOption('Offboard Resource');\nawait resourceOffBoarding.clickOkBtn()\nawait resourceOffBoarding.selectOffBoardingStatus('End of Service')\nawait resourceOffBoarding.enterReason('testing')\nawait resourceOffBoarding.setEffectiveDate('13112023')\nawait resourceOffBoarding.setConntractEndDate('14122023')\nawait resourceOffBoarding.clickOkBtn()\nconst alertText = await utilFun.checkAlert();\nassert.equal(alertText, 'End of Service request has been approved succesfully!');",
              "err": {},
              "uuid": "bbd0d38c-dd8b-4127-ae4f-8bc4c90334e6",
              "parentUUID": "872b7c41-522f-4c5f-99d3-4351256f2526",
              "isHook": false,
              "skipped": false
            },
            {
              "title": "Should verify if resource offBoarding is showning or not",
              "fullTitle": "Resource Offboarding Should verify if resource offBoarding is showning or not",
              "timedOut": false,
              "duration": 3549,
              "state": "passed",
              "speed": "slow",
              "pass": true,
              "fail": false,
              "pending": false,
              "context": null,
              "code": "await utilFun.visit(baseUrl + '/resource-offboardings');\nawait utilFun.waitForPageLoad()\nawait resources.clickFilterBtn()\nawait resources.searchName('Steve')\nconst names = await resources.getResourceNameTag();\nassert.ok(names.includes('Steve'), `Expected text not found.`);\nconst row = await resourceOffBoarding.getRowText();\nassert.ok(row.includes('End of Service'), `Expected text not found.`);\nawait resourceOffBoarding.confirmApproveStatus()",
              "err": {},
              "uuid": "b414e9ca-3af3-4754-9f0e-3d1ba18ba479",
              "parentUUID": "872b7c41-522f-4c5f-99d3-4351256f2526",
              "isHook": false,
              "skipped": false
            },
            {
              "title": "Should verify if resource upcoming offBoarding is showning or not",
              "fullTitle": "Resource Offboarding Should verify if resource upcoming offBoarding is showning or not",
              "timedOut": false,
              "duration": 3391,
              "state": "passed",
              "speed": "slow",
              "pass": true,
              "fail": false,
              "pending": false,
              "context": null,
              "code": "await utilFun.visit(baseUrl + '/upcoming-offboardings');\nawait utilFun.waitForPageLoad()\nawait resources.clickFilterBtn()\nawait resources.searchName('Steve')\nconst names = await resources.getResourceNameTag();\nassert.ok(names.includes('Steve'), `Expected text not found.`);\nconst row = await resourceOffBoarding.getRowText();\nassert.ok(row.includes('End of Service'), `Expected text not found.`);\nawait resourceOffBoarding.confirmApproveStatus()",
              "err": {},
              "uuid": "98650328-1f42-4a4b-a19e-33b3eeeccc99",
              "parentUUID": "872b7c41-522f-4c5f-99d3-4351256f2526",
              "isHook": false,
              "skipped": false
            }
          ],
          "suites": [],
          "passes": [
            "eeae9c32-91bf-4f8b-9aef-53545836a6bb",
            "ccd8bd7d-b202-4ca7-bb63-c88a5ab937ac",
            "d98387b0-943b-4403-b9cf-a9b7c5bc48ca",
            "a35fb53a-3d28-497f-9400-c2244edf8ce0",
            "a01aa0a3-70fc-41e4-8f3f-f8502ee931bc",
            "609685e8-1bcb-442b-b86d-99208af8eb38",
            "fab7d209-e7fb-4781-8303-7b58e35e6ebe",
            "5b319e8b-59c9-4f4d-8114-7d8dc1754f96",
            "df10ab0e-5f06-41ee-9c06-493bb1b25b5c",
            "bbd0d38c-dd8b-4127-ae4f-8bc4c90334e6",
            "b414e9ca-3af3-4754-9f0e-3d1ba18ba479",
            "98650328-1f42-4a4b-a19e-33b3eeeccc99"
          ],
          "failures": [],
          "pending": [],
          "skipped": [],
          "duration": 71511,
          "root": false,
          "rootEmpty": false,
          "_timeout": 100000
        }
      ],
      "passes": [],
      "failures": [],
      "pending": [],
      "skipped": [],
      "duration": 0,
      "root": true,
      "rootEmpty": true,
      "_timeout": 100000
    }
  ],
  "meta": {
    "mocha": {
      "version": "10.2.0"
    },
    "mochawesome": {
      "options": {
        "quiet": false,
        "reportFilename": "mochawesome",
        "saveHtml": true,
        "saveJson": true,
        "consoleReporter": "spec",
        "useInlineDiffs": false,
        "code": true
      },
      "version": "7.1.3"
    },
    "marge": {
      "options": {
        "reportDir": "test/report"
      },
      "version": "6.2.0"
    }
  }
}