{
  "stats": {
    "suites": 2,
    "tests": 43,
    "passes": 43,
    "pending": 0,
    "failures": 0,
    "start": "2023-11-16T12:09:27.703Z",
    "end": "2023-11-16T12:16:40.241Z",
    "duration": 432538,
    "testsRegistered": 43,
    "passPercent": 100,
    "pendingPercent": 0,
    "other": 0,
    "hasOther": false,
    "skipped": 0,
    "hasSkipped": false
  },
  "results": [
    {
      "uuid": "1ee27e81-39e5-440b-b2ab-326b4dbc9c39",
      "title": "",
      "fullFile": "",
      "file": "",
      "beforeHooks": [],
      "afterHooks": [],
      "tests": [],
      "suites": [
        {
          "uuid": "92672a07-eabd-4492-a7f1-a6fd277d3afe",
          "title": "My Leaves",
          "fullFile": "/home/devops/invohub/resource-engagement/test/e2e/leaves/spec_1_myleaves.js",
          "file": "/test/e2e/leaves/spec_1_myleaves.js",
          "beforeHooks": [
            {
              "title": "\"before all\" hook in \"My Leaves\"",
              "fullTitle": "My Leaves \"before all\" hook in \"My Leaves\"",
              "timedOut": false,
              "duration": 52400,
              "state": null,
              "speed": null,
              "pass": false,
              "fail": false,
              "pending": false,
              "context": null,
              "code": "await utilFun.login(email, password);\n// await utilFun.loginAccount()\nconst url = await utilFun.getUrl();\nassert.equal(url, baseUrl + '/home');\nlet query = [\n  `UPDATE employee_leaves_count SET \"carryForwardedLeaves\" = 0 WHERE \"employeeId\" = 9474;`,\n  `UPDATE employee_leaves_count SET \"casualLeavesEarned\" = 10 WHERE \"employeeId\" = 9474;`,\n  `UPDATE employee_leaves_count SET \"sickLeavesEarned\" = 10 WHERE \"employeeId\" = 9474;`,\n  `UPDATE employee_leaves_count SET \"totalLeavesEarned\" = 20 WHERE \"employeeId\" = 9474;`,\n  `UPDATE employee_leaves_count SET \"casualLeavesAvailed\" = 0 WHERE \"employeeId\" = 9474;`,\n  `UPDATE employee_leaves_count SET \"sickLeavesAvailed\" = 0 WHERE \"employeeId\" = 9474;`,\n  `UPDATE employee_leaves_count SET \"totalLeavesAvailed\" = 0 WHERE \"employeeId\" = 9474;`,\n  `UPDATE employee_leaves_count SET \"totalRemainingLeaves\" = 20 WHERE \"employeeId\" = 9474;`,\n  `UPDATE employee_leaves_count SET \"availedUnPaidLeaves\" = 0 WHERE \"employeeId\" = 9474;`,\n  `DELETE FROM employee_leaves WHERE \"employeeId\" = 9474;`,\n  `UPDATE employees SET \"departmentId\" = 9 WHERE id = 9474;`,\n  `UPDATE employees SET \"designation\" = 'Project Manager' WHERE id = 9474;`,\n];\nawait utilFun.udpateDatabase(query);",
              "err": {},
              "uuid": "788a7b35-46ed-44d5-a23c-20fe5155d2ae",
              "parentUUID": "92672a07-eabd-4492-a7f1-a6fd277d3afe",
              "isHook": true,
              "skipped": false
            },
            {
              "title": "\"before each\" hook in \"My Leaves\"",
              "fullTitle": "My Leaves \"before each\" hook in \"My Leaves\"",
              "timedOut": false,
              "duration": 3720,
              "state": null,
              "speed": null,
              "pass": false,
              "fail": false,
              "pending": false,
              "context": null,
              "code": "await utilFun.visit(baseUrl + '/leaves');\nawait utilFun.wait(3000);",
              "err": {},
              "uuid": "b16fc513-3274-4a53-8d00-a11f944d9750",
              "parentUUID": "92672a07-eabd-4492-a7f1-a6fd277d3afe",
              "isHook": true,
              "skipped": false
            }
          ],
          "afterHooks": [],
          "tests": [
            {
              "title": "should should able to view employee leave",
              "fullTitle": "My Leaves should should able to view employee leave",
              "timedOut": false,
              "duration": 4361,
              "state": "passed",
              "speed": "slow",
              "pass": true,
              "fail": false,
              "pending": false,
              "context": null,
              "code": "let query = [\n  `UPDATE employee_leaves_reporting_managers SET \"approvedLeaveStatus\" = 'PENDING' WHERE id = 65;`,\n  `UPDATE employee_leaves SET \"leaveStatus\" = 'PENDING' WHERE id = 53;`,\n  `UPDATE employee_leaves SET \"approvedAt\" = NULL WHERE id = 53;`,\n  `UPDATE employee_leaves SET \"rejectedAt\" = NULL WHERE id = 53;`,\n];\nawait utilFun.udpateDatabase(query);\nawait utilFun.refresh();\nawait myLeaves.clickFilterBtn(1)\nawait myLeaves.filterName('james')\nconst claimTypeText = await myLeaves.checkTableRow(1);\nassert.ok(claimTypeText.includes('James'), `Expected text not found.`);",
              "err": {},
              "uuid": "81e754cf-3f87-4842-88fe-4b5ddaf7c7b2",
              "parentUUID": "92672a07-eabd-4492-a7f1-a6fd277d3afe",
              "isHook": false,
              "skipped": false
            },
            {
              "title": "should should able to Approve employee leave",
              "fullTitle": "My Leaves should should able to Approve employee leave",
              "timedOut": false,
              "duration": 3506,
              "state": "passed",
              "speed": "slow",
              "pass": true,
              "fail": false,
              "pending": false,
              "context": null,
              "code": "await myLeaves.clickFilterBtn(1)\nawait myLeaves.filterName('james')\nawait myLeaves.clickApproveBtn()\nawait myLeaves.clickSubmitBtn()\nconst alertText = await myLeaves.checkAlert();\nassert.equal(alertText, 'Leave status updated successfully');",
              "err": {},
              "uuid": "fcbba9b2-ffd7-48e9-a0bb-b1da4f89303b",
              "parentUUID": "92672a07-eabd-4492-a7f1-a6fd277d3afe",
              "isHook": false,
              "skipped": false
            },
            {
              "title": "should able to view employee leave in Approved Tab",
              "fullTitle": "My Leaves should able to view employee leave in Approved Tab",
              "timedOut": false,
              "duration": 3161,
              "state": "passed",
              "speed": "slow",
              "pass": true,
              "fail": false,
              "pending": false,
              "context": null,
              "code": "await myLeaves.clickTab('Approved Leaves')\nawait myLeaves.clickFilterBtn(1)\nawait myLeaves.filterName('james')\nconst claimTypeText = await myLeaves.checkTableRow(1);\nassert.ok(claimTypeText.includes('James'), `Expected text not found.`);",
              "err": {},
              "uuid": "9408e906-41f6-4b6b-9a74-3a545dc1d998",
              "parentUUID": "92672a07-eabd-4492-a7f1-a6fd277d3afe",
              "isHook": false,
              "skipped": false
            },
            {
              "title": "should able to Reject employee leave in Approved Tab",
              "fullTitle": "My Leaves should able to Reject employee leave in Approved Tab",
              "timedOut": false,
              "duration": 4184,
              "state": "passed",
              "speed": "slow",
              "pass": true,
              "fail": false,
              "pending": false,
              "context": null,
              "code": "await myLeaves.clickTab('Approved Leaves')\nawait myLeaves.clickFilterBtn(1)\nawait myLeaves.filterName('james')\nconst claimTypeText = await myLeaves.checkTableRow(1);\nassert.ok(claimTypeText.includes('James'), `Expected text not found.`);\nawait myLeaves.clickRejectBtn()\nawait myLeaves.typeRejectReasonAndReject('testing')\nconst alertText = await myLeaves.checkAlert();\nassert.equal(alertText, 'Leave status updated successfully');",
              "err": {},
              "uuid": "2ac2f78a-0074-4777-8305-8cfc966c1612",
              "parentUUID": "92672a07-eabd-4492-a7f1-a6fd277d3afe",
              "isHook": false,
              "skipped": false
            },
            {
              "title": "should able to view employee leave in Reject Tab",
              "fullTitle": "My Leaves should able to view employee leave in Reject Tab",
              "timedOut": false,
              "duration": 2884,
              "state": "passed",
              "speed": "slow",
              "pass": true,
              "fail": false,
              "pending": false,
              "context": null,
              "code": "await myLeaves.clickTab('Rejected Leaves')\nawait myLeaves.clickFilterBtn(1)\nawait myLeaves.filterName('james')\nconst claimTypeText = await myLeaves.checkTableRow(1);\nassert.ok(claimTypeText.includes('James'), `Expected text not found.`);",
              "err": {},
              "uuid": "492fe9ff-cf20-4372-8001-8c929954603e",
              "parentUUID": "92672a07-eabd-4492-a7f1-a6fd277d3afe",
              "isHook": false,
              "skipped": false
            },
            {
              "title": "should should able to Reject employee leave",
              "fullTitle": "My Leaves should should able to Reject employee leave",
              "timedOut": false,
              "duration": 5584,
              "state": "passed",
              "speed": "slow",
              "pass": true,
              "fail": false,
              "pending": false,
              "context": null,
              "code": "let query = [\n  `UPDATE employee_leaves_reporting_managers SET \"approvedLeaveStatus\" = 'PENDING' WHERE id = 65;`,\n  `UPDATE employee_leaves SET \"leaveStatus\" = 'PENDING' WHERE id = 53;`,\n  `UPDATE employee_leaves SET \"approvedAt\" = NULL WHERE id = 53;`,\n  `UPDATE employee_leaves SET \"rejectedAt\" = NULL WHERE id = 53;`,\n];\nawait utilFun.udpateDatabase(query);\nawait utilFun.refresh();\nawait myLeaves.clickFilterBtn(1)\nawait myLeaves.filterName('james')\nawait myLeaves.clickRejectBtn()\nawait myLeaves.typeRejectReasonAndReject('testing')\nconst alertText = await myLeaves.checkAlert();\nassert.equal(alertText, 'Leave status updated successfully');",
              "err": {},
              "uuid": "d4590acd-3d53-4e0a-a19e-31e79147b528",
              "parentUUID": "92672a07-eabd-4492-a7f1-a6fd277d3afe",
              "isHook": false,
              "skipped": false
            },
            {
              "title": "should able to view employee leave in Reject Tab",
              "fullTitle": "My Leaves should able to view employee leave in Reject Tab",
              "timedOut": false,
              "duration": 2883,
              "state": "passed",
              "speed": "slow",
              "pass": true,
              "fail": false,
              "pending": false,
              "context": null,
              "code": "await myLeaves.clickTab('Rejected Leaves')\nawait myLeaves.clickFilterBtn(1)\nawait myLeaves.filterName('james')\nconst claimTypeText = await myLeaves.checkTableRow(1);\nassert.ok(claimTypeText.includes('James'), `Expected text not found.`);",
              "err": {},
              "uuid": "b0c527cd-1900-4c99-999c-8ec2ec7439b7",
              "parentUUID": "92672a07-eabd-4492-a7f1-a6fd277d3afe",
              "isHook": false,
              "skipped": false
            },
            {
              "title": "should able to Approve employee leave in Reject Tab",
              "fullTitle": "My Leaves should able to Approve employee leave in Reject Tab",
              "timedOut": false,
              "duration": 4120,
              "state": "passed",
              "speed": "slow",
              "pass": true,
              "fail": false,
              "pending": false,
              "context": null,
              "code": "await myLeaves.clickTab('Rejected Leaves')\nawait myLeaves.clickFilterBtn(1)\nawait myLeaves.filterName('james')\nconst claimTypeText = await myLeaves.checkTableRow(1);\nassert.ok(claimTypeText.includes('James'), `Expected text not found.`);\nawait myLeaves.clickApproveBtn()\nawait myLeaves.clickSubmitBtn()\nconst alertText = await myLeaves.checkAlert();\nassert.equal(alertText, 'Leave status updated successfully');",
              "err": {},
              "uuid": "911fad94-27ff-4e2e-9778-af69ab7d9ae2",
              "parentUUID": "92672a07-eabd-4492-a7f1-a6fd277d3afe",
              "isHook": false,
              "skipped": false
            },
            {
              "title": "should able to view employee leave in Approved Tab",
              "fullTitle": "My Leaves should able to view employee leave in Approved Tab",
              "timedOut": false,
              "duration": 2858,
              "state": "passed",
              "speed": "slow",
              "pass": true,
              "fail": false,
              "pending": false,
              "context": null,
              "code": "await myLeaves.clickTab('Approved Leaves')\nawait myLeaves.clickFilterBtn(1)\nawait myLeaves.filterName('james')\nconst claimTypeText = await myLeaves.checkTableRow(1);\nassert.ok(claimTypeText.includes('James'), `Expected text not found.`);",
              "err": {},
              "uuid": "4959e2e5-ffa6-4bec-9b44-3afe622189e9",
              "parentUUID": "92672a07-eabd-4492-a7f1-a6fd277d3afe",
              "isHook": false,
              "skipped": false
            },
            {
              "title": "should check if Leaves counts are showing Correct",
              "fullTitle": "My Leaves should check if Leaves counts are showing Correct",
              "timedOut": false,
              "duration": 243,
              "state": "passed",
              "speed": "slow",
              "pass": true,
              "fail": false,
              "pending": false,
              "context": null,
              "code": "let leaves = await myLeaves.getCasualLeaves();\nassert.equal(leaves, '10/');\nlet leaves1 = await myLeaves.getSickLeaves();\nassert.equal(leaves1, '10/');\nlet leaves2 = await myLeaves.getCarryForwardLeaves();\nassert.equal(leaves2, '0/');\nlet leaves3 = await myLeaves.getUnpaidLeaves();\nassert.equal(leaves3, '0');",
              "err": {},
              "uuid": "04ceaaaa-f30e-49ab-b9cf-690c1b2ae8a7",
              "parentUUID": "92672a07-eabd-4492-a7f1-a6fd277d3afe",
              "isHook": false,
              "skipped": false
            },
            {
              "title": "should able to apply Casual full leave",
              "fullTitle": "My Leaves should able to apply Casual full leave",
              "timedOut": false,
              "duration": 6657,
              "state": "passed",
              "speed": "slow",
              "pass": true,
              "fail": false,
              "pending": false,
              "context": null,
              "code": "await myLeaves.clickApplyLeaveBtn();\nawait myLeaves.clickLeaveType();\nawait utilFun.wait(1000);\nawait myLeaves.selectLeaveType('Casual Leave');\nawait myLeaves.clickLeaveCategory();\nawait utilFun.wait(1000);\nawait myLeaves.selectLeaveCategory('Full Leave');\nawait myLeaves.setStartDate('05-09-2023');\nawait utilFun.wait(1000);\nawait myLeaves.setEndDate('05-09-2023');\nawait myLeaves.typeReason('testing');\nawait myLeaves.clickSubmitBtn();\nconst alertText = await myLeaves.checkAlert();\nassert.equal(alertText, 'Leave request created successfully');",
              "err": {},
              "uuid": "c56e4142-d02b-4e8d-aaf9-2671a5a701c6",
              "parentUUID": "92672a07-eabd-4492-a7f1-a6fd277d3afe",
              "isHook": false,
              "skipped": false
            },
            {
              "title": "should able to apply Casual First Half leave",
              "fullTitle": "My Leaves should able to apply Casual First Half leave",
              "timedOut": false,
              "duration": 7431,
              "state": "passed",
              "speed": "slow",
              "pass": true,
              "fail": false,
              "pending": false,
              "context": null,
              "code": "await myLeaves.clickApplyLeaveBtn();\nawait myLeaves.clickLeaveType();\nawait utilFun.wait(1000);\nawait myLeaves.selectLeaveType('Casual Leave');\nawait myLeaves.clickLeaveCategory();\nawait utilFun.wait(1000);\nawait myLeaves.selectLeaveCategory('Half Leave');\nawait myLeaves.clickLeaveShift();\nawait utilFun.wait(1000);\nawait myLeaves.selectLeaveShift('First Half');\nawait myLeaves.setStartDate('06-09-2023');\nawait utilFun.wait(1000);\nawait myLeaves.setEndDate('06-09-2023');\nawait myLeaves.typeReason('testing');\nawait myLeaves.clickSubmitBtn();\nconst alertText = await myLeaves.checkAlert();\nassert.equal(alertText, 'Leave request created successfully');",
              "err": {},
              "uuid": "0339dd61-64d3-4ac2-b0a0-3af0229eb4c9",
              "parentUUID": "92672a07-eabd-4492-a7f1-a6fd277d3afe",
              "isHook": false,
              "skipped": false
            },
            {
              "title": "should able to apply Casual Second Half leave",
              "fullTitle": "My Leaves should able to apply Casual Second Half leave",
              "timedOut": false,
              "duration": 7447,
              "state": "passed",
              "speed": "slow",
              "pass": true,
              "fail": false,
              "pending": false,
              "context": null,
              "code": "await myLeaves.clickApplyLeaveBtn();\nawait myLeaves.clickLeaveType();\nawait utilFun.wait(1000);\nawait myLeaves.selectLeaveType('Casual Leave');\nawait myLeaves.clickLeaveCategory();\nawait utilFun.wait(1000);\nawait myLeaves.selectLeaveCategory('Half Leave');\nawait myLeaves.clickLeaveShift();\nawait utilFun.wait(1000);\nawait myLeaves.selectLeaveShift('Second Half');\nawait myLeaves.setStartDate('07-09-2023');\nawait utilFun.wait(1000);\nawait myLeaves.setEndDate('07-09-2023');\nawait myLeaves.typeReason('testing');\nawait myLeaves.clickSubmitBtn();\nconst alertText = await myLeaves.checkAlert();\nassert.equal(alertText, 'Leave request created successfully');",
              "err": {},
              "uuid": "5b28b018-26ea-4808-a27a-af2db8c3d508",
              "parentUUID": "92672a07-eabd-4492-a7f1-a6fd277d3afe",
              "isHook": false,
              "skipped": false
            },
            {
              "title": "should able to apply Sick full leave",
              "fullTitle": "My Leaves should able to apply Sick full leave",
              "timedOut": false,
              "duration": 6311,
              "state": "passed",
              "speed": "slow",
              "pass": true,
              "fail": false,
              "pending": false,
              "context": null,
              "code": "await myLeaves.clickApplyLeaveBtn();\nawait myLeaves.clickLeaveType();\nawait utilFun.wait(1000);\nawait myLeaves.selectLeaveType('Sick Leave');\nawait myLeaves.clickLeaveCategory();\nawait utilFun.wait(1000);\nawait myLeaves.selectLeaveCategory('Full Leave');\nawait myLeaves.setStartDate('08-09-2023');\nawait utilFun.wait(1000);\nawait myLeaves.setEndDate('08-09-2023');\nawait myLeaves.typeReason('testing');\nawait myLeaves.clickSubmitBtn();\nconst alertText = await myLeaves.checkAlert();\nassert.equal(alertText, 'Leave request created successfully');",
              "err": {},
              "uuid": "f924eb77-9fd6-4b38-9445-f9e75a293d92",
              "parentUUID": "92672a07-eabd-4492-a7f1-a6fd277d3afe",
              "isHook": false,
              "skipped": false
            },
            {
              "title": "should able to apply Sick First Half leave",
              "fullTitle": "My Leaves should able to apply Sick First Half leave",
              "timedOut": false,
              "duration": 7741,
              "state": "passed",
              "speed": "slow",
              "pass": true,
              "fail": false,
              "pending": false,
              "context": null,
              "code": "await myLeaves.clickApplyLeaveBtn();\nawait myLeaves.clickLeaveType();\nawait utilFun.wait(1000);\nawait myLeaves.selectLeaveType('Sick Leave');\nawait myLeaves.clickLeaveCategory();\nawait utilFun.wait(1000);\nawait myLeaves.selectLeaveCategory('Half Leave');\nawait myLeaves.clickLeaveShift();\nawait utilFun.wait(1000);\nawait myLeaves.selectLeaveShift('First Half');\nawait myLeaves.setStartDate('09-09-2023');\nawait utilFun.wait(1000);\nawait myLeaves.setEndDate('09-09-2023');\nawait myLeaves.typeReason('testing');\nawait myLeaves.clickSubmitBtn();\nconst alertText = await myLeaves.checkAlert();\nassert.equal(alertText, 'Leave request created successfully');",
              "err": {},
              "uuid": "3884afa2-21d9-45e0-ae60-9f25fa097c47",
              "parentUUID": "92672a07-eabd-4492-a7f1-a6fd277d3afe",
              "isHook": false,
              "skipped": false
            },
            {
              "title": "should able to apply Sick Second Half leave",
              "fullTitle": "My Leaves should able to apply Sick Second Half leave",
              "timedOut": false,
              "duration": 7482,
              "state": "passed",
              "speed": "slow",
              "pass": true,
              "fail": false,
              "pending": false,
              "context": null,
              "code": "await myLeaves.clickApplyLeaveBtn();\nawait myLeaves.clickLeaveType();\nawait utilFun.wait(1000);\nawait myLeaves.selectLeaveType('Sick Leave');\nawait myLeaves.clickLeaveCategory();\nawait utilFun.wait(1000);\nawait myLeaves.selectLeaveCategory('Half Leave');\nawait myLeaves.clickLeaveShift();\nawait utilFun.wait(1000);\nawait myLeaves.selectLeaveShift('Second Half');\nawait myLeaves.setStartDate('10-09-2023');\nawait utilFun.wait(1000);\nawait myLeaves.setEndDate('10-09-2023');\nawait myLeaves.typeReason('testing');\nawait myLeaves.clickSubmitBtn();\nconst alertText = await myLeaves.checkAlert();\nassert.equal(alertText, 'Leave request created successfully');",
              "err": {},
              "uuid": "7f6a6f65-ab25-4809-a410-75ca45b31154",
              "parentUUID": "92672a07-eabd-4492-a7f1-a6fd277d3afe",
              "isHook": false,
              "skipped": false
            },
            {
              "title": "should able to apply Un-Paid full leave",
              "fullTitle": "My Leaves should able to apply Un-Paid full leave",
              "timedOut": false,
              "duration": 6253,
              "state": "passed",
              "speed": "slow",
              "pass": true,
              "fail": false,
              "pending": false,
              "context": null,
              "code": "await myLeaves.clickApplyLeaveBtn();\nawait myLeaves.clickLeaveType();\nawait utilFun.wait(1000);\nawait myLeaves.selectLeaveType('Un-Paid Leave');\nawait myLeaves.clickLeaveCategory();\nawait utilFun.wait(1000);\nawait myLeaves.selectLeaveCategory('Full Leave');\nawait myLeaves.setStartDate('11-09-2023');\nawait utilFun.wait(1000);\nawait myLeaves.setEndDate('11-09-2023');\nawait myLeaves.typeReason('testing');\nawait myLeaves.clickSubmitBtn();\nconst alertText = await myLeaves.checkAlert();\nassert.equal(alertText, 'Leave request created successfully');",
              "err": {},
              "uuid": "57857350-ee80-4072-b876-c8ee46183733",
              "parentUUID": "92672a07-eabd-4492-a7f1-a6fd277d3afe",
              "isHook": false,
              "skipped": false
            },
            {
              "title": "should able to apply Un-Paid First Half leave",
              "fullTitle": "My Leaves should able to apply Un-Paid First Half leave",
              "timedOut": false,
              "duration": 7510,
              "state": "passed",
              "speed": "slow",
              "pass": true,
              "fail": false,
              "pending": false,
              "context": null,
              "code": "await myLeaves.clickApplyLeaveBtn();\nawait myLeaves.clickLeaveType();\nawait utilFun.wait(1000);\nawait myLeaves.selectLeaveType('Un-Paid Leave');\nawait myLeaves.clickLeaveCategory();\nawait utilFun.wait(1000);\nawait myLeaves.selectLeaveCategory('Half Leave');\nawait myLeaves.clickLeaveShift();\nawait utilFun.wait(1000);\nawait myLeaves.selectLeaveShift('First Half');\nawait myLeaves.setStartDate('12-09-2023');\nawait utilFun.wait(1000);\nawait myLeaves.setEndDate('12-09-2023');\nawait myLeaves.typeReason('testing');\nawait myLeaves.clickSubmitBtn();\nconst alertText = await myLeaves.checkAlert();\nassert.equal(alertText, 'Leave request created successfully');",
              "err": {},
              "uuid": "f4327193-059c-4fee-9192-56b136d762dc",
              "parentUUID": "92672a07-eabd-4492-a7f1-a6fd277d3afe",
              "isHook": false,
              "skipped": false
            },
            {
              "title": "should able to apply Un-Paid Second Half leave",
              "fullTitle": "My Leaves should able to apply Un-Paid Second Half leave",
              "timedOut": false,
              "duration": 7388,
              "state": "passed",
              "speed": "slow",
              "pass": true,
              "fail": false,
              "pending": false,
              "context": null,
              "code": "await myLeaves.clickApplyLeaveBtn();\nawait myLeaves.clickLeaveType();\nawait utilFun.wait(1000);\nawait myLeaves.selectLeaveType('Un-Paid Leave');\nawait myLeaves.clickLeaveCategory();\nawait utilFun.wait(1000);\nawait myLeaves.selectLeaveCategory('Half Leave');\nawait myLeaves.clickLeaveShift();\nawait utilFun.wait(1000);\nawait myLeaves.selectLeaveShift('Second Half');\nawait myLeaves.setStartDate('13-09-2023');\nawait utilFun.wait(1000);\nawait myLeaves.setEndDate('13-09-2023');\nawait myLeaves.typeReason('testing');\nawait myLeaves.clickSubmitBtn();\nconst alertText = await myLeaves.checkAlert();\nassert.equal(alertText, 'Leave request created successfully');",
              "err": {},
              "uuid": "31d784ce-19b6-44fa-9cc1-a12386284728",
              "parentUUID": "92672a07-eabd-4492-a7f1-a6fd277d3afe",
              "isHook": false,
              "skipped": false
            },
            {
              "title": "should check if Leaves counts are showing Correct",
              "fullTitle": "My Leaves should check if Leaves counts are showing Correct",
              "timedOut": false,
              "duration": 215,
              "state": "passed",
              "speed": "slow",
              "pass": true,
              "fail": false,
              "pending": false,
              "context": null,
              "code": "let leaves = await myLeaves.getCasualLeaves();\nassert.equal(leaves, '8/');\nlet leaves1 = await myLeaves.getSickLeaves();\nassert.equal(leaves1, '8/');\nlet leaves2 = await myLeaves.getCarryForwardLeaves();\nassert.equal(leaves2, '0/');\nlet leaves3 = await myLeaves.getUnpaidLeaves();\nassert.equal(leaves3, '2');",
              "err": {},
              "uuid": "18abb28e-25b6-455d-9fbd-d7c7a88092bb",
              "parentUUID": "92672a07-eabd-4492-a7f1-a6fd277d3afe",
              "isHook": false,
              "skipped": false
            }
          ],
          "suites": [],
          "passes": [
            "81e754cf-3f87-4842-88fe-4b5ddaf7c7b2",
            "fcbba9b2-ffd7-48e9-a0bb-b1da4f89303b",
            "9408e906-41f6-4b6b-9a74-3a545dc1d998",
            "2ac2f78a-0074-4777-8305-8cfc966c1612",
            "492fe9ff-cf20-4372-8001-8c929954603e",
            "d4590acd-3d53-4e0a-a19e-31e79147b528",
            "b0c527cd-1900-4c99-999c-8ec2ec7439b7",
            "911fad94-27ff-4e2e-9778-af69ab7d9ae2",
            "4959e2e5-ffa6-4bec-9b44-3afe622189e9",
            "04ceaaaa-f30e-49ab-b9cf-690c1b2ae8a7",
            "c56e4142-d02b-4e8d-aaf9-2671a5a701c6",
            "0339dd61-64d3-4ac2-b0a0-3af0229eb4c9",
            "5b28b018-26ea-4808-a27a-af2db8c3d508",
            "f924eb77-9fd6-4b38-9445-f9e75a293d92",
            "3884afa2-21d9-45e0-ae60-9f25fa097c47",
            "7f6a6f65-ab25-4809-a410-75ca45b31154",
            "57857350-ee80-4072-b876-c8ee46183733",
            "f4327193-059c-4fee-9192-56b136d762dc",
            "31d784ce-19b6-44fa-9cc1-a12386284728",
            "18abb28e-25b6-455d-9fbd-d7c7a88092bb"
          ],
          "failures": [],
          "pending": [],
          "skipped": [],
          "duration": 98219,
          "root": false,
          "rootEmpty": false,
          "_timeout": 60000
        },
        {
          "uuid": "52444af8-45cf-4d4b-9246-0673799a6dee",
          "title": "hr dashboard",
          "fullFile": "/home/devops/invohub/resource-engagement/test/e2e/leaves/spec_2_hrLeavesDashboard.js",
          "file": "/test/e2e/leaves/spec_2_hrLeavesDashboard.js",
          "beforeHooks": [
            {
              "title": "\"before all\" hook in \"hr dashboard\"",
              "fullTitle": "hr dashboard \"before all\" hook in \"hr dashboard\"",
              "timedOut": false,
              "duration": 11288,
              "state": null,
              "speed": null,
              "pass": false,
              "fail": false,
              "pending": false,
              "context": null,
              "code": "await utilFun.loginAccount()\nconst url = await utilFun.getUrl();\nassert.equal(url, baseUrl + '/home');",
              "err": {},
              "uuid": "9bff09da-98e8-4330-8bcd-2cec4e6dc008",
              "parentUUID": "52444af8-45cf-4d4b-9246-0673799a6dee",
              "isHook": true,
              "skipped": false
            }
          ],
          "afterHooks": [
            {
              "title": "\"after all\" hook in \"hr dashboard\"",
              "fullTitle": "hr dashboard \"after all\" hook in \"hr dashboard\"",
              "timedOut": false,
              "duration": 21,
              "state": null,
              "speed": null,
              "pass": false,
              "fail": false,
              "pending": false,
              "context": null,
              "code": "let query = [\n  `DELETE FROM employee_leaves WHERE \"employeeId\" = 9474;`,\n];\nawait utilFun.udpateDatabase(query);",
              "err": {},
              "uuid": "1fd717e0-d71c-4168-add3-c90f3a9d570e",
              "parentUUID": "52444af8-45cf-4d4b-9246-0673799a6dee",
              "isHook": true,
              "skipped": false
            }
          ],
          "tests": [
            {
              "title": "should check if Leaves counts are showing Correct",
              "fullTitle": "hr dashboard should check if Leaves counts are showing Correct",
              "timedOut": false,
              "duration": 3570,
              "state": "passed",
              "speed": "slow",
              "pass": true,
              "fail": false,
              "pending": false,
              "context": null,
              "code": "let query = [\n  `UPDATE employee_leaves_count SET \"carryForwardedLeaves\" = 0 WHERE \"employeeId\" = 9474;`,\n  `UPDATE employee_leaves_count SET \"casualLeavesEarned\" = 10 WHERE \"employeeId\" = 9474;`,\n  `UPDATE employee_leaves_count SET \"sickLeavesEarned\" = 10 WHERE \"employeeId\" = 9474;`,\n  `UPDATE employee_leaves_count SET \"totalLeavesEarned\" = 20 WHERE \"employeeId\" = 9474;`,\n  `UPDATE employee_leaves_count SET \"casualLeavesAvailed\" = 0 WHERE \"employeeId\" = 9474;`,\n  `UPDATE employee_leaves_count SET \"sickLeavesAvailed\" = 0 WHERE \"employeeId\" = 9474;`,\n  `UPDATE employee_leaves_count SET \"totalLeavesAvailed\" = 0 WHERE \"employeeId\" = 9474;`,\n  `UPDATE employee_leaves_count SET \"totalRemainingLeaves\" = 20 WHERE \"employeeId\" = 9474;`,\n  `UPDATE employee_leaves_count SET \"availedUnPaidLeaves\" = 0 WHERE \"employeeId\" = 9474;`,\n  `DELETE FROM employee_leaves WHERE \"employeeId\" = 9474;`,\n];\nawait utilFun.udpateDatabase(query);\nawait utilFun.visit(baseUrl + '/leaves');\nawait utilFun.wait(3000);\nlet leaves = await myLeaves.getCasualLeaves();\nassert.equal(leaves, '10/');\nlet leaves1 = await myLeaves.getSickLeaves();\nassert.equal(leaves1, '10/');\nlet leaves2 = await myLeaves.getCarryForwardLeaves();\nassert.equal(leaves2, '0/');\nlet leaves3 = await myLeaves.getUnpaidLeaves();\nassert.equal(leaves3, '0');",
              "err": {},
              "uuid": "4fa2b47b-3479-4276-958a-c5982953490a",
              "parentUUID": "52444af8-45cf-4d4b-9246-0673799a6dee",
              "isHook": false,
              "skipped": false
            },
            {
              "title": "should able to apply Casual full leave",
              "fullTitle": "hr dashboard should able to apply Casual full leave",
              "timedOut": false,
              "duration": 10344,
              "state": "passed",
              "speed": "slow",
              "pass": true,
              "fail": false,
              "pending": false,
              "context": null,
              "code": "await utilFun.visit(baseUrl + '/leaves');\nawait utilFun.wait(3000);\nawait myLeaves.clickApplyLeaveBtn();\nawait myLeaves.clickLeaveType();\nawait utilFun.wait(1000);\nawait myLeaves.selectLeaveType('Casual Leave');\nawait myLeaves.clickLeaveCategory();\nawait utilFun.wait(1000);\nawait myLeaves.selectLeaveCategory('Full Leave');\nawait myLeaves.setStartDate('05-09-2023');\nawait utilFun.wait(1000);\nawait myLeaves.setEndDate('05-09-2023');\nawait myLeaves.typeReason('testing');\nawait myLeaves.clickSubmitBtn();\nawait utilFun.wait(1000);\nconst alertText = await myLeaves.checkAlert();\nassert.equal(alertText, 'Leave request created successfully');",
              "err": {},
              "uuid": "4e43777f-1d68-41c1-aa95-71985cc6e06f",
              "parentUUID": "52444af8-45cf-4d4b-9246-0673799a6dee",
              "isHook": false,
              "skipped": false
            },
            {
              "title": "should able to check if leave is showing in Hr Dashboard",
              "fullTitle": "hr dashboard should able to check if leave is showing in Hr Dashboard",
              "timedOut": false,
              "duration": 5197,
              "state": "passed",
              "speed": "slow",
              "pass": true,
              "fail": false,
              "pending": false,
              "context": null,
              "code": "await utilFun.visit(baseUrl + '/hrDashboard');\nawait utilFun.wait(3000);\nawait hrLeaveDashboard.clickFilterBtn()\nawait hrLeaveDashboard.typeFilterName('Bilal')\nawait utilFun.wait(1000);\nconst leaveText = await hrLeaveDashboard.checkTableRow();\nassert.ok(leaveText.includes('Bilal'), `Expected text not found.`);",
              "err": {},
              "uuid": "02c0d64e-dc25-43c9-ab7c-c664755f74f7",
              "parentUUID": "52444af8-45cf-4d4b-9246-0673799a6dee",
              "isHook": false,
              "skipped": false
            },
            {
              "title": "should able to Approve Leave",
              "fullTitle": "hr dashboard should able to Approve Leave",
              "timedOut": false,
              "duration": 6632,
              "state": "passed",
              "speed": "slow",
              "pass": true,
              "fail": false,
              "pending": false,
              "context": null,
              "code": "let query = [\n  `UPDATE employee_leaves SET \"leaveStatus\" = 'PENDING' WHERE \"employeeId\" = 9474;`,\n  `UPDATE employee_leaves SET \"approvedAt\" = NULL WHERE \"employeeId\" = 9474;`,\n  `UPDATE employee_leaves SET \"rejectedAt\" = NULL WHERE \"employeeId\" = 9474;`,\n];\nawait utilFun.udpateDatabase(query);\nawait utilFun.visit(baseUrl + '/hrDashboard');\nawait utilFun.wait(3000);\nawait hrLeaveDashboard.clickFilterBtn()\nawait hrLeaveDashboard.typeFilterName('Bilal')\nconst leaveText = await hrLeaveDashboard.checkTableRow();\nassert.ok(leaveText.includes('Bilal'), `Expected text not found.`);\nawait hrLeaveDashboard.clickFilterBtn()\nawait hrLeaveDashboard.clickApproveBtn()\nawait utilFun.wait(1000);\nawait hrLeaveDashboard.clickSubmitBtn()\nawait utilFun.wait(1000);\nconst alertText = await myLeaves.checkAlert();\nassert.equal(alertText, 'Leave status updated successfully');",
              "err": {},
              "uuid": "fa0eeaca-fd3f-4555-802b-ea3ec3e64e60",
              "parentUUID": "52444af8-45cf-4d4b-9246-0673799a6dee",
              "isHook": false,
              "skipped": false
            },
            {
              "title": "should able to view employee leave in Approved Tab",
              "fullTitle": "hr dashboard should able to view employee leave in Approved Tab",
              "timedOut": false,
              "duration": 5482,
              "state": "passed",
              "speed": "slow",
              "pass": true,
              "fail": false,
              "pending": false,
              "context": null,
              "code": "await utilFun.visit(baseUrl + '/hrDashboard');\nawait utilFun.wait(3000);\nawait hrLeaveDashboard.clickTab('Approved Leaves')\nawait hrLeaveDashboard.clickFilterBtn()\nawait hrLeaveDashboard.typeFilterName('Bilal')\nawait utilFun.wait(1000);\nconst leaveText = await hrLeaveDashboard.checkTableRow();\nassert.ok(leaveText.includes('Bilal'), `Expected text not found.`);",
              "err": {},
              "uuid": "d1c6611a-8a0e-4c30-bad5-55031df6c48d",
              "parentUUID": "52444af8-45cf-4d4b-9246-0673799a6dee",
              "isHook": false,
              "skipped": false
            },
            {
              "title": "should able to Reject Leave",
              "fullTitle": "hr dashboard should able to Reject Leave",
              "timedOut": false,
              "duration": 6108,
              "state": "passed",
              "speed": "slow",
              "pass": true,
              "fail": false,
              "pending": false,
              "context": null,
              "code": "let query = [\n  `UPDATE employee_leaves SET \"leaveStatus\" = 'PENDING' WHERE \"employeeId\" = 9474;`,\n  `UPDATE employee_leaves SET \"approvedAt\" = NULL WHERE \"employeeId\" = 9474;`,\n  `UPDATE employee_leaves SET \"rejectedAt\" = NULL WHERE \"employeeId\" = 9474;`,\n];\nawait utilFun.udpateDatabase(query);\nawait utilFun.visit(baseUrl + '/hrDashboard');\nawait utilFun.wait(3000);\nawait hrLeaveDashboard.clickFilterBtn()\nawait hrLeaveDashboard.typeFilterName('Bilal')\nconst leaveText = await hrLeaveDashboard.checkTableRow();\nassert.ok(leaveText.includes('Bilal'), `Expected text not found.`);\nawait hrLeaveDashboard.clickRejectBtn()\nawait hrLeaveDashboard.typeRejectReasonAndReject('testing')\nawait utilFun.wait(1000);\nconst alertText = await hrLeaveDashboard.checkAlert();\nassert.equal(alertText, 'Leave status updated successfully');",
              "err": {},
              "uuid": "27dc6098-daa3-4aaf-b571-65c561a17c53",
              "parentUUID": "52444af8-45cf-4d4b-9246-0673799a6dee",
              "isHook": false,
              "skipped": false
            },
            {
              "title": "should able to view employee leave in Rejected Tab",
              "fullTitle": "hr dashboard should able to view employee leave in Rejected Tab",
              "timedOut": false,
              "duration": 5570,
              "state": "passed",
              "speed": "slow",
              "pass": true,
              "fail": false,
              "pending": false,
              "context": null,
              "code": "await utilFun.visit(baseUrl + '/hrDashboard');\nawait utilFun.wait(3000);\nawait hrLeaveDashboard.clickTab('Rejected Leaves')\nawait hrLeaveDashboard.clickFilterBtn()\nawait hrLeaveDashboard.typeFilterName('Bilal')\nawait utilFun.wait(1000);\nconst leaveText = await hrLeaveDashboard.checkTableRow();\nassert.ok(leaveText.includes('Bilal'), `Expected text not found.`);",
              "err": {},
              "uuid": "2fe7e791-e949-4fc6-b279-9f365b379117",
              "parentUUID": "52444af8-45cf-4d4b-9246-0673799a6dee",
              "isHook": false,
              "skipped": false
            },
            {
              "title": "should able to send leave notification to PMs",
              "fullTitle": "hr dashboard should able to send leave notification to PMs",
              "timedOut": false,
              "duration": 5538,
              "state": "passed",
              "speed": "slow",
              "pass": true,
              "fail": false,
              "pending": false,
              "context": null,
              "code": "let query = [\n  `UPDATE employee_leaves SET \"leaveStatus\" = 'PENDING' WHERE \"employeeId\" = 9474;`,\n  `UPDATE employee_leaves SET \"approvedAt\" = NULL WHERE \"employeeId\" = 9474;`,\n  `UPDATE employee_leaves SET \"rejectedAt\" = NULL WHERE \"employeeId\" = 9474;`,\n];\nawait utilFun.udpateDatabase(query);\nawait utilFun.visit(baseUrl + '/hrDashboard');\nawait utilFun.wait(3000);\nawait hrLeaveDashboard.clickFilterBtn()\nawait hrLeaveDashboard.typeFilterName('Bilal')\nconst leaveText = await hrLeaveDashboard.checkTableRow();\nassert.ok(leaveText.includes('Bilal'), `Expected text not found.`);\nawait hrLeaveDashboard.clickSendNotificationBtn()\nawait utilFun.wait(1000);\nconst alertText = await hrLeaveDashboard.checkAlert();\nassert.equal(alertText, 'Notification sent to PMs from which leave is pending');",
              "err": {},
              "uuid": "556e9820-5a5a-4047-b112-1c33658a9e75",
              "parentUUID": "52444af8-45cf-4d4b-9246-0673799a6dee",
              "isHook": false,
              "skipped": false
            },
            {
              "title": "should able to delete Employee leave",
              "fullTitle": "hr dashboard should able to delete Employee leave",
              "timedOut": false,
              "duration": 6116,
              "state": "passed",
              "speed": "slow",
              "pass": true,
              "fail": false,
              "pending": false,
              "context": null,
              "code": "await utilFun.visit(baseUrl + '/hrDashboard');\nawait utilFun.wait(3000);\nawait hrLeaveDashboard.clickFilterBtn()\nawait hrLeaveDashboard.typeFilterName('Bilal')\nconst leaveText = await hrLeaveDashboard.checkTableRow();\nassert.ok(leaveText.includes('Bilal'), `Expected text not found.`);\nawait hrLeaveDashboard.clickDeleteBtn()\nawait hrLeaveDashboard.typeDeleteReason('testing')\nawait hrLeaveDashboard.clickSubmitDeleteBtn()\nawait utilFun.wait(1000);\nconst alertText = await hrLeaveDashboard.checkAlert();\nassert.equal(alertText, 'Leave request deleted successfully.');",
              "err": {},
              "uuid": "1e533777-4c6f-40cf-b467-18aee1c120d5",
              "parentUUID": "52444af8-45cf-4d4b-9246-0673799a6dee",
              "isHook": false,
              "skipped": false
            },
            {
              "title": "should able check if delete leave is showing in Deleted Section",
              "fullTitle": "hr dashboard should able check if delete leave is showing in Deleted Section",
              "timedOut": false,
              "duration": 5369,
              "state": "passed",
              "speed": "slow",
              "pass": true,
              "fail": false,
              "pending": false,
              "context": null,
              "code": "await utilFun.visit(baseUrl + '/hrDashboard');\nawait utilFun.wait(3000);\nawait hrLeaveDashboard.clickSeeDeletedLeaves()\nawait hrLeaveDashboard.clickFilterBtn()\nawait hrLeaveDashboard.typeFilterName('Bilal')\nawait utilFun.wait(1000);\nconst leaveText = await hrLeaveDashboard.checkTableRow();\nassert.ok(leaveText.includes('Bilal'), `Expected text not found.`);",
              "err": {},
              "uuid": "866071c6-171d-497b-a8b2-7ab35796e665",
              "parentUUID": "52444af8-45cf-4d4b-9246-0673799a6dee",
              "isHook": false,
              "skipped": false
            },
            {
              "title": "should able to add Compensatory leave to specific employee",
              "fullTitle": "hr dashboard should able to add Compensatory leave to specific employee",
              "timedOut": false,
              "duration": 12199,
              "state": "passed",
              "speed": "slow",
              "pass": true,
              "fail": false,
              "pending": false,
              "context": null,
              "code": "let query = [\n  `UPDATE employee_leaves_count SET \"casualLeavesAvailed\" = 0 WHERE \"employeeId\" = 9474;`,\n  `UPDATE employee_leaves_count SET \"casualLeavesEarned\" = 10 WHERE \"employeeId\" = 9474;`,\n];\nawait utilFun.udpateDatabase(query);\nawait utilFun.visit(baseUrl + '/hrDashboard');\nawait utilFun.wait(3000);\nawait hrLeaveDashboard.clickCompLeaveBtn()\nawait hrLeaveDashboard.selectResource('Muhammad Bilal Rafaqat')\nawait utilFun.wait(1000);\nawait hrLeaveDashboard.setStartDate('10-09-2023');\nawait utilFun.wait(1000);\nawait hrLeaveDashboard.setEndDate('10-09-2023');\nawait myLeaves.typeReason('testing');\nawait hrLeaveDashboard.clickSubmitBtn();\nawait utilFun.wait(1000);\nconst alertText = await myLeaves.checkAlert();\nassert.equal(alertText, 'Compensatory leave added successfully');",
              "err": {},
              "uuid": "11095276-a5c8-4803-9db3-3d05ec9bca81",
              "parentUUID": "52444af8-45cf-4d4b-9246-0673799a6dee",
              "isHook": false,
              "skipped": false
            },
            {
              "title": "should check if Leave is Added",
              "fullTitle": "hr dashboard should check if Leave is Added",
              "timedOut": false,
              "duration": 3435,
              "state": "passed",
              "speed": "slow",
              "pass": true,
              "fail": false,
              "pending": false,
              "context": null,
              "code": "await utilFun.visit(baseUrl + '/leaves');\nawait utilFun.wait(3000);\nlet leaves = await myLeaves.getCasualLeaves();\nassert.equal(leaves, '11/');",
              "err": {},
              "uuid": "b1e16e24-4dea-45e1-98a9-30219bf46d9d",
              "parentUUID": "52444af8-45cf-4d4b-9246-0673799a6dee",
              "isHook": false,
              "skipped": false
            },
            {
              "title": "should able to add Compensatory leave to all employee",
              "fullTitle": "hr dashboard should able to add Compensatory leave to all employee",
              "timedOut": false,
              "duration": 9183,
              "state": "passed",
              "speed": "slow",
              "pass": true,
              "fail": false,
              "pending": false,
              "context": null,
              "code": "let query = [\n  `UPDATE employee_leaves_count SET \"casualLeavesAvailed\" = 0 WHERE \"employeeId\" = 9474;`,\n  `UPDATE employee_leaves_count SET \"casualLeavesEarned\" = 10 WHERE \"employeeId\" = 9474;`,\n];\nawait utilFun.udpateDatabase(query);\nawait utilFun.visit(baseUrl + '/hrDashboard');\nawait utilFun.wait(3000);\nawait hrLeaveDashboard.clickCompLeaveBtn()\nawait hrLeaveDashboard.clickSelectAllRadioBtn()\nawait utilFun.wait(1000);\nawait hrLeaveDashboard.setStartDate('10-09-2023');\nawait utilFun.wait(1000);\nawait hrLeaveDashboard.setEndDate('10-09-2023');\nawait myLeaves.typeReason('testing');\nawait hrLeaveDashboard.clickSubmitBtn();\nawait utilFun.wait(1000);\nconst alertText = await myLeaves.checkAlert();\nassert.equal(alertText, 'Compensatory leave added successfully');",
              "err": {},
              "uuid": "6e6f3d18-750b-4244-9688-bd0d57335c28",
              "parentUUID": "52444af8-45cf-4d4b-9246-0673799a6dee",
              "isHook": false,
              "skipped": false
            },
            {
              "title": "should check if Leave is Added",
              "fullTitle": "hr dashboard should check if Leave is Added",
              "timedOut": false,
              "duration": 3417,
              "state": "passed",
              "speed": "slow",
              "pass": true,
              "fail": false,
              "pending": false,
              "context": null,
              "code": "await utilFun.visit(baseUrl + '/leaves');\nawait utilFun.wait(3000);\nlet leaves = await myLeaves.getCasualLeaves();\nassert.equal(leaves, '11/');",
              "err": {},
              "uuid": "196e6e11-0c52-4bf4-a919-5c5deb3cb3dc",
              "parentUUID": "52444af8-45cf-4d4b-9246-0673799a6dee",
              "isHook": false,
              "skipped": false
            },
            {
              "title": "should able to create Casual full leave from Hr Dashboard",
              "fullTitle": "hr dashboard should able to create Casual full leave from Hr Dashboard",
              "timedOut": false,
              "duration": 12715,
              "state": "passed",
              "speed": "slow",
              "pass": true,
              "fail": false,
              "pending": false,
              "context": null,
              "code": "await utilFun.visit(baseUrl + '/hrDashboard');\nawait utilFun.wait(3000);\nawait hrLeaveDashboard.clickCreateLeaveBtn()\nawait hrLeaveDashboard.selectAResource('Muhammad Bilal Rafaqat')\nawait hrLeaveDashboard.selectLeaveType('Casual Leave')\nawait hrLeaveDashboard.selectLeaveCategory('Full Leave')\nawait utilFun.wait(1000);\nawait hrLeaveDashboard.setStartDate('10-09-2023');\nawait utilFun.wait(1000);\nawait hrLeaveDashboard.setEndDate('10-09-2023');\nawait myLeaves.typeReason('testing');\nawait hrLeaveDashboard.clickSubmitBtn();\nconst alertText = await hrLeaveDashboard.checkAlert();\nassert.equal(alertText, 'Leave request created successfully');",
              "err": {},
              "uuid": "249b47d9-82a7-4866-b91b-2ff1cae7ecfd",
              "parentUUID": "52444af8-45cf-4d4b-9246-0673799a6dee",
              "isHook": false,
              "skipped": false
            },
            {
              "title": "should able to create Casual First Half leave from Hr Dashboard",
              "fullTitle": "hr dashboard should able to create Casual First Half leave from Hr Dashboard",
              "timedOut": false,
              "duration": 12565,
              "state": "passed",
              "speed": "slow",
              "pass": true,
              "fail": false,
              "pending": false,
              "context": null,
              "code": "await utilFun.visit(baseUrl + '/hrDashboard');\nawait utilFun.wait(3000);\nawait hrLeaveDashboard.clickCreateLeaveBtn()\nawait hrLeaveDashboard.selectAResource('Muhammad Bilal Rafaqat')\nawait hrLeaveDashboard.selectLeaveType('Casual Leave')\nawait hrLeaveDashboard.selectLeaveCategory('Half Leave')\nawait hrLeaveDashboard.selectHalfLeaveShift('First Half')\nawait utilFun.wait(1000);\nawait hrLeaveDashboard.setStartDate('11-09-2023');\nawait utilFun.wait(1000);\nawait hrLeaveDashboard.setEndDate('11-09-2023');\nawait myLeaves.typeReason('testing');\nawait hrLeaveDashboard.clickSubmitBtn();\nconst alertText = await hrLeaveDashboard.checkAlert();\nassert.equal(alertText, 'Leave request created successfully');",
              "err": {},
              "uuid": "fa9c07dc-e18b-4d66-aead-2549630c7f46",
              "parentUUID": "52444af8-45cf-4d4b-9246-0673799a6dee",
              "isHook": false,
              "skipped": false
            },
            {
              "title": "should able to create Casual Second Half leave from Hr Dashboard",
              "fullTitle": "hr dashboard should able to create Casual Second Half leave from Hr Dashboard",
              "timedOut": false,
              "duration": 12406,
              "state": "passed",
              "speed": "slow",
              "pass": true,
              "fail": false,
              "pending": false,
              "context": null,
              "code": "await utilFun.visit(baseUrl + '/hrDashboard');\nawait utilFun.wait(3000);\nawait hrLeaveDashboard.clickCreateLeaveBtn()\nawait hrLeaveDashboard.selectAResource('Muhammad Bilal Rafaqat')\nawait hrLeaveDashboard.selectLeaveType('Casual Leave')\nawait hrLeaveDashboard.selectLeaveCategory('Half Leave')\nawait hrLeaveDashboard.selectHalfLeaveShift('Second Half')\nawait utilFun.wait(1000);\nawait hrLeaveDashboard.setStartDate('12-09-2023');\nawait utilFun.wait(1000);\nawait hrLeaveDashboard.setEndDate('12-09-2023');\nawait myLeaves.typeReason('testing');\nawait hrLeaveDashboard.clickSubmitBtn();\nconst alertText = await hrLeaveDashboard.checkAlert();\nassert.equal(alertText, 'Leave request created successfully');",
              "err": {},
              "uuid": "bfd79376-da8f-4ccb-af46-168aec039b1f",
              "parentUUID": "52444af8-45cf-4d4b-9246-0673799a6dee",
              "isHook": false,
              "skipped": false
            },
            {
              "title": "should able to create Sick full leave from Hr Dashboard",
              "fullTitle": "hr dashboard should able to create Sick full leave from Hr Dashboard",
              "timedOut": false,
              "duration": 12801,
              "state": "passed",
              "speed": "slow",
              "pass": true,
              "fail": false,
              "pending": false,
              "context": null,
              "code": "await utilFun.visit(baseUrl + '/hrDashboard');\nawait utilFun.wait(3000);\nawait hrLeaveDashboard.clickCreateLeaveBtn()\nawait hrLeaveDashboard.selectAResource('Muhammad Bilal Rafaqat')\nawait hrLeaveDashboard.selectLeaveType('Sick Leave')\nawait hrLeaveDashboard.selectLeaveCategory('Full Leave')\nawait utilFun.wait(1000);\nawait hrLeaveDashboard.setStartDate('13-09-2023');\nawait utilFun.wait(1000);\nawait hrLeaveDashboard.setEndDate('13-09-2023');\nawait myLeaves.typeReason('testing');\nawait hrLeaveDashboard.clickSubmitBtn();\nconst alertText = await hrLeaveDashboard.checkAlert();\nassert.equal(alertText, 'Leave request created successfully');",
              "err": {},
              "uuid": "0061b3d6-f260-460f-acaa-07bcd2653698",
              "parentUUID": "52444af8-45cf-4d4b-9246-0673799a6dee",
              "isHook": false,
              "skipped": false
            },
            {
              "title": "should able to create Sick First Half leave from Hr Dashboard",
              "fullTitle": "hr dashboard should able to create Sick First Half leave from Hr Dashboard",
              "timedOut": false,
              "duration": 12795,
              "state": "passed",
              "speed": "slow",
              "pass": true,
              "fail": false,
              "pending": false,
              "context": null,
              "code": "await utilFun.visit(baseUrl + '/hrDashboard');\nawait utilFun.wait(3000);\nawait hrLeaveDashboard.clickCreateLeaveBtn()\nawait hrLeaveDashboard.selectAResource('Muhammad Bilal Rafaqat')\nawait hrLeaveDashboard.selectLeaveType('Sick Leave')\nawait hrLeaveDashboard.selectLeaveCategory('Half Leave')\nawait hrLeaveDashboard.selectHalfLeaveShift('First Half')\nawait utilFun.wait(1000);\nawait hrLeaveDashboard.setStartDate('14-09-2023');\nawait utilFun.wait(1000);\nawait hrLeaveDashboard.setEndDate('14-09-2023');\nawait myLeaves.typeReason('testing');\nawait hrLeaveDashboard.clickSubmitBtn();\nconst alertText = await hrLeaveDashboard.checkAlert();\nassert.equal(alertText, 'Leave request created successfully');",
              "err": {},
              "uuid": "e839d824-1b7d-4828-88ee-d69e05bffb28",
              "parentUUID": "52444af8-45cf-4d4b-9246-0673799a6dee",
              "isHook": false,
              "skipped": false
            },
            {
              "title": "should able to create Sick Second Half leave from Hr Dashboard",
              "fullTitle": "hr dashboard should able to create Sick Second Half leave from Hr Dashboard",
              "timedOut": false,
              "duration": 12318,
              "state": "passed",
              "speed": "slow",
              "pass": true,
              "fail": false,
              "pending": false,
              "context": null,
              "code": "await utilFun.visit(baseUrl + '/hrDashboard');\nawait utilFun.wait(3000);\nawait hrLeaveDashboard.clickCreateLeaveBtn()\nawait hrLeaveDashboard.selectAResource('Muhammad Bilal Rafaqat')\nawait hrLeaveDashboard.selectLeaveType('Sick Leave')\nawait hrLeaveDashboard.selectLeaveCategory('Half Leave')\nawait hrLeaveDashboard.selectHalfLeaveShift('Second Half')\nawait utilFun.wait(1000);\nawait hrLeaveDashboard.setStartDate('15-09-2023');\nawait utilFun.wait(1000);\nawait hrLeaveDashboard.setEndDate('15-09-2023');\nawait myLeaves.typeReason('testing');\nawait hrLeaveDashboard.clickSubmitBtn();\nconst alertText = await hrLeaveDashboard.checkAlert();\nassert.equal(alertText, 'Leave request created successfully');",
              "err": {},
              "uuid": "16745ddd-9344-40a5-a532-1f9698093e6e",
              "parentUUID": "52444af8-45cf-4d4b-9246-0673799a6dee",
              "isHook": false,
              "skipped": false
            },
            {
              "title": "should able to create Un-Paid full leave from Hr Dashboard",
              "fullTitle": "hr dashboard should able to create Un-Paid full leave from Hr Dashboard",
              "timedOut": false,
              "duration": 12688,
              "state": "passed",
              "speed": "slow",
              "pass": true,
              "fail": false,
              "pending": false,
              "context": null,
              "code": "await utilFun.visit(baseUrl + '/hrDashboard');\nawait utilFun.wait(3000);\nawait hrLeaveDashboard.clickCreateLeaveBtn()\nawait hrLeaveDashboard.selectAResource('Muhammad Bilal Rafaqat')\nawait hrLeaveDashboard.selectLeaveType('Un-Paid Leave')\nawait hrLeaveDashboard.selectLeaveCategory('Full Leave')\nawait utilFun.wait(1000);\nawait hrLeaveDashboard.setStartDate('16-09-2023');\nawait utilFun.wait(1000);\nawait hrLeaveDashboard.setEndDate('16-09-2023');\nawait myLeaves.typeReason('testing');\nawait hrLeaveDashboard.clickSubmitBtn();\nconst alertText = await hrLeaveDashboard.checkAlert();\nassert.equal(alertText, 'Leave request created successfully');",
              "err": {},
              "uuid": "24dd5a85-1577-4eff-9b18-259a325948ad",
              "parentUUID": "52444af8-45cf-4d4b-9246-0673799a6dee",
              "isHook": false,
              "skipped": false
            },
            {
              "title": "should able to create Un-Paid First Half leave from Hr Dashboard",
              "fullTitle": "hr dashboard should able to create Un-Paid First Half leave from Hr Dashboard",
              "timedOut": false,
              "duration": 12543,
              "state": "passed",
              "speed": "slow",
              "pass": true,
              "fail": false,
              "pending": false,
              "context": null,
              "code": "await utilFun.visit(baseUrl + '/hrDashboard');\nawait utilFun.wait(3000);\nawait hrLeaveDashboard.clickCreateLeaveBtn()\nawait hrLeaveDashboard.selectAResource('Muhammad Bilal Rafaqat')\nawait hrLeaveDashboard.selectLeaveType('Un-Paid Leave')\nawait hrLeaveDashboard.selectLeaveCategory('Half Leave')\nawait hrLeaveDashboard.selectHalfLeaveShift('First Half')\nawait utilFun.wait(1000);\nawait hrLeaveDashboard.setStartDate('17-09-2023');\nawait utilFun.wait(1000);\nawait hrLeaveDashboard.setEndDate('17-09-2023');\nawait myLeaves.typeReason('testing');\nawait hrLeaveDashboard.clickSubmitBtn();\nconst alertText = await hrLeaveDashboard.checkAlert();\nassert.equal(alertText, 'Leave request created successfully');",
              "err": {},
              "uuid": "724adebc-df48-41f9-a899-d7fd147c7589",
              "parentUUID": "52444af8-45cf-4d4b-9246-0673799a6dee",
              "isHook": false,
              "skipped": false
            },
            {
              "title": "should able to create Un-Paid Second Half leave from Hr Dashboard",
              "fullTitle": "hr dashboard should able to create Un-Paid Second Half leave from Hr Dashboard",
              "timedOut": false,
              "duration": 12373,
              "state": "passed",
              "speed": "slow",
              "pass": true,
              "fail": false,
              "pending": false,
              "context": null,
              "code": "await utilFun.visit(baseUrl + '/hrDashboard');\nawait utilFun.wait(3000);\nawait hrLeaveDashboard.clickCreateLeaveBtn()\nawait hrLeaveDashboard.selectAResource('Muhammad Bilal Rafaqat')\nawait hrLeaveDashboard.selectLeaveType('Un-Paid Leave')\nawait hrLeaveDashboard.selectLeaveCategory('Half Leave')\nawait hrLeaveDashboard.selectHalfLeaveShift('Second Half')\nawait utilFun.wait(1000);\nawait hrLeaveDashboard.setStartDate('18-09-2023');\nawait utilFun.wait(1000);\nawait hrLeaveDashboard.setEndDate('18-09-2023');\nawait myLeaves.typeReason('testing');\nawait hrLeaveDashboard.clickSubmitBtn();\nconst alertText = await hrLeaveDashboard.checkAlert();\nassert.equal(alertText, 'Leave request created successfully');",
              "err": {},
              "uuid": "7a3a49c2-9229-41c1-95d9-5c253f41cb83",
              "parentUUID": "52444af8-45cf-4d4b-9246-0673799a6dee",
              "isHook": false,
              "skipped": false
            }
          ],
          "suites": [],
          "passes": [
            "4fa2b47b-3479-4276-958a-c5982953490a",
            "4e43777f-1d68-41c1-aa95-71985cc6e06f",
            "02c0d64e-dc25-43c9-ab7c-c664755f74f7",
            "fa0eeaca-fd3f-4555-802b-ea3ec3e64e60",
            "d1c6611a-8a0e-4c30-bad5-55031df6c48d",
            "27dc6098-daa3-4aaf-b571-65c561a17c53",
            "2fe7e791-e949-4fc6-b279-9f365b379117",
            "556e9820-5a5a-4047-b112-1c33658a9e75",
            "1e533777-4c6f-40cf-b467-18aee1c120d5",
            "866071c6-171d-497b-a8b2-7ab35796e665",
            "11095276-a5c8-4803-9db3-3d05ec9bca81",
            "b1e16e24-4dea-45e1-98a9-30219bf46d9d",
            "6e6f3d18-750b-4244-9688-bd0d57335c28",
            "196e6e11-0c52-4bf4-a919-5c5deb3cb3dc",
            "249b47d9-82a7-4866-b91b-2ff1cae7ecfd",
            "fa9c07dc-e18b-4d66-aead-2549630c7f46",
            "bfd79376-da8f-4ccb-af46-168aec039b1f",
            "0061b3d6-f260-460f-acaa-07bcd2653698",
            "e839d824-1b7d-4828-88ee-d69e05bffb28",
            "16745ddd-9344-40a5-a532-1f9698093e6e",
            "24dd5a85-1577-4eff-9b18-259a325948ad",
            "724adebc-df48-41f9-a899-d7fd147c7589",
            "7a3a49c2-9229-41c1-95d9-5c253f41cb83"
          ],
          "failures": [],
          "pending": [],
          "skipped": [],
          "duration": 201364,
          "root": false,
          "rootEmpty": false,
          "_timeout": 60000
        }
      ],
      "passes": [],
      "failures": [],
      "pending": [],
      "skipped": [],
      "duration": 0,
      "root": true,
      "rootEmpty": true,
      "_timeout": 60000
    }
  ],
  "meta": {
    "mocha": {
      "version": "10.2.0"
    },
    "mochawesome": {
      "options": {
        "quiet": false,
        "reportFilename": "mochawesome",
        "saveHtml": true,
        "saveJson": true,
        "consoleReporter": "spec",
        "useInlineDiffs": false,
        "code": true
      },
      "version": "7.1.3"
    },
    "marge": {
      "options": {
        "reportDir": "test/report"
      },
      "version": "6.2.0"
    }
  }
}