{
  "stats": {
    "suites": 2,
    "tests": 43,
    "passes": 43,
    "pending": 0,
    "failures": 0,
    "start": "2023-11-17T06:00:08.088Z",
    "end": "2023-11-17T06:07:22.905Z",
    "duration": 434817,
    "testsRegistered": 43,
    "passPercent": 100,
    "pendingPercent": 0,
    "other": 0,
    "hasOther": false,
    "skipped": 0,
    "hasSkipped": false
  },
  "results": [
    {
      "uuid": "cb761906-110d-4bdd-a905-a40dec1b9432",
      "title": "",
      "fullFile": "",
      "file": "",
      "beforeHooks": [],
      "afterHooks": [],
      "tests": [],
      "suites": [
        {
          "uuid": "aa37f7c4-c87d-47d1-bd8a-79ea1431448f",
          "title": "My Leaves",
          "fullFile": "/home/devops/invohub/resource-engagement/test/e2e/leaves/spec_1_myleaves.js",
          "file": "/test/e2e/leaves/spec_1_myleaves.js",
          "beforeHooks": [
            {
              "title": "\"before all\" hook in \"My Leaves\"",
              "fullTitle": "My Leaves \"before all\" hook in \"My Leaves\"",
              "timedOut": false,
              "duration": 51815,
              "state": null,
              "speed": null,
              "pass": false,
              "fail": false,
              "pending": false,
              "context": null,
              "code": "await utilFun.login(email, password);\n// await utilFun.loginAccount()\nconst url = await utilFun.getUrl();\nassert.equal(url, baseUrl + '/home');\nlet query = [\n  `UPDATE employee_leaves_count SET \"carryForwardedLeaves\" = 0 WHERE \"employeeId\" = 9474;`,\n  `UPDATE employee_leaves_count SET \"casualLeavesEarned\" = 10 WHERE \"employeeId\" = 9474;`,\n  `UPDATE employee_leaves_count SET \"sickLeavesEarned\" = 10 WHERE \"employeeId\" = 9474;`,\n  `UPDATE employee_leaves_count SET \"totalLeavesEarned\" = 20 WHERE \"employeeId\" = 9474;`,\n  `UPDATE employee_leaves_count SET \"casualLeavesAvailed\" = 0 WHERE \"employeeId\" = 9474;`,\n  `UPDATE employee_leaves_count SET \"sickLeavesAvailed\" = 0 WHERE \"employeeId\" = 9474;`,\n  `UPDATE employee_leaves_count SET \"totalLeavesAvailed\" = 0 WHERE \"employeeId\" = 9474;`,\n  `UPDATE employee_leaves_count SET \"totalRemainingLeaves\" = 20 WHERE \"employeeId\" = 9474;`,\n  `UPDATE employee_leaves_count SET \"availedUnPaidLeaves\" = 0 WHERE \"employeeId\" = 9474;`,\n  `DELETE FROM employee_leaves WHERE \"employeeId\" = 9474;`,\n  `UPDATE employees SET \"departmentId\" = 9 WHERE id = 9474;`,\n  `UPDATE employees SET \"designation\" = 'Project Manager' WHERE id = 9474;`,\n];\nawait utilFun.udpateDatabase(query);",
              "err": {},
              "uuid": "ab535f7c-179d-489d-90d4-9802d0be69c1",
              "parentUUID": "aa37f7c4-c87d-47d1-bd8a-79ea1431448f",
              "isHook": true,
              "skipped": false
            },
            {
              "title": "\"before each\" hook in \"My Leaves\"",
              "fullTitle": "My Leaves \"before each\" hook in \"My Leaves\"",
              "timedOut": false,
              "duration": 3343,
              "state": null,
              "speed": null,
              "pass": false,
              "fail": false,
              "pending": false,
              "context": null,
              "code": "await utilFun.visit(baseUrl + '/leaves');\nawait utilFun.wait(3000);",
              "err": {},
              "uuid": "ee834eca-f16a-499f-acd3-fc5025a75035",
              "parentUUID": "aa37f7c4-c87d-47d1-bd8a-79ea1431448f",
              "isHook": true,
              "skipped": false
            }
          ],
          "afterHooks": [],
          "tests": [
            {
              "title": "should should able to view employee leave",
              "fullTitle": "My Leaves should should able to view employee leave",
              "timedOut": false,
              "duration": 4237,
              "state": "passed",
              "speed": "slow",
              "pass": true,
              "fail": false,
              "pending": false,
              "context": null,
              "code": "let query = [\n  `UPDATE employee_leaves_reporting_managers SET \"approvedLeaveStatus\" = 'PENDING' WHERE id = 65;`,\n  `UPDATE employee_leaves SET \"leaveStatus\" = 'PENDING' WHERE id = 53;`,\n  `UPDATE employee_leaves SET \"approvedAt\" = NULL WHERE id = 53;`,\n  `UPDATE employee_leaves SET \"rejectedAt\" = NULL WHERE id = 53;`,\n];\nawait utilFun.udpateDatabase(query);\nawait utilFun.refresh();\nawait myLeaves.clickFilterBtn(1)\nawait myLeaves.filterName('james')\nconst claimTypeText = await myLeaves.checkTableRow(1);\nassert.ok(claimTypeText.includes('James'), `Expected text not found.`);",
              "err": {},
              "uuid": "7113a6e7-d6ca-4e8d-8088-0170b335ae76",
              "parentUUID": "aa37f7c4-c87d-47d1-bd8a-79ea1431448f",
              "isHook": false,
              "skipped": false
            },
            {
              "title": "should should able to Approve employee leave",
              "fullTitle": "My Leaves should should able to Approve employee leave",
              "timedOut": false,
              "duration": 3577,
              "state": "passed",
              "speed": "slow",
              "pass": true,
              "fail": false,
              "pending": false,
              "context": null,
              "code": "await myLeaves.clickFilterBtn(1)\nawait myLeaves.filterName('james')\nawait myLeaves.clickApproveBtn()\nawait myLeaves.clickSubmitBtn()\nconst alertText = await myLeaves.checkAlert();\nassert.equal(alertText, 'Leave status updated successfully');",
              "err": {},
              "uuid": "fd54e242-15b3-4dd9-ad17-bd0c629548f5",
              "parentUUID": "aa37f7c4-c87d-47d1-bd8a-79ea1431448f",
              "isHook": false,
              "skipped": false
            },
            {
              "title": "should able to view employee leave in Approved Tab",
              "fullTitle": "My Leaves should able to view employee leave in Approved Tab",
              "timedOut": false,
              "duration": 3392,
              "state": "passed",
              "speed": "slow",
              "pass": true,
              "fail": false,
              "pending": false,
              "context": null,
              "code": "await myLeaves.clickTab('Approved Leaves')\nawait myLeaves.clickFilterBtn(1)\nawait myLeaves.filterName('james')\nconst claimTypeText = await myLeaves.checkTableRow(1);\nassert.ok(claimTypeText.includes('James'), `Expected text not found.`);",
              "err": {},
              "uuid": "9887890a-9d5c-4ca1-bd60-690e6eb12958",
              "parentUUID": "aa37f7c4-c87d-47d1-bd8a-79ea1431448f",
              "isHook": false,
              "skipped": false
            },
            {
              "title": "should able to Reject employee leave in Approved Tab",
              "fullTitle": "My Leaves should able to Reject employee leave in Approved Tab",
              "timedOut": false,
              "duration": 4198,
              "state": "passed",
              "speed": "slow",
              "pass": true,
              "fail": false,
              "pending": false,
              "context": null,
              "code": "await myLeaves.clickTab('Approved Leaves')\nawait myLeaves.clickFilterBtn(1)\nawait myLeaves.filterName('james')\nconst claimTypeText = await myLeaves.checkTableRow(1);\nassert.ok(claimTypeText.includes('James'), `Expected text not found.`);\nawait myLeaves.clickRejectBtn()\nawait myLeaves.typeRejectReasonAndReject('testing')\nconst alertText = await myLeaves.checkAlert();\nassert.equal(alertText, 'Leave status updated successfully');",
              "err": {},
              "uuid": "8b2ab718-6499-4d00-9754-aafafdaee211",
              "parentUUID": "aa37f7c4-c87d-47d1-bd8a-79ea1431448f",
              "isHook": false,
              "skipped": false
            },
            {
              "title": "should able to view employee leave in Reject Tab",
              "fullTitle": "My Leaves should able to view employee leave in Reject Tab",
              "timedOut": false,
              "duration": 2819,
              "state": "passed",
              "speed": "slow",
              "pass": true,
              "fail": false,
              "pending": false,
              "context": null,
              "code": "await myLeaves.clickTab('Rejected Leaves')\nawait myLeaves.clickFilterBtn(1)\nawait myLeaves.filterName('james')\nconst claimTypeText = await myLeaves.checkTableRow(1);\nassert.ok(claimTypeText.includes('James'), `Expected text not found.`);",
              "err": {},
              "uuid": "c22b9ff9-19c3-4409-a77a-a576cde77a19",
              "parentUUID": "aa37f7c4-c87d-47d1-bd8a-79ea1431448f",
              "isHook": false,
              "skipped": false
            },
            {
              "title": "should should able to Reject employee leave",
              "fullTitle": "My Leaves should should able to Reject employee leave",
              "timedOut": false,
              "duration": 5505,
              "state": "passed",
              "speed": "slow",
              "pass": true,
              "fail": false,
              "pending": false,
              "context": null,
              "code": "let query = [\n  `UPDATE employee_leaves_reporting_managers SET \"approvedLeaveStatus\" = 'PENDING' WHERE id = 65;`,\n  `UPDATE employee_leaves SET \"leaveStatus\" = 'PENDING' WHERE id = 53;`,\n  `UPDATE employee_leaves SET \"approvedAt\" = NULL WHERE id = 53;`,\n  `UPDATE employee_leaves SET \"rejectedAt\" = NULL WHERE id = 53;`,\n];\nawait utilFun.udpateDatabase(query);\nawait utilFun.refresh();\nawait myLeaves.clickFilterBtn(1)\nawait myLeaves.filterName('james')\nawait myLeaves.clickRejectBtn()\nawait myLeaves.typeRejectReasonAndReject('testing')\nconst alertText = await myLeaves.checkAlert();\nassert.equal(alertText, 'Leave status updated successfully');",
              "err": {},
              "uuid": "e6bfd0d0-8614-4224-8577-500f05343638",
              "parentUUID": "aa37f7c4-c87d-47d1-bd8a-79ea1431448f",
              "isHook": false,
              "skipped": false
            },
            {
              "title": "should able to view employee leave in Reject Tab",
              "fullTitle": "My Leaves should able to view employee leave in Reject Tab",
              "timedOut": false,
              "duration": 2905,
              "state": "passed",
              "speed": "slow",
              "pass": true,
              "fail": false,
              "pending": false,
              "context": null,
              "code": "await myLeaves.clickTab('Rejected Leaves')\nawait myLeaves.clickFilterBtn(1)\nawait myLeaves.filterName('james')\nconst claimTypeText = await myLeaves.checkTableRow(1);\nassert.ok(claimTypeText.includes('James'), `Expected text not found.`);",
              "err": {},
              "uuid": "e966149a-3e45-46be-88bb-50df0c94e9f9",
              "parentUUID": "aa37f7c4-c87d-47d1-bd8a-79ea1431448f",
              "isHook": false,
              "skipped": false
            },
            {
              "title": "should able to Approve employee leave in Reject Tab",
              "fullTitle": "My Leaves should able to Approve employee leave in Reject Tab",
              "timedOut": false,
              "duration": 3994,
              "state": "passed",
              "speed": "slow",
              "pass": true,
              "fail": false,
              "pending": false,
              "context": null,
              "code": "await myLeaves.clickTab('Rejected Leaves')\nawait myLeaves.clickFilterBtn(1)\nawait myLeaves.filterName('james')\nconst claimTypeText = await myLeaves.checkTableRow(1);\nassert.ok(claimTypeText.includes('James'), `Expected text not found.`);\nawait myLeaves.clickApproveBtn()\nawait myLeaves.clickSubmitBtn()\nconst alertText = await myLeaves.checkAlert();\nassert.equal(alertText, 'Leave status updated successfully');",
              "err": {},
              "uuid": "1365a13e-2339-4a64-bd17-c40e853144b7",
              "parentUUID": "aa37f7c4-c87d-47d1-bd8a-79ea1431448f",
              "isHook": false,
              "skipped": false
            },
            {
              "title": "should able to view employee leave in Approved Tab",
              "fullTitle": "My Leaves should able to view employee leave in Approved Tab",
              "timedOut": false,
              "duration": 2835,
              "state": "passed",
              "speed": "slow",
              "pass": true,
              "fail": false,
              "pending": false,
              "context": null,
              "code": "await myLeaves.clickTab('Approved Leaves')\nawait myLeaves.clickFilterBtn(1)\nawait myLeaves.filterName('james')\nconst claimTypeText = await myLeaves.checkTableRow(1);\nassert.ok(claimTypeText.includes('James'), `Expected text not found.`);",
              "err": {},
              "uuid": "90cf2393-b436-4b90-abe3-603b18e3750f",
              "parentUUID": "aa37f7c4-c87d-47d1-bd8a-79ea1431448f",
              "isHook": false,
              "skipped": false
            },
            {
              "title": "should check if Leaves counts are showing Correct",
              "fullTitle": "My Leaves should check if Leaves counts are showing Correct",
              "timedOut": false,
              "duration": 222,
              "state": "passed",
              "speed": "slow",
              "pass": true,
              "fail": false,
              "pending": false,
              "context": null,
              "code": "let leaves = await myLeaves.getCasualLeaves();\nassert.equal(leaves, '10/');\nlet leaves1 = await myLeaves.getSickLeaves();\nassert.equal(leaves1, '10/');\nlet leaves2 = await myLeaves.getCarryForwardLeaves();\nassert.equal(leaves2, '0/');\nlet leaves3 = await myLeaves.getUnpaidLeaves();\nassert.equal(leaves3, '0');",
              "err": {},
              "uuid": "20397f0f-cdbf-4cd9-964e-6d851ca90bcd",
              "parentUUID": "aa37f7c4-c87d-47d1-bd8a-79ea1431448f",
              "isHook": false,
              "skipped": false
            },
            {
              "title": "should able to apply Casual full leave",
              "fullTitle": "My Leaves should able to apply Casual full leave",
              "timedOut": false,
              "duration": 6374,
              "state": "passed",
              "speed": "slow",
              "pass": true,
              "fail": false,
              "pending": false,
              "context": null,
              "code": "await myLeaves.clickApplyLeaveBtn();\nawait myLeaves.clickLeaveType();\nawait utilFun.wait(1000);\nawait myLeaves.selectLeaveType('Casual Leave');\nawait myLeaves.clickLeaveCategory();\nawait utilFun.wait(1000);\nawait myLeaves.selectLeaveCategory('Full Leave');\nawait myLeaves.setStartDate('05-09-2023');\nawait utilFun.wait(1000);\nawait myLeaves.setEndDate('05-09-2023');\nawait myLeaves.typeReason('testing');\nawait myLeaves.clickSubmitBtn();\nconst alertText = await myLeaves.checkAlert();\nassert.equal(alertText, 'Leave request created successfully');",
              "err": {},
              "uuid": "73b48bed-36b2-40df-94b7-62f743119046",
              "parentUUID": "aa37f7c4-c87d-47d1-bd8a-79ea1431448f",
              "isHook": false,
              "skipped": false
            },
            {
              "title": "should able to apply Casual First Half leave",
              "fullTitle": "My Leaves should able to apply Casual First Half leave",
              "timedOut": false,
              "duration": 7985,
              "state": "passed",
              "speed": "slow",
              "pass": true,
              "fail": false,
              "pending": false,
              "context": null,
              "code": "await myLeaves.clickApplyLeaveBtn();\nawait myLeaves.clickLeaveType();\nawait utilFun.wait(1000);\nawait myLeaves.selectLeaveType('Casual Leave');\nawait myLeaves.clickLeaveCategory();\nawait utilFun.wait(1000);\nawait myLeaves.selectLeaveCategory('Half Leave');\nawait myLeaves.clickLeaveShift();\nawait utilFun.wait(1000);\nawait myLeaves.selectLeaveShift('First Half');\nawait myLeaves.setStartDate('06-09-2023');\nawait utilFun.wait(1000);\nawait myLeaves.setEndDate('06-09-2023');\nawait myLeaves.typeReason('testing');\nawait myLeaves.clickSubmitBtn();\nconst alertText = await myLeaves.checkAlert();\nassert.equal(alertText, 'Leave request created successfully');",
              "err": {},
              "uuid": "af23895d-f8b7-4299-a115-2a4e516cea53",
              "parentUUID": "aa37f7c4-c87d-47d1-bd8a-79ea1431448f",
              "isHook": false,
              "skipped": false
            },
            {
              "title": "should able to apply Casual Second Half leave",
              "fullTitle": "My Leaves should able to apply Casual Second Half leave",
              "timedOut": false,
              "duration": 7338,
              "state": "passed",
              "speed": "slow",
              "pass": true,
              "fail": false,
              "pending": false,
              "context": null,
              "code": "await myLeaves.clickApplyLeaveBtn();\nawait myLeaves.clickLeaveType();\nawait utilFun.wait(1000);\nawait myLeaves.selectLeaveType('Casual Leave');\nawait myLeaves.clickLeaveCategory();\nawait utilFun.wait(1000);\nawait myLeaves.selectLeaveCategory('Half Leave');\nawait myLeaves.clickLeaveShift();\nawait utilFun.wait(1000);\nawait myLeaves.selectLeaveShift('Second Half');\nawait myLeaves.setStartDate('07-09-2023');\nawait utilFun.wait(1000);\nawait myLeaves.setEndDate('07-09-2023');\nawait myLeaves.typeReason('testing');\nawait myLeaves.clickSubmitBtn();\nconst alertText = await myLeaves.checkAlert();\nassert.equal(alertText, 'Leave request created successfully');",
              "err": {},
              "uuid": "498d5da7-a6b9-4552-b452-1b39540287d3",
              "parentUUID": "aa37f7c4-c87d-47d1-bd8a-79ea1431448f",
              "isHook": false,
              "skipped": false
            },
            {
              "title": "should able to apply Sick full leave",
              "fullTitle": "My Leaves should able to apply Sick full leave",
              "timedOut": false,
              "duration": 6046,
              "state": "passed",
              "speed": "slow",
              "pass": true,
              "fail": false,
              "pending": false,
              "context": null,
              "code": "await myLeaves.clickApplyLeaveBtn();\nawait myLeaves.clickLeaveType();\nawait utilFun.wait(1000);\nawait myLeaves.selectLeaveType('Sick Leave');\nawait myLeaves.clickLeaveCategory();\nawait utilFun.wait(1000);\nawait myLeaves.selectLeaveCategory('Full Leave');\nawait myLeaves.setStartDate('08-09-2023');\nawait utilFun.wait(1000);\nawait myLeaves.setEndDate('08-09-2023');\nawait myLeaves.typeReason('testing');\nawait myLeaves.clickSubmitBtn();\nconst alertText = await myLeaves.checkAlert();\nassert.equal(alertText, 'Leave request created successfully');",
              "err": {},
              "uuid": "51561759-1378-4a4d-8580-3daa373871a3",
              "parentUUID": "aa37f7c4-c87d-47d1-bd8a-79ea1431448f",
              "isHook": false,
              "skipped": false
            },
            {
              "title": "should able to apply Sick First Half leave",
              "fullTitle": "My Leaves should able to apply Sick First Half leave",
              "timedOut": false,
              "duration": 7514,
              "state": "passed",
              "speed": "slow",
              "pass": true,
              "fail": false,
              "pending": false,
              "context": null,
              "code": "await myLeaves.clickApplyLeaveBtn();\nawait myLeaves.clickLeaveType();\nawait utilFun.wait(1000);\nawait myLeaves.selectLeaveType('Sick Leave');\nawait myLeaves.clickLeaveCategory();\nawait utilFun.wait(1000);\nawait myLeaves.selectLeaveCategory('Half Leave');\nawait myLeaves.clickLeaveShift();\nawait utilFun.wait(1000);\nawait myLeaves.selectLeaveShift('First Half');\nawait myLeaves.setStartDate('09-09-2023');\nawait utilFun.wait(1000);\nawait myLeaves.setEndDate('09-09-2023');\nawait myLeaves.typeReason('testing');\nawait myLeaves.clickSubmitBtn();\nconst alertText = await myLeaves.checkAlert();\nassert.equal(alertText, 'Leave request created successfully');",
              "err": {},
              "uuid": "2b5b38da-941b-48b2-96c1-f39d6a5f4a0e",
              "parentUUID": "aa37f7c4-c87d-47d1-bd8a-79ea1431448f",
              "isHook": false,
              "skipped": false
            },
            {
              "title": "should able to apply Sick Second Half leave",
              "fullTitle": "My Leaves should able to apply Sick Second Half leave",
              "timedOut": false,
              "duration": 7594,
              "state": "passed",
              "speed": "slow",
              "pass": true,
              "fail": false,
              "pending": false,
              "context": null,
              "code": "await myLeaves.clickApplyLeaveBtn();\nawait myLeaves.clickLeaveType();\nawait utilFun.wait(1000);\nawait myLeaves.selectLeaveType('Sick Leave');\nawait myLeaves.clickLeaveCategory();\nawait utilFun.wait(1000);\nawait myLeaves.selectLeaveCategory('Half Leave');\nawait myLeaves.clickLeaveShift();\nawait utilFun.wait(1000);\nawait myLeaves.selectLeaveShift('Second Half');\nawait myLeaves.setStartDate('10-09-2023');\nawait utilFun.wait(1000);\nawait myLeaves.setEndDate('10-09-2023');\nawait myLeaves.typeReason('testing');\nawait myLeaves.clickSubmitBtn();\nconst alertText = await myLeaves.checkAlert();\nassert.equal(alertText, 'Leave request created successfully');",
              "err": {},
              "uuid": "d4698695-d9e2-4450-b079-2ad1cb1bcf53",
              "parentUUID": "aa37f7c4-c87d-47d1-bd8a-79ea1431448f",
              "isHook": false,
              "skipped": false
            },
            {
              "title": "should able to apply Un-Paid full leave",
              "fullTitle": "My Leaves should able to apply Un-Paid full leave",
              "timedOut": false,
              "duration": 6254,
              "state": "passed",
              "speed": "slow",
              "pass": true,
              "fail": false,
              "pending": false,
              "context": null,
              "code": "await myLeaves.clickApplyLeaveBtn();\nawait myLeaves.clickLeaveType();\nawait utilFun.wait(1000);\nawait myLeaves.selectLeaveType('Un-Paid Leave');\nawait myLeaves.clickLeaveCategory();\nawait utilFun.wait(1000);\nawait myLeaves.selectLeaveCategory('Full Leave');\nawait myLeaves.setStartDate('11-09-2023');\nawait utilFun.wait(1000);\nawait myLeaves.setEndDate('11-09-2023');\nawait myLeaves.typeReason('testing');\nawait myLeaves.clickSubmitBtn();\nconst alertText = await myLeaves.checkAlert();\nassert.equal(alertText, 'Leave request created successfully');",
              "err": {},
              "uuid": "cc96b768-3e19-4d37-9291-6ec94cfbae4a",
              "parentUUID": "aa37f7c4-c87d-47d1-bd8a-79ea1431448f",
              "isHook": false,
              "skipped": false
            },
            {
              "title": "should able to apply Un-Paid First Half leave",
              "fullTitle": "My Leaves should able to apply Un-Paid First Half leave",
              "timedOut": false,
              "duration": 7537,
              "state": "passed",
              "speed": "slow",
              "pass": true,
              "fail": false,
              "pending": false,
              "context": null,
              "code": "await myLeaves.clickApplyLeaveBtn();\nawait myLeaves.clickLeaveType();\nawait utilFun.wait(1000);\nawait myLeaves.selectLeaveType('Un-Paid Leave');\nawait myLeaves.clickLeaveCategory();\nawait utilFun.wait(1000);\nawait myLeaves.selectLeaveCategory('Half Leave');\nawait myLeaves.clickLeaveShift();\nawait utilFun.wait(1000);\nawait myLeaves.selectLeaveShift('First Half');\nawait myLeaves.setStartDate('12-09-2023');\nawait utilFun.wait(1000);\nawait myLeaves.setEndDate('12-09-2023');\nawait myLeaves.typeReason('testing');\nawait myLeaves.clickSubmitBtn();\nconst alertText = await myLeaves.checkAlert();\nassert.equal(alertText, 'Leave request created successfully');",
              "err": {},
              "uuid": "6591008e-6e74-419f-b7ea-016e38080330",
              "parentUUID": "aa37f7c4-c87d-47d1-bd8a-79ea1431448f",
              "isHook": false,
              "skipped": false
            },
            {
              "title": "should able to apply Un-Paid Second Half leave",
              "fullTitle": "My Leaves should able to apply Un-Paid Second Half leave",
              "timedOut": false,
              "duration": 7492,
              "state": "passed",
              "speed": "slow",
              "pass": true,
              "fail": false,
              "pending": false,
              "context": null,
              "code": "await myLeaves.clickApplyLeaveBtn();\nawait myLeaves.clickLeaveType();\nawait utilFun.wait(1000);\nawait myLeaves.selectLeaveType('Un-Paid Leave');\nawait myLeaves.clickLeaveCategory();\nawait utilFun.wait(1000);\nawait myLeaves.selectLeaveCategory('Half Leave');\nawait myLeaves.clickLeaveShift();\nawait utilFun.wait(1000);\nawait myLeaves.selectLeaveShift('Second Half');\nawait myLeaves.setStartDate('13-09-2023');\nawait utilFun.wait(1000);\nawait myLeaves.setEndDate('13-09-2023');\nawait myLeaves.typeReason('testing');\nawait myLeaves.clickSubmitBtn();\nconst alertText = await myLeaves.checkAlert();\nassert.equal(alertText, 'Leave request created successfully');",
              "err": {},
              "uuid": "4cc14128-af37-4f2e-8dd5-2750beb7a7dc",
              "parentUUID": "aa37f7c4-c87d-47d1-bd8a-79ea1431448f",
              "isHook": false,
              "skipped": false
            },
            {
              "title": "should check if Leaves counts are showing Correct",
              "fullTitle": "My Leaves should check if Leaves counts are showing Correct",
              "timedOut": false,
              "duration": 235,
              "state": "passed",
              "speed": "slow",
              "pass": true,
              "fail": false,
              "pending": false,
              "context": null,
              "code": "let leaves = await myLeaves.getCasualLeaves();\nassert.equal(leaves, '8/');\nlet leaves1 = await myLeaves.getSickLeaves();\nassert.equal(leaves1, '8/');\nlet leaves2 = await myLeaves.getCarryForwardLeaves();\nassert.equal(leaves2, '0/');\nlet leaves3 = await myLeaves.getUnpaidLeaves();\nassert.equal(leaves3, '2');",
              "err": {},
              "uuid": "7a986caa-ac85-43f2-aecb-9b15d9b62767",
              "parentUUID": "aa37f7c4-c87d-47d1-bd8a-79ea1431448f",
              "isHook": false,
              "skipped": false
            }
          ],
          "suites": [],
          "passes": [
            "7113a6e7-d6ca-4e8d-8088-0170b335ae76",
            "fd54e242-15b3-4dd9-ad17-bd0c629548f5",
            "9887890a-9d5c-4ca1-bd60-690e6eb12958",
            "8b2ab718-6499-4d00-9754-aafafdaee211",
            "c22b9ff9-19c3-4409-a77a-a576cde77a19",
            "e6bfd0d0-8614-4224-8577-500f05343638",
            "e966149a-3e45-46be-88bb-50df0c94e9f9",
            "1365a13e-2339-4a64-bd17-c40e853144b7",
            "90cf2393-b436-4b90-abe3-603b18e3750f",
            "20397f0f-cdbf-4cd9-964e-6d851ca90bcd",
            "73b48bed-36b2-40df-94b7-62f743119046",
            "af23895d-f8b7-4299-a115-2a4e516cea53",
            "498d5da7-a6b9-4552-b452-1b39540287d3",
            "51561759-1378-4a4d-8580-3daa373871a3",
            "2b5b38da-941b-48b2-96c1-f39d6a5f4a0e",
            "d4698695-d9e2-4450-b079-2ad1cb1bcf53",
            "cc96b768-3e19-4d37-9291-6ec94cfbae4a",
            "6591008e-6e74-419f-b7ea-016e38080330",
            "4cc14128-af37-4f2e-8dd5-2750beb7a7dc",
            "7a986caa-ac85-43f2-aecb-9b15d9b62767"
          ],
          "failures": [],
          "pending": [],
          "skipped": [],
          "duration": 98053,
          "root": false,
          "rootEmpty": false,
          "_timeout": 60000
        },
        {
          "uuid": "70d88cc3-37dd-421f-9365-3459ce667462",
          "title": "hr dashboard",
          "fullFile": "/home/devops/invohub/resource-engagement/test/e2e/leaves/spec_2_hrLeavesDashboard.js",
          "file": "/test/e2e/leaves/spec_2_hrLeavesDashboard.js",
          "beforeHooks": [
            {
              "title": "\"before all\" hook in \"hr dashboard\"",
              "fullTitle": "hr dashboard \"before all\" hook in \"hr dashboard\"",
              "timedOut": false,
              "duration": 10046,
              "state": null,
              "speed": null,
              "pass": false,
              "fail": false,
              "pending": false,
              "context": null,
              "code": "await utilFun.loginAccount()\nconst url = await utilFun.getUrl();\nassert.equal(url, baseUrl + '/home');",
              "err": {},
              "uuid": "794cf862-f6c5-43d3-bb67-34e655b905b4",
              "parentUUID": "70d88cc3-37dd-421f-9365-3459ce667462",
              "isHook": true,
              "skipped": false
            }
          ],
          "afterHooks": [
            {
              "title": "\"after all\" hook in \"hr dashboard\"",
              "fullTitle": "hr dashboard \"after all\" hook in \"hr dashboard\"",
              "timedOut": false,
              "duration": 30,
              "state": null,
              "speed": null,
              "pass": false,
              "fail": false,
              "pending": false,
              "context": null,
              "code": "let query = [\n  `DELETE FROM employee_leaves WHERE \"employeeId\" = 9474;`,\n];\nawait utilFun.udpateDatabase(query);",
              "err": {},
              "uuid": "7099e16b-8dc8-4e7f-8518-27ee69fe6f3e",
              "parentUUID": "70d88cc3-37dd-421f-9365-3459ce667462",
              "isHook": true,
              "skipped": false
            }
          ],
          "tests": [
            {
              "title": "should check if Leaves counts are showing Correct",
              "fullTitle": "hr dashboard should check if Leaves counts are showing Correct",
              "timedOut": false,
              "duration": 3573,
              "state": "passed",
              "speed": "slow",
              "pass": true,
              "fail": false,
              "pending": false,
              "context": null,
              "code": "let query = [\n  `UPDATE employee_leaves_count SET \"carryForwardedLeaves\" = 0 WHERE \"employeeId\" = 9474;`,\n  `UPDATE employee_leaves_count SET \"casualLeavesEarned\" = 10 WHERE \"employeeId\" = 9474;`,\n  `UPDATE employee_leaves_count SET \"sickLeavesEarned\" = 10 WHERE \"employeeId\" = 9474;`,\n  `UPDATE employee_leaves_count SET \"totalLeavesEarned\" = 20 WHERE \"employeeId\" = 9474;`,\n  `UPDATE employee_leaves_count SET \"casualLeavesAvailed\" = 0 WHERE \"employeeId\" = 9474;`,\n  `UPDATE employee_leaves_count SET \"sickLeavesAvailed\" = 0 WHERE \"employeeId\" = 9474;`,\n  `UPDATE employee_leaves_count SET \"totalLeavesAvailed\" = 0 WHERE \"employeeId\" = 9474;`,\n  `UPDATE employee_leaves_count SET \"totalRemainingLeaves\" = 20 WHERE \"employeeId\" = 9474;`,\n  `UPDATE employee_leaves_count SET \"availedUnPaidLeaves\" = 0 WHERE \"employeeId\" = 9474;`,\n  `DELETE FROM employee_leaves WHERE \"employeeId\" = 9474;`,\n];\nawait utilFun.udpateDatabase(query);\nawait utilFun.visit(baseUrl + '/leaves');\nawait utilFun.wait(3000);\nlet leaves = await myLeaves.getCasualLeaves();\nassert.equal(leaves, '10/');\nlet leaves1 = await myLeaves.getSickLeaves();\nassert.equal(leaves1, '10/');\nlet leaves2 = await myLeaves.getCarryForwardLeaves();\nassert.equal(leaves2, '0/');\nlet leaves3 = await myLeaves.getUnpaidLeaves();\nassert.equal(leaves3, '0');",
              "err": {},
              "uuid": "94853594-cc8d-4b2d-938f-c77d54b2d3ae",
              "parentUUID": "70d88cc3-37dd-421f-9365-3459ce667462",
              "isHook": false,
              "skipped": false
            },
            {
              "title": "should able to apply Casual full leave",
              "fullTitle": "hr dashboard should able to apply Casual full leave",
              "timedOut": false,
              "duration": 10328,
              "state": "passed",
              "speed": "slow",
              "pass": true,
              "fail": false,
              "pending": false,
              "context": null,
              "code": "await utilFun.visit(baseUrl + '/leaves');\nawait utilFun.wait(3000);\nawait myLeaves.clickApplyLeaveBtn();\nawait myLeaves.clickLeaveType();\nawait utilFun.wait(1000);\nawait myLeaves.selectLeaveType('Casual Leave');\nawait myLeaves.clickLeaveCategory();\nawait utilFun.wait(1000);\nawait myLeaves.selectLeaveCategory('Full Leave');\nawait myLeaves.setStartDate('05-09-2023');\nawait utilFun.wait(1000);\nawait myLeaves.setEndDate('05-09-2023');\nawait myLeaves.typeReason('testing');\nawait myLeaves.clickSubmitBtn();\nawait utilFun.wait(1000);\nconst alertText = await myLeaves.checkAlert();\nassert.equal(alertText, 'Leave request created successfully');",
              "err": {},
              "uuid": "e409d12b-d6fb-4248-8abb-1711afd561f1",
              "parentUUID": "70d88cc3-37dd-421f-9365-3459ce667462",
              "isHook": false,
              "skipped": false
            },
            {
              "title": "should able to check if leave is showing in Hr Dashboard",
              "fullTitle": "hr dashboard should able to check if leave is showing in Hr Dashboard",
              "timedOut": false,
              "duration": 5258,
              "state": "passed",
              "speed": "slow",
              "pass": true,
              "fail": false,
              "pending": false,
              "context": null,
              "code": "await utilFun.visit(baseUrl + '/hrDashboard');\nawait utilFun.wait(3000);\nawait hrLeaveDashboard.clickFilterBtn()\nawait hrLeaveDashboard.typeFilterName('Bilal')\nawait utilFun.wait(1000);\nconst leaveText = await hrLeaveDashboard.checkTableRow();\nassert.ok(leaveText.includes('Bilal'), `Expected text not found.`);",
              "err": {},
              "uuid": "e9311921-3d32-4cd8-b7df-18a588e35fd6",
              "parentUUID": "70d88cc3-37dd-421f-9365-3459ce667462",
              "isHook": false,
              "skipped": false
            },
            {
              "title": "should able to Approve Leave",
              "fullTitle": "hr dashboard should able to Approve Leave",
              "timedOut": false,
              "duration": 6753,
              "state": "passed",
              "speed": "slow",
              "pass": true,
              "fail": false,
              "pending": false,
              "context": null,
              "code": "let query = [\n  `UPDATE employee_leaves SET \"leaveStatus\" = 'PENDING' WHERE \"employeeId\" = 9474;`,\n  `UPDATE employee_leaves SET \"approvedAt\" = NULL WHERE \"employeeId\" = 9474;`,\n  `UPDATE employee_leaves SET \"rejectedAt\" = NULL WHERE \"employeeId\" = 9474;`,\n];\nawait utilFun.udpateDatabase(query);\nawait utilFun.visit(baseUrl + '/hrDashboard');\nawait utilFun.wait(3000);\nawait hrLeaveDashboard.clickFilterBtn()\nawait hrLeaveDashboard.typeFilterName('Bilal')\nconst leaveText = await hrLeaveDashboard.checkTableRow();\nassert.ok(leaveText.includes('Bilal'), `Expected text not found.`);\nawait hrLeaveDashboard.clickFilterBtn()\nawait hrLeaveDashboard.clickApproveBtn()\nawait utilFun.wait(1000);\nawait hrLeaveDashboard.clickSubmitBtn()\nawait utilFun.wait(1000);\nconst alertText = await myLeaves.checkAlert();\nassert.equal(alertText, 'Leave status updated successfully');",
              "err": {},
              "uuid": "db0f06b7-5608-4e1a-82ca-0ffff0140361",
              "parentUUID": "70d88cc3-37dd-421f-9365-3459ce667462",
              "isHook": false,
              "skipped": false
            },
            {
              "title": "should able to view employee leave in Approved Tab",
              "fullTitle": "hr dashboard should able to view employee leave in Approved Tab",
              "timedOut": false,
              "duration": 5656,
              "state": "passed",
              "speed": "slow",
              "pass": true,
              "fail": false,
              "pending": false,
              "context": null,
              "code": "await utilFun.visit(baseUrl + '/hrDashboard');\nawait utilFun.wait(3000);\nawait hrLeaveDashboard.clickTab('Approved Leaves')\nawait hrLeaveDashboard.clickFilterBtn()\nawait hrLeaveDashboard.typeFilterName('Bilal')\nawait utilFun.wait(1000);\nconst leaveText = await hrLeaveDashboard.checkTableRow();\nassert.ok(leaveText.includes('Bilal'), `Expected text not found.`);",
              "err": {},
              "uuid": "71aef923-481d-42fe-99da-1ffff8883e6a",
              "parentUUID": "70d88cc3-37dd-421f-9365-3459ce667462",
              "isHook": false,
              "skipped": false
            },
            {
              "title": "should able to Reject Leave",
              "fullTitle": "hr dashboard should able to Reject Leave",
              "timedOut": false,
              "duration": 6063,
              "state": "passed",
              "speed": "slow",
              "pass": true,
              "fail": false,
              "pending": false,
              "context": null,
              "code": "let query = [\n  `UPDATE employee_leaves SET \"leaveStatus\" = 'PENDING' WHERE \"employeeId\" = 9474;`,\n  `UPDATE employee_leaves SET \"approvedAt\" = NULL WHERE \"employeeId\" = 9474;`,\n  `UPDATE employee_leaves SET \"rejectedAt\" = NULL WHERE \"employeeId\" = 9474;`,\n];\nawait utilFun.udpateDatabase(query);\nawait utilFun.visit(baseUrl + '/hrDashboard');\nawait utilFun.wait(3000);\nawait hrLeaveDashboard.clickFilterBtn()\nawait hrLeaveDashboard.typeFilterName('Bilal')\nconst leaveText = await hrLeaveDashboard.checkTableRow();\nassert.ok(leaveText.includes('Bilal'), `Expected text not found.`);\nawait hrLeaveDashboard.clickRejectBtn()\nawait hrLeaveDashboard.typeRejectReasonAndReject('testing')\nawait utilFun.wait(1000);\nconst alertText = await hrLeaveDashboard.checkAlert();\nassert.equal(alertText, 'Leave status updated successfully');",
              "err": {},
              "uuid": "2c815e81-a5ef-4bfd-9c8c-6f6adb15953e",
              "parentUUID": "70d88cc3-37dd-421f-9365-3459ce667462",
              "isHook": false,
              "skipped": false
            },
            {
              "title": "should able to view employee leave in Rejected Tab",
              "fullTitle": "hr dashboard should able to view employee leave in Rejected Tab",
              "timedOut": false,
              "duration": 5500,
              "state": "passed",
              "speed": "slow",
              "pass": true,
              "fail": false,
              "pending": false,
              "context": null,
              "code": "await utilFun.visit(baseUrl + '/hrDashboard');\nawait utilFun.wait(3000);\nawait hrLeaveDashboard.clickTab('Rejected Leaves')\nawait hrLeaveDashboard.clickFilterBtn()\nawait hrLeaveDashboard.typeFilterName('Bilal')\nawait utilFun.wait(1000);\nconst leaveText = await hrLeaveDashboard.checkTableRow();\nassert.ok(leaveText.includes('Bilal'), `Expected text not found.`);",
              "err": {},
              "uuid": "9fdf5aa7-0d64-47f6-bad8-f67549bbc1df",
              "parentUUID": "70d88cc3-37dd-421f-9365-3459ce667462",
              "isHook": false,
              "skipped": false
            },
            {
              "title": "should able to send leave notification to PMs",
              "fullTitle": "hr dashboard should able to send leave notification to PMs",
              "timedOut": false,
              "duration": 5457,
              "state": "passed",
              "speed": "slow",
              "pass": true,
              "fail": false,
              "pending": false,
              "context": null,
              "code": "let query = [\n  `UPDATE employee_leaves SET \"leaveStatus\" = 'PENDING' WHERE \"employeeId\" = 9474;`,\n  `UPDATE employee_leaves SET \"approvedAt\" = NULL WHERE \"employeeId\" = 9474;`,\n  `UPDATE employee_leaves SET \"rejectedAt\" = NULL WHERE \"employeeId\" = 9474;`,\n];\nawait utilFun.udpateDatabase(query);\nawait utilFun.visit(baseUrl + '/hrDashboard');\nawait utilFun.wait(3000);\nawait hrLeaveDashboard.clickFilterBtn()\nawait hrLeaveDashboard.typeFilterName('Bilal')\nconst leaveText = await hrLeaveDashboard.checkTableRow();\nassert.ok(leaveText.includes('Bilal'), `Expected text not found.`);\nawait hrLeaveDashboard.clickSendNotificationBtn()\nawait utilFun.wait(1000);\nconst alertText = await hrLeaveDashboard.checkAlert();\nassert.equal(alertText, 'Notification sent to PMs from which leave is pending');",
              "err": {},
              "uuid": "0b67b1d3-9aef-4633-82c7-174e16b59dd3",
              "parentUUID": "70d88cc3-37dd-421f-9365-3459ce667462",
              "isHook": false,
              "skipped": false
            },
            {
              "title": "should able to delete Employee leave",
              "fullTitle": "hr dashboard should able to delete Employee leave",
              "timedOut": false,
              "duration": 6117,
              "state": "passed",
              "speed": "slow",
              "pass": true,
              "fail": false,
              "pending": false,
              "context": null,
              "code": "await utilFun.visit(baseUrl + '/hrDashboard');\nawait utilFun.wait(3000);\nawait hrLeaveDashboard.clickFilterBtn()\nawait hrLeaveDashboard.typeFilterName('Bilal')\nconst leaveText = await hrLeaveDashboard.checkTableRow();\nassert.ok(leaveText.includes('Bilal'), `Expected text not found.`);\nawait hrLeaveDashboard.clickDeleteBtn()\nawait hrLeaveDashboard.typeDeleteReason('testing')\nawait hrLeaveDashboard.clickSubmitDeleteBtn()\nawait utilFun.wait(1000);\nconst alertText = await hrLeaveDashboard.checkAlert();\nassert.equal(alertText, 'Leave request deleted successfully.');",
              "err": {},
              "uuid": "970a433a-021d-48ac-973e-58c2d1b49d3f",
              "parentUUID": "70d88cc3-37dd-421f-9365-3459ce667462",
              "isHook": false,
              "skipped": false
            },
            {
              "title": "should able check if delete leave is showing in Deleted Section",
              "fullTitle": "hr dashboard should able check if delete leave is showing in Deleted Section",
              "timedOut": false,
              "duration": 5393,
              "state": "passed",
              "speed": "slow",
              "pass": true,
              "fail": false,
              "pending": false,
              "context": null,
              "code": "await utilFun.visit(baseUrl + '/hrDashboard');\nawait utilFun.wait(3000);\nawait hrLeaveDashboard.clickSeeDeletedLeaves()\nawait hrLeaveDashboard.clickFilterBtn()\nawait hrLeaveDashboard.typeFilterName('Bilal')\nawait utilFun.wait(1000);\nconst leaveText = await hrLeaveDashboard.checkTableRow();\nassert.ok(leaveText.includes('Bilal'), `Expected text not found.`);",
              "err": {},
              "uuid": "326b6ec8-9a09-44de-b1d0-595a68126b87",
              "parentUUID": "70d88cc3-37dd-421f-9365-3459ce667462",
              "isHook": false,
              "skipped": false
            },
            {
              "title": "should able to add Compensatory leave to specific employee",
              "fullTitle": "hr dashboard should able to add Compensatory leave to specific employee",
              "timedOut": false,
              "duration": 13057,
              "state": "passed",
              "speed": "slow",
              "pass": true,
              "fail": false,
              "pending": false,
              "context": null,
              "code": "let query = [\n  `UPDATE employee_leaves_count SET \"casualLeavesAvailed\" = 0 WHERE \"employeeId\" = 9474;`,\n  `UPDATE employee_leaves_count SET \"casualLeavesEarned\" = 10 WHERE \"employeeId\" = 9474;`,\n];\nawait utilFun.udpateDatabase(query);\nawait utilFun.visit(baseUrl + '/hrDashboard');\nawait utilFun.wait(3000);\nawait hrLeaveDashboard.clickCompLeaveBtn()\nawait hrLeaveDashboard.selectResource('Muhammad Bilal Rafaqat')\nawait utilFun.wait(1000);\nawait hrLeaveDashboard.setStartDate('10-09-2023');\nawait utilFun.wait(1000);\nawait hrLeaveDashboard.setEndDate('10-09-2023');\nawait myLeaves.typeReason('testing');\nawait hrLeaveDashboard.clickSubmitBtn();\nawait utilFun.wait(1000);\nconst alertText = await myLeaves.checkAlert();\nassert.equal(alertText, 'Compensatory leave added successfully');",
              "err": {},
              "uuid": "2c48594b-7f40-4319-a160-1738e1faf28a",
              "parentUUID": "70d88cc3-37dd-421f-9365-3459ce667462",
              "isHook": false,
              "skipped": false
            },
            {
              "title": "should check if Leave is Added",
              "fullTitle": "hr dashboard should check if Leave is Added",
              "timedOut": false,
              "duration": 3882,
              "state": "passed",
              "speed": "slow",
              "pass": true,
              "fail": false,
              "pending": false,
              "context": null,
              "code": "await utilFun.visit(baseUrl + '/leaves');\nawait utilFun.wait(3000);\nlet leaves = await myLeaves.getCasualLeaves();\nassert.equal(leaves, '11/');",
              "err": {},
              "uuid": "8976d858-0cc6-41e9-8e03-a1c040dc12d2",
              "parentUUID": "70d88cc3-37dd-421f-9365-3459ce667462",
              "isHook": false,
              "skipped": false
            },
            {
              "title": "should able to add Compensatory leave to all employee",
              "fullTitle": "hr dashboard should able to add Compensatory leave to all employee",
              "timedOut": false,
              "duration": 9263,
              "state": "passed",
              "speed": "slow",
              "pass": true,
              "fail": false,
              "pending": false,
              "context": null,
              "code": "let query = [\n  `UPDATE employee_leaves_count SET \"casualLeavesAvailed\" = 0 WHERE \"employeeId\" = 9474;`,\n  `UPDATE employee_leaves_count SET \"casualLeavesEarned\" = 10 WHERE \"employeeId\" = 9474;`,\n];\nawait utilFun.udpateDatabase(query);\nawait utilFun.visit(baseUrl + '/hrDashboard');\nawait utilFun.wait(3000);\nawait hrLeaveDashboard.clickCompLeaveBtn()\nawait hrLeaveDashboard.clickSelectAllRadioBtn()\nawait utilFun.wait(1000);\nawait hrLeaveDashboard.setStartDate('10-09-2023');\nawait utilFun.wait(1000);\nawait hrLeaveDashboard.setEndDate('10-09-2023');\nawait myLeaves.typeReason('testing');\nawait hrLeaveDashboard.clickSubmitBtn();\nawait utilFun.wait(1000);\nconst alertText = await myLeaves.checkAlert();\nassert.equal(alertText, 'Compensatory leave added successfully');",
              "err": {},
              "uuid": "864e99c7-43fb-417b-bcba-661341d61cd9",
              "parentUUID": "70d88cc3-37dd-421f-9365-3459ce667462",
              "isHook": false,
              "skipped": false
            },
            {
              "title": "should check if Leave is Added",
              "fullTitle": "hr dashboard should check if Leave is Added",
              "timedOut": false,
              "duration": 3693,
              "state": "passed",
              "speed": "slow",
              "pass": true,
              "fail": false,
              "pending": false,
              "context": null,
              "code": "await utilFun.visit(baseUrl + '/leaves');\nawait utilFun.wait(3000);\nlet leaves = await myLeaves.getCasualLeaves();\nassert.equal(leaves, '11/');",
              "err": {},
              "uuid": "70e938dc-a85e-4b64-90ba-fd4dc3ce444a",
              "parentUUID": "70d88cc3-37dd-421f-9365-3459ce667462",
              "isHook": false,
              "skipped": false
            },
            {
              "title": "should able to create Casual full leave from Hr Dashboard",
              "fullTitle": "hr dashboard should able to create Casual full leave from Hr Dashboard",
              "timedOut": false,
              "duration": 12517,
              "state": "passed",
              "speed": "slow",
              "pass": true,
              "fail": false,
              "pending": false,
              "context": null,
              "code": "await utilFun.visit(baseUrl + '/hrDashboard');\nawait utilFun.wait(3000);\nawait hrLeaveDashboard.clickCreateLeaveBtn()\nawait hrLeaveDashboard.selectAResource('Muhammad Bilal Rafaqat')\nawait hrLeaveDashboard.selectLeaveType('Casual Leave')\nawait hrLeaveDashboard.selectLeaveCategory('Full Leave')\nawait utilFun.wait(1000);\nawait hrLeaveDashboard.setStartDate('10-09-2023');\nawait utilFun.wait(1000);\nawait hrLeaveDashboard.setEndDate('10-09-2023');\nawait myLeaves.typeReason('testing');\nawait hrLeaveDashboard.clickSubmitBtn();\nconst alertText = await hrLeaveDashboard.checkAlert();\nassert.equal(alertText, 'Leave request created successfully');",
              "err": {},
              "uuid": "52e6b315-4c6c-4568-9da7-1c50c9caeaca",
              "parentUUID": "70d88cc3-37dd-421f-9365-3459ce667462",
              "isHook": false,
              "skipped": false
            },
            {
              "title": "should able to create Casual First Half leave from Hr Dashboard",
              "fullTitle": "hr dashboard should able to create Casual First Half leave from Hr Dashboard",
              "timedOut": false,
              "duration": 13179,
              "state": "passed",
              "speed": "slow",
              "pass": true,
              "fail": false,
              "pending": false,
              "context": null,
              "code": "await utilFun.visit(baseUrl + '/hrDashboard');\nawait utilFun.wait(3000);\nawait hrLeaveDashboard.clickCreateLeaveBtn()\nawait hrLeaveDashboard.selectAResource('Muhammad Bilal Rafaqat')\nawait hrLeaveDashboard.selectLeaveType('Casual Leave')\nawait hrLeaveDashboard.selectLeaveCategory('Half Leave')\nawait hrLeaveDashboard.selectHalfLeaveShift('First Half')\nawait utilFun.wait(1000);\nawait hrLeaveDashboard.setStartDate('11-09-2023');\nawait utilFun.wait(1000);\nawait hrLeaveDashboard.setEndDate('11-09-2023');\nawait myLeaves.typeReason('testing');\nawait hrLeaveDashboard.clickSubmitBtn();\nconst alertText = await hrLeaveDashboard.checkAlert();\nassert.equal(alertText, 'Leave request created successfully');",
              "err": {},
              "uuid": "6bb3c753-47e5-4537-a6a6-fce4450319d5",
              "parentUUID": "70d88cc3-37dd-421f-9365-3459ce667462",
              "isHook": false,
              "skipped": false
            },
            {
              "title": "should able to create Casual Second Half leave from Hr Dashboard",
              "fullTitle": "hr dashboard should able to create Casual Second Half leave from Hr Dashboard",
              "timedOut": false,
              "duration": 13076,
              "state": "passed",
              "speed": "slow",
              "pass": true,
              "fail": false,
              "pending": false,
              "context": null,
              "code": "await utilFun.visit(baseUrl + '/hrDashboard');\nawait utilFun.wait(3000);\nawait hrLeaveDashboard.clickCreateLeaveBtn()\nawait hrLeaveDashboard.selectAResource('Muhammad Bilal Rafaqat')\nawait hrLeaveDashboard.selectLeaveType('Casual Leave')\nawait hrLeaveDashboard.selectLeaveCategory('Half Leave')\nawait hrLeaveDashboard.selectHalfLeaveShift('Second Half')\nawait utilFun.wait(1000);\nawait hrLeaveDashboard.setStartDate('12-09-2023');\nawait utilFun.wait(1000);\nawait hrLeaveDashboard.setEndDate('12-09-2023');\nawait myLeaves.typeReason('testing');\nawait hrLeaveDashboard.clickSubmitBtn();\nconst alertText = await hrLeaveDashboard.checkAlert();\nassert.equal(alertText, 'Leave request created successfully');",
              "err": {},
              "uuid": "30f47f82-c444-431d-b61d-0e070be4bb5f",
              "parentUUID": "70d88cc3-37dd-421f-9365-3459ce667462",
              "isHook": false,
              "skipped": false
            },
            {
              "title": "should able to create Sick full leave from Hr Dashboard",
              "fullTitle": "hr dashboard should able to create Sick full leave from Hr Dashboard",
              "timedOut": false,
              "duration": 12942,
              "state": "passed",
              "speed": "slow",
              "pass": true,
              "fail": false,
              "pending": false,
              "context": null,
              "code": "await utilFun.visit(baseUrl + '/hrDashboard');\nawait utilFun.wait(3000);\nawait hrLeaveDashboard.clickCreateLeaveBtn()\nawait hrLeaveDashboard.selectAResource('Muhammad Bilal Rafaqat')\nawait hrLeaveDashboard.selectLeaveType('Sick Leave')\nawait hrLeaveDashboard.selectLeaveCategory('Full Leave')\nawait utilFun.wait(1000);\nawait hrLeaveDashboard.setStartDate('13-09-2023');\nawait utilFun.wait(1000);\nawait hrLeaveDashboard.setEndDate('13-09-2023');\nawait myLeaves.typeReason('testing');\nawait hrLeaveDashboard.clickSubmitBtn();\nconst alertText = await hrLeaveDashboard.checkAlert();\nassert.equal(alertText, 'Leave request created successfully');",
              "err": {},
              "uuid": "c5fe805d-a445-4fba-9f87-726d0ea7cc7e",
              "parentUUID": "70d88cc3-37dd-421f-9365-3459ce667462",
              "isHook": false,
              "skipped": false
            },
            {
              "title": "should able to create Sick First Half leave from Hr Dashboard",
              "fullTitle": "hr dashboard should able to create Sick First Half leave from Hr Dashboard",
              "timedOut": false,
              "duration": 13029,
              "state": "passed",
              "speed": "slow",
              "pass": true,
              "fail": false,
              "pending": false,
              "context": null,
              "code": "await utilFun.visit(baseUrl + '/hrDashboard');\nawait utilFun.wait(3000);\nawait hrLeaveDashboard.clickCreateLeaveBtn()\nawait hrLeaveDashboard.selectAResource('Muhammad Bilal Rafaqat')\nawait hrLeaveDashboard.selectLeaveType('Sick Leave')\nawait hrLeaveDashboard.selectLeaveCategory('Half Leave')\nawait hrLeaveDashboard.selectHalfLeaveShift('First Half')\nawait utilFun.wait(1000);\nawait hrLeaveDashboard.setStartDate('14-09-2023');\nawait utilFun.wait(1000);\nawait hrLeaveDashboard.setEndDate('14-09-2023');\nawait myLeaves.typeReason('testing');\nawait hrLeaveDashboard.clickSubmitBtn();\nconst alertText = await hrLeaveDashboard.checkAlert();\nassert.equal(alertText, 'Leave request created successfully');",
              "err": {},
              "uuid": "d6ed4085-5cd9-4e95-9efb-1940668e19bf",
              "parentUUID": "70d88cc3-37dd-421f-9365-3459ce667462",
              "isHook": false,
              "skipped": false
            },
            {
              "title": "should able to create Sick Second Half leave from Hr Dashboard",
              "fullTitle": "hr dashboard should able to create Sick Second Half leave from Hr Dashboard",
              "timedOut": false,
              "duration": 13249,
              "state": "passed",
              "speed": "slow",
              "pass": true,
              "fail": false,
              "pending": false,
              "context": null,
              "code": "await utilFun.visit(baseUrl + '/hrDashboard');\nawait utilFun.wait(3000);\nawait hrLeaveDashboard.clickCreateLeaveBtn()\nawait hrLeaveDashboard.selectAResource('Muhammad Bilal Rafaqat')\nawait hrLeaveDashboard.selectLeaveType('Sick Leave')\nawait hrLeaveDashboard.selectLeaveCategory('Half Leave')\nawait hrLeaveDashboard.selectHalfLeaveShift('Second Half')\nawait utilFun.wait(1000);\nawait hrLeaveDashboard.setStartDate('15-09-2023');\nawait utilFun.wait(1000);\nawait hrLeaveDashboard.setEndDate('15-09-2023');\nawait myLeaves.typeReason('testing');\nawait hrLeaveDashboard.clickSubmitBtn();\nconst alertText = await hrLeaveDashboard.checkAlert();\nassert.equal(alertText, 'Leave request created successfully');",
              "err": {},
              "uuid": "2ca20c72-44fa-4143-a3ff-4397315b772e",
              "parentUUID": "70d88cc3-37dd-421f-9365-3459ce667462",
              "isHook": false,
              "skipped": false
            },
            {
              "title": "should able to create Un-Paid full leave from Hr Dashboard",
              "fullTitle": "hr dashboard should able to create Un-Paid full leave from Hr Dashboard",
              "timedOut": false,
              "duration": 13140,
              "state": "passed",
              "speed": "slow",
              "pass": true,
              "fail": false,
              "pending": false,
              "context": null,
              "code": "await utilFun.visit(baseUrl + '/hrDashboard');\nawait utilFun.wait(3000);\nawait hrLeaveDashboard.clickCreateLeaveBtn()\nawait hrLeaveDashboard.selectAResource('Muhammad Bilal Rafaqat')\nawait hrLeaveDashboard.selectLeaveType('Un-Paid Leave')\nawait hrLeaveDashboard.selectLeaveCategory('Full Leave')\nawait utilFun.wait(1000);\nawait hrLeaveDashboard.setStartDate('16-09-2023');\nawait utilFun.wait(1000);\nawait hrLeaveDashboard.setEndDate('16-09-2023');\nawait myLeaves.typeReason('testing');\nawait hrLeaveDashboard.clickSubmitBtn();\nconst alertText = await hrLeaveDashboard.checkAlert();\nassert.equal(alertText, 'Leave request created successfully');",
              "err": {},
              "uuid": "6c2fb6eb-ea08-41d6-bd34-58d6b2b025be",
              "parentUUID": "70d88cc3-37dd-421f-9365-3459ce667462",
              "isHook": false,
              "skipped": false
            },
            {
              "title": "should able to create Un-Paid First Half leave from Hr Dashboard",
              "fullTitle": "hr dashboard should able to create Un-Paid First Half leave from Hr Dashboard",
              "timedOut": false,
              "duration": 12931,
              "state": "passed",
              "speed": "slow",
              "pass": true,
              "fail": false,
              "pending": false,
              "context": null,
              "code": "await utilFun.visit(baseUrl + '/hrDashboard');\nawait utilFun.wait(3000);\nawait hrLeaveDashboard.clickCreateLeaveBtn()\nawait hrLeaveDashboard.selectAResource('Muhammad Bilal Rafaqat')\nawait hrLeaveDashboard.selectLeaveType('Un-Paid Leave')\nawait hrLeaveDashboard.selectLeaveCategory('Half Leave')\nawait hrLeaveDashboard.selectHalfLeaveShift('First Half')\nawait utilFun.wait(1000);\nawait hrLeaveDashboard.setStartDate('17-09-2023');\nawait utilFun.wait(1000);\nawait hrLeaveDashboard.setEndDate('17-09-2023');\nawait myLeaves.typeReason('testing');\nawait hrLeaveDashboard.clickSubmitBtn();\nconst alertText = await hrLeaveDashboard.checkAlert();\nassert.equal(alertText, 'Leave request created successfully');",
              "err": {},
              "uuid": "58bc782f-50f2-486e-836d-3461563f2170",
              "parentUUID": "70d88cc3-37dd-421f-9365-3459ce667462",
              "isHook": false,
              "skipped": false
            },
            {
              "title": "should able to create Un-Paid Second Half leave from Hr Dashboard",
              "fullTitle": "hr dashboard should able to create Un-Paid Second Half leave from Hr Dashboard",
              "timedOut": false,
              "duration": 12750,
              "state": "passed",
              "speed": "slow",
              "pass": true,
              "fail": false,
              "pending": false,
              "context": null,
              "code": "await utilFun.visit(baseUrl + '/hrDashboard');\nawait utilFun.wait(3000);\nawait hrLeaveDashboard.clickCreateLeaveBtn()\nawait hrLeaveDashboard.selectAResource('Muhammad Bilal Rafaqat')\nawait hrLeaveDashboard.selectLeaveType('Un-Paid Leave')\nawait hrLeaveDashboard.selectLeaveCategory('Half Leave')\nawait hrLeaveDashboard.selectHalfLeaveShift('Second Half')\nawait utilFun.wait(1000);\nawait hrLeaveDashboard.setStartDate('18-09-2023');\nawait utilFun.wait(1000);\nawait hrLeaveDashboard.setEndDate('18-09-2023');\nawait myLeaves.typeReason('testing');\nawait hrLeaveDashboard.clickSubmitBtn();\nconst alertText = await hrLeaveDashboard.checkAlert();\nassert.equal(alertText, 'Leave request created successfully');",
              "err": {},
              "uuid": "75af361e-527a-4631-90d8-597d54cc2fbb",
              "parentUUID": "70d88cc3-37dd-421f-9365-3459ce667462",
              "isHook": false,
              "skipped": false
            }
          ],
          "suites": [],
          "passes": [
            "94853594-cc8d-4b2d-938f-c77d54b2d3ae",
            "e409d12b-d6fb-4248-8abb-1711afd561f1",
            "e9311921-3d32-4cd8-b7df-18a588e35fd6",
            "db0f06b7-5608-4e1a-82ca-0ffff0140361",
            "71aef923-481d-42fe-99da-1ffff8883e6a",
            "2c815e81-a5ef-4bfd-9c8c-6f6adb15953e",
            "9fdf5aa7-0d64-47f6-bad8-f67549bbc1df",
            "0b67b1d3-9aef-4633-82c7-174e16b59dd3",
            "970a433a-021d-48ac-973e-58c2d1b49d3f",
            "326b6ec8-9a09-44de-b1d0-595a68126b87",
            "2c48594b-7f40-4319-a160-1738e1faf28a",
            "8976d858-0cc6-41e9-8e03-a1c040dc12d2",
            "864e99c7-43fb-417b-bcba-661341d61cd9",
            "70e938dc-a85e-4b64-90ba-fd4dc3ce444a",
            "52e6b315-4c6c-4568-9da7-1c50c9caeaca",
            "6bb3c753-47e5-4537-a6a6-fce4450319d5",
            "30f47f82-c444-431d-b61d-0e070be4bb5f",
            "c5fe805d-a445-4fba-9f87-726d0ea7cc7e",
            "d6ed4085-5cd9-4e95-9efb-1940668e19bf",
            "2ca20c72-44fa-4143-a3ff-4397315b772e",
            "6c2fb6eb-ea08-41d6-bd34-58d6b2b025be",
            "58bc782f-50f2-486e-836d-3461563f2170",
            "75af361e-527a-4631-90d8-597d54cc2fbb"
          ],
          "failures": [],
          "pending": [],
          "skipped": [],
          "duration": 206806,
          "root": false,
          "rootEmpty": false,
          "_timeout": 60000
        }
      ],
      "passes": [],
      "failures": [],
      "pending": [],
      "skipped": [],
      "duration": 0,
      "root": true,
      "rootEmpty": true,
      "_timeout": 60000
    }
  ],
  "meta": {
    "mocha": {
      "version": "10.2.0"
    },
    "mochawesome": {
      "options": {
        "quiet": false,
        "reportFilename": "mochawesome",
        "saveHtml": true,
        "saveJson": true,
        "consoleReporter": "spec",
        "useInlineDiffs": false,
        "code": true
      },
      "version": "7.1.3"
    },
    "marge": {
      "options": {
        "reportDir": "test/report"
      },
      "version": "6.2.0"
    }
  }
}