{
  "stats": {
    "suites": 8,
    "tests": 139,
    "passes": 115,
    "pending": 0,
    "failures": 24,
    "start": "2023-12-11T17:39:59.308Z",
    "end": "2023-12-11T18:03:49.220Z",
    "duration": 1429912,
    "testsRegistered": 139,
    "passPercent": 82.73381294964028,
    "pendingPercent": 0,
    "other": 0,
    "hasOther": false,
    "skipped": 0,
    "hasSkipped": false
  },
  "results": [
    {
      "uuid": "4c0d4364-019e-4a5d-ac38-e1a6a0ca544f",
      "title": "",
      "fullFile": "",
      "file": "",
      "beforeHooks": [],
      "afterHooks": [],
      "tests": [],
      "suites": [
        {
          "uuid": "6a15aae9-84aa-4a85-b86a-329491049af6",
          "title": "Pending Evaluations",
          "fullFile": "/home/devops/invohub/resource-engagement/test/e2e/evaluation/spec_1_pendings.js",
          "file": "/test/e2e/evaluation/spec_1_pendings.js",
          "beforeHooks": [
            {
              "title": "\"before all\" hook in \"Pending Evaluations\"",
              "fullTitle": "Pending Evaluations \"before all\" hook in \"Pending Evaluations\"",
              "timedOut": false,
              "duration": 35714,
              "state": null,
              "speed": null,
              "pass": false,
              "fail": false,
              "pending": false,
              "context": null,
              "code": "await utilFun.login(email, password);\nconst url = await utilFun.getUrl();\nassert.equal(url, baseUrl + '/home');\nlet query =[\n    `UPDATE employee_evaluations SET \"incrementType\" = 'annual' WHERE id = 26;`,\n    `UPDATE employee_evaluations SET \"processType\" = NULL WHERE id = 26;`,\n    `UPDATE employee_evaluations SET \"reasonForDefer\" = NULL WHERE id = 26;`,\n    `UPDATE employee_evaluations SET \"processDate\" = NULL WHERE id = 26;`,\n    `UPDATE employee_evaluations SET \"feedback\" = NULL WHERE id = 26;`,\n  `DELETE FROM employee_evaluations WHERE \"employeeId\" = 9742 AND \"incrementType\" = 'designation';`,\n    ];\n    await utilFun.udpateDatabase(query);",
              "err": {},
              "uuid": "1a73cc8d-a6e5-4c15-91c7-79440861c40c",
              "parentUUID": "6a15aae9-84aa-4a85-b86a-329491049af6",
              "isHook": true,
              "skipped": false
            },
            {
              "title": "\"before each\" hook in \"Pending Evaluations\"",
              "fullTitle": "Pending Evaluations \"before each\" hook in \"Pending Evaluations\"",
              "timedOut": false,
              "duration": 3489,
              "state": null,
              "speed": null,
              "pass": false,
              "fail": false,
              "pending": false,
              "context": null,
              "code": "await utilFun.visit(baseUrl + '/evaluation');\nawait utilFun.wait(3000);",
              "err": {},
              "uuid": "297dd587-79d0-47b0-b0ab-456463fb3e54",
              "parentUUID": "6a15aae9-84aa-4a85-b86a-329491049af6",
              "isHook": true,
              "skipped": false
            }
          ],
          "afterHooks": [],
          "tests": [
            {
              "title": "should check if pending evaluations are showing",
              "fullTitle": "Pending Evaluations should check if pending evaluations are showing",
              "timedOut": false,
              "duration": 37,
              "state": "passed",
              "speed": "fast",
              "pass": true,
              "fail": false,
              "pending": false,
              "context": null,
              "code": "let obj = await evaluation.getAllPendingResourses();\nassert(obj.length > 0, `No Evaluation Found`);",
              "err": {},
              "uuid": "e03e0e24-17b5-4ed4-973b-ce66632f423c",
              "parentUUID": "6a15aae9-84aa-4a85-b86a-329491049af6",
              "isHook": false,
              "skipped": false
            },
            {
              "title": "should able to filter resoures by name",
              "fullTitle": "Pending Evaluations should able to filter resoures by name",
              "timedOut": false,
              "duration": 1878,
              "state": "passed",
              "speed": "slow",
              "pass": true,
              "fail": false,
              "pending": false,
              "context": null,
              "code": "await evaluation.clickFilterButton();\nawait evaluation.searchName('James Salinas');\nawait utilFun.wait(1000);\nconst name = await evaluation.getResourseName();\nutilFun.assertEql(name, 'James Salinas');",
              "err": {},
              "uuid": "ddfb3948-da1e-463c-a26f-8ce425b7acd2",
              "parentUUID": "6a15aae9-84aa-4a85-b86a-329491049af6",
              "isHook": false,
              "skipped": false
            },
            {
              "title": "should able to filter resoures by Review Type",
              "fullTitle": "Pending Evaluations should able to filter resoures by Review Type",
              "timedOut": false,
              "duration": 1763,
              "state": "passed",
              "speed": "slow",
              "pass": true,
              "fail": false,
              "pending": false,
              "context": null,
              "code": "await evaluation.clickFilterButton();\nawait evaluation.selectReviewType('Annual');\nconst valuesCount = await evaluation.checkValues();\nutilFun.assertEql(valuesCount, 1);",
              "err": {},
              "uuid": "2a605dac-bc5e-4d40-a4cc-7ac7edf02ebb",
              "parentUUID": "6a15aae9-84aa-4a85-b86a-329491049af6",
              "isHook": false,
              "skipped": false
            },
            {
              "title": "should able to filter resoures by Last Increment",
              "fullTitle": "Pending Evaluations should able to filter resoures by Last Increment",
              "timedOut": false,
              "duration": 1481,
              "state": "passed",
              "speed": "slow",
              "pass": true,
              "fail": false,
              "pending": false,
              "context": null,
              "code": "await evaluation.clickFilterButton();\nawait evaluation.selectLastIncrement('N/A');\nconst valuesCount = await evaluation.checkValues();\nutilFun.assertEql(valuesCount, 1);",
              "err": {},
              "uuid": "4bbbfea3-5adf-4800-b912-51f52553234d",
              "parentUUID": "6a15aae9-84aa-4a85-b86a-329491049af6",
              "isHook": false,
              "skipped": false
            },
            {
              "title": "should able to  copy email from options",
              "fullTitle": "Pending Evaluations should able to  copy email from options",
              "timedOut": false,
              "duration": 6271,
              "state": "passed",
              "speed": "slow",
              "pass": true,
              "fail": false,
              "pending": false,
              "context": null,
              "code": "await evaluation.clickFilterButton();\nawait evaluation.searchName('James Salinas');\nawait utilFun.wait(1000);\nconst name = await evaluation.getResourseName();\nutilFun.assertEql(name, 'James Salinas');\nawait evaluation.clickOptionBtn();\nawait utilFun.wait(1000);\nawait evaluation.selectOption('Copy Email');\nawait utilFun.wait(3000);\nconst alertText = await evaluation.checkAlert();\nutilFun.assertEql(alertText, 'Email address is copied');",
              "err": {},
              "uuid": "0195903a-eb7c-4dbd-8265-6fa664b9f2cc",
              "parentUUID": "6a15aae9-84aa-4a85-b86a-329491049af6",
              "isHook": false,
              "skipped": false
            },
            {
              "title": "should able to Send Email from options",
              "fullTitle": "Pending Evaluations should able to Send Email from options",
              "timedOut": false,
              "duration": 8608,
              "state": "passed",
              "speed": "slow",
              "pass": true,
              "fail": false,
              "pending": false,
              "context": null,
              "code": "await evaluation.clickFilterButton();\nawait evaluation.searchName('James Salinas');\nawait utilFun.wait(1000);\nconst name = await evaluation.getResourseName();\nutilFun.assertEql(name, 'James Salinas');\nawait evaluation.clickOptionBtn();\nawait utilFun.wait(1000);\nawait evaluation.selectOption('Send Email');\nawait utilFun.wait(1000);\nawait utilFun.switchWindow(1);\nawait utilFun.wait(3000);\nconst url = await utilFun.getUrl();\nassert.equal(url, 'https://mail.google.com/mail/u/0/?fs=1&tf=cm&to=james@robot-mail.com');\nawait utilFun.closeCurrentTab();\nawait utilFun.switchWindow(0);",
              "err": {},
              "uuid": "96c054c1-6cd4-40b8-a25a-3e0cdc8e9317",
              "parentUUID": "6a15aae9-84aa-4a85-b86a-329491049af6",
              "isHook": false,
              "skipped": false
            },
            {
              "title": "should able to Open Slack DM from options",
              "fullTitle": "Pending Evaluations should able to Open Slack DM from options",
              "timedOut": false,
              "duration": 7591,
              "state": "passed",
              "speed": "slow",
              "pass": true,
              "fail": false,
              "pending": false,
              "context": null,
              "code": "await evaluation.clickFilterButton();\nawait evaluation.searchName('James Salinas');\nawait utilFun.wait(1000);\nconst name = await evaluation.getResourseName();\nutilFun.assertEql(name, 'James Salinas');\nawait evaluation.clickOptionBtn();\nawait utilFun.wait(1000);\nawait evaluation.selectOption('Open Slack DM');\nawait utilFun.wait(1000);\nawait utilFun.switchWindow(1);\nawait utilFun.wait(3000);\nconst url = await utilFun.getUrl();\nassert.equal(url, 'https://invozone.slack.com/?redir=%2Fapp_redirect%3Fchannel%3Dundefined');\nawait utilFun.closeCurrentTab();\nawait utilFun.switchWindow(0);",
              "err": {},
              "uuid": "5f9d654c-7f31-442e-8de1-1df55613e1fb",
              "parentUUID": "6a15aae9-84aa-4a85-b86a-329491049af6",
              "isHook": false,
              "skipped": false
            },
            {
              "title": "should able to see Email from options",
              "fullTitle": "Pending Evaluations should able to see Email from options",
              "timedOut": false,
              "duration": 6151,
              "state": "passed",
              "speed": "slow",
              "pass": true,
              "fail": false,
              "pending": false,
              "context": null,
              "code": "await evaluation.clickFilterButton();\nawait evaluation.searchName('James Salinas');\nawait utilFun.wait(1000);\nconst name = await evaluation.getResourseName();\nutilFun.assertEql(name, 'James Salinas');\nawait evaluation.clickOptionBtn();\nawait utilFun.wait(1000);\nawait evaluation.selectOption('See Email');\nawait utilFun.wait(3000);\nconst email = await evaluation.copyEmail();\nassert.equal(email, 'Email: james@robot-mail.com');",
              "err": {},
              "uuid": "26da1566-2ec9-40db-95b9-0f585700a0e7",
              "parentUUID": "6a15aae9-84aa-4a85-b86a-329491049af6",
              "isHook": false,
              "skipped": false
            },
            {
              "title": "should able to copy Phone Number from options",
              "fullTitle": "Pending Evaluations should able to copy Phone Number from options",
              "timedOut": false,
              "duration": 6596,
              "state": "passed",
              "speed": "slow",
              "pass": true,
              "fail": false,
              "pending": false,
              "context": null,
              "code": "await evaluation.clickFilterButton();\nawait evaluation.searchName('James Salinas');\nawait utilFun.wait(1000);\nconst name = await evaluation.getResourseName();\nutilFun.assertEql(name, 'James Salinas');\nawait evaluation.clickOptionBtn();\nawait utilFun.wait(1000);\nawait evaluation.selectOption('Phone Number');\nawait utilFun.wait(3000);\nawait evaluation.copyPhoneNumber();\nconst alertText = await evaluation.checkAlert();\nassert.equal(alertText, 'Phone# is copied successfully');",
              "err": {},
              "uuid": "67fc8dd4-a12c-4085-8489-7dd372a425af",
              "parentUUID": "6a15aae9-84aa-4a85-b86a-329491049af6",
              "isHook": false,
              "skipped": false
            },
            {
              "title": "should able to see Resource Details from options",
              "fullTitle": "Pending Evaluations should able to see Resource Details from options",
              "timedOut": false,
              "duration": 4077,
              "state": "passed",
              "speed": "slow",
              "pass": true,
              "fail": false,
              "pending": false,
              "context": null,
              "code": "await evaluation.clickFilterButton();\nawait evaluation.searchName('James Salinas');\nawait utilFun.wait(1000);\nconst name = await evaluation.getResourseName();\nutilFun.assertEql(name, 'James Salinas');\nawait evaluation.clickResource();\nawait utilFun.wait(1000);\nawait utilFun.switchWindow(1);\nawait utilFun.wait(1000);\nconst url = await utilFun.getUrl();\nassert.equal(url, 'http://localhost:3000/resourceDetail/9742?tab=Basic_Information');\nawait utilFun.closeCurrentTab();\nawait utilFun.switchWindow(0);",
              "err": {},
              "uuid": "40a9fcf8-bb61-4176-ae1f-9475ca490522",
              "parentUUID": "6a15aae9-84aa-4a85-b86a-329491049af6",
              "isHook": false,
              "skipped": false
            },
            {
              "title": "should able to see employee history",
              "fullTitle": "Pending Evaluations should able to see employee history",
              "timedOut": false,
              "duration": 3080,
              "state": "passed",
              "speed": "slow",
              "pass": true,
              "fail": false,
              "pending": false,
              "context": null,
              "code": "await evaluation.clickFilterButton();\nawait evaluation.searchName('James Salinas');\nawait utilFun.wait(1000);\nconst name = await evaluation.getResourseName();\nutilFun.assertEql(name, 'James Salinas');\nawait evaluation.clickSeeFeedback();\nawait utilFun.wait(1000);\nconst title = await evaluation.checkTitle();\nutilFun.assertEql(title, 'Feedback History of James Salinas');\nawait evaluation.checkSelectedTab();",
              "err": {},
              "uuid": "582a7f55-b4d6-4192-b24e-3747c1f02fe1",
              "parentUUID": "6a15aae9-84aa-4a85-b86a-329491049af6",
              "isHook": false,
              "skipped": false
            },
            {
              "title": "should able to request a review",
              "fullTitle": "Pending Evaluations should able to request a review",
              "timedOut": false,
              "duration": 7136,
              "state": "passed",
              "speed": "slow",
              "pass": true,
              "fail": false,
              "pending": false,
              "context": null,
              "code": "await evaluation.clickFilterButton();\nawait evaluation.searchName('James Salinas');\nawait utilFun.wait(1000);\nconst name = await evaluation.getResourseName();\nutilFun.assertEql(name, 'James Salinas');\nawait evaluation.clickSeeFeedback();\nawait utilFun.wait(1000);\nawait evaluation.clickSubmittedReview();\nawait evaluation.clickReqReviewBtn();\nawait utilFun.wait(1000);\nawait evaluation.clickHod('Muhammad Bilal Rafaqat');\nawait evaluation.clickSendReqBtn();\nconst alertText = await evaluation.checkAlert();\nutilFun.assertEql(alertText, 'Request is send successfully.');",
              "err": {},
              "uuid": "a7671f44-e9c6-4195-a3d0-8d0c2a3e6675",
              "parentUUID": "6a15aae9-84aa-4a85-b86a-329491049af6",
              "isHook": false,
              "skipped": false
            },
            {
              "title": "should able to give a review",
              "fullTitle": "Pending Evaluations should able to give a review",
              "timedOut": false,
              "duration": 12507,
              "state": "passed",
              "speed": "slow",
              "pass": true,
              "fail": false,
              "pending": false,
              "context": null,
              "code": "const query = [\n  `UPDATE employees SET \"departmentId\" = 9 WHERE id = 9474;`,\n  `UPDATE employees SET \"designationId\" = 83 WHERE id = 9474;`,\n  `UPDATE employees SET \"designation\" = 'Head of Engineering' WHERE id = 9474;`,\n];\nawait utilFun.udpateDatabase(query);\nawait utilFun.refresh();\nawait evaluation.clickFilterButton();\nawait evaluation.searchName('James Salinas');\nawait utilFun.wait(1000);\nconst name = await evaluation.getResourseName();\nutilFun.assertEql(name, 'James Salinas');\nawait evaluation.clickSeeFeedback();\nawait utilFun.wait(1000);\nawait evaluation.clickSubmittedReview();\nawait utilFun.wait(1000);\nawait evaluation.clickAddFeedback();\n// await feedbackForm.enterDate('03092023');\nawait feedbackForm.selectFeedbackDuration('6 Months');\nawait feedbackForm.selectNextReviewType('Annual');\nawait feedbackForm.selectRevisedDesignation('Software Engineer');\nawait feedbackForm.selectRevisedDesignationCategory('Automation');\nawait feedbackForm.typeIncreament('200000');\nawait feedbackForm.typeDescription('testingggg');\nawait feedbackForm.clickSubmit();\nconst alertText = await evaluation.checkAlert();\nutilFun.assertEql(alertText, 'Increment status is updated successfully');",
              "err": {},
              "uuid": "9c1d3b4f-6666-49c3-b09c-b975b0533f01",
              "parentUUID": "6a15aae9-84aa-4a85-b86a-329491049af6",
              "isHook": false,
              "skipped": false
            },
            {
              "title": "should able to edit review form",
              "fullTitle": "Pending Evaluations should able to edit review form",
              "timedOut": false,
              "duration": 8837,
              "state": "passed",
              "speed": "slow",
              "pass": true,
              "fail": false,
              "pending": false,
              "context": null,
              "code": "await evaluation.clickFilterButton();\nawait evaluation.searchName('James Salinas');\nawait utilFun.wait(1000);\nconst name = await evaluation.getResourseName();\nutilFun.assertEql(name, 'James Salinas');\nawait evaluation.clickEditForm();\nawait utilFun.wait(1000);\n// await feedbackForm.enterDate('03102023');\nawait feedbackForm.selectFeedbackDuration('3 Months');\nawait feedbackForm.selectNextReviewType('Annual');\nawait feedbackForm.selectRevisedDesignation('Software Engineer');\nawait feedbackForm.typeIncreament('200000');\nawait feedbackForm.typeDescription('updated');\nawait feedbackForm.clickSubmit();\nconst alertText = await evaluation.checkAlert();\nutilFun.assertEql(alertText, 'Increment status is updated successfully');",
              "err": {},
              "uuid": "89480c3b-eea0-4d81-9ad0-84f3f59d57cd",
              "parentUUID": "6a15aae9-84aa-4a85-b86a-329491049af6",
              "isHook": false,
              "skipped": false
            },
            {
              "title": "should able to defer review",
              "fullTitle": "Pending Evaluations should able to defer review",
              "timedOut": false,
              "duration": 5995,
              "state": "passed",
              "speed": "slow",
              "pass": true,
              "fail": false,
              "pending": false,
              "context": null,
              "code": "const query = [\n  `UPDATE employees SET \"designation\" = 'HR' WHERE id = 9474;`,\n  `UPDATE employees SET \"departmentId\" = 7 WHERE id = 9474;`,\n  `UPDATE employees SET \"designationId\" = 77 WHERE id = 9474;`,\n];\nawait utilFun.udpateDatabase(query);\nawait utilFun.refresh();\nawait evaluation.clickFilterButton();\nawait evaluation.searchName('James Salinas');\nawait utilFun.wait(1000);\nconst name = await evaluation.getResourseName();\nutilFun.assertEql(name, 'James Salinas');\nawait evaluation.clickDefer();\nawait evaluation.clickDeferType();\nawait utilFun.wait(1000);\nawait evaluation.selectDeferType('2 Weeks');\nawait evaluation.typeDeferReason('testing');\nawait evaluation.clickSubmitBtn();\nconst alertText = await evaluation.checkAlert();\nutilFun.assertEql(alertText, 'Increment status is updated successfully');",
              "err": {},
              "uuid": "d12737ed-abe9-469a-b718-8a910c4e1b84",
              "parentUUID": "6a15aae9-84aa-4a85-b86a-329491049af6",
              "isHook": false,
              "skipped": false
            },
            {
              "title": "should able to complete review",
              "fullTitle": "Pending Evaluations should able to complete review",
              "timedOut": false,
              "duration": 9499,
              "state": "passed",
              "speed": "slow",
              "pass": true,
              "fail": false,
              "pending": false,
              "context": null,
              "code": "const query = [\n  `UPDATE employees SET \"designation\" = 'HR' WHERE id = 9474;`,\n  `UPDATE employees SET \"departmentId\" = 7 WHERE id = 9474;`,\n  `UPDATE employees SET \"designationId\" = 77 WHERE id = 9474;`,\n  `UPDATE employee_evaluations SET \"processType\" = NULL WHERE id = 26;`,\n  `UPDATE employee_evaluations SET \"reasonForDefer\" = NULL WHERE id = 26;`,\n  `UPDATE employee_evaluations SET \"processDate\" = NULL WHERE id = 26;`,\n];\nawait utilFun.udpateDatabase(query);\nawait utilFun.refresh();\nawait evaluation.clickFilterButton();\nawait evaluation.searchName('James Salinas');\nawait utilFun.wait(1000);\nconst name = await evaluation.getResourseName();\nutilFun.assertEql(name, 'James Salinas');\nawait evaluation.clickComplete();\nawait feedbackForm.enterDate('03102023');\nawait feedbackForm.selectFeedbackDuration('3 Months');\nawait feedbackForm.selectNextReviewType('Annual');\nawait feedbackForm.selectRevisedDesignation('Software Engineer');\nawait feedbackForm.typeIncreament('200000');\nawait feedbackForm.clickSubmit();\nconst alertText = await evaluation.checkAlert();\nutilFun.assertEql(alertText, 'Increment status is updated successfully');",
              "err": {},
              "uuid": "3ed40ea1-d946-4dbb-9d75-d1c95cfc2c03",
              "parentUUID": "6a15aae9-84aa-4a85-b86a-329491049af6",
              "isHook": false,
              "skipped": false
            }
          ],
          "suites": [],
          "passes": [
            "e03e0e24-17b5-4ed4-973b-ce66632f423c",
            "ddfb3948-da1e-463c-a26f-8ce425b7acd2",
            "2a605dac-bc5e-4d40-a4cc-7ac7edf02ebb",
            "4bbbfea3-5adf-4800-b912-51f52553234d",
            "0195903a-eb7c-4dbd-8265-6fa664b9f2cc",
            "96c054c1-6cd4-40b8-a25a-3e0cdc8e9317",
            "5f9d654c-7f31-442e-8de1-1df55613e1fb",
            "26da1566-2ec9-40db-95b9-0f585700a0e7",
            "67fc8dd4-a12c-4085-8489-7dd372a425af",
            "40a9fcf8-bb61-4176-ae1f-9475ca490522",
            "582a7f55-b4d6-4192-b24e-3747c1f02fe1",
            "a7671f44-e9c6-4195-a3d0-8d0c2a3e6675",
            "9c1d3b4f-6666-49c3-b09c-b975b0533f01",
            "89480c3b-eea0-4d81-9ad0-84f3f59d57cd",
            "d12737ed-abe9-469a-b718-8a910c4e1b84",
            "3ed40ea1-d946-4dbb-9d75-d1c95cfc2c03"
          ],
          "failures": [],
          "pending": [],
          "skipped": [],
          "duration": 91507,
          "root": false,
          "rootEmpty": false,
          "_timeout": 100000
        },
        {
          "uuid": "5d4e38d0-d19f-4cff-aa76-c899468cca54",
          "title": "Performance Base Evaluations",
          "fullFile": "/home/devops/invohub/resource-engagement/test/e2e/evaluation/spec_2_performance.js",
          "file": "/test/e2e/evaluation/spec_2_performance.js",
          "beforeHooks": [
            {
              "title": "\"before all\" hook in \"Performance Base Evaluations\"",
              "fullTitle": "Performance Base Evaluations \"before all\" hook in \"Performance Base Evaluations\"",
              "timedOut": false,
              "duration": 13962,
              "state": null,
              "speed": null,
              "pass": false,
              "fail": false,
              "pending": false,
              "context": null,
              "code": "await utilFun.loginAccount()\nconst url = await utilFun.getUrl();\nassert.equal(url, baseUrl + '/home');\nlet query = [\n  `UPDATE employee_evaluations SET \"incrementType\" = 'performance' WHERE id = 26;`,\n  `UPDATE employees SET \"designation\" = 'Software Engineer' WHERE id = 9474;`,\n  `UPDATE employees SET \"departmentId\" = 9 WHERE id = 9474;`,\n  `UPDATE employees SET \"designationId\" = 138 WHERE id = 9474;`,\n  `UPDATE employee_evaluations SET \"processType\" = NULL WHERE id = 26;`,\n  `UPDATE employee_evaluations SET \"reasonForDefer\" = NULL WHERE id = 26;`,\n  `UPDATE employee_evaluations SET \"processDate\" = NULL WHERE id = 26;`,\n  `UPDATE employee_evaluations SET \"feedback\" = NULL WHERE id = 26;`,\n];\nawait utilFun.udpateDatabase(query);",
              "err": {},
              "uuid": "90a14a37-bcd1-4181-9092-d7a6be3691b7",
              "parentUUID": "5d4e38d0-d19f-4cff-aa76-c899468cca54",
              "isHook": true,
              "skipped": false
            },
            {
              "title": "\"before each\" hook in \"Performance Base Evaluations\"",
              "fullTitle": "Performance Base Evaluations \"before each\" hook in \"Performance Base Evaluations\"",
              "timedOut": false,
              "duration": 4536,
              "state": null,
              "speed": null,
              "pass": false,
              "fail": false,
              "pending": false,
              "context": null,
              "code": "await utilFun.visit(baseUrl + '/evaluationPerformance');\nawait utilFun.wait(4000);",
              "err": {},
              "uuid": "15348552-28f7-4b8e-ac77-147c49923411",
              "parentUUID": "5d4e38d0-d19f-4cff-aa76-c899468cca54",
              "isHook": true,
              "skipped": false
            }
          ],
          "afterHooks": [],
          "tests": [
            {
              "title": "should check if performance evaluations are showing",
              "fullTitle": "Performance Base Evaluations should check if performance evaluations are showing",
              "timedOut": false,
              "duration": 37,
              "state": "passed",
              "speed": "fast",
              "pass": true,
              "fail": false,
              "pending": false,
              "context": null,
              "code": "let obj = await evaluation.getAllPendingResourses();\nassert(obj.length > 0, `No Evaluation Found`);",
              "err": {},
              "uuid": "03676018-f3c5-4d44-80fb-7c1adeaefbe6",
              "parentUUID": "5d4e38d0-d19f-4cff-aa76-c899468cca54",
              "isHook": false,
              "skipped": false
            },
            {
              "title": "should able to filter resoures by name",
              "fullTitle": "Performance Base Evaluations should able to filter resoures by name",
              "timedOut": false,
              "duration": 1773,
              "state": "passed",
              "speed": "slow",
              "pass": true,
              "fail": false,
              "pending": false,
              "context": null,
              "code": "await evaluation.clickFilterButton();\nawait evaluation.searchName('James Salinas');\nawait utilFun.wait(1000);\nconst name = await evaluation.getResourseName();\nutilFun.assertEql(name, 'James Salinas');",
              "err": {},
              "uuid": "0ec419d0-076f-4606-b101-7872c9059c18",
              "parentUUID": "5d4e38d0-d19f-4cff-aa76-c899468cca54",
              "isHook": false,
              "skipped": false
            },
            {
              "title": "should able to filter resoures by Last Increment",
              "fullTitle": "Performance Base Evaluations should able to filter resoures by Last Increment",
              "timedOut": false,
              "duration": 1493,
              "state": "passed",
              "speed": "slow",
              "pass": true,
              "fail": false,
              "pending": false,
              "context": null,
              "code": "await evaluation.clickFilterButton();\nawait evaluation.selectLastIncrement('N/A');\nconst valuesCount = await evaluation.checkValues();\nutilFun.assertEql(valuesCount, 1);",
              "err": {},
              "uuid": "0c9c4e71-8cb1-46c1-a2ba-83325c8961c1",
              "parentUUID": "5d4e38d0-d19f-4cff-aa76-c899468cca54",
              "isHook": false,
              "skipped": false
            },
            {
              "title": "should able to  copy email from options",
              "fullTitle": "Performance Base Evaluations should able to  copy email from options",
              "timedOut": false,
              "duration": 3835,
              "state": "passed",
              "speed": "slow",
              "pass": true,
              "fail": false,
              "pending": false,
              "context": null,
              "code": "await evaluation.clickFilterButton();\nawait evaluation.searchName('James Salinas');\nawait utilFun.wait(1000);\nconst name = await evaluation.getResourseName();\nutilFun.assertEql(name, 'James Salinas');\nawait evaluation.clickOptionBtn();\nawait utilFun.wait(1000);\nawait evaluation.selectOption('Copy Email');\nconst alertText = await evaluation.checkAlert();\nutilFun.assertEql(alertText, 'Email address is copied');",
              "err": {},
              "uuid": "f960e38b-775d-45c7-936e-420bbe2e8925",
              "parentUUID": "5d4e38d0-d19f-4cff-aa76-c899468cca54",
              "isHook": false,
              "skipped": false
            },
            {
              "title": "should able to Send Email from options",
              "fullTitle": "Performance Base Evaluations should able to Send Email from options",
              "timedOut": false,
              "duration": 7141,
              "state": "passed",
              "speed": "slow",
              "pass": true,
              "fail": false,
              "pending": false,
              "context": null,
              "code": "await evaluation.clickFilterButton();\nawait evaluation.searchName('James Salinas');\nawait utilFun.wait(1000);\nconst name = await evaluation.getResourseName();\nutilFun.assertEql(name, 'James Salinas');\nawait evaluation.clickOptionBtn();\nawait utilFun.wait(1000);\nawait evaluation.selectOption('Send Email');\nawait utilFun.wait(1000);\nawait utilFun.switchWindow(1);\nawait utilFun.wait(3000);\nconst url = await utilFun.getUrl();\nassert.equal(url, 'https://mail.google.com/mail/u/0/?fs=1&tf=cm&to=james@robot-mail.com');\nawait utilFun.closeCurrentTab();\nawait utilFun.switchWindow(0);",
              "err": {},
              "uuid": "a308d2dd-852d-480e-9f51-4a2e59ad7ead",
              "parentUUID": "5d4e38d0-d19f-4cff-aa76-c899468cca54",
              "isHook": false,
              "skipped": false
            },
            {
              "title": "should able to Open Slack DM from options",
              "fullTitle": "Performance Base Evaluations should able to Open Slack DM from options",
              "timedOut": false,
              "duration": 8068,
              "state": "passed",
              "speed": "slow",
              "pass": true,
              "fail": false,
              "pending": false,
              "context": null,
              "code": "await evaluation.clickFilterButton();\nawait evaluation.searchName('James Salinas');\nawait utilFun.wait(1000);\nconst name = await evaluation.getResourseName();\nutilFun.assertEql(name, 'James Salinas');\nawait evaluation.clickOptionBtn();\nawait utilFun.wait(1000);\nawait evaluation.selectOption('Open Slack DM');\nawait utilFun.wait(1000);\nawait utilFun.switchWindow(1);\nawait utilFun.wait(3000);\nconst url = await utilFun.getUrl();\nassert.equal(url, 'https://invozone.slack.com/?redir=%2Fapp_redirect%3Fchannel%3Dundefined');\nawait utilFun.closeCurrentTab();\nawait utilFun.switchWindow(0);",
              "err": {},
              "uuid": "5232e767-e491-4416-876e-ad2aea20d3b4",
              "parentUUID": "5d4e38d0-d19f-4cff-aa76-c899468cca54",
              "isHook": false,
              "skipped": false
            },
            {
              "title": "should able to see Email from options",
              "fullTitle": "Performance Base Evaluations should able to see Email from options",
              "timedOut": false,
              "duration": 7224,
              "state": "passed",
              "speed": "slow",
              "pass": true,
              "fail": false,
              "pending": false,
              "context": null,
              "code": "await evaluation.clickFilterButton();\nawait evaluation.searchName('James Salinas');\nawait utilFun.wait(1000);\nconst name = await evaluation.getResourseName();\nutilFun.assertEql(name, 'James Salinas');\nawait evaluation.clickOptionBtn();\nawait utilFun.wait(1000);\nawait evaluation.selectOption('See Email');\nawait utilFun.wait(4000);\nconst email = await evaluation.copyEmail();\nassert.equal(email, 'Email: james@robot-mail.com');",
              "err": {},
              "uuid": "b5fd00d1-8e1d-4a5f-87d4-d1305953416c",
              "parentUUID": "5d4e38d0-d19f-4cff-aa76-c899468cca54",
              "isHook": false,
              "skipped": false
            },
            {
              "title": "should able to copy Phone Number from options",
              "fullTitle": "Performance Base Evaluations should able to copy Phone Number from options",
              "timedOut": false,
              "duration": 6800,
              "state": "passed",
              "speed": "slow",
              "pass": true,
              "fail": false,
              "pending": false,
              "context": null,
              "code": "await evaluation.clickFilterButton();\nawait evaluation.searchName('James Salinas');\nawait utilFun.wait(1000);\nconst name = await evaluation.getResourseName();\nutilFun.assertEql(name, 'James Salinas');\nawait evaluation.clickOptionBtn();\nawait utilFun.wait(1000);\nawait evaluation.selectOption('Phone Number');\nawait utilFun.wait(3000);\nawait evaluation.copyPhoneNumber();\nconst alertText = await evaluation.checkAlert();\nassert.equal(alertText, 'Phone# is copied successfully');",
              "err": {},
              "uuid": "a954b9a9-12a5-4288-bb90-2923191d1e81",
              "parentUUID": "5d4e38d0-d19f-4cff-aa76-c899468cca54",
              "isHook": false,
              "skipped": false
            },
            {
              "title": "should able to see Resource Details from options",
              "fullTitle": "Performance Base Evaluations should able to see Resource Details from options",
              "timedOut": false,
              "duration": 4045,
              "state": "passed",
              "speed": "slow",
              "pass": true,
              "fail": false,
              "pending": false,
              "context": null,
              "code": "await evaluation.clickFilterButton();\nawait evaluation.searchName('James Salinas');\nawait utilFun.wait(1000);\nconst name = await evaluation.getResourseName();\nutilFun.assertEql(name, 'James Salinas');\nawait evaluation.clickResource();\nawait utilFun.wait(1000);\nawait utilFun.switchWindow(1);\nawait utilFun.wait(1000);\nconst url = await utilFun.getUrl();\nassert.equal(url, baseUrl + '/resourceDetail/9742?tab=Basic_Information');\nawait utilFun.closeCurrentTab();\nawait utilFun.switchWindow(0);",
              "err": {},
              "uuid": "d2790bd3-b19d-4b22-b751-5156c589f6c0",
              "parentUUID": "5d4e38d0-d19f-4cff-aa76-c899468cca54",
              "isHook": false,
              "skipped": false
            },
            {
              "title": "should able to see employee history",
              "fullTitle": "Performance Base Evaluations should able to see employee history",
              "timedOut": false,
              "duration": 3023,
              "state": "passed",
              "speed": "slow",
              "pass": true,
              "fail": false,
              "pending": false,
              "context": null,
              "code": "await evaluation.clickFilterButton();\nawait evaluation.searchName('James Salinas');\nawait utilFun.wait(1000);\nconst name = await evaluation.getResourseName();\nutilFun.assertEql(name, 'James Salinas');\nawait evaluation.clickSeeFeedback();\nawait utilFun.wait(1000);\nconst title = await evaluation.checkTitle();\nutilFun.assertEql(title, 'Feedback History of James Salinas');\nawait evaluation.checkSelectedTab();",
              "err": {},
              "uuid": "849de2aa-7aba-4eaf-8600-e745a31e8fe7",
              "parentUUID": "5d4e38d0-d19f-4cff-aa76-c899468cca54",
              "isHook": false,
              "skipped": false
            },
            {
              "title": "should able to request a review",
              "fullTitle": "Performance Base Evaluations should able to request a review",
              "timedOut": false,
              "duration": 7137,
              "state": "passed",
              "speed": "slow",
              "pass": true,
              "fail": false,
              "pending": false,
              "context": null,
              "code": "await evaluation.clickFilterButton();\nawait evaluation.searchName('James Salinas');\nawait utilFun.wait(1000);\nconst name = await evaluation.getResourseName();\nutilFun.assertEql(name, 'James Salinas');\nawait evaluation.clickSeeFeedback();4\nawait utilFun.wait(1000);\nawait evaluation.clickSubmittedReview();\nawait evaluation.clickReqReviewBtn();\nawait utilFun.wait(1000);\nawait evaluation.clickHod('Muhammad Bilal Rafaqat');\nawait evaluation.clickSendReqBtn();\nconst alertText = await evaluation.checkAlert();\nutilFun.assertEql(alertText, 'Request is send successfully.');",
              "err": {},
              "uuid": "67ec36af-4cc2-446b-8c03-4389791496b6",
              "parentUUID": "5d4e38d0-d19f-4cff-aa76-c899468cca54",
              "isHook": false,
              "skipped": false
            },
            {
              "title": "should able to give a review",
              "fullTitle": "Performance Base Evaluations should able to give a review",
              "timedOut": false,
              "duration": 12558,
              "state": "passed",
              "speed": "slow",
              "pass": true,
              "fail": false,
              "pending": false,
              "context": null,
              "code": "const query = [\n  `UPDATE employees SET \"departmentId\" = 9 WHERE id = 9474;`,\n  `UPDATE employees SET \"designationId\" = 83 WHERE id = 9474;`,\n  `UPDATE employees SET \"designation\" = 'Head of Engineering' WHERE id = 9474;`,\n];\nawait utilFun.udpateDatabase(query);\nawait utilFun.refresh();\nawait evaluation.clickFilterButton();\nawait evaluation.searchName('James Salinas');\nawait utilFun.wait(1000);\nconst name = await evaluation.getResourseName();\nutilFun.assertEql(name, 'James Salinas');\nawait evaluation.clickSeeFeedback();\nawait utilFun.wait(1000);\nawait evaluation.clickSubmittedReview();\nawait utilFun.wait(1000);\nawait evaluation.clickAddFeedback();\nawait feedbackForm.enterDate('03092023');\nawait feedbackForm.selectFeedbackDuration('6 Months');\nawait feedbackForm.selectNextReviewType('Annual');\nawait feedbackForm.selectRevisedDesignation('Software Engineer');\nawait feedbackForm.typeIncreament('200000');\nawait feedbackForm.typeDescription('testingggg');\nawait feedbackForm.clickSubmit();\nconst alertText = await evaluation.checkAlert();\nutilFun.assertEql(alertText, 'Increment status is updated successfully');",
              "err": {},
              "uuid": "d372c21f-135a-4e6a-a391-a7d8d20a801f",
              "parentUUID": "5d4e38d0-d19f-4cff-aa76-c899468cca54",
              "isHook": false,
              "skipped": false
            },
            {
              "title": "should able to edit review form",
              "fullTitle": "Performance Base Evaluations should able to edit review form",
              "timedOut": false,
              "duration": 9376,
              "state": "passed",
              "speed": "slow",
              "pass": true,
              "fail": false,
              "pending": false,
              "context": null,
              "code": "await evaluation.clickFilterButton();\nawait evaluation.searchName('James Salinas');\nawait utilFun.wait(1000);\nconst name = await evaluation.getResourseName();\nutilFun.assertEql(name, 'James Salinas');\nawait evaluation.clickEditForm();\nawait utilFun.wait(1000);\nawait feedbackForm.enterDate('03102023');\nawait feedbackForm.selectFeedbackDuration('3 Months');\nawait feedbackForm.selectNextReviewType('Annual');\nawait feedbackForm.selectRevisedDesignation('Software Engineer');\nawait feedbackForm.typeIncreament('200000');\nawait feedbackForm.typeDescription('updated');\nawait feedbackForm.clickSubmit();\nconst alertText = await evaluation.checkAlert();\nutilFun.assertEql(alertText, 'Increment status is updated successfully');",
              "err": {},
              "uuid": "6f9a6a8f-66c0-4983-a91d-0d52c2d3490b",
              "parentUUID": "5d4e38d0-d19f-4cff-aa76-c899468cca54",
              "isHook": false,
              "skipped": false
            },
            {
              "title": "should able to defer review",
              "fullTitle": "Performance Base Evaluations should able to defer review",
              "timedOut": false,
              "duration": 5929,
              "state": "passed",
              "speed": "slow",
              "pass": true,
              "fail": false,
              "pending": false,
              "context": null,
              "code": "const query = [\n  `UPDATE employees SET \"designation\" = 'HR' WHERE id = 9474;`,\n  `UPDATE employees SET \"departmentId\" = 7 WHERE id = 9474;`,\n  `UPDATE employees SET \"designationId\" = 77 WHERE id = 9474;`,\n];\nawait utilFun.udpateDatabase(query);\nawait utilFun.refresh();\nawait evaluation.clickFilterButton();\nawait evaluation.searchName('James Salinas');\nawait utilFun.wait(1000);\nconst name = await evaluation.getResourseName();\nutilFun.assertEql(name, 'James Salinas');\nawait evaluation.clickDefer();\nawait evaluation.clickDeferType();\nawait utilFun.wait(1000);\nawait evaluation.selectDeferType('2 Weeks');\nawait evaluation.typeDeferReason('testing');\nawait evaluation.clickSubmitBtn();\nconst alertText = await evaluation.checkAlert();\nutilFun.assertEql(alertText, 'Increment status is updated successfully');",
              "err": {},
              "uuid": "cf151066-0d51-4af6-8a7a-28e54d88ef88",
              "parentUUID": "5d4e38d0-d19f-4cff-aa76-c899468cca54",
              "isHook": false,
              "skipped": false
            },
            {
              "title": "should able to complete review",
              "fullTitle": "Performance Base Evaluations should able to complete review",
              "timedOut": false,
              "duration": 9591,
              "state": "passed",
              "speed": "slow",
              "pass": true,
              "fail": false,
              "pending": false,
              "context": null,
              "code": "const query = [\n  `UPDATE employees SET \"designation\" = 'HR' WHERE id = 9474;`,\n  `UPDATE employees SET \"departmentId\" = 7 WHERE id = 9474;`,\n  `UPDATE employees SET \"designationId\" = 77 WHERE id = 9474;`,\n  `UPDATE employee_evaluations SET \"processType\" = NULL WHERE id = 26;`,\n  `UPDATE employee_evaluations SET \"reasonForDefer\" = NULL WHERE id = 26;`,\n  `UPDATE employee_evaluations SET \"processDate\" = NULL WHERE id = 26;`,\n];\nawait utilFun.udpateDatabase(query);\nawait utilFun.refresh();\nawait evaluation.clickFilterButton();\nawait evaluation.searchName('James Salinas');\nawait utilFun.wait(1000);\nconst name = await evaluation.getResourseName();\nutilFun.assertEql(name, 'James Salinas');\nawait evaluation.clickComplete();\nawait feedbackForm.enterDate('03102023');\nawait feedbackForm.selectFeedbackDuration('3 Months');\nawait feedbackForm.selectNextReviewType('Annual');\nawait feedbackForm.selectRevisedDesignation('Software Engineer');\nawait feedbackForm.typeIncreament('200000');\nawait feedbackForm.clickSubmit();\nconst alertText = await evaluation.checkAlert();\nutilFun.assertEql(alertText, 'Increment status is updated successfully');",
              "err": {},
              "uuid": "2bf74728-3206-4506-9643-d579922412e4",
              "parentUUID": "5d4e38d0-d19f-4cff-aa76-c899468cca54",
              "isHook": false,
              "skipped": false
            }
          ],
          "suites": [],
          "passes": [
            "03676018-f3c5-4d44-80fb-7c1adeaefbe6",
            "0ec419d0-076f-4606-b101-7872c9059c18",
            "0c9c4e71-8cb1-46c1-a2ba-83325c8961c1",
            "f960e38b-775d-45c7-936e-420bbe2e8925",
            "a308d2dd-852d-480e-9f51-4a2e59ad7ead",
            "5232e767-e491-4416-876e-ad2aea20d3b4",
            "b5fd00d1-8e1d-4a5f-87d4-d1305953416c",
            "a954b9a9-12a5-4288-bb90-2923191d1e81",
            "d2790bd3-b19d-4b22-b751-5156c589f6c0",
            "849de2aa-7aba-4eaf-8600-e745a31e8fe7",
            "67ec36af-4cc2-446b-8c03-4389791496b6",
            "d372c21f-135a-4e6a-a391-a7d8d20a801f",
            "6f9a6a8f-66c0-4983-a91d-0d52c2d3490b",
            "cf151066-0d51-4af6-8a7a-28e54d88ef88",
            "2bf74728-3206-4506-9643-d579922412e4"
          ],
          "failures": [],
          "pending": [],
          "skipped": [],
          "duration": 88030,
          "root": false,
          "rootEmpty": false,
          "_timeout": 100000
        },
        {
          "uuid": "c56216fe-2668-40bc-a752-80700c204e8f",
          "title": "Retention Base Evaluations",
          "fullFile": "/home/devops/invohub/resource-engagement/test/e2e/evaluation/spec_3_retention.js",
          "file": "/test/e2e/evaluation/spec_3_retention.js",
          "beforeHooks": [
            {
              "title": "\"before all\" hook in \"Retention Base Evaluations\"",
              "fullTitle": "Retention Base Evaluations \"before all\" hook in \"Retention Base Evaluations\"",
              "timedOut": false,
              "duration": 14782,
              "state": null,
              "speed": null,
              "pass": false,
              "fail": false,
              "pending": false,
              "context": null,
              "code": "await utilFun.loginAccount()\nconst url = await utilFun.getUrl();\nassert.equal(url, baseUrl + '/home');\nlet query = [\n  `UPDATE employee_evaluations SET \"incrementType\" = 'retention' WHERE id = 26;`,\n  `UPDATE employees SET \"designation\" = 'Software Engineer' WHERE id = 9474;`,\n  `UPDATE employees SET \"departmentId\" = 9 WHERE id = 9474;`,\n  `UPDATE employees SET \"designationId\" = 138 WHERE id = 9474;`,\n  `UPDATE employee_evaluations SET \"processType\" = NULL WHERE id = 26;`,\n  `UPDATE employee_evaluations SET \"reasonForDefer\" = NULL WHERE id = 26;`,\n  `UPDATE employee_evaluations SET \"processDate\" = NULL WHERE id = 26;`,\n  `UPDATE employee_evaluations SET \"feedback\" = NULL WHERE id = 26;`,\n];\nawait utilFun.udpateDatabase(query);",
              "err": {},
              "uuid": "0d0a17ad-6976-49fd-9ebe-dff5cc550a00",
              "parentUUID": "c56216fe-2668-40bc-a752-80700c204e8f",
              "isHook": true,
              "skipped": false
            },
            {
              "title": "\"before each\" hook in \"Retention Base Evaluations\"",
              "fullTitle": "Retention Base Evaluations \"before each\" hook in \"Retention Base Evaluations\"",
              "timedOut": false,
              "duration": 4362,
              "state": null,
              "speed": null,
              "pass": false,
              "fail": false,
              "pending": false,
              "context": null,
              "code": "await utilFun.visit(baseUrl + '/evaluationRetention');\nawait utilFun.wait(4000);",
              "err": {},
              "uuid": "e7dd0447-08ae-4b4e-9669-2182e4ebcc6e",
              "parentUUID": "c56216fe-2668-40bc-a752-80700c204e8f",
              "isHook": true,
              "skipped": false
            }
          ],
          "afterHooks": [],
          "tests": [
            {
              "title": "should check if retention evaluations are showing",
              "fullTitle": "Retention Base Evaluations should check if retention evaluations are showing",
              "timedOut": false,
              "duration": 36,
              "state": "passed",
              "speed": "fast",
              "pass": true,
              "fail": false,
              "pending": false,
              "context": null,
              "code": "let obj = await evaluation.getAllPendingResourses();\nassert(obj.length > 0, `No Evaluation Found`);",
              "err": {},
              "uuid": "499f2fbc-2424-4c29-a014-7eabafad05bd",
              "parentUUID": "c56216fe-2668-40bc-a752-80700c204e8f",
              "isHook": false,
              "skipped": false
            },
            {
              "title": "should able to filter resoures by name",
              "fullTitle": "Retention Base Evaluations should able to filter resoures by name",
              "timedOut": false,
              "duration": 1806,
              "state": "passed",
              "speed": "slow",
              "pass": true,
              "fail": false,
              "pending": false,
              "context": null,
              "code": "await evaluation.clickFilterButton();\nawait evaluation.searchName('James Salinas');\nawait utilFun.wait(1000);\nconst name = await evaluation.getResourseName();\nutilFun.assertEql(name, 'James Salinas');",
              "err": {},
              "uuid": "2d46c507-09a4-4dac-86ac-45be086bee50",
              "parentUUID": "c56216fe-2668-40bc-a752-80700c204e8f",
              "isHook": false,
              "skipped": false
            },
            {
              "title": "should able to filter resoures by Last Increment",
              "fullTitle": "Retention Base Evaluations should able to filter resoures by Last Increment",
              "timedOut": false,
              "duration": 1447,
              "state": "passed",
              "speed": "slow",
              "pass": true,
              "fail": false,
              "pending": false,
              "context": null,
              "code": "await evaluation.clickFilterButton();\nawait evaluation.selectLastIncrement('N/A');\nconst valuesCount = await evaluation.checkValues();\nutilFun.assertEql(valuesCount, 1);",
              "err": {},
              "uuid": "6951c9ec-35a0-4bbb-bf95-4c5047e413a5",
              "parentUUID": "c56216fe-2668-40bc-a752-80700c204e8f",
              "isHook": false,
              "skipped": false
            },
            {
              "title": "should able to  copy email from options",
              "fullTitle": "Retention Base Evaluations should able to  copy email from options",
              "timedOut": false,
              "duration": 3781,
              "state": "passed",
              "speed": "slow",
              "pass": true,
              "fail": false,
              "pending": false,
              "context": null,
              "code": "await evaluation.clickFilterButton();\nawait evaluation.searchName('James Salinas');\nawait utilFun.wait(1000);\nconst name = await evaluation.getResourseName();\nutilFun.assertEql(name, 'James Salinas');\nawait evaluation.clickOptionBtn();\nawait utilFun.wait(1000);\nawait evaluation.selectOption('Copy Email');\nconst alertText = await evaluation.checkAlert();\nutilFun.assertEql(alertText, 'Email address is copied');",
              "err": {},
              "uuid": "5dea966b-4f16-44eb-b082-07833977636e",
              "parentUUID": "c56216fe-2668-40bc-a752-80700c204e8f",
              "isHook": false,
              "skipped": false
            },
            {
              "title": "should able to Send Email from options",
              "fullTitle": "Retention Base Evaluations should able to Send Email from options",
              "timedOut": false,
              "duration": 8459,
              "state": "passed",
              "speed": "slow",
              "pass": true,
              "fail": false,
              "pending": false,
              "context": null,
              "code": "await evaluation.clickFilterButton();\nawait evaluation.searchName('James Salinas');\nawait utilFun.wait(1000);\nconst name = await evaluation.getResourseName();\nutilFun.assertEql(name, 'James Salinas');\nawait evaluation.clickOptionBtn();\nawait utilFun.wait(1000);\nawait evaluation.selectOption('Send Email');\nawait utilFun.wait(1000);\nawait utilFun.switchWindow(1);\nawait utilFun.wait(3000);\nconst url = await utilFun.getUrl();\nassert.equal(url, 'https://mail.google.com/mail/u/0/?fs=1&tf=cm&to=james@robot-mail.com');\nawait utilFun.closeCurrentTab();\nawait utilFun.switchWindow(0);",
              "err": {},
              "uuid": "270edbb8-7d8a-4268-8149-fac389891769",
              "parentUUID": "c56216fe-2668-40bc-a752-80700c204e8f",
              "isHook": false,
              "skipped": false
            },
            {
              "title": "should able to Open Slack DM from options",
              "fullTitle": "Retention Base Evaluations should able to Open Slack DM from options",
              "timedOut": false,
              "duration": 7352,
              "state": "passed",
              "speed": "slow",
              "pass": true,
              "fail": false,
              "pending": false,
              "context": null,
              "code": "await evaluation.clickFilterButton();\nawait evaluation.searchName('James Salinas');\nawait utilFun.wait(1000);\nconst name = await evaluation.getResourseName();\nutilFun.assertEql(name, 'James Salinas');\nawait evaluation.clickOptionBtn();\nawait utilFun.wait(1000);\nawait evaluation.selectOption('Open Slack DM');\nawait utilFun.wait(1000);\nawait utilFun.switchWindow(1);\nawait utilFun.wait(3000);\nconst url = await utilFun.getUrl();\nassert.equal(url, 'https://invozone.slack.com/?redir=%2Fapp_redirect%3Fchannel%3Dundefined');\nawait utilFun.closeCurrentTab();\nawait utilFun.switchWindow(0);",
              "err": {},
              "uuid": "169703c6-8799-417b-9e55-d5a72088c7d3",
              "parentUUID": "c56216fe-2668-40bc-a752-80700c204e8f",
              "isHook": false,
              "skipped": false
            },
            {
              "title": "should able to see Email from options",
              "fullTitle": "Retention Base Evaluations should able to see Email from options",
              "timedOut": false,
              "duration": 7090,
              "state": "passed",
              "speed": "slow",
              "pass": true,
              "fail": false,
              "pending": false,
              "context": null,
              "code": "await evaluation.clickFilterButton();\nawait evaluation.searchName('James Salinas');\nawait utilFun.wait(1000);\nconst name = await evaluation.getResourseName();\nutilFun.assertEql(name, 'James Salinas');\nawait evaluation.clickOptionBtn();\nawait utilFun.wait(1000);\nawait evaluation.selectOption('See Email');\nawait utilFun.wait(4000);\nconst email = await evaluation.copyEmail();\nassert.equal(email, 'Email: james@robot-mail.com');",
              "err": {},
              "uuid": "df31fc34-3805-4407-8d54-4a87d7b8040e",
              "parentUUID": "c56216fe-2668-40bc-a752-80700c204e8f",
              "isHook": false,
              "skipped": false
            },
            {
              "title": "should able to copy Phone Number from options",
              "fullTitle": "Retention Base Evaluations should able to copy Phone Number from options",
              "timedOut": false,
              "duration": 6659,
              "state": "passed",
              "speed": "slow",
              "pass": true,
              "fail": false,
              "pending": false,
              "context": null,
              "code": "await evaluation.clickFilterButton();\nawait evaluation.searchName('James Salinas');\nawait utilFun.wait(1000);\nconst name = await evaluation.getResourseName();\nutilFun.assertEql(name, 'James Salinas');\nawait evaluation.clickOptionBtn();\nawait utilFun.wait(1000);\nawait evaluation.selectOption('Phone Number');\nawait utilFun.wait(3000);\nawait evaluation.copyPhoneNumber();\nconst alertText = await evaluation.checkAlert();\nassert.equal(alertText, 'Phone# is copied successfully');",
              "err": {},
              "uuid": "661a3de3-2c02-409e-8273-55bf270e7fa6",
              "parentUUID": "c56216fe-2668-40bc-a752-80700c204e8f",
              "isHook": false,
              "skipped": false
            },
            {
              "title": "should able to see Resource Details from options",
              "fullTitle": "Retention Base Evaluations should able to see Resource Details from options",
              "timedOut": false,
              "duration": 4122,
              "state": "passed",
              "speed": "slow",
              "pass": true,
              "fail": false,
              "pending": false,
              "context": null,
              "code": "await evaluation.clickFilterButton();\nawait evaluation.searchName('James Salinas');\nawait utilFun.wait(1000);\nconst name = await evaluation.getResourseName();\nutilFun.assertEql(name, 'James Salinas');\nawait evaluation.clickResource();\nawait utilFun.wait(1000);\nawait utilFun.switchWindow(1);\nawait utilFun.wait(1000);\nconst url = await utilFun.getUrl();\nassert.equal(url, baseUrl + '/resourceDetail/9742?tab=Basic_Information');\nawait utilFun.closeCurrentTab();\nawait utilFun.switchWindow(0);",
              "err": {},
              "uuid": "e1d2a5f6-8f0c-44e3-a4c5-5019d1d0a05c",
              "parentUUID": "c56216fe-2668-40bc-a752-80700c204e8f",
              "isHook": false,
              "skipped": false
            },
            {
              "title": "should able to see employee history",
              "fullTitle": "Retention Base Evaluations should able to see employee history",
              "timedOut": false,
              "duration": 3021,
              "state": "passed",
              "speed": "slow",
              "pass": true,
              "fail": false,
              "pending": false,
              "context": null,
              "code": "await evaluation.clickFilterButton();\nawait evaluation.searchName('James Salinas');\nawait utilFun.wait(1000);\nconst name = await evaluation.getResourseName();\nutilFun.assertEql(name, 'James Salinas');\nawait evaluation.clickSeeFeedback();\nawait utilFun.wait(1000);\nconst title = await evaluation.checkTitle();\nutilFun.assertEql(title, 'Feedback History of James Salinas');\nawait evaluation.checkSelectedTab();",
              "err": {},
              "uuid": "5d17b509-f03c-44a1-8e81-6e3a0dd1dda0",
              "parentUUID": "c56216fe-2668-40bc-a752-80700c204e8f",
              "isHook": false,
              "skipped": false
            },
            {
              "title": "should able to request a review",
              "fullTitle": "Retention Base Evaluations should able to request a review",
              "timedOut": false,
              "duration": 7113,
              "state": "passed",
              "speed": "slow",
              "pass": true,
              "fail": false,
              "pending": false,
              "context": null,
              "code": "await evaluation.clickFilterButton();\nawait evaluation.searchName('James Salinas');\nawait utilFun.wait(1000);\nconst name = await evaluation.getResourseName();\nutilFun.assertEql(name, 'James Salinas');\nawait evaluation.clickSeeFeedback();\nawait utilFun.wait(1000);\nawait evaluation.clickSubmittedReview();\nawait evaluation.clickReqReviewBtn();\nawait utilFun.wait(1000);\nawait evaluation.clickHod('Muhammad Bilal Rafaqat');\nawait evaluation.clickSendReqBtn();\nconst alertText = await evaluation.checkAlert();\nutilFun.assertEql(alertText, 'Request is send successfully.');",
              "err": {},
              "uuid": "219204ed-d8c5-4a6b-ba5f-9544c70468bf",
              "parentUUID": "c56216fe-2668-40bc-a752-80700c204e8f",
              "isHook": false,
              "skipped": false
            },
            {
              "title": "should able to give a review",
              "fullTitle": "Retention Base Evaluations should able to give a review",
              "timedOut": false,
              "duration": 12031,
              "state": "passed",
              "speed": "slow",
              "pass": true,
              "fail": false,
              "pending": false,
              "context": null,
              "code": "const query = [\n  `UPDATE employees SET \"departmentId\" = 9 WHERE id = 9474;`,\n  `UPDATE employees SET \"designationId\" = 83 WHERE id = 9474;`,\n  `UPDATE employees SET \"designation\" = 'Head of Engineering' WHERE id = 9474;`,\n];\nawait utilFun.udpateDatabase(query);\nawait utilFun.refresh();\nawait evaluation.clickFilterButton();\nawait evaluation.searchName('James Salinas');\nawait utilFun.wait(1000);\nconst name = await evaluation.getResourseName();\nutilFun.assertEql(name, 'James Salinas');\nawait evaluation.clickSeeFeedback();\nawait utilFun.wait(1000);\nawait evaluation.clickSubmittedReview();\nawait utilFun.wait(1000);\nawait evaluation.clickAddFeedback();\n// await feedbackForm.enterDate('03092023');\nawait feedbackForm.selectFeedbackDuration('6 Months');\nawait feedbackForm.selectNextReviewType('Annual');\nawait feedbackForm.selectRevisedDesignation('Software Engineer');\nawait feedbackForm.typeIncreament('200000');\nawait feedbackForm.typeDescription('testingggg');\nawait feedbackForm.clickSubmit();\nconst alertText = await evaluation.checkAlert();\nutilFun.assertEql(alertText, 'Increment status is updated successfully');",
              "err": {},
              "uuid": "9bda8853-78e1-4d88-8616-eebd36ddc1cc",
              "parentUUID": "c56216fe-2668-40bc-a752-80700c204e8f",
              "isHook": false,
              "skipped": false
            },
            {
              "title": "should able to edit review form",
              "fullTitle": "Retention Base Evaluations should able to edit review form",
              "timedOut": false,
              "duration": 8737,
              "state": "passed",
              "speed": "slow",
              "pass": true,
              "fail": false,
              "pending": false,
              "context": null,
              "code": "await evaluation.clickFilterButton();\nawait evaluation.searchName('James Salinas');\nawait utilFun.wait(1000);\nconst name = await evaluation.getResourseName();\nutilFun.assertEql(name, 'James Salinas');\nawait evaluation.clickEditForm();\nawait utilFun.wait(1000);\n// await feedbackForm.enterDate('03102023');\nawait feedbackForm.selectFeedbackDuration('3 Months');\nawait feedbackForm.selectNextReviewType('Annual');\nawait feedbackForm.selectRevisedDesignation('Software Engineer');\nawait feedbackForm.typeIncreament('200000');\nawait feedbackForm.typeDescription('updated');\nawait feedbackForm.clickSubmit();\nconst alertText = await evaluation.checkAlert();\nutilFun.assertEql(alertText, 'Increment status is updated successfully');",
              "err": {},
              "uuid": "538903fb-5fe6-40b4-a033-0159853af2c4",
              "parentUUID": "c56216fe-2668-40bc-a752-80700c204e8f",
              "isHook": false,
              "skipped": false
            },
            {
              "title": "should able to defer review",
              "fullTitle": "Retention Base Evaluations should able to defer review",
              "timedOut": false,
              "duration": 6261,
              "state": "passed",
              "speed": "slow",
              "pass": true,
              "fail": false,
              "pending": false,
              "context": null,
              "code": "const query = [\n  `UPDATE employees SET \"designation\" = 'HR' WHERE id = 9474;`,\n  `UPDATE employees SET \"departmentId\" = 7 WHERE id = 9474;`,\n  `UPDATE employees SET \"designationId\" = 77 WHERE id = 9474;`,\n];\nawait utilFun.udpateDatabase(query);\nawait utilFun.refresh();\nawait evaluation.clickFilterButton();\nawait evaluation.searchName('James Salinas');\nawait utilFun.wait(1000);\nconst name = await evaluation.getResourseName();\nutilFun.assertEql(name, 'James Salinas');\nawait evaluation.clickDefer();\nawait evaluation.clickDeferType();\nawait utilFun.wait(1000);\nawait evaluation.selectDeferType('2 Weeks');\nawait evaluation.typeDeferReason('testing');\nawait evaluation.clickSubmitBtn();\nconst alertText = await evaluation.checkAlert();\nutilFun.assertEql(alertText, 'Increment status is updated successfully');",
              "err": {},
              "uuid": "aa97d2cf-4049-4b64-b858-6133d1230edb",
              "parentUUID": "c56216fe-2668-40bc-a752-80700c204e8f",
              "isHook": false,
              "skipped": false
            },
            {
              "title": "should able to complete review",
              "fullTitle": "Retention Base Evaluations should able to complete review",
              "timedOut": false,
              "duration": 9778,
              "state": "passed",
              "speed": "slow",
              "pass": true,
              "fail": false,
              "pending": false,
              "context": null,
              "code": "const query = [\n  `UPDATE employees SET \"designation\" = 'HR' WHERE id = 9474;`,\n  `UPDATE employees SET \"departmentId\" = 7 WHERE id = 9474;`,\n  `UPDATE employees SET \"designationId\" = 77 WHERE id = 9474;`,\n  `UPDATE employee_evaluations SET \"processType\" = NULL WHERE id = 26;`,\n  `UPDATE employee_evaluations SET \"reasonForDefer\" = NULL WHERE id = 26;`,\n  `UPDATE employee_evaluations SET \"processDate\" = NULL WHERE id = 26;`,\n];\nawait utilFun.udpateDatabase(query);\nawait utilFun.refresh();\nawait evaluation.clickFilterButton();\nawait evaluation.searchName('James Salinas');\nawait utilFun.wait(1000);\nconst name = await evaluation.getResourseName();\nutilFun.assertEql(name, 'James Salinas');\nawait evaluation.clickComplete();\nawait feedbackForm.enterDate('03102023');\nawait feedbackForm.selectFeedbackDuration('3 Months');\nawait feedbackForm.selectNextReviewType('Annual');\nawait feedbackForm.selectRevisedDesignation('Software Engineer');\nawait feedbackForm.typeIncreament('200000');\nawait feedbackForm.clickSubmit();\nconst alertText = await evaluation.checkAlert();\nutilFun.assertEql(alertText, 'Increment status is updated successfully');",
              "err": {},
              "uuid": "d10263d2-b1a1-4de1-88c9-8f3ad84f8042",
              "parentUUID": "c56216fe-2668-40bc-a752-80700c204e8f",
              "isHook": false,
              "skipped": false
            }
          ],
          "suites": [],
          "passes": [
            "499f2fbc-2424-4c29-a014-7eabafad05bd",
            "2d46c507-09a4-4dac-86ac-45be086bee50",
            "6951c9ec-35a0-4bbb-bf95-4c5047e413a5",
            "5dea966b-4f16-44eb-b082-07833977636e",
            "270edbb8-7d8a-4268-8149-fac389891769",
            "169703c6-8799-417b-9e55-d5a72088c7d3",
            "df31fc34-3805-4407-8d54-4a87d7b8040e",
            "661a3de3-2c02-409e-8273-55bf270e7fa6",
            "e1d2a5f6-8f0c-44e3-a4c5-5019d1d0a05c",
            "5d17b509-f03c-44a1-8e81-6e3a0dd1dda0",
            "219204ed-d8c5-4a6b-ba5f-9544c70468bf",
            "9bda8853-78e1-4d88-8616-eebd36ddc1cc",
            "538903fb-5fe6-40b4-a033-0159853af2c4",
            "aa97d2cf-4049-4b64-b858-6133d1230edb",
            "d10263d2-b1a1-4de1-88c9-8f3ad84f8042"
          ],
          "failures": [],
          "pending": [],
          "skipped": [],
          "duration": 87693,
          "root": false,
          "rootEmpty": false,
          "_timeout": 100000
        },
        {
          "uuid": "16a8f0c8-9d3e-4942-b705-0ca9b2ba9dfb",
          "title": "Evaluations History",
          "fullFile": "/home/devops/invohub/resource-engagement/test/e2e/evaluation/spec_4_history.js",
          "file": "/test/e2e/evaluation/spec_4_history.js",
          "beforeHooks": [
            {
              "title": "\"before all\" hook in \"Evaluations History\"",
              "fullTitle": "Evaluations History \"before all\" hook in \"Evaluations History\"",
              "timedOut": false,
              "duration": 12006,
              "state": null,
              "speed": null,
              "pass": false,
              "fail": false,
              "pending": false,
              "context": null,
              "code": "await utilFun.loginAccount()\nconst url = await utilFun.getUrl();\nassert.equal(url, baseUrl + '/home');\nlet query = [\n  `UPDATE employee_evaluations SET \"processType\" = 'COMPLETE' WHERE id = 26;`,\n  `DELETE FROM employee_evaluations WHERE \"employeeId\" = 9742 AND \"incrementType\" = 'designation';`,\n  `UPDATE employee_evaluations SET \"processDate\" = '2023-03-28 17:32:33.501+05' WHERE id = 26;`,\n];\nawait utilFun.udpateDatabase(query);",
              "err": {},
              "uuid": "d4d1360e-ec81-4d51-9433-03147f804b6a",
              "parentUUID": "16a8f0c8-9d3e-4942-b705-0ca9b2ba9dfb",
              "isHook": true,
              "skipped": false
            },
            {
              "title": "\"before each\" hook in \"Evaluations History\"",
              "fullTitle": "Evaluations History \"before each\" hook in \"Evaluations History\"",
              "timedOut": false,
              "duration": 4312,
              "state": null,
              "speed": null,
              "pass": false,
              "fail": false,
              "pending": false,
              "context": null,
              "code": "await utilFun.visit(baseUrl + '/evaluationHistory');\nawait utilFun.wait(4000);",
              "err": {},
              "uuid": "92403072-3462-4e42-8a63-c9f690bac4cf",
              "parentUUID": "16a8f0c8-9d3e-4942-b705-0ca9b2ba9dfb",
              "isHook": true,
              "skipped": false
            }
          ],
          "afterHooks": [],
          "tests": [
            {
              "title": "should check if evaluations history is showing",
              "fullTitle": "Evaluations History should check if evaluations history is showing",
              "timedOut": false,
              "duration": 39,
              "state": "passed",
              "speed": "medium",
              "pass": true,
              "fail": false,
              "pending": false,
              "context": null,
              "code": "let obj = await evaluation.getAllPendingResourses();\nassert(obj.length > 0, `No Evaluation Found`);",
              "err": {},
              "uuid": "d0a2a3c7-2e2d-4950-b211-2fc92a4ee4bd",
              "parentUUID": "16a8f0c8-9d3e-4942-b705-0ca9b2ba9dfb",
              "isHook": false,
              "skipped": false
            },
            {
              "title": "should able to filter resoures by name",
              "fullTitle": "Evaluations History should able to filter resoures by name",
              "timedOut": false,
              "duration": 2003,
              "state": "passed",
              "speed": "slow",
              "pass": true,
              "fail": false,
              "pending": false,
              "context": null,
              "code": "await evaluation.clickFilterButton();\nawait evaluation.searchName('James Salinas');\nawait utilFun.wait(1000);\nconst name = await evaluation.getResourseName();\nutilFun.assertEql(name, 'James Salinas');",
              "err": {},
              "uuid": "44b52933-d882-4729-8082-6026a346a8fb",
              "parentUUID": "16a8f0c8-9d3e-4942-b705-0ca9b2ba9dfb",
              "isHook": false,
              "skipped": false
            },
            {
              "title": "should able to check review is completed",
              "fullTitle": "Evaluations History should able to check review is completed",
              "timedOut": false,
              "duration": 2036,
              "state": "passed",
              "speed": "slow",
              "pass": true,
              "fail": false,
              "pending": false,
              "context": null,
              "code": "await evaluation.clickFilterButton();\nawait evaluation.searchName('James Salinas');\nawait utilFun.wait(1000);\nconst name = await evaluation.checkProcessState()\nutilFun.assertEql(name, 'Complete');",
              "err": {},
              "uuid": "b8e83ace-a5cf-48b5-8172-e894ed76b9cd",
              "parentUUID": "16a8f0c8-9d3e-4942-b705-0ca9b2ba9dfb",
              "isHook": false,
              "skipped": false
            },
            {
              "title": "should able to filter resoures by Review Type",
              "fullTitle": "Evaluations History should able to filter resoures by Review Type",
              "timedOut": false,
              "duration": 1668,
              "state": "passed",
              "speed": "slow",
              "pass": true,
              "fail": false,
              "pending": false,
              "context": null,
              "code": "await evaluation.clickFilterButton();\nawait evaluation.selectReviewType('Annual');\nconst valuesCount = await evaluation.checkValues();\nutilFun.assertEql(valuesCount, 1);",
              "err": {},
              "uuid": "76414591-436b-4501-9753-c782f8a8f9c0",
              "parentUUID": "16a8f0c8-9d3e-4942-b705-0ca9b2ba9dfb",
              "isHook": false,
              "skipped": false
            },
            {
              "title": "should able to filter resoures by Last Increment",
              "fullTitle": "Evaluations History should able to filter resoures by Last Increment",
              "timedOut": false,
              "duration": 1637,
              "state": "passed",
              "speed": "slow",
              "pass": true,
              "fail": false,
              "pending": false,
              "context": null,
              "code": "await evaluation.clickFilterButton();\nawait evaluation.selectLastIncrement('N/A');\nconst valuesCount = await evaluation.checkValues();\nutilFun.assertEql(valuesCount, 1);",
              "err": {},
              "uuid": "db2c5616-c2c1-48da-93cb-c643ea6339b4",
              "parentUUID": "16a8f0c8-9d3e-4942-b705-0ca9b2ba9dfb",
              "isHook": false,
              "skipped": false
            },
            {
              "title": "should able to  copy email from options",
              "fullTitle": "Evaluations History should able to  copy email from options",
              "timedOut": false,
              "duration": 4013,
              "state": "passed",
              "speed": "slow",
              "pass": true,
              "fail": false,
              "pending": false,
              "context": null,
              "code": "await evaluation.clickFilterButton();\nawait evaluation.searchName('James Salinas');\nawait utilFun.wait(1000);\nconst name = await evaluation.getResourseName();\nutilFun.assertEql(name, 'James Salinas');\nawait evaluation.clickOptionBtn();\nawait utilFun.wait(1000);\nawait evaluation.selectOption('Copy Email');\nconst alertText = await evaluation.checkAlert();\nutilFun.assertEql(alertText, 'Email address is copied');",
              "err": {},
              "uuid": "3dc73b03-a166-4959-a93b-c67a9c50ef6b",
              "parentUUID": "16a8f0c8-9d3e-4942-b705-0ca9b2ba9dfb",
              "isHook": false,
              "skipped": false
            },
            {
              "title": "should able to Send Email from options",
              "fullTitle": "Evaluations History should able to Send Email from options",
              "timedOut": false,
              "duration": 8771,
              "state": "passed",
              "speed": "slow",
              "pass": true,
              "fail": false,
              "pending": false,
              "context": null,
              "code": "await evaluation.clickFilterButton();\nawait evaluation.searchName('James Salinas');\nawait utilFun.wait(1000);\nconst name = await evaluation.getResourseName();\nutilFun.assertEql(name, 'James Salinas');\nawait evaluation.clickOptionBtn();\nawait utilFun.wait(1000);\nawait evaluation.selectOption('Send Email');\nawait utilFun.wait(1000);\nawait utilFun.switchWindow(1);\nawait utilFun.wait(3000);\nconst url = await utilFun.getUrl();\nassert.equal(url, 'https://mail.google.com/mail/u/0/?fs=1&tf=cm&to=james@robot-mail.com');\nawait utilFun.closeCurrentTab();\nawait utilFun.switchWindow(0);",
              "err": {},
              "uuid": "14509cfd-4406-4390-b56f-14194e89616b",
              "parentUUID": "16a8f0c8-9d3e-4942-b705-0ca9b2ba9dfb",
              "isHook": false,
              "skipped": false
            },
            {
              "title": "should able to Open Slack DM from options",
              "fullTitle": "Evaluations History should able to Open Slack DM from options",
              "timedOut": false,
              "duration": 7738,
              "state": "passed",
              "speed": "slow",
              "pass": true,
              "fail": false,
              "pending": false,
              "context": null,
              "code": "await evaluation.clickFilterButton();\nawait evaluation.searchName('James Salinas');\nawait utilFun.wait(1000);\nconst name = await evaluation.getResourseName();\nutilFun.assertEql(name, 'James Salinas');\nawait evaluation.clickOptionBtn();\nawait utilFun.wait(1000);\nawait evaluation.selectOption('Open Slack DM');\nawait utilFun.wait(1000);\nawait utilFun.switchWindow(1);\nawait utilFun.wait(3000);\nconst url = await utilFun.getUrl();\nassert.equal(url, 'https://invozone.slack.com/?redir=%2Fapp_redirect%3Fchannel%3Dundefined');\nawait utilFun.closeCurrentTab();\nawait utilFun.switchWindow(0);",
              "err": {},
              "uuid": "9f62a2fa-be2a-4073-b4ae-2fff2f66b018",
              "parentUUID": "16a8f0c8-9d3e-4942-b705-0ca9b2ba9dfb",
              "isHook": false,
              "skipped": false
            },
            {
              "title": "should able to see Email from options",
              "fullTitle": "Evaluations History should able to see Email from options",
              "timedOut": false,
              "duration": 17502,
              "state": "failed",
              "speed": null,
              "pass": false,
              "fail": true,
              "pending": false,
              "context": null,
              "code": "await evaluation.clickFilterButton();\nawait evaluation.searchName('James Salinas');\nawait utilFun.wait(1000);\nconst name = await evaluation.getResourseName();\nutilFun.assertEql(name, 'James Salinas');\nawait evaluation.clickOptionBtn();\nawait utilFun.wait(1000);\nawait evaluation.selectOption('See Email');\nawait utilFun.wait(4000);\nconst email = await evaluation.copyEmail();\nassert.equal(email, 'Email: james@robot-mail.com');",
              "err": {
                "message": "TimeoutError: Waiting for element to be located By(css selector, .text-break)\nWait timed out after 10165ms",
                "estack": "TimeoutError: Waiting for element to be located By(css selector, .text-break)\nWait timed out after 10165ms\n    at /home/devops/invohub/resource-engagement/node_modules/selenium-webdriver/lib/webdriver.js:929:17\n    at process.processTicksAndRejections (node:internal/process/task_queues:95:5)",
                "diff": null
[...]
              "speed": null,
              "pass": false,
              "fail": true,
              "pending": false,
              "context": null,
              "code": "await portfolio.clickFilterBtn()\nawait portfolio.filterByRegion('Pakistan')\nconst rowText = await portfolio.getRowText(); \nassert.ok(rowText.includes('Pakistan'), `Expected text not found.`);",
              "err": {
                "message": "TimeoutError: Waiting for at least one element to be located By(css selector, [data-row-key=\"0\"])\nWait timed out after 10131ms",
                "estack": "TimeoutError: Waiting for at least one element to be located By(css selector, [data-row-key=\"0\"])\nWait timed out after 10131ms\n    at /home/devops/invohub/resource-engagement/node_modules/selenium-webdriver/lib/webdriver.js:929:17\n    at process.processTicksAndRejections (node:internal/process/task_queues:95:5)",
                "diff": null
              },
              "uuid": "8aa200fc-7174-4ebd-ab89-48684c42d3cf",
              "parentUUID": "e007b6b4-3dcf-4eff-b9d4-aa83084d2253",
              "isHook": false,
              "skipped": false
            },
            {
              "title": "should able to fiter Portfolio by Date",
              "fullTitle": "Portfolio Module should able to fiter Portfolio by Date",
              "timedOut": false,
              "duration": 11270,
              "state": "failed",
              "speed": null,
              "pass": false,
              "fail": true,
              "pending": false,
              "context": null,
              "code": "await portfolio.clickFilterBtn()\nawait portfolio.filterByDate('Last 2 Weeks')\nconst rowText = await portfolio.getRowText(); \nassert.ok(rowText.includes(portfolioName), `Expected text not found.`);",
              "err": {
                "message": "TimeoutError: Waiting for at least one element to be located By(css selector, [data-row-key=\"0\"])\nWait timed out after 10123ms",
                "estack": "TimeoutError: Waiting for at least one element to be located By(css selector, [data-row-key=\"0\"])\nWait timed out after 10123ms\n    at /home/devops/invohub/resource-engagement/node_modules/selenium-webdriver/lib/webdriver.js:929:17\n    at process.processTicksAndRejections (node:internal/process/task_queues:95:5)",
                "diff": null
              },
              "uuid": "3daa1bf7-85fa-41e7-93cd-2273a3cdb392",
              "parentUUID": "e007b6b4-3dcf-4eff-b9d4-aa83084d2253",
              "isHook": false,
              "skipped": false
            },
            {
              "title": "should able to Hide Division Colum",
              "fullTitle": "Portfolio Module should able to Hide Division Colum",
              "timedOut": false,
              "duration": 667,
              "state": "failed",
              "speed": null,
              "pass": false,
              "fail": true,
              "pending": false,
              "context": null,
              "code": "await portfolio.clickHideColumsBtn()\nawait portfolio.selectColum('Division')\nconst columnsCount = await portfolio.getTableColumsCount(); \nassert.equal(columnsCount, 13, `Colums count is not Correct.`);\nconst columnsText = await portfolio.getTableColumsAndCheck('Division'); \nassert.equal(columnsText, -1, `Expected Colum is Not Hidden.`);",
              "err": {
                "message": "AssertionError: Colums count is not Correct.",
                "estack": "AssertionError [ERR_ASSERTION]: Colums count is not Correct.\n    at Context.<anonymous> (test/e2e/portfolio/spec-1-portfolio.js:185:12)\n    at process.processTicksAndRejections (node:internal/process/task_queues:95:5)",
                "diff": "- 14\n+ 13\n"
              },
              "uuid": "3b78f6cc-1c97-4f9f-be1a-a4d26572bc95",
              "parentUUID": "e007b6b4-3dcf-4eff-b9d4-aa83084d2253",
              "isHook": false,
              "skipped": false
            },
            {
              "title": "should able to Hide Project Nature Colum",
              "fullTitle": "Portfolio Module should able to Hide Project Nature Colum",
              "timedOut": false,
              "duration": 628,
              "state": "failed",
              "speed": null,
              "pass": false,
              "fail": true,
              "pending": false,
              "context": null,
              "code": "await portfolio.clickHideColumsBtn()\nawait portfolio.selectColum('Project Nature')\nconst columnsCount = await portfolio.getTableColumsCount(); \nassert.equal(columnsCount, 12, `Colums count is not Correct.`);\nconst columnsText = await portfolio.getTableColumsAndCheck('Project Nature'); \nassert.equal(columnsText, -1, `Expected Colum is Not Hidden.`);",
              "err": {
                "message": "AssertionError: Colums count is not Correct.",
                "estack": "AssertionError [ERR_ASSERTION]: Colums count is not Correct.\n    at Context.<anonymous> (test/e2e/portfolio/spec-1-portfolio.js:193:12)\n    at process.processTicksAndRejections (node:internal/process/task_queues:95:5)",
                "diff": "- 13\n+ 12\n"
              },
              "uuid": "79cc8004-d581-4fc9-b9b9-fe4267a65102",
              "parentUUID": "e007b6b4-3dcf-4eff-b9d4-aa83084d2253",
              "isHook": false,
              "skipped": false
            },
            {
              "title": "should able to Hide Tech Stack Colum",
              "fullTitle": "Portfolio Module should able to Hide Tech Stack Colum",
              "timedOut": false,
              "duration": 668,
              "state": "failed",
              "speed": null,
              "pass": false,
              "fail": true,
              "pending": false,
              "context": null,
              "code": "await portfolio.clickHideColumsBtn()\nawait portfolio.selectColum('Tech Stack')\nconst columnsCount = await portfolio.getTableColumsCount(); \nassert.equal(columnsCount, 11, `Colums count is not Correct.`);\nconst columnsText = await portfolio.getTableColumsAndCheck('Tech Stack'); \nassert.equal(columnsText, -1, `Expected Colum is Not Hidden.`);",
              "err": {
                "message": "AssertionError: Colums count is not Correct.",
                "estack": "AssertionError [ERR_ASSERTION]: Colums count is not Correct.\n    at Context.<anonymous> (test/e2e/portfolio/spec-1-portfolio.js:201:12)\n    at process.processTicksAndRejections (node:internal/process/task_queues:95:5)",
                "diff": "- 12\n+ 11\n"
              },
              "uuid": "845cae3f-58ba-40ce-a712-0506bc426356",
              "parentUUID": "e007b6b4-3dcf-4eff-b9d4-aa83084d2253",
              "isHook": false,
              "skipped": false
            },
            {
              "title": "should able to Hide POC Colum",
              "fullTitle": "Portfolio Module should able to Hide POC Colum",
              "timedOut": false,
              "duration": 591,
              "state": "failed",
              "speed": null,
              "pass": false,
              "fail": true,
              "pending": false,
              "context": null,
              "code": "await portfolio.clickHideColumsBtn()\nawait portfolio.selectColum('POC')\nconst columnsCount = await portfolio.getTableColumsCount(); \nassert.equal(columnsCount, 10, `Colums count is not Correct.`);\nconst columnsText = await portfolio.getTableColumsAndCheck('POC'); \nassert.equal(columnsText, -1, `Expected Colum is Not Hidden.`);",
              "err": {
                "message": "AssertionError: Colums count is not Correct.",
                "estack": "AssertionError [ERR_ASSERTION]: Colums count is not Correct.\n    at Context.<anonymous> (test/e2e/portfolio/spec-1-portfolio.js:209:12)\n    at process.processTicksAndRejections (node:internal/process/task_queues:95:5)",
                "diff": "- 11\n+ 10\n"
              },
              "uuid": "b3f614c5-228f-4160-81ca-6d3faab7f9c0",
              "parentUUID": "e007b6b4-3dcf-4eff-b9d4-aa83084d2253",
              "isHook": false,
              "skipped": false
            },
            {
              "title": "should able to Hide Resources Colum",
              "fullTitle": "Portfolio Module should able to Hide Resources Colum",
              "timedOut": false,
              "duration": 558,
              "state": "failed",
              "speed": null,
              "pass": false,
              "fail": true,
              "pending": false,
              "context": null,
              "code": "await portfolio.clickHideColumsBtn()\nawait portfolio.selectColum('Resources')\nconst columnsCount = await portfolio.getTableColumsCount(); \nassert.equal(columnsCount, 9, `Colums count is not Correct.`);\nconst columnsText = await portfolio.getTableColumsAndCheck('Resources'); \nassert.equal(columnsText, -1, `Expected Colum is Not Hidden.`);",
              "err": {
                "message": "AssertionError: Colums count is not Correct.",
                "estack": "AssertionError [ERR_ASSERTION]: Colums count is not Correct.\n    at Context.<anonymous> (test/e2e/portfolio/spec-1-portfolio.js:217:12)\n    at process.processTicksAndRejections (node:internal/process/task_queues:95:5)",
                "diff": "- 10\n+ 9\n"
              },
              "uuid": "06348387-b172-47fd-927d-d2dd1f1cfdd1",
              "parentUUID": "e007b6b4-3dcf-4eff-b9d4-aa83084d2253",
              "isHook": false,
              "skipped": false
            },
            {
              "title": "should able to Hide Tags Colum",
              "fullTitle": "Portfolio Module should able to Hide Tags Colum",
              "timedOut": false,
              "duration": 539,
              "state": "failed",
              "speed": null,
              "pass": false,
              "fail": true,
              "pending": false,
              "context": null,
              "code": "await portfolio.clickHideColumsBtn()\nawait portfolio.selectColum('Tags')\nconst columnsCount = await portfolio.getTableColumsCount(); \nassert.equal(columnsCount, 8, `Colums count is not Correct.`);\nconst columnsText = await portfolio.getTableColumsAndCheck('Tags'); \nassert.equal(columnsText, -1, `Expected Colum is Not Hidden.`);",
              "err": {
                "message": "AssertionError: Colums count is not Correct.",
                "estack": "AssertionError [ERR_ASSERTION]: Colums count is not Correct.\n    at Context.<anonymous> (test/e2e/portfolio/spec-1-portfolio.js:225:12)\n    at process.processTicksAndRejections (node:internal/process/task_queues:95:5)",
                "diff": "- 9\n+ 8\n"
              },
              "uuid": "ae1dcbec-3499-4fdd-9757-7cac4c2093e0",
              "parentUUID": "e007b6b4-3dcf-4eff-b9d4-aa83084d2253",
              "isHook": false,
              "skipped": false
            },
            {
              "title": "should able to Hide Industry Colum",
              "fullTitle": "Portfolio Module should able to Hide Industry Colum",
              "timedOut": false,
              "duration": 535,
              "state": "failed",
              "speed": null,
              "pass": false,
              "fail": true,
              "pending": false,
              "context": null,
              "code": "await portfolio.clickHideColumsBtn()\nawait portfolio.selectColum('Industry')\nconst columnsCount = await portfolio.getTableColumsCount(); \nassert.equal(columnsCount, 7, `Colums count is not Correct.`);\nconst columnsText = await portfolio.getTableColumsAndCheck('Industry'); \nassert.equal(columnsText, -1, `Expected Colum is Not Hidden.`);",
              "err": {
                "message": "AssertionError: Colums count is not Correct.",
                "estack": "AssertionError [ERR_ASSERTION]: Colums count is not Correct.\n    at Context.<anonymous> (test/e2e/portfolio/spec-1-portfolio.js:233:12)\n    at process.processTicksAndRejections (node:internal/process/task_queues:95:5)",
                "diff": "- 8\n+ 7\n"
              },
              "uuid": "66d43cd9-8942-485f-8a4c-479f4a62e5b3",
              "parentUUID": "e007b6b4-3dcf-4eff-b9d4-aa83084d2253",
              "isHook": false,
              "skipped": false
            },
            {
              "title": "should able to Hide Region Colum",
              "fullTitle": "Portfolio Module should able to Hide Region Colum",
              "timedOut": false,
              "duration": 575,
              "state": "failed",
              "speed": null,
              "pass": false,
              "fail": true,
              "pending": false,
              "context": null,
              "code": "await portfolio.clickHideColumsBtn()\nawait portfolio.selectColum('Region')\nconst columnsCount = await portfolio.getTableColumsCount(); \nassert.equal(columnsCount, 6, `Colums count is not Correct.`);\nconst columnsText = await portfolio.getTableColumsAndCheck('Region'); \nassert.equal(columnsText, -1, `Expected Colum is Not Hidden.`);",
              "err": {
                "message": "AssertionError: Colums count is not Correct.",
                "estack": "AssertionError [ERR_ASSERTION]: Colums count is not Correct.\n    at Context.<anonymous> (test/e2e/portfolio/spec-1-portfolio.js:241:12)\n    at process.processTicksAndRejections (node:internal/process/task_queues:95:5)",
                "diff": "- 7\n+ 6\n"
              },
              "uuid": "11fdba54-0418-482a-9069-5108032f6b3e",
              "parentUUID": "e007b6b4-3dcf-4eff-b9d4-aa83084d2253",
              "isHook": false,
              "skipped": false
            },
            {
              "title": "should able to Hide Attachments Colum",
              "fullTitle": "Portfolio Module should able to Hide Attachments Colum",
              "timedOut": false,
              "duration": 512,
              "state": "failed",
              "speed": null,
              "pass": false,
              "fail": true,
              "pending": false,
              "context": null,
              "code": "await portfolio.clickHideColumsBtn()\nawait portfolio.selectColum('Attachments')\nconst columnsCount = await portfolio.getTableColumsCount(); \nassert.equal(columnsCount, 5, `Colums count is not Correct.`);\nconst columnsText = await portfolio.getTableColumsAndCheck('Attachments'); \nassert.equal(columnsText, -1, `Expected Colum is Not Hidden.`);",
              "err": {
                "message": "AssertionError: Colums count is not Correct.",
                "estack": "AssertionError [ERR_ASSERTION]: Colums count is not Correct.\n    at Context.<anonymous> (test/e2e/portfolio/spec-1-portfolio.js:249:12)\n    at process.processTicksAndRejections (node:internal/process/task_queues:95:5)",
                "diff": "- 6\n+ 5\n"
              },
              "uuid": "eac2da92-b838-4c82-a582-5a49ca3db244",
              "parentUUID": "e007b6b4-3dcf-4eff-b9d4-aa83084d2253",
              "isHook": false,
              "skipped": false
            },
            {
              "title": "should able to Hide Achievements Colum",
              "fullTitle": "Portfolio Module should able to Hide Achievements Colum",
              "timedOut": false,
              "duration": 533,
              "state": "failed",
              "speed": null,
              "pass": false,
              "fail": true,
              "pending": false,
              "context": null,
              "code": "await portfolio.clickHideColumsBtn()\nawait portfolio.selectColum('Achievements')\nconst columnsCount = await portfolio.getTableColumsCount(); \nassert.equal(columnsCount, 4, `Colums count is not Correct.`);\nconst columnsText = await portfolio.getTableColumsAndCheck('Achievements'); \nassert.equal(columnsText, -1, `Expected Colum is Not Hidden.`);",
              "err": {
                "message": "AssertionError: Colums count is not Correct.",
                "estack": "AssertionError [ERR_ASSERTION]: Colums count is not Correct.\n    at Context.<anonymous> (test/e2e/portfolio/spec-1-portfolio.js:257:12)\n    at process.processTicksAndRejections (node:internal/process/task_queues:95:5)",
                "diff": "- 5\n+ 4\n"
              },
              "uuid": "12e81d89-b724-4658-a6b4-a6386291f321",
              "parentUUID": "e007b6b4-3dcf-4eff-b9d4-aa83084d2253",
              "isHook": false,
              "skipped": false
            },
            {
              "title": "should able to Hide Git Access Colum",
              "fullTitle": "Portfolio Module should able to Hide Git Access Colum",
              "timedOut": false,
              "duration": 493,
              "state": "failed",
              "speed": null,
              "pass": false,
              "fail": true,
              "pending": false,
              "context": null,
              "code": "await portfolio.clickHideColumsBtn()\nawait portfolio.selectColum('Git Access')\nconst columnsCount = await portfolio.getTableColumsCount(); \nassert.equal(columnsCount, 3, `Colums count is not Correct.`);\nconst columnsText = await portfolio.getTableColumsAndCheck('Git Access'); \nassert.equal(columnsText, -1, `Expected Colum is Not Hidden.`);",
              "err": {
                "message": "AssertionError: Colums count is not Correct.",
                "estack": "AssertionError [ERR_ASSERTION]: Colums count is not Correct.\n    at Context.<anonymous> (test/e2e/portfolio/spec-1-portfolio.js:265:12)\n    at process.processTicksAndRejections (node:internal/process/task_queues:95:5)",
                "diff": "- 4\n+ 3\n"
              },
              "uuid": "3fcd7ab4-e812-46a6-9234-31cc96ddb58d",
              "parentUUID": "e007b6b4-3dcf-4eff-b9d4-aa83084d2253",
              "isHook": false,
              "skipped": false
            }
          ],
          "suites": [],
          "passes": [
            "6c9c47fc-93cf-4cd3-a4f3-65a301561219"
          ],
          "failures": [
            "ab77f18b-eb7f-4e08-af5b-fbe0206a07b6",
            "6b72fd4c-00ad-47c4-83da-a62e6b5fc3df",
            "332f0f5f-2af3-46b3-b477-4a026cbd793b",
            "031f5691-848d-4bde-8d1c-406de52f4d7e",
            "8342a7e1-c5f8-42e9-b261-603ebf1569c7",
            "fd305036-573c-4d1e-afb2-5b3cf6d31cd5",
            "d680e792-b727-4055-9a55-6717d1e5ec2d",
            "7bd7f8bd-8097-40a4-9427-8f953a609b77",
            "8d69a56f-b6c4-42f3-b45c-f87c3a7eb2a5",
            "a2d7c3a3-7db4-4ad2-be51-e0aaa73cb45a",
            "8aa200fc-7174-4ebd-ab89-48684c42d3cf",
            "3daa1bf7-85fa-41e7-93cd-2273a3cdb392",
            "3b78f6cc-1c97-4f9f-be1a-a4d26572bc95",
            "79cc8004-d581-4fc9-b9b9-fe4267a65102",
            "845cae3f-58ba-40ce-a712-0506bc426356",
            "b3f614c5-228f-4160-81ca-6d3faab7f9c0",
            "06348387-b172-47fd-927d-d2dd1f1cfdd1",
            "ae1dcbec-3499-4fdd-9757-7cac4c2093e0",
            "66d43cd9-8942-485f-8a4c-479f4a62e5b3",
            "11fdba54-0418-482a-9069-5108032f6b3e",
            "eac2da92-b838-4c82-a582-5a49ca3db244",
            "12e81d89-b724-4658-a6b4-a6386291f321",
            "3fcd7ab4-e812-46a6-9234-31cc96ddb58d"
          ],
          "pending": [],
          "skipped": [],
          "duration": 137412,
          "root": false,
          "rootEmpty": false,
          "_timeout": 100000
        }
      ],
      "passes": [],
      "failures": [],
      "pending": [],
      "skipped": [],
      "duration": 0,
      "root": true,
      "rootEmpty": true,
      "_timeout": 100000
    }
  ],
  "meta": {
    "mocha": {
      "version": "10.2.0"
    },
    "mochawesome": {
      "options": {
        "quiet": false,
        "reportFilename": "mochawesome",
        "saveHtml": true,
        "saveJson": true,
        "consoleReporter": "spec",
        "useInlineDiffs": false,
        "code": true
      },
      "version": "7.1.3"
    },
    "marge": {
      "options": {
        "reportDir": "test/report"
      },
      "version": "6.2.0"
    }
  }
}