{
  "stats": {
    "suites": 8,
    "tests": 0,
    "passes": 0,
    "pending": 0,
    "failures": 0,
    "start": "2023-12-27T14:35:42.044Z",
    "end": "2023-12-27T14:40:07.860Z",
    "duration": 265816,
    "testsRegistered": 139,
    "passPercent": 0,
    "pendingPercent": 0,
    "other": 8,
    "hasOther": true,
    "skipped": 139,
    "hasSkipped": true
  },
  "results": [
    {
      "uuid": "0209cd97-5484-4f2f-93b6-be93c3f5bca2",
      "title": "",
      "fullFile": "",
      "file": "",
      "beforeHooks": [],
      "afterHooks": [],
      "tests": [],
      "suites": [
        {
          "uuid": "0cadd8c6-a01e-4c80-9d2d-0a8f7959687c",
          "title": "Pending Evaluations",
          "fullFile": "/home/devops/invohub/resource-engagement/test/e2e/evaluation/spec_1_pendings.js",
          "file": "/test/e2e/evaluation/spec_1_pendings.js",
          "beforeHooks": [
            {
              "title": "\"before all\" hook for \"should check if pending evaluations are showing\"",
              "fullTitle": "Pending Evaluations \"before all\" hook for \"should check if pending evaluations are showing\"",
              "timedOut": false,
              "duration": 26262,
              "state": "failed",
              "speed": null,
              "pass": false,
              "fail": true,
              "pending": false,
              "context": null,
              "code": "await utilFun.login(email, password);\nconst url = await utilFun.getUrl();\nassert.equal(url, baseUrl + '/home');\nlet query =[\n    `UPDATE employee_evaluations SET \"incrementType\" = 'annual' WHERE id = 26;`,\n    `UPDATE employee_evaluations SET \"processType\" = NULL WHERE id = 26;`,\n    `UPDATE employee_evaluations SET \"reasonForDefer\" = NULL WHERE id = 26;`,\n    `UPDATE employee_evaluations SET \"processDate\" = NULL WHERE id = 26;`,\n    `UPDATE employee_evaluations SET \"feedback\" = NULL WHERE id = 26;`,\n  `DELETE FROM employee_evaluations WHERE \"employeeId\" = 9742 AND \"incrementType\" = 'designation';`,\n    ];\n    await utilFun.udpateDatabase(query);",
              "err": {
                "message": "TimeoutError: Waiting for element to be located By(css selector, input[name=\"Passwd\"])\nWait timed out after 20041ms",
                "estack": "TimeoutError: Waiting for element to be located By(css selector, input[name=\"Passwd\"])\nWait timed out after 20041ms\n    at /home/devops/invohub/resource-engagement/node_modules/selenium-webdriver/lib/webdriver.js:929:17\n    at process.processTicksAndRejections (node:internal/process/task_queues:95:5)",
                "diff": null
              },
              "uuid": "d439c091-b0a6-4a2b-984f-ac8a9d45d33a",
              "parentUUID": "0cadd8c6-a01e-4c80-9d2d-0a8f7959687c",
              "isHook": true,
              "skipped": false
            },
            {
              "title": "\"before each\" hook",
              "fullTitle": "Pending Evaluations \"before each\" hook",
              "timedOut": false,
              "duration": 0,
              "state": null,
              "speed": null,
              "pass": false,
              "fail": false,
              "pending": false,
              "context": null,
              "code": "await utilFun.visit(baseUrl + '/evaluation');\nawait utilFun.wait(3000);",
              "err": {},
              "uuid": "dd9be7b2-3cb9-4f7a-8576-84ad3322c3be",
              "parentUUID": "0cadd8c6-a01e-4c80-9d2d-0a8f7959687c",
              "isHook": true,
              "skipped": false
            }
          ],
          "afterHooks": [],
          "tests": [
            {
              "title": "should check if pending evaluations are showing",
              "fullTitle": "Pending Evaluations should check if pending evaluations are showing",
              "timedOut": false,
              "duration": 0,
              "state": null,
              "speed": null,
              "pass": false,
              "fail": false,
              "pending": false,
              "context": null,
              "code": "let obj = await evaluation.getAllPendingResourses();\nassert(obj.length > 0, `No Evaluation Found`);",
              "err": {},
              "uuid": "a3b90b59-df4f-49a9-9ec7-ca052c01a574",
              "parentUUID": "0cadd8c6-a01e-4c80-9d2d-0a8f7959687c",
              "isHook": false,
              "skipped": true
            },
            {
              "title": "should able to filter resoures by name",
              "fullTitle": "Pending Evaluations should able to filter resoures by name",
              "timedOut": false,
              "duration": 0,
              "state": null,
              "speed": null,
              "pass": false,
              "fail": false,
              "pending": false,
              "context": null,
              "code": "await evaluation.clickFilterButton();\nawait evaluation.searchName('James Salinas');\nawait utilFun.wait(1000);\nconst name = await evaluation.getResourseName();\nutilFun.assertEql(name, 'James Salinas');",
              "err": {},
              "uuid": "a3e2a799-6dad-4eac-965d-da2feabadb40",
              "parentUUID": "0cadd8c6-a01e-4c80-9d2d-0a8f7959687c",
              "isHook": false,
              "skipped": true
            },
            {
              "title": "should able to filter resoures by Review Type",
              "fullTitle": "Pending Evaluations should able to filter resoures by Review Type",
              "timedOut": false,
              "duration": 0,
              "state": null,
              "speed": null,
              "pass": false,
              "fail": false,
              "pending": false,
              "context": null,
              "code": "await evaluation.clickFilterButton();\nawait evaluation.selectReviewType('Annual');\nconst valuesCount = await evaluation.checkValues();\nutilFun.assertEql(valuesCount, 1);",
              "err": {},
              "uuid": "e34d12f2-73b7-48b2-8f70-dff925ea2a57",
              "parentUUID": "0cadd8c6-a01e-4c80-9d2d-0a8f7959687c",
              "isHook": false,
              "skipped": true
            },
            {
              "title": "should able to filter resoures by Last Increment",
              "fullTitle": "Pending Evaluations should able to filter resoures by Last Increment",
              "timedOut": false,
              "duration": 0,
              "state": null,
              "speed": null,
              "pass": false,
              "fail": false,
              "pending": false,
              "context": null,
              "code": "await evaluation.clickFilterButton();\nawait evaluation.selectLastIncrement('N/A');\nconst valuesCount = await evaluation.checkValues();\nutilFun.assertEql(valuesCount, 1);",
              "err": {},
              "uuid": "67960f59-2c86-4210-9103-3b407dbe641e",
              "parentUUID": "0cadd8c6-a01e-4c80-9d2d-0a8f7959687c",
              "isHook": false,
              "skipped": true
            },
            {
              "title": "should able to  copy email from options",
              "fullTitle": "Pending Evaluations should able to  copy email from options",
              "timedOut": false,
              "duration": 0,
              "state": null,
              "speed": null,
              "pass": false,
              "fail": false,
              "pending": false,
              "context": null,
              "code": "await evaluation.clickFilterButton();\nawait evaluation.searchName('James Salinas');\nawait utilFun.wait(1000);\nconst name = await evaluation.getResourseName();\nutilFun.assertEql(name, 'James Salinas');\nawait evaluation.clickOptionBtn();\nawait utilFun.wait(1000);\nawait evaluation.selectOption('Copy Email');\nawait utilFun.wait(3000);\nconst alertText = await evaluation.checkAlert();\nutilFun.assertEql(alertText, 'Email address is copied');",
              "err": {},
              "uuid": "4c4d6cd8-3e09-4a19-9406-fb4b40d94326",
              "parentUUID": "0cadd8c6-a01e-4c80-9d2d-0a8f7959687c",
              "isHook": false,
              "skipped": true
            },
            {
              "title": "should able to Send Email from options",
              "fullTitle": "Pending Evaluations should able to Send Email from options",
              "timedOut": false,
              "duration": 0,
              "state": null,
              "speed": null,
              "pass": false,
              "fail": false,
              "pending": false,
              "context": null,
              "code": "await evaluation.clickFilterButton();\nawait evaluation.searchName('James Salinas');\nawait utilFun.wait(1000);\nconst name = await evaluation.getResourseName();\nutilFun.assertEql(name, 'James Salinas');\nawait evaluation.clickOptionBtn();\nawait utilFun.wait(1000);\nawait evaluation.selectOption('Send Email');\nawait utilFun.wait(1000);\nawait utilFun.switchWindow(1);\nawait utilFun.wait(3000);\nconst url = await utilFun.getUrl();\nassert.equal(url, 'https://mail.google.com/mail/u/0/?fs=1&tf=cm&to=james@robot-mail.com');\nawait utilFun.closeCurrentTab();\nawait utilFun.switchWindow(0);",
              "err": {},
              "uuid": "a273e1a9-0535-403a-b822-f8745425a2ed",
              "parentUUID": "0cadd8c6-a01e-4c80-9d2d-0a8f7959687c",
              "isHook": false,
              "skipped": true
            },
            {
              "title": "should able to Open Slack DM from options",
              "fullTitle": "Pending Evaluations should able to Open Slack DM from options",
              "timedOut": false,
              "duration": 0,
              "state": null,
              "speed": null,
              "pass": false,
              "fail": false,
              "pending": false,
              "context": null,
              "code": "await evaluation.clickFilterButton();\nawait evaluation.searchName('James Salinas');\nawait utilFun.wait(1000);\nconst name = await evaluation.getResourseName();\nutilFun.assertEql(name, 'James Salinas');\nawait evaluation.clickOptionBtn();\nawait utilFun.wait(1000);\nawait evaluation.selectOption('Open Slack DM');\nawait utilFun.wait(1000);\nawait utilFun.switchWindow(1);\nawait utilFun.wait(3000);\nconst url = await utilFun.getUrl();\nassert.equal(url, 'https://invozone.slack.com/?redir=%2Fapp_redirect%3Fchannel%3Dundefined');\nawait utilFun.closeCurrentTab();\nawait utilFun.switchWindow(0);",
              "err": {},
              "uuid": "30e05d6d-80d0-461c-9dab-ea4a9bb28ea7",
              "parentUUID": "0cadd8c6-a01e-4c80-9d2d-0a8f7959687c",
              "isHook": false,
              "skipped": true
            },
            {
              "title": "should able to see Email from options",
              "fullTitle": "Pending Evaluations should able to see Email from options",
              "timedOut": false,
              "duration": 0,
              "state": null,
              "speed": null,
              "pass": false,
              "fail": false,
              "pending": false,
              "context": null,
              "code": "await evaluation.clickFilterButton();\nawait evaluation.searchName('James Salinas');\nawait utilFun.wait(1000);\nconst name = await evaluation.getResourseName();\nutilFun.assertEql(name, 'James Salinas');\nawait evaluation.clickOptionBtn();\nawait utilFun.wait(1000);\nawait evaluation.selectOption('See Email');\nawait utilFun.wait(3000);\nconst email = await evaluation.copyEmail();\nassert.equal(email, 'Email: james@robot-mail.com');",
              "err": {},
              "uuid": "1bea6c48-632d-4b38-a591-d3a0f0829121",
              "parentUUID": "0cadd8c6-a01e-4c80-9d2d-0a8f7959687c",
              "isHook": false,
              "skipped": true
            },
            {
              "title": "should able to copy Phone Number from options",
              "fullTitle": "Pending Evaluations should able to copy Phone Number from options",
              "timedOut": false,
              "duration": 0,
              "state": null,
              "speed": null,
              "pass": false,
              "fail": false,
              "pending": false,
              "context": null,
              "code": "await evaluation.clickFilterButton();\nawait evaluation.searchName('James Salinas');\nawait utilFun.wait(1000);\nconst name = await evaluation.getResourseName();\nutilFun.assertEql(name, 'James Salinas');\nawait evaluation.clickOptionBtn();\nawait utilFun.wait(1000);\nawait evaluation.selectOption('Phone Number');\nawait utilFun.wait(3000);\nawait evaluation.copyPhoneNumber();\nconst alertText = await evaluation.checkAlert();\nassert.equal(alertText, 'Phone# is copied successfully');",
              "err": {},
              "uuid": "27f4d0b3-9062-4de5-b14b-87fec515dbc7",
              "parentUUID": "0cadd8c6-a01e-4c80-9d2d-0a8f7959687c",
              "isHook": false,
              "skipped": true
            },
            {
              "title": "should able to see Resource Details from options",
              "fullTitle": "Pending Evaluations should able to see Resource Details from options",
              "timedOut": false,
              "duration": 0,
              "state": null,
              "speed": null,
              "pass": false,
              "fail": false,
              "pending": false,
              "context": null,
              "code": "await evaluation.clickFilterButton();\nawait evaluation.searchName('James Salinas');\nawait utilFun.wait(1000);\nconst name = await evaluation.getResourseName();\nutilFun.assertEql(name, 'James Salinas');\nawait evaluation.clickResource();\nawait utilFun.wait(1000);\nawait utilFun.switchWindow(1);\nawait utilFun.wait(1000);\nconst url = await utilFun.getUrl();\nassert.equal(url, 'http://localhost:3000/resourceDetail/9742?tab=Basic_Information');\nawait utilFun.closeCurrentTab();\nawait utilFun.switchWindow(0);",
              "err": {},
              "uuid": "da80352f-72ba-4077-9a93-320184d7c40b",
              "parentUUID": "0cadd8c6-a01e-4c80-9d2d-0a8f7959687c",
              "isHook": false,
              "skipped": true
            },
            {
              "title": "should able to see employee history",
              "fullTitle": "Pending Evaluations should able to see employee history",
              "timedOut": false,
              "duration": 0,
              "state": null,
              "speed": null,
              "pass": false,
              "fail": false,
              "pending": false,
              "context": null,
              "code": "await evaluation.clickFilterButton();\nawait evaluation.searchName('James Salinas');\nawait utilFun.wait(1000);\nconst name = await evaluation.getResourseName();\nutilFun.assertEql(name, 'James Salinas');\nawait evaluation.clickSeeFeedback();\nawait utilFun.wait(1000);\nconst title = await evaluation.checkTitle();\nutilFun.assertEql(title, 'Feedback History of James Salinas');\nawait evaluation.checkSelectedTab();",
              "err": {},
              "uuid": "1b2e07c7-b429-4b1e-8ed5-5e8eaeccc964",
              "parentUUID": "0cadd8c6-a01e-4c80-9d2d-0a8f7959687c",
              "isHook": false,
              "skipped": true
            },
            {
              "title": "should able to request a review",
              "fullTitle": "Pending Evaluations should able to request a review",
              "timedOut": false,
              "duration": 0,
              "state": null,
              "speed": null,
              "pass": false,
              "fail": false,
              "pending": false,
              "context": null,
              "code": "await evaluation.clickFilterButton();\nawait evaluation.searchName('James Salinas');\nawait utilFun.wait(1000);\nconst name = await evaluation.getResourseName();\nutilFun.assertEql(name, 'James Salinas');\nawait evaluation.clickSeeFeedback();\nawait utilFun.wait(1000);\nawait evaluation.clickSubmittedReview();\nawait evaluation.clickReqReviewBtn();\nawait utilFun.wait(1000);\nawait evaluation.clickHod('Muhammad Bilal Rafaqat');\nawait evaluation.clickSendReqBtn();\nconst alertText = await evaluation.checkAlert();\nutilFun.assertEql(alertText, 'Request is send successfully.');",
              "err": {},
              "uuid": "3b3e3ee7-a6cc-4753-a997-65a83b52130f",
              "parentUUID": "0cadd8c6-a01e-4c80-9d2d-0a8f7959687c",
              "isHook": false,
              "skipped": true
            },
            {
              "title": "should able to give a review",
              "fullTitle": "Pending Evaluations should able to give a review",
              "timedOut": false,
              "duration": 0,
              "state": null,
              "speed": null,
              "pass": false,
              "fail": false,
              "pending": false,
              "context": null,
              "code": "const query = [\n  `UPDATE employees SET \"departmentId\" = 9 WHERE id = 9474;`,\n  `UPDATE employees SET \"designationId\" = 83 WHERE id = 9474;`,\n  `UPDATE employees SET \"designation\" = 'Head of Engineering' WHERE id = 9474;`,\n];\nawait utilFun.udpateDatabase(query);\nawait utilFun.refresh();\nawait evaluation.clickFilterButton();\nawait evaluation.searchName('James Salinas');\nawait utilFun.wait(1000);\nconst name = await evaluation.getResourseName();\nutilFun.assertEql(name, 'James Salinas');\nawait evaluation.clickSeeFeedback();\nawait utilFun.wait(1000);\nawait evaluation.clickSubmittedReview();\nawait utilFun.wait(1000);\nawait evaluation.clickAddFeedback();\n// await feedbackForm.enterDate('03092023');\nawait feedbackForm.selectFeedbackDuration('6 Months');\nawait feedbackForm.selectNextReviewType('Annual');\nawait feedbackForm.selectRevisedDesignation('Software Engineer');\nawait feedbackForm.selectRevisedDesignationCategory('Automation');\nawait feedbackForm.typeIncreament('200000');\nawait feedbackForm.typeDescription('testingggg');\nawait feedbackForm.clickSubmit();\nconst alertText = await evaluation.checkAlert();\nutilFun.assertEql(alertText, 'Increment status is updated successfully');",
              "err": {},
              "uuid": "eb127015-468f-4e41-9142-9b006a5e30cf",
              "parentUUID": "0cadd8c6-a01e-4c80-9d2d-0a8f7959687c",
              "isHook": false,
              "skipped": true
            },
            {
              "title": "should able to edit review form",
              "fullTitle": "Pending Evaluations should able to edit review form",
              "timedOut": false,
              "duration": 0,
              "state": null,
              "speed": null,
              "pass": false,
              "fail": false,
              "pending": false,
              "context": null,
              "code": "await evaluation.clickFilterButton();\nawait evaluation.searchName('James Salinas');\nawait utilFun.wait(1000);\nconst name = await evaluation.getResourseName();\nutilFun.assertEql(name, 'James Salinas');\nawait evaluation.clickEditForm();\nawait utilFun.wait(1000);\n// await feedbackForm.enterDate('03102023');\nawait feedbackForm.selectFeedbackDuration('3 Months');\nawait feedbackForm.selectNextReviewType('Annual');\nawait feedbackForm.selectRevisedDesignation('Software Engineer');\nawait feedbackForm.typeIncreament('200000');\nawait feedbackForm.typeDescription('updated');\nawait feedbackForm.clickSubmit();\nconst alertText = await evaluation.checkAlert();\nutilFun.assertEql(alertText, 'Increment status is updated successfully');",
              "err": {},
              "uuid": "2f48dde9-49fd-48ab-8dc0-f57a04a6d6f9",
              "parentUUID": "0cadd8c6-a01e-4c80-9d2d-0a8f7959687c",
              "isHook": false,
              "skipped": true
            },
            {
              "title": "should able to defer review",
              "fullTitle": "Pending Evaluations should able to defer review",
              "timedOut": false,
              "duration": 0,
              "state": null,
              "speed": null,
              "pass": false,
              "fail": false,
              "pending": false,
              "context": null,
              "code": "const query = [\n  `UPDATE employees SET \"designation\" = 'HR' WHERE id = 9474;`,\n  `UPDATE employees SET \"departmentId\" = 7 WHERE id = 9474;`,\n  `UPDATE employees SET \"designationId\" = 77 WHERE id = 9474;`,\n];\nawait utilFun.udpateDatabase(query);\nawait utilFun.refresh();\nawait evaluation.clickFilterButton();\nawait evaluation.searchName('James Salinas');\nawait utilFun.wait(1000);\nconst name = await evaluation.getResourseName();\nutilFun.assertEql(name, 'James Salinas');\nawait evaluation.clickDefer();\nawait evaluation.clickDeferType();\nawait utilFun.wait(1000);\nawait evaluation.selectDeferType('2 Weeks');\nawait evaluation.typeDeferReason('testing');\nawait evaluation.clickSubmitBtn();\nconst alertText = await evaluation.checkAlert();\nutilFun.assertEql(alertText, 'Increment status is updated successfully');",
              "err": {},
              "uuid": "1420d5a4-ccfe-465a-9108-2fee969f73b4",
              "parentUUID": "0cadd8c6-a01e-4c80-9d2d-0a8f7959687c",
              "isHook": false,
              "skipped": true
            },
            {
              "title": "should able to complete review",
              "fullTitle": "Pending Evaluations should able to complete review",
              "timedOut": false,
              "duration": 0,
              "state": null,
              "speed": null,
              "pass": false,
              "fail": false,
              "pending": false,
              "context": null,
              "code": "const query = [\n  `UPDATE employees SET \"designation\" = 'HR' WHERE id = 9474;`,\n  `UPDATE employees SET \"departmentId\" = 7 WHERE id = 9474;`,\n  `UPDATE employees SET \"designationId\" = 77 WHERE id = 9474;`,\n  `UPDATE employee_evaluations SET \"processType\" = NULL WHERE id = 26;`,\n  `UPDATE employee_evaluations SET \"reasonForDefer\" = NULL WHERE id = 26;`,\n  `UPDATE employee_evaluations SET \"processDate\" = NULL WHERE id = 26;`,\n];\nawait utilFun.udpateDatabase(query);\nawait utilFun.refresh();\nawait evaluation.clickFilterButton();\nawait evaluation.searchName('James Salinas');\nawait utilFun.wait(1000);\nconst name = await evaluation.getResourseName();\nutilFun.assertEql(name, 'James Salinas');\nawait evaluation.clickComplete();\nawait feedbackForm.enterDate('03102023');\nawait feedbackForm.selectFeedbackDuration('3 Months');\nawait feedbackForm.selectNextReviewType('Annual');\nawait feedbackForm.selectRevisedDesignation('Software Engineer');\nawait feedbackForm.typeIncreament('200000');\nawait feedbackForm.clickSubmit();\nconst alertText = await evaluation.checkAlert();\nutilFun.assertEql(alertText, 'Increment status is updated successfully');",
              "err": {},
              "uuid": "3e21f876-5a33-4000-ab9b-be2cbf9808b6",
              "parentUUID": "0cadd8c6-a01e-4c80-9d2d-0a8f7959687c",
              "isHook": false,
              "skipped": true
            }
          ],
          "suites": [],
          "passes": [],
          "failures": [],
          "pending": [],
          "skipped": [
            "a3b90b59-df4f-49a9-9ec7-ca052c01a574",
            "a3e2a799-6dad-4eac-965d-da2feabadb40",
            "e34d12f2-73b7-48b2-8f70-dff925ea2a57",
            "67960f59-2c86-4210-9103-3b407dbe641e",
            "4c4d6cd8-3e09-4a19-9406-fb4b40d94326",
            "a273e1a9-0535-403a-b822-f8745425a2ed",
            "30e05d6d-80d0-461c-9dab-ea4a9bb28ea7",
            "1bea6c48-632d-4b38-a591-d3a0f0829121",
            "27f4d0b3-9062-4de5-b14b-87fec515dbc7",
            "da80352f-72ba-4077-9a93-320184d7c40b",
            "1b2e07c7-b429-4b1e-8ed5-5e8eaeccc964",
            "3b3e3ee7-a6cc-4753-a997-65a83b52130f",
            "eb127015-468f-4e41-9142-9b006a5e30cf",
            "2f48dde9-49fd-48ab-8dc0-f57a04a6d6f9",
            "1420d5a4-ccfe-465a-9108-2fee969f73b4",
            "3e21f876-5a33-4000-ab9b-be2cbf9808b6"
          ],
          "duration": 0,
          "root": false,
          "rootEmpty": false,
          "_timeout": 100000
        },
        {
          "uuid": "a47b7c80-fe0c-423f-8dba-c500e7bd4aa0",
          "title": "Performance Base Evaluations",
          "fullFile": "/home/devops/invohub/resource-engagement/test/e2e/evaluation/spec_2_performance.js",
          "file": "/test/e2e/evaluation/spec_2_performance.js",
          "beforeHooks": [
            {
              "title": "\"before all\" hook for \"should check if performance evaluations are showing\"",
              "fullTitle": "Performance Base Evaluations \"before all\" hook for \"should check if performance evaluations are showing\"",
              "timedOut": false,
              "duration": 40534,
              "state": "failed",
              "speed": null,
              "pass": false,
              "fail": true,
              "pending": false,
              "context": null,
              "code": "await utilFun.loginAccount()\nconst url = await utilFun.getUrl();\nassert.equal(url, baseUrl + '/home');\nlet query = [\n  `UPDATE employee_evaluations SET \"incrementType\" = 'performance' WHERE id = 26;`,\n  `UPDATE employees SET \"designation\" = 'Software Engineer' WHERE id = 9474;`,\n  `UPDATE employees SET \"departmentId\" = 9 WHERE id = 9474;`,\n  `UPDATE employees SET \"designationId\" = 138 WHERE id = 9474;`,\n  `UPDATE employee_evaluations SET \"processType\" = NULL WHERE id = 26;`,\n  `UPDATE employee_evaluations SET \"reasonForDefer\" = NULL WHERE id = 26;`,\n  `UPDATE employee_evaluations SET \"processDate\" = NULL WHERE id = 26;`,\n  `UPDATE employee_evaluations SET \"feedback\" = NULL WHERE id = 26;`,\n];\nawait utilFun.udpateDatabase(query);",
              "err": {
                "message": "TimeoutError: Waiting for at least one element to be located By(xpath, //*[@id=\"root\"]/div[2]/div[2]/div[2]/div[1]/div/h1)\nWait timed out after 30076ms",
                "estack": "TimeoutError: Waiting for at least one element to be located By(xpath, //*[@id=\"root\"]/div[2]/div[2]/div[2]/div[1]/div/h1)\nWait timed out after 30076ms\n    at /home/devops/invohub/resource-engagement/node_modules/selenium-webdriver/lib/webdriver.js:929:17\n    at process.processTicksAndRejections (node:internal/process/task_queues:95:5)",
                "diff": null
              },
              "uuid": "71c13258-a383-4485-9b51-45a48405fb86",
              "parentUUID": "a47b7c80-fe0c-423f-8dba-c500e7bd4aa0",
              "isHook": true,
              "skipped": false
            },
            {
              "title": "\"before each\" hook",
              "fullTitle": "Performance Base Evaluations \"before each\" hook",
              "timedOut": false,
              "duration": 0,
              "state": null,
              "speed": null,
              "pass": false,
              "fail": false,
              "pending": false,
              "context": null,
              "code": "await utilFun.visit(baseUrl + '/evaluationPerformance');\nawait utilFun.wait(4000);",
              "err": {},
              "uuid": "aaf357cc-7d78-4b40-97f6-4f3449c9cbad",
              "parentUUID": "a47b7c80-fe0c-423f-8dba-c500e7bd4aa0",
              "isHook": true,
              "skipped": false
            }
          ],
          "afterHooks": [],
          "tests": [
            {
              "title": "should check if performance evaluations are showing",
              "fullTitle": "Performance Base Evaluations should check if performance evaluations are showing",
              "timedOut": false,
              "duration": 0,
              "state": null,
              "speed": null,
              "pass": false,
              "fail": false,
              "pending": false,
              "context": null,
              "code": "let obj = await evaluation.getAllPendingResourses();\nassert(obj.length > 0, `No Evaluation Found`);",
              "err": {},
              "uuid": "52275730-59c3-4eb0-abaf-9550209a62c6",
              "parentUUID": "a47b7c80-fe0c-423f-8dba-c500e7bd4aa0",
              "isHook": false,
              "skipped": true
            },
            {
              "title": "should able to filter resoures by name",
              "fullTitle": "Performance Base Evaluations should able to filter resoures by name",
              "timedOut": false,
              "duration": 0,
              "state": null,
              "speed": null,
              "pass": false,
              "fail": false,
              "pending": false,
              "context": null,
              "code": "await evaluation.clickFilterButton();\nawait evaluation.searchName('James Salinas');\nawait utilFun.wait(1000);\nconst name = await evaluation.getResourseName();\nutilFun.assertEql(name, 'James Salinas');",
              "err": {},
              "uuid": "6b0a8c02-2455-4463-b0a0-0b723ae620c7",
              "parentUUID": "a47b7c80-fe0c-423f-8dba-c500e7bd4aa0",
              "isHook": false,
              "skipped": true
            },
            {
              "title": "should able to filter resoures by Last Increment",
              "fullTitle": "Performance Base Evaluations should able to filter resoures by Last Increment",
              "timedOut": false,
              "duration": 0,
              "state": null,
              "speed": null,
              "pass": false,
              "fail": false,
              "pending": false,
              "context": null,
              "code": "await evaluation.clickFilterButton();\nawait evaluation.selectLastIncrement('N/A');\nconst valuesCount = await evaluation.checkValues();\nutilFun.assertEql(valuesCount, 1);",
              "err": {},
              "uuid": "665cc3da-0d34-49fb-83ab-12cac4bc3c97",
              "parentUUID": "a47b7c80-fe0c-423f-8dba-c500e7bd4aa0",
              "isHook": false,
              "skipped": true
            },
            {
              "title": "should able to  copy email from options",
              "fullTitle": "Performance Base Evaluations should able to  copy email from options",
              "timedOut": false,
              "duration": 0,
              "state": null,
              "speed": null,
              "pass": false,
              "fail": false,
              "pending": false,
              "context": null,
              "code": "await evaluation.clickFilterButton();\nawait evaluation.searchName('James Salinas');\nawait utilFun.wait(1000);\nconst name = await evaluation.getResourseName();\nutilFun.assertEql(name, 'James Salinas');\nawait evaluation.clickOptionBtn();\nawait utilFun.wait(1000);\nawait evaluation.selectOption('Copy Email');\nconst alertText = await evaluation.checkAlert();\nutilFun.assertEql(alertText, 'Email address is copied');",
              "err": {},
              "uuid": "1bb1d706-3be9-43b1-aee7-118424b1d0e0",
              "parentUUID": "a47b7c80-fe0c-423f-8dba-c500e7bd4aa0",
              "isHook": false,
              "skipped": true
            },
            {
              "title": "should able to Send Email from options",
              "fullTitle": "Performance Base Evaluations should able to Send Email from options",
              "timedOut": false,
              "duration": 0,
              "state": null,
              "speed": null,
              "pass": false,
              "fail": false,
              "pending": false,
              "context": null,
              "code": "await evaluation.clickFilterButton();\nawait evaluation.searchName('James Salinas');\nawait utilFun.wait(1000);\nconst name = await evaluation.getResourseName();\nutilFun.assertEql(name, 'James Salinas');\nawait evaluation.clickOptionBtn();\nawait utilFun.wait(1000);\nawait evaluation.selectOption('Send Email');\nawait utilFun.wait(1000);\nawait utilFun.switchWindow(1);\nawait utilFun.wait(3000);\nconst url = await utilFun.getUrl();\nassert.equal(url, 'https://mail.google.com/mail/u/0/?fs=1&tf=cm&to=james@robot-mail.com');\nawait utilFun.closeCurrentTab();\nawait utilFun.switchWindow(0);",
              "err": {},
              "uuid": "285a1f99-30a5-4b23-90d5-62f9775cde4c",
              "parentUUID": "a47b7c80-fe0c-423f-8dba-c500e7bd4aa0",
              "isHook": false,
              "skipped": true
            },
            {
              "title": "should able to Open Slack DM from options",
              "fullTitle": "Performance Base Evaluations should able to Open Slack DM from options",
              "timedOut": false,
              "duration": 0,
              "state": null,
              "speed": null,
              "pass": false,
              "fail": false,
              "pending": false,
              "context": null,
              "code": "await evaluation.clickFilterButton();\nawait evaluation.searchName('James Salinas');\nawait utilFun.wait(1000);\nconst name = await evaluation.getResourseName();\nutilFun.assertEql(name, 'James Salinas');\nawait evaluation.clickOptionBtn();\nawait utilFun.wait(1000);\nawait evaluation.selectOption('Open Slack DM');\nawait utilFun.wait(1000);\nawait utilFun.switchWindow(1);\nawait utilFun.wait(3000);\nconst url = await utilFun.getUrl();\nassert.equal(url, 'https://invozone.slack.com/?redir=%2Fapp_redirect%3Fchannel%3Dundefined');\nawait utilFun.closeCurrentTab();\nawait utilFun.switchWindow(0);",
              "err": {},
              "uuid": "efe23278-b092-42d6-a7d0-cd2363964c1e",
              "parentUUID": "a47b7c80-fe0c-423f-8dba-c500e7bd4aa0",
              "isHook": false,
              "skipped": true
            },
            {
              "title": "should able to see Email from options",
              "fullTitle": "Performance Base Evaluations should able to see Email from options",
              "timedOut": false,
              "duration": 0,
              "state": null,
              "speed": null,
              "pass": false,
              "fail": false,
              "pending": false,
              "context": null,
              "code": "await evaluation.clickFilterButton();\nawait evaluation.searchName('James Salinas');\nawait utilFun.wait(1000);\nconst name = await evaluation.getResourseName();\nutilFun.assertEql(name, 'James Salinas');\nawait evaluation.clickOptionBtn();\nawait utilFun.wait(1000);\nawait evaluation.selectOption('See Email');\nawait utilFun.wait(4000);\nconst email = await evaluation.copyEmail();\nassert.equal(email, 'Email: james@robot-mail.com');",
              "err": {},
              "uuid": "d771ba0d-78a7-4ddf-b84b-3a5cedd3ba0d",
              "parentUUID": "a47b7c80-fe0c-423f-8dba-c500e7bd4aa0",
              "isHook": false,
              "skipped": true
            },
            {
              "title": "should able to copy Phone Number from options",
              "fullTitle": "Performance Base Evaluations should able to copy Phone Number from options",
              "timedOut": false,
              "duration": 0,
              "state": null,
              "speed": null,
              "pass": false,
              "fail": false,
              "pending": false,
              "context": null,
              "code": "await evaluation.clickFilterButton();\nawait evaluation.searchName('James Salinas');\nawait utilFun.wait(1000);\nconst name = await evaluation.getResourseName();\nutilFun.assertEql(name, 'James Salinas');\nawait evaluation.clickOptionBtn();\nawait utilFun.wait(1000);\nawait evaluation.selectOption('Phone Number');\nawait utilFun.wait(3000);\nawait evaluation.copyPhoneNumber();\nconst alertText = await evaluation.checkAlert();\nassert.equal(alertText, 'Phone# is copied successfully');",
              "err": {},
              "uuid": "1b8659f8-4d57-441c-a7f0-79889e803f81",
              "parentUUID": "a47b7c80-fe0c-423f-8dba-c500e7bd4aa0",
              "isHook": false,
              "skipped": true
            },
            {
              "title": "should able to see Resource Details from options",
              "fullTitle": "Performance Base Evaluations should able to see Resource Details from options",
              "timedOut": false,
              "duration": 0,
              "state": null,
              "speed": null,
              "pass": false,
              "fail": false,
              "pending": false,
              "context": null,
              "code": "await evaluation.clickFilterButton();\nawait evaluation.searchName('James Salinas');\nawait utilFun.wait(1000);\nconst name = await evaluation.getResourseName();\nutilFun.assertEql(name, 'James Salinas');\nawait evaluation.clickResource();\nawait utilFun.wait(1000);\nawait utilFun.switchWindow(1);\nawait utilFun.wait(1000);\nconst url = await utilFun.getUrl();\nassert.equal(url, baseUrl + '/resourceDetail/9742?tab=Basic_Information');\nawait utilFun.closeCurrentTab();\nawait utilFun.switchWindow(0);",
              "err": {},
              "uuid": "4289ccf1-413e-4ed5-8bc3-6cac06d5d6f1",
              "parentUUID": "a47b7c80-fe0c-423f-8dba-c500e7bd4aa0",
              "isHook": false,
              "skipped": true
            },
            {
              "title": "should able to see employee history",
              "fullTitle": "Performance Base Evaluations should able to see employee history",
              "timedOut": false,
              "duration": 0,
              "state": null,
              "speed": null,
              "pass": false,
              "fail": false,
              "pending": false,
              "context": null,
              "code": "await evaluation.clickFilterButton();\nawait evaluation.searchName('James Salinas');\nawait utilFun.wait(1000);\nconst name = await evaluation.getResourseName();\nutilFun.assertEql(name, 'James Salinas');\nawait evaluation.clickSeeFeedback();\nawait utilFun.wait(1000);\nconst title = await evaluation.checkTitle();\nutilFun.assertEql(title, 'Feedback History of James Salinas');\nawait evaluation.checkSelectedTab();",
              "err": {},
              "uuid": "65fea0d5-73a8-40bb-973e-bd1443fbeffb",
              "parentUUID": "a47b7c80-fe0c-423f-8dba-c500e7bd4aa0",
              "isHook": false,
              "skipped": true
            },
            {
              "title": "should able to request a review",
              "fullTitle": "Performance Base Evaluations should able to request a review",
              "timedOut": false,
              "duration": 0,
              "state": null,
              "speed": null,
              "pass": false,
              "fail": false,
              "pending": false,
              "context": null,
              "code": "await evaluation.clickFilterButton();\nawait evaluation.searchName('James Salinas');\nawait utilFun.wait(1000);\nconst name = await evaluation.getResourseName();\nutilFun.assertEql(name, 'James Salinas');\nawait evaluation.clickSeeFeedback();4\nawait utilFun.wait(1000);\nawait evaluation.clickSubmittedReview();\nawait evaluation.clickReqReviewBtn();\nawait utilFun.wait(1000);\nawait evaluation.clickHod('Muhammad Bilal Rafaqat');\nawait evaluation.clickSendReqBtn();\nconst alertText = await evaluation.checkAlert();\nutilFun.assertEql(alertText, 'Request is send successfully.');",
              "err": {},
              "uuid": "5be0cf0e-280c-4758-b66c-cd2a60bbd257",
              "parentUUID": "a47b7c80-fe0c-423f-8dba-c500e7bd4aa0",
              "isHook": false,
              "skipped": true
            },
            {
              "title": "should able to give a review",
              "fullTitle": "Performance Base Evaluations should able to give a review",
              "timedOut": false,
              "duration": 0,
              "state": null,
              "speed": null,
              "pass": false,
              "fail": false,
              "pending": false,
              "context": null,
              "code": "const query = [\n  `UPDATE employees SET \"departmentId\" = 9 WHERE id = 9474;`,\n  `UPDATE employees SET \"designationId\" = 83 WHERE id = 9474;`,\n  `UPDATE employees SET \"designation\" = 'Head of Engineering' WHERE id = 9474;`,\n];\nawait utilFun.udpateDatabase(query);\nawait utilFun.refresh();\nawait evaluation.clickFilterButton();\nawait evaluation.searchName('James Salinas');\nawait utilFun.wait(1000);\nconst name = await evaluation.getResourseName();\nutilFun.assertEql(name, 'James Salinas');\nawait evaluation.clickSeeFeedback();\nawait utilFun.wait(1000);\nawait evaluation.clickSubmittedReview();\nawait utilFun.wait(1000);\nawait evaluation.clickAddFeedback();\nawait feedbackForm.enterDate('03092023');\nawait feedbackForm.selectFeedbackDuration('6 Months');\nawait feedbackForm.selectNextReviewType('Annual');\nawait feedbackForm.selectRevisedDesignation('Software Engineer');\nawait feedbackForm.typeIncreament('200000');\nawait feedbackForm.typeDescription('testingggg');\nawait feedbackForm.clickSubmit();\nconst alertText = await evaluation.checkAlert();\nutilFun.assertEql(alertText, 'Increment status is updated successfully');",
              "err": {},
              "uuid": "b8d2a93c-637d-438d-96f4-68b750ac6d0b",
              "parentUUID": "a47b7c80-fe0c-423f-8dba-c500e7bd4aa0",
              "isHook": false,
              "skipped": true
            },
            {
              "title": "should able to edit review form",
              "fullTitle": "Performance Base Evaluations should able to edit review form",
              "timedOut": false,
              "duration": 0,
              "state": null,
              "speed": null,
              "pass": false,
              "fail": false,
              "pending": false,
              "context": null,
              "code": "await evaluation.clickFilterButton();\nawait evaluation.searchName('James Salinas');\nawait utilFun.wait(1000);\nconst name = await evaluation.getResourseName();\nutilFun.assertEql(name, 'James Salinas');\nawait evaluation.clickEditForm();\nawait utilFun.wait(1000);\nawait feedbackForm.enterDate('03102023');\nawait feedbackForm.selectFeedbackDuration('3 Months');\nawait feedbackForm.selectNextReviewType('Annual');\nawait feedbackForm.selectRevisedDesignation('Software Engineer');\nawait feedbackForm.typeIncreament('200000');\nawait feedbackForm.typeDescription('updated');\nawait feedbackForm.clickSubmit();\nconst alertText = await evaluation.checkAlert();\nutilFun.assertEql(alertText, 'Increment status is updated successfully');",
              "err": {},
              "uuid": "4e032fa3-c514-4cf6-a293-46fe4a830f3c",
              "parentUUID": "a47b7c80-fe0c-423f-8dba-c500e7bd4aa0",
              "isHook": false,
              "skipped": true
            },
            {
              "title": "should able to defer review",
              "fullTitle": "Performance Base Evaluations should able to defer review",
              "timedOut": false,
              "duration": 0,
              "state": null,
              "speed": null,
              "pass": false,
              "fail": false,
              "pending": false,
              "context": null,
              "code": "const query = [\n  `UPDATE employees SET \"designation\" = 'HR' WHERE id = 9474;`,\n  `UPDATE employees SET \"departmentId\" = 7 WHERE id = 9474;`,\n  `UPDATE employees SET \"designationId\" = 77 WHERE id = 9474;`,\n];\nawait utilFun.udpateDatabase(query);\nawait utilFun.refresh();\nawait evaluation.clickFilterButton();\nawait evaluation.searchName('James Salinas');\nawait utilFun.wait(1000);\nconst name = await evaluation.getResourseName();\nutilFun.assertEql(name, 'James Salinas');\nawait evaluation.clickDefer();\nawait evaluation.clickDeferType();\nawait utilFun.wait(1000);\nawait evaluation.selectDeferType('2 Weeks');\nawait evaluation.typeDeferReason('testing');\nawait evaluation.clickSubmitBtn();\nconst alertText = await evaluation.checkAlert();\nutilFun.assertEql(alertText, 'Increment status is updated successfully');",
              "err": {},
              "uuid": "c1a68839-244a-4c00-857b-1b286342f60a",
              "parentUUID": "a47b7c80-fe0c-423f-8dba-c500e7bd4aa0",
              "isHook": false,
              "skipped": true
            },
            {
              "title": "should able to complete review",
              "fullTitle": "Performance Base Evaluations should able to complete review",
              "timedOut": false,
              "duration": 0,
              "state": null,
              "speed": null,
              "pass": false,
              "fail": false,
              "pending": false,
              "context": null,
              "code": "const query = [\n  `UPDATE employees SET \"designation\" = 'HR' WHERE id = 9474;`,\n  `UPDATE employees SET \"departmentId\" = 7 WHERE id = 9474;`,\n  `UPDATE employees SET \"designationId\" = 77 WHERE id = 9474;`,\n  `UPDATE employee_evaluations SET \"processType\" = NULL WHERE id = 26;`,\n  `UPDATE employee_evaluations SET \"reasonForDefer\" = NULL WHERE id = 26;`,\n  `UPDATE employee_evaluations SET \"processDate\" = NULL WHERE id = 26;`,\n];\nawait utilFun.udpateDatabase(query);\nawait utilFun.refresh();\nawait evaluation.clickFilterButton();\nawait evaluation.searchName('James Salinas');\nawait utilFun.wait(1000);\nconst name = await evaluation.getResourseName();\nutilFun.assertEql(name, 'James Salinas');\nawait evaluation.clickComplete();\nawait feedbackForm.enterDate('03102023');\nawait feedbackForm.selectFeedbackDuration('3 Months');\nawait feedbackForm.selectNextReviewType('Annual');\nawait feedbackForm.selectRevisedDesignation('Software Engineer');\nawait feedbackForm.typeIncreament('200000');\nawait feedbackForm.clickSubmit();\nconst alertText = await evaluation.checkAlert();\nutilFun.assertEql(alertText, 'Increment status is updated successfully');",
              "err": {},
              "uuid": "35298c1b-65c4-49f8-b300-ddc2c991a2f0",
              "parentUUID": "a47b7c80-fe0c-423f-8dba-c500e7bd4aa0",
              "isHook": false,
              "skipped": true
            }
          ],
          "suites": [],
          "passes": [],
          "failures": [],
          "pending": [],
          "skipped": [
            "52275730-59c3-4eb0-abaf-9550209a62c6",
            "6b0a8c02-2455-4463-b0a0-0b723ae620c7",
            "665cc3da-0d34-49fb-83ab-12cac4bc3c97",
            "1bb1d706-3be9-43b1-aee7-118424b1d0e0",
            "285a1f99-30a5-4b23-90d5-62f9775cde4c",
            "efe23278-b092-42d6-a7d0-cd2363964c1e",
            "d771ba0d-78a7-4ddf-b84b-3a5cedd3ba0d",
            "1b8659f8-4d57-441c-a7f0-79889e803f81",
            "4289ccf1-413e-4ed5-8bc3-6cac06d5d6f1",
            "65fea0d5-73a8-40bb-973e-bd1443fbeffb",
            "5be0cf0e-280c-4758-b66c-cd2a60bbd257",
            "b8d2a93c-637d-438d-96f4-68b750ac6d0b",
            "4e032fa3-c514-4cf6-a293-46fe4a830f3c",
            "c1a68839-244a-4c00-857b-1b286342f60a",
            "35298c1b-65c4-49f8-b300-ddc2c991a2f0"
          ],
          "duration": 0,
          "root": false,
          "rootEmpty": false,
          "_timeout": 100000
        },
        {
          "uuid": "6a6edf56-ee5a-494a-9c26-c8a833766b72",
          "title": "Retention Base Evaluations",
          "fullFile": "/home/devops/invohub/resource-engagement/test/e2e/evaluation/spec_3_retention.js",
          "file": "/test/e2e/evaluation/spec_3_retention.js",
          "beforeHooks": [
            {
              "title": "\"before all\" hook for \"should check if retention evaluations are showing\"",
              "fullTitle": "Retention Base Evaluations \"before all\" hook for \"should check if retention evaluations are showing\"",
              "timedOut": false,
              "duration": 33937,
              "state": "failed",
              "speed": null,
              "pass": false,
              "fail": true,
              "pending": false,
              "context": null,
              "code": "await utilFun.loginAccount()\nconst url = await utilFun.getUrl();\nassert.equal(url, baseUrl + '/home');\nlet query = [\n  `UPDATE employee_evaluations SET \"incrementType\" = 'retention' WHERE id = 26;`,\n  `UPDATE employees SET \"designation\" = 'Software Engineer' WHERE id = 9474;`,\n  `UPDATE employees SET \"departmentId\" = 9 WHERE id = 9474;`,\n  `UPDATE employees SET \"designationId\" = 138 WHERE id = 9474;`,\n  `UPDATE employee_evaluations SET \"processType\" = NULL WHERE id = 26;`,\n  `UPDATE employee_evaluations SET \"reasonForDefer\" = NULL WHERE id = 26;`,\n  `UPDATE employee_evaluations SET \"processDate\" = NULL WHERE id = 26;`,\n  `UPDATE employee_evaluations SET \"feedback\" = NULL WHERE id = 26;`,\n];\nawait utilFun.udpateDatabase(query);",
              "err": {
                "message": "TimeoutError: Waiting for at least one element to be located By(xpath, //*[@id=\"root\"]/div[2]/div[2]/div[2]/div[1]/div/h1)\nWait timed out after 30008ms",
                "estack": "TimeoutError: Waiting for at least one element to be located By(xpath, //*[@id=\"root\"]/div[2]/div[2]/div[2]/div[1]/div/h1)\nWait timed out after 30008ms\n    at /home/devops/invohub/resource-engagement/node_modules/selenium-webdriver/lib/webdriver.js:929:17\n    at process.processTicksAndRejections (node:internal/process/task_queues:95:5)",
                "diff": null
              },
              "uuid": "9020926e-dcdd-43f1-85c6-178960d9c98e",
              "parentUUID": "6a6edf56-ee5a-494a-9c26-c8a833766b72",
              "isHook": true,
              "skipped": false
            },
            {
              "title": "\"before each\" hook",
              "fullTitle": "Retention Base Evaluations \"before each\" hook",
              "timedOut": false,
              "duration": 0,
              "state": null,
              "speed": null,
              "pass": false,
              "fail": false,
              "pending": false,
              "context": null,
              "code": "await utilFun.visit(baseUrl + '/evaluationRetention');\nawait utilFun.wait(4000);",
              "err": {},
              "uuid": "ad3484db-dcc2-40ac-92fa-d4caa658f8e6",
              "parentUUID": "6a6edf56-ee5a-494a-9c26-c8a833766b72",
              "isHook": true,
              "skipped": false
            }
          ],
          "afterHooks": [],
          "tests": [
            {
              "title": "should check if retention evaluations are showing",
              "fullTitle": "Retention Base Evaluations should check if retention evaluations are showing",
              "timedOut": false,
              "duration": 0,
              "state": null,
              "speed": null,
              "pass": false,
              "fail": false,
              "pending": false,
              "context": null,
              "code": "let obj = await evaluation.getAllPendingResourses();\nassert(obj.length > 0, `No Evaluation Found`);",
              "err": {},
              "uuid": "dc5e2484-343e-40a6-89a0-f95bb4fc3ef9",
              "parentUUID": "6a6edf56-ee5a-494a-9c26-c8a833766b72",
              "isHook": false,
              "skipped": true
            },
            {
              "title": "should able to filter resoures by name",
              "fullTitle": "Retention Base Evaluations should able to filter resoures by name",
              "timedOut": false,
              "duration": 0,
              "state": null,
              "speed": null,
              "pass": false,
              "fail": false,
              "pending": false,
              "context": null,
              "code": "await evaluation.clickFilterButton();\nawait evaluation.searchName('James Salinas');\nawait utilFun.wait(1000);\nconst name = await evaluation.getResourseName();\nutilFun.assertEql(name, 'James Salinas');",
              "err": {},
              "uuid": "d3a02ef6-3192-4714-9e24-d2f48f82c49c",
              "parentUUID": "6a6edf56-ee5a-494a-9c26-c8a833766b72",
              "isHook": false,
              "skipped": true
            },
            {
              "title": "should able to filter resoures by Last Increment",
              "fullTitle": "Retention Base Evaluations should able to filter resoures by Last Increment",
              "timedOut": false,
              "duration": 0,
              "state": null,
              "speed": null,
              "pass": false,
              "fail": false,
              "pending": false,
              "context": null,
              "code": "await evaluation.clickFilterButton();\nawait evaluation.selectLastIncrement('N/A');\nconst valuesCount = await evaluation.checkValues();\nutilFun.assertEql(valuesCount, 1);",
              "err": {},
              "uuid": "5ffe705a-3d38-4b96-be04-37f24c581841",
              "parentUUID": "6a6edf56-ee5a-494a-9c26-c8a833766b72",
              "isHook": false,
              "skipped": true
            },
            {
              "title": "should able to  copy email from options",
              "fullTitle": "Retention Base Evaluations should able to  copy email from options",
              "timedOut": false,
              "duration": 0,
              "state": null,
              "speed": null,
              "pass": false,
              "fail": false,
              "pending": false,
              "context": null,
              "code": "await evaluation.clickFilterButton();\nawait evaluation.searchName('James Salinas');\nawait utilFun.wait(1000);\nconst name = await evaluation.getResourseName();\nutilFun.assertEql(name, 'James Salinas');\nawait evaluation.clickOptionBtn();\nawait utilFun.wait(1000);\nawait evaluation.selectOption('Copy Email');\nconst alertText = await evaluation.checkAlert();\nutilFun.assertEql(alertText, 'Email address is copied');",
              "err": {},
              "uuid": "e457d989-2cae-47f4-9d3f-777beea73895",
              "parentUUID": "6a6edf56-ee5a-494a-9c26-c8a833766b72",
              "isHook": false,
              "skipped": true
            },
            {
              "title": "should able to Send Email from options",
              "fullTitle": "Retention Base Evaluations should able to Send Email from options",
              "timedOut": false,
              "duration": 0,
              "state": null,
              "speed": null,
              "pass": false,
              "fail": false,
              "pending": false,
              "context": null,
              "code": "await evaluation.clickFilterButton();\nawait evaluation.searchName('James Salinas');\nawait utilFun.wait(1000);\nconst name = await evaluation.getResourseName();\nutilFun.assertEql(name, 'James Salinas');\nawait evaluation.clickOptionBtn();\nawait utilFun.wait(1000);\nawait evaluation.selectOption('Send Email');\nawait utilFun.wait(1000);\nawait utilFun.switchWindow(1);\nawait utilFun.wait(3000);\nconst url = await utilFun.getUrl();\nassert.equal(url, 'https://mail.google.com/mail/u/0/?fs=1&tf=cm&to=james@robot-mail.com');\nawait utilFun.closeCurrentTab();\nawait utilFun.switchWindow(0);",
              "err": {},
              "uuid": "2036bf39-41d4-40fa-a088-87d00e300425",
              "parentUUID": "6a6edf56-ee5a-494a-9c26-c8a833766b72",
              "isHook": false,
              "skipped": true
            },
            {
              "title": "should able to Open Slack DM from options",
              "fullTitle": "Retention Base Evaluations should able to Open Slack DM from options",
              "timedOut": false,
              "duration": 0,
              "state": null,
              "speed": null,
              "pass": false,
              "fail": false,
              "pending": false,
              "context": null,
              "code": "await evaluation.clickFilterButton();\nawait evaluation.searchName('James Salinas');\nawait utilFun.wait(1000);\nconst name = await evaluation.getResourseName();\nutilFun.assertEql(name, 'James Salinas');\nawait evaluation.clickOptionBtn();\nawait utilFun.wait(1000);\nawait evaluation.selectOption('Open Slack DM');\nawait utilFun.wait(1000);\nawait utilFun.switchWindow(1);\nawait utilFun.wait(3000);\nconst url = await utilFun.getUrl();\nassert.equal(url, 'https://invozone.slack.com/?redir=%2Fapp_redirect%3Fchannel%3Dundefined');\nawait utilFun.closeCurrentTab();\nawait utilFun.switchWindow(0);",
              "err": {},
              "uuid": "3fef4f1d-9ec3-4140-9cd3-2d96fa88074c",
              "parentUUID": "6a6edf56-ee5a-494a-9c26-c8a833766b72",
              "isHook": false,
              "skipped": true
            },
            {
              "title": "should able to see Email from options",
              "fullTitle": "Retention Base Evaluations should able to see Email from options",
              "timedOut": false,
              "duration": 0,
              "state": null,
              "speed": null,
              "pass": false,
              "fail": false,
              "pending": false,
              "context": null,
              "code": "await evaluation.clickFilterButton();\nawait evaluation.searchName('James Salinas');\nawait utilFun.wait(1000);\nconst name = await evaluation.getResourseName();\nutilFun.assertEql(name, 'James Salinas');\nawait evaluation.clickOptionBtn();\nawait utilFun.wait(1000);\nawait evaluation.selectOption('See Email');\nawait utilFun.wait(4000);\nconst email = await evaluation.copyEmail();\nassert.equal(email, 'Email: james@robot-mail.com');",
              "err": {},
              "uuid": "47299aa8-abbc-41d2-9597-19507b9c9877",
              "parentUUID": "6a6edf56-ee5a-494a-9c26-c8a833766b72",
              "isHook": false,
              "skipped": true
            },
            {
              "title": "should able to copy Phone Number from options",
              "fullTitle": "Retention Base Evaluations should able to copy Phone Number from options",
              "timedOut": false,
              "duration": 0,
              "state": null,
              "speed": null,
              "pass": false,
              "fail": false,
              "pending": false,
              "context": null,
              "code": "await evaluation.clickFilterButton();\nawait evaluation.searchName('James Salinas');\nawait utilFun.wait(1000);\nconst name = await evaluation.getResourseName();\nutilFun.assertEql(name, 'James Salinas');\nawait evaluation.clickOptionBtn();\nawait utilFun.wait(1000);\nawait evaluation.selectOption('Phone Number');\nawait utilFun.wait(3000);\nawait evaluation.copyPhoneNumber();\nconst alertText = await evaluation.checkAlert();\nassert.equal(alertText, 'Phone# is copied successfully');",
              "err": {},
              "uuid": "2e7d4907-18a2-491c-904b-de20b416e1f3",
              "parentUUID": "6a6edf56-ee5a-494a-9c26-c8a833766b72",
              "isHook": false,
              "skipped": true
            },
            {
              "title": "should able to see Resource Details from options",
              "fullTitle": "Retention Base Evaluations should able to see Resource Details from options",
              "timedOut": false,
              "duration": 0,
              "state": null,
              "speed": null,
              "pass": false,
              "fail": false,
              "pending": false,
              "context": null,
              "code": "await evaluation.clickFilterButton();\nawait evaluation.searchName('James Salinas');\nawait utilFun.wait(1000);\nconst name = await evaluation.getResourseName();\nutilFun.assertEql(name, 'James Salinas');\nawait evaluation.clickResource();\nawait utilFun.wait(1000);\nawait utilFun.switchWindow(1);\nawait utilFun.wait(1000);\nconst url = await utilFun.getUrl();\nassert.equal(url, baseUrl + '/resourceDetail/9742?tab=Basic_Information');\nawait utilFun.closeCurrentTab();\nawait utilFun.switchWindow(0);",
              "err": {},
              "uuid": "99030906-d660-4097-838d-9d9039853aab",
              "parentUUID": "6a6edf56-ee5a-494a-9c26-c8a833766b72",
              "isHook": false,
              "skipped": true
            },
            {
              "title": "should able to see employee history",
              "fullTitle": "Retention Base Evaluations should able to see employee history",
              "timedOut": false,
              "duration": 0,
              "state": null,
              "speed": null,
              "pass": false,
              "fail": false,
              "pending": false,
              "context": null,
              "code": "await evaluation.clickFilterButton();\nawait evaluation.searchName('James Salinas');\nawait utilFun.wait(1000);\nconst name = await evaluation.getResourseName();\nutilFun.assertEql(name, 'James Salinas');\nawait evaluation.clickSeeFeedback();\nawait utilFun.wait(1000);\nconst title = await evaluation.checkTitle();\nutilFun.assertEql(title, 'Feedback History of James Salinas');\nawait evaluation.checkSelectedTab();",
              "err": {},
              "uuid": "3cd168d7-ec09-428c-8857-6038edb13a4c",
              "parentUUID": "6a6edf56-ee5a-494a-9c26-c8a833766b72",
              "isHook": false,
              "skipped": true
            },
            {
              "title": "should able to request a review",
              "fullTitle": "Retention Base Evaluations should able to request a review",
              "timedOut": false,
              "duration": 0,
              "state": null,
              "speed": null,
              "pass": false,
              "fail": false,
              "pending": false,
              "context": null,
              "code": "await evaluation.clickFilterButton();\nawait evaluation.searchName('James Salinas');\nawait utilFun.wait(1000);\nconst name = await evaluation.getResourseName();\nutilFun.assertEql(name, 'James Salinas');\nawait evaluation.clickSeeFeedback();\nawait utilFun.wait(1000);\nawait evaluation.clickSubmittedReview();\nawait evaluation.clickReqReviewBtn();\nawait utilFun.wait(1000);\nawait evaluation.clickHod('Muhammad Bilal Rafaqat');\nawait evaluation.clickSendReqBtn();\nconst alertText = await evaluation.checkAlert();\nutilFun.assertEql(alertText, 'Request is send successfully.');",
              "err": {},
              "uuid": "8e301064-af54-4bd9-aa31-fe769d2c8d02",
              "parentUUID": "6a6edf56-ee5a-494a-9c26-c8a833766b72",
              "isHook": false,
              "skipped": true
            },
            {
              "title": "should able to give a review",
              "fullTitle": "Retention Base Evaluations should able to give a review",
              "timedOut": false,
              "duration": 0,
              "state": null,
              "speed": null,
              "pass": false,
              "fail": false,
              "pending": false,
              "context": null,
              "code": "const query = [\n  `UPDATE employees SET \"departmentId\" = 9 WHERE id = 9474;`,\n  `UPDATE employees SET \"designationId\" = 83 WHERE id = 9474;`,\n  `UPDATE employees SET \"designation\" = 'Head of Engineering' WHERE id = 9474;`,\n];\nawait utilFun.udpateDatabase(query);\nawait utilFun.refresh();\nawait evaluation.clickFilterButton();\nawait evaluation.searchName('James Salinas');\nawait utilFun.wait(1000);\nconst name = await evaluation.getResourseName();\nutilFun.assertEql(name, 'James Salinas');\nawait evaluation.clickSeeFeedback();\nawait utilFun.wait(1000);\nawait evaluation.clickSubmittedReview();\nawait utilFun.wait(1000);\nawait evaluation.clickAddFeedback();\n// await feedbackForm.enterDate('03092023');\nawait feedbackForm.selectFeedbackDuration('6 Months');\nawait feedbackForm.selectNextReviewType('Annual');\nawait feedbackForm.selectRevisedDesignation('Software Engineer');\nawait feedbackForm.typeIncreament('200000');\nawait feedbackForm.typeDescription('testingggg');\nawait feedbackForm.clickSubmit();\nconst alertText = await evaluation.checkAlert();\nutilFun.assertEql(alertText, 'Increment status is updated successfully');",
              "err": {},
              "uuid": "222fb5d8-ff83-4616-8a47-9c0d85f9bd2e",
              "parentUUID": "6a6edf56-ee5a-494a-9c26-c8a833766b72",
              "isHook": false,
              "skipped": true
            },
            {
              "title": "should able to edit review form",
              "fullTitle": "Retention Base Evaluations should able to edit review form",
              "timedOut": false,
              "duration": 0,
              "state": null,
              "speed": null,
              "pass": false,
              "fail": false,
              "pending": false,
              "context": null,
              "code": "await evaluation.clickFilterButton();\nawait evaluation.searchName('James Salinas');\nawait utilFun.wait(1000);\nconst name = await evaluation.getResourseName();\nutilFun.assertEql(name, 'James Salinas');\nawait evaluation.clickEditForm();\nawait utilFun.wait(1000);\n// await feedbackForm.enterDate('03102023');\nawait feedbackForm.selectFeedbackDuration('3 Months');\nawait feedbackForm.selectNextReviewType('Annual');\nawait feedbackForm.selectRevisedDesignation('Software Engineer');\nawait feedbackForm.typeIncreament('200000');\nawait feedbackForm.typeDescription('updated');\nawait feedbackForm.clickSubmit();\nconst alertText = await evaluation.checkAlert();\nutilFun.assertEql(alertText, 'Increment status is updated successfully');",
              "err": {},
              "uuid": "9058e0d9-08e7-4dfe-b6f0-8cd2616300f4",
              "parentUUID": "6a6edf56-ee5a-494a-9c26-c8a833766b72",
              "isHook": false,
              "skipped": true
            },
            {
              "title": "should able to defer review",
              "fullTitle": "Retention Base Evaluations should able to defer review",
              "timedOut": false,
              "duration": 0,
              "state": null,
              "speed": null,
              "pass": false,
              "fail": false,
              "pending": false,
              "context": null,
              "code": "const query = [\n  `UPDATE employees SET \"designation\" = 'HR' WHERE id = 9474;`,\n  `UPDATE employees SET \"departmentId\" = 7 WHERE id = 9474;`,\n  `UPDATE employees SET \"designationId\" = 77 WHERE id = 9474;`,\n];\nawait utilFun.udpateDatabase(query);\nawait utilFun.refresh();\nawait evaluation.clickFilterButton();\nawait evaluation.searchName('James Salinas');\nawait utilFun.wait(1000);\nconst name = await evaluation.getResourseName();\nutilFun.assertEql(name, 'James Salinas');\nawait evaluation.clickDefer();\nawait evaluation.clickDeferType();\nawait utilFun.wait(1000);\nawait evaluation.selectDeferType('2 Weeks');\nawait evaluation.typeDeferReason('testing');\nawait evaluation.clickSubmitBtn();\nconst alertText = await evaluation.checkAlert();\nutilFun.assertEql(alertText, 'Increment status is updated successfully');",
              "err": {},
              "uuid": "7e5217a2-abb9-4704-81b8-470c627a5f2d",
              "parentUUID": "6a6edf56-ee5a-494a-9c26-c8a833766b72",
              "isHook": false,
              "skipped": true
            },
            {
              "title": "should able to complete review",
              "fullTitle": "Retention Base Evaluations should able to complete review",
              "timedOut": false,
              "duration": 0,
              "state": null,
              "speed": null,
              "pass": false,
              "fail": false,
              "pending": false,
              "context": null,
              "code": "const query = [\n  `UPDATE employees SET \"designation\" = 'HR' WHERE id = 9474;`,\n  `UPDATE employees SET \"departmentId\" = 7 WHERE id = 9474;`,\n  `UPDATE employees SET \"designationId\" = 77 WHERE id = 9474;`,\n  `UPDATE employee_evaluations SET \"processType\" = NULL WHERE id = 26;`,\n  `UPDATE employee_evaluations SET \"reasonForDefer\" = NULL WHERE id = 26;`,\n  `UPDATE employee_evaluations SET \"processDate\" = NULL WHERE id = 26;`,\n];\nawait utilFun.udpateDatabase(query);\nawait utilFun.refresh();\nawait evaluation.clickFilterButton();\nawait evaluation.searchName('James Salinas');\nawait utilFun.wait(1000);\nconst name = await evaluation.getResourseName();\nutilFun.assertEql(name, 'James Salinas');\nawait evaluation.clickComplete();\nawait feedbackForm.enterDate('03102023');\nawait feedbackForm.selectFeedbackDuration('3 Months');\nawait feedbackForm.selectNextReviewType('Annual');\nawait feedbackForm.selectRevisedDesignation('Software Engineer');\nawait feedbackForm.typeIncreament('200000');\nawait feedbackForm.clickSubmit();\nconst alertText = await evaluation.checkAlert();\nutilFun.assertEql(alertText, 'Increment status is updated successfully');",
              "err": {},
              "uuid": "717cce43-ac1f-4fe4-b2d6-c0b06f448933",
              "parentUUID": "6a6edf56-ee5a-494a-9c26-c8a833766b72",
              "isHook": false,
              "skipped": true
            }
          ],
          "suites": [],
          "passes": [],
          "failures": [],
          "pending": [],
          "skipped": [
            "dc5e2484-343e-40a6-89a0-f95bb4fc3ef9",
            "d3a02ef6-3192-4714-9e24-d2f48f82c49c",
            "5ffe705a-3d38-4b96-be04-37f24c581841",
            "e457d989-2cae-47f4-9d3f-777beea73895",
            "2036bf39-41d4-40fa-a088-87d00e300425",
            "3fef4f1d-9ec3-4140-9cd3-2d96fa88074c",
            "47299aa8-abbc-41d2-9597-19507b9c9877",
            "2e7d4907-18a2-491c-904b-de20b416e1f3",
            "99030906-d660-4097-838d-9d9039853aab",
            "3cd168d7-ec09-428c-8857-6038edb13a4c",
            "8e301064-af54-4bd9-aa31-fe769d2c8d02",
            "222fb5d8-ff83-4616-8a47-9c0d85f9bd2e",
            "9058e0d9-08e7-4dfe-b6f0-8cd2616300f4",
            "7e5217a2-abb9-4704-81b8-470c627a5f2d",
            "717cce43-ac1f-4fe4-b2d6-c0b06f448933"
          ],
          "duration": 0,
          "root": false,
          "rootEmpty": false,
          "_timeout": 100000
        },
        {
          "uuid": "e2979e19-4792-4990-a56c-97cb351a37b7",
          "title": "Evaluations History",
          "fullFile": "/home/devops/invohub/resource-engagement/test/e2e/evaluation/spec_4_history.js",
          "file": "/test/e2e/evaluation/spec_4_history.js",
          "beforeHooks": [
            {
              "title": "\"before all\" hook for \"should check if evaluations history is showing\"",
              "fullTitle": "Evaluations History \"before all\" hook for \"should check if evaluations history is showing\"",
              "timedOut": false,
              "duration": 32829,
              "state": "failed",
              "speed": null,
              "pass": false,
              "fail": true,
              "pending": false,
              "context": null,
              "code": "await utilFun.loginAccount()\nconst url = await utilFun.getUrl();\nassert.equal(url, baseUrl + '/home');\nlet query = [\n  `UPDATE employee_evaluations SET \"processType\" = 'COMPLETE' WHERE id = 26;`,\n  `DELETE FROM employee_evaluations WHERE \"employeeId\" = 9742 AND \"incrementType\" = 'designation';`,\n  `UPDATE employee_evaluations SET \"processDate\" = '2023-03-28 17:32:33.501+05' WHERE id = 26;`,\n];\nawait utilFun.udpateDatabase(query);",
              "err": {
                "message": "TimeoutError: Waiting for at least one element to be located By(xpath, //*[@id=\"root\"]/div[2]/div[2]/div[2]/div[1]/div/h1)\nWait timed out after 30094ms",
                "estack": "TimeoutError: Waiting for at least one element to be located By(xpath, //*[@id=\"root\"]/div[2]/div[2]/div[2]/div[1]/div/h1)\nWait timed out after 30094ms\n    at /home/devops/invohub/resource-engagement/node_modules/selenium-webdriver/lib/webdriver.js:929:17\n    at process.processTicksAndRejections (node:internal/process/task_queues:95:5)",
                "diff": null
              },
              "uuid": "d1a5ebad-90d9-4f8b-b068-b693617f7a03",
              "parentUUID": "e2979e19-4792-4990-a56c-97cb351a37b7",
              "isHook": true,
              "skipped": false
            },
            {
              "title": "\"before each\" hook",
              "fullTitle": "Evaluations History \"before each\" hook",
              "timedOut": false,
              "duration": 0,
              "state": null,
              "speed": null,
              "pass": false,
              "fail": false,
              "pending": false,
              "context": null,
              "code": "await utilFun.visit(baseUrl + '/evaluationHistory');\nawait utilFun.wait(4000);",
              "err": {},
              "uuid": "bc5bf651-d45f-46ea-aff2-79561af5f692",
              "parentUUID": "e2979e19-4792-4990-a56c-97cb351a37b7",
              "isHook": true,
              "skipped": false
            }
          ],
          "afterHooks": [],
          "tests": [
            {
              "title": "should check if evaluations history is showing",
              "fullTitle": "Evaluations History should check if evaluations history is showing",
              "timedOut": false,
              "duration": 0,
              "state": null,
              "speed": null,
              "pass": false,
              "fail": false,
              "pending": false,
              "context": null,
              "code": "let obj = await evaluation.getAllPendingResourses();\nassert(obj.length > 0, `No Evaluation Found`);",
              "err": {},
              "uuid": "255454f4-71b4-4a7c-8dc0-40d7866fdbd0",
              "parentUUID": "e2979e19-4792-4990-a56c-97cb351a37b7",
              "isHook": false,
              "skipped": true
            },
            {
              "title": "should able to filter resoures by name",
              "fullTitle": "Evaluations History should able to filter resoures by name",
              "timedOut": false,
              "duration": 0,
              "state": null,
              "speed": null,
              "pass": false,
              "fail": false,
              "pending": false,
              "context": null,
              "code": "await evaluation.clickFilterButton();\nawait evaluation.searchName('James Salinas');\nawait utilFun.wait(1000);\nconst name = await evaluation.getResourseName();\nutilFun.assertEql(name, 'James Salinas');",
              "err": {},
              "uuid": "a6022caf-100c-437b-b4b7-848fff805804",
              "parentUUID": "e2979e19-4792-4990-a56c-97cb351a37b7",
              "isHook": false,
              "skipped": true
            },
            {
              "title": "should able to check review is completed",
              "fullTitle": "Evaluations History should able to check review is completed",
              "timedOut": false,
              "duration": 0,
              "state": null,
              "speed": null,
              "pass": false,
              "fail": false,
              "pending": false,
              "context": null,
              "code": "await evaluation.clickFilterButton();\nawait evaluation.searchName('James Salinas');\nawait utilFun.wait(1000);\nconst name = await evaluation.checkProcessState()\nutilFun.assertEql(name, 'Complete');",
              "err": {},
              "uuid": "2c92efab-cfbf-4b6f-9341-b1e5b938eec8",
              "parentUUID": "e2979e19-4792-4990-a56c-97cb351a37b7",
              "isHook": false,
              "skipped": true
            },
            {
              "title": "should able to filter resoures by Review Type",
              "fullTitle": "Evaluations History should able to filter resoures by Review Type",
              "timedOut": false,
              "duration": 0,
              "state": null,
              "speed": null,
              "pass": false,
              "fail": false,
              "pending": false,
              "context": null,
              "code": "await evaluation.clickFilterButton();\nawait evaluation.selectReviewType('Annual');\nconst valuesCount = await evaluation.checkValues();\nutilFun.assertEql(valuesCount, 1);",
              "err": {},
              "uuid": "cb6a4de6-6b91-45a0-b32f-a0d4a940cc97",
              "parentUUID": "e2979e19-4792-4990-a56c-97cb351a37b7",
              "isHook": false,
              "skipped": true
            },
            {
              "title": "should able to filter resoures by Last Increment",
              "fullTitle": "Evaluations History should able to filter resoures by Last Increment",
              "timedOut": false,
              "duration": 0,
              "state": null,
              "speed": null,
              "pass": false,
              "fail": false,
              "pending": false,
              "context": null,
              "code": "await evaluation.clickFilterButton();\nawait evaluation.selectLastIncrement('N/A');\nconst valuesCount = await evaluation.checkValues();\nutilFun.assertEql(valuesCount, 1);",
              "err": {},
              "uuid": "b42e6ca5-57a1-4ae3-8103-98df4ec5e437",
              "parentUUID": "e2979e19-4792-4990-a56c-97cb351a37b7",
              "isHook": false,
              "skipped": true
            },
            {
              "title": "should able to  copy email from options",
              "fullTitle": "Evaluations History should able to  copy email from options",
              "timedOut": false,
              "duration": 0,
              "state": null,
              "speed": null,
              "pass": false,
              "fail": false,
              "pending": false,
              "context": null,
              "code": "await evaluation.clickFilterButton();\nawait evaluation.searchName('James Salinas');\nawait utilFun.wait(1000);\nconst name = await evaluation.getResourseName();\nutilFun.assertEql(name, 'James Salinas');\nawait evaluation.clickOptionBtn();\nawait utilFun.wait(1000);\nawait evaluation.selectOption('Copy Email');\nconst alertText = await evaluation.checkAlert();\nutilFun.assertEql(alertText, 'Email address is copied');",
              "err": {},
              "uuid": "16cadac2-1cad-4d19-a15b-7566b2b35d77",
              "parentUUID": "e2979e19-4792-4990-a56c-97cb351a37b7",
              "isHook": false,
              "skipped": true
            },
            {
              "title": "should able to Send Email from options",
              "fullTitle": "Evaluations History should able to Send Email from options",
              "timedOut": false,
              "duration": 0,
              "state": null,
              "speed": null,
              "pass": false,
              "fail": false,
              "pending": false,
              "context": null,
              "code": "await evaluation.clickFilterButton();\nawait evaluation.searchName('James Salinas');\nawait utilFun.wait(1000);\nconst name = await evaluation.getResourseName();\nutilFun.assertEql(name, 'James Salinas');\nawait evaluation.clickOptionBtn();\nawait utilFun.wait(1000);\nawait evaluation.selectOption('Send Email');\nawait utilFun.wait(1000);\nawait utilFun.switchWindow(1);\nawait utilFun.wait(3000);\nconst url = await utilFun.getUrl();\nassert.equal(url, 'https://mail.google.com/mail/u/0/?fs=1&tf=cm&to=james@robot-mail.com');\nawait utilFun.closeCurrentTab();\nawait utilFun.switchWindow(0);",
              "err": {},
              "uuid": "9c6ea069-8a9b-4581-94a8-21014435fdc7",
              "parentUUID": "e2979e19-4792-4990-a56c-97cb351a37b7",
              "isHook": false,
              "skipped": true
            },
            {
              "title": "should able to Open Slack DM from options",
              "fullTitle": "Evaluations History should able to Open Slack DM from options",
              "timedOut": false,
              "duration": 0,
              "state": null,
              "speed": null,
              "pass": false,
              "fail": false,
              "pending": false,
              "context": null,
[...]
              "duration": 0,
              "state": null,
              "speed": null,
              "pass": false,
              "fail": false,
              "pending": false,
              "context": null,
              "code": "await portfolio.clickFilterBtn()\nawait portfolio.filterByPOC('Muhammad Bilal Rafaqat')\nconst rowText = await portfolio.getRowText(); \nassert.ok(rowText.includes('Muhammad Bilal Rafaqat'), `Expected text not found.`);",
              "err": {},
              "uuid": "be811c1c-4fb5-4a62-ab08-1ada0ed30f8b",
              "parentUUID": "cec09fe8-59c4-4cde-b211-34a23afb290d",
              "isHook": false,
              "skipped": true
            },
            {
              "title": "should able to fiter Portfolio by Industry",
              "fullTitle": "Portfolio Module should able to fiter Portfolio by Industry",
              "timedOut": false,
              "duration": 0,
              "state": null,
              "speed": null,
              "pass": false,
              "fail": false,
              "pending": false,
              "context": null,
              "code": "await portfolio.clickFilterBtn()\nawait portfolio.filterByIndustry('Gaming')\nconst rowText = await portfolio.getRowText(); \nassert.ok(rowText.includes('Gaming'), `Expected text not found.`);",
              "err": {},
              "uuid": "e179f3ba-adce-4f32-b0e7-0c3f74378dfd",
              "parentUUID": "cec09fe8-59c4-4cde-b211-34a23afb290d",
              "isHook": false,
              "skipped": true
            },
            {
              "title": "should able to fiter Portfolio by Tech Stack",
              "fullTitle": "Portfolio Module should able to fiter Portfolio by Tech Stack",
              "timedOut": false,
              "duration": 0,
              "state": null,
              "speed": null,
              "pass": false,
              "fail": false,
              "pending": false,
              "context": null,
              "code": "await portfolio.clickFilterBtn()\nawait portfolio.filterByTechstack('Node Js')\nconst rowText = await portfolio.getRowText(); \nassert.ok(rowText.includes('Node Js'), `Expected text not found.`);",
              "err": {},
              "uuid": "4af4c8a3-ef03-4a8f-b40f-2c6488978f22",
              "parentUUID": "cec09fe8-59c4-4cde-b211-34a23afb290d",
              "isHook": false,
              "skipped": true
            },
            {
              "title": "should able to fiter Portfolio by Resource",
              "fullTitle": "Portfolio Module should able to fiter Portfolio by Resource",
              "timedOut": false,
              "duration": 0,
              "state": null,
              "speed": null,
              "pass": false,
              "fail": false,
              "pending": false,
              "context": null,
              "code": "await portfolio.clickFilterBtn()\nawait portfolio.filterByResources('Hello')\nconst rowText = await portfolio.getRowText(); \nassert.ok(rowText.includes(portfolioName), `Expected text not found.`);",
              "err": {},
              "uuid": "f36486c6-61f1-4538-b106-4922d320d4d8",
              "parentUUID": "cec09fe8-59c4-4cde-b211-34a23afb290d",
              "isHook": false,
              "skipped": true
            },
            {
              "title": "should able to fiter Portfolio by Tags",
              "fullTitle": "Portfolio Module should able to fiter Portfolio by Tags",
              "timedOut": false,
              "duration": 0,
              "state": null,
              "speed": null,
              "pass": false,
              "fail": false,
              "pending": false,
              "context": null,
              "code": "await portfolio.clickFilterBtn()\nawait portfolio.filterByTags('testing')\nconst rowText = await portfolio.getRowText(); \nassert.ok(rowText.includes('testing'), `Expected text not found.`);",
              "err": {},
              "uuid": "4ba0292e-f904-415d-941f-200620613a97",
              "parentUUID": "cec09fe8-59c4-4cde-b211-34a23afb290d",
              "isHook": false,
              "skipped": true
            },
            {
              "title": "should able to fiter Portfolio by Project Nature",
              "fullTitle": "Portfolio Module should able to fiter Portfolio by Project Nature",
              "timedOut": false,
              "duration": 0,
              "state": null,
              "speed": null,
              "pass": false,
              "fail": false,
              "pending": false,
              "context": null,
              "code": "await portfolio.clickFilterBtn()\nawait portfolio.filterByProjectNature('Web App')\nconst rowText = await portfolio.getRowText(); \nassert.ok(rowText.includes('Web App'), `Expected text not found.`);",
              "err": {},
              "uuid": "669a7bcd-b8d8-4c09-8dcf-ea6bb3ef2381",
              "parentUUID": "cec09fe8-59c4-4cde-b211-34a23afb290d",
              "isHook": false,
              "skipped": true
            },
            {
              "title": "should able to fiter Portfolio by Region",
              "fullTitle": "Portfolio Module should able to fiter Portfolio by Region",
              "timedOut": false,
              "duration": 0,
              "state": null,
              "speed": null,
              "pass": false,
              "fail": false,
              "pending": false,
              "context": null,
              "code": "await portfolio.clickFilterBtn()\nawait portfolio.filterByRegion('Pakistan')\nconst rowText = await portfolio.getRowText(); \nassert.ok(rowText.includes('Pakistan'), `Expected text not found.`);",
              "err": {},
              "uuid": "12243dd1-a845-49cb-831b-908d12103283",
              "parentUUID": "cec09fe8-59c4-4cde-b211-34a23afb290d",
              "isHook": false,
              "skipped": true
            },
            {
              "title": "should able to fiter Portfolio by Date",
              "fullTitle": "Portfolio Module should able to fiter Portfolio by Date",
              "timedOut": false,
              "duration": 0,
              "state": null,
              "speed": null,
              "pass": false,
              "fail": false,
              "pending": false,
              "context": null,
              "code": "await portfolio.clickFilterBtn()\nawait portfolio.filterByDate('Last 2 Weeks')\nconst rowText = await portfolio.getRowText(); \nassert.ok(rowText.includes(portfolioName), `Expected text not found.`);",
              "err": {},
              "uuid": "275cc1f4-2d0f-417e-9b86-432186a6efee",
              "parentUUID": "cec09fe8-59c4-4cde-b211-34a23afb290d",
              "isHook": false,
              "skipped": true
            },
            {
              "title": "should able to Hide Division Colum",
              "fullTitle": "Portfolio Module should able to Hide Division Colum",
              "timedOut": false,
              "duration": 0,
              "state": null,
              "speed": null,
              "pass": false,
              "fail": false,
              "pending": false,
              "context": null,
              "code": "await portfolio.clickHideColumsBtn()\nawait portfolio.selectColum('Division')\n   // const columnsCount = await portfolio.getTableColumsCount(); \n   // assert.equal(columnsCount, 13, `Colums count is not Correct.`);\nconst columnsText = await portfolio.getTableColumsAndCheck('Division'); \nassert.equal(columnsText, -1, `Expected Colum is Not Hidden.`);",
              "err": {},
              "uuid": "1f373fc5-1bcc-4584-a535-8137179b89ec",
              "parentUUID": "cec09fe8-59c4-4cde-b211-34a23afb290d",
              "isHook": false,
              "skipped": true
            },
            {
              "title": "should able to Hide Project Nature Colum",
              "fullTitle": "Portfolio Module should able to Hide Project Nature Colum",
              "timedOut": false,
              "duration": 0,
              "state": null,
              "speed": null,
              "pass": false,
              "fail": false,
              "pending": false,
              "context": null,
              "code": "await portfolio.clickHideColumsBtn()\nawait portfolio.selectColum('Project Nature')\n   // const columnsCount = await portfolio.getTableColumsCount(); \n   // assert.equal(columnsCount, 12, `Colums count is not Correct.`);\nconst columnsText = await portfolio.getTableColumsAndCheck('Project Nature'); \nassert.equal(columnsText, -1, `Expected Colum is Not Hidden.`);",
              "err": {},
              "uuid": "1cc5d457-f0cf-4ce6-b0de-edeb05b3a47e",
              "parentUUID": "cec09fe8-59c4-4cde-b211-34a23afb290d",
              "isHook": false,
              "skipped": true
            },
            {
              "title": "should able to Hide Tech Stack Colum",
              "fullTitle": "Portfolio Module should able to Hide Tech Stack Colum",
              "timedOut": false,
              "duration": 0,
              "state": null,
              "speed": null,
              "pass": false,
              "fail": false,
              "pending": false,
              "context": null,
              "code": "await portfolio.clickHideColumsBtn()\nawait portfolio.selectColum('Tech Stack')\n//const columnsCount = await portfolio.getTableColumsCount(); \n//assert.equal(columnsCount, 11, `Colums count is not Correct.`);\nconst columnsText = await portfolio.getTableColumsAndCheck('Tech Stack'); \nassert.equal(columnsText, -1, `Expected Colum is Not Hidden.`);",
              "err": {},
              "uuid": "ea15a270-caa6-4ba9-a1d6-47d1cbf7856b",
              "parentUUID": "cec09fe8-59c4-4cde-b211-34a23afb290d",
              "isHook": false,
              "skipped": true
            },
            {
              "title": "should able to Hide POC Colum",
              "fullTitle": "Portfolio Module should able to Hide POC Colum",
              "timedOut": false,
              "duration": 0,
              "state": null,
              "speed": null,
              "pass": false,
              "fail": false,
              "pending": false,
              "context": null,
              "code": "await portfolio.clickHideColumsBtn()\nawait portfolio.selectColum('POC')\n//const columnsCount = await portfolio.getTableColumsCount(); \n//assert.equal(columnsCount, 10, `Colums count is not Correct.`);\nconst columnsText = await portfolio.getTableColumsAndCheck('POC'); \nassert.equal(columnsText, -1, `Expected Colum is Not Hidden.`);",
              "err": {},
              "uuid": "d5e00114-ca05-4dbb-83b6-32d93c944e4d",
              "parentUUID": "cec09fe8-59c4-4cde-b211-34a23afb290d",
              "isHook": false,
              "skipped": true
            },
            {
              "title": "should able to Hide Resources Colum",
              "fullTitle": "Portfolio Module should able to Hide Resources Colum",
              "timedOut": false,
              "duration": 0,
              "state": null,
              "speed": null,
              "pass": false,
              "fail": false,
              "pending": false,
              "context": null,
              "code": "await portfolio.clickHideColumsBtn()\nawait portfolio.selectColum('Resources')\n//const columnsCount = await portfolio.getTableColumsCount(); \n//assert.equal(columnsCount, 9, `Colums count is not Correct.`);\nconst columnsText = await portfolio.getTableColumsAndCheck('Resources'); \nassert.equal(columnsText, -1, `Expected Colum is Not Hidden.`);",
              "err": {},
              "uuid": "a2cec756-6c5d-435d-9ce5-fd665941e0d5",
              "parentUUID": "cec09fe8-59c4-4cde-b211-34a23afb290d",
              "isHook": false,
              "skipped": true
            },
            {
              "title": "should able to Hide Tags Colum",
              "fullTitle": "Portfolio Module should able to Hide Tags Colum",
              "timedOut": false,
              "duration": 0,
              "state": null,
              "speed": null,
              "pass": false,
              "fail": false,
              "pending": false,
              "context": null,
              "code": "await portfolio.clickHideColumsBtn()\nawait portfolio.selectColum('Tags')\n//const columnsCount = await portfolio.getTableColumsCount(); \n//assert.equal(columnsCount, 8, `Colums count is not Correct.`);\nconst columnsText = await portfolio.getTableColumsAndCheck('Tags'); \nassert.equal(columnsText, -1, `Expected Colum is Not Hidden.`);",
              "err": {},
              "uuid": "60cc89ad-1d9d-4830-bff8-cf01833fde5a",
              "parentUUID": "cec09fe8-59c4-4cde-b211-34a23afb290d",
              "isHook": false,
              "skipped": true
            },
            {
              "title": "should able to Hide Industry Colum",
              "fullTitle": "Portfolio Module should able to Hide Industry Colum",
              "timedOut": false,
              "duration": 0,
              "state": null,
              "speed": null,
              "pass": false,
              "fail": false,
              "pending": false,
              "context": null,
              "code": "await portfolio.clickHideColumsBtn()\nawait portfolio.selectColum('Industry')\n//const columnsCount = await portfolio.getTableColumsCount(); \n//assert.equal(columnsCount, 7, `Colums count is not Correct.`);\nconst columnsText = await portfolio.getTableColumsAndCheck('Industry'); \nassert.equal(columnsText, -1, `Expected Colum is Not Hidden.`);",
              "err": {},
              "uuid": "45662582-d38f-4256-9f95-4607042ee5fd",
              "parentUUID": "cec09fe8-59c4-4cde-b211-34a23afb290d",
              "isHook": false,
              "skipped": true
            },
            {
              "title": "should able to Hide Region Colum",
              "fullTitle": "Portfolio Module should able to Hide Region Colum",
              "timedOut": false,
              "duration": 0,
              "state": null,
              "speed": null,
              "pass": false,
              "fail": false,
              "pending": false,
              "context": null,
              "code": "await portfolio.clickHideColumsBtn()\nawait portfolio.selectColum('Region')\n//const columnsCount = await portfolio.getTableColumsCount(); \n   // assert.equal(columnsCount, 6, `Colums count is not Correct.`);\nconst columnsText = await portfolio.getTableColumsAndCheck('Region'); \nassert.equal(columnsText, -1, `Expected Colum is Not Hidden.`);",
              "err": {},
              "uuid": "e2a727d8-e911-48ce-bc4e-07cabe217c01",
              "parentUUID": "cec09fe8-59c4-4cde-b211-34a23afb290d",
              "isHook": false,
              "skipped": true
            },
            {
              "title": "should able to Hide Attachments Colum",
              "fullTitle": "Portfolio Module should able to Hide Attachments Colum",
              "timedOut": false,
              "duration": 0,
              "state": null,
              "speed": null,
              "pass": false,
              "fail": false,
              "pending": false,
              "context": null,
              "code": "await portfolio.clickHideColumsBtn()\nawait portfolio.selectColum('Attachments')\n//const columnsCount = await portfolio.getTableColumsCount(); \n//assert.equal(columnsCount, 5, `Colums count is not Correct.`);\nconst columnsText = await portfolio.getTableColumsAndCheck('Attachments'); \nassert.equal(columnsText, -1, `Expected Colum is Not Hidden.`);",
              "err": {},
              "uuid": "f07445c3-9a52-49a2-a0e0-f4335b917366",
              "parentUUID": "cec09fe8-59c4-4cde-b211-34a23afb290d",
              "isHook": false,
              "skipped": true
            },
            {
              "title": "should able to Hide Achievements Colum",
              "fullTitle": "Portfolio Module should able to Hide Achievements Colum",
              "timedOut": false,
              "duration": 0,
              "state": null,
              "speed": null,
              "pass": false,
              "fail": false,
              "pending": false,
              "context": null,
              "code": "await portfolio.clickHideColumsBtn()\nawait portfolio.selectColum('Achievements')\n//const columnsCount = await portfolio.getTableColumsCount(); \n//assert.equal(columnsCount, 4, `Colums count is not Correct.`);\nconst columnsText = await portfolio.getTableColumsAndCheck('Achievements'); \nassert.equal(columnsText, -1, `Expected Colum is Not Hidden.`);",
              "err": {},
              "uuid": "043fa5e1-fe9a-4a98-977a-6aed09dc348f",
              "parentUUID": "cec09fe8-59c4-4cde-b211-34a23afb290d",
              "isHook": false,
              "skipped": true
            },
            {
              "title": "should able to Hide Git Access Colum",
              "fullTitle": "Portfolio Module should able to Hide Git Access Colum",
              "timedOut": false,
              "duration": 0,
              "state": null,
              "speed": null,
              "pass": false,
              "fail": false,
              "pending": false,
              "context": null,
              "code": "await portfolio.clickHideColumsBtn()\nawait portfolio.selectColum('Git Access')\n//const columnsCount = await portfolio.getTableColumsCount(); \n//assert.equal(columnsCount, 3, `Colums count is not Correct.`);\nconst columnsText = await portfolio.getTableColumsAndCheck('Git Access'); \nassert.equal(columnsText, -1, `Expected Colum is Not Hidden.`);",
              "err": {},
              "uuid": "73e3a664-b0da-4f5a-a49d-c863f4ceeccf",
              "parentUUID": "cec09fe8-59c4-4cde-b211-34a23afb290d",
              "isHook": false,
              "skipped": true
            }
          ],
          "suites": [],
          "passes": [],
          "failures": [],
          "pending": [],
          "skipped": [
            "49161d2c-3487-455a-a7f5-1cffef211dc8",
            "f88a9177-ef1f-478b-b91d-5a3e63fa8ed1",
            "8a313c6d-1e7d-4829-865c-07eed1df3e60",
            "364bc523-d66a-4f1c-9122-80dd91013883",
            "90166c20-715f-455d-8474-889a0ef16b3d",
            "be811c1c-4fb5-4a62-ab08-1ada0ed30f8b",
            "e179f3ba-adce-4f32-b0e7-0c3f74378dfd",
            "4af4c8a3-ef03-4a8f-b40f-2c6488978f22",
            "f36486c6-61f1-4538-b106-4922d320d4d8",
            "4ba0292e-f904-415d-941f-200620613a97",
            "669a7bcd-b8d8-4c09-8dcf-ea6bb3ef2381",
            "12243dd1-a845-49cb-831b-908d12103283",
            "275cc1f4-2d0f-417e-9b86-432186a6efee",
            "1f373fc5-1bcc-4584-a535-8137179b89ec",
            "1cc5d457-f0cf-4ce6-b0de-edeb05b3a47e",
            "ea15a270-caa6-4ba9-a1d6-47d1cbf7856b",
            "d5e00114-ca05-4dbb-83b6-32d93c944e4d",
            "a2cec756-6c5d-435d-9ce5-fd665941e0d5",
            "60cc89ad-1d9d-4830-bff8-cf01833fde5a",
            "45662582-d38f-4256-9f95-4607042ee5fd",
            "e2a727d8-e911-48ce-bc4e-07cabe217c01",
            "f07445c3-9a52-49a2-a0e0-f4335b917366",
            "043fa5e1-fe9a-4a98-977a-6aed09dc348f",
            "73e3a664-b0da-4f5a-a49d-c863f4ceeccf"
          ],
          "duration": 0,
          "root": false,
          "rootEmpty": false,
          "_timeout": 100000
        }
      ],
      "passes": [],
      "failures": [],
      "pending": [],
      "skipped": [],
      "duration": 0,
      "root": true,
      "rootEmpty": true,
      "_timeout": 100000
    }
  ],
  "meta": {
    "mocha": {
      "version": "10.2.0"
    },
    "mochawesome": {
      "options": {
        "quiet": false,
        "reportFilename": "mochawesome",
        "saveHtml": true,
        "saveJson": true,
        "consoleReporter": "spec",
        "useInlineDiffs": false,
        "code": true
      },
      "version": "7.1.3"
    },
    "marge": {
      "options": {
        "reportDir": "test/report"
      },
      "version": "6.2.0"
    }
  }
}