{
  "stats": {
    "suites": 18,
    "tests": 427,
    "passes": 397,
    "pending": 19,
    "failures": 11,
    "start": "2024-02-17T06:00:27.671Z",
    "end": "2024-02-17T07:19:00.040Z",
    "duration": 4712369,
    "testsRegistered": 427,
    "passPercent": 97.30392156862744,
    "pendingPercent": 4.449648711943794,
    "other": 0,
    "hasOther": false,
    "skipped": 0,
    "hasSkipped": false
  },
  "results": [
    {
      "uuid": "9e153a34-3cd2-4692-b11a-7519c46e1619",
      "title": "",
      "fullFile": "",
      "file": "",
      "beforeHooks": [],
      "afterHooks": [],
      "tests": [],
      "suites": [
        {
          "uuid": "46278960-89ed-4f20-97b7-6d1e3556c6b7",
          "title": "Pending Evaluations",
          "fullFile": "/home/devops/invohub/resource-engagement/test/e2e/evaluation/spec_1_pendings.js",
          "file": "/test/e2e/evaluation/spec_1_pendings.js",
          "beforeHooks": [
            {
              "title": "\"before all\" hook in \"Pending Evaluations\"",
              "fullTitle": "Pending Evaluations \"before all\" hook in \"Pending Evaluations\"",
              "timedOut": false,
              "duration": 65370,
              "state": null,
              "speed": null,
              "pass": false,
              "fail": false,
              "pending": false,
              "context": null,
              "code": "let query = [\n  `UPDATE departments SET \"hodId\" = 9474 WHERE id = 9;`,\n  `UPDATE employees SET \"email\" = 'bilal.rafaqat@invozone.de' WHERE id = 9429;`,\n  `UPDATE employees SET \"email\" = 'bilal.rafaqat@invozone.dev' WHERE id = 9474;`,\n];\nawait utilFun.udpateDatabase(query);\nawait utilFun.login(email, password);\nconst url = await utilFun.getUrl();\nassert.equal(url, baseUrl + '/home');\nlet query1 =[\n    `UPDATE employee_evaluations SET \"incrementType\" = 'annual' WHERE id = 26;`,\n    `UPDATE employee_evaluations SET \"processType\" = NULL WHERE id = 26;`,\n    `UPDATE employee_evaluations SET \"reasonForDefer\" = NULL WHERE id = 26;`,\n    `UPDATE employee_evaluations SET \"processDate\" = NULL WHERE id = 26;`,\n    `UPDATE employee_evaluations SET \"feedback\" = NULL WHERE id = 26;`,\n    `DELETE FROM employee_evaluations WHERE \"employeeId\" = 9742 AND \"incrementType\" = 'designation';`,\n    ];\n    await utilFun.udpateDatabase(query1);",
              "err": {},
              "uuid": "15679fda-91c5-449f-a8d0-89d16a92c6d9",
              "parentUUID": "46278960-89ed-4f20-97b7-6d1e3556c6b7",
              "isHook": true,
              "skipped": false
            },
            {
              "title": "\"before each\" hook in \"Pending Evaluations\"",
              "fullTitle": "Pending Evaluations \"before each\" hook in \"Pending Evaluations\"",
              "timedOut": false,
              "duration": 3555,
              "state": null,
              "speed": null,
              "pass": false,
              "fail": false,
              "pending": false,
              "context": null,
              "code": "await utilFun.visit(baseUrl + '/evaluation');\nawait utilFun.wait(3000);",
              "err": {},
              "uuid": "410a597a-e601-474d-8a0c-1f74fc76ea50",
              "parentUUID": "46278960-89ed-4f20-97b7-6d1e3556c6b7",
              "isHook": true,
              "skipped": false
            }
          ],
          "afterHooks": [],
          "tests": [
            {
              "title": "should check if pending evaluations are showing",
              "fullTitle": "Pending Evaluations should check if pending evaluations are showing",
              "timedOut": false,
              "duration": 38,
              "state": "passed",
              "speed": "medium",
              "pass": true,
              "fail": false,
              "pending": false,
              "context": null,
              "code": "let obj = await evaluation.getAllPendingResourses();\nassert(obj.length > 0, `No Evaluation Found`);",
              "err": {},
              "uuid": "093294c6-c6e4-4659-a4e6-398d33b9f5e1",
              "parentUUID": "46278960-89ed-4f20-97b7-6d1e3556c6b7",
              "isHook": false,
              "skipped": false
            },
            {
              "title": "should able to filter resoures by name",
              "fullTitle": "Pending Evaluations should able to filter resoures by name",
              "timedOut": false,
              "duration": 1993,
              "state": "passed",
              "speed": "slow",
              "pass": true,
              "fail": false,
              "pending": false,
              "context": null,
              "code": "await evaluation.clickFilterButton();\nawait evaluation.searchName('James Salinas');\nawait utilFun.wait(1000);\nconst name = await evaluation.getResourseName();\nutilFun.assertEql(name, 'James Salinas');",
              "err": {},
              "uuid": "ec4e9c74-12f6-4ae8-a9d7-4716a9a956a8",
              "parentUUID": "46278960-89ed-4f20-97b7-6d1e3556c6b7",
              "isHook": false,
              "skipped": false
            },
            {
              "title": "should able to filter resoures by Review Type",
              "fullTitle": "Pending Evaluations should able to filter resoures by Review Type",
              "timedOut": false,
              "duration": 1536,
              "state": "passed",
              "speed": "slow",
              "pass": true,
              "fail": false,
              "pending": false,
              "context": null,
              "code": "await evaluation.clickFilterButton();\nawait evaluation.selectReviewType('Annual');\nconst valuesCount = await evaluation.checkValues();\nutilFun.assertEql(valuesCount, 1);",
              "err": {},
              "uuid": "e9c1f9f7-1dbc-449a-beb7-74b2652646e6",
              "parentUUID": "46278960-89ed-4f20-97b7-6d1e3556c6b7",
              "isHook": false,
              "skipped": false
            },
            {
              "title": "should able to filter resoures by Last Increment",
              "fullTitle": "Pending Evaluations should able to filter resoures by Last Increment",
              "timedOut": false,
              "duration": 1466,
              "state": "passed",
              "speed": "slow",
              "pass": true,
              "fail": false,
              "pending": false,
              "context": null,
              "code": "await evaluation.clickFilterButton();\nawait evaluation.selectLastIncrement('N/A');\nconst valuesCount = await evaluation.checkValues();\nutilFun.assertEql(valuesCount, 1);",
              "err": {},
              "uuid": "288cf47a-69a1-401e-b093-2f12eb2302df",
              "parentUUID": "46278960-89ed-4f20-97b7-6d1e3556c6b7",
              "isHook": false,
              "skipped": false
            },
            {
              "title": "should able to  copy email from options",
              "fullTitle": "Pending Evaluations should able to  copy email from options",
              "timedOut": false,
              "duration": 6269,
              "state": "passed",
              "speed": "slow",
              "pass": true,
              "fail": false,
              "pending": false,
              "context": null,
              "code": "await evaluation.clickFilterButton();\nawait evaluation.searchName('James Salinas');\nawait utilFun.wait(1000);\nconst name = await evaluation.getResourseName();\nutilFun.assertEql(name, 'James Salinas');\nawait evaluation.clickOptionBtn();\nawait utilFun.wait(1000);\nawait evaluation.selectOption('Copy Email');\nawait utilFun.wait(3000);\nconst alertText = await evaluation.checkAlert();\nutilFun.assertEql(alertText, 'Email address is copied');",
              "err": {},
              "uuid": "3be0a6df-b744-4c7f-aab3-fc0a0a3b6122",
              "parentUUID": "46278960-89ed-4f20-97b7-6d1e3556c6b7",
              "isHook": false,
              "skipped": false
            },
            {
              "title": "should able to Send Email from options",
              "fullTitle": "Pending Evaluations should able to Send Email from options",
              "timedOut": false,
              "duration": 8850,
              "state": "passed",
              "speed": "slow",
              "pass": true,
              "fail": false,
              "pending": false,
              "context": null,
              "code": "await evaluation.clickFilterButton();\nawait evaluation.searchName('James Salinas');\nawait utilFun.wait(1000);\nconst name = await evaluation.getResourseName();\nutilFun.assertEql(name, 'James Salinas');\nawait evaluation.clickOptionBtn();\nawait utilFun.wait(1000);\nawait evaluation.selectOption('Send Email');\nawait utilFun.wait(1000);\nawait utilFun.switchWindow(1);\nawait utilFun.wait(3000);\nconst url = await utilFun.getUrl();\nassert.equal(url, 'https://mail.google.com/mail/u/0/?fs=1&tf=cm&to=james@robot-mail.com');\nawait utilFun.closeCurrentTab();\nawait utilFun.switchWindow(0);",
              "err": {},
              "uuid": "c397191b-30cb-41fe-a523-42787e590b9b",
              "parentUUID": "46278960-89ed-4f20-97b7-6d1e3556c6b7",
              "isHook": false,
              "skipped": false
            },
            {
              "title": "should able to Open Slack DM from options",
              "fullTitle": "Pending Evaluations should able to Open Slack DM from options",
              "timedOut": false,
              "duration": 7176,
              "state": "passed",
              "speed": "slow",
              "pass": true,
              "fail": false,
              "pending": false,
              "context": null,
              "code": "await evaluation.clickFilterButton();\nawait evaluation.searchName('James Salinas');\nawait utilFun.wait(1000);\nconst name = await evaluation.getResourseName();\nutilFun.assertEql(name, 'James Salinas');\nawait evaluation.clickOptionBtn();\nawait utilFun.wait(1000);\nawait evaluation.selectOption('Open Slack DM');\nawait utilFun.wait(1000);\nawait utilFun.switchWindow(1);\nawait utilFun.wait(3000);\nconst url = await utilFun.getUrl();\nassert.equal(url, 'https://invozone.slack.com/?redir=%2Fapp_redirect%3Fchannel%3Dundefined');\nawait utilFun.closeCurrentTab();\nawait utilFun.switchWindow(0);",
              "err": {},
              "uuid": "b9a885ae-6686-460b-88bc-5c60c180e0f3",
              "parentUUID": "46278960-89ed-4f20-97b7-6d1e3556c6b7",
              "isHook": false,
              "skipped": false
            },
            {
              "title": "should able to see Email from options",
              "fullTitle": "Pending Evaluations should able to see Email from options",
              "timedOut": false,
              "duration": 6145,
              "state": "passed",
              "speed": "slow",
              "pass": true,
              "fail": false,
              "pending": false,
              "context": null,
              "code": "await evaluation.clickFilterButton();\nawait evaluation.searchName('James Salinas');\nawait utilFun.wait(1000);\nconst name = await evaluation.getResourseName();\nutilFun.assertEql(name, 'James Salinas');\nawait evaluation.clickOptionBtn();\nawait utilFun.wait(1000);\nawait evaluation.selectOption('See Email');\nawait utilFun.wait(3000);\nconst email = await evaluation.copyEmail();\nassert.equal(email, 'Email: james@robot-mail.com');",
              "err": {},
              "uuid": "e8cae612-9ec0-4fc4-810e-1df7a29a2de1",
              "parentUUID": "46278960-89ed-4f20-97b7-6d1e3556c6b7",
              "isHook": false,
              "skipped": false
            },
            {
              "title": "should able to copy Phone Number from options",
              "fullTitle": "Pending Evaluations should able to copy Phone Number from options",
              "timedOut": false,
              "duration": 6698,
              "state": "passed",
              "speed": "slow",
              "pass": true,
              "fail": false,
              "pending": false,
              "context": null,
              "code": "await evaluation.clickFilterButton();\nawait evaluation.searchName('James Salinas');\nawait utilFun.wait(1000);\nconst name = await evaluation.getResourseName();\nutilFun.assertEql(name, 'James Salinas');\nawait evaluation.clickOptionBtn();\nawait utilFun.wait(1000);\nawait evaluation.selectOption('Phone Number');\nawait utilFun.wait(3000);\nawait evaluation.copyPhoneNumber();\nconst alertText = await evaluation.checkAlert();\nassert.equal(alertText, 'Phone# is copied successfully');",
              "err": {},
              "uuid": "402c2d5a-ed96-4f7f-bcbf-88df189c397c",
              "parentUUID": "46278960-89ed-4f20-97b7-6d1e3556c6b7",
              "isHook": false,
              "skipped": false
            },
            {
              "title": "should able to see Resource Details from options",
              "fullTitle": "Pending Evaluations should able to see Resource Details from options",
              "timedOut": false,
              "duration": 4589,
              "state": "passed",
              "speed": "slow",
              "pass": true,
              "fail": false,
              "pending": false,
              "context": null,
              "code": "await evaluation.clickFilterButton();\nawait evaluation.searchName('James Salinas');\nawait utilFun.wait(1000);\nconst name = await evaluation.getResourseName();\nutilFun.assertEql(name, 'James Salinas');\nawait evaluation.clickResource();\nawait utilFun.wait(1000);\nawait utilFun.switchWindow(1);\nawait utilFun.wait(1000);\nconst url = await utilFun.getUrl();\nassert.equal(url, 'http://localhost:3000/resource-detail/9742?tab=Basic_Information');\nawait utilFun.closeCurrentTab();\nawait utilFun.switchWindow(0);",
              "err": {},
              "uuid": "6179fd79-a552-43d0-958e-5c08ae3668b0",
              "parentUUID": "46278960-89ed-4f20-97b7-6d1e3556c6b7",
              "isHook": false,
              "skipped": false
            },
            {
              "title": "should able to see employee history",
              "fullTitle": "Pending Evaluations should able to see employee history",
              "timedOut": false,
              "duration": 3085,
              "state": "passed",
              "speed": "slow",
              "pass": true,
              "fail": false,
              "pending": false,
              "context": null,
              "code": "await evaluation.clickFilterButton();\nawait evaluation.searchName('James Salinas');\nawait utilFun.wait(1000);\nconst name = await evaluation.getResourseName();\nutilFun.assertEql(name, 'James Salinas');\nawait evaluation.clickSeeFeedback();\nawait utilFun.wait(1000);\nconst title = await evaluation.checkTitle();\nutilFun.assertEql(title, 'Feedback History of James Salinas');\nawait evaluation.checkSelectedTab();",
              "err": {},
              "uuid": "9451937f-eabd-47b2-9c36-99ba07ecf173",
              "parentUUID": "46278960-89ed-4f20-97b7-6d1e3556c6b7",
              "isHook": false,
              "skipped": false
            },
            {
              "title": "should able to request a review",
              "fullTitle": "Pending Evaluations should able to request a review",
              "timedOut": false,
              "duration": 7166,
              "state": "passed",
              "speed": "slow",
              "pass": true,
              "fail": false,
              "pending": false,
              "context": null,
              "code": "await evaluation.clickFilterButton();\nawait evaluation.searchName('James Salinas');\nawait utilFun.wait(1000);\nconst name = await evaluation.getResourseName();\nutilFun.assertEql(name, 'James Salinas');\nawait evaluation.clickSeeFeedback();\nawait utilFun.wait(1000);\nawait evaluation.clickSubmittedReview();\nawait evaluation.clickReqReviewBtn();\nawait utilFun.wait(1000);\nawait evaluation.clickHod('Muhammad Bilal Rafaqat');\nawait evaluation.clickSendReqBtn();\nconst alertText = await evaluation.checkAlert();\nutilFun.assertEql(alertText, 'Request is send successfully.');",
              "err": {},
              "uuid": "2d2c8577-d3aa-4b44-b259-98705a649c37",
              "parentUUID": "46278960-89ed-4f20-97b7-6d1e3556c6b7",
              "isHook": false,
              "skipped": false
            },
            {
              "title": "should able to give a review",
              "fullTitle": "Pending Evaluations should able to give a review",
              "timedOut": false,
              "duration": 25985,
              "state": "passed",
              "speed": "slow",
              "pass": true,
              "fail": false,
              "pending": false,
              "context": null,
              "code": "const query = [\n  `UPDATE employees SET \"departmentId\" = 9 WHERE id = 9474;`,\n  `UPDATE employees SET \"designationId\" = 83 WHERE id = 9474;`,\n  `UPDATE employees SET \"designation\" = 'Head of Engineering' WHERE id = 9474;`,\n];\nawait utilFun.udpateDatabase(query);\nawait utilFun.refresh();\nawait evaluation.clickFilterButton();\nawait evaluation.searchName('James Salinas');\nawait utilFun.wait(1000);\nconst name = await evaluation.getResourseName();\nutilFun.assertEql(name, 'James Salinas');\nawait evaluation.clickSeeFeedback();\nawait utilFun.wait(1000);\nawait evaluation.clickSubmittedReview();\nawait utilFun.wait(1000);\nawait evaluation.clickAddFeedback();\n// await feedbackForm.enterDate('03092023');\nawait feedbackForm.selectFeedbackDuration('6 Months');\nawait feedbackForm.selectNextReviewType('Annual');\nawait feedbackForm.selectRevisedDesignation('Software Engineer');\nawait feedbackForm.selectRevisedDesignationCategory('Automation');\nawait feedbackForm.typeIncreament('200000');\nawait feedbackForm.typeDescription('testingggg');\nawait feedbackForm.clickSubmit();\nconst alertText = await evaluation.checkAlert();\nutilFun.assertEql(alertText, 'Increment status is updated successfully');",
              "err": {},
              "uuid": "253b60c5-76a1-486f-aece-943172e684e3",
              "parentUUID": "46278960-89ed-4f20-97b7-6d1e3556c6b7",
              "isHook": false,
              "skipped": false
            },
            {
              "title": "should able to edit review form",
              "fullTitle": "Pending Evaluations should able to edit review form",
              "timedOut": false,
              "duration": 8833,
              "state": "passed",
              "speed": "slow",
              "pass": true,
              "fail": false,
              "pending": false,
              "context": null,
              "code": "await evaluation.clickFilterButton();\nawait evaluation.searchName('James Salinas');\nawait utilFun.wait(1000);\nconst name = await evaluation.getResourseName();\nutilFun.assertEql(name, 'James Salinas');\nawait evaluation.clickEditForm();\nawait utilFun.wait(1000);\n// await feedbackForm.enterDate('03102023');\nawait feedbackForm.selectFeedbackDuration('3 Months');\nawait feedbackForm.selectNextReviewType('Annual');\nawait feedbackForm.selectRevisedDesignation('Software Engineer');\nawait feedbackForm.typeIncreament('200000');\nawait feedbackForm.typeDescription('updated');\nawait feedbackForm.clickSubmit();\nconst alertText = await evaluation.checkAlert();\nutilFun.assertEql(alertText, 'Increment status is updated successfully');",
              "err": {},
              "uuid": "3e6a03c1-d234-483c-9279-10120dd460e3",
              "parentUUID": "46278960-89ed-4f20-97b7-6d1e3556c6b7",
              "isHook": false,
              "skipped": false
            },
            {
              "title": "should able to defer review",
              "fullTitle": "Pending Evaluations should able to defer review",
              "timedOut": false,
              "duration": 5888,
              "state": "passed",
              "speed": "slow",
              "pass": true,
              "fail": false,
              "pending": false,
              "context": null,
              "code": "const query = [\n  `UPDATE employees SET \"designation\" = 'HR' WHERE id = 9474;`,\n  `UPDATE employees SET \"departmentId\" = 7 WHERE id = 9474;`,\n  `UPDATE employees SET \"designationId\" = 77 WHERE id = 9474;`,\n];\nawait utilFun.udpateDatabase(query);\nawait utilFun.refresh();\nawait evaluation.clickFilterButton();\nawait evaluation.searchName('James Salinas');\nawait utilFun.wait(1000);\nconst name = await evaluation.getResourseName();\nutilFun.assertEql(name, 'James Salinas');\nawait evaluation.clickDefer();\nawait evaluation.clickDeferType();\nawait utilFun.wait(1000);\nawait evaluation.selectDeferType('2 Weeks');\nawait evaluation.typeDeferReason('testing');\nawait evaluation.clickSubmitBtn();\nconst alertText = await evaluation.checkAlert();\nutilFun.assertEql(alertText, 'Increment status is updated successfully');",
              "err": {},
              "uuid": "ba38e240-a0e4-42ae-acc9-8838441e3ca5",
              "parentUUID": "46278960-89ed-4f20-97b7-6d1e3556c6b7",
              "isHook": false,
              "skipped": false
            },
            {
              "title": "should able to complete review",
              "fullTitle": "Pending Evaluations should able to complete review",
              "timedOut": false,
              "duration": 9383,
              "state": "passed",
              "speed": "slow",
              "pass": true,
              "fail": false,
              "pending": false,
              "context": null,
              "code": "const query = [\n  `UPDATE employees SET \"designation\" = 'HR' WHERE id = 9474;`,\n  `UPDATE employees SET \"departmentId\" = 7 WHERE id = 9474;`,\n  `UPDATE employees SET \"designationId\" = 77 WHERE id = 9474;`,\n  `UPDATE employee_evaluations SET \"processType\" = NULL WHERE id = 26;`,\n  `UPDATE employee_evaluations SET \"reasonForDefer\" = NULL WHERE id = 26;`,\n  `UPDATE employee_evaluations SET \"processDate\" = NULL WHERE id = 26;`,\n];\nawait utilFun.udpateDatabase(query);\nawait utilFun.refresh();\nawait evaluation.clickFilterButton();\nawait evaluation.searchName('James Salinas');\nawait utilFun.wait(1000);\nconst name = await evaluation.getResourseName();\nutilFun.assertEql(name, 'James Salinas');\nawait evaluation.clickComplete();\nawait feedbackForm.enterDate('03102023');\nawait feedbackForm.selectFeedbackDuration('3 Months');\nawait feedbackForm.selectNextReviewType('Annual');\nawait feedbackForm.selectRevisedDesignation('Software Engineer');\nawait feedbackForm.typeIncreament('200000');\nawait feedbackForm.clickSubmit();\nconst alertText = await evaluation.checkAlert();\nutilFun.assertEql(alertText, 'Increment status is updated successfully');",
              "err": {},
              "uuid": "ab5d226c-a18f-43e7-8807-ee8b95ea09c5",
              "parentUUID": "46278960-89ed-4f20-97b7-6d1e3556c6b7",
              "isHook": false,
              "skipped": false
            }
          ],
          "suites": [],
          "passes": [
            "093294c6-c6e4-4659-a4e6-398d33b9f5e1",
            "ec4e9c74-12f6-4ae8-a9d7-4716a9a956a8",
            "e9c1f9f7-1dbc-449a-beb7-74b2652646e6",
            "288cf47a-69a1-401e-b093-2f12eb2302df",
            "3be0a6df-b744-4c7f-aab3-fc0a0a3b6122",
            "c397191b-30cb-41fe-a523-42787e590b9b",
            "b9a885ae-6686-460b-88bc-5c60c180e0f3",
            "e8cae612-9ec0-4fc4-810e-1df7a29a2de1",
            "402c2d5a-ed96-4f7f-bcbf-88df189c397c",
            "6179fd79-a552-43d0-958e-5c08ae3668b0",
            "9451937f-eabd-47b2-9c36-99ba07ecf173",
            "2d2c8577-d3aa-4b44-b259-98705a649c37",
            "253b60c5-76a1-486f-aece-943172e684e3",
            "3e6a03c1-d234-483c-9279-10120dd460e3",
            "ba38e240-a0e4-42ae-acc9-8838441e3ca5",
            "ab5d226c-a18f-43e7-8807-ee8b95ea09c5"
          ],
          "failures": [],
          "pending": [],
          "skipped": [],
          "duration": 105100,
          "root": false,
          "rootEmpty": false,
          "_timeout": 100000
        },
        {
          "uuid": "7a9d4360-1046-4df6-ba11-427eb32f6048",
          "title": "Performance Base Evaluations",
          "fullFile": "/home/devops/invohub/resource-engagement/test/e2e/evaluation/spec_2_performance.js",
          "file": "/test/e2e/evaluation/spec_2_performance.js",
          "beforeHooks": [
            {
              "title": "\"before all\" hook in \"Performance Base Evaluations\"",
              "fullTitle": "Performance Base Evaluations \"before all\" hook in \"Performance Base Evaluations\"",
              "timedOut": false,
              "duration": 9539,
              "state": null,
              "speed": null,
              "pass": false,
              "fail": false,
              "pending": false,
              "context": null,
              "code": "await utilFun.loginAccount()\nconst url = await utilFun.getUrl();\nassert.equal(url, baseUrl + '/home');\nlet query = [\n  `UPDATE employee_evaluations SET \"incrementType\" = 'performance' WHERE id = 26;`,\n  `UPDATE employees SET \"designation\" = 'Software Engineer' WHERE id = 9474;`,\n  `UPDATE employees SET \"departmentId\" = 9 WHERE id = 9474;`,\n  `UPDATE employees SET \"designationId\" = 138 WHERE id = 9474;`,\n  `UPDATE employee_evaluations SET \"processType\" = NULL WHERE id = 26;`,\n  `UPDATE employee_evaluations SET \"reasonForDefer\" = NULL WHERE id = 26;`,\n  `UPDATE employee_evaluations SET \"processDate\" = NULL WHERE id = 26;`,\n  `UPDATE employee_evaluations SET \"feedback\" = NULL WHERE id = 26;`,\n];\nawait utilFun.udpateDatabase(query);",
              "err": {},
              "uuid": "a37cd67a-2a32-4c04-ac35-2bc54274d2f3",
              "parentUUID": "7a9d4360-1046-4df6-ba11-427eb32f6048",
              "isHook": true,
              "skipped": false
            },
            {
              "title": "\"before each\" hook in \"Performance Base Evaluations\"",
              "fullTitle": "Performance Base Evaluations \"before each\" hook in \"Performance Base Evaluations\"",
              "timedOut": false,
              "duration": 4371,
              "state": null,
              "speed": null,
              "pass": false,
              "fail": false,
              "pending": false,
              "context": null,
              "code": "await utilFun.visit(baseUrl + '/evaluation-performance');\nawait utilFun.wait(4000);",
              "err": {},
              "uuid": "866fc4ff-2435-4d3b-8687-9398a360e52b",
              "parentUUID": "7a9d4360-1046-4df6-ba11-427eb32f6048",
              "isHook": true,
              "skipped": false
            }
          ],
          "afterHooks": [],
          "tests": [
            {
              "title": "should check if performance evaluations are showing",
              "fullTitle": "Performance Base Evaluations should check if performance evaluations are showing",
              "timedOut": false,
              "duration": 35,
              "state": "passed",
              "speed": "fast",
              "pass": true,
              "fail": false,
              "pending": false,
              "context": null,
              "code": "let obj = await evaluation.getAllPendingResourses();\nassert(obj.length > 0, `No Evaluation Found`);",
              "err": {},
              "uuid": "25f0d2eb-2aa2-48ac-b5b9-6605ce490c6a",
              "parentUUID": "7a9d4360-1046-4df6-ba11-427eb32f6048",
              "isHook": false,
              "skipped": false
            },
            {
              "title": "should able to filter resoures by name",
              "fullTitle": "Performance Base Evaluations should able to filter resoures by name",
              "timedOut": false,
              "duration": 1867,
              "state": "passed",
              "speed": "slow",
              "pass": true,
              "fail": false,
              "pending": false,
              "context": null,
              "code": "await evaluation.clickFilterButton();\nawait evaluation.searchName('James Salinas');\nawait utilFun.wait(1000);\nconst name = await evaluation.getResourseName();\nutilFun.assertEql(name, 'James Salinas');",
              "err": {},
              "uuid": "1f5daf62-5b2e-4ae8-a999-220680d8cf2a",
              "parentUUID": "7a9d4360-1046-4df6-ba11-427eb32f6048",
              "isHook": false,
              "skipped": false
            },
            {
              "title": "should able to filter resoures by Last Increment",
              "fullTitle": "Performance Base Evaluations should able to filter resoures by Last Increment",
              "timedOut": false,
              "duration": 1475,
              "state": "passed",
              "speed": "slow",
              "pass": true,
              "fail": false,
              "pending": false,
              "context": null,
              "code": "await evaluation.clickFilterButton();\nawait evaluation.selectLastIncrement('N/A');\nconst valuesCount = await evaluation.checkValues();\nutilFun.assertEql(valuesCount, 1);",
              "err": {},
              "uuid": "5dfeca62-6599-4734-b8b7-b510cee72795",
              "parentUUID": "7a9d4360-1046-4df6-ba11-427eb32f6048",
              "isHook": false,
              "skipped": false
            },
            {
              "title": "should able to  copy email from options",
              "fullTitle": "Performance Base Evaluations should able to  copy email from options",
              "timedOut": false,
              "duration": 3850,
              "state": "passed",
              "speed": "slow",
              "pass": true,
              "fail": false,
              "pending": false,
              "context": null,
              "code": "await evaluation.clickFilterButton();\nawait evaluation.searchName('James Salinas');\nawait utilFun.wait(1000);\nconst name = await evaluation.getResourseName();\nutilFun.assertEql(name, 'James Salinas');\nawait evaluation.clickOptionBtn();\nawait utilFun.wait(1000);\nawait evaluation.selectOption('Copy Email');\nconst alertText = await evaluation.checkAlert();\nutilFun.assertEql(alertText, 'Email address is copied');",
              "err": {},
              "uuid": "c55a026a-4b52-47cb-9b48-27ae477305fe",
              "parentUUID": "7a9d4360-1046-4df6-ba11-427eb32f6048",
              "isHook": false,
              "skipped": false
            },
            {
              "title": "should able to Send Email from options",
              "fullTitle": "Performance Base Evaluations should able to Send Email from options",
              "timedOut": false,
              "duration": 7649,
              "state": "passed",
              "speed": "slow",
              "pass": true,
              "fail": false,
              "pending": false,
              "context": null,
              "code": "await evaluation.clickFilterButton();\nawait evaluation.searchName('James Salinas');\nawait utilFun.wait(1000);\nconst name = await evaluation.getResourseName();\nutilFun.assertEql(name, 'James Salinas');\nawait evaluation.clickOptionBtn();\nawait utilFun.wait(1000);\nawait evaluation.selectOption('Send Email');\nawait utilFun.wait(1000);\nawait utilFun.switchWindow(1);\nawait utilFun.wait(3000);\nconst url = await utilFun.getUrl();\nassert.equal(url, 'https://mail.google.com/mail/u/0/?fs=1&tf=cm&to=james@robot-mail.com');\nawait utilFun.closeCurrentTab();\nawait utilFun.switchWindow(0);",
              "err": {},
              "uuid": "c0c2cd99-fcc4-4814-96ca-22b689ab744a",
              "parentUUID": "7a9d4360-1046-4df6-ba11-427eb32f6048",
              "isHook": false,
              "skipped": false
            },
            {
              "title": "should able to Open Slack DM from options",
              "fullTitle": "Performance Base Evaluations should able to Open Slack DM from options",
              "timedOut": false,
              "duration": 8160,
              "state": "passed",
              "speed": "slow",
              "pass": true,
              "fail": false,
              "pending": false,
              "context": null,
              "code": "await evaluation.clickFilterButton();\nawait evaluation.searchName('James Salinas');\nawait utilFun.wait(1000);\nconst name = await evaluation.getResourseName();\nutilFun.assertEql(name, 'James Salinas');\nawait evaluation.clickOptionBtn();\nawait utilFun.wait(1000);\nawait evaluation.selectOption('Open Slack DM');\nawait utilFun.wait(1000);\nawait utilFun.switchWindow(1);\nawait utilFun.wait(3000);\nconst url = await utilFun.getUrl();\nassert.equal(url, 'https://invozone.slack.com/?redir=%2Fapp_redirect%3Fchannel%3Dundefined');\nawait utilFun.closeCurrentTab();\nawait utilFun.switchWindow(0);",
              "err": {},
              "uuid": "ba71aaa2-b727-402b-9d28-f7da98154a9f",
              "parentUUID": "7a9d4360-1046-4df6-ba11-427eb32f6048",
              "isHook": false,
              "skipped": false
            },
            {
              "title": "should able to see Email from options",
              "fullTitle": "Performance Base Evaluations should able to see Email from options",
              "timedOut": false,
              "duration": 7100,
              "state": "passed",
              "speed": "slow",
              "pass": true,
              "fail": false,
              "pending": false,
              "context": null,
              "code": "await evaluation.clickFilterButton();\nawait evaluation.searchName('James Salinas');\nawait utilFun.wait(1000);\nconst name = await evaluation.getResourseName();\nutilFun.assertEql(name, 'James Salinas');\nawait evaluation.clickOptionBtn();\nawait utilFun.wait(1000);\nawait evaluation.selectOption('See Email');\nawait utilFun.wait(4000);\nconst email = await evaluation.copyEmail();\nassert.equal(email, 'Email: james@robot-mail.com');",
              "err": {},
              "uuid": "ca775294-4eb9-4cea-9535-940d227675ef",
              "parentUUID": "7a9d4360-1046-4df6-ba11-427eb32f6048",
              "isHook": false,
              "skipped": false
            },
            {
              "title": "should able to copy Phone Number from options",
              "fullTitle": "Performance Base Evaluations should able to copy Phone Number from options",
              "timedOut": false,
              "duration": 6833,
              "state": "passed",
              "speed": "slow",
              "pass": true,
              "fail": false,
              "pending": false,
              "context": null,
              "code": "await evaluation.clickFilterButton();\nawait evaluation.searchName('James Salinas');\nawait utilFun.wait(1000);\nconst name = await evaluation.getResourseName();\nutilFun.assertEql(name, 'James Salinas');\nawait evaluation.clickOptionBtn();\nawait utilFun.wait(1000);\nawait evaluation.selectOption('Phone Number');\nawait utilFun.wait(3000);\nawait evaluation.copyPhoneNumber();\nconst alertText = await evaluation.checkAlert();\nassert.equal(alertText, 'Phone# is copied successfully');",
              "err": {},
              "uuid": "d51a9532-84ee-4b35-a662-221666f00b96",
              "parentUUID": "7a9d4360-1046-4df6-ba11-427eb32f6048",
              "isHook": false,
              "skipped": false
            },
            {
              "title": "should able to see Resource Details from options",
              "fullTitle": "Performance Base Evaluations should able to see Resource Details from options",
              "timedOut": false,
              "duration": 4097,
              "state": "passed",
              "speed": "slow",
              "pass": true,
              "fail": false,
              "pending": false,
              "context": null,
              "code": "await evaluation.clickFilterButton();\nawait evaluation.searchName('James Salinas');\nawait utilFun.wait(1000);\nconst name = await evaluation.getResourseName();\nutilFun.assertEql(name, 'James Salinas');\nawait evaluation.clickResource();\nawait utilFun.wait(1000);\nawait utilFun.switchWindow(1);\nawait utilFun.wait(1000);\nconst url = await utilFun.getUrl();\nassert.equal(url, baseUrl + '/resource-detail/9742?tab=Basic_Information');\nawait utilFun.closeCurrentTab();\nawait utilFun.switchWindow(0);",
              "err": {},
              "uuid": "79e7b853-002d-4fb2-9cc3-4c968ddffd18",
              "parentUUID": "7a9d4360-1046-4df6-ba11-427eb32f6048",
              "isHook": false,
              "skipped": false
            },
            {
              "title": "should able to see employee history",
              "fullTitle": "Performance Base Evaluations should able to see employee history",
              "timedOut": false,
              "duration": 3025,
              "state": "passed",
              "speed": "slow",
              "pass": true,
              "fail": false,
              "pending": false,
              "context": null,
              "code": "await evaluation.clickFilterButton();\nawait evaluation.searchName('James Salinas');\nawait utilFun.wait(1000);\nconst name = await evaluation.getResourseName();\nutilFun.assertEql(name, 'James Salinas');\nawait evaluation.clickSeeFeedback();\nawait utilFun.wait(1000);\nconst title = await evaluation.checkTitle();\nutilFun.assertEql(title, 'Feedback History of James Salinas');\nawait evaluation.checkSelectedTab();",
              "err": {},
              "uuid": "f5db40d6-3cd6-4613-8ba7-495a7134bdba",
              "parentUUID": "7a9d4360-1046-4df6-ba11-427eb32f6048",
              "isHook": false,
              "skipped": false
            },
            {
              "title": "should able to request a review",
              "fullTitle": "Performance Base Evaluations should able to request a review",
              "timedOut": false,
              "duration": 7089,
              "state": "passed",
              "speed": "slow",
              "pass": true,
              "fail": false,
              "pending": false,
              "context": null,
              "code": "await evaluation.clickFilterButton();\nawait evaluation.searchName('James Salinas');\nawait utilFun.wait(1000);\nconst name = await evaluation.getResourseName();\nutilFun.assertEql(name, 'James Salinas');\nawait evaluation.clickSeeFeedback();4\nawait utilFun.wait(1000);\nawait evaluation.clickSubmittedReview();\nawait evaluation.clickReqReviewBtn();\nawait utilFun.wait(1000);\nawait evaluation.clickHod('Muhammad Bilal Rafaqat');\nawait evaluation.clickSendReqBtn();\nconst alertText = await evaluation.checkAlert();\nutilFun.assertEql(alertText, 'Request is send successfully.');",
              "err": {},
              "uuid": "1f34a50a-9585-478b-98b5-8da288de0df4",
              "parentUUID": "7a9d4360-1046-4df6-ba11-427eb32f6048",
              "isHook": false,
              "skipped": false
            },
            {
              "title": "should able to give a review",
              "fullTitle": "Performance Base Evaluations should able to give a review",
              "timedOut": false,
              "duration": 12581,
              "state": "passed",
              "speed": "slow",
              "pass": true,
              "fail": false,
              "pending": false,
              "context": null,
              "code": "const query = [\n  `UPDATE employees SET \"departmentId\" = 9 WHERE id = 9474;`,\n  `UPDATE employees SET \"designationId\" = 83 WHERE id = 9474;`,\n  `UPDATE employees SET \"designation\" = 'Head of Engineering' WHERE id = 9474;`,\n];\nawait utilFun.udpateDatabase(query);\nawait utilFun.refresh();\nawait evaluation.clickFilterButton();\nawait evaluation.searchName('James Salinas');\nawait utilFun.wait(1000);\nconst name = await evaluation.getResourseName();\nutilFun.assertEql(name, 'James Salinas');\nawait evaluation.clickSeeFeedback();\nawait utilFun.wait(1000);\nawait evaluation.clickSubmittedReview();\nawait utilFun.wait(1000);\nawait evaluation.clickAddFeedback();\nawait feedbackForm.enterDate('03092023');\nawait feedbackForm.selectFeedbackDuration('6 Months');\nawait feedbackForm.selectNextReviewType('Annual');\nawait feedbackForm.selectRevisedDesignation('Software Engineer');\nawait feedbackForm.typeIncreament('200000');\nawait feedbackForm.typeDescription('testingggg');\nawait feedbackForm.clickSubmit();\nconst alertText = await evaluation.checkAlert();\nutilFun.assertEql(alertText, 'Increment status is updated successfully');",
              "err": {},
              "uuid": "65261d68-525f-4225-bff9-7aa95dc0bf1e",
              "parentUUID": "7a9d4360-1046-4df6-ba11-427eb32f6048",
              "isHook": false,
              "skipped": false
            },
            {
              "title": "should able to edit review form",
              "fullTitle": "Performance Base Evaluations should able to edit review form",
              "timedOut": false,
              "duration": 9161,
              "state": "passed",
              "speed": "slow",
              "pass": true,
              "fail": false,
              "pending": false,
              "context": null,
              "code": "await evaluation.clickFilterButton();\nawait evaluation.searchName('James Salinas');\nawait utilFun.wait(1000);\nconst name = await evaluation.getResourseName();\nutilFun.assertEql(name, 'James Salinas');\nawait evaluation.clickEditForm();\nawait utilFun.wait(1000);\nawait feedbackForm.enterDate('03102023');\nawait feedbackForm.selectFeedbackDuration('3 Months');\nawait feedbackForm.selectNextReviewType('Annual');\nawait feedbackForm.selectRevisedDesignation('Software Engineer');\nawait feedbackForm.typeIncreament('200000');\nawait feedbackForm.typeDescription('updated');\nawait feedbackForm.clickSubmit();\nconst alertText = await evaluation.checkAlert();\nutilFun.assertEql(alertText, 'Increment status is updated successfully');",
              "err": {},
              "uuid": "c48e0533-aa8f-426d-beec-96dd25989cac",
              "parentUUID": "7a9d4360-1046-4df6-ba11-427eb32f6048",
              "isHook": false,
              "skipped": false
            },
            {
              "title": "should able to defer review",
              "fullTitle": "Performance Base Evaluations should able to defer review",
              "timedOut": false,
              "duration": 6526,
              "state": "passed",
              "speed": "slow",
              "pass": true,
              "fail": false,
              "pending": false,
              "context": null,
              "code": "const query = [\n  `UPDATE employees SET \"designation\" = 'HR' WHERE id = 9474;`,\n  `UPDATE employees SET \"departmentId\" = 7 WHERE id = 9474;`,\n  `UPDATE employees SET \"designationId\" = 77 WHERE id = 9474;`,\n];\nawait utilFun.udpateDatabase(query);\nawait utilFun.refresh();\nawait evaluation.clickFilterButton();\nawait evaluation.searchName('James Salinas');\nawait utilFun.wait(1000);\nconst name = await evaluation.getResourseName();\nutilFun.assertEql(name, 'James Salinas');\nawait evaluation.clickDefer();\nawait evaluation.clickDeferType();\nawait utilFun.wait(1000);\nawait evaluation.selectDeferType('2 Weeks');\nawait evaluation.typeDeferReason('testing');\nawait evaluation.clickSubmitBtn();\nconst alertText = await evaluation.checkAlert();\nutilFun.assertEql(alertText, 'Increment status is updated successfully');",
              "err": {},
              "uuid": "4b917b71-1ae2-40d2-8055-e7c3c915f16c",
              "parentUUID": "7a9d4360-1046-4df6-ba11-427eb32f6048",
              "isHook": false,
              "skipped": false
            },
            {
              "title": "should able to complete review",
              "fullTitle": "Performance Base Evaluations should able to complete review",
              "timedOut": false,
              "duration": 10130,
              "state": "passed",
              "speed": "slow",
              "pass": true,
              "fail": false,
              "pending": false,
              "context": null,
              "code": "const query = [\n  `UPDATE employees SET \"designation\" = 'HR' WHERE id = 9474;`,\n  `UPDATE employees SET \"departmentId\" = 7 WHERE id = 9474;`,\n  `UPDATE employees SET \"designationId\" = 77 WHERE id = 9474;`,\n  `UPDATE employee_evaluations SET \"processType\" = NULL WHERE id = 26;`,\n  `UPDATE employee_evaluations SET \"reasonForDefer\" = NULL WHERE id = 26;`,\n  `UPDATE employee_evaluations SET \"processDate\" = NULL WHERE id = 26;`,\n];\nawait utilFun.udpateDatabase(query);\nawait utilFun.refresh();\nawait evaluation.clickFilterButton();\nawait evaluation.searchName('James Salinas');\nawait utilFun.wait(1000);\nconst name = await evaluation.getResourseName();\nutilFun.assertEql(name, 'James Salinas');\nawait evaluation.clickComplete();\nawait feedbackForm.enterDate('03102023');\nawait feedbackForm.selectFeedbackDuration('3 Months');\nawait feedbackForm.selectNextReviewType('Annual');\nawait feedbackForm.selectRevisedDesignation('Software Engineer');\nawait feedbackForm.typeIncreament('200000');\nawait feedbackForm.clickSubmit();\nconst alertText = await evaluation.checkAlert();\nutilFun.assertEql(alertText, 'Increment status is updated successfully');",
              "err": {},
              "uuid": "0366d284-4f65-4e81-9400-cacac414c46d",
              "parentUUID": "7a9d4360-1046-4df6-ba11-427eb32f6048",
              "isHook": false,
              "skipped": false
            }
          ],
          "suites": [],
          "passes": [
            "25f0d2eb-2aa2-48ac-b5b9-6605ce490c6a",
            "1f5daf62-5b2e-4ae8-a999-220680d8cf2a",
            "5dfeca62-6599-4734-b8b7-b510cee72795",
            "c55a026a-4b52-47cb-9b48-27ae477305fe",
            "c0c2cd99-fcc4-4814-96ca-22b689ab744a",
            "ba71aaa2-b727-402b-9d28-f7da98154a9f",
            "ca775294-4eb9-4cea-9535-940d227675ef",
            "d51a9532-84ee-4b35-a662-221666f00b96",
            "79e7b853-002d-4fb2-9cc3-4c968ddffd18",
            "f5db40d6-3cd6-4613-8ba7-495a7134bdba",
            "1f34a50a-9585-478b-98b5-8da288de0df4",
            "65261d68-525f-4225-bff9-7aa95dc0bf1e",
            "c48e0533-aa8f-426d-beec-96dd25989cac",
            "4b917b71-1ae2-40d2-8055-e7c3c915f16c",
            "0366d284-4f65-4e81-9400-cacac414c46d"
          ],
          "failures": [],
          "pending": [],
          "skipped": [],
          "duration": 89578,
          "root": false,
          "rootEmpty": false,
          "_timeout": 100000
        },
        {
          "uuid": "9a2f6521-ff7d-4cda-816c-d86d5bd37097",
          "title": "Retention Base Evaluations",
          "fullFile": "/home/devops/invohub/resource-engagement/test/e2e/evaluation/spec_3_retention.js",
          "file": "/test/e2e/evaluation/spec_3_retention.js",
          "beforeHooks": [
            {
              "title": "\"before all\" hook in \"Retention Base Evaluations\"",
              "fullTitle": "Retention Base Evaluations \"before all\" hook in \"Retention Base Evaluations\"",
              "timedOut": false,
              "duration": 9144,
              "state": null,
              "speed": null,
              "pass": false,
              "fail": false,
              "pending": false,
              "context": null,
              "code": "await utilFun.loginAccount()\nconst url = await utilFun.getUrl();\nassert.equal(url, baseUrl + '/home');\nlet query = [\n  `UPDATE employee_evaluations SET \"incrementType\" = 'retention' WHERE id = 26;`,\n  `UPDATE employees SET \"designation\" = 'Software Engineer' WHERE id = 9474;`,\n  `UPDATE employees SET \"departmentId\" = 9 WHERE id = 9474;`,\n  `UPDATE employees SET \"designationId\" = 138 WHERE id = 9474;`,\n  `UPDATE employee_evaluations SET \"processType\" = NULL WHERE id = 26;`,\n  `UPDATE employee_evaluations SET \"reasonForDefer\" = NULL WHERE id = 26;`,\n  `UPDATE employee_evaluations SET \"processDate\" = NULL WHERE id = 26;`,\n  `UPDATE employee_evaluations SET \"feedback\" = NULL WHERE id = 26;`,\n];\nawait utilFun.udpateDatabase(query);",
              "err": {},
              "uuid": "2180c8a0-30a5-4693-a44c-02cd223ae060",
              "parentUUID": "9a2f6521-ff7d-4cda-816c-d86d5bd37097",
              "isHook": true,
              "skipped": false
            },
            {
              "title": "\"before each\" hook in \"Retention Base Evaluations\"",
              "fullTitle": "Retention Base Evaluations \"before each\" hook in \"Retention Base Evaluations\"",
              "timedOut": false,
              "duration": 4356,
              "state": null,
              "speed": null,
              "pass": false,
              "fail": false,
              "pending": false,
              "context": null,
              "code": "await utilFun.visit(baseUrl + '/evaluation-retention');\nawait utilFun.wait(4000);",
              "err": {},
              "uuid": "c581b81a-ae92-4249-9eb0-2e97495186d4",
              "parentUUID": "9a2f6521-ff7d-4cda-816c-d86d5bd37097",
              "isHook": true,
              "skipped": false
            }
          ],
          "afterHooks": [],
          "tests": [
            {
              "title": "should check if retention evaluations are showing",
              "fullTitle": "Retention Base Evaluations should check if retention evaluations are showing",
              "timedOut": false,
              "duration": 35,
              "state": "passed",
              "speed": "fast",
              "pass": true,
              "fail": false,
              "pending": false,
              "context": null,
              "code": "let obj = await evaluation.getAllPendingResourses();\nassert(obj.length > 0, `No Evaluation Found`);",
              "err": {},
              "uuid": "c8bab224-b009-48ca-af7f-b5c2472fca9a",
              "parentUUID": "9a2f6521-ff7d-4cda-816c-d86d5bd37097",
              "isHook": false,
              "skipped": false
            },
            {
              "title": "should able to filter resoures by name",
              "fullTitle": "Retention Base Evaluations should able to filter resoures by name",
              "timedOut": false,
              "duration": 1800,
              "state": "passed",
              "speed": "slow",
              "pass": true,
              "fail": false,
              "pending": false,
              "context": null,
              "code": "await evaluation.clickFilterButton();\nawait evaluation.searchName('James Salinas');\nawait utilFun.wait(1000);\nconst name = await evaluation.getResourseName();\nutilFun.assertEql(name, 'James Salinas');",
              "err": {},
              "uuid": "ebd8f16d-d860-4edd-ba91-1015564f074f",
              "parentUUID": "9a2f6521-ff7d-4cda-816c-d86d5bd37097",
              "isHook": false,
              "skipped": false
            },
            {
              "title": "should able to filter resoures by Last Increment",
              "fullTitle": "Retention Base Evaluations should able to filter resoures by Last Increment",
              "timedOut": false,
              "duration": 1464,
              "state": "passed",
              "speed": "slow",
              "pass": true,
              "fail": false,
              "pending": false,
              "context": null,
              "code": "await evaluation.clickFilterButton();\nawait evaluation.selectLastIncrement('N/A');\nconst valuesCount = await evaluation.checkValues();\nutilFun.assertEql(valuesCount, 1);",
              "err": {},
              "uuid": "052d0ba2-acbf-41c6-b8b7-df0eb5401be7",
              "parentUUID": "9a2f6521-ff7d-4cda-816c-d86d5bd37097",
              "isHook": false,
              "skipped": false
            },
            {
              "title": "should able to  copy email from options",
              "fullTitle": "Retention Base Evaluations should able to  copy email from options",
              "timedOut": false,
              "duration": 3901,
              "state": "passed",
              "speed": "slow",
              "pass": true,
              "fail": false,
              "pending": false,
              "context": null,
              "code": "await evaluation.clickFilterButton();\nawait evaluation.searchName('James Salinas');\nawait utilFun.wait(1000);\nconst name = await evaluation.getResourseName();\nutilFun.assertEql(name, 'James Salinas');\nawait evaluation.clickOptionBtn();\nawait utilFun.wait(1000);\nawait evaluation.selectOption('Copy Email');\nconst alertText = await evaluation.checkAlert();\nutilFun.assertEql(alertText, 'Email address is copied');",
              "err": {},
              "uuid": "d3524e44-a7f5-47b9-8d58-024389d1ea10",
              "parentUUID": "9a2f6521-ff7d-4cda-816c-d86d5bd37097",
              "isHook": false,
              "skipped": false
            },
            {
              "title": "should able to Send Email from options",
              "fullTitle": "Retention Base Evaluations should able to Send Email from options",
              "timedOut": false,
              "duration": 7396,
              "state": "passed",
              "speed": "slow",
              "pass": true,
              "fail": false,
              "pending": false,
              "context": null,
              "code": "await evaluation.clickFilterButton();\nawait evaluation.searchName('James Salinas');\nawait utilFun.wait(1000);\nconst name = await evaluation.getResourseName();\nutilFun.assertEql(name, 'James Salinas');\nawait evaluation.clickOptionBtn();\nawait utilFun.wait(1000);\nawait evaluation.selectOption('Send Email');\nawait utilFun.wait(1000);\nawait utilFun.switchWindow(1);\nawait utilFun.wait(3000);\nconst url = await utilFun.getUrl();\nassert.equal(url, 'https://mail.google.com/mail/u/0/?fs=1&tf=cm&to=james@robot-mail.com');\nawait utilFun.closeCurrentTab();\nawait utilFun.switchWindow(0);",
              "err": {},
              "uuid": "73478758-0efc-407d-a0a4-10280e71d613",
              "parentUUID": "9a2f6521-ff7d-4cda-816c-d86d5bd37097",
              "isHook": false,
              "skipped": false
            },
            {
              "title": "should able to Open Slack DM from options",
              "fullTitle": "Retention Base Evaluations should able to Open Slack DM from options",
              "timedOut": false,
              "duration": 7535,
              "state": "passed",
              "speed": "slow",
              "pass": true,
              "fail": false,
              "pending": false,
              "context": null,
              "code": "await evaluation.clickFilterButton();\nawait evaluation.searchName('James Salinas');\nawait utilFun.wait(1000);\nconst name = await evaluation.getResourseName();\nutilFun.assertEql(name, 'James Salinas');\nawait evaluation.clickOptionBtn();\nawait utilFun.wait(1000);\nawait evaluation.selectOption('Open Slack DM');\nawait utilFun.wait(1000);\nawait utilFun.switchWindow(1);\nawait utilFun.wait(3000);\nconst url = await utilFun.getUrl();\nassert.equal(url, 'https://invozone.slack.com/?redir=%2Fapp_redirect%3Fchannel%3Dundefined');\nawait utilFun.closeCurrentTab();\nawait utilFun.switchWindow(0);",
              "err": {},
              "uuid": "73f39109-f420-4647-b1b9-ce77a2759c90",
              "parentUUID": "9a2f6521-ff7d-4cda-816c-d86d5bd37097",
              "isHook": false,
              "skipped": false
            },
            {
              "title": "should able to see Email from options",
              "fullTitle": "Retention Base Evaluations should able to see Email from options",
              "timedOut": false,
              "duration": 7202,
              "state": "passed",
              "speed": "slow",
              "pass": true,
              "fail": false,
              "pending": false,
              "context": null,
              "code": "await evaluation.clickFilterButton();\nawait evaluation.searchName('James Salinas');\nawait utilFun.wait(1000);\nconst name = await evaluation.getResourseName();\nutilFun.assertEql(name, 'James Salinas');\nawait evaluation.clickOptionBtn();\nawait utilFun.wait(1000);\nawait evaluation.selectOption('See Email');\nawait utilFun.wait(4000);\nconst email = await evaluation.copyEmail();\nassert.equal(email, 'Email: james@robot-mail.com');",
              "err": {},
              "uuid": "c04aa04b-8f55-4dd6-a8b1-8c8835486aef",
              "parentUUID": "9a2f6521-ff7d-4cda-816c-d86d5bd37097",
              "isHook": false,
              "skipped": false
            },
            {
              "title": "should able to copy Phone Number from options",
              "fullTitle": "Retention Base Evaluations should able to copy Phone Number from options",
              "timedOut": false,
              "duration": 6601,
              "state": "passed",
              "speed": "slow",
              "pass": true,
              "fail": false,
              "pending": false,
              "context": null,
              "code": "await evaluation.clickFilterButton();\nawait evaluation.searchName('James Salinas');\nawait utilFun.wait(1000);\nconst name = await evaluation.getResourseName();\nutilFun.assertEql(name, 'James Salinas');\nawait evaluation.clickOptionBtn();\nawait utilFun.wait(1000);\nawait evaluation.selectOption('Phone Number');\nawait utilFun.wait(3000);\nawait evaluation.copyPhoneNumber();\nconst alertText = await evaluation.checkAlert();\nassert.equal(alertText, 'Phone# is copied successfully');",
              "err": {},
              "uuid": "3e52c8d6-1b19-4324-8231-717274bb202e",
              "parentUUID": "9a2f6521-ff7d-4cda-816c-d86d5bd37097",
              "isHook": false,
              "skipped": false
            },
            {
              "title": "should able to see Resource Details from options",
              "fullTitle": "Retention Base Evaluations should able to see Resource Details from options",
              "timedOut": false,
              "duration": 4365,
              "state": "passed",
              "speed": "slow",
              "pass": true,
              "fail": false,
              "pending": false,
              "context": null,
              "code": "await evaluation.clickFilterButton();\nawait evaluation.searchName('James Salinas');\nawait utilFun.wait(1000);\nconst name = await evaluation.getResourseName();\nutilFun.assertEql(name, 'James Salinas');\nawait evaluation.clickResource();\nawait utilFun.wait(1000);\nawait utilFun.switchWindow(1);\nawait utilFun.wait(1000);\nconst url = await utilFun.getUrl();\nassert.equal(url, baseUrl + '/resource-detail/9742?tab=Basic_Information');\nawait utilFun.closeCurrentTab();\nawait utilFun.switchWindow(0);",
              "err": {},
              "uuid": "beabeb54-934f-405f-8f76-d6ee45d783e4",
              "parentUUID": "9a2f6521-ff7d-4cda-816c-d86d5bd37097",
              "isHook": false,
              "skipped": false
            },
            {
              "title": "should able to see employee history",
              "fullTitle": "Retention Base Evaluations should able to see employee history",
              "timedOut": false,
              "duration": 3033,
              "state": "passed",
              "speed": "slow",
              "pass": true,
              "fail": false,
              "pending": false,
              "context": null,
              "code": "await evaluation.clickFilterButton();\nawait evaluation.searchName('James Salinas');\nawait utilFun.wait(1000);\nconst name = await evaluation.getResourseName();\nutilFun.assertEql(name, 'James Salinas');\nawait evaluation.clickSeeFeedback();\nawait utilFun.wait(1000);\nconst title = await evaluation.checkTitle();\nutilFun.assertEql(title, 'Feedback History of James Salinas');\nawait evaluation.checkSelectedTab();",
              "err": {},
              "uuid": "16d0f2b9-2fcf-4e69-a05b-1c2884b34b1c",
              "parentUUID": "9a2f6521-ff7d-4cda-816c-d86d5bd37097",
              "isHook": false,
              "skipped": false
            },
            {
              "title": "should able to request a review",
              "fullTitle": "Retention Base Evaluations should able to request a review",
              "timedOut": false,
              "duration": 7098,
              "state": "passed",
              "speed": "slow",
              "pass": true,
              "fail": false,
              "pending": false,
              "context": null,
              "code": "await evaluation.clickFilterButton();\nawait evaluation.searchName('James Salinas');\nawait utilFun.wait(1000);\nconst name = await evaluation.getResourseName();\nutilFun.assertEql(name, 'James Salinas');\nawait evaluation.clickSeeFeedback();\nawait utilFun.wait(1000);\nawait evaluation.clickSubmittedReview();\nawait evaluation.clickReqReviewBtn();\nawait utilFun.wait(1000);\nawait evaluation.clickHod('Muhammad Bilal Rafaqat');\nawait evaluation.clickSendReqBtn();\nconst alertText = await evaluation.checkAlert();\nutilFun.assertEql(alertText, 'Request is send successfully.');",
              "err": {},
              "uuid": "ffedb971-63c6-4cf0-b36f-ff236883249b",
              "parentUUID": "9a2f6521-ff7d-4cda-816c-d86d5bd37097",
              "isHook": false,
              "skipped": false
            },
            {
              "title": "should able to give a review",
              "fullTitle": "Retention Base Evaluations should able to give a review",
              "timedOut": false,
              "duration": 12148,
              "state": "passed",
              "speed": "slow",
              "pass": true,
              "fail": false,
              "pending": false,
              "context": null,
              "code": "const query = [\n  `UPDATE employees SET \"departmentId\" = 9 WHERE id = 9474;`,\n  `UPDATE employees SET \"designationId\" = 83 WHERE id = 9474;`,\n  `UPDATE employees SET \"designation\" = 'Head of Engineering' WHERE id = 9474;`,\n];\nawait utilFun.udpateDatabase(query);\nawait utilFun.refresh();\nawait evaluation.clickFilterButton();\nawait evaluation.searchName('James Salinas');\nawait utilFun.wait(1000);\nconst name = await evaluation.getResourseName();\nutilFun.assertEql(name, 'James Salinas');\nawait evaluation.clickSeeFeedback();\nawait utilFun.wait(1000);\nawait evaluation.clickSubmittedReview();\nawait utilFun.wait(1000);\nawait evaluation.clickAddFeedback();\n// await feedbackForm.enterDate('03092023');\nawait feedbackForm.selectFeedbackDuration('6 Months');\nawait feedbackForm.selectNextReviewType('Annual');\nawait feedbackForm.selectRevisedDesignation('Software Engineer');\nawait feedbackForm.typeIncreament('200000');\nawait feedbackForm.typeDescription('testingggg');\nawait feedbackForm.clickSubmit();\nconst alertText = await evaluation.checkAlert();\nutilFun.assertEql(alertText, 'Increment status is updated successfully');",
              "err": {},
              "uuid": "c8c7e487-056a-49d3-b338-054153223a7a",
              "parentUUID": "9a2f6521-ff7d-4cda-816c-d86d5bd37097",
              "isHook": false,
              "skipped": false
            },
            {
              "title": "should able to edit review form",
              "fullTitle": "Retention Base Evaluations should able to edit review form",
              "timedOut": false,
              "duration": 8891,
              "state": "passed",
              "speed": "slow",
              "pass": true,
              "fail": false,
              "pending": false,
              "context": null,
              "code": "await evaluation.clickFilterButton();\nawait evaluation.searchName('James Salinas');\nawait utilFun.wait(1000);\nconst name = await evaluation.getResourseName();\nutilFun.assertEql(name, 'James Salinas');\nawait evaluation.clickEditForm();\nawait utilFun.wait(1000);\n// await feedbackForm.enterDate('03102023');\nawait feedbackForm.selectFeedbackDuration('3 Months');\nawait feedbackForm.selectNextReviewType('Annual');\nawait feedbackForm.selectRevisedDesignation('Software Engineer');\nawait feedbackForm.typeIncreament('200000');\nawait feedbackForm.typeDescription('updated');\nawait feedbackForm.clickSubmit();\nconst alertText = await evaluation.checkAlert();\nutilFun.assertEql(alertText, 'Increment status is updated successfully');",
              "err": {},
              "uuid": "2cd7a3c8-58bd-4473-902f-510b7dda752a",
              "parentUUID": "9a2f6521-ff7d-4cda-816c-d86d5bd37097",
              "isHook": false,
              "skipped": false
            },
            {
              "title": "should able to defer review",
              "fullTitle": "Retention Base Evaluations should able to defer review",
              "timedOut": false,
              "duration": 6309,
              "state": "passed",
              "speed": "slow",
              "pass": true,
              "fail": false,
              "pending": false,
              "context": null,
              "code": "const query = [\n  `UPDATE employees SET \"designation\" = 'HR' WHERE id = 9474;`,\n  `UPDATE employees SET \"departmentId\" = 7 WHERE id = 9474;`,\n  `UPDATE employees SET \"designationId\" = 77 WHERE id = 9474;`,\n];\nawait utilFun.udpateDatabase(query);\nawait utilFun.refresh();\nawait evaluation.clickFilterButton();\nawait evaluation.searchName('James Salinas');\nawait utilFun.wait(1000);\nconst name = await evaluation.getResourseName();\nutilFun.assertEql(name, 'James Salinas');\nawait evaluation.clickDefer();\nawait evaluation.clickDeferType();\nawait utilFun.wait(1000);\nawait evaluation.selectDeferType('2 Weeks');\nawait evaluation.typeDeferReason('testing');\nawait evaluation.clickSubmitBtn();\nconst alertText = await evaluation.checkAlert();\nutilFun.assertEql(alertText, 'Increment status is updated successfully');",
              "err": {},
              "uuid": "73fb710e-a3f5-4594-b705-ba043e6b80e5",
              "parentUUID": "9a2f6521-ff7d-4cda-816c-d86d5bd37097",
              "isHook": false,
              "skipped": false
            },
            {
              "title": "should able to complete review",
              "fullTitle": "Retention Base Evaluations should able to complete review",
              "timedOut": false,
              "duration": 9897,
              "state": "passed",
              "speed": "slow",
              "pass": true,
              "fail": false,
              "pending": false,
              "context": null,
              "code": "const query = [\n  `UPDATE employees SET \"designation\" = 'HR' WHERE id = 9474;`,\n  `UPDATE employees SET \"departmentId\" = 7 WHERE id = 9474;`,\n  `UPDATE employees SET \"designationId\" = 77 WHERE id = 9474;`,\n  `UPDATE employee_evaluations SET \"processType\" = NULL WHERE id = 26;`,\n  `UPDATE employee_evaluations SET \"reasonForDefer\" = NULL WHERE id = 26;`,\n  `UPDATE employee_evaluations SET \"processDate\" = NULL WHERE id = 26;`,\n];\nawait utilFun.udpateDatabase(query);\nawait utilFun.refresh();\nawait evaluation.clickFilterButton();\nawait evaluation.searchName('James Salinas');\nawait utilFun.wait(1000);\nconst name = await evaluation.getResourseName();\nutilFun.assertEql(name, 'James Salinas');\nawait evaluation.clickComplete();\nawait feedbackForm.enterDate('03102023');\nawait feedbackForm.selectFeedbackDuration('3 Months');\nawait feedbackForm.selectNextReviewType('Annual');\nawait feedbackForm.selectRevisedDesignation('Software Engineer');\nawait feedbackForm.typeIncreament('200000');\nawait feedbackForm.clickSubmit();\nconst alertText = await evaluation.checkAlert();\nutilFun.assertEql(alertText, 'Increment status is updated successfully');",
              "err": {},
              "uuid": "db222a96-546c-43d4-bef4-f2c680be09b4",
              "parentUUID": "9a2f6521-ff7d-4cda-816c-d86d5bd37097",
              "isHook": false,
              "skipped": false
            }
          ],
          "suites": [],
          "passes": [
            "c8bab224-b009-48ca-af7f-b5c2472fca9a",
            "ebd8f16d-d860-4edd-ba91-1015564f074f",
            "052d0ba2-acbf-41c6-b8b7-df0eb5401be7",
            "d3524e44-a7f5-47b9-8d58-024389d1ea10",
            "73478758-0efc-407d-a0a4-10280e71d613",
            "73f39109-f420-4647-b1b9-ce77a2759c90",
            "c04aa04b-8f55-4dd6-a8b1-8c8835486aef",
            "3e52c8d6-1b19-4324-8231-717274bb202e",
            "beabeb54-934f-405f-8f76-d6ee45d783e4",
            "16d0f2b9-2fcf-4e69-a05b-1c2884b34b1c",
            "ffedb971-63c6-4cf0-b36f-ff236883249b",
            "c8c7e487-056a-49d3-b338-054153223a7a",
            "2cd7a3c8-58bd-4473-902f-510b7dda752a",
            "73fb710e-a3f5-4594-b705-ba043e6b80e5",
            "db222a96-546c-43d4-bef4-f2c680be09b4"
          ],
          "failures": [],
          "pending": [],
          "skipped": [],
          "duration": 87675,
          "root": false,
          "rootEmpty": false,
          "_timeout": 100000
        },
        {
          "uuid": "9042082a-b0cb-4e14-97ee-f13d113a8dba",
          "title": "Evaluations History",
          "fullFile": "/home/devops/invohub/resource-engagement/test/e2e/evaluation/spec_4_history.js",
          "file": "/test/e2e/evaluation/spec_4_history.js",
          "beforeHooks": [
            {
              "title": "\"before all\" hook in \"Evaluations History\"",
              "fullTitle": "Evaluations History \"before all\" hook in \"Evaluations History\"",
              "timedOut": false,
              "duration": 9045,
              "state": null,
              "speed": null,
              "pass": false,
              "fail": false,
              "pending": false,
              "context": null,
              "code": "await utilFun.loginAccount()\nconst url = await utilFun.getUrl();\nassert.equal(url, baseUrl + '/home');\nlet query = [\n  `UPDATE employee_evaluations SET \"processType\" = 'COMPLETE' WHERE id = 26;`,\n  `DELETE FROM employee_evaluations WHERE \"employeeId\" = 9742 AND \"incrementType\" = 'designation';`,\n  `UPDATE employee_evaluations SET \"processDate\" = '2023-03-28 17:32:33.501+05' WHERE id = 26;`,\n];\nawait utilFun.udpateDatabase(query);",
              "err": {},
              "uuid": "18020a61-2fbe-4e03-9c07-26bd40eba367",
              "parentUUID": "9042082a-b0cb-4e14-97ee-f13d113a8dba",
              "isHook": true,
              "skipped": false
            },
            {
              "title": "\"before each\" hook in \"Evaluations History\"",
              "fullTitle": "Evaluations History \"before each\" hook in \"Evaluations History\"",
              "timedOut": false,
              "duration": 4349,
              "state": null,
              "speed": null,
              "pass": false,
              "fail": false,
              "pending": false,
              "context": null,
              "code": "await utilFun.visit(baseUrl + '/evaluation-history');\nawait utilFun.wait(4000);",
              "err": {},
              "uuid": "dd444208-bdf7-45ee-a29d-5c814f75e46b",
              "parentUUID": "9042082a-b0cb-4e14-97ee-f13d113a8dba",
              "isHook": true,
              "skipped": false
            }
          ],
          "afterHooks": [],
          "tests": [
            {
              "title": "should check if evaluations history is showing",
              "fullTitle": "Evaluations History should check if evaluations history is showing",
              "timedOut": false,
              "duration": 42,
              "state": "passed",
              "speed": "medium",
              "pass": true,
              "fail": false,
              "pending": false,
              "context": null,
              "code": "let obj = await evaluation.getAllPendingResourses();\nassert(obj.length > 0, `No Evaluation Found`);",
              "err": {},
              "uuid": "aec92688-d8d7-46b2-a89b-e9a074ef8bfa",
              "parentUUID": "9042082a-b0cb-4e14-97ee-f13d113a8dba",
              "isHook": false,
              "skipped": false
            },
            {
              "title": "should able to filter resoures by name",
              "fullTitle": "Evaluations History should able to filter resoures by name",
              "timedOut": false,
              "duration": 2163,
              "state": "passed",
              "speed": "slow",
              "pass": true,
              "fail": false,
              "pending": false,
              "context": null,
              "code": "await evaluation.clickFilterButton();\nawait evaluation.searchName('James Salinas');\nawait utilFun.wait(1000);\nconst name = await evaluation.getResourseName();\nutilFun.assertEql(name, 'James Salinas');",
              "err": {},
              "uuid": "6a331ef3-3c19-4472-a7d9-dae687e13681",
              "parentUUID": "9042082a-b0cb-4e14-97ee-f13d113a8dba",
              "isHook": false,
              "skipped": false
            },
            {
              "title": "should able to check review is completed",
              "fullTitle": "Evaluations History should able to check review is completed",
              "timedOut": false,
              "duration": 1949,
              "state": "passed",
              "speed": "slow",
              "pass": true,
              "fail": false,
              "pending": false,
              "context": null,
              "code": "await evaluation.clickFilterButton();\nawait evaluation.searchName('James Salinas');\nawait utilFun.wait(1000);\nconst name = await evaluation.checkProcessState()\nutilFun.assertEql(name, 'Complete');",
              "err": {},
              "uuid": "abd51802-12c2-47ff-91dc-b6a77ae41e2b",
              "parentUUID": "9042082a-b0cb-4e14-97ee-f13d113a8dba",
              "isHook": false,
              "skipped": false
            },
            {
              "title": "should able to filter resoures by Review Type",
              "fullTitle": "Evaluations History should able to filter resoures by Review Type",
              "timedOut": false,
              "duration": 1713,
              "state": "passed",
              "speed": "slow",
              "pass": true,
              "fail": false,
              "pending": false,
              "context": null,
              "code": "await evaluation.clickFilterButton();\nawait evaluation.selectReviewType('Annual');\nconst valuesCount = await evaluation.checkValues();\nutilFun.assertEql(valuesCount, 1);",
              "err": {},
              "uuid": "dae550c5-73fd-49f7-b7d9-12dd51b4c345",
              "parentUUID": "9042082a-b0cb-4e14-97ee-f13d113a8dba",
              "isHook": false,
              "skipped": false
            },
            {
              "title": "should able to filter resoures by Last Increment",
              "fullTitle": "Evaluations History should able to filter resoures by Last Increment",
              "timedOut": false,
              "duration": 1632,
              "state": "passed",
              "speed": "slow",
              "pass": true,
              "fail": false,
              "pending": false,
              "context": null,
              "code": "await evaluation.clickFilterButton();\nawait evaluation.selectLastIncrement('N/A');\nconst valuesCount = await evaluation.checkValues();\nutilFun.assertEql(valuesCount, 1);",
              "err": {},
              "uuid": "3b0ac842-baf9-44dd-9dc8-97c6076c2e60",
              "parentUUID": "9042082a-b0cb-4e14-97ee-f13d113a8dba",
              "isHook": false,
              "skipped": false
            },
            {
              "title": "should able to  copy email from options",
              "fullTitle": "Evaluations History should able to  copy email from options",
              "timedOut": false,
              "duration": 4093,
              "state": "passed",
              "speed": "slow",
              "pass": true,
              "fail": false,
              "pending": false,
              "context": null,
              "code": "await evaluation.clickFilterButton();\nawait evaluation.searchName('James Salinas');\nawait utilFun.wait(1000);\nconst name = await evaluation.getResourseName();\nutilFun.assertEql(name, 'James Salinas');\nawait evaluation.clickOptionBtn();\nawait utilFun.wait(1000);\nawait evaluation.selectOption('Copy Email');\nconst alertText = await evaluation.checkAlert();\nutilFun.assertEql(alertText, 'Email address is copied');",
              "err": {},
              "uuid": "7d351059-e85e-47f1-b46c-4c5d34483242",
              "parentUUID": "9042082a-b0cb-4e14-97ee-f13d113a8dba",
              "isHook": false,
              "skipped": false
            },
            {
              "title": "should able to Send Email from options",
              "fullTitle": "Evaluations History should able to Send Email from options",
              "timedOut": false,
              "duration": 7462,
              "state": "passed",
              "speed": "slow",
              "pass": true,
              "fail": false,
              "pending": false,
              "context": null,
              "code": "await evaluation.clickFilterButton();\nawait evaluation.searchName('James Salinas');\nawait utilFun.wait(1000);\nconst name = await evaluation.getResourseName();\nutilFun.assertEql(name, 'James Salinas');\nawait evaluation.clickOptionBtn();\nawait utilFun.wait(1000);\nawait evaluation.selectOption('Send Email');\nawait utilFun.wait(1000);\nawait utilFun.switchWindow(1);\nawait utilFun.wait(3000);\nconst url = await utilFun.getUrl();\nassert.equal(url, 'https://mail.google.com/mail/u/0/?fs=1&tf=cm&to=james@robot-mail.com');\nawait utilFun.closeCurrentTab();\nawait utilFun.switchWindow(0);",
              "err": {},
              "uuid": "55246ac6-256f-406a-ac22-bf4bf6349d51",
              "parentUUID": "9042082a-b0cb-4e14-97ee-f13d113a8dba",
              "isHook": false,
              "skipped": false
            },
            {
              "title": "should able to Open Slack DM from options",
              "fullTitle": "Evaluations History should able to Open Slack DM from options",
              "timedOut": false,
              "duration": 7883,
              "state": "passed",
              "speed": "slow",
              "pass": true,
              "fail": false,
              "pending": false,
              "context": null,
              "code": "await evaluation.clickFilterButton();\nawait evaluation.searchName('James Salinas');\nawait utilFun.wait(1000);\nconst name = await evaluation.getResourseName();\nutilFun.assertEql(name, 'James Salinas');\nawait evaluation.clickOptionBtn();\nawait utilFun.wait(1000);\nawait evaluation.selectOption('Open Slack DM');\nawait utilFun.wait(1000);\nawait utilFun.switchWindow(1);\nawait utilFun.wait(3000);\nconst url = await utilFun.getUrl();\nassert.equal(url, 'https://invozone.slack.com/?redir=%2Fapp_redirect%3Fchannel%3Dundefined');\nawait utilFun.closeCurrentTab();\nawait utilFun.switchWindow(0);",
              "err": {},
              "uuid": "ac4fdc40-b00f-4bea-bce0-b736daf9b7e2",
              "parentUUID": "9042082a-b0cb-4e14-97ee-f13d113a8dba",
              "isHook": false,
              "skipped": false
            },
            {
              "title": "should able to see Email from options",
              "fullTitle": "Evaluations History should able to see Email from options",
              "timedOut": false,
              "duration": 7590,
              "state": "passed",
              "speed": "slow",
              "pass": true,
              "fail": false,
              "pending": false,
              "context": null,
              "code": "await evaluation.clickFilterButton();\nawait evaluation.searchName('James Salinas');\nawait utilFun.wait(1000);\nconst name = await evaluation.getResourseName();\nutilFun.assertEql(name, 'James Salinas');\nawait evaluation.clickOptionBtn();\nawait utilFun.wait(1000);\nawait evaluation.selectOption('See Email');\nawait utilFun.wait(4000);\nconst email = await evaluation.copyEmail();\nassert.equal(email, 'Email: james@robot-mail.com');",
              "err": {},
              "uuid": "ce2fed10-ce42-43a7-8e08-27289e1e9356",
              "parentUUID": "9042082a-b0cb-4e14-97ee-f13d113a8dba",
              "isHook": false,
[...]
              "err": {},
              "uuid": "74f8e0de-7110-460b-81ea-2d2a7f42b84c",
              "parentUUID": "eacf8c79-c30e-47b8-accc-2d764ce7efdf",
              "isHook": false,
              "skipped": false
            },
            {
              "title": "should check if Resource Availed Sick Leaves is Shownig and is editable.",
              "fullTitle": "Resource Details should check if Resource Availed Sick Leaves is Shownig and is editable.",
              "timedOut": false,
              "duration": 4218,
              "state": "passed",
              "speed": "slow",
              "pass": true,
              "fail": false,
              "pending": false,
              "context": null,
              "code": "await utilFun.visit(baseUrl + detailsPageUrl);\nconst url = await utilFun.getUrl();\nassert.equal(url, baseUrl + detailsPageUrl);\nawait resourceDetails.waitForNametoVisible();\nawait resourceDetails.checkValue('Availed Sick Leaves', '0');",
              "err": {},
              "uuid": "f7c26db8-c728-466e-a76c-bcbf48874ec1",
              "parentUUID": "eacf8c79-c30e-47b8-accc-2d764ce7efdf",
              "isHook": false,
              "skipped": false
            },
            {
              "title": "should check if Resource Total Leaves Availed (Casual/Sick) is Shownig and is editable.",
              "fullTitle": "Resource Details should check if Resource Total Leaves Availed (Casual/Sick) is Shownig and is editable.",
              "timedOut": false,
              "duration": 4139,
              "state": "passed",
              "speed": "slow",
              "pass": true,
              "fail": false,
              "pending": false,
              "context": null,
              "code": "await utilFun.visit(baseUrl + detailsPageUrl);\nconst url = await utilFun.getUrl();\nassert.equal(url, baseUrl + detailsPageUrl);\nawait resourceDetails.waitForNametoVisible();\nawait resourceDetails.checkValue('Total Leaves Availed (Casual/Sick)', '0');",
              "err": {},
              "uuid": "967ca00c-29ed-4062-bf53-1f3641a1d182",
              "parentUUID": "eacf8c79-c30e-47b8-accc-2d764ce7efdf",
              "isHook": false,
              "skipped": false
            },
            {
              "title": "should check if Resource Total Remaining Leaves is Shownig and is editable.",
              "fullTitle": "Resource Details should check if Resource Total Remaining Leaves is Shownig and is editable.",
              "timedOut": false,
              "duration": 4075,
              "state": "passed",
              "speed": "slow",
              "pass": true,
              "fail": false,
              "pending": false,
              "context": null,
              "code": "await utilFun.visit(baseUrl + detailsPageUrl);\nconst url = await utilFun.getUrl();\nassert.equal(url, baseUrl + detailsPageUrl);\nawait resourceDetails.waitForNametoVisible();\nawait resourceDetails.checkValue('Total Remaining Leaves', '16');",
              "err": {},
              "uuid": "20150ae7-bae1-4a97-9236-53dddd155373",
              "parentUUID": "eacf8c79-c30e-47b8-accc-2d764ce7efdf",
              "isHook": false,
              "skipped": false
            },
            {
              "title": "should check if Resource Availed Paid Leaves is Shownig and is editable.",
              "fullTitle": "Resource Details should check if Resource Availed Paid Leaves is Shownig and is editable.",
              "timedOut": false,
              "duration": 3011,
              "state": "passed",
              "speed": "slow",
              "pass": true,
              "fail": false,
              "pending": false,
              "context": null,
              "code": "await utilFun.visit(baseUrl + detailsPageUrl);\nconst url = await utilFun.getUrl();\nassert.equal(url, baseUrl + detailsPageUrl);\nawait resourceDetails.waitForNametoVisible();\nawait resourceDetails.checkOtherLeaves('Availed Paid Leaves', '0');",
              "err": {},
              "uuid": "2d02a3bf-7376-4187-bbcc-23af8f33b30c",
              "parentUUID": "eacf8c79-c30e-47b8-accc-2d764ce7efdf",
              "isHook": false,
              "skipped": false
            },
            {
              "title": "should check if Resource Availed Unpaid Leaves is Shownig and is editable.",
              "fullTitle": "Resource Details should check if Resource Availed Unpaid Leaves is Shownig and is editable.",
              "timedOut": false,
              "duration": 3093,
              "state": "passed",
              "speed": "slow",
              "pass": true,
              "fail": false,
              "pending": false,
              "context": null,
              "code": "await utilFun.visit(baseUrl + detailsPageUrl);\nconst url = await utilFun.getUrl();\nassert.equal(url, baseUrl + detailsPageUrl);\nawait resourceDetails.waitForNametoVisible();\nawait resourceDetails.checkOtherLeaves('Availed Unpaid Leaves', '0');",
              "err": {},
              "uuid": "dca2ce8e-47b1-4985-a8ee-6a56e9798639",
              "parentUUID": "eacf8c79-c30e-47b8-accc-2d764ce7efdf",
              "isHook": false,
              "skipped": false
            },
            {
              "title": "should check if Resource Carry Forward Leaves is Shownig and is editable.",
              "fullTitle": "Resource Details should check if Resource Carry Forward Leaves is Shownig and is editable.",
              "timedOut": false,
              "duration": 3095,
              "state": "passed",
              "speed": "slow",
              "pass": true,
              "fail": false,
              "pending": false,
              "context": null,
              "code": "await utilFun.visit(baseUrl + detailsPageUrl);\nconst url = await utilFun.getUrl();\nassert.equal(url, baseUrl + detailsPageUrl);\nawait resourceDetails.waitForNametoVisible();\nawait resourceDetails.checkOtherLeaves('Carry Forward Leaves', '0');",
              "err": {},
              "uuid": "7b7569c8-c687-4e1b-bff9-cb35d10096a5",
              "parentUUID": "eacf8c79-c30e-47b8-accc-2d764ce7efdf",
              "isHook": false,
              "skipped": false
            },
            {
              "title": "should check if Resource Project is Showing.",
              "fullTitle": "Resource Details should check if Resource Project is Showing.",
              "timedOut": false,
              "duration": 2115,
              "state": "failed",
              "speed": null,
              "pass": false,
              "fail": true,
              "pending": false,
              "context": null,
              "code": "await utilFun.visit(baseUrl + detailsPageUrl);\nconst url = await utilFun.getUrl();\nassert.equal(url, baseUrl + detailsPageUrl);\nawait resourceDetails.waitForNametoVisible();\nconst projectData = await resourceDetails.checkProjectDetails();\nassert.ok(projectData.includes('automation'), `Expected text not found.`);",
              "err": {
                "message": "AssertionError: Expected text not found.",
                "estack": "AssertionError [ERR_ASSERTION]: Expected text not found.\n    at Context.<anonymous> (test/e2e/resources/spec-4-resourse-details.js:706:12)\n    at process.processTicksAndRejections (node:internal/process/task_queues:95:5)",
                "diff": "- false\n+ true\n"
              },
              "uuid": "079378a1-a1d2-4575-a602-437feb09c2f7",
              "parentUUID": "eacf8c79-c30e-47b8-accc-2d764ce7efdf",
              "isHook": false,
              "skipped": false
            },
            {
              "title": "should able to delete project from details page.",
              "fullTitle": "Resource Details should able to delete project from details page.",
              "timedOut": false,
              "duration": 11899,
              "state": "failed",
              "speed": null,
              "pass": false,
              "fail": true,
              "pending": false,
              "context": null,
              "code": "await utilFun.visit(baseUrl + detailsPageUrl);\nconst url = await utilFun.getUrl();\nassert.equal(url, baseUrl + detailsPageUrl);\nawait resourceDetails.waitForNametoVisible();\nawait resourceDetails.clickDelProjectBtn();\nconst alertText = await utilFun.checkAlert();\nassert.equal(alertText, 'Resource removed from project successfully.');",
              "err": {
                "message": "TimeoutError: Waiting for at least one element to be located By(css selector, [aria-label=\"delete\"])\nWait timed out after 10142ms",
                "estack": "TimeoutError: Waiting for at least one element to be located By(css selector, [aria-label=\"delete\"])\nWait timed out after 10142ms\n    at /home/devops/invohub/resource-engagement/node_modules/selenium-webdriver/lib/webdriver.js:929:17\n    at process.processTicksAndRejections (node:internal/process/task_queues:95:5)",
                "diff": null
              },
              "uuid": "b17c627a-a8d5-43d0-9df2-5e0026d25a11",
              "parentUUID": "eacf8c79-c30e-47b8-accc-2d764ce7efdf",
              "isHook": false,
              "skipped": false
            },
            {
              "title": "should check if Hardware records are showing correctly.",
              "fullTitle": "Resource Details should check if Hardware records are showing correctly.",
              "timedOut": false,
              "duration": 2046,
              "state": "passed",
              "speed": "slow",
              "pass": true,
              "fail": false,
              "pending": false,
              "context": null,
              "code": "let query = [`UPDATE employee_assets SET \"employeeId\" = ${newId} WHERE \"employeeId\" = 9429;`];\nawait utilFun.udpateDatabase(query);\nawait utilFun.visit(baseUrl + detailsPageUrl);\nconst url = await utilFun.getUrl();\nassert.equal(url, baseUrl + detailsPageUrl);\nawait resourceDetails.waitForNametoVisible();\nlet records = await resourceDetails.getAssetRecords();\nassert.ok(records.includes('Steve'), `Expected text not found.`);",
              "err": {},
              "uuid": "274d8efe-ad50-4e52-93e0-f7a63397b5aa",
              "parentUUID": "eacf8c79-c30e-47b8-accc-2d764ce7efdf",
              "isHook": false,
              "skipped": false
            },
            {
              "title": "should add skills from Resource details page.",
              "fullTitle": "Resource Details should add skills from Resource details page.",
              "timedOut": false,
              "duration": 5846,
              "state": "passed",
              "speed": "slow",
              "pass": true,
              "fail": false,
              "pending": false,
              "context": null,
              "code": "await utilFun.visit(baseUrl + detailsPageUrl);\nconst url = await utilFun.getUrl();\nassert.equal(url, baseUrl + detailsPageUrl);\nawait resourceDetails.waitForNametoVisible();\nawait resourceDetails.clickEditSkillBtn()\nawait resourceDetails.searchSkill('automation')\nawait resourceDetails.clickAddIcon()\nconst alertText = await utilFun.checkAlert();\nassert.equal(alertText, 'Skills updated successfully.');\nawait resourceDetails.clickDoneBtn()",
              "err": {},
              "uuid": "365b1370-b625-4c64-bb27-188dabd4b56e",
              "parentUUID": "eacf8c79-c30e-47b8-accc-2d764ce7efdf",
              "isHook": false,
              "skipped": false
            },
            {
              "title": "should check if skills records are showing correctly.",
              "fullTitle": "Resource Details should check if skills records are showing correctly.",
              "timedOut": false,
              "duration": 1811,
              "state": "passed",
              "speed": "slow",
              "pass": true,
              "fail": false,
              "pending": false,
              "context": null,
              "code": "await utilFun.visit(baseUrl + detailsPageUrl);\nconst url = await utilFun.getUrl();\nassert.equal(url, baseUrl + detailsPageUrl);\nawait resourceDetails.waitForNametoVisible();\nlet records = await resourceDetails.getSkillRecords();\nassert.ok(records.includes('Automation'), `Expected text not found.`);",
              "err": {},
              "uuid": "a058db2d-60ca-4f3e-ab48-1871f1965ed0",
              "parentUUID": "eacf8c79-c30e-47b8-accc-2d764ce7efdf",
              "isHook": false,
              "skipped": false
            },
            {
              "title": "should able to remove skill by editing.",
              "fullTitle": "Resource Details should able to remove skill by editing.",
              "timedOut": false,
              "duration": 5371,
              "state": "passed",
              "speed": "slow",
              "pass": true,
              "fail": false,
              "pending": false,
              "context": null,
              "code": "await utilFun.visit(baseUrl + detailsPageUrl);\nconst url = await utilFun.getUrl();\nassert.equal(url, baseUrl + detailsPageUrl);\nawait resourceDetails.waitForNametoVisible();\nawait resourceDetails.clickEditSkillBtn()\nawait resourceDetails.clickRemoveSkillBtn()\nawait resourceDetails.clickYesBtn()\nconst alertText = await utilFun.checkAlert();\nassert.equal(alertText, 'Skill is deleted successfully');\nawait resourceDetails.clickDoneBtn()\nlet records = await resourceDetails.getSkillRecordsEmpty();\nconsole.log(records);\nassert.equal(records, 'No Data');",
              "err": {},
              "uuid": "5541c381-25d8-4540-9d44-5fea1605b617",
              "parentUUID": "eacf8c79-c30e-47b8-accc-2d764ce7efdf",
              "isHook": false,
              "skipped": false
            },
            {
              "title": "should check if attendence is showing correctly.",
              "fullTitle": "Resource Details should check if attendence is showing correctly.",
              "timedOut": false,
              "duration": 6066,
              "state": "passed",
              "speed": "slow",
              "pass": true,
              "fail": false,
              "pending": false,
              "context": null,
              "code": "let query = [`UPDATE employee_attendances SET \"employeeId\" = ${newId} WHERE \"employeeId\" = 9429;`];\nawait utilFun.udpateDatabase(query);\nawait utilFun.visit(baseUrl + detailsPageUrl);\nconst url = await utilFun.getUrl();\nassert.equal(url, baseUrl + detailsPageUrl);\nawait resourceDetails.waitForNametoVisible();\nawait resourceDetails.clickAttendanceTab();\nconst url1 = await utilFun.getUrl();\nassert.equal(url1, baseUrl + attendanceTabUrl);\nawait resourceDetails.selectAttendanceYear(2024);\nawait resourceDetails.selectAttendanceMonth('Jan');\nawait utilFun.wait(2000)\nlet time = await resourceDetails.getTimeByDate('2024-01-22');\nassert.equal(time, '08:00');\ntime = await resourceDetails.getTimeByDate('2024-01-23');\nassert.equal(time, '08:00');\ntime = await resourceDetails.getTimeByDate('2024-01-24');\nassert.equal(time, '08:20');\ntime = await resourceDetails.getTimeByDate('2024-01-25');\nassert.equal(time, '07:30');\ntime = await resourceDetails.getTimeByDate('2024-01-26');\nassert.equal(time, '06:40');\nlet weekTime = await resourceDetails.getWeekTime(4);\nassert.equal(weekTime, '38:30');",
              "err": {},
              "uuid": "2ab27066-6c5b-4d6b-95b1-87f5fa44a5c2",
              "parentUUID": "eacf8c79-c30e-47b8-accc-2d764ce7efdf",
              "isHook": false,
              "skipped": false
            }
          ],
          "suites": [],
          "passes": [
            "fc5bd689-e027-44a8-8957-2fa51136f1ae",
            "394b37f6-69eb-4caa-9771-8b197065efda",
            "d1768f3e-e55e-4259-8d20-c285b86892c6",
            "fefe5460-6f62-4c47-940a-a02af2f1b1d0",
            "5ae7551a-4af9-436b-89a7-fb1f9027bbbb",
            "cd8c006b-b070-421b-8107-1145dfd2de4b",
            "18ae1801-9f19-4e0a-9ed2-cf58522910ab",
            "76f63134-71cb-43d2-be39-c8302eccf9c0",
            "6d034916-1b09-48d9-94f5-c97e89221d0f",
            "24bf99a6-8b0b-4948-b019-2971accc597a",
            "59815f2e-a7f7-44c8-aca4-efd504b726cb",
            "8afc2581-1df5-4897-9cd8-e0f157a78dd3",
            "1f001624-229d-41bf-92f1-d1f105bd34f5",
            "71901463-44e7-4700-a061-f96cbe3466eb",
            "d75c3478-69ac-40db-8188-3aaa462a75cf",
            "9de0d3e7-3ac7-433b-b529-a34f5d247e0b",
            "b59522dd-6c60-4c3f-b9c8-5a7c4e4df78c",
            "b568f4a1-f1f1-4834-93ea-07202299fd6f",
            "71e2e6e0-722b-44ab-a4a2-718c0519abcb",
            "202b56b4-dc45-4e25-8edd-04946f2cce72",
            "839918ad-0e7e-4499-b5c7-214b8d75d047",
            "97fa5ebc-2e54-4857-a356-5eaa2ead2a07",
            "c0d7552b-fc11-48dc-984d-ed029f8f2ad4",
            "b6dcfdfc-b988-4f8d-b94b-fe43727b91c6",
            "6f4762d8-e772-4992-acbf-a5e0bd462a29",
            "bc5b58a9-c892-4adf-b03e-5cfe8437be6f",
            "110660ca-12bd-4316-8881-42f6abfbff6c",
            "c9df0d6b-8f1f-4c3d-9032-97616ed331c8",
            "8c721a6f-3964-44fd-a454-8aa78f2b4e51",
            "8a0689e3-3409-49b2-b1fd-b83c85ef3e27",
            "4c58661d-5bd8-4f25-82ba-63f6eed2c9f1",
            "01678082-2ab4-4cb7-ac7a-2ed8a1c2c684",
            "5373e19f-fde7-4c3c-9d97-31a39ffc0c84",
            "a49eb595-85c9-4fb9-b0f9-c436225317b4",
            "e968281e-7d33-4d5e-bdbe-7b27edd1d715",
            "423d0dc4-2cb5-4c0a-a4b5-d1b8e6a60127",
            "9df3882c-b41d-4ddb-adf7-f38dea510ba7",
            "d0c96a0c-ffbf-4ac8-913f-c81bbfe2fac8",
            "7682dac2-7d5a-4662-92e3-975d0df9742e",
            "43d6d50c-790f-4397-a8a9-1d876f58e99d",
            "9c86f8f3-d831-4fb6-be35-483e70a23e3c",
            "ad9c7c6e-a1d6-4e52-a80c-587b5a26491c",
            "d5aef44a-fef2-4b72-b385-bf5d86fbcde5",
            "6fd9345a-bc15-4d9d-a092-3a09d6bc33ce",
            "fb9be5ee-a3c7-41fd-b05d-1405cf6d3b3a",
            "45a4ea2d-b9be-4553-8b28-7967966e27d0",
            "72338351-7d28-45e1-bf9c-4a686057083a",
            "74f8e0de-7110-460b-81ea-2d2a7f42b84c",
            "f7c26db8-c728-466e-a76c-bcbf48874ec1",
            "967ca00c-29ed-4062-bf53-1f3641a1d182",
            "20150ae7-bae1-4a97-9236-53dddd155373",
            "2d02a3bf-7376-4187-bbcc-23af8f33b30c",
            "dca2ce8e-47b1-4985-a8ee-6a56e9798639",
            "7b7569c8-c687-4e1b-bff9-cb35d10096a5",
            "274d8efe-ad50-4e52-93e0-f7a63397b5aa",
            "365b1370-b625-4c64-bb27-188dabd4b56e",
            "a058db2d-60ca-4f3e-ab48-1871f1965ed0",
            "5541c381-25d8-4540-9d44-5fea1605b617",
            "2ab27066-6c5b-4d6b-95b1-87f5fa44a5c2"
          ],
          "failures": [
            "57c70023-47ba-44d2-a09f-02cb91a2ff62",
            "a09595aa-c330-4bd3-9e7b-09134cfba55b",
            "e0910e9d-d5f3-4ddd-a684-70f2815ff74e",
            "079378a1-a1d2-4575-a602-437feb09c2f7",
            "b17c627a-a8d5-43d0-9df2-5e0026d25a11"
          ],
          "pending": [],
          "skipped": [],
          "duration": 478781,
          "root": false,
          "rootEmpty": false,
          "_timeout": 100000
        }
      ],
      "passes": [],
      "failures": [],
      "pending": [],
      "skipped": [],
      "duration": 0,
      "root": true,
      "rootEmpty": true,
      "_timeout": 100000
    }
  ],
  "meta": {
    "mocha": {
      "version": "10.2.0"
    },
    "mochawesome": {
      "options": {
        "quiet": false,
        "reportFilename": "mochawesome",
        "saveHtml": true,
        "saveJson": true,
        "consoleReporter": "spec",
        "useInlineDiffs": false,
        "code": true
      },
      "version": "7.1.3"
    },
    "marge": {
      "options": {
        "reportDir": "test/report"
      },
      "version": "6.2.0"
    }
  }
}