{
  "stats": {
    "suites": 21,
    "tests": 518,
    "passes": 352,
    "pending": 38,
    "failures": 128,
    "start": "2024-03-08T04:01:17.098Z",
    "end": "2024-03-08T05:32:14.472Z",
    "duration": 5457374,
    "testsRegistered": 564,
    "passPercent": 66.92015209125475,
    "pendingPercent": 6.73758865248227,
    "other": 3,
    "hasOther": true,
    "skipped": 46,
    "hasSkipped": true
  },
  "results": [
    {
      "uuid": "e1650237-3e8c-47bc-bc2c-3ee8f57a7f46",
      "title": "",
      "fullFile": "",
      "file": "",
      "beforeHooks": [],
      "afterHooks": [],
      "tests": [],
      "suites": [
        {
          "uuid": "f2c64a38-0bc0-4a87-a90c-64978478b5d0",
          "title": "Pending Evaluations",
          "fullFile": "/home/devops/invohub/resource-engagement/test/e2e/evaluation/spec_1_pendings.js",
          "file": "/test/e2e/evaluation/spec_1_pendings.js",
          "beforeHooks": [
            {
              "title": "\"before all\" hook for \"should check if pending evaluations are showing\"",
              "fullTitle": "Pending Evaluations \"before all\" hook for \"should check if pending evaluations are showing\"",
              "timedOut": true,
              "duration": 100009,
              "state": "failed",
              "speed": null,
              "pass": false,
              "fail": true,
              "pending": false,
              "context": null,
              "code": "let query = [\n  `UPDATE departments SET \"hodId\" = 9474 WHERE id = 9;`,\n  `UPDATE employees SET \"email\" = 'bilal.rafaqat@invozone.de' WHERE id = 9429;`,\n  `UPDATE employees SET \"email\" = 'bilal.rafaqat@invozone.dev' WHERE id = 9474;`,\n];\nawait utilFun.udpateDatabase(query);\nawait utilFun.login(email, password);\nconst url = await utilFun.getUrl();\nassert.equal(url, baseUrl + '/home');\nlet query1 =[\n    `UPDATE employee_evaluations SET \"incrementType\" = 'annual' WHERE id = 26;`,\n    `UPDATE employee_evaluations SET \"processType\" = NULL WHERE id = 26;`,\n    `UPDATE employee_evaluations SET \"reasonForDefer\" = NULL WHERE id = 26;`,\n    `UPDATE employee_evaluations SET \"processDate\" = NULL WHERE id = 26;`,\n    `UPDATE employee_evaluations SET \"feedback\" = NULL WHERE id = 26;`,\n    `DELETE FROM employee_evaluations WHERE \"employeeId\" = 9742 AND \"incrementType\" = 'designation';`,\n    ];\n    await utilFun.udpateDatabase(query1);",
              "err": {
                "message": "Error: Timeout of 100000ms exceeded. For async tests and hooks, ensure \"done()\" is called; if returning a Promise, ensure it resolves. (/home/devops/invohub/resource-engagement/test/e2e/evaluation/spec_1_pendings.js)",
                "estack": "Error: Timeout of 100000ms exceeded. For async tests and hooks, ensure \"done()\" is called; if returning a Promise, ensure it resolves. (/home/devops/invohub/resource-engagement/test/e2e/evaluation/spec_1_pendings.js)\n    at listOnTimeout (node:internal/timers:564:17)\n    at process.processTimers (node:internal/timers:507:7)",
                "diff": null
              },
              "uuid": "5f5d5db2-c0a6-4159-98f6-86ee0b4a683c",
              "parentUUID": "f2c64a38-0bc0-4a87-a90c-64978478b5d0",
              "isHook": true,
              "skipped": false
            },
            {
              "title": "\"before each\" hook",
              "fullTitle": "Pending Evaluations \"before each\" hook",
              "timedOut": false,
              "duration": 0,
              "state": null,
              "speed": null,
              "pass": false,
              "fail": false,
              "pending": false,
              "context": null,
              "code": "await utilFun.visit(baseUrl + '/evaluation');\nawait utilFun.wait(3000);",
              "err": {},
              "uuid": "10bdd4db-1153-4fa2-bd5c-13d9836a4cd8",
              "parentUUID": "f2c64a38-0bc0-4a87-a90c-64978478b5d0",
              "isHook": true,
              "skipped": false
            }
          ],
          "afterHooks": [],
          "tests": [
            {
              "title": "should check if pending evaluations are showing",
              "fullTitle": "Pending Evaluations should check if pending evaluations are showing",
              "timedOut": false,
              "duration": 0,
              "state": null,
              "speed": null,
              "pass": false,
              "fail": false,
              "pending": false,
              "context": null,
              "code": "let obj = await evaluation.getAllPendingResourses();\nassert(obj.length > 0, `No Evaluation Found`);",
              "err": {},
              "uuid": "adeeba5b-46bc-4e0c-8dfe-e2d6b4191089",
              "parentUUID": "f2c64a38-0bc0-4a87-a90c-64978478b5d0",
              "isHook": false,
              "skipped": true
            },
            {
              "title": "should able to filter resoures by name",
              "fullTitle": "Pending Evaluations should able to filter resoures by name",
              "timedOut": false,
              "duration": 0,
              "state": null,
              "speed": null,
              "pass": false,
              "fail": false,
              "pending": false,
              "context": null,
              "code": "await evaluation.clickFilterButton();\nawait evaluation.searchName('James Salinas');\nawait utilFun.wait(1000);\nconst name = await evaluation.getResourseName();\nutilFun.assertEql(name, 'James Salinas');",
              "err": {},
              "uuid": "22709ca5-d776-4177-9b25-5410a7626287",
              "parentUUID": "f2c64a38-0bc0-4a87-a90c-64978478b5d0",
              "isHook": false,
              "skipped": true
            },
            {
              "title": "should able to filter resoures by Review Type",
              "fullTitle": "Pending Evaluations should able to filter resoures by Review Type",
              "timedOut": false,
              "duration": 0,
              "state": null,
              "speed": null,
              "pass": false,
              "fail": false,
              "pending": false,
              "context": null,
              "code": "await evaluation.clickFilterButton();\nawait evaluation.selectReviewType('Annual');\nconst valuesCount = await evaluation.checkValues();\nutilFun.assertEql(valuesCount, 1);",
              "err": {},
              "uuid": "579dc1a7-6a06-499d-aba9-3ac87220c7ee",
              "parentUUID": "f2c64a38-0bc0-4a87-a90c-64978478b5d0",
              "isHook": false,
              "skipped": true
            },
            {
              "title": "should able to filter resoures by Last Increment",
              "fullTitle": "Pending Evaluations should able to filter resoures by Last Increment",
              "timedOut": false,
              "duration": 0,
              "state": null,
              "speed": null,
              "pass": false,
              "fail": false,
              "pending": false,
              "context": null,
              "code": "await evaluation.clickFilterButton();\nawait evaluation.selectLastIncrement('N/A');\nconst valuesCount = await evaluation.checkValues();\nutilFun.assertEql(valuesCount, 1);",
              "err": {},
              "uuid": "3ffe1b03-3a09-40b3-aa41-bc4408564ff7",
              "parentUUID": "f2c64a38-0bc0-4a87-a90c-64978478b5d0",
              "isHook": false,
              "skipped": true
            },
            {
              "title": "should able to  copy email from options",
              "fullTitle": "Pending Evaluations should able to  copy email from options",
              "timedOut": false,
              "duration": 0,
              "state": null,
              "speed": null,
              "pass": false,
              "fail": false,
              "pending": false,
              "context": null,
              "code": "await evaluation.clickFilterButton();\nawait evaluation.searchName('James Salinas');\nawait utilFun.wait(1000);\nconst name = await evaluation.getResourseName();\nutilFun.assertEql(name, 'James Salinas');\nawait evaluation.clickOptionBtn();\nawait utilFun.wait(1000);\nawait evaluation.selectOption('Copy Email');\nawait utilFun.wait(3000);\nconst alertText = await evaluation.checkAlert();\nutilFun.assertEql(alertText, 'Email address is copied');",
              "err": {},
              "uuid": "0b24177f-dfae-46cf-b56b-f1549f396238",
              "parentUUID": "f2c64a38-0bc0-4a87-a90c-64978478b5d0",
              "isHook": false,
              "skipped": true
            },
            {
              "title": "should able to Send Email from options",
              "fullTitle": "Pending Evaluations should able to Send Email from options",
              "timedOut": false,
              "duration": 0,
              "state": null,
              "speed": null,
              "pass": false,
              "fail": false,
              "pending": false,
              "context": null,
              "code": "await evaluation.clickFilterButton();\nawait evaluation.searchName('James Salinas');\nawait utilFun.wait(1000);\nconst name = await evaluation.getResourseName();\nutilFun.assertEql(name, 'James Salinas');\nawait evaluation.clickOptionBtn();\nawait utilFun.wait(1000);\nawait evaluation.selectOption('Send Email');\nawait utilFun.wait(1000);\nawait utilFun.switchWindow(1);\nawait utilFun.wait(3000);\nconst url = await utilFun.getUrl();\nassert.equal(url, 'https://mail.google.com/mail/u/0/?fs=1&tf=cm&to=james@robot-mail.com');\nawait utilFun.closeCurrentTab();\nawait utilFun.switchWindow(0);",
              "err": {},
              "uuid": "2de1a498-12d2-4853-b63c-becb836434f0",
              "parentUUID": "f2c64a38-0bc0-4a87-a90c-64978478b5d0",
              "isHook": false,
              "skipped": true
            },
            {
              "title": "should able to Open Slack DM from options",
              "fullTitle": "Pending Evaluations should able to Open Slack DM from options",
              "timedOut": false,
              "duration": 0,
              "state": null,
              "speed": null,
              "pass": false,
              "fail": false,
              "pending": false,
              "context": null,
              "code": "await evaluation.clickFilterButton();\nawait evaluation.searchName('James Salinas');\nawait utilFun.wait(1000);\nconst name = await evaluation.getResourseName();\nutilFun.assertEql(name, 'James Salinas');\nawait evaluation.clickOptionBtn();\nawait utilFun.wait(1000);\nawait evaluation.selectOption('Open Slack DM');\nawait utilFun.wait(1000);\nawait utilFun.switchWindow(1);\nawait utilFun.wait(3000);\nconst url = await utilFun.getUrl();\nassert.equal(url, 'https://invozone.slack.com/?redir=%2Fapp_redirect%3Fchannel%3Dundefined');\nawait utilFun.closeCurrentTab();\nawait utilFun.switchWindow(0);",
              "err": {},
              "uuid": "c9a281aa-e176-405c-8301-b0dcfa7ce741",
              "parentUUID": "f2c64a38-0bc0-4a87-a90c-64978478b5d0",
              "isHook": false,
              "skipped": true
            },
            {
              "title": "should able to see Email from options",
              "fullTitle": "Pending Evaluations should able to see Email from options",
              "timedOut": false,
              "duration": 0,
              "state": null,
              "speed": null,
              "pass": false,
              "fail": false,
              "pending": false,
              "context": null,
              "code": "await evaluation.clickFilterButton();\nawait evaluation.searchName('James Salinas');\nawait utilFun.wait(1000);\nconst name = await evaluation.getResourseName();\nutilFun.assertEql(name, 'James Salinas');\nawait evaluation.clickOptionBtn();\nawait utilFun.wait(1000);\nawait evaluation.selectOption('See Email');\nawait utilFun.wait(3000);\nconst email = await evaluation.copyEmail();\nassert.equal(email, 'Email: james@robot-mail.com');",
              "err": {},
              "uuid": "d3a9b1b8-6c6d-48b2-8bcf-bc35efe21e16",
              "parentUUID": "f2c64a38-0bc0-4a87-a90c-64978478b5d0",
              "isHook": false,
              "skipped": true
            },
            {
              "title": "should able to copy Phone Number from options",
              "fullTitle": "Pending Evaluations should able to copy Phone Number from options",
              "timedOut": false,
              "duration": 0,
              "state": null,
              "speed": null,
              "pass": false,
              "fail": false,
              "pending": false,
              "context": null,
              "code": "await evaluation.clickFilterButton();\nawait evaluation.searchName('James Salinas');\nawait utilFun.wait(1000);\nconst name = await evaluation.getResourseName();\nutilFun.assertEql(name, 'James Salinas');\nawait evaluation.clickOptionBtn();\nawait utilFun.wait(1000);\nawait evaluation.selectOption('Phone Number');\nawait utilFun.wait(3000);\nawait evaluation.copyPhoneNumber();\nconst alertText = await evaluation.checkAlert();\nassert.equal(alertText, 'Phone# is copied successfully');",
              "err": {},
              "uuid": "2d32cd77-71aa-4089-8715-d1695d5c0512",
              "parentUUID": "f2c64a38-0bc0-4a87-a90c-64978478b5d0",
              "isHook": false,
              "skipped": true
            },
            {
              "title": "should able to see Resource Details from options",
              "fullTitle": "Pending Evaluations should able to see Resource Details from options",
              "timedOut": false,
              "duration": 0,
              "state": null,
              "speed": null,
              "pass": false,
              "fail": false,
              "pending": false,
              "context": null,
              "code": "await evaluation.clickFilterButton();\nawait evaluation.searchName('James Salinas');\nawait utilFun.wait(1000);\nconst name = await evaluation.getResourseName();\nutilFun.assertEql(name, 'James Salinas');\nawait evaluation.clickResource();\nawait utilFun.wait(1000);\nawait utilFun.switchWindow(1);\nawait utilFun.wait(1000);\nconst url = await utilFun.getUrl();\nassert.equal(url, 'http://localhost:3000/resource-detail/9742?tab=Basic_Information');\nawait utilFun.closeCurrentTab();\nawait utilFun.switchWindow(0);",
              "err": {},
              "uuid": "37a9189b-face-49a2-a3f5-cc1d0cc7df53",
              "parentUUID": "f2c64a38-0bc0-4a87-a90c-64978478b5d0",
              "isHook": false,
              "skipped": true
            },
            {
              "title": "should able to see employee history",
              "fullTitle": "Pending Evaluations should able to see employee history",
              "timedOut": false,
              "duration": 0,
              "state": null,
              "speed": null,
              "pass": false,
              "fail": false,
              "pending": false,
              "context": null,
              "code": "await evaluation.clickFilterButton();\nawait evaluation.searchName('James Salinas');\nawait utilFun.wait(1000);\nconst name = await evaluation.getResourseName();\nutilFun.assertEql(name, 'James Salinas');\nawait evaluation.clickSeeFeedback();\nawait utilFun.wait(1000);\nconst title = await evaluation.checkTitle();\nutilFun.assertEql(title, 'Feedback History of James Salinas');\nawait evaluation.checkSelectedTab();",
              "err": {},
              "uuid": "28de243e-f9d9-4b76-9df0-e7830037e806",
              "parentUUID": "f2c64a38-0bc0-4a87-a90c-64978478b5d0",
              "isHook": false,
              "skipped": true
            },
            {
              "title": "should able to request a review",
              "fullTitle": "Pending Evaluations should able to request a review",
              "timedOut": false,
              "duration": 0,
              "state": null,
              "speed": null,
              "pass": false,
              "fail": false,
              "pending": false,
              "context": null,
              "code": "await evaluation.clickFilterButton();\nawait evaluation.searchName('James Salinas');\nawait utilFun.wait(1000);\nconst name = await evaluation.getResourseName();\nutilFun.assertEql(name, 'James Salinas');\nawait evaluation.clickSeeFeedback();\nawait utilFun.wait(1000);\nawait evaluation.clickSubmittedReview();\nawait evaluation.clickReqReviewBtn();\nawait utilFun.wait(1000);\nawait evaluation.clickHod('Muhammad Bilal Rafaqat');\nawait evaluation.clickSendReqBtn();\nconst alertText = await evaluation.checkAlert();\nutilFun.assertEql(alertText, 'Request is send successfully.');",
              "err": {},
              "uuid": "5a82d59a-9d03-4a0e-9f59-1292e68dfb6b",
              "parentUUID": "f2c64a38-0bc0-4a87-a90c-64978478b5d0",
              "isHook": false,
              "skipped": true
            },
            {
              "title": "should able to give a review",
              "fullTitle": "Pending Evaluations should able to give a review",
              "timedOut": false,
              "duration": 0,
              "state": null,
              "speed": null,
              "pass": false,
              "fail": false,
              "pending": false,
              "context": null,
              "code": "const query = [\n  `UPDATE employees SET \"departmentId\" = 9 WHERE id = 9474;`,\n  `UPDATE employees SET \"designationId\" = 83 WHERE id = 9474;`,\n  `UPDATE employees SET \"designation\" = 'Head of Engineering' WHERE id = 9474;`,\n];\nawait utilFun.udpateDatabase(query);\nawait utilFun.refresh();\nawait evaluation.clickFilterButton();\nawait evaluation.searchName('James Salinas');\nawait utilFun.wait(1000);\nconst name = await evaluation.getResourseName();\nutilFun.assertEql(name, 'James Salinas');\nawait evaluation.clickSeeFeedback();\nawait utilFun.wait(1000);\nawait evaluation.clickSubmittedReview();\nawait utilFun.wait(1000);\nawait evaluation.clickAddFeedback();\n// await feedbackForm.enterDate('03092023');\nawait feedbackForm.selectFeedbackDuration('6 Months');\nawait feedbackForm.selectNextReviewType('Annual');\nawait feedbackForm.selectRevisedDesignation('Software Engineer');\nawait feedbackForm.selectRevisedDesignationCategory('Automation');\nawait feedbackForm.typeIncreament('200000');\nawait feedbackForm.typeDescription('testingggg');\nawait feedbackForm.clickSubmit();\nconst alertText = await evaluation.checkAlert();\nutilFun.assertEql(alertText, 'Increment status is updated successfully');",
              "err": {},
              "uuid": "e22aefbb-83b0-428e-8aba-deecc08daa4c",
              "parentUUID": "f2c64a38-0bc0-4a87-a90c-64978478b5d0",
              "isHook": false,
              "skipped": true
            },
            {
              "title": "should able to edit review form",
              "fullTitle": "Pending Evaluations should able to edit review form",
              "timedOut": false,
              "duration": 0,
              "state": null,
              "speed": null,
              "pass": false,
              "fail": false,
              "pending": false,
              "context": null,
              "code": "await evaluation.clickFilterButton();\nawait evaluation.searchName('James Salinas');\nawait utilFun.wait(1000);\nconst name = await evaluation.getResourseName();\nutilFun.assertEql(name, 'James Salinas');\nawait evaluation.clickEditForm();\nawait utilFun.wait(1000);\n// await feedbackForm.enterDate('03102023');\nawait feedbackForm.selectFeedbackDuration('3 Months');\nawait feedbackForm.selectNextReviewType('Annual');\nawait feedbackForm.selectRevisedDesignation('Software Engineer');\nawait feedbackForm.typeIncreament('200000');\nawait feedbackForm.typeDescription('updated');\nawait feedbackForm.clickSubmit();\nconst alertText = await evaluation.checkAlert();\nutilFun.assertEql(alertText, 'Increment status is updated successfully');",
              "err": {},
              "uuid": "0331af52-c856-47f0-bfaa-4091f710454b",
              "parentUUID": "f2c64a38-0bc0-4a87-a90c-64978478b5d0",
              "isHook": false,
              "skipped": true
            },
            {
              "title": "should able to defer review",
              "fullTitle": "Pending Evaluations should able to defer review",
              "timedOut": false,
              "duration": 0,
              "state": null,
              "speed": null,
              "pass": false,
              "fail": false,
              "pending": false,
              "context": null,
              "code": "const query = [\n  `UPDATE employees SET \"designation\" = 'HR' WHERE id = 9474;`,\n  `UPDATE employees SET \"departmentId\" = 7 WHERE id = 9474;`,\n  `UPDATE employees SET \"designationId\" = 77 WHERE id = 9474;`,\n];\nawait utilFun.udpateDatabase(query);\nawait utilFun.refresh();\nawait evaluation.clickFilterButton();\nawait evaluation.searchName('James Salinas');\nawait utilFun.wait(1000);\nconst name = await evaluation.getResourseName();\nutilFun.assertEql(name, 'James Salinas');\nawait evaluation.clickDefer();\nawait evaluation.clickDeferType();\nawait utilFun.wait(1000);\nawait evaluation.selectDeferType('2 Weeks');\nawait evaluation.typeDeferReason('testing');\nawait evaluation.clickSubmitBtn();\nconst alertText = await evaluation.checkAlert();\nutilFun.assertEql(alertText, 'Increment status is updated successfully');",
              "err": {},
              "uuid": "583eab90-31a1-4bff-907c-eefb4c510ef3",
              "parentUUID": "f2c64a38-0bc0-4a87-a90c-64978478b5d0",
              "isHook": false,
              "skipped": true
            },
            {
              "title": "should able to complete review",
              "fullTitle": "Pending Evaluations should able to complete review",
              "timedOut": false,
              "duration": 0,
              "state": null,
              "speed": null,
              "pass": false,
              "fail": false,
              "pending": false,
              "context": null,
              "code": "const query = [\n  `UPDATE employees SET \"designation\" = 'HR' WHERE id = 9474;`,\n  `UPDATE employees SET \"departmentId\" = 7 WHERE id = 9474;`,\n  `UPDATE employees SET \"designationId\" = 77 WHERE id = 9474;`,\n  `UPDATE employee_evaluations SET \"processType\" = NULL WHERE id = 26;`,\n  `UPDATE employee_evaluations SET \"reasonForDefer\" = NULL WHERE id = 26;`,\n  `UPDATE employee_evaluations SET \"processDate\" = NULL WHERE id = 26;`,\n];\nawait utilFun.udpateDatabase(query);\nawait utilFun.refresh();\nawait evaluation.clickFilterButton();\nawait evaluation.searchName('James Salinas');\nawait utilFun.wait(1000);\nconst name = await evaluation.getResourseName();\nutilFun.assertEql(name, 'James Salinas');\nawait evaluation.clickComplete();\n//await feedbackForm.enterDate('03102023');\nawait feedbackForm.selectFeedbackDuration('3 Months');\nawait feedbackForm.selectNextReviewType('Annual');\nawait feedbackForm.selectRevisedDesignation('Software Engineer');\nawait feedbackForm.typeIncreament('200000');\nawait feedbackForm.clickSubmit();\nconst alertText = await evaluation.checkAlert();\nutilFun.assertEql(alertText, 'Increment status is updated successfully');",
              "err": {},
              "uuid": "e4923d8f-5e5f-4c18-9d34-1cbe3a213385",
              "parentUUID": "f2c64a38-0bc0-4a87-a90c-64978478b5d0",
              "isHook": false,
              "skipped": true
            }
          ],
          "suites": [],
          "passes": [],
          "failures": [],
          "pending": [],
          "skipped": [
            "adeeba5b-46bc-4e0c-8dfe-e2d6b4191089",
            "22709ca5-d776-4177-9b25-5410a7626287",
            "579dc1a7-6a06-499d-aba9-3ac87220c7ee",
            "3ffe1b03-3a09-40b3-aa41-bc4408564ff7",
            "0b24177f-dfae-46cf-b56b-f1549f396238",
            "2de1a498-12d2-4853-b63c-becb836434f0",
            "c9a281aa-e176-405c-8301-b0dcfa7ce741",
            "d3a9b1b8-6c6d-48b2-8bcf-bc35efe21e16",
            "2d32cd77-71aa-4089-8715-d1695d5c0512",
            "37a9189b-face-49a2-a3f5-cc1d0cc7df53",
            "28de243e-f9d9-4b76-9df0-e7830037e806",
            "5a82d59a-9d03-4a0e-9f59-1292e68dfb6b",
            "e22aefbb-83b0-428e-8aba-deecc08daa4c",
            "0331af52-c856-47f0-bfaa-4091f710454b",
            "583eab90-31a1-4bff-907c-eefb4c510ef3",
            "e4923d8f-5e5f-4c18-9d34-1cbe3a213385"
          ],
          "duration": 0,
          "root": false,
          "rootEmpty": false,
          "_timeout": 100000
        },
        {
          "uuid": "fc9147fc-d4c3-475f-991a-e8443b385290",
          "title": "Performance Base Evaluations",
          "fullFile": "/home/devops/invohub/resource-engagement/test/e2e/evaluation/spec_2_performance.js",
          "file": "/test/e2e/evaluation/spec_2_performance.js",
          "beforeHooks": [
            {
              "title": "\"before all\" hook for \"should check if performance evaluations are showing\"",
              "fullTitle": "Performance Base Evaluations \"before all\" hook for \"should check if performance evaluations are showing\"",
              "timedOut": true,
              "duration": 100009,
              "state": "failed",
              "speed": null,
              "pass": false,
              "fail": true,
              "pending": false,
              "context": null,
              "code": "await utilFun.loginAccount()\nconst url = await utilFun.getUrl();\nassert.equal(url, baseUrl + '/home');\nlet query = [\n  `UPDATE employee_evaluations SET \"incrementType\" = 'performance' WHERE id = 26;`,\n  `UPDATE employees SET \"designation\" = 'Software Engineer' WHERE id = 9474;`,\n  `UPDATE employees SET \"departmentId\" = 9 WHERE id = 9474;`,\n  `UPDATE employees SET \"designationId\" = 138 WHERE id = 9474;`,\n  `UPDATE employee_evaluations SET \"processType\" = NULL WHERE id = 26;`,\n  `UPDATE employee_evaluations SET \"reasonForDefer\" = NULL WHERE id = 26;`,\n  `UPDATE employee_evaluations SET \"processDate\" = NULL WHERE id = 26;`,\n  `UPDATE employee_evaluations SET \"feedback\" = NULL WHERE id = 26;`,\n];\nawait utilFun.udpateDatabase(query);",
              "err": {
                "message": "Error: Timeout of 100000ms exceeded. For async tests and hooks, ensure \"done()\" is called; if returning a Promise, ensure it resolves. (/home/devops/invohub/resource-engagement/test/e2e/evaluation/spec_2_performance.js)",
                "estack": "Error: Timeout of 100000ms exceeded. For async tests and hooks, ensure \"done()\" is called; if returning a Promise, ensure it resolves. (/home/devops/invohub/resource-engagement/test/e2e/evaluation/spec_2_performance.js)\n    at listOnTimeout (node:internal/timers:564:17)\n    at process.processTimers (node:internal/timers:507:7)",
                "diff": null
              },
              "uuid": "0c785b39-83ad-4441-a155-0e0513d99cdf",
              "parentUUID": "fc9147fc-d4c3-475f-991a-e8443b385290",
              "isHook": true,
              "skipped": false
            },
            {
              "title": "\"before each\" hook",
              "fullTitle": "Performance Base Evaluations \"before each\" hook",
              "timedOut": false,
              "duration": 0,
              "state": null,
              "speed": null,
              "pass": false,
              "fail": false,
              "pending": false,
              "context": null,
              "code": "await utilFun.visit(baseUrl + '/evaluation-performance');\nawait utilFun.wait(4000);",
              "err": {},
              "uuid": "0ce3670f-190b-4b8e-a2b4-6836b8aa69cf",
              "parentUUID": "fc9147fc-d4c3-475f-991a-e8443b385290",
              "isHook": true,
              "skipped": false
            }
          ],
          "afterHooks": [],
          "tests": [
            {
              "title": "should check if performance evaluations are showing",
              "fullTitle": "Performance Base Evaluations should check if performance evaluations are showing",
              "timedOut": false,
              "duration": 0,
              "state": null,
              "speed": null,
              "pass": false,
              "fail": false,
              "pending": false,
              "context": null,
              "code": "let obj = await evaluation.getAllPendingResourses();\nassert(obj.length > 0, `No Evaluation Found`);",
              "err": {},
              "uuid": "a00899ba-32a2-4677-a722-a429878c441a",
              "parentUUID": "fc9147fc-d4c3-475f-991a-e8443b385290",
              "isHook": false,
              "skipped": true
            },
            {
              "title": "should able to filter resoures by name",
              "fullTitle": "Performance Base Evaluations should able to filter resoures by name",
              "timedOut": false,
              "duration": 0,
              "state": null,
              "speed": null,
              "pass": false,
              "fail": false,
              "pending": false,
              "context": null,
              "code": "await evaluation.clickFilterButton();\nawait evaluation.searchName('James Salinas');\nawait utilFun.wait(1000);\nconst name = await evaluation.getResourseName();\nutilFun.assertEql(name, 'James Salinas');",
              "err": {},
              "uuid": "139a9817-f6ac-4f2a-850c-da92a0c80dec",
              "parentUUID": "fc9147fc-d4c3-475f-991a-e8443b385290",
              "isHook": false,
              "skipped": true
            },
            {
              "title": "should able to filter resoures by Last Increment",
              "fullTitle": "Performance Base Evaluations should able to filter resoures by Last Increment",
              "timedOut": false,
              "duration": 0,
              "state": null,
              "speed": null,
              "pass": false,
              "fail": false,
              "pending": false,
              "context": null,
              "code": "await evaluation.clickFilterButton();\nawait evaluation.selectLastIncrement('N/A');\nconst valuesCount = await evaluation.checkValues();\nutilFun.assertEql(valuesCount, 1);",
              "err": {},
              "uuid": "d389809d-84ae-4f64-ba12-d991fb71aa42",
              "parentUUID": "fc9147fc-d4c3-475f-991a-e8443b385290",
              "isHook": false,
              "skipped": true
            },
            {
              "title": "should able to  copy email from options",
              "fullTitle": "Performance Base Evaluations should able to  copy email from options",
              "timedOut": false,
              "duration": 0,
              "state": null,
              "speed": null,
              "pass": false,
              "fail": false,
              "pending": false,
              "context": null,
              "code": "await evaluation.clickFilterButton();\nawait evaluation.searchName('James Salinas');\nawait utilFun.wait(1000);\nconst name = await evaluation.getResourseName();\nutilFun.assertEql(name, 'James Salinas');\nawait evaluation.clickOptionBtn();\nawait utilFun.wait(1000);\nawait evaluation.selectOption('Copy Email');\nconst alertText = await evaluation.checkAlert();\nutilFun.assertEql(alertText, 'Email address is copied');",
              "err": {},
              "uuid": "13e62b1d-0f90-410b-961d-036a4f9be3be",
              "parentUUID": "fc9147fc-d4c3-475f-991a-e8443b385290",
              "isHook": false,
              "skipped": true
            },
            {
              "title": "should able to Send Email from options",
              "fullTitle": "Performance Base Evaluations should able to Send Email from options",
              "timedOut": false,
              "duration": 0,
              "state": null,
              "speed": null,
              "pass": false,
              "fail": false,
              "pending": false,
              "context": null,
              "code": "await evaluation.clickFilterButton();\nawait evaluation.searchName('James Salinas');\nawait utilFun.wait(1000);\nconst name = await evaluation.getResourseName();\nutilFun.assertEql(name, 'James Salinas');\nawait evaluation.clickOptionBtn();\nawait utilFun.wait(1000);\nawait evaluation.selectOption('Send Email');\nawait utilFun.wait(1000);\nawait utilFun.switchWindow(1);\nawait utilFun.wait(3000);\nconst url = await utilFun.getUrl();\nassert.equal(url, 'https://mail.google.com/mail/u/0/?fs=1&tf=cm&to=james@robot-mail.com');\nawait utilFun.closeCurrentTab();\nawait utilFun.switchWindow(0);",
              "err": {},
              "uuid": "ff2e2eee-7d00-47ea-b1dc-52ab3c0b28de",
              "parentUUID": "fc9147fc-d4c3-475f-991a-e8443b385290",
              "isHook": false,
              "skipped": true
            },
            {
              "title": "should able to Open Slack DM from options",
              "fullTitle": "Performance Base Evaluations should able to Open Slack DM from options",
              "timedOut": false,
              "duration": 0,
              "state": null,
              "speed": null,
              "pass": false,
              "fail": false,
              "pending": false,
              "context": null,
              "code": "await evaluation.clickFilterButton();\nawait evaluation.searchName('James Salinas');\nawait utilFun.wait(1000);\nconst name = await evaluation.getResourseName();\nutilFun.assertEql(name, 'James Salinas');\nawait evaluation.clickOptionBtn();\nawait utilFun.wait(1000);\nawait evaluation.selectOption('Open Slack DM');\nawait utilFun.wait(1000);\nawait utilFun.switchWindow(1);\nawait utilFun.wait(3000);\nconst url = await utilFun.getUrl();\nassert.equal(url, 'https://invozone.slack.com/?redir=%2Fapp_redirect%3Fchannel%3Dundefined');\nawait utilFun.closeCurrentTab();\nawait utilFun.switchWindow(0);",
              "err": {},
              "uuid": "07c408ec-9b3b-4c6e-9d5a-74ff648d9c99",
              "parentUUID": "fc9147fc-d4c3-475f-991a-e8443b385290",
              "isHook": false,
              "skipped": true
            },
            {
              "title": "should able to see Email from options",
              "fullTitle": "Performance Base Evaluations should able to see Email from options",
              "timedOut": false,
              "duration": 0,
              "state": null,
              "speed": null,
              "pass": false,
              "fail": false,
              "pending": false,
              "context": null,
              "code": "await evaluation.clickFilterButton();\nawait evaluation.searchName('James Salinas');\nawait utilFun.wait(1000);\nconst name = await evaluation.getResourseName();\nutilFun.assertEql(name, 'James Salinas');\nawait evaluation.clickOptionBtn();\nawait utilFun.wait(1000);\nawait evaluation.selectOption('See Email');\nawait utilFun.wait(4000);\nconst email = await evaluation.copyEmail();\nassert.equal(email, 'Email: james@robot-mail.com');",
              "err": {},
              "uuid": "be1d396d-5c04-40ab-9013-9f01e8fa1b7d",
              "parentUUID": "fc9147fc-d4c3-475f-991a-e8443b385290",
              "isHook": false,
              "skipped": true
            },
            {
              "title": "should able to copy Phone Number from options",
              "fullTitle": "Performance Base Evaluations should able to copy Phone Number from options",
              "timedOut": false,
              "duration": 0,
              "state": null,
              "speed": null,
              "pass": false,
              "fail": false,
              "pending": false,
              "context": null,
              "code": "await evaluation.clickFilterButton();\nawait evaluation.searchName('James Salinas');\nawait utilFun.wait(1000);\nconst name = await evaluation.getResourseName();\nutilFun.assertEql(name, 'James Salinas');\nawait evaluation.clickOptionBtn();\nawait utilFun.wait(1000);\nawait evaluation.selectOption('Phone Number');\nawait utilFun.wait(3000);\nawait evaluation.copyPhoneNumber();\nconst alertText = await evaluation.checkAlert();\nassert.equal(alertText, 'Phone# is copied successfully');",
              "err": {},
              "uuid": "aa773610-d89c-4db5-9341-ca1b3b3801a5",
              "parentUUID": "fc9147fc-d4c3-475f-991a-e8443b385290",
              "isHook": false,
              "skipped": true
            },
            {
              "title": "should able to see Resource Details from options",
              "fullTitle": "Performance Base Evaluations should able to see Resource Details from options",
              "timedOut": false,
              "duration": 0,
              "state": null,
              "speed": null,
              "pass": false,
              "fail": false,
              "pending": false,
              "context": null,
              "code": "await evaluation.clickFilterButton();\nawait evaluation.searchName('James Salinas');\nawait utilFun.wait(1000);\nconst name = await evaluation.getResourseName();\nutilFun.assertEql(name, 'James Salinas');\nawait evaluation.clickResource();\nawait utilFun.wait(1000);\nawait utilFun.switchWindow(1);\nawait utilFun.wait(1000);\nconst url = await utilFun.getUrl();\nassert.equal(url, baseUrl + '/resource-detail/9742?tab=Basic_Information');\nawait utilFun.closeCurrentTab();\nawait utilFun.switchWindow(0);",
              "err": {},
              "uuid": "b7802d56-6b92-441d-bbf3-18fba38da5b8",
              "parentUUID": "fc9147fc-d4c3-475f-991a-e8443b385290",
              "isHook": false,
              "skipped": true
            },
            {
              "title": "should able to see employee history",
              "fullTitle": "Performance Base Evaluations should able to see employee history",
              "timedOut": false,
              "duration": 0,
              "state": null,
              "speed": null,
              "pass": false,
              "fail": false,
              "pending": false,
              "context": null,
              "code": "await evaluation.clickFilterButton();\nawait evaluation.searchName('James Salinas');\nawait utilFun.wait(1000);\nconst name = await evaluation.getResourseName();\nutilFun.assertEql(name, 'James Salinas');\nawait evaluation.clickSeeFeedback();\nawait utilFun.wait(1000);\nconst title = await evaluation.checkTitle();\nutilFun.assertEql(title, 'Feedback History of James Salinas');\nawait evaluation.checkSelectedTab();",
              "err": {},
              "uuid": "52cc4f00-7e6c-40a9-b512-98dce24e199d",
              "parentUUID": "fc9147fc-d4c3-475f-991a-e8443b385290",
              "isHook": false,
              "skipped": true
            },
            {
              "title": "should able to request a review",
              "fullTitle": "Performance Base Evaluations should able to request a review",
              "timedOut": false,
              "duration": 0,
              "state": null,
              "speed": null,
              "pass": false,
              "fail": false,
              "pending": false,
              "context": null,
              "code": "await evaluation.clickFilterButton();\nawait evaluation.searchName('James Salinas');\nawait utilFun.wait(1000);\nconst name = await evaluation.getResourseName();\nutilFun.assertEql(name, 'James Salinas');\nawait evaluation.clickSeeFeedback();4\nawait utilFun.wait(1000);\nawait evaluation.clickSubmittedReview();\nawait evaluation.clickReqReviewBtn();\nawait utilFun.wait(1000);\nawait evaluation.clickHod('Muhammad Bilal Rafaqat');\nawait evaluation.clickSendReqBtn();\nconst alertText = await evaluation.checkAlert();\nutilFun.assertEql(alertText, 'Request is send successfully.');",
              "err": {},
              "uuid": "488a38a0-8dd0-42f5-bde9-26c5a00f56aa",
              "parentUUID": "fc9147fc-d4c3-475f-991a-e8443b385290",
              "isHook": false,
              "skipped": true
            },
            {
              "title": "should able to give a review",
              "fullTitle": "Performance Base Evaluations should able to give a review",
              "timedOut": false,
              "duration": 0,
              "state": null,
              "speed": null,
              "pass": false,
              "fail": false,
              "pending": false,
              "context": null,
              "code": "const query = [\n  `UPDATE employees SET \"departmentId\" = 9 WHERE id = 9474;`,\n  `UPDATE employees SET \"designationId\" = 83 WHERE id = 9474;`,\n  `UPDATE employees SET \"designation\" = 'Head of Engineering' WHERE id = 9474;`,\n];\nawait utilFun.udpateDatabase(query);\nawait utilFun.refresh();\nawait evaluation.clickFilterButton();\nawait evaluation.searchName('James Salinas');\nawait utilFun.wait(1000);\nconst name = await evaluation.getResourseName();\nutilFun.assertEql(name, 'James Salinas');\nawait evaluation.clickSeeFeedback();\nawait utilFun.wait(1000);\nawait evaluation.clickSubmittedReview();\nawait utilFun.wait(1000);\nawait evaluation.clickAddFeedback();\nawait feedbackForm.enterDate('03092023');\nawait feedbackForm.selectFeedbackDuration('6 Months');\nawait feedbackForm.selectNextReviewType('Annual');\nawait feedbackForm.selectRevisedDesignation('Software Engineer');\nawait feedbackForm.typeIncreament('200000');\nawait feedbackForm.typeDescription('testingggg');\nawait feedbackForm.clickSubmit();\nconst alertText = await evaluation.checkAlert();\nutilFun.assertEql(alertText, 'Increment status is updated successfully');",
              "err": {},
              "uuid": "2e84e925-9b9b-4323-a6e5-4ef0b4eb4dbc",
              "parentUUID": "fc9147fc-d4c3-475f-991a-e8443b385290",
              "isHook": false,
              "skipped": true
            },
            {
              "title": "should able to edit review form",
              "fullTitle": "Performance Base Evaluations should able to edit review form",
              "timedOut": false,
              "duration": 0,
              "state": null,
              "speed": null,
              "pass": false,
              "fail": false,
              "pending": false,
              "context": null,
              "code": "await evaluation.clickFilterButton();\nawait evaluation.searchName('James Salinas');\nawait utilFun.wait(1000);\nconst name = await evaluation.getResourseName();\nutilFun.assertEql(name, 'James Salinas');\nawait evaluation.clickEditForm();\nawait utilFun.wait(1000);\nawait feedbackForm.enterDate('03102023');\nawait feedbackForm.selectFeedbackDuration('3 Months');\nawait feedbackForm.selectNextReviewType('Annual');\nawait feedbackForm.selectRevisedDesignation('Software Engineer');\nawait feedbackForm.typeIncreament('200000');\nawait feedbackForm.typeDescription('updated');\nawait feedbackForm.clickSubmit();\nconst alertText = await evaluation.checkAlert();\nutilFun.assertEql(alertText, 'Increment status is updated successfully');",
              "err": {},
              "uuid": "1280c8b4-ee30-4f0b-b466-a582193c1111",
              "parentUUID": "fc9147fc-d4c3-475f-991a-e8443b385290",
              "isHook": false,
              "skipped": true
            },
            {
              "title": "should able to defer review",
              "fullTitle": "Performance Base Evaluations should able to defer review",
              "timedOut": false,
              "duration": 0,
              "state": null,
              "speed": null,
              "pass": false,
              "fail": false,
              "pending": false,
              "context": null,
              "code": "const query = [\n  `UPDATE employees SET \"designation\" = 'HR' WHERE id = 9474;`,\n  `UPDATE employees SET \"departmentId\" = 7 WHERE id = 9474;`,\n  `UPDATE employees SET \"designationId\" = 77 WHERE id = 9474;`,\n];\nawait utilFun.udpateDatabase(query);\nawait utilFun.refresh();\nawait evaluation.clickFilterButton();\nawait evaluation.searchName('James Salinas');\nawait utilFun.wait(1000);\nconst name = await evaluation.getResourseName();\nutilFun.assertEql(name, 'James Salinas');\nawait evaluation.clickDefer();\nawait evaluation.clickDeferType();\nawait utilFun.wait(1000);\nawait evaluation.selectDeferType('2 Weeks');\nawait evaluation.typeDeferReason('testing');\nawait evaluation.clickSubmitBtn();\nconst alertText = await evaluation.checkAlert();\nutilFun.assertEql(alertText, 'Increment status is updated successfully');",
              "err": {},
              "uuid": "bdc367ec-0577-4c71-87cb-4f9bf378db43",
              "parentUUID": "fc9147fc-d4c3-475f-991a-e8443b385290",
              "isHook": false,
              "skipped": true
            },
            {
              "title": "should able to complete review",
              "fullTitle": "Performance Base Evaluations should able to complete review",
              "timedOut": false,
              "duration": 0,
              "state": null,
              "speed": null,
              "pass": false,
              "fail": false,
              "pending": false,
              "context": null,
              "code": "const query = [\n  `UPDATE employees SET \"designation\" = 'HR' WHERE id = 9474;`,\n  `UPDATE employees SET \"departmentId\" = 7 WHERE id = 9474;`,\n  `UPDATE employees SET \"designationId\" = 77 WHERE id = 9474;`,\n  `UPDATE employee_evaluations SET \"processType\" = NULL WHERE id = 26;`,\n  `UPDATE employee_evaluations SET \"reasonForDefer\" = NULL WHERE id = 26;`,\n  `UPDATE employee_evaluations SET \"processDate\" = NULL WHERE id = 26;`,\n];\nawait utilFun.udpateDatabase(query);\nawait utilFun.refresh();\nawait evaluation.clickFilterButton();\nawait evaluation.searchName('James Salinas');\nawait utilFun.wait(1000);\nconst name = await evaluation.getResourseName();\nutilFun.assertEql(name, 'James Salinas');\nawait evaluation.clickComplete();\nawait feedbackForm.enterDate('03102023');\nawait feedbackForm.selectFeedbackDuration('3 Months');\nawait feedbackForm.selectNextReviewType('Annual');\nawait feedbackForm.selectRevisedDesignation('Software Engineer');\nawait feedbackForm.typeIncreament('200000');\nawait feedbackForm.clickSubmit();\nconst alertText = await evaluation.checkAlert();\nutilFun.assertEql(alertText, 'Increment status is updated successfully');",
              "err": {},
              "uuid": "ffcee21a-45a5-43ce-9eee-7ed0a2434ed3",
              "parentUUID": "fc9147fc-d4c3-475f-991a-e8443b385290",
              "isHook": false,
              "skipped": true
            }
          ],
          "suites": [],
          "passes": [],
          "failures": [],
          "pending": [],
          "skipped": [
            "a00899ba-32a2-4677-a722-a429878c441a",
            "139a9817-f6ac-4f2a-850c-da92a0c80dec",
            "d389809d-84ae-4f64-ba12-d991fb71aa42",
            "13e62b1d-0f90-410b-961d-036a4f9be3be",
            "ff2e2eee-7d00-47ea-b1dc-52ab3c0b28de",
            "07c408ec-9b3b-4c6e-9d5a-74ff648d9c99",
            "be1d396d-5c04-40ab-9013-9f01e8fa1b7d",
            "aa773610-d89c-4db5-9341-ca1b3b3801a5",
            "b7802d56-6b92-441d-bbf3-18fba38da5b8",
            "52cc4f00-7e6c-40a9-b512-98dce24e199d",
            "488a38a0-8dd0-42f5-bde9-26c5a00f56aa",
            "2e84e925-9b9b-4323-a6e5-4ef0b4eb4dbc",
            "1280c8b4-ee30-4f0b-b466-a582193c1111",
            "bdc367ec-0577-4c71-87cb-4f9bf378db43",
            "ffcee21a-45a5-43ce-9eee-7ed0a2434ed3"
          ],
          "duration": 0,
          "root": false,
          "rootEmpty": false,
          "_timeout": 100000
        },
        {
          "uuid": "f4d37422-c029-4351-9c38-313a22072afd",
          "title": "Retention Base Evaluations",
          "fullFile": "/home/devops/invohub/resource-engagement/test/e2e/evaluation/spec_3_retention.js",
          "file": "/test/e2e/evaluation/spec_3_retention.js",
          "beforeHooks": [
            {
              "title": "\"before all\" hook for \"should check if retention evaluations are showing\"",
              "fullTitle": "Retention Base Evaluations \"before all\" hook for \"should check if retention evaluations are showing\"",
              "timedOut": true,
              "duration": 100090,
              "state": "failed",
              "speed": null,
              "pass": false,
              "fail": true,
              "pending": false,
              "context": null,
              "code": "await utilFun.loginAccount()\nconst url = await utilFun.getUrl();\nassert.equal(url, baseUrl + '/home');\nlet query = [\n  `UPDATE employee_evaluations SET \"incrementType\" = 'retention' WHERE id = 26;`,\n  `UPDATE employees SET \"designation\" = 'Software Engineer' WHERE id = 9474;`,\n  `UPDATE employees SET \"departmentId\" = 9 WHERE id = 9474;`,\n  `UPDATE employees SET \"designationId\" = 138 WHERE id = 9474;`,\n  `UPDATE employee_evaluations SET \"processType\" = NULL WHERE id = 26;`,\n  `UPDATE employee_evaluations SET \"reasonForDefer\" = NULL WHERE id = 26;`,\n  `UPDATE employee_evaluations SET \"processDate\" = NULL WHERE id = 26;`,\n  `UPDATE employee_evaluations SET \"feedback\" = NULL WHERE id = 26;`,\n];\nawait utilFun.udpateDatabase(query);",
              "err": {
                "message": "Error: Timeout of 100000ms exceeded. For async tests and hooks, ensure \"done()\" is called; if returning a Promise, ensure it resolves. (/home/devops/invohub/resource-engagement/test/e2e/evaluation/spec_3_retention.js)",
                "estack": "Error: Timeout of 100000ms exceeded. For async tests and hooks, ensure \"done()\" is called; if returning a Promise, ensure it resolves. (/home/devops/invohub/resource-engagement/test/e2e/evaluation/spec_3_retention.js)\n    at listOnTimeout (node:internal/timers:564:17)\n    at process.processTimers (node:internal/timers:507:7)",
                "diff": null
              },
              "uuid": "ab1f071a-703a-4660-acfc-192c2b98f15a",
              "parentUUID": "f4d37422-c029-4351-9c38-313a22072afd",
              "isHook": true,
              "skipped": false
            },
            {
              "title": "\"before each\" hook",
              "fullTitle": "Retention Base Evaluations \"before each\" hook",
              "timedOut": false,
              "duration": 0,
              "state": null,
              "speed": null,
              "pass": false,
              "fail": false,
              "pending": false,
              "context": null,
              "code": "await utilFun.visit(baseUrl + '/evaluation-retention');\nawait utilFun.wait(4000);",
              "err": {},
              "uuid": "b8cd0ac4-73f0-463a-b2f3-7219ed33be44",
              "parentUUID": "f4d37422-c029-4351-9c38-313a22072afd",
              "isHook": true,
              "skipped": false
            }
          ],
          "afterHooks": [],
          "tests": [
            {
              "title": "should check if retention evaluations are showing",
              "fullTitle": "Retention Base Evaluations should check if retention evaluations are showing",
              "timedOut": false,
              "duration": 0,
              "state": null,
              "speed": null,
              "pass": false,
              "fail": false,
              "pending": false,
              "context": null,
              "code": "let obj = await evaluation.getAllPendingResourses();\nassert(obj.length > 0, `No Evaluation Found`);",
              "err": {},
              "uuid": "66076f3e-a551-4b16-81f1-4678a5dae43f",
              "parentUUID": "f4d37422-c029-4351-9c38-313a22072afd",
              "isHook": false,
              "skipped": true
            },
            {
              "title": "should able to filter resoures by name",
              "fullTitle": "Retention Base Evaluations should able to filter resoures by name",
              "timedOut": false,
              "duration": 0,
              "state": null,
              "speed": null,
              "pass": false,
              "fail": false,
              "pending": false,
              "context": null,
              "code": "await evaluation.clickFilterButton();\nawait evaluation.searchName('James Salinas');\nawait utilFun.wait(1000);\nconst name = await evaluation.getResourseName();\nutilFun.assertEql(name, 'James Salinas');",
              "err": {},
              "uuid": "07885874-c9ed-43af-b154-a0f315891770",
              "parentUUID": "f4d37422-c029-4351-9c38-313a22072afd",
              "isHook": false,
              "skipped": true
            },
            {
              "title": "should able to filter resoures by Last Increment",
              "fullTitle": "Retention Base Evaluations should able to filter resoures by Last Increment",
              "timedOut": false,
              "duration": 0,
              "state": null,
              "speed": null,
              "pass": false,
              "fail": false,
              "pending": false,
              "context": null,
              "code": "await evaluation.clickFilterButton();\nawait evaluation.selectLastIncrement('N/A');\nconst valuesCount = await evaluation.checkValues();\nutilFun.assertEql(valuesCount, 1);",
              "err": {},
              "uuid": "93502be6-6c35-407e-b93f-5e80f67a4271",
              "parentUUID": "f4d37422-c029-4351-9c38-313a22072afd",
              "isHook": false,
              "skipped": true
            },
            {
              "title": "should able to  copy email from options",
              "fullTitle": "Retention Base Evaluations should able to  copy email from options",
              "timedOut": false,
              "duration": 0,
              "state": null,
              "speed": null,
              "pass": false,
              "fail": false,
              "pending": false,
              "context": null,
              "code": "await evaluation.clickFilterButton();\nawait evaluation.searchName('James Salinas');\nawait utilFun.wait(1000);\nconst name = await evaluation.getResourseName();\nutilFun.assertEql(name, 'James Salinas');\nawait evaluation.clickOptionBtn();\nawait utilFun.wait(1000);\nawait evaluation.selectOption('Copy Email');\nconst alertText = await evaluation.checkAlert();\nutilFun.assertEql(alertText, 'Email address is copied');",
              "err": {},
              "uuid": "83cf0edc-722c-4072-9fd2-7050cafa3489",
              "parentUUID": "f4d37422-c029-4351-9c38-313a22072afd",
              "isHook": false,
              "skipped": true
            },
            {
              "title": "should able to Send Email from options",
              "fullTitle": "Retention Base Evaluations should able to Send Email from options",
              "timedOut": false,
              "duration": 0,
              "state": null,
              "speed": null,
              "pass": false,
              "fail": false,
              "pending": false,
              "context": null,
              "code": "await evaluation.clickFilterButton();\nawait evaluation.searchName('James Salinas');\nawait utilFun.wait(1000);\nconst name = await evaluation.getResourseName();\nutilFun.assertEql(name, 'James Salinas');\nawait evaluation.clickOptionBtn();\nawait utilFun.wait(1000);\nawait evaluation.selectOption('Send Email');\nawait utilFun.wait(1000);\nawait utilFun.switchWindow(1);\nawait utilFun.wait(3000);\nconst url = await utilFun.getUrl();\nassert.equal(url, 'https://mail.google.com/mail/u/0/?fs=1&tf=cm&to=james@robot-mail.com');\nawait utilFun.closeCurrentTab();\nawait utilFun.switchWindow(0);",
              "err": {},
              "uuid": "f0f0f720-fc23-45f9-b592-14d39a55b038",
              "parentUUID": "f4d37422-c029-4351-9c38-313a22072afd",
              "isHook": false,
              "skipped": true
            },
            {
              "title": "should able to Open Slack DM from options",
              "fullTitle": "Retention Base Evaluations should able to Open Slack DM from options",
              "timedOut": false,
              "duration": 0,
              "state": null,
              "speed": null,
              "pass": false,
              "fail": false,
              "pending": false,
              "context": null,
              "code": "await evaluation.clickFilterButton();\nawait evaluation.searchName('James Salinas');\nawait utilFun.wait(1000);\nconst name = await evaluation.getResourseName();\nutilFun.assertEql(name, 'James Salinas');\nawait evaluation.clickOptionBtn();\nawait utilFun.wait(1000);\nawait evaluation.selectOption('Open Slack DM');\nawait utilFun.wait(1000);\nawait utilFun.switchWindow(1);\nawait utilFun.wait(3000);\nconst url = await utilFun.getUrl();\nassert.equal(url, 'https://invozone.slack.com/?redir=%2Fapp_redirect%3Fchannel%3Dundefined');\nawait utilFun.closeCurrentTab();\nawait utilFun.switchWindow(0);",
              "err": {},
              "uuid": "f4dc008b-129d-4e98-bdaf-25d5156dcc3f",
              "parentUUID": "f4d37422-c029-4351-9c38-313a22072afd",
              "isHook": false,
              "skipped": true
            },
            {
              "title": "should able to see Email from options",
              "fullTitle": "Retention Base Evaluations should able to see Email from options",
              "timedOut": false,
              "duration": 0,
              "state": null,
              "speed": null,
              "pass": false,
              "fail": false,
              "pending": false,
              "context": null,
              "code": "await evaluation.clickFilterButton();\nawait evaluation.searchName('James Salinas');\nawait utilFun.wait(1000);\nconst name = await evaluation.getResourseName();\nutilFun.assertEql(name, 'James Salinas');\nawait evaluation.clickOptionBtn();\nawait utilFun.wait(1000);\nawait evaluation.selectOption('See Email');\nawait utilFun.wait(4000);\nconst email = await evaluation.copyEmail();\nassert.equal(email, 'Email: james@robot-mail.com');",
              "err": {},
              "uuid": "30aecc7f-2c94-4707-b36f-802710ec8468",
              "parentUUID": "f4d37422-c029-4351-9c38-313a22072afd",
              "isHook": false,
              "skipped": true
            },
            {
              "title": "should able to copy Phone Number from options",
              "fullTitle": "Retention Base Evaluations should able to copy Phone Number from options",
              "timedOut": false,
              "duration": 0,
              "state": null,
              "speed": null,
              "pass": false,
              "fail": false,
              "pending": false,
              "context": null,
              "code": "await evaluation.clickFilterButton();\nawait evaluation.searchName('James Salinas');\nawait utilFun.wait(1000);\nconst name = await evaluation.getResourseName();\nutilFun.assertEql(name, 'James Salinas');\nawait evaluation.clickOptionBtn();\nawait utilFun.wait(1000);\nawait evaluation.selectOption('Phone Number');\nawait utilFun.wait(3000);\nawait evaluation.copyPhoneNumber();\nconst alertText = await evaluation.checkAlert();\nassert.equal(alertText, 'Phone# is copied successfully');",
              "err": {},
              "uuid": "b5464687-1aa4-4650-9d8d-2e431d4d627e",
              "parentUUID": "f4d37422-c029-4351-9c38-313a22072afd",
              "isHook": false,
              "skipped": true
            },
            {
              "title": "should able to see Resource Details from options",
              "fullTitle": "Retention Base Evaluations should able to see Resource Details from options",
              "timedOut": false,
              "duration": 0,
              "state": null,
              "speed": null,
              "pass": false,
              "fail": false,
              "pending": false,
              "context": null,
              "code": "await evaluation.clickFilterButton();\nawait evaluation.searchName('James Salinas');\nawait utilFun.wait(1000);\nconst name = await evaluation.getResourseName();\nutilFun.assertEql(name, 'James Salinas');\nawait evaluation.clickResource();\nawait utilFun.wait(1000);\nawait utilFun.switchWindow(1);\nawait utilFun.wait(1000);\nconst url = await utilFun.getUrl();\nassert.equal(url, baseUrl + '/resource-detail/9742?tab=Basic_Information');\nawait utilFun.closeCurrentTab();\nawait utilFun.switchWindow(0);",
              "err": {},
              "uuid": "3ecf455b-2c4c-4ec2-b59f-377b81842d79",
              "parentUUID": "f4d37422-c029-4351-9c38-313a22072afd",
              "isHook": false,
              "skipped": true
            },
            {
              "title": "should able to see employee history",
              "fullTitle": "Retention Base Evaluations should able to see employee history",
              "timedOut": false,
              "duration": 0,
              "state": null,
              "speed": null,
              "pass": false,
              "fail": false,
              "pending": false,
              "context": null,
              "code": "await evaluation.clickFilterButton();\nawait evaluation.searchName('James Salinas');\nawait utilFun.wait(1000);\nconst name = await evaluation.getResourseName();\nutilFun.assertEql(name, 'James Salinas');\nawait evaluation.clickSeeFeedback();\nawait utilFun.wait(1000);\nconst title = await evaluation.checkTitle();\nutilFun.assertEql(title, 'Feedback History of James Salinas');\nawait evaluation.checkSelectedTab();",
              "err": {},
              "uuid": "6fe2234f-b3f1-46da-bd00-894113b637bd",
              "parentUUID": "f4d37422-c029-4351-9c38-313a22072afd",
              "isHook": false,
              "skipped": true
            },
            {
              "title": "should able to request a review",
              "fullTitle": "Retention Base Evaluations should able to request a review",
              "timedOut": false,
              "duration": 0,
              "state": null,
              "speed": null,
              "pass": false,
              "fail": false,
              "pending": false,
              "context": null,
              "code": "await evaluation.clickFilterButton();\nawait evaluation.searchName('James Salinas');\nawait utilFun.wait(1000);\nconst name = await evaluation.getResourseName();\nutilFun.assertEql(name, 'James Salinas');\nawait evaluation.clickSeeFeedback();\nawait utilFun.wait(1000);\nawait evaluation.clickSubmittedReview();\nawait evaluation.clickReqReviewBtn();\nawait utilFun.wait(1000);\nawait evaluation.clickHod('Muhammad Bilal Rafaqat');\nawait evaluation.clickSendReqBtn();\nconst alertText = await evaluation.checkAlert();\nutilFun.assertEql(alertText, 'Request is send successfully.');",
              "err": {},
              "uuid": "bfe15fac-ea40-41f0-802d-c4b19610bbfc",
              "parentUUID": "f4d37422-c029-4351-9c38-313a22072afd",
              "isHook": false,
              "skipped": true
            },
            {
              "title": "should able to give a review",
              "fullTitle": "Retention Base Evaluations should able to give a review",
              "timedOut": false,
              "duration": 0,
              "state": null,
              "speed": null,
              "pass": false,
              "fail": false,
              "pending": false,
              "context": null,
              "code": "const query = [\n  `UPDATE employees SET \"departmentId\" = 9 WHERE id = 9474;`,\n  `UPDATE employees SET \"designationId\" = 83 WHERE id = 9474;`,\n  `UPDATE employees SET \"designation\" = 'Head of Engineering' WHERE id = 9474;`,\n];\nawait utilFun.udpateDatabase(query);\nawait utilFun.refresh();\nawait evaluation.clickFilterButton();\nawait evaluation.searchName('James Salinas');\nawait utilFun.wait(1000);\nconst name = await evaluation.getResourseName();\nutilFun.assertEql(name, 'James Salinas');\nawait evaluation.clickSeeFeedback();\nawait utilFun.wait(1000);\nawait evaluation.clickSubmittedReview();\nawait utilFun.wait(1000);\nawait evaluation.clickAddFeedback();\n// await feedbackForm.enterDate('03092023');\nawait feedbackForm.selectFeedbackDuration('6 Months');\nawait feedbackForm.selectNextReviewType('Annual');\nawait feedbackForm.selectRevisedDesignation('Software Engineer');\nawait feedbackForm.typeIncreament('200000');\nawait feedbackForm.typeDescription('testingggg');\nawait feedbackForm.clickSubmit();\nconst alertText = await evaluation.checkAlert();\nutilFun.assertEql(alertText, 'Increment status is updated successfully');",
              "err": {},
              "uuid": "26148955-e21d-4494-b5a8-a4889d070255",
              "parentUUID": "f4d37422-c029-4351-9c38-313a22072afd",
              "isHook": false,
              "skipped": true
            },
            {
              "title": "should able to edit review form",
              "fullTitle": "Retention Base Evaluations should able to edit review form",
              "timedOut": false,
              "duration": 0,
              "state": null,
              "speed": null,
              "pass": false,
              "fail": false,
              "pending": false,
              "context": null,
              "code": "await evaluation.clickFilterButton();\nawait evaluation.searchName('James Salinas');\nawait utilFun.wait(1000);\nconst name = await evaluation.getResourseName();\nutilFun.assertEql(name, 'James Salinas');\nawait evaluation.clickEditForm();\nawait utilFun.wait(1000);\n// await feedbackForm.enterDate('03102023');\nawait feedbackForm.selectFeedbackDuration('3 Months');\nawait feedbackForm.selectNextReviewType('Annual');\nawait feedbackForm.selectRevisedDesignation('Software Engineer');\nawait feedbackForm.typeIncreament('200000');\nawait feedbackForm.typeDescription('updated');\nawait feedbackForm.clickSubmit();\nconst alertText = await evaluation.checkAlert();\nutilFun.assertEql(alertText, 'Increment status is updated successfully');",
              "err": {},
              "uuid": "a2122a0d-dc83-4394-ae56-870bea3dce1f",
              "parentUUID": "f4d37422-c029-4351-9c38-313a22072afd",
              "isHook": false,
              "skipped": true
            },
            {
              "title": "should able to defer review",
              "fullTitle": "Retention Base Evaluations should able to defer review",
              "timedOut": false,
              "duration": 0,
              "state": null,
              "speed": null,
              "pass": false,
              "fail": false,
              "pending": false,
              "context": null,
              "code": "const query = [\n  `UPDATE employees SET \"designation\" = 'HR' WHERE id = 9474;`,\n  `UPDATE employees SET \"departmentId\" = 7 WHERE id = 9474;`,\n  `UPDATE employees SET \"designationId\" = 77 WHERE id = 9474;`,\n];\nawait utilFun.udpateDatabase(query);\nawait utilFun.refresh();\nawait evaluation.clickFilterButton();\nawait evaluation.searchName('James Salinas');\nawait utilFun.wait(1000);\nconst name = await evaluation.getResourseName();\nutilFun.assertEql(name, 'James Salinas');\nawait evaluation.clickDefer();\nawait evaluation.clickDeferType();\nawait utilFun.wait(1000);\nawait evaluation.selectDeferType('2 Weeks');\nawait evaluation.typeDeferReason('testing');\nawait evaluation.clickSubmitBtn();\nconst alertText = await evaluation.checkAlert();\nutilFun.assertEql(alertText, 'Increment status is updated successfully');",
              "err": {},
              "uuid": "f226bc1a-7b6c-4e3f-bf01-3902318c4257",
              "parentUUID": "f4d37422-c029-4351-9c38-313a22072afd",
              "isHook": false,
              "skipped": true
            },
            {
              "title": "should able to complete review",
              "fullTitle": "Retention Base Evaluations should able to complete review",
              "timedOut": false,
              "duration": 0,
              "state": null,
              "speed": null,
              "pass": false,
              "fail": false,
              "pending": false,
              "context": null,
              "code": "const query = [\n  `UPDATE employees SET \"designation\" = 'HR' WHERE id = 9474;`,\n  `UPDATE employees SET \"departmentId\" = 7 WHERE id = 9474;`,\n  `UPDATE employees SET \"designationId\" = 77 WHERE id = 9474;`,\n  `UPDATE employee_evaluations SET \"processType\" = NULL WHERE id = 26;`,\n  `UPDATE employee_evaluations SET \"reasonForDefer\" = NULL WHERE id = 26;`,\n  `UPDATE employee_evaluations SET \"processDate\" = NULL WHERE id = 26;`,\n];\nawait utilFun.udpateDatabase(query);\nawait utilFun.refresh();\nawait evaluation.clickFilterButton();\nawait evaluation.searchName('James Salinas');\nawait utilFun.wait(1000);\nconst name = await evaluation.getResourseName();\nutilFun.assertEql(name, 'James Salinas');\nawait evaluation.clickComplete();\n   // await feedbackForm.enterDate('03102023');\nawait feedbackForm.selectFeedbackDuration('3 Months');\nawait feedbackForm.selectNextReviewType('Annual');\nawait feedbackForm.selectRevisedDesignation('Software Engineer');\nawait feedbackForm.typeIncreament('200000');\nawait feedbackForm.clickSubmit();\nconst alertText = await evaluation.checkAlert();\nutilFun.assertEql(alertText, 'Increment status is updated successfully');",
              "err": {},
              "uuid": "c8c21c2e-c431-4493-ab62-d9a3a515124d",
              "parentUUID": "f4d37422-c029-4351-9c38-313a22072afd",
              "isHook": false,
              "skipped": true
            }
          ],
          "suites": [],
          "passes": [],
          "failures": [],
          "pending": [],
          "skipped": [
            "66076f3e-a551-4b16-81f1-4678a5dae43f",
            "07885874-c9ed-43af-b154-a0f315891770",
            "93502be6-6c35-407e-b93f-5e80f67a4271",
            "83cf0edc-722c-4072-9fd2-7050cafa3489",
            "f0f0f720-fc23-45f9-b592-14d39a55b038",
            "f4dc008b-129d-4e98-bdaf-25d5156dcc3f",
            "30aecc7f-2c94-4707-b36f-802710ec8468",
            "b5464687-1aa4-4650-9d8d-2e431d4d627e",
            "3ecf455b-2c4c-4ec2-b59f-377b81842d79",
            "6fe2234f-b3f1-46da-bd00-894113b637bd",
            "bfe15fac-ea40-41f0-802d-c4b19610bbfc",
            "26148955-e21d-4494-b5a8-a4889d070255",
            "a2122a0d-dc83-4394-ae56-870bea3dce1f",
            "f226bc1a-7b6c-4e3f-bf01-3902318c4257",
            "c8c21c2e-c431-4493-ab62-d9a3a515124d"
          ],
          "duration": 0,
          "root": false,
          "rootEmpty": false,
          "_timeout": 100000
        },
        {
          "uuid": "28e842b0-9cec-4f02-96e6-c06eff16c981",
          "title": "Evaluations History",
          "fullFile": "/home/devops/invohub/resource-engagement/test/e2e/evaluation/spec_4_history.js",
          "file": "/test/e2e/evaluation/spec_4_history.js",
          "beforeHooks": [
            {
              "title": "\"before all\" hook in \"Evaluations History\"",
              "fullTitle": "Evaluations History \"before all\" hook in \"Evaluations History\"",
              "timedOut": false,
              "duration": 65337,
              "state": null,
              "speed": null,
              "pass": false,
              "fail": false,
              "pending": false,
              "context": null,
              "code": "await utilFun.loginAccount()\nconst url = await utilFun.getUrl();\nassert.equal(url, baseUrl + '/home');\nlet query = [\n  `UPDATE employee_evaluations SET \"processType\" = 'COMPLETE' WHERE id = 26;`,\n  `DELETE FROM employee_evaluations WHERE \"employeeId\" = 9742 AND \"incrementType\" = 'designation';`,\n  `UPDATE employee_evaluations SET \"processDate\" = '2023-03-28 17:32:33.501+05' WHERE id = 26;`,\n];\nawait utilFun.udpateDatabase(query);",
              "err": {},
              "uuid": "19791982-6069-4d0a-8322-1b66af65f48d",
              "parentUUID": "28e842b0-9cec-4f02-96e6-c06eff16c981",
              "isHook": true,
              "skipped": false
            },
            {
              "title": "\"before each\" hook in \"Evaluations History\"",
              "fullTitle": "Evaluations History \"before each\" hook in \"Evaluations History\"",
              "timedOut": false,
              "duration": 4375,
              "state": null,
              "speed": null,
              "pass": false,
              "fail": false,
              "pending": false,
              "context": null,
              "code": "await utilFun.visit(baseUrl + '/evaluation-history');\nawait utilFun.wait(4000);",
              "err": {},
              "uuid": "50c4b569-28a1-4ffc-98ce-79d1b17b16e7",
              "parentUUID": "28e842b0-9cec-4f02-96e6-c06eff16c981",
              "isHook": true,
              "skipped": false
            }
          ],
          "afterHooks": [],
          "tests": [
            {
              "title": "should check if evaluations history is showing",
              "fullTitle": "Evaluations History should check if evaluations history is showing",
              "timedOut": false,
              "duration": 51,
              "state": "passed",
              "speed": "medium",
              "pass": true,
              "fail": false,
              "pending": false,
              "context": null,
              "code": "let obj = await evaluation.getAllPendingResourses();\nassert(obj.length > 0, `No Evaluation Found`);",
              "err": {},
              "uuid": "5f7c8f6d-7ec9-464e-81e9-10e1a3ddba8c",
              "parentUUID": "28e842b0-9cec-4f02-96e6-c06eff16c981",
              "isHook": false,
              "skipped": false
            },
            {
              "title": "should able to filter resoures by name",
              "fullTitle": "Evaluations History should able to filter resoures by name",
              "timedOut": false,
              "duration": 2347,
              "state": "passed",
              "speed": "slow",
              "pass": true,
              "fail": false,
              "pending": false,
              "context": null,
              "code": "await evaluation.clickFilterButton();\nawait evaluation.searchName('James Salinas');\nawait utilFun.wait(1000);\nconst name = await evaluation.getResourseName();\nutilFun.assertEql(name, 'James Salinas');",
              "err": {},
              "uuid": "4bdca54d-7baf-48f8-88ba-9e691c3eabc4",
              "parentUUID": "28e842b0-9cec-4f02-96e6-c06eff16c981",
              "isHook": false,
              "skipped": false
            },
            {
              "title": "should able to check review is completed",
              "fullTitle": "Evaluations History should able to check review is completed",
              "timedOut": false,
              "duration": 1882,
              "state": "failed",
              "speed": null,
              "pass": false,
              "fail": true,
              "pending": false,
              "context": null,
              "code": "await evaluation.clickFilterButton();\nawait evaluation.searchName('James Salinas');\nawait utilFun.wait(1000);\nconst name = await evaluation.checkProcessState()\nutilFun.assertEql(name, 'Complete');",
              "err": {
                "message": "NoSuchElementError: no such element: Unable to locate element: {\"method\":\"xpath\",\"selector\":\"//*[@id=\"root\"]/div[2]/div[2]/div[2]/div/div/div[3]/div/div/div/div/div/div[2]/table/tbody/tr[2]/td[9]\"}\n  (Session info: headless chrome=119.0.6045.159)",
                "estack": "NoSuchElementError: no such element: Unable to locate element: {\"method\":\"xpath\",\"selector\":\"//*[@id=\"root\"]/div[2]/div[2]/div[2]/div/div/div[3]/div/div/div/div/div/div[2]/table/tbody/tr[2]/td[9]\"}\n  (Session info: headless chrome=119.0.6045.159)\n    at Object.throwDecodedError (node_modules/selenium-webdriver/lib/error.js:524:15)\n    at parseHttpResponse (node_modules/selenium-webdriver/lib/http.js:601:13)\n    at Executor.execute (node_modules/selenium-webdriver/lib/http.js:529:28)\n    at process.processTicksAndRejections (node:internal/process/task_queues:95:5)\n    at async thenableWebDriverProxy.execute (node_modules/selenium-webdriver/lib/webdriver.js:745:17)\n    at async toWireValue (node_modules/selenium-webdriver/lib/webdriver.js:145:15)\n    at async /home/devops/invohub/resource-engagement/node_modules/selenium-webdriver/lib/webdriver.js:195:16\n    at async forEachKey (node_modules/selenium-webdriver/lib/webdriver.js:189:9)\n    at async convertKeys (node_modules/selenium-webdriver/lib/webdriver.js:194:3)\n    at async thenableWebDriverProxy.execute (node_modules/selenium-webdriver/lib/webdriver.js:743:22)\n    at async Context.<anonymous> (test/e2e/evaluation/spec_4_history.js:42:18)",
                "diff": null
              },
              "uuid": "882c7c22-99fc-430e-94b5-57207750b61c",
              "parentUUID": "28e842b0-9cec-4f02-96e6-c06eff16c981",
              "isHook": false,
              "skipped": false
            },
            {
              "title": "should able to filter resoures by Review Type",
              "fullTitle": "Evaluations History should able to filter resoures by Review Type",
              "timedOut": false,
              "duration": 1895,
              "state": "passed",
              "speed": "slow",
              "pass": true,
              "fail": false,
              "pending": false,
              "context": null,
              "code": "await evaluation.clickFilterButton();\nawait evaluation.selectReviewType('Annual');\nconst valuesCount = await evaluation.checkValues();\nutilFun.assertEql(valuesCount, 1);",
              "err": {},
              "uuid": "836f2b4e-249b-4c21-83e6-c59219a7ede4",
              "parentUUID": "28e842b0-9cec-4f02-96e6-c06eff16c981",
              "isHook": false,
              "skipped": false
            },
            {
              "title": "should able to filter resoures by Last Increment",
              "fullTitle": "Evaluations History should able to filter resoures by Last Increment",
              "timedOut": false,
              "duration": 1628,
              "state": "passed",
              "speed": "slow",
              "pass": true,
              "fail": false,
              "pending": false,
              "context": null,
              "code": "await evaluation.clickFilterButton();\nawait evaluation.selectLastIncrement('N/A');\nconst valuesCount = await evaluation.checkValues();\nutilFun.assertEql(valuesCount, 1);",
              "err": {},
              "uuid": "8a9e41d9-5238-467a-a2e1-a8e2c0756392",
              "parentUUID": "28e842b0-9cec-4f02-96e6-c06eff16c981",
              "isHook": false,
              "skipped": false
            },
            {
              "title": "should able to  copy email from options",
              "fullTitle": "Evaluations History should able to  copy email from options",
              "timedOut": false,
              "duration": 4200,
              "state": "passed",
              "speed": "slow",
              "pass": true,
              "fail": false,
              "pending": false,
              "context": null,
              "code": "await evaluation.clickFilterButton();\nawait evaluation.searchName('James Salinas');\nawait utilFun.wait(1000);\nconst name = await evaluation.getResourseName();\nutilFun.assertEql(name, 'James Salinas');\nawait evaluation.clickOptionBtn();\nawait utilFun.wait(1000);\nawait evaluation.selectOption('Copy Email');\nconst alertText = await evaluation.checkAlert();\nutilFun.assertEql(alertText, 'Email address is copied');",
              "err": {},
              "uuid": "eb916ff4-5bf3-4610-be9a-f38836f8480c",
              "parentUUID": "28e842b0-9cec-4f02-96e6-c06eff16c981",
              "isHook": false,
              "skipped": false
            },
            {
              "title": "should able to Send Email from options",
              "fullTitle": "Evaluations History should able to Send Email from options",
              "timedOut": false,
              "duration": 9910,
              "state": "passed",
              "speed": "slow",
              "pass": true,
              "fail": false,
              "pending": false,
              "context": null,
[...]
              "duration": 365,
              "state": "failed",
              "speed": null,
              "pass": false,
              "fail": true,
              "pending": false,
              "context": null,
              "code": "await utilFun.visit(baseUrl + detailsPageUrl);\nconst url = await utilFun.getUrl();\nassert.equal(url, baseUrl + detailsPageUrl);\nawait resourceDetails.waitForNametoVisible();\nawait resourceDetails.checkOtherLeaves('Availed Paid Leaves', '0');",
              "err": {
                "message": "AssertionError: 'http://localhost:3000/' == 'http://localhost:3000'",
                "estack": "AssertionError [ERR_ASSERTION]: 'http://localhost:3000/' == 'http://localhost:3000'\n    at Context.<anonymous> (test/e2e/resources/spec-4-resourse-details.js:680:12)\n    at process.processTicksAndRejections (node:internal/process/task_queues:95:5)",
                "diff": "- http://localhost:3000/\n+ http://localhost:3000\n"
              },
              "uuid": "f67c3de7-ea4d-4e0e-95ae-032420db7232",
              "parentUUID": "8e259684-9196-40b0-a9df-0d03394b3f57",
              "isHook": false,
              "skipped": false
            },
            {
              "title": "should check if Resource Availed Unpaid Leaves is Shownig and is editable.",
              "fullTitle": "Resource Details should check if Resource Availed Unpaid Leaves is Shownig and is editable.",
              "timedOut": false,
              "duration": 351,
              "state": "failed",
              "speed": null,
              "pass": false,
              "fail": true,
              "pending": false,
              "context": null,
              "code": "await utilFun.visit(baseUrl + detailsPageUrl);\nconst url = await utilFun.getUrl();\nassert.equal(url, baseUrl + detailsPageUrl);\nawait resourceDetails.waitForNametoVisible();\nawait resourceDetails.checkOtherLeaves('Availed Unpaid Leaves', '0');",
              "err": {
                "message": "AssertionError: 'http://localhost:3000/' == 'http://localhost:3000'",
                "estack": "AssertionError [ERR_ASSERTION]: 'http://localhost:3000/' == 'http://localhost:3000'\n    at Context.<anonymous> (test/e2e/resources/spec-4-resourse-details.js:687:12)\n    at process.processTicksAndRejections (node:internal/process/task_queues:95:5)",
                "diff": "- http://localhost:3000/\n+ http://localhost:3000\n"
              },
              "uuid": "37f9db3a-7351-41b1-89c7-65340ee1d8a9",
              "parentUUID": "8e259684-9196-40b0-a9df-0d03394b3f57",
              "isHook": false,
              "skipped": false
            },
            {
              "title": "should check if Resource Carry Forward Leaves is Shownig and is editable.",
              "fullTitle": "Resource Details should check if Resource Carry Forward Leaves is Shownig and is editable.",
              "timedOut": false,
              "duration": 368,
              "state": "failed",
              "speed": null,
              "pass": false,
              "fail": true,
              "pending": false,
              "context": null,
              "code": "await utilFun.visit(baseUrl + detailsPageUrl);\nconst url = await utilFun.getUrl();\nassert.equal(url, baseUrl + detailsPageUrl);\nawait resourceDetails.waitForNametoVisible();\nawait resourceDetails.checkOtherLeaves('Carry Forward Leaves', '0');",
              "err": {
                "message": "AssertionError: 'http://localhost:3000/' == 'http://localhost:3000'",
                "estack": "AssertionError [ERR_ASSERTION]: 'http://localhost:3000/' == 'http://localhost:3000'\n    at Context.<anonymous> (test/e2e/resources/spec-4-resourse-details.js:694:12)\n    at process.processTicksAndRejections (node:internal/process/task_queues:95:5)",
                "diff": "- http://localhost:3000/\n+ http://localhost:3000\n"
              },
              "uuid": "eaf85da2-0f59-4fd8-9776-dd73254181b5",
              "parentUUID": "8e259684-9196-40b0-a9df-0d03394b3f57",
              "isHook": false,
              "skipped": false
            },
            {
              "title": "should check if Resource Project is Showing.",
              "fullTitle": "Resource Details should check if Resource Project is Showing.",
              "timedOut": false,
              "duration": 339,
              "state": "failed",
              "speed": null,
              "pass": false,
              "fail": true,
              "pending": false,
              "context": null,
              "code": "await utilFun.visit(baseUrl + detailsPageUrl);\nconst url = await utilFun.getUrl();\nassert.equal(url, baseUrl + detailsPageUrl);\nawait resourceDetails.waitForNametoVisible();\nconst projectData = await resourceDetails.checkProjectDetails();\nassert.ok(projectData.includes('automation'), `Expected text not found.`);",
              "err": {
                "message": "AssertionError: 'http://localhost:3000/' == 'http://localhost:3000'",
                "estack": "AssertionError [ERR_ASSERTION]: 'http://localhost:3000/' == 'http://localhost:3000'\n    at Context.<anonymous> (test/e2e/resources/spec-4-resourse-details.js:703:12)\n    at process.processTicksAndRejections (node:internal/process/task_queues:95:5)",
                "diff": "- http://localhost:3000/\n+ http://localhost:3000\n"
              },
              "uuid": "95ec4abe-b2b5-49db-a5c2-a12feb3180e9",
              "parentUUID": "8e259684-9196-40b0-a9df-0d03394b3f57",
              "isHook": false,
              "skipped": false
            },
            {
              "title": "should able to delete project from details page.",
              "fullTitle": "Resource Details should able to delete project from details page.",
              "timedOut": false,
              "duration": 398,
              "state": "failed",
              "speed": null,
              "pass": false,
              "fail": true,
              "pending": false,
              "context": null,
              "code": "await utilFun.visit(baseUrl + detailsPageUrl);\nconst url = await utilFun.getUrl();\nassert.equal(url, baseUrl + detailsPageUrl);\nawait resourceDetails.waitForNametoVisible();\nawait resourceDetails.clickDelProjectBtn();\nconst alertText = await utilFun.checkAlert();\nassert.equal(alertText, 'Resource removed from project successfully.');",
              "err": {
                "message": "AssertionError: 'http://localhost:3000/' == 'http://localhost:3000'",
                "estack": "AssertionError [ERR_ASSERTION]: 'http://localhost:3000/' == 'http://localhost:3000'\n    at Context.<anonymous> (test/e2e/resources/spec-4-resourse-details.js:711:12)\n    at process.processTicksAndRejections (node:internal/process/task_queues:95:5)",
                "diff": "- http://localhost:3000/\n+ http://localhost:3000\n"
              },
              "uuid": "86f20afe-a3d2-450e-82e7-9ec308852160",
              "parentUUID": "8e259684-9196-40b0-a9df-0d03394b3f57",
              "isHook": false,
              "skipped": false
            },
            {
              "title": "should check if Hardware records are showing correctly.",
              "fullTitle": "Resource Details should check if Hardware records are showing correctly.",
              "timedOut": false,
              "duration": 391,
              "state": "failed",
              "speed": null,
              "pass": false,
              "fail": true,
              "pending": false,
              "context": null,
              "code": "let query = [`UPDATE employee_assets SET \"employeeId\" = ${newId} WHERE \"employeeId\" = 9429;`];\nawait utilFun.udpateDatabase(query);\nawait utilFun.visit(baseUrl + detailsPageUrl);\nconst url = await utilFun.getUrl();\nassert.equal(url, baseUrl + detailsPageUrl);\nawait resourceDetails.waitForNametoVisible();\nlet records = await resourceDetails.getAssetRecords();\nassert.ok(records.includes('Steve'), `Expected text not found.`);",
              "err": {
                "message": "AssertionError: 'http://localhost:3000/' == 'http://localhost:3000'",
                "estack": "AssertionError [ERR_ASSERTION]: 'http://localhost:3000/' == 'http://localhost:3000'\n    at Context.<anonymous> (test/e2e/resources/spec-4-resourse-details.js:724:12)\n    at process.processTicksAndRejections (node:internal/process/task_queues:95:5)",
                "diff": "- http://localhost:3000/\n+ http://localhost:3000\n"
              },
              "uuid": "67b9a9d1-3aec-4887-a08d-e7791096288f",
              "parentUUID": "8e259684-9196-40b0-a9df-0d03394b3f57",
              "isHook": false,
              "skipped": false
            },
            {
              "title": "should add skills from Resource details page.",
              "fullTitle": "Resource Details should add skills from Resource details page.",
              "timedOut": false,
              "duration": 356,
              "state": "failed",
              "speed": null,
              "pass": false,
              "fail": true,
              "pending": false,
              "context": null,
              "code": "await utilFun.visit(baseUrl + detailsPageUrl);\nconst url = await utilFun.getUrl();\nassert.equal(url, baseUrl + detailsPageUrl);\nawait resourceDetails.waitForNametoVisible();\nawait resourceDetails.clickEditSkillBtn()\nawait resourceDetails.searchSkill('automation')\nawait resourceDetails.clickAddIcon()\nconst alertText = await utilFun.checkAlert();\nassert.equal(alertText, 'Skills updated successfully.');\nawait resourceDetails.clickDoneBtn()",
              "err": {
                "message": "AssertionError: 'http://localhost:3000/' == 'http://localhost:3000'",
                "estack": "AssertionError [ERR_ASSERTION]: 'http://localhost:3000/' == 'http://localhost:3000'\n    at Context.<anonymous> (test/e2e/resources/spec-4-resourse-details.js:734:12)\n    at process.processTicksAndRejections (node:internal/process/task_queues:95:5)",
                "diff": "- http://localhost:3000/\n+ http://localhost:3000\n"
              },
              "uuid": "c6e9aa86-48d8-4804-8b30-87cb791d8e71",
              "parentUUID": "8e259684-9196-40b0-a9df-0d03394b3f57",
              "isHook": false,
              "skipped": false
            },
            {
              "title": "should check if skills records are showing correctly.",
              "fullTitle": "Resource Details should check if skills records are showing correctly.",
              "timedOut": false,
              "duration": 353,
              "state": "failed",
              "speed": null,
              "pass": false,
              "fail": true,
              "pending": false,
              "context": null,
              "code": "await utilFun.visit(baseUrl + detailsPageUrl);\nconst url = await utilFun.getUrl();\nassert.equal(url, baseUrl + detailsPageUrl);\nawait resourceDetails.waitForNametoVisible();\nlet records = await resourceDetails.getSkillRecords();\nassert.ok(records.includes('Automation'), `Expected text not found.`);",
              "err": {
                "message": "AssertionError: 'http://localhost:3000/' == 'http://localhost:3000'",
                "estack": "AssertionError [ERR_ASSERTION]: 'http://localhost:3000/' == 'http://localhost:3000'\n    at Context.<anonymous> (test/e2e/resources/spec-4-resourse-details.js:746:12)\n    at process.processTicksAndRejections (node:internal/process/task_queues:95:5)",
                "diff": "- http://localhost:3000/\n+ http://localhost:3000\n"
              },
              "uuid": "55204b73-c2a4-4d15-9c1c-1a591f82b73a",
              "parentUUID": "8e259684-9196-40b0-a9df-0d03394b3f57",
              "isHook": false,
              "skipped": false
            },
            {
              "title": "should able to remove skill by editing.",
              "fullTitle": "Resource Details should able to remove skill by editing.",
              "timedOut": false,
              "duration": 371,
              "state": "failed",
              "speed": null,
              "pass": false,
              "fail": true,
              "pending": false,
              "context": null,
              "code": "await utilFun.visit(baseUrl + detailsPageUrl);\nconst url = await utilFun.getUrl();\nassert.equal(url, baseUrl + detailsPageUrl);\nawait resourceDetails.waitForNametoVisible();\nawait resourceDetails.clickEditSkillBtn()\nawait resourceDetails.clickRemoveSkillBtn()\nawait resourceDetails.clickYesBtn()\nconst alertText = await utilFun.checkAlert();\nassert.equal(alertText, 'Skill is deleted successfully');\nawait resourceDetails.clickDoneBtn()\nlet records = await resourceDetails.getSkillRecordsEmpty();\nconsole.log(records);\nassert.equal(records, 'No Data');",
              "err": {
                "message": "AssertionError: 'http://localhost:3000/' == 'http://localhost:3000'",
                "estack": "AssertionError [ERR_ASSERTION]: 'http://localhost:3000/' == 'http://localhost:3000'\n    at Context.<anonymous> (test/e2e/resources/spec-4-resourse-details.js:754:12)\n    at process.processTicksAndRejections (node:internal/process/task_queues:95:5)",
                "diff": "- http://localhost:3000/\n+ http://localhost:3000\n"
              },
              "uuid": "35811137-d402-4769-bd58-015125f4529e",
              "parentUUID": "8e259684-9196-40b0-a9df-0d03394b3f57",
              "isHook": false,
              "skipped": false
            },
            {
              "title": "should check if attendence is showing correctly.",
              "fullTitle": "Resource Details should check if attendence is showing correctly.",
              "timedOut": false,
              "duration": 423,
              "state": "failed",
              "speed": null,
              "pass": false,
              "fail": true,
              "pending": false,
              "context": null,
              "code": "let query = [`UPDATE employee_attendances SET \"employeeId\" = ${newId} WHERE \"employeeId\" = 9429;`];\nawait utilFun.udpateDatabase(query);\nawait utilFun.visit(baseUrl + detailsPageUrl);\nconst url = await utilFun.getUrl();\nassert.equal(url, baseUrl + detailsPageUrl);\nawait resourceDetails.waitForNametoVisible();\nawait resourceDetails.clickAttendanceTab();\nconst url1 = await utilFun.getUrl();\nassert.equal(url1, baseUrl + attendanceTabUrl);\nawait resourceDetails.selectAttendanceYear(2024);\nawait resourceDetails.selectAttendanceMonth('Jan');\nawait utilFun.wait(2000)\nlet time = await resourceDetails.getTimeByDate('2024-01-22');\nassert.equal(time, '08:00');\ntime = await resourceDetails.getTimeByDate('2024-01-23');\nassert.equal(time, '08:00');\ntime = await resourceDetails.getTimeByDate('2024-01-24');\nassert.equal(time, '08:20');\ntime = await resourceDetails.getTimeByDate('2024-01-25');\nassert.equal(time, '07:30');\ntime = await resourceDetails.getTimeByDate('2024-01-26');\nassert.equal(time, '06:40');\nlet weekTime = await resourceDetails.getWeekTime(4);\nassert.equal(weekTime, '38:30');",
              "err": {
                "message": "AssertionError: 'http://localhost:3000/' == 'http://localhost:3000'",
                "estack": "AssertionError [ERR_ASSERTION]: 'http://localhost:3000/' == 'http://localhost:3000'\n    at Context.<anonymous> (test/e2e/resources/spec-4-resourse-details.js:773:12)\n    at process.processTicksAndRejections (node:internal/process/task_queues:95:5)",
                "diff": "- http://localhost:3000/\n+ http://localhost:3000\n"
              },
              "uuid": "97b9fd14-16ef-4c85-b904-662658d971dd",
              "parentUUID": "8e259684-9196-40b0-a9df-0d03394b3f57",
              "isHook": false,
              "skipped": false
            }
          ],
          "suites": [],
          "passes": [],
          "failures": [
            "692afafe-82cb-4491-8236-f48732fefc8d",
            "ae3139ca-201c-4ebc-9e82-6634891da19f",
            "824c50f8-cfba-4a9b-8c98-fde29d9a3597",
            "23246690-7335-4cc5-b36f-53ff3353440a",
            "858e7d36-c2e5-43d4-9d37-3ea1941dd8f9",
            "0e64138c-af9a-40a2-bd5c-d0a976522422",
            "aed2d253-855c-46ef-a107-50bcac3055fa",
            "e78ce233-d8b1-44ef-b067-3867ecd7835c",
            "2bb4d9a6-914e-4807-b919-c075627e3fa7",
            "ae642c95-cfee-4acf-9352-fd2b373ad818",
            "78aec48b-2c47-47be-9053-beedfaf2f8b8",
            "ab86d4e2-b11d-4aec-8619-9c57bfcb5745",
            "7e608e2d-f21d-4254-a219-78931ebad701",
            "28c92de7-2ae6-4c7e-a209-143d4488eef1",
            "ac8a211f-addb-43f4-a091-e869517b0de6",
            "bd24bdeb-31f3-4a06-b8f7-d593f9384229",
            "8a3c42c6-f18b-42e7-8004-dcd070bd13de",
            "accc5ff6-230d-40d6-b966-8d80ced49ad6",
            "70600d3b-aab2-4773-9c63-6a3773607520",
            "269140ac-1e30-4a5d-92e2-257104bd16f6",
            "589ce4b6-9fe6-4976-aa69-1234c51abf06",
            "ff6050fe-8181-4e84-b82a-69fa1e6b0bff",
            "0736d330-5f4b-4095-a1ef-adce29e1f9df",
            "de04e50f-fca9-4515-a575-51cc2d3646ed",
            "882269b4-aed0-4c86-9cf6-d22859427971",
            "066b203c-d251-4e53-b9a4-0433ca7b8e86",
            "8163743b-7b94-46ee-8e9f-0c191c92a810",
            "119e6639-d6a7-47cd-b500-34135d56cdb6",
            "a7039543-6d8e-4366-bb39-144ed1cbe105",
            "54850afc-edda-4c6a-9948-558c084a25a3",
            "29dd678b-0cea-4d42-aed7-eb1ee625cfe7",
            "9e58cd74-7154-43c3-96d5-e565f1e2a314",
            "79febbe8-cc95-4f87-b1f7-f1e4a04b0510",
            "9ffee549-df18-4279-a13a-45025f77e56a",
            "66ce39b2-426d-4718-8890-588b77ba7a58",
            "e2b02187-409b-4fdd-9307-67c4d63dd01f",
            "14f6de68-55a8-4987-bdd0-fb6ae18e526b",
            "f7cf4c17-5b53-420d-82aa-126b0d91a483",
            "d44a9977-e888-447d-9286-eeda9520e9b7",
            "b49f3e70-c71c-42c1-89b3-3e5f99d900cd",
            "b7c1362d-e68e-48fe-a671-778befb257b1",
            "28ea932b-9b07-4494-98f5-2bcb87487d86",
            "a64f9bab-9880-4b93-8f6d-9ee23eb80057",
            "2aaa66af-743c-474d-ae71-202a5536ce74",
            "7e423c69-e655-4f49-bde9-7bd10178fd15",
            "55fc2414-0801-40f1-b328-06df830fb253",
            "8aaf4a9e-f643-4b45-b269-ef4e92480645",
            "6b8cddc0-fd76-4839-a771-a1891895f9a5",
            "70d71902-27fa-44a6-bb83-78d62fde1041",
            "a555fd3c-f196-4c48-bbd7-d37f2b89e0e0",
            "546230c1-27a4-46e9-99db-e83cca9dba9e",
            "dba00490-e0ec-4df3-9d1f-ff6cf083ac1a",
            "0313c67e-b83c-4a9b-a790-50fbe34aaf9a",
            "8e34efbe-a379-4e6d-91ab-320efa3da76a",
            "f67c3de7-ea4d-4e0e-95ae-032420db7232",
            "37f9db3a-7351-41b1-89c7-65340ee1d8a9",
            "eaf85da2-0f59-4fd8-9776-dd73254181b5",
            "95ec4abe-b2b5-49db-a5c2-a12feb3180e9",
            "86f20afe-a3d2-450e-82e7-9ec308852160",
            "67b9a9d1-3aec-4887-a08d-e7791096288f",
            "c6e9aa86-48d8-4804-8b30-87cb791d8e71",
            "55204b73-c2a4-4d15-9c1c-1a591f82b73a",
            "35811137-d402-4769-bd58-015125f4529e",
            "97b9fd14-16ef-4c85-b904-662658d971dd"
          ],
          "pending": [],
          "skipped": [],
          "duration": 81145,
          "root": false,
          "rootEmpty": false,
          "_timeout": 100000
        }
      ],
      "passes": [],
      "failures": [],
      "pending": [],
      "skipped": [],
      "duration": 0,
      "root": true,
      "rootEmpty": true,
      "_timeout": 100000
    }
  ],
  "meta": {
    "mocha": {
      "version": "10.2.0"
    },
    "mochawesome": {
      "options": {
        "quiet": false,
        "reportFilename": "mochawesome",
        "saveHtml": true,
        "saveJson": true,
        "consoleReporter": "spec",
        "useInlineDiffs": false,
        "code": true
      },
      "version": "7.1.3"
    },
    "marge": {
      "options": {
        "reportDir": "test/report"
      },
      "version": "6.2.0"
    }
  }
}