{
  "stats": {
    "suites": 10,
    "tests": 195,
    "passes": 155,
    "pending": 1,
    "failures": 39,
    "start": "2024-01-04T08:09:12.553Z",
    "end": "2024-01-04T08:43:11.750Z",
    "duration": 2039197,
    "testsRegistered": 195,
    "passPercent": 79.89690721649485,
    "pendingPercent": 0.5128205128205128,
    "other": 0,
    "hasOther": false,
    "skipped": 0,
    "hasSkipped": false
  },
  "results": [
    {
      "uuid": "f9bf4d82-3fa0-47c6-b122-35f8d41eb854",
      "title": "",
      "fullFile": "",
      "file": "",
      "beforeHooks": [],
      "afterHooks": [],
      "tests": [],
      "suites": [
        {
          "uuid": "d862f84b-8517-428a-90c0-a5fe4af7c29f",
          "title": "Pending Evaluations",
          "fullFile": "/home/devops/invohub/resource-engagement/test/e2e/evaluation/spec_1_pendings.js",
          "file": "/test/e2e/evaluation/spec_1_pendings.js",
          "beforeHooks": [
            {
              "title": "\"before all\" hook in \"Pending Evaluations\"",
              "fullTitle": "Pending Evaluations \"before all\" hook in \"Pending Evaluations\"",
              "timedOut": false,
              "duration": 45360,
              "state": null,
              "speed": null,
              "pass": false,
              "fail": false,
              "pending": false,
              "context": null,
              "code": "await utilFun.login(email, password);\nconst url = await utilFun.getUrl();\nassert.equal(url, baseUrl + '/home');\nlet query =[\n    `UPDATE employee_evaluations SET \"incrementType\" = 'annual' WHERE id = 26;`,\n    `UPDATE employee_evaluations SET \"processType\" = NULL WHERE id = 26;`,\n    `UPDATE employee_evaluations SET \"reasonForDefer\" = NULL WHERE id = 26;`,\n    `UPDATE employee_evaluations SET \"processDate\" = NULL WHERE id = 26;`,\n    `UPDATE employee_evaluations SET \"feedback\" = NULL WHERE id = 26;`,\n  `DELETE FROM employee_evaluations WHERE \"employeeId\" = 9742 AND \"incrementType\" = 'designation';`,\n    ];\n    await utilFun.udpateDatabase(query);",
              "err": {},
              "uuid": "6da5f59f-8696-4ae4-9d5a-b2e1df4d298c",
              "parentUUID": "d862f84b-8517-428a-90c0-a5fe4af7c29f",
              "isHook": true,
              "skipped": false
            },
            {
              "title": "\"before each\" hook in \"Pending Evaluations\"",
              "fullTitle": "Pending Evaluations \"before each\" hook in \"Pending Evaluations\"",
              "timedOut": false,
              "duration": 3329,
              "state": null,
              "speed": null,
              "pass": false,
              "fail": false,
              "pending": false,
              "context": null,
              "code": "await utilFun.visit(baseUrl + '/evaluation');\nawait utilFun.wait(3000);",
              "err": {},
              "uuid": "fc29ef24-6745-4603-bc6a-b877ecd8065c",
              "parentUUID": "d862f84b-8517-428a-90c0-a5fe4af7c29f",
              "isHook": true,
              "skipped": false
            }
          ],
          "afterHooks": [],
          "tests": [
            {
              "title": "should check if pending evaluations are showing",
              "fullTitle": "Pending Evaluations should check if pending evaluations are showing",
              "timedOut": false,
              "duration": 40,
              "state": "passed",
              "speed": "medium",
              "pass": true,
              "fail": false,
              "pending": false,
              "context": null,
              "code": "let obj = await evaluation.getAllPendingResourses();\nassert(obj.length > 0, `No Evaluation Found`);",
              "err": {},
              "uuid": "3f3ef978-1b76-44e5-ae13-484aff46f019",
              "parentUUID": "d862f84b-8517-428a-90c0-a5fe4af7c29f",
              "isHook": false,
              "skipped": false
            },
            {
              "title": "should able to filter resoures by name",
              "fullTitle": "Pending Evaluations should able to filter resoures by name",
              "timedOut": false,
              "duration": 2298,
              "state": "passed",
              "speed": "slow",
              "pass": true,
              "fail": false,
              "pending": false,
              "context": null,
              "code": "await evaluation.clickFilterButton();\nawait evaluation.searchName('James Salinas');\nawait utilFun.wait(1000);\nconst name = await evaluation.getResourseName();\nutilFun.assertEql(name, 'James Salinas');",
              "err": {},
              "uuid": "1d074b5f-93d2-4447-9a71-558355c450dc",
              "parentUUID": "d862f84b-8517-428a-90c0-a5fe4af7c29f",
              "isHook": false,
              "skipped": false
            },
            {
              "title": "should able to filter resoures by Review Type",
              "fullTitle": "Pending Evaluations should able to filter resoures by Review Type",
              "timedOut": false,
              "duration": 1771,
              "state": "passed",
              "speed": "slow",
              "pass": true,
              "fail": false,
              "pending": false,
              "context": null,
              "code": "await evaluation.clickFilterButton();\nawait evaluation.selectReviewType('Annual');\nconst valuesCount = await evaluation.checkValues();\nutilFun.assertEql(valuesCount, 1);",
              "err": {},
              "uuid": "cf8014cc-4190-46d1-b982-0e6e89238eed",
              "parentUUID": "d862f84b-8517-428a-90c0-a5fe4af7c29f",
              "isHook": false,
              "skipped": false
            },
            {
              "title": "should able to filter resoures by Last Increment",
              "fullTitle": "Pending Evaluations should able to filter resoures by Last Increment",
              "timedOut": false,
              "duration": 1732,
              "state": "passed",
              "speed": "slow",
              "pass": true,
              "fail": false,
              "pending": false,
              "context": null,
              "code": "await evaluation.clickFilterButton();\nawait evaluation.selectLastIncrement('N/A');\nconst valuesCount = await evaluation.checkValues();\nutilFun.assertEql(valuesCount, 1);",
              "err": {},
              "uuid": "a514ace3-6645-4284-a608-5b5653cbae8c",
              "parentUUID": "d862f84b-8517-428a-90c0-a5fe4af7c29f",
              "isHook": false,
              "skipped": false
            },
            {
              "title": "should able to  copy email from options",
              "fullTitle": "Pending Evaluations should able to  copy email from options",
              "timedOut": false,
              "duration": 6502,
              "state": "passed",
              "speed": "slow",
              "pass": true,
              "fail": false,
              "pending": false,
              "context": null,
              "code": "await evaluation.clickFilterButton();\nawait evaluation.searchName('James Salinas');\nawait utilFun.wait(1000);\nconst name = await evaluation.getResourseName();\nutilFun.assertEql(name, 'James Salinas');\nawait evaluation.clickOptionBtn();\nawait utilFun.wait(1000);\nawait evaluation.selectOption('Copy Email');\nawait utilFun.wait(3000);\nconst alertText = await evaluation.checkAlert();\nutilFun.assertEql(alertText, 'Email address is copied');",
              "err": {},
              "uuid": "edf339d8-c6e4-49fd-a20d-da754a905b18",
              "parentUUID": "d862f84b-8517-428a-90c0-a5fe4af7c29f",
              "isHook": false,
              "skipped": false
            },
            {
              "title": "should able to Send Email from options",
              "fullTitle": "Pending Evaluations should able to Send Email from options",
              "timedOut": false,
              "duration": 11335,
              "state": "passed",
              "speed": "slow",
              "pass": true,
              "fail": false,
              "pending": false,
              "context": null,
              "code": "await evaluation.clickFilterButton();\nawait evaluation.searchName('James Salinas');\nawait utilFun.wait(1000);\nconst name = await evaluation.getResourseName();\nutilFun.assertEql(name, 'James Salinas');\nawait evaluation.clickOptionBtn();\nawait utilFun.wait(1000);\nawait evaluation.selectOption('Send Email');\nawait utilFun.wait(1000);\nawait utilFun.switchWindow(1);\nawait utilFun.wait(3000);\nconst url = await utilFun.getUrl();\nassert.equal(url, 'https://mail.google.com/mail/u/0/?fs=1&tf=cm&to=james@robot-mail.com');\nawait utilFun.closeCurrentTab();\nawait utilFun.switchWindow(0);",
              "err": {},
              "uuid": "60ac1652-248c-4d34-8f54-1f11c7e9f0c3",
              "parentUUID": "d862f84b-8517-428a-90c0-a5fe4af7c29f",
              "isHook": false,
              "skipped": false
            },
            {
              "title": "should able to Open Slack DM from options",
              "fullTitle": "Pending Evaluations should able to Open Slack DM from options",
              "timedOut": false,
              "duration": 7610,
              "state": "passed",
              "speed": "slow",
              "pass": true,
              "fail": false,
              "pending": false,
              "context": null,
              "code": "await evaluation.clickFilterButton();\nawait evaluation.searchName('James Salinas');\nawait utilFun.wait(1000);\nconst name = await evaluation.getResourseName();\nutilFun.assertEql(name, 'James Salinas');\nawait evaluation.clickOptionBtn();\nawait utilFun.wait(1000);\nawait evaluation.selectOption('Open Slack DM');\nawait utilFun.wait(1000);\nawait utilFun.switchWindow(1);\nawait utilFun.wait(3000);\nconst url = await utilFun.getUrl();\nassert.equal(url, 'https://invozone.slack.com/?redir=%2Fapp_redirect%3Fchannel%3Dundefined');\nawait utilFun.closeCurrentTab();\nawait utilFun.switchWindow(0);",
              "err": {},
              "uuid": "1230bc3b-d144-47a2-9639-fa9db8c1c13e",
              "parentUUID": "d862f84b-8517-428a-90c0-a5fe4af7c29f",
              "isHook": false,
              "skipped": false
            },
            {
              "title": "should able to see Email from options",
              "fullTitle": "Pending Evaluations should able to see Email from options",
              "timedOut": false,
              "duration": 6535,
              "state": "passed",
              "speed": "slow",
              "pass": true,
              "fail": false,
              "pending": false,
              "context": null,
              "code": "await evaluation.clickFilterButton();\nawait evaluation.searchName('James Salinas');\nawait utilFun.wait(1000);\nconst name = await evaluation.getResourseName();\nutilFun.assertEql(name, 'James Salinas');\nawait evaluation.clickOptionBtn();\nawait utilFun.wait(1000);\nawait evaluation.selectOption('See Email');\nawait utilFun.wait(3000);\nconst email = await evaluation.copyEmail();\nassert.equal(email, 'Email: james@robot-mail.com');",
              "err": {},
              "uuid": "17093a39-af4d-475f-9f33-77cfec33406d",
              "parentUUID": "d862f84b-8517-428a-90c0-a5fe4af7c29f",
              "isHook": false,
              "skipped": false
            },
            {
              "title": "should able to copy Phone Number from options",
              "fullTitle": "Pending Evaluations should able to copy Phone Number from options",
              "timedOut": false,
              "duration": 7049,
              "state": "passed",
              "speed": "slow",
              "pass": true,
              "fail": false,
              "pending": false,
              "context": null,
              "code": "await evaluation.clickFilterButton();\nawait evaluation.searchName('James Salinas');\nawait utilFun.wait(1000);\nconst name = await evaluation.getResourseName();\nutilFun.assertEql(name, 'James Salinas');\nawait evaluation.clickOptionBtn();\nawait utilFun.wait(1000);\nawait evaluation.selectOption('Phone Number');\nawait utilFun.wait(3000);\nawait evaluation.copyPhoneNumber();\nconst alertText = await evaluation.checkAlert();\nassert.equal(alertText, 'Phone# is copied successfully');",
              "err": {},
              "uuid": "45a9e523-b8dd-433e-8d1b-c33f22e16318",
              "parentUUID": "d862f84b-8517-428a-90c0-a5fe4af7c29f",
              "isHook": false,
              "skipped": false
            },
            {
              "title": "should able to see Resource Details from options",
              "fullTitle": "Pending Evaluations should able to see Resource Details from options",
              "timedOut": false,
              "duration": 4420,
              "state": "passed",
              "speed": "slow",
              "pass": true,
              "fail": false,
              "pending": false,
              "context": null,
              "code": "await evaluation.clickFilterButton();\nawait evaluation.searchName('James Salinas');\nawait utilFun.wait(1000);\nconst name = await evaluation.getResourseName();\nutilFun.assertEql(name, 'James Salinas');\nawait evaluation.clickResource();\nawait utilFun.wait(1000);\nawait utilFun.switchWindow(1);\nawait utilFun.wait(1000);\nconst url = await utilFun.getUrl();\nassert.equal(url, 'http://localhost:3000/resource-detail/9742?tab=Basic_Information');\nawait utilFun.closeCurrentTab();\nawait utilFun.switchWindow(0);",
              "err": {},
              "uuid": "c1f27f81-1f07-47f8-b226-a55019625a2d",
              "parentUUID": "d862f84b-8517-428a-90c0-a5fe4af7c29f",
              "isHook": false,
              "skipped": false
            },
            {
              "title": "should able to see employee history",
              "fullTitle": "Pending Evaluations should able to see employee history",
              "timedOut": false,
              "duration": 3420,
              "state": "passed",
              "speed": "slow",
              "pass": true,
              "fail": false,
              "pending": false,
              "context": null,
              "code": "await evaluation.clickFilterButton();\nawait evaluation.searchName('James Salinas');\nawait utilFun.wait(1000);\nconst name = await evaluation.getResourseName();\nutilFun.assertEql(name, 'James Salinas');\nawait evaluation.clickSeeFeedback();\nawait utilFun.wait(1000);\nconst title = await evaluation.checkTitle();\nutilFun.assertEql(title, 'Feedback History of James Salinas');\nawait evaluation.checkSelectedTab();",
              "err": {},
              "uuid": "aea07a9f-4d6b-4310-b180-eba12947df3d",
              "parentUUID": "d862f84b-8517-428a-90c0-a5fe4af7c29f",
              "isHook": false,
              "skipped": false
            },
            {
              "title": "should able to request a review",
              "fullTitle": "Pending Evaluations should able to request a review",
              "timedOut": false,
              "duration": 7427,
              "state": "passed",
              "speed": "slow",
              "pass": true,
              "fail": false,
              "pending": false,
              "context": null,
              "code": "await evaluation.clickFilterButton();\nawait evaluation.searchName('James Salinas');\nawait utilFun.wait(1000);\nconst name = await evaluation.getResourseName();\nutilFun.assertEql(name, 'James Salinas');\nawait evaluation.clickSeeFeedback();\nawait utilFun.wait(1000);\nawait evaluation.clickSubmittedReview();\nawait evaluation.clickReqReviewBtn();\nawait utilFun.wait(1000);\nawait evaluation.clickHod('Muhammad Bilal Rafaqat');\nawait evaluation.clickSendReqBtn();\nconst alertText = await evaluation.checkAlert();\nutilFun.assertEql(alertText, 'Request is send successfully.');",
              "err": {},
              "uuid": "89628e5b-e1d4-49cb-9ff0-d87a0ca488a6",
              "parentUUID": "d862f84b-8517-428a-90c0-a5fe4af7c29f",
              "isHook": false,
              "skipped": false
            },
            {
              "title": "should able to give a review",
              "fullTitle": "Pending Evaluations should able to give a review",
              "timedOut": false,
              "duration": 13027,
              "state": "passed",
              "speed": "slow",
              "pass": true,
              "fail": false,
              "pending": false,
              "context": null,
              "code": "const query = [\n  `UPDATE employees SET \"departmentId\" = 9 WHERE id = 9474;`,\n  `UPDATE employees SET \"designationId\" = 83 WHERE id = 9474;`,\n  `UPDATE employees SET \"designation\" = 'Head of Engineering' WHERE id = 9474;`,\n];\nawait utilFun.udpateDatabase(query);\nawait utilFun.refresh();\nawait evaluation.clickFilterButton();\nawait evaluation.searchName('James Salinas');\nawait utilFun.wait(1000);\nconst name = await evaluation.getResourseName();\nutilFun.assertEql(name, 'James Salinas');\nawait evaluation.clickSeeFeedback();\nawait utilFun.wait(1000);\nawait evaluation.clickSubmittedReview();\nawait utilFun.wait(1000);\nawait evaluation.clickAddFeedback();\n// await feedbackForm.enterDate('03092023');\nawait feedbackForm.selectFeedbackDuration('6 Months');\nawait feedbackForm.selectNextReviewType('Annual');\nawait feedbackForm.selectRevisedDesignation('Software Engineer');\nawait feedbackForm.selectRevisedDesignationCategory('Automation');\nawait feedbackForm.typeIncreament('200000');\nawait feedbackForm.typeDescription('testingggg');\nawait feedbackForm.clickSubmit();\nconst alertText = await evaluation.checkAlert();\nutilFun.assertEql(alertText, 'Increment status is updated successfully');",
              "err": {},
              "uuid": "41435623-929a-492c-b47b-daac891b33c2",
              "parentUUID": "d862f84b-8517-428a-90c0-a5fe4af7c29f",
              "isHook": false,
              "skipped": false
            },
            {
              "title": "should able to edit review form",
              "fullTitle": "Pending Evaluations should able to edit review form",
              "timedOut": false,
              "duration": 9931,
              "state": "passed",
              "speed": "slow",
              "pass": true,
              "fail": false,
              "pending": false,
              "context": null,
              "code": "await evaluation.clickFilterButton();\nawait evaluation.searchName('James Salinas');\nawait utilFun.wait(1000);\nconst name = await evaluation.getResourseName();\nutilFun.assertEql(name, 'James Salinas');\nawait evaluation.clickEditForm();\nawait utilFun.wait(1000);\n// await feedbackForm.enterDate('03102023');\nawait feedbackForm.selectFeedbackDuration('3 Months');\nawait feedbackForm.selectNextReviewType('Annual');\nawait feedbackForm.selectRevisedDesignation('Software Engineer');\nawait feedbackForm.typeIncreament('200000');\nawait feedbackForm.typeDescription('updated');\nawait feedbackForm.clickSubmit();\nconst alertText = await evaluation.checkAlert();\nutilFun.assertEql(alertText, 'Increment status is updated successfully');",
              "err": {},
              "uuid": "baf47a41-810a-4863-b209-9a34c7c5efd7",
              "parentUUID": "d862f84b-8517-428a-90c0-a5fe4af7c29f",
              "isHook": false,
              "skipped": false
            },
            {
              "title": "should able to defer review",
              "fullTitle": "Pending Evaluations should able to defer review",
              "timedOut": false,
              "duration": 7044,
              "state": "passed",
              "speed": "slow",
              "pass": true,
              "fail": false,
              "pending": false,
              "context": null,
              "code": "const query = [\n  `UPDATE employees SET \"designation\" = 'HR' WHERE id = 9474;`,\n  `UPDATE employees SET \"departmentId\" = 7 WHERE id = 9474;`,\n  `UPDATE employees SET \"designationId\" = 77 WHERE id = 9474;`,\n];\nawait utilFun.udpateDatabase(query);\nawait utilFun.refresh();\nawait evaluation.clickFilterButton();\nawait evaluation.searchName('James Salinas');\nawait utilFun.wait(1000);\nconst name = await evaluation.getResourseName();\nutilFun.assertEql(name, 'James Salinas');\nawait evaluation.clickDefer();\nawait evaluation.clickDeferType();\nawait utilFun.wait(1000);\nawait evaluation.selectDeferType('2 Weeks');\nawait evaluation.typeDeferReason('testing');\nawait evaluation.clickSubmitBtn();\nconst alertText = await evaluation.checkAlert();\nutilFun.assertEql(alertText, 'Increment status is updated successfully');",
              "err": {},
              "uuid": "333ed7b6-e6c4-4fbb-912e-99ab72cc20a7",
              "parentUUID": "d862f84b-8517-428a-90c0-a5fe4af7c29f",
              "isHook": false,
              "skipped": false
            },
            {
              "title": "should able to complete review",
              "fullTitle": "Pending Evaluations should able to complete review",
              "timedOut": false,
              "duration": 10546,
              "state": "passed",
              "speed": "slow",
              "pass": true,
              "fail": false,
              "pending": false,
              "context": null,
              "code": "const query = [\n  `UPDATE employees SET \"designation\" = 'HR' WHERE id = 9474;`,\n  `UPDATE employees SET \"departmentId\" = 7 WHERE id = 9474;`,\n  `UPDATE employees SET \"designationId\" = 77 WHERE id = 9474;`,\n  `UPDATE employee_evaluations SET \"processType\" = NULL WHERE id = 26;`,\n  `UPDATE employee_evaluations SET \"reasonForDefer\" = NULL WHERE id = 26;`,\n  `UPDATE employee_evaluations SET \"processDate\" = NULL WHERE id = 26;`,\n];\nawait utilFun.udpateDatabase(query);\nawait utilFun.refresh();\nawait evaluation.clickFilterButton();\nawait evaluation.searchName('James Salinas');\nawait utilFun.wait(1000);\nconst name = await evaluation.getResourseName();\nutilFun.assertEql(name, 'James Salinas');\nawait evaluation.clickComplete();\nawait feedbackForm.enterDate('03102023');\nawait feedbackForm.selectFeedbackDuration('3 Months');\nawait feedbackForm.selectNextReviewType('Annual');\nawait feedbackForm.selectRevisedDesignation('Software Engineer');\nawait feedbackForm.typeIncreament('200000');\nawait feedbackForm.clickSubmit();\nconst alertText = await evaluation.checkAlert();\nutilFun.assertEql(alertText, 'Increment status is updated successfully');",
              "err": {},
              "uuid": "c4255233-6ce8-4bf2-848e-d1e9c7c092ca",
              "parentUUID": "d862f84b-8517-428a-90c0-a5fe4af7c29f",
              "isHook": false,
              "skipped": false
            }
          ],
          "suites": [],
          "passes": [
            "3f3ef978-1b76-44e5-ae13-484aff46f019",
            "1d074b5f-93d2-4447-9a71-558355c450dc",
            "cf8014cc-4190-46d1-b982-0e6e89238eed",
            "a514ace3-6645-4284-a608-5b5653cbae8c",
            "edf339d8-c6e4-49fd-a20d-da754a905b18",
            "60ac1652-248c-4d34-8f54-1f11c7e9f0c3",
            "1230bc3b-d144-47a2-9639-fa9db8c1c13e",
            "17093a39-af4d-475f-9f33-77cfec33406d",
            "45a9e523-b8dd-433e-8d1b-c33f22e16318",
            "c1f27f81-1f07-47f8-b226-a55019625a2d",
            "aea07a9f-4d6b-4310-b180-eba12947df3d",
            "89628e5b-e1d4-49cb-9ff0-d87a0ca488a6",
            "41435623-929a-492c-b47b-daac891b33c2",
            "baf47a41-810a-4863-b209-9a34c7c5efd7",
            "333ed7b6-e6c4-4fbb-912e-99ab72cc20a7",
            "c4255233-6ce8-4bf2-848e-d1e9c7c092ca"
          ],
          "failures": [],
          "pending": [],
          "skipped": [],
          "duration": 100687,
          "root": false,
          "rootEmpty": false,
          "_timeout": 100000
        },
        {
          "uuid": "777083d3-fbe9-47b2-8edd-428269c93b28",
          "title": "Performance Base Evaluations",
          "fullFile": "/home/devops/invohub/resource-engagement/test/e2e/evaluation/spec_2_performance.js",
          "file": "/test/e2e/evaluation/spec_2_performance.js",
          "beforeHooks": [
            {
              "title": "\"before all\" hook in \"Performance Base Evaluations\"",
              "fullTitle": "Performance Base Evaluations \"before all\" hook in \"Performance Base Evaluations\"",
              "timedOut": false,
              "duration": 9451,
              "state": null,
              "speed": null,
              "pass": false,
              "fail": false,
              "pending": false,
              "context": null,
              "code": "await utilFun.loginAccount()\nconst url = await utilFun.getUrl();\nassert.equal(url, baseUrl + '/home');\nlet query = [\n  `UPDATE employee_evaluations SET \"incrementType\" = 'performance' WHERE id = 26;`,\n  `UPDATE employees SET \"designation\" = 'Software Engineer' WHERE id = 9474;`,\n  `UPDATE employees SET \"departmentId\" = 9 WHERE id = 9474;`,\n  `UPDATE employees SET \"designationId\" = 138 WHERE id = 9474;`,\n  `UPDATE employee_evaluations SET \"processType\" = NULL WHERE id = 26;`,\n  `UPDATE employee_evaluations SET \"reasonForDefer\" = NULL WHERE id = 26;`,\n  `UPDATE employee_evaluations SET \"processDate\" = NULL WHERE id = 26;`,\n  `UPDATE employee_evaluations SET \"feedback\" = NULL WHERE id = 26;`,\n];\nawait utilFun.udpateDatabase(query);",
              "err": {},
              "uuid": "d117cb4f-b30b-41a4-b728-1476bd08452d",
              "parentUUID": "777083d3-fbe9-47b2-8edd-428269c93b28",
              "isHook": true,
              "skipped": false
            },
            {
              "title": "\"before each\" hook in \"Performance Base Evaluations\"",
              "fullTitle": "Performance Base Evaluations \"before each\" hook in \"Performance Base Evaluations\"",
              "timedOut": false,
              "duration": 4474,
              "state": null,
              "speed": null,
              "pass": false,
              "fail": false,
              "pending": false,
              "context": null,
              "code": "await utilFun.visit(baseUrl + '/evaluation-performance');\nawait utilFun.wait(4000);",
              "err": {},
              "uuid": "b730a193-2ce4-42a7-b0cf-ccb8f8ad8ddb",
              "parentUUID": "777083d3-fbe9-47b2-8edd-428269c93b28",
              "isHook": true,
              "skipped": false
            }
          ],
          "afterHooks": [],
          "tests": [
            {
              "title": "should check if performance evaluations are showing",
              "fullTitle": "Performance Base Evaluations should check if performance evaluations are showing",
              "timedOut": false,
              "duration": 49,
              "state": "passed",
              "speed": "medium",
              "pass": true,
              "fail": false,
              "pending": false,
              "context": null,
              "code": "let obj = await evaluation.getAllPendingResourses();\nassert(obj.length > 0, `No Evaluation Found`);",
              "err": {},
              "uuid": "1fcce028-baa6-4ae0-8cb4-9669fa06dddf",
              "parentUUID": "777083d3-fbe9-47b2-8edd-428269c93b28",
              "isHook": false,
              "skipped": false
            },
            {
              "title": "should able to filter resoures by name",
              "fullTitle": "Performance Base Evaluations should able to filter resoures by name",
              "timedOut": false,
              "duration": 1824,
              "state": "passed",
              "speed": "slow",
              "pass": true,
              "fail": false,
              "pending": false,
              "context": null,
              "code": "await evaluation.clickFilterButton();\nawait evaluation.searchName('James Salinas');\nawait utilFun.wait(1000);\nconst name = await evaluation.getResourseName();\nutilFun.assertEql(name, 'James Salinas');",
              "err": {},
              "uuid": "c4dcef49-f09b-46cb-bb18-7161acba6f09",
              "parentUUID": "777083d3-fbe9-47b2-8edd-428269c93b28",
              "isHook": false,
              "skipped": false
            },
            {
              "title": "should able to filter resoures by Last Increment",
              "fullTitle": "Performance Base Evaluations should able to filter resoures by Last Increment",
              "timedOut": false,
              "duration": 1524,
              "state": "passed",
              "speed": "slow",
              "pass": true,
              "fail": false,
              "pending": false,
              "context": null,
              "code": "await evaluation.clickFilterButton();\nawait evaluation.selectLastIncrement('N/A');\nconst valuesCount = await evaluation.checkValues();\nutilFun.assertEql(valuesCount, 1);",
              "err": {},
              "uuid": "3b1b8d5c-40bb-4e4e-9f09-0e7509cc93d1",
              "parentUUID": "777083d3-fbe9-47b2-8edd-428269c93b28",
              "isHook": false,
              "skipped": false
            },
            {
              "title": "should able to  copy email from options",
              "fullTitle": "Performance Base Evaluations should able to  copy email from options",
              "timedOut": false,
              "duration": 3973,
              "state": "passed",
              "speed": "slow",
              "pass": true,
              "fail": false,
              "pending": false,
              "context": null,
              "code": "await evaluation.clickFilterButton();\nawait evaluation.searchName('James Salinas');\nawait utilFun.wait(1000);\nconst name = await evaluation.getResourseName();\nutilFun.assertEql(name, 'James Salinas');\nawait evaluation.clickOptionBtn();\nawait utilFun.wait(1000);\nawait evaluation.selectOption('Copy Email');\nconst alertText = await evaluation.checkAlert();\nutilFun.assertEql(alertText, 'Email address is copied');",
              "err": {},
              "uuid": "d0244e97-259c-4441-968d-a0de15e9a66d",
              "parentUUID": "777083d3-fbe9-47b2-8edd-428269c93b28",
              "isHook": false,
              "skipped": false
            },
            {
              "title": "should able to Send Email from options",
              "fullTitle": "Performance Base Evaluations should able to Send Email from options",
              "timedOut": false,
              "duration": 7544,
              "state": "passed",
              "speed": "slow",
              "pass": true,
              "fail": false,
              "pending": false,
              "context": null,
              "code": "await evaluation.clickFilterButton();\nawait evaluation.searchName('James Salinas');\nawait utilFun.wait(1000);\nconst name = await evaluation.getResourseName();\nutilFun.assertEql(name, 'James Salinas');\nawait evaluation.clickOptionBtn();\nawait utilFun.wait(1000);\nawait evaluation.selectOption('Send Email');\nawait utilFun.wait(1000);\nawait utilFun.switchWindow(1);\nawait utilFun.wait(3000);\nconst url = await utilFun.getUrl();\nassert.equal(url, 'https://mail.google.com/mail/u/0/?fs=1&tf=cm&to=james@robot-mail.com');\nawait utilFun.closeCurrentTab();\nawait utilFun.switchWindow(0);",
              "err": {},
              "uuid": "7bb8103a-0171-4ddd-9e55-b958ffeb25d8",
              "parentUUID": "777083d3-fbe9-47b2-8edd-428269c93b28",
              "isHook": false,
              "skipped": false
            },
            {
              "title": "should able to Open Slack DM from options",
              "fullTitle": "Performance Base Evaluations should able to Open Slack DM from options",
              "timedOut": false,
              "duration": 8447,
              "state": "passed",
              "speed": "slow",
              "pass": true,
              "fail": false,
              "pending": false,
              "context": null,
              "code": "await evaluation.clickFilterButton();\nawait evaluation.searchName('James Salinas');\nawait utilFun.wait(1000);\nconst name = await evaluation.getResourseName();\nutilFun.assertEql(name, 'James Salinas');\nawait evaluation.clickOptionBtn();\nawait utilFun.wait(1000);\nawait evaluation.selectOption('Open Slack DM');\nawait utilFun.wait(1000);\nawait utilFun.switchWindow(1);\nawait utilFun.wait(3000);\nconst url = await utilFun.getUrl();\nassert.equal(url, 'https://invozone.slack.com/?redir=%2Fapp_redirect%3Fchannel%3Dundefined');\nawait utilFun.closeCurrentTab();\nawait utilFun.switchWindow(0);",
              "err": {},
              "uuid": "42dfec0a-5948-4b3e-b4c5-7f77be3774fe",
              "parentUUID": "777083d3-fbe9-47b2-8edd-428269c93b28",
              "isHook": false,
              "skipped": false
            },
            {
              "title": "should able to see Email from options",
              "fullTitle": "Performance Base Evaluations should able to see Email from options",
              "timedOut": false,
              "duration": 7144,
              "state": "passed",
              "speed": "slow",
              "pass": true,
              "fail": false,
              "pending": false,
              "context": null,
              "code": "await evaluation.clickFilterButton();\nawait evaluation.searchName('James Salinas');\nawait utilFun.wait(1000);\nconst name = await evaluation.getResourseName();\nutilFun.assertEql(name, 'James Salinas');\nawait evaluation.clickOptionBtn();\nawait utilFun.wait(1000);\nawait evaluation.selectOption('See Email');\nawait utilFun.wait(4000);\nconst email = await evaluation.copyEmail();\nassert.equal(email, 'Email: james@robot-mail.com');",
              "err": {},
              "uuid": "1b0ddb9f-d3eb-42f0-a735-6f604cfbabf2",
              "parentUUID": "777083d3-fbe9-47b2-8edd-428269c93b28",
              "isHook": false,
              "skipped": false
            },
            {
              "title": "should able to copy Phone Number from options",
              "fullTitle": "Performance Base Evaluations should able to copy Phone Number from options",
              "timedOut": false,
              "duration": 6664,
              "state": "passed",
              "speed": "slow",
              "pass": true,
              "fail": false,
              "pending": false,
              "context": null,
              "code": "await evaluation.clickFilterButton();\nawait evaluation.searchName('James Salinas');\nawait utilFun.wait(1000);\nconst name = await evaluation.getResourseName();\nutilFun.assertEql(name, 'James Salinas');\nawait evaluation.clickOptionBtn();\nawait utilFun.wait(1000);\nawait evaluation.selectOption('Phone Number');\nawait utilFun.wait(3000);\nawait evaluation.copyPhoneNumber();\nconst alertText = await evaluation.checkAlert();\nassert.equal(alertText, 'Phone# is copied successfully');",
              "err": {},
              "uuid": "2bd31dc5-2886-4768-abf9-fb333faf0ec3",
              "parentUUID": "777083d3-fbe9-47b2-8edd-428269c93b28",
              "isHook": false,
              "skipped": false
            },
            {
              "title": "should able to see Resource Details from options",
              "fullTitle": "Performance Base Evaluations should able to see Resource Details from options",
              "timedOut": false,
              "duration": 4544,
              "state": "passed",
              "speed": "slow",
              "pass": true,
              "fail": false,
              "pending": false,
              "context": null,
              "code": "await evaluation.clickFilterButton();\nawait evaluation.searchName('James Salinas');\nawait utilFun.wait(1000);\nconst name = await evaluation.getResourseName();\nutilFun.assertEql(name, 'James Salinas');\nawait evaluation.clickResource();\nawait utilFun.wait(1000);\nawait utilFun.switchWindow(1);\nawait utilFun.wait(1000);\nconst url = await utilFun.getUrl();\nassert.equal(url, baseUrl + '/resource-detail/9742?tab=Basic_Information');\nawait utilFun.closeCurrentTab();\nawait utilFun.switchWindow(0);",
              "err": {},
              "uuid": "50b120a8-5b3b-4022-9a77-5152b6e9515e",
              "parentUUID": "777083d3-fbe9-47b2-8edd-428269c93b28",
              "isHook": false,
              "skipped": false
            },
            {
              "title": "should able to see employee history",
              "fullTitle": "Performance Base Evaluations should able to see employee history",
              "timedOut": false,
              "duration": 3153,
              "state": "passed",
              "speed": "slow",
              "pass": true,
              "fail": false,
              "pending": false,
              "context": null,
              "code": "await evaluation.clickFilterButton();\nawait evaluation.searchName('James Salinas');\nawait utilFun.wait(1000);\nconst name = await evaluation.getResourseName();\nutilFun.assertEql(name, 'James Salinas');\nawait evaluation.clickSeeFeedback();\nawait utilFun.wait(1000);\nconst title = await evaluation.checkTitle();\nutilFun.assertEql(title, 'Feedback History of James Salinas');\nawait evaluation.checkSelectedTab();",
              "err": {},
              "uuid": "ad09b2ee-2f8b-4095-8dd9-02c364a7211c",
              "parentUUID": "777083d3-fbe9-47b2-8edd-428269c93b28",
              "isHook": false,
              "skipped": false
            },
            {
              "title": "should able to request a review",
              "fullTitle": "Performance Base Evaluations should able to request a review",
              "timedOut": false,
              "duration": 7231,
              "state": "passed",
              "speed": "slow",
              "pass": true,
              "fail": false,
              "pending": false,
              "context": null,
              "code": "await evaluation.clickFilterButton();\nawait evaluation.searchName('James Salinas');\nawait utilFun.wait(1000);\nconst name = await evaluation.getResourseName();\nutilFun.assertEql(name, 'James Salinas');\nawait evaluation.clickSeeFeedback();4\nawait utilFun.wait(1000);\nawait evaluation.clickSubmittedReview();\nawait evaluation.clickReqReviewBtn();\nawait utilFun.wait(1000);\nawait evaluation.clickHod('Muhammad Bilal Rafaqat');\nawait evaluation.clickSendReqBtn();\nconst alertText = await evaluation.checkAlert();\nutilFun.assertEql(alertText, 'Request is send successfully.');",
              "err": {},
              "uuid": "b0ebda3b-fc96-40f7-823b-e7e5a0681466",
              "parentUUID": "777083d3-fbe9-47b2-8edd-428269c93b28",
              "isHook": false,
              "skipped": false
            },
            {
              "title": "should able to give a review",
              "fullTitle": "Performance Base Evaluations should able to give a review",
              "timedOut": false,
              "duration": 13076,
              "state": "passed",
              "speed": "slow",
              "pass": true,
              "fail": false,
              "pending": false,
              "context": null,
              "code": "const query = [\n  `UPDATE employees SET \"departmentId\" = 9 WHERE id = 9474;`,\n  `UPDATE employees SET \"designationId\" = 83 WHERE id = 9474;`,\n  `UPDATE employees SET \"designation\" = 'Head of Engineering' WHERE id = 9474;`,\n];\nawait utilFun.udpateDatabase(query);\nawait utilFun.refresh();\nawait evaluation.clickFilterButton();\nawait evaluation.searchName('James Salinas');\nawait utilFun.wait(1000);\nconst name = await evaluation.getResourseName();\nutilFun.assertEql(name, 'James Salinas');\nawait evaluation.clickSeeFeedback();\nawait utilFun.wait(1000);\nawait evaluation.clickSubmittedReview();\nawait utilFun.wait(1000);\nawait evaluation.clickAddFeedback();\nawait feedbackForm.enterDate('03092023');\nawait feedbackForm.selectFeedbackDuration('6 Months');\nawait feedbackForm.selectNextReviewType('Annual');\nawait feedbackForm.selectRevisedDesignation('Software Engineer');\nawait feedbackForm.typeIncreament('200000');\nawait feedbackForm.typeDescription('testingggg');\nawait feedbackForm.clickSubmit();\nconst alertText = await evaluation.checkAlert();\nutilFun.assertEql(alertText, 'Increment status is updated successfully');",
              "err": {},
              "uuid": "1c786a03-70af-4623-acb0-89e54f7665d4",
              "parentUUID": "777083d3-fbe9-47b2-8edd-428269c93b28",
              "isHook": false,
              "skipped": false
            },
            {
              "title": "should able to edit review form",
              "fullTitle": "Performance Base Evaluations should able to edit review form",
              "timedOut": false,
              "duration": 9869,
              "state": "passed",
              "speed": "slow",
              "pass": true,
              "fail": false,
              "pending": false,
              "context": null,
              "code": "await evaluation.clickFilterButton();\nawait evaluation.searchName('James Salinas');\nawait utilFun.wait(1000);\nconst name = await evaluation.getResourseName();\nutilFun.assertEql(name, 'James Salinas');\nawait evaluation.clickEditForm();\nawait utilFun.wait(1000);\nawait feedbackForm.enterDate('03102023');\nawait feedbackForm.selectFeedbackDuration('3 Months');\nawait feedbackForm.selectNextReviewType('Annual');\nawait feedbackForm.selectRevisedDesignation('Software Engineer');\nawait feedbackForm.typeIncreament('200000');\nawait feedbackForm.typeDescription('updated');\nawait feedbackForm.clickSubmit();\nconst alertText = await evaluation.checkAlert();\nutilFun.assertEql(alertText, 'Increment status is updated successfully');",
              "err": {},
              "uuid": "404cf3c9-62ce-4e57-8ea8-c8658cf42a35",
              "parentUUID": "777083d3-fbe9-47b2-8edd-428269c93b28",
              "isHook": false,
              "skipped": false
            },
            {
              "title": "should able to defer review",
              "fullTitle": "Performance Base Evaluations should able to defer review",
              "timedOut": false,
              "duration": 6784,
              "state": "passed",
              "speed": "slow",
              "pass": true,
              "fail": false,
              "pending": false,
              "context": null,
              "code": "const query = [\n  `UPDATE employees SET \"designation\" = 'HR' WHERE id = 9474;`,\n  `UPDATE employees SET \"departmentId\" = 7 WHERE id = 9474;`,\n  `UPDATE employees SET \"designationId\" = 77 WHERE id = 9474;`,\n];\nawait utilFun.udpateDatabase(query);\nawait utilFun.refresh();\nawait evaluation.clickFilterButton();\nawait evaluation.searchName('James Salinas');\nawait utilFun.wait(1000);\nconst name = await evaluation.getResourseName();\nutilFun.assertEql(name, 'James Salinas');\nawait evaluation.clickDefer();\nawait evaluation.clickDeferType();\nawait utilFun.wait(1000);\nawait evaluation.selectDeferType('2 Weeks');\nawait evaluation.typeDeferReason('testing');\nawait evaluation.clickSubmitBtn();\nconst alertText = await evaluation.checkAlert();\nutilFun.assertEql(alertText, 'Increment status is updated successfully');",
              "err": {},
              "uuid": "8d92c6e1-b2de-4e16-a5ed-6e6876fc7285",
              "parentUUID": "777083d3-fbe9-47b2-8edd-428269c93b28",
              "isHook": false,
              "skipped": false
            },
            {
              "title": "should able to complete review",
              "fullTitle": "Performance Base Evaluations should able to complete review",
              "timedOut": false,
              "duration": 10531,
              "state": "passed",
              "speed": "slow",
              "pass": true,
              "fail": false,
              "pending": false,
              "context": null,
              "code": "const query = [\n  `UPDATE employees SET \"designation\" = 'HR' WHERE id = 9474;`,\n  `UPDATE employees SET \"departmentId\" = 7 WHERE id = 9474;`,\n  `UPDATE employees SET \"designationId\" = 77 WHERE id = 9474;`,\n  `UPDATE employee_evaluations SET \"processType\" = NULL WHERE id = 26;`,\n  `UPDATE employee_evaluations SET \"reasonForDefer\" = NULL WHERE id = 26;`,\n  `UPDATE employee_evaluations SET \"processDate\" = NULL WHERE id = 26;`,\n];\nawait utilFun.udpateDatabase(query);\nawait utilFun.refresh();\nawait evaluation.clickFilterButton();\nawait evaluation.searchName('James Salinas');\nawait utilFun.wait(1000);\nconst name = await evaluation.getResourseName();\nutilFun.assertEql(name, 'James Salinas');\nawait evaluation.clickComplete();\nawait feedbackForm.enterDate('03102023');\nawait feedbackForm.selectFeedbackDuration('3 Months');\nawait feedbackForm.selectNextReviewType('Annual');\nawait feedbackForm.selectRevisedDesignation('Software Engineer');\nawait feedbackForm.typeIncreament('200000');\nawait feedbackForm.clickSubmit();\nconst alertText = await evaluation.checkAlert();\nutilFun.assertEql(alertText, 'Increment status is updated successfully');",
              "err": {},
              "uuid": "a09e2aec-6765-49ff-b882-a13866b8a189",
              "parentUUID": "777083d3-fbe9-47b2-8edd-428269c93b28",
              "isHook": false,
              "skipped": false
            }
          ],
          "suites": [],
          "passes": [
            "1fcce028-baa6-4ae0-8cb4-9669fa06dddf",
            "c4dcef49-f09b-46cb-bb18-7161acba6f09",
            "3b1b8d5c-40bb-4e4e-9f09-0e7509cc93d1",
            "d0244e97-259c-4441-968d-a0de15e9a66d",
            "7bb8103a-0171-4ddd-9e55-b958ffeb25d8",
            "42dfec0a-5948-4b3e-b4c5-7f77be3774fe",
            "1b0ddb9f-d3eb-42f0-a735-6f604cfbabf2",
            "2bd31dc5-2886-4768-abf9-fb333faf0ec3",
            "50b120a8-5b3b-4022-9a77-5152b6e9515e",
            "ad09b2ee-2f8b-4095-8dd9-02c364a7211c",
            "b0ebda3b-fc96-40f7-823b-e7e5a0681466",
            "1c786a03-70af-4623-acb0-89e54f7665d4",
            "404cf3c9-62ce-4e57-8ea8-c8658cf42a35",
            "8d92c6e1-b2de-4e16-a5ed-6e6876fc7285",
            "a09e2aec-6765-49ff-b882-a13866b8a189"
          ],
          "failures": [],
          "pending": [],
          "skipped": [],
          "duration": 92357,
          "root": false,
          "rootEmpty": false,
          "_timeout": 100000
        },
        {
          "uuid": "943dca29-96bc-4620-a404-cad8fcac641d",
          "title": "Retention Base Evaluations",
          "fullFile": "/home/devops/invohub/resource-engagement/test/e2e/evaluation/spec_3_retention.js",
          "file": "/test/e2e/evaluation/spec_3_retention.js",
          "beforeHooks": [
            {
              "title": "\"before all\" hook in \"Retention Base Evaluations\"",
              "fullTitle": "Retention Base Evaluations \"before all\" hook in \"Retention Base Evaluations\"",
              "timedOut": false,
              "duration": 9756,
              "state": null,
              "speed": null,
              "pass": false,
              "fail": false,
              "pending": false,
              "context": null,
              "code": "await utilFun.loginAccount()\nconst url = await utilFun.getUrl();\nassert.equal(url, baseUrl + '/home');\nlet query = [\n  `UPDATE employee_evaluations SET \"incrementType\" = 'retention' WHERE id = 26;`,\n  `UPDATE employees SET \"designation\" = 'Software Engineer' WHERE id = 9474;`,\n  `UPDATE employees SET \"departmentId\" = 9 WHERE id = 9474;`,\n  `UPDATE employees SET \"designationId\" = 138 WHERE id = 9474;`,\n  `UPDATE employee_evaluations SET \"processType\" = NULL WHERE id = 26;`,\n  `UPDATE employee_evaluations SET \"reasonForDefer\" = NULL WHERE id = 26;`,\n  `UPDATE employee_evaluations SET \"processDate\" = NULL WHERE id = 26;`,\n  `UPDATE employee_evaluations SET \"feedback\" = NULL WHERE id = 26;`,\n];\nawait utilFun.udpateDatabase(query);",
              "err": {},
              "uuid": "f82025b5-1f7a-414d-9040-6952dad96621",
              "parentUUID": "943dca29-96bc-4620-a404-cad8fcac641d",
              "isHook": true,
              "skipped": false
            },
            {
              "title": "\"before each\" hook in \"Retention Base Evaluations\"",
              "fullTitle": "Retention Base Evaluations \"before each\" hook in \"Retention Base Evaluations\"",
              "timedOut": false,
              "duration": 4486,
              "state": null,
              "speed": null,
              "pass": false,
              "fail": false,
              "pending": false,
              "context": null,
              "code": "await utilFun.visit(baseUrl + '/evaluation-retention');\nawait utilFun.wait(4000);",
              "err": {},
              "uuid": "bc31eea8-de5b-4eb9-a4ee-bc90160630a1",
              "parentUUID": "943dca29-96bc-4620-a404-cad8fcac641d",
              "isHook": true,
              "skipped": false
            }
          ],
          "afterHooks": [],
          "tests": [
            {
              "title": "should check if retention evaluations are showing",
              "fullTitle": "Retention Base Evaluations should check if retention evaluations are showing",
              "timedOut": false,
              "duration": 42,
              "state": "passed",
              "speed": "medium",
              "pass": true,
              "fail": false,
              "pending": false,
              "context": null,
              "code": "let obj = await evaluation.getAllPendingResourses();\nassert(obj.length > 0, `No Evaluation Found`);",
              "err": {},
              "uuid": "028bc75b-3dbc-4eb7-b72e-cdabc6579638",
              "parentUUID": "943dca29-96bc-4620-a404-cad8fcac641d",
              "isHook": false,
              "skipped": false
            },
            {
              "title": "should able to filter resoures by name",
              "fullTitle": "Retention Base Evaluations should able to filter resoures by name",
              "timedOut": false,
              "duration": 1958,
              "state": "passed",
              "speed": "slow",
              "pass": true,
              "fail": false,
              "pending": false,
              "context": null,
              "code": "await evaluation.clickFilterButton();\nawait evaluation.searchName('James Salinas');\nawait utilFun.wait(1000);\nconst name = await evaluation.getResourseName();\nutilFun.assertEql(name, 'James Salinas');",
              "err": {},
              "uuid": "904d3fa9-0e2e-4ca7-a046-29cec78657ec",
              "parentUUID": "943dca29-96bc-4620-a404-cad8fcac641d",
              "isHook": false,
              "skipped": false
            },
            {
              "title": "should able to filter resoures by Last Increment",
              "fullTitle": "Retention Base Evaluations should able to filter resoures by Last Increment",
              "timedOut": false,
              "duration": 1593,
              "state": "passed",
              "speed": "slow",
              "pass": true,
              "fail": false,
              "pending": false,
              "context": null,
              "code": "await evaluation.clickFilterButton();\nawait evaluation.selectLastIncrement('N/A');\nconst valuesCount = await evaluation.checkValues();\nutilFun.assertEql(valuesCount, 1);",
              "err": {},
              "uuid": "33712283-c66a-4d2b-bccd-1d5f5250a893",
              "parentUUID": "943dca29-96bc-4620-a404-cad8fcac641d",
              "isHook": false,
              "skipped": false
            },
            {
              "title": "should able to  copy email from options",
              "fullTitle": "Retention Base Evaluations should able to  copy email from options",
              "timedOut": false,
              "duration": 3994,
              "state": "passed",
              "speed": "slow",
              "pass": true,
              "fail": false,
              "pending": false,
              "context": null,
              "code": "await evaluation.clickFilterButton();\nawait evaluation.searchName('James Salinas');\nawait utilFun.wait(1000);\nconst name = await evaluation.getResourseName();\nutilFun.assertEql(name, 'James Salinas');\nawait evaluation.clickOptionBtn();\nawait utilFun.wait(1000);\nawait evaluation.selectOption('Copy Email');\nconst alertText = await evaluation.checkAlert();\nutilFun.assertEql(alertText, 'Email address is copied');",
              "err": {},
              "uuid": "1e245ff3-5a2e-4452-8f28-106f1f176f53",
              "parentUUID": "943dca29-96bc-4620-a404-cad8fcac641d",
              "isHook": false,
              "skipped": false
            },
            {
              "title": "should able to Send Email from options",
              "fullTitle": "Retention Base Evaluations should able to Send Email from options",
              "timedOut": false,
              "duration": 7686,
              "state": "passed",
              "speed": "slow",
              "pass": true,
              "fail": false,
              "pending": false,
              "context": null,
              "code": "await evaluation.clickFilterButton();\nawait evaluation.searchName('James Salinas');\nawait utilFun.wait(1000);\nconst name = await evaluation.getResourseName();\nutilFun.assertEql(name, 'James Salinas');\nawait evaluation.clickOptionBtn();\nawait utilFun.wait(1000);\nawait evaluation.selectOption('Send Email');\nawait utilFun.wait(1000);\nawait utilFun.switchWindow(1);\nawait utilFun.wait(3000);\nconst url = await utilFun.getUrl();\nassert.equal(url, 'https://mail.google.com/mail/u/0/?fs=1&tf=cm&to=james@robot-mail.com');\nawait utilFun.closeCurrentTab();\nawait utilFun.switchWindow(0);",
              "err": {},
              "uuid": "e2ef58b7-e96a-40e4-80e2-00451ab5a44c",
              "parentUUID": "943dca29-96bc-4620-a404-cad8fcac641d",
              "isHook": false,
              "skipped": false
            },
            {
              "title": "should able to Open Slack DM from options",
              "fullTitle": "Retention Base Evaluations should able to Open Slack DM from options",
              "timedOut": false,
              "duration": 7601,
              "state": "passed",
              "speed": "slow",
              "pass": true,
              "fail": false,
              "pending": false,
              "context": null,
              "code": "await evaluation.clickFilterButton();\nawait evaluation.searchName('James Salinas');\nawait utilFun.wait(1000);\nconst name = await evaluation.getResourseName();\nutilFun.assertEql(name, 'James Salinas');\nawait evaluation.clickOptionBtn();\nawait utilFun.wait(1000);\nawait evaluation.selectOption('Open Slack DM');\nawait utilFun.wait(1000);\nawait utilFun.switchWindow(1);\nawait utilFun.wait(3000);\nconst url = await utilFun.getUrl();\nassert.equal(url, 'https://invozone.slack.com/?redir=%2Fapp_redirect%3Fchannel%3Dundefined');\nawait utilFun.closeCurrentTab();\nawait utilFun.switchWindow(0);",
              "err": {},
              "uuid": "7176632c-5eb2-4a3e-8150-0e31dd6ac112",
              "parentUUID": "943dca29-96bc-4620-a404-cad8fcac641d",
              "isHook": false,
              "skipped": false
            },
            {
              "title": "should able to see Email from options",
              "fullTitle": "Retention Base Evaluations should able to see Email from options",
              "timedOut": false,
              "duration": 7273,
              "state": "passed",
              "speed": "slow",
              "pass": true,
              "fail": false,
              "pending": false,
              "context": null,
              "code": "await evaluation.clickFilterButton();\nawait evaluation.searchName('James Salinas');\nawait utilFun.wait(1000);\nconst name = await evaluation.getResourseName();\nutilFun.assertEql(name, 'James Salinas');\nawait evaluation.clickOptionBtn();\nawait utilFun.wait(1000);\nawait evaluation.selectOption('See Email');\nawait utilFun.wait(4000);\nconst email = await evaluation.copyEmail();\nassert.equal(email, 'Email: james@robot-mail.com');",
              "err": {},
              "uuid": "79054a02-68bc-4ccd-8dc6-5fb5c039fb63",
              "parentUUID": "943dca29-96bc-4620-a404-cad8fcac641d",
              "isHook": false,
              "skipped": false
            },
            {
              "title": "should able to copy Phone Number from options",
              "fullTitle": "Retention Base Evaluations should able to copy Phone Number from options",
              "timedOut": false,
              "duration": 6902,
              "state": "passed",
              "speed": "slow",
              "pass": true,
              "fail": false,
              "pending": false,
              "context": null,
              "code": "await evaluation.clickFilterButton();\nawait evaluation.searchName('James Salinas');\nawait utilFun.wait(1000);\nconst name = await evaluation.getResourseName();\nutilFun.assertEql(name, 'James Salinas');\nawait evaluation.clickOptionBtn();\nawait utilFun.wait(1000);\nawait evaluation.selectOption('Phone Number');\nawait utilFun.wait(3000);\nawait evaluation.copyPhoneNumber();\nconst alertText = await evaluation.checkAlert();\nassert.equal(alertText, 'Phone# is copied successfully');",
              "err": {},
              "uuid": "52510506-be8f-4ba0-bc6a-eed9fe43a1a6",
              "parentUUID": "943dca29-96bc-4620-a404-cad8fcac641d",
              "isHook": false,
              "skipped": false
            },
            {
              "title": "should able to see Resource Details from options",
              "fullTitle": "Retention Base Evaluations should able to see Resource Details from options",
              "timedOut": false,
              "duration": 4285,
              "state": "passed",
              "speed": "slow",
              "pass": true,
              "fail": false,
              "pending": false,
              "context": null,
              "code": "await evaluation.clickFilterButton();\nawait evaluation.searchName('James Salinas');\nawait utilFun.wait(1000);\nconst name = await evaluation.getResourseName();\nutilFun.assertEql(name, 'James Salinas');\nawait evaluation.clickResource();\nawait utilFun.wait(1000);\nawait utilFun.switchWindow(1);\nawait utilFun.wait(1000);\nconst url = await utilFun.getUrl();\nassert.equal(url, baseUrl + '/resource-detail/9742?tab=Basic_Information');\nawait utilFun.closeCurrentTab();\nawait utilFun.switchWindow(0);",
              "err": {},
              "uuid": "ab257060-51a0-4e27-991e-898f2bcd2e10",
              "parentUUID": "943dca29-96bc-4620-a404-cad8fcac641d",
              "isHook": false,
              "skipped": false
            },
            {
              "title": "should able to see employee history",
              "fullTitle": "Retention Base Evaluations should able to see employee history",
              "timedOut": false,
              "duration": 3119,
              "state": "passed",
              "speed": "slow",
              "pass": true,
              "fail": false,
              "pending": false,
              "context": null,
              "code": "await evaluation.clickFilterButton();\nawait evaluation.searchName('James Salinas');\nawait utilFun.wait(1000);\nconst name = await evaluation.getResourseName();\nutilFun.assertEql(name, 'James Salinas');\nawait evaluation.clickSeeFeedback();\nawait utilFun.wait(1000);\nconst title = await evaluation.checkTitle();\nutilFun.assertEql(title, 'Feedback History of James Salinas');\nawait evaluation.checkSelectedTab();",
              "err": {},
              "uuid": "1ca7e85d-0b59-44ad-9b31-71a6ba8af551",
              "parentUUID": "943dca29-96bc-4620-a404-cad8fcac641d",
              "isHook": false,
              "skipped": false
            },
            {
              "title": "should able to request a review",
              "fullTitle": "Retention Base Evaluations should able to request a review",
              "timedOut": false,
              "duration": 7282,
              "state": "passed",
              "speed": "slow",
              "pass": true,
              "fail": false,
              "pending": false,
              "context": null,
              "code": "await evaluation.clickFilterButton();\nawait evaluation.searchName('James Salinas');\nawait utilFun.wait(1000);\nconst name = await evaluation.getResourseName();\nutilFun.assertEql(name, 'James Salinas');\nawait evaluation.clickSeeFeedback();\nawait utilFun.wait(1000);\nawait evaluation.clickSubmittedReview();\nawait evaluation.clickReqReviewBtn();\nawait utilFun.wait(1000);\nawait evaluation.clickHod('Muhammad Bilal Rafaqat');\nawait evaluation.clickSendReqBtn();\nconst alertText = await evaluation.checkAlert();\nutilFun.assertEql(alertText, 'Request is send successfully.');",
              "err": {},
              "uuid": "4f74ce61-71d7-4644-8db4-92109207d1a5",
              "parentUUID": "943dca29-96bc-4620-a404-cad8fcac641d",
              "isHook": false,
              "skipped": false
            },
            {
              "title": "should able to give a review",
              "fullTitle": "Retention Base Evaluations should able to give a review",
              "timedOut": false,
              "duration": 12566,
              "state": "passed",
              "speed": "slow",
              "pass": true,
              "fail": false,
              "pending": false,
              "context": null,
              "code": "const query = [\n  `UPDATE employees SET \"departmentId\" = 9 WHERE id = 9474;`,\n  `UPDATE employees SET \"designationId\" = 83 WHERE id = 9474;`,\n  `UPDATE employees SET \"designation\" = 'Head of Engineering' WHERE id = 9474;`,\n];\nawait utilFun.udpateDatabase(query);\nawait utilFun.refresh();\nawait evaluation.clickFilterButton();\nawait evaluation.searchName('James Salinas');\nawait utilFun.wait(1000);\nconst name = await evaluation.getResourseName();\nutilFun.assertEql(name, 'James Salinas');\nawait evaluation.clickSeeFeedback();\nawait utilFun.wait(1000);\nawait evaluation.clickSubmittedReview();\nawait utilFun.wait(1000);\nawait evaluation.clickAddFeedback();\n// await feedbackForm.enterDate('03092023');\nawait feedbackForm.selectFeedbackDuration('6 Months');\nawait feedbackForm.selectNextReviewType('Annual');\nawait feedbackForm.selectRevisedDesignation('Software Engineer');\nawait feedbackForm.typeIncreament('200000');\nawait feedbackForm.typeDescription('testingggg');\nawait feedbackForm.clickSubmit();\nconst alertText = await evaluation.checkAlert();\nutilFun.assertEql(alertText, 'Increment status is updated successfully');",
              "err": {},
              "uuid": "8d2f9e9e-e55f-460b-a3d7-6ea4c1c1a47d",
              "parentUUID": "943dca29-96bc-4620-a404-cad8fcac641d",
              "isHook": false,
              "skipped": false
            },
            {
              "title": "should able to edit review form",
              "fullTitle": "Retention Base Evaluations should able to edit review form",
              "timedOut": false,
              "duration": 9018,
              "state": "passed",
              "speed": "slow",
              "pass": true,
              "fail": false,
              "pending": false,
              "context": null,
              "code": "await evaluation.clickFilterButton();\nawait evaluation.searchName('James Salinas');\nawait utilFun.wait(1000);\nconst name = await evaluation.getResourseName();\nutilFun.assertEql(name, 'James Salinas');\nawait evaluation.clickEditForm();\nawait utilFun.wait(1000);\n// await feedbackForm.enterDate('03102023');\nawait feedbackForm.selectFeedbackDuration('3 Months');\nawait feedbackForm.selectNextReviewType('Annual');\nawait feedbackForm.selectRevisedDesignation('Software Engineer');\nawait feedbackForm.typeIncreament('200000');\nawait feedbackForm.typeDescription('updated');\nawait feedbackForm.clickSubmit();\nconst alertText = await evaluation.checkAlert();\nutilFun.assertEql(alertText, 'Increment status is updated successfully');",
              "err": {},
              "uuid": "21afe1c1-be6d-47a7-b04a-8e78bdb2aa7e",
              "parentUUID": "943dca29-96bc-4620-a404-cad8fcac641d",
              "isHook": false,
              "skipped": false
            },
            {
              "title": "should able to defer review",
              "fullTitle": "Retention Base Evaluations should able to defer review",
              "timedOut": false,
              "duration": 6944,
              "state": "passed",
              "speed": "slow",
              "pass": true,
              "fail": false,
              "pending": false,
              "context": null,
              "code": "const query = [\n  `UPDATE employees SET \"designation\" = 'HR' WHERE id = 9474;`,\n  `UPDATE employees SET \"departmentId\" = 7 WHERE id = 9474;`,\n  `UPDATE employees SET \"designationId\" = 77 WHERE id = 9474;`,\n];\nawait utilFun.udpateDatabase(query);\nawait utilFun.refresh();\nawait evaluation.clickFilterButton();\nawait evaluation.searchName('James Salinas');\nawait utilFun.wait(1000);\nconst name = await evaluation.getResourseName();\nutilFun.assertEql(name, 'James Salinas');\nawait evaluation.clickDefer();\nawait evaluation.clickDeferType();\nawait utilFun.wait(1000);\nawait evaluation.selectDeferType('2 Weeks');\nawait evaluation.typeDeferReason('testing');\nawait evaluation.clickSubmitBtn();\nconst alertText = await evaluation.checkAlert();\nutilFun.assertEql(alertText, 'Increment status is updated successfully');",
              "err": {},
              "uuid": "66b2a18f-d9b1-441e-a5b2-36703fa7c0df",
              "parentUUID": "943dca29-96bc-4620-a404-cad8fcac641d",
              "isHook": false,
              "skipped": false
            },
            {
              "title": "should able to complete review",
              "fullTitle": "Retention Base Evaluations should able to complete review",
              "timedOut": false,
              "duration": 10070,
              "state": "passed",
              "speed": "slow",
              "pass": true,
              "fail": false,
              "pending": false,
              "context": null,
              "code": "const query = [\n  `UPDATE employees SET \"designation\" = 'HR' WHERE id = 9474;`,\n  `UPDATE employees SET \"departmentId\" = 7 WHERE id = 9474;`,\n  `UPDATE employees SET \"designationId\" = 77 WHERE id = 9474;`,\n  `UPDATE employee_evaluations SET \"processType\" = NULL WHERE id = 26;`,\n  `UPDATE employee_evaluations SET \"reasonForDefer\" = NULL WHERE id = 26;`,\n  `UPDATE employee_evaluations SET \"processDate\" = NULL WHERE id = 26;`,\n];\nawait utilFun.udpateDatabase(query);\nawait utilFun.refresh();\nawait evaluation.clickFilterButton();\nawait evaluation.searchName('James Salinas');\nawait utilFun.wait(1000);\nconst name = await evaluation.getResourseName();\nutilFun.assertEql(name, 'James Salinas');\nawait evaluation.clickComplete();\nawait feedbackForm.enterDate('03102023');\nawait feedbackForm.selectFeedbackDuration('3 Months');\nawait feedbackForm.selectNextReviewType('Annual');\nawait feedbackForm.selectRevisedDesignation('Software Engineer');\nawait feedbackForm.typeIncreament('200000');\nawait feedbackForm.clickSubmit();\nconst alertText = await evaluation.checkAlert();\nutilFun.assertEql(alertText, 'Increment status is updated successfully');",
              "err": {},
              "uuid": "92b17d51-9c88-483f-a63a-7bdf8ba97100",
              "parentUUID": "943dca29-96bc-4620-a404-cad8fcac641d",
              "isHook": false,
              "skipped": false
            }
          ],
          "suites": [],
          "passes": [
            "028bc75b-3dbc-4eb7-b72e-cdabc6579638",
            "904d3fa9-0e2e-4ca7-a046-29cec78657ec",
            "33712283-c66a-4d2b-bccd-1d5f5250a893",
            "1e245ff3-5a2e-4452-8f28-106f1f176f53",
            "e2ef58b7-e96a-40e4-80e2-00451ab5a44c",
            "7176632c-5eb2-4a3e-8150-0e31dd6ac112",
            "79054a02-68bc-4ccd-8dc6-5fb5c039fb63",
            "52510506-be8f-4ba0-bc6a-eed9fe43a1a6",
            "ab257060-51a0-4e27-991e-898f2bcd2e10",
            "1ca7e85d-0b59-44ad-9b31-71a6ba8af551",
            "4f74ce61-71d7-4644-8db4-92109207d1a5",
            "8d2f9e9e-e55f-460b-a3d7-6ea4c1c1a47d",
            "21afe1c1-be6d-47a7-b04a-8e78bdb2aa7e",
            "66b2a18f-d9b1-441e-a5b2-36703fa7c0df",
            "92b17d51-9c88-483f-a63a-7bdf8ba97100"
          ],
          "failures": [],
          "pending": [],
          "skipped": [],
          "duration": 90333,
          "root": false,
          "rootEmpty": false,
          "_timeout": 100000
        },
        {
          "uuid": "77530470-04b6-4239-a24b-e2fa087c33bb",
          "title": "Evaluations History",
          "fullFile": "/home/devops/invohub/resource-engagement/test/e2e/evaluation/spec_4_history.js",
          "file": "/test/e2e/evaluation/spec_4_history.js",
          "beforeHooks": [
            {
              "title": "\"before all\" hook in \"Evaluations History\"",
              "fullTitle": "Evaluations History \"before all\" hook in \"Evaluations History\"",
              "timedOut": false,
              "duration": 9281,
              "state": null,
              "speed": null,
              "pass": false,
              "fail": false,
              "pending": false,
              "context": null,
              "code": "await utilFun.loginAccount()\nconst url = await utilFun.getUrl();\nassert.equal(url, baseUrl + '/home');\nlet query = [\n  `UPDATE employee_evaluations SET \"processType\" = 'COMPLETE' WHERE id = 26;`,\n  `DELETE FROM employee_evaluations WHERE \"employeeId\" = 9742 AND \"incrementType\" = 'designation';`,\n  `UPDATE employee_evaluations SET \"processDate\" = '2023-03-28 17:32:33.501+05' WHERE id = 26;`,\n];\nawait utilFun.udpateDatabase(query);",
              "err": {},
              "uuid": "607ea10f-f42e-4913-8aae-65485b9b5635",
              "parentUUID": "77530470-04b6-4239-a24b-e2fa087c33bb",
              "isHook": true,
              "skipped": false
            },
            {
              "title": "\"before each\" hook in \"Evaluations History\"",
              "fullTitle": "Evaluations History \"before each\" hook in \"Evaluations History\"",
              "timedOut": false,
              "duration": 4373,
              "state": null,
              "speed": null,
              "pass": false,
              "fail": false,
              "pending": false,
              "context": null,
              "code": "await utilFun.visit(baseUrl + '/evaluation-history');\nawait utilFun.wait(4000);",
              "err": {},
              "uuid": "6a722dff-f630-4706-bc0e-c784faf6d709",
              "parentUUID": "77530470-04b6-4239-a24b-e2fa087c33bb",
              "isHook": true,
              "skipped": false
            }
          ],
          "afterHooks": [],
          "tests": [
            {
              "title": "should check if evaluations history is showing",
              "fullTitle": "Evaluations History should check if evaluations history is showing",
              "timedOut": false,
              "duration": 45,
              "state": "passed",
              "speed": "medium",
              "pass": true,
              "fail": false,
              "pending": false,
              "context": null,
              "code": "let obj = await evaluation.getAllPendingResourses();\nassert(obj.length > 0, `No Evaluation Found`);",
              "err": {},
              "uuid": "80ebc5f4-1dc9-43cd-b5eb-6d03e1e5f6f7",
              "parentUUID": "77530470-04b6-4239-a24b-e2fa087c33bb",
              "isHook": false,
              "skipped": false
            },
            {
              "title": "should able to filter resoures by name",
              "fullTitle": "Evaluations History should able to filter resoures by name",
              "timedOut": false,
              "duration": 2251,
              "state": "passed",
              "speed": "slow",
              "pass": true,
              "fail": false,
              "pending": false,
              "context": null,
              "code": "await evaluation.clickFilterButton();\nawait evaluation.searchName('James Salinas');\nawait utilFun.wait(1000);\nconst name = await evaluation.getResourseName();\nutilFun.assertEql(name, 'James Salinas');",
              "err": {},
              "uuid": "d5512f56-ba0a-4492-980e-12a71c0cc128",
              "parentUUID": "77530470-04b6-4239-a24b-e2fa087c33bb",
              "isHook": false,
              "skipped": false
            },
            {
              "title": "should able to check review is completed",
              "fullTitle": "Evaluations History should able to check review is completed",
              "timedOut": false,
              "duration": 2089,
              "state": "passed",
              "speed": "slow",
              "pass": true,
              "fail": false,
              "pending": false,
              "context": null,
              "code": "await evaluation.clickFilterButton();\nawait evaluation.searchName('James Salinas');\nawait utilFun.wait(1000);\nconst name = await evaluation.checkProcessState()\nutilFun.assertEql(name, 'Complete');",
              "err": {},
              "uuid": "097ecc9d-41e6-4100-8ce3-2155031c4f45",
              "parentUUID": "77530470-04b6-4239-a24b-e2fa087c33bb",
              "isHook": false,
              "skipped": false
            },
            {
              "title": "should able to filter resoures by Review Type",
              "fullTitle": "Evaluations History should able to filter resoures by Review Type",
              "timedOut": false,
              "duration": 1744,
              "state": "passed",
              "speed": "slow",
              "pass": true,
              "fail": false,
              "pending": false,
              "context": null,
              "code": "await evaluation.clickFilterButton();\nawait evaluation.selectReviewType('Annual');\nconst valuesCount = await evaluation.checkValues();\nutilFun.assertEql(valuesCount, 1);",
              "err": {},
              "uuid": "bac96aa6-f249-4fa9-9309-8d94b66c1d74",
              "parentUUID": "77530470-04b6-4239-a24b-e2fa087c33bb",
              "isHook": false,
              "skipped": false
            },
            {
              "title": "should able to filter resoures by Last Increment",
              "fullTitle": "Evaluations History should able to filter resoures by Last Increment",
              "timedOut": false,
              "duration": 1681,
              "state": "passed",
              "speed": "slow",
              "pass": true,
              "fail": false,
              "pending": false,
              "context": null,
              "code": "await evaluation.clickFilterButton();\nawait evaluation.selectLastIncrement('N/A');\nconst valuesCount = await evaluation.checkValues();\nutilFun.assertEql(valuesCount, 1);",
              "err": {},
              "uuid": "a7b3bf6b-414b-45c9-9a7a-7ec0db60d37b",
              "parentUUID": "77530470-04b6-4239-a24b-e2fa087c33bb",
              "isHook": false,
              "skipped": false
            },
            {
              "title": "should able to  copy email from options",
              "fullTitle": "Evaluations History should able to  copy email from options",
              "timedOut": false,
              "duration": 4253,
              "state": "passed",
              "speed": "slow",
              "pass": true,
              "fail": false,
              "pending": false,
              "context": null,
              "code": "await evaluation.clickFilterButton();\nawait evaluation.searchName('James Salinas');\nawait utilFun.wait(1000);\nconst name = await evaluation.getResourseName();\nutilFun.assertEql(name, 'James Salinas');\nawait evaluation.clickOptionBtn();\nawait utilFun.wait(1000);\nawait evaluation.selectOption('Copy Email');\nconst alertText = await evaluation.checkAlert();\nutilFun.assertEql(alertText, 'Email address is copied');",
              "err": {},
              "uuid": "b8362161-72dd-417d-b30c-08d34411d029",
              "parentUUID": "77530470-04b6-4239-a24b-e2fa087c33bb",
              "isHook": false,
              "skipped": false
            },
            {
              "title": "should able to Send Email from options",
              "fullTitle": "Evaluations History should able to Send Email from options",
              "timedOut": false,
              "duration": 7570,
              "state": "passed",
              "speed": "slow",
              "pass": true,
              "fail": false,
              "pending": false,
              "context": null,
              "code": "await evaluation.clickFilterButton();\nawait evaluation.searchName('James Salinas');\nawait utilFun.wait(1000);\nconst name = await evaluation.getResourseName();\nutilFun.assertEql(name, 'James Salinas');\nawait evaluation.clickOptionBtn();\nawait utilFun.wait(1000);\nawait evaluation.selectOption('Send Email');\nawait utilFun.wait(1000);\nawait utilFun.switchWindow(1);\nawait utilFun.wait(3000);\nconst url = await utilFun.getUrl();\nassert.equal(url, 'https://mail.google.com/mail/u/0/?fs=1&tf=cm&to=james@robot-mail.com');\nawait utilFun.closeCurrentTab();\nawait utilFun.switchWindow(0);",
              "err": {},
              "uuid": "cf817698-9d83-432d-a918-6a99ee1aa4c1",
              "parentUUID": "77530470-04b6-4239-a24b-e2fa087c33bb",
              "isHook": false,
              "skipped": false
            },
            {
              "title": "should able to Open Slack DM from options",
              "fullTitle": "Evaluations History should able to Open Slack DM from options",
              "timedOut": false,
              "duration": 7988,
              "state": "passed",
              "speed": "slow",
              "pass": true,
              "fail": false,
              "pending": false,
              "context": null,
              "code": "await evaluation.clickFilterButton();\nawait evaluation.searchName('James Salinas');\nawait utilFun.wait(1000);\nconst name = await evaluation.getResourseName();\nutilFun.assertEql(name, 'James Salinas');\nawait evaluation.clickOptionBtn();\nawait utilFun.wait(1000);\nawait evaluation.selectOption('Open Slack DM');\nawait utilFun.wait(1000);\nawait utilFun.switchWindow(1);\nawait utilFun.wait(3000);\nconst url = await utilFun.getUrl();\nassert.equal(url, 'https://invozone.slack.com/?redir=%2Fapp_redirect%3Fchannel%3Dundefined');\nawait utilFun.closeCurrentTab();\nawait utilFun.switchWindow(0);",
              "err": {},
              "uuid": "16be8b09-3dc9-468e-afd5-857829a295de",
              "parentUUID": "77530470-04b6-4239-a24b-e2fa087c33bb",
              "isHook": false,
              "skipped": false
            },
            {
              "title": "should able to see Email from options",
              "fullTitle": "Evaluations History should able to see Email from options",
              "timedOut": false,
              "duration": 7420,
              "state": "passed",
              "speed": "slow",
              "pass": true,
              "fail": false,
              "pending": false,
              "context": null,
              "code": "await evaluation.clickFilterButton();\nawait evaluation.searchName('James Salinas');\nawait utilFun.wait(1000);\nconst name = await evaluation.getResourseName();\nutilFun.assertEql(name, 'James Salinas');\nawait evaluation.clickOptionBtn();\nawait utilFun.wait(1000);\nawait evaluation.selectOption('See Email');\nawait utilFun.wait(4000);\nconst email = await evaluation.copyEmail();\nassert.equal(email, 'Email: james@robot-mail.com');",
              "err": {},
              "uuid": "1e74ba00-9c0c-4cff-b5c3-27f22ea5e843",
              "parentUUID": "77530470-04b6-4239-a24b-e2fa087c33bb",
              "isHook": false,
              "skipped": false
            },
            {
              "title": "should able to copy Phone Number from options",
              "fullTitle": "Evaluations History should able to copy Phone Number from options",
              "timedOut": false,
              "duration": 7230,
[...]
              "err": {},
              "uuid": "fd36eaf1-158e-4ccf-929f-e933a45c8a40",
              "parentUUID": "3adf0314-f90e-469e-b672-449c1b574e01",
              "isHook": false,
              "skipped": false
            },
            {
              "title": "Should verify if resource offBoarding is showning or not",
              "fullTitle": "Resource Offboarding Should verify if resource offBoarding is showning or not",
              "timedOut": false,
              "duration": 3556,
              "state": "passed",
              "speed": "slow",
              "pass": true,
              "fail": false,
              "pending": false,
              "context": null,
              "code": "await utilFun.visit(baseUrl + '/resource-offboardings');\nawait utilFun.waitForPageLoad()\nawait resources.clickFilterBtn()\nawait resources.searchName('Steve')\nconst names = await resources.getResourceNameTag();\nassert.ok(names.includes('Steve'), `Expected text not found.`);\nconst row = await resourceOffBoarding.getRowText();\nassert.ok(row.includes('Resignation'), `Expected text not found.`);",
              "err": {},
              "uuid": "910a48ee-7b5b-4750-bf30-5757e1b3a0cc",
              "parentUUID": "3adf0314-f90e-469e-b672-449c1b574e01",
              "isHook": false,
              "skipped": false
            },
            {
              "title": "should able to OffBoard Resource by Resignation Pending Discussion",
              "fullTitle": "Resource Offboarding should able to OffBoard Resource by Resignation Pending Discussion",
              "timedOut": false,
              "duration": 9641,
              "state": "passed",
              "speed": "slow",
              "pass": true,
              "fail": false,
              "pending": false,
              "context": null,
              "code": "let resourceId = await utilFun.getFromDatabase(`SELECT id FROM employees WHERE \"email\" = 'steve@email.com';`)\nif(resourceId.rowCount !== 0){\nlet query = [\n  `DELETE FROM \"boarding_requests\" WHERE \"employeeId\" = ${resourceId.rows[0].id};`,\n  `UPDATE employees SET \"noticeDate\" = NULL WHERE id = ${resourceId.rows[0].id};`,\n  `UPDATE employees SET \"noticeEndDate\" = NULL WHERE id = ${resourceId.rows[0].id};`,\n  `UPDATE employees SET \"jobStatus\" = 'Permanent' WHERE id = ${resourceId.rows[0].id};`,\n  `UPDATE employees SET \"reasonForDeactivation\" = NULL WHERE id = ${resourceId.rows[0].id};`,\n];\nawait utilFun.udpateDatabase(query);\n}\nawait utilFun.visit(baseUrl + '/resources');\nawait utilFun.waitForPageLoad()\nawait resources.clickFilterBtn()\nawait resources.searchName('Steve')\nconst names = await resources.getResourceNameTag();\nassert.ok(names.includes('Steve'), `Expected text not found.`);\nawait resourceOffBoarding.clickOptionBtn();\nawait resourceOffBoarding.selectOption('Offboard Resource');\nawait resourceOffBoarding.clickOkBtn()\nawait resourceOffBoarding.selectOffBoardingStatus('Resignation')\nawait resourceOffBoarding.setEffectiveDate('13112023')\nawait resourceOffBoarding.clickOkBtn()\nconst alertText = await utilFun.checkAlert();\nassert.equal(alertText, 'Resource job status is updated and email has been sent to PM & HOD!!');",
              "err": {},
              "uuid": "cfbbd415-5781-462d-9451-cfec248b9546",
              "parentUUID": "3adf0314-f90e-469e-b672-449c1b574e01",
              "isHook": false,
              "skipped": false
            },
            {
              "title": "Should verify if resource offBoarding is showning or not",
              "fullTitle": "Resource Offboarding Should verify if resource offBoarding is showning or not",
              "timedOut": false,
              "duration": 3744,
              "state": "passed",
              "speed": "slow",
              "pass": true,
              "fail": false,
              "pending": false,
              "context": null,
              "code": "await utilFun.visit(baseUrl + '/resource-offboardings');\nawait utilFun.waitForPageLoad()\nawait resources.clickFilterBtn()\nawait resources.searchName('Steve')\nconst names = await resources.getResourceNameTag();\nassert.ok(names.includes('Steve'), `Expected text not found.`);\nconst row = await resourceOffBoarding.getRowText();\nassert.ok(row.includes('Resignation'), `Expected text not found.`);",
              "err": {},
              "uuid": "d7f42ea8-dc57-4754-bdd8-bcf19932d15e",
              "parentUUID": "3adf0314-f90e-469e-b672-449c1b574e01",
              "isHook": false,
              "skipped": false
            },
            {
              "title": "Should able to approve Pending resource offBoarding",
              "fullTitle": "Resource Offboarding Should able to approve Pending resource offBoarding",
              "timedOut": false,
              "duration": 5394,
              "state": "passed",
              "speed": "slow",
              "pass": true,
              "fail": false,
              "pending": false,
              "context": null,
              "code": "await utilFun.visit(baseUrl + '/upcoming-offboardings');\nawait utilFun.waitForPageLoad()\nawait resources.clickFilterBtn()\nawait resources.searchName('Steve')\nconst names = await resources.getResourceNameTag();\nassert.ok(names.includes('Steve'), `Expected text not found.`);\nconst row = await resourceOffBoarding.getRowText();\nassert.ok(row.includes('Resignation'), `Expected text not found.`);\nawait resourceOffBoarding.selectOffBoardingResponse('Approved')\nawait resourceOffBoarding.setLastDate('14122023')\nawait resourceOffBoarding.clickUpdateBtn()\nconst alertText = await utilFun.checkAlert();\nassert.equal(alertText, 'Resignation request has been approved succesfully!');\nawait resourceOffBoarding.confirmApproveStatus()",
              "err": {},
              "uuid": "b397a5b2-ced9-471a-bdfd-ede9230ac419",
              "parentUUID": "3adf0314-f90e-469e-b672-449c1b574e01",
              "isHook": false,
              "skipped": false
            },
            {
              "title": "Should able to Reject Pending resource offBoarding",
              "fullTitle": "Resource Offboarding Should able to Reject Pending resource offBoarding",
              "timedOut": false,
              "duration": 4996,
              "state": "passed",
              "speed": "slow",
              "pass": true,
              "fail": false,
              "pending": false,
              "context": null,
              "code": "let resourceId = await utilFun.getFromDatabase(`SELECT id FROM employees WHERE \"email\" = 'steve@email.com';`)\nif(resourceId.rowCount !== 0){\nlet query = [\n  `UPDATE boarding_requests SET \"status\" = 'PENDING' WHERE \"employeeId\" = ${resourceId.rows[0].id};`,\n  `UPDATE boarding_requests SET \"noticeEndDate\" = NULL WHERE \"employeeId\" = ${resourceId.rows[0].id};`,\n  `UPDATE boarding_requests SET \"deletedAt\" = NULL WHERE \"employeeId\" = ${resourceId.rows[0].id};`,\n  `UPDATE employees SET \"noticeEndDate\" = NULL WHERE id = ${resourceId.rows[0].id};`,\n  `UPDATE employees SET \"reasonForDeactivation\" = NULL WHERE id = ${resourceId.rows[0].id};`,\n];\nawait utilFun.udpateDatabase(query);\n}\nawait utilFun.visit(baseUrl + '/upcoming-offboardings');\nawait utilFun.waitForPageLoad()\nawait resources.clickFilterBtn()\nawait resources.searchName('Steve')\nconst names = await resources.getResourceNameTag();\nassert.ok(names.includes('Steve'), `Expected text not found.`);\nconst row = await resourceOffBoarding.getRowText();\nassert.ok(row.includes('Resignation'), `Expected text not found.`);\nawait resourceOffBoarding.selectOffBoardingResponse('Rejected')\nawait resourceOffBoarding.enterReason('testing')\nawait resourceOffBoarding.clickUpdateBtn()\nconst alertText = await utilFun.checkAlert();\nassert.equal(alertText, 'Resignation request has been rejected succesfully!');\nawait resourceOffBoarding.confirmRejectStatus()",
              "err": {},
              "uuid": "3ed5fa60-2e7c-446d-8360-e37feb8a5880",
              "parentUUID": "3adf0314-f90e-469e-b672-449c1b574e01",
              "isHook": false,
              "skipped": false
            },
            {
              "title": "should able to OffBoard Resource by Termination",
              "fullTitle": "Resource Offboarding should able to OffBoard Resource by Termination",
              "timedOut": false,
              "duration": 10063,
              "state": "passed",
              "speed": "slow",
              "pass": true,
              "fail": false,
              "pending": false,
              "context": null,
              "code": "let resourceId = await utilFun.getFromDatabase(`SELECT id FROM employees WHERE \"email\" = 'steve@email.com';`)\nif(resourceId.rowCount !== 0){\nlet query = [\n  `DELETE FROM \"boarding_requests\" WHERE \"employeeId\" = ${resourceId.rows[0].id};`,\n  `UPDATE employees SET \"noticeDate\" = NULL WHERE id = ${resourceId.rows[0].id};`,\n  `UPDATE employees SET \"noticeEndDate\" = NULL WHERE id = ${resourceId.rows[0].id};`,\n  `UPDATE employees SET \"jobStatus\" = 'Permanent' WHERE id = ${resourceId.rows[0].id};`,\n  `UPDATE employees SET \"reasonForDeactivation\" = NULL WHERE id = ${resourceId.rows[0].id};`,\n];\nawait utilFun.udpateDatabase(query);\n}\nawait utilFun.visit(baseUrl + '/resources');\nawait utilFun.waitForPageLoad()\nawait resources.clickFilterBtn()\nawait resources.searchName('Steve')\nconst names = await resources.getResourceNameTag();\nassert.ok(names.includes('Steve'), `Expected text not found.`);\nawait resourceOffBoarding.clickOptionBtn();\nawait resourceOffBoarding.selectOption('Offboard Resource');\nawait resourceOffBoarding.clickOkBtn()\nawait resourceOffBoarding.selectOffBoardingStatus('Termination')\nawait resourceOffBoarding.enterReason('testing')\nawait resourceOffBoarding.setEffectiveDate('13112023')\nawait resourceOffBoarding.setConntractEndDate('14122023')\nawait resourceOffBoarding.clickOkBtn()\nconst alertText = await utilFun.checkAlert();\nassert.equal(alertText, 'Termination request has been approved succesfully!');",
              "err": {},
              "uuid": "11e7b305-2ba7-4ed7-a605-7d9c43b9caa7",
              "parentUUID": "3adf0314-f90e-469e-b672-449c1b574e01",
              "isHook": false,
              "skipped": false
            },
            {
              "title": "Should verify if resource offBoarding is showning or not",
              "fullTitle": "Resource Offboarding Should verify if resource offBoarding is showning or not",
              "timedOut": false,
              "duration": 3827,
              "state": "passed",
              "speed": "slow",
              "pass": true,
              "fail": false,
              "pending": false,
              "context": null,
              "code": "await utilFun.visit(baseUrl + '/resource-offboardings');\nawait utilFun.waitForPageLoad()\nawait resources.clickFilterBtn()\nawait resources.searchName('Steve')\nconst names = await resources.getResourceNameTag();\nassert.ok(names.includes('Steve'), `Expected text not found.`);\nconst row = await resourceOffBoarding.getRowText();\nassert.ok(row.includes('Termination'), `Expected text not found.`);\nawait resourceOffBoarding.confirmApproveStatus()",
              "err": {},
              "uuid": "6c232f20-3f6d-4c53-9809-a4fe9e82346e",
              "parentUUID": "3adf0314-f90e-469e-b672-449c1b574e01",
              "isHook": false,
              "skipped": false
            },
            {
              "title": "Should verify if resource upcoming offBoarding is showning or not",
              "fullTitle": "Resource Offboarding Should verify if resource upcoming offBoarding is showning or not",
              "timedOut": false,
              "duration": 3417,
              "state": "passed",
              "speed": "slow",
              "pass": true,
              "fail": false,
              "pending": false,
              "context": null,
              "code": "await utilFun.visit(baseUrl + '/upcoming-offboardings');\nawait utilFun.waitForPageLoad()\nawait resources.clickFilterBtn()\nawait resources.searchName('Steve')\nconst names = await resources.getResourceNameTag();\nassert.ok(names.includes('Steve'), `Expected text not found.`);\nconst row = await resourceOffBoarding.getRowText();\nassert.ok(row.includes('Termination'), `Expected text not found.`);\nawait resourceOffBoarding.confirmApproveStatus()",
              "err": {},
              "uuid": "6a04e176-14d3-4735-8a0b-557fe8917dba",
              "parentUUID": "3adf0314-f90e-469e-b672-449c1b574e01",
              "isHook": false,
              "skipped": false
            },
            {
              "title": "should able to OffBoard Resource by End of Service",
              "fullTitle": "Resource Offboarding should able to OffBoard Resource by End of Service",
              "timedOut": false,
              "duration": 10195,
              "state": "passed",
              "speed": "slow",
              "pass": true,
              "fail": false,
              "pending": false,
              "context": null,
              "code": "let resourceId = await utilFun.getFromDatabase(`SELECT id FROM employees WHERE \"email\" = 'steve@email.com';`)\nif(resourceId.rowCount !== 0){\nlet query = [\n  `DELETE FROM \"boarding_requests\" WHERE \"employeeId\" = ${resourceId.rows[0].id};`,\n  `UPDATE employees SET \"noticeDate\" = NULL WHERE id = ${resourceId.rows[0].id};`,\n  `UPDATE employees SET \"noticeEndDate\" = NULL WHERE id = ${resourceId.rows[0].id};`,\n  `UPDATE employees SET \"jobStatus\" = 'Permanent' WHERE id = ${resourceId.rows[0].id};`,\n  `UPDATE employees SET \"reasonForDeactivation\" = NULL WHERE id = ${resourceId.rows[0].id};`,\n];\nawait utilFun.udpateDatabase(query);\n}\nawait utilFun.visit(baseUrl + '/resources');\nawait utilFun.waitForPageLoad()\nawait resources.clickFilterBtn()\nawait resources.searchName('Steve')\nconst names = await resources.getResourceNameTag();\nassert.ok(names.includes('Steve'), `Expected text not found.`);\nawait resourceOffBoarding.clickOptionBtn();\nawait resourceOffBoarding.selectOption('Offboard Resource');\nawait resourceOffBoarding.clickOkBtn()\nawait resourceOffBoarding.selectOffBoardingStatus('End of Service')\nawait resourceOffBoarding.enterReason('testing')\nawait resourceOffBoarding.setEffectiveDate('13112023')\nawait resourceOffBoarding.setConntractEndDate('14122023')\nawait resourceOffBoarding.clickOkBtn()\nconst alertText = await utilFun.checkAlert();\nassert.equal(alertText, 'End of Service request has been approved succesfully!');",
              "err": {},
              "uuid": "965c14b9-2e04-406c-b8ce-5d33a55da9f8",
              "parentUUID": "3adf0314-f90e-469e-b672-449c1b574e01",
              "isHook": false,
              "skipped": false
            },
            {
              "title": "Should verify if resource offBoarding is showning or not",
              "fullTitle": "Resource Offboarding Should verify if resource offBoarding is showning or not",
              "timedOut": false,
              "duration": 3532,
              "state": "passed",
              "speed": "slow",
              "pass": true,
              "fail": false,
              "pending": false,
              "context": null,
              "code": "await utilFun.visit(baseUrl + '/resource-offboardings');\nawait utilFun.waitForPageLoad()\nawait resources.clickFilterBtn()\nawait resources.searchName('Steve')\nconst names = await resources.getResourceNameTag();\nassert.ok(names.includes('Steve'), `Expected text not found.`);\nconst row = await resourceOffBoarding.getRowText();\nassert.ok(row.includes('End of Service'), `Expected text not found.`);\nawait resourceOffBoarding.confirmApproveStatus()",
              "err": {},
              "uuid": "fe1e247e-20b1-4507-8f71-23dcad331359",
              "parentUUID": "3adf0314-f90e-469e-b672-449c1b574e01",
              "isHook": false,
              "skipped": false
            },
            {
              "title": "Should verify if resource upcoming offBoarding is showning or not",
              "fullTitle": "Resource Offboarding Should verify if resource upcoming offBoarding is showning or not",
              "timedOut": false,
              "duration": 3413,
              "state": "passed",
              "speed": "slow",
              "pass": true,
              "fail": false,
              "pending": false,
              "context": null,
              "code": "await utilFun.visit(baseUrl + '/upcoming-offboardings');\nawait utilFun.waitForPageLoad()\nawait resources.clickFilterBtn()\nawait resources.searchName('Steve')\nconst names = await resources.getResourceNameTag();\nassert.ok(names.includes('Steve'), `Expected text not found.`);\nconst row = await resourceOffBoarding.getRowText();\nassert.ok(row.includes('End of Service'), `Expected text not found.`);\nawait resourceOffBoarding.confirmApproveStatus()",
              "err": {},
              "uuid": "b2a64abe-4cd4-4246-bf09-a1fc28bb04d2",
              "parentUUID": "3adf0314-f90e-469e-b672-449c1b574e01",
              "isHook": false,
              "skipped": false
            }
          ],
          "suites": [],
          "passes": [
            "fd36eaf1-158e-4ccf-929f-e933a45c8a40",
            "910a48ee-7b5b-4750-bf30-5757e1b3a0cc",
            "cfbbd415-5781-462d-9451-cfec248b9546",
            "d7f42ea8-dc57-4754-bdd8-bcf19932d15e",
            "b397a5b2-ced9-471a-bdfd-ede9230ac419",
            "3ed5fa60-2e7c-446d-8360-e37feb8a5880",
            "11e7b305-2ba7-4ed7-a605-7d9c43b9caa7",
            "6c232f20-3f6d-4c53-9809-a4fe9e82346e",
            "6a04e176-14d3-4735-8a0b-557fe8917dba",
            "965c14b9-2e04-406c-b8ce-5d33a55da9f8",
            "fe1e247e-20b1-4507-8f71-23dcad331359",
            "b2a64abe-4cd4-4246-bf09-a1fc28bb04d2"
          ],
          "failures": [],
          "pending": [],
          "skipped": [],
          "duration": 71909,
          "root": false,
          "rootEmpty": false,
          "_timeout": 100000
        }
      ],
      "passes": [],
      "failures": [],
      "pending": [],
      "skipped": [],
      "duration": 0,
      "root": true,
      "rootEmpty": true,
      "_timeout": 100000
    }
  ],
  "meta": {
    "mocha": {
      "version": "10.2.0"
    },
    "mochawesome": {
      "options": {
        "quiet": false,
        "reportFilename": "mochawesome",
        "saveHtml": true,
        "saveJson": true,
        "consoleReporter": "spec",
        "useInlineDiffs": false,
        "code": true
      },
      "version": "7.1.3"
    },
    "marge": {
      "options": {
        "reportDir": "test/report"
      },
      "version": "6.2.0"
    }
  }
}