{
  "stats": {
    "suites": 4,
    "tests": 60,
    "passes": 60,
    "pending": 0,
    "failures": 0,
    "start": "2024-03-25T04:01:18.322Z",
    "end": "2024-03-25T04:13:19.942Z",
    "duration": 721620,
    "testsRegistered": 60,
    "passPercent": 100,
    "pendingPercent": 0,
    "other": 0,
    "hasOther": false,
    "skipped": 0,
    "hasSkipped": false
  },
  "results": [
    {
      "uuid": "1606f2a5-e72f-4445-9336-e1655454c672",
      "title": "",
      "fullFile": "",
      "file": "",
      "beforeHooks": [],
      "afterHooks": [],
      "tests": [],
      "suites": [
        {
          "uuid": "a63a9669-0887-418d-bd28-a84c8d5914d6",
          "title": "Pending Evaluations",
          "fullFile": "/home/devops/invohub/resource-engagement/test/e2e/1-Evaluation/spec_1_pendings.js",
          "file": "/test/e2e/1-Evaluation/spec_1_pendings.js",
          "beforeHooks": [
            {
              "title": "\"before all\" hook in \"Pending Evaluations\"",
              "fullTitle": "Pending Evaluations \"before all\" hook in \"Pending Evaluations\"",
              "timedOut": false,
              "duration": 80121,
              "state": null,
              "speed": null,
              "pass": false,
              "fail": false,
              "pending": false,
              "context": null,
              "code": "let query = [\n  `UPDATE departments SET \"hodId\" = 9474 WHERE id = 9;`,\n  `UPDATE employees SET \"email\" = 'bilal.rafaqat@invozone.de' WHERE id = 9429;`,\n  `UPDATE employees SET \"email\" = 'bilal.rafaqat@invozone.dev' WHERE id = 9474;`,\n];\nawait utilFun.udpateDatabase(query);\nawait utilFun.login(email, password);\nconst url = await utilFun.getUrl();\nassert.equal(url, baseUrl + '/home');\nlet query1 =[\n    `UPDATE employee_evaluations SET \"incrementType\" = 'annual' WHERE id = 26;`,\n    `UPDATE employee_evaluations SET \"processType\" = NULL WHERE id = 26;`,\n    `UPDATE employee_evaluations SET \"reasonForDefer\" = NULL WHERE id = 26;`,\n    `UPDATE employee_evaluations SET \"processDate\" = NULL WHERE id = 26;`,\n    `UPDATE employee_evaluations SET \"feedback\" = NULL WHERE id = 26;`,\n    `DELETE FROM employee_evaluations WHERE \"employeeId\" = 9742 AND \"incrementType\" = 'designation';`,\n    ];\n    await utilFun.udpateDatabase(query1);",
              "err": {},
              "uuid": "d94615a9-813c-445f-85ab-0d672dac8e59",
              "parentUUID": "a63a9669-0887-418d-bd28-a84c8d5914d6",
              "isHook": true,
              "skipped": false
            },
            {
              "title": "\"before each\" hook in \"Pending Evaluations\"",
              "fullTitle": "Pending Evaluations \"before each\" hook in \"Pending Evaluations\"",
              "timedOut": false,
              "duration": 3402,
              "state": null,
              "speed": null,
              "pass": false,
              "fail": false,
              "pending": false,
              "context": null,
              "code": "await utilFun.visit(baseUrl + '/evaluation');\nawait utilFun.wait(3000);",
              "err": {},
              "uuid": "ec6f917f-700b-49ab-b8b7-028706270efe",
              "parentUUID": "a63a9669-0887-418d-bd28-a84c8d5914d6",
              "isHook": true,
              "skipped": false
            }
          ],
          "afterHooks": [],
          "tests": [
            {
              "title": "should check if pending evaluations are showing",
              "fullTitle": "Pending Evaluations should check if pending evaluations are showing",
              "timedOut": false,
              "duration": 60,
              "state": "passed",
              "speed": "medium",
              "pass": true,
              "fail": false,
              "pending": false,
              "context": null,
              "code": "let obj = await evaluation.getAllPendingResourses();\nassert(obj.length > 0, `No Evaluation Found`);",
              "err": {},
              "uuid": "a9542c7f-f9f7-4632-8180-056fc6897f4f",
              "parentUUID": "a63a9669-0887-418d-bd28-a84c8d5914d6",
              "isHook": false,
              "skipped": false
            },
            {
              "title": "should able to filter resoures by name",
              "fullTitle": "Pending Evaluations should able to filter resoures by name",
              "timedOut": false,
              "duration": 3706,
              "state": "passed",
              "speed": "slow",
              "pass": true,
              "fail": false,
              "pending": false,
              "context": null,
              "code": "await evaluation.clickFilterButton();\nawait evaluation.searchName('James Salinas');\nawait utilFun.wait(1000);\nconst name = await evaluation.getResourseName();\nutilFun.assertEql(name, 'James Salinas');",
              "err": {},
              "uuid": "8de2bdf5-9413-4b52-bc11-23f0fed443f5",
              "parentUUID": "a63a9669-0887-418d-bd28-a84c8d5914d6",
              "isHook": false,
              "skipped": false
            },
            {
              "title": "should able to filter resoures by Review Type",
              "fullTitle": "Pending Evaluations should able to filter resoures by Review Type",
              "timedOut": false,
              "duration": 3304,
              "state": "passed",
              "speed": "slow",
              "pass": true,
              "fail": false,
              "pending": false,
              "context": null,
              "code": "await evaluation.clickFilterButton();\nawait evaluation.selectReviewType('Annual');\nconst valuesCount = await evaluation.checkValues();\nutilFun.assertEql(valuesCount, 1);",
              "err": {},
              "uuid": "6b67efdb-986b-410d-ab84-65165dcb4e04",
              "parentUUID": "a63a9669-0887-418d-bd28-a84c8d5914d6",
              "isHook": false,
              "skipped": false
            },
            {
              "title": "should able to filter resoures by Last Increment",
              "fullTitle": "Pending Evaluations should able to filter resoures by Last Increment",
              "timedOut": false,
              "duration": 1957,
              "state": "passed",
              "speed": "slow",
              "pass": true,
              "fail": false,
              "pending": false,
              "context": null,
              "code": "await evaluation.clickFilterButton();\nawait evaluation.selectLastIncrement('N/A');\nconst valuesCount = await evaluation.checkValues();\nutilFun.assertEql(valuesCount, 1);",
              "err": {},
              "uuid": "0bb4f727-a8d5-4d1b-9fc4-b70b89970595",
              "parentUUID": "a63a9669-0887-418d-bd28-a84c8d5914d6",
              "isHook": false,
              "skipped": false
            },
            {
              "title": "should able to  copy email from options",
              "fullTitle": "Pending Evaluations should able to  copy email from options",
              "timedOut": false,
              "duration": 7094,
              "state": "passed",
              "speed": "slow",
              "pass": true,
              "fail": false,
              "pending": false,
              "context": null,
              "code": "await evaluation.clickFilterButton();\nawait evaluation.searchName('James Salinas');\nawait utilFun.wait(1000);\nconst name = await evaluation.getResourseName();\nutilFun.assertEql(name, 'James Salinas');\nawait evaluation.clickOptionBtn();\nawait utilFun.wait(1000);\nawait evaluation.selectOption('Copy Email');\nawait utilFun.wait(3000);\nconst alertText = await evaluation.checkAlert();\nutilFun.assertEql(alertText, 'Email address is copied');",
              "err": {},
              "uuid": "5087e370-5a3b-48fa-8c44-096f7834b9ff",
              "parentUUID": "a63a9669-0887-418d-bd28-a84c8d5914d6",
              "isHook": false,
              "skipped": false
            },
            {
              "title": "should able to Send Email from options",
              "fullTitle": "Pending Evaluations should able to Send Email from options",
              "timedOut": false,
              "duration": 10311,
              "state": "passed",
              "speed": "slow",
              "pass": true,
              "fail": false,
              "pending": false,
              "context": null,
              "code": "await evaluation.clickFilterButton();\nawait evaluation.searchName('James Salinas');\nawait utilFun.wait(1000);\nconst name = await evaluation.getResourseName();\nutilFun.assertEql(name, 'James Salinas');\nawait evaluation.clickOptionBtn();\nawait utilFun.wait(1000);\nawait evaluation.selectOption('Send Email');\nawait utilFun.wait(1000);\nawait utilFun.switchWindow(1);\nawait utilFun.wait(3000);\nconst url = await utilFun.getUrl();\nassert.equal(url, 'https://mail.google.com/mail/u/0/?fs=1&tf=cm&to=james@robot-mail.com');\nawait utilFun.closeCurrentTab();\nawait utilFun.switchWindow(0);",
              "err": {},
              "uuid": "871ee30e-279c-4ef8-a218-9e5f6c42679b",
              "parentUUID": "a63a9669-0887-418d-bd28-a84c8d5914d6",
              "isHook": false,
              "skipped": false
            },
            {
              "title": "should able to Open Slack DM from options",
              "fullTitle": "Pending Evaluations should able to Open Slack DM from options",
              "timedOut": false,
              "duration": 7590,
              "state": "passed",
              "speed": "slow",
              "pass": true,
              "fail": false,
              "pending": false,
              "context": null,
              "code": "await evaluation.clickFilterButton();\nawait evaluation.searchName('James Salinas');\nawait utilFun.wait(1000);\nconst name = await evaluation.getResourseName();\nutilFun.assertEql(name, 'James Salinas');\nawait evaluation.clickOptionBtn();\nawait utilFun.wait(1000);\nawait evaluation.selectOption('Open Slack DM');\nawait utilFun.wait(1000);\nawait utilFun.switchWindow(1);\nawait utilFun.wait(3000);\nconst url = await utilFun.getUrl();\nassert.equal(url, 'https://invozone.slack.com/?redir=%2Fapp_redirect%3Fchannel%3Dundefined');\nawait utilFun.closeCurrentTab();\nawait utilFun.switchWindow(0);",
              "err": {},
              "uuid": "bb74b6ef-2094-47b9-9684-3828986e7bc0",
              "parentUUID": "a63a9669-0887-418d-bd28-a84c8d5914d6",
              "isHook": false,
              "skipped": false
            },
            {
              "title": "should able to see Email from options",
              "fullTitle": "Pending Evaluations should able to see Email from options",
              "timedOut": false,
              "duration": 6656,
              "state": "passed",
              "speed": "slow",
              "pass": true,
              "fail": false,
              "pending": false,
              "context": null,
              "code": "await evaluation.clickFilterButton();\nawait evaluation.searchName('James Salinas');\nawait utilFun.wait(1000);\nconst name = await evaluation.getResourseName();\nutilFun.assertEql(name, 'James Salinas');\nawait evaluation.clickOptionBtn();\nawait utilFun.wait(1000);\nawait evaluation.selectOption('See Email');\nawait utilFun.wait(3000);\nconst email = await evaluation.copyEmail();\nassert.equal(email, 'Email: james@robot-mail.com');",
              "err": {},
              "uuid": "64d2efcd-b37e-4f68-975b-db8ffbdab357",
              "parentUUID": "a63a9669-0887-418d-bd28-a84c8d5914d6",
              "isHook": false,
              "skipped": false
            },
            {
              "title": "should able to copy Phone Number from options",
              "fullTitle": "Pending Evaluations should able to copy Phone Number from options",
              "timedOut": false,
              "duration": 7154,
              "state": "passed",
              "speed": "slow",
              "pass": true,
              "fail": false,
              "pending": false,
              "context": null,
              "code": "await evaluation.clickFilterButton();\nawait evaluation.searchName('James Salinas');\nawait utilFun.wait(1000);\nconst name = await evaluation.getResourseName();\nutilFun.assertEql(name, 'James Salinas');\nawait evaluation.clickOptionBtn();\nawait utilFun.wait(1000);\nawait evaluation.selectOption('Phone Number');\nawait utilFun.wait(3000);\nawait evaluation.copyPhoneNumber();\nconst alertText = await evaluation.checkAlert();\nassert.equal(alertText, 'Phone# is copied successfully');",
              "err": {},
              "uuid": "8361a4eb-dae2-4841-bb6b-87451ed7d518",
              "parentUUID": "a63a9669-0887-418d-bd28-a84c8d5914d6",
              "isHook": false,
              "skipped": false
            },
            {
              "title": "should able to see Resource Details from options",
              "fullTitle": "Pending Evaluations should able to see Resource Details from options",
              "timedOut": false,
              "duration": 4902,
              "state": "passed",
              "speed": "slow",
              "pass": true,
              "fail": false,
              "pending": false,
              "context": null,
              "code": "await evaluation.clickFilterButton();\nawait evaluation.searchName('James Salinas');\nawait utilFun.wait(1000);\nconst name = await evaluation.getResourseName();\nutilFun.assertEql(name, 'James Salinas');\nawait evaluation.clickResource();\nawait utilFun.wait(1000);\nawait utilFun.switchWindow(1);\nawait utilFun.wait(1000);\nconst url = await utilFun.getUrl();\nassert.equal(url, 'http://localhost:3000/resource-detail/9742?tab=Basic_Information');\nawait utilFun.closeCurrentTab();\nawait utilFun.switchWindow(0);",
              "err": {},
              "uuid": "df65482a-2642-4502-a903-33a04865f61d",
              "parentUUID": "a63a9669-0887-418d-bd28-a84c8d5914d6",
              "isHook": false,
              "skipped": false
            },
            {
              "title": "should able to see employee history",
              "fullTitle": "Pending Evaluations should able to see employee history",
              "timedOut": false,
              "duration": 3576,
              "state": "passed",
              "speed": "slow",
              "pass": true,
              "fail": false,
              "pending": false,
              "context": null,
              "code": "await evaluation.clickFilterButton();\nawait evaluation.searchName('James Salinas');\nawait utilFun.wait(1000);\nconst name = await evaluation.getResourseName();\nutilFun.assertEql(name, 'James Salinas');\nawait evaluation.clickSeeFeedback();\nawait utilFun.wait(1000);\nconst title = await evaluation.checkTitle();\nutilFun.assertEql(title, 'Feedback History of James Salinas');\nawait evaluation.checkSelectedTab();",
              "err": {},
              "uuid": "2729d9a5-1421-4280-9131-a3f77760edf5",
              "parentUUID": "a63a9669-0887-418d-bd28-a84c8d5914d6",
              "isHook": false,
              "skipped": false
            },
            {
              "title": "should able to request a review",
              "fullTitle": "Pending Evaluations should able to request a review",
              "timedOut": false,
              "duration": 7742,
              "state": "passed",
              "speed": "slow",
              "pass": true,
              "fail": false,
              "pending": false,
              "context": null,
              "code": "await evaluation.clickFilterButton();\nawait evaluation.searchName('James Salinas');\nawait utilFun.wait(1000);\nconst name = await evaluation.getResourseName();\nutilFun.assertEql(name, 'James Salinas');\nawait evaluation.clickSeeFeedback();\nawait utilFun.wait(1000);\nawait evaluation.clickSubmittedReview();\nawait evaluation.clickReqReviewBtn();\nawait utilFun.wait(1000);\nawait evaluation.clickHod('Muhammad Bilal Rafaqat');\nawait evaluation.clickSendReqBtn();\nconst alertText = await evaluation.checkAlert();\nutilFun.assertEql(alertText, 'Request is send successfully.');",
              "err": {},
              "uuid": "9013333b-8514-4113-8e09-de1edb480797",
              "parentUUID": "a63a9669-0887-418d-bd28-a84c8d5914d6",
              "isHook": false,
              "skipped": false
            },
            {
              "title": "should able to give a review",
              "fullTitle": "Pending Evaluations should able to give a review",
              "timedOut": false,
              "duration": 13967,
              "state": "passed",
              "speed": "slow",
              "pass": true,
              "fail": false,
              "pending": false,
              "context": null,
              "code": "const query = [\n  `UPDATE employees SET \"departmentId\" = 9 WHERE id = 9474;`,\n  `UPDATE employees SET \"designationId\" = 83 WHERE id = 9474;`,\n  `UPDATE employees SET \"designation\" = 'Head of Engineering' WHERE id = 9474;`,\n];\nawait utilFun.udpateDatabase(query);\nawait utilFun.refresh();\nawait evaluation.clickFilterButton();\nawait evaluation.searchName('James Salinas');\nawait utilFun.wait(1000);\nconst name = await evaluation.getResourseName();\nutilFun.assertEql(name, 'James Salinas');\nawait evaluation.clickSeeFeedback();\nawait utilFun.wait(1000);\nawait evaluation.clickSubmittedReview();\nawait utilFun.wait(1000);\nawait evaluation.clickAddFeedback();\n// await feedbackForm.enterDate('03092023');\nawait feedbackForm.selectFeedbackDuration('6 Months');\nawait feedbackForm.selectNextReviewType('Annual');\nawait feedbackForm.selectRevisedDesignation('Software Engineer');\nawait feedbackForm.selectRevisedDesignationCategory('Automation');\nawait feedbackForm.typeIncreament('200000');\nawait feedbackForm.typeDescription('testingggg');\nawait feedbackForm.clickSubmit();\nconst alertText = await evaluation.checkAlert();\nutilFun.assertEql(alertText, 'Increment status is updated successfully');",
              "err": {},
              "uuid": "6b191215-2a6f-4623-97af-a7294b0ce641",
              "parentUUID": "a63a9669-0887-418d-bd28-a84c8d5914d6",
              "isHook": false,
              "skipped": false
            },
            {
              "title": "should able to edit review form",
              "fullTitle": "Pending Evaluations should able to edit review form",
              "timedOut": false,
              "duration": 9407,
              "state": "passed",
              "speed": "slow",
              "pass": true,
              "fail": false,
              "pending": false,
              "context": null,
              "code": "await evaluation.clickFilterButton();\nawait evaluation.searchName('James Salinas');\nawait utilFun.wait(1000);\nconst name = await evaluation.getResourseName();\nutilFun.assertEql(name, 'James Salinas');\nawait evaluation.clickEditForm();\nawait utilFun.wait(1000);\n// await feedbackForm.enterDate('03102023');\nawait feedbackForm.selectFeedbackDuration('3 Months');\nawait feedbackForm.selectNextReviewType('Annual');\nawait feedbackForm.selectRevisedDesignation('Software Engineer');\nawait feedbackForm.typeIncreament('200000');\nawait feedbackForm.typeDescription('updated');\nawait feedbackForm.clickSubmit();\nconst alertText = await evaluation.checkAlert();\nutilFun.assertEql(alertText, 'Increment status is updated successfully');",
              "err": {},
              "uuid": "05355865-bb67-4377-83dc-90bd27e94e73",
              "parentUUID": "a63a9669-0887-418d-bd28-a84c8d5914d6",
              "isHook": false,
              "skipped": false
            },
            {
              "title": "should able to defer review",
              "fullTitle": "Pending Evaluations should able to defer review",
              "timedOut": false,
              "duration": 7454,
              "state": "passed",
              "speed": "slow",
              "pass": true,
              "fail": false,
              "pending": false,
              "context": null,
              "code": "const query = [\n  `UPDATE employees SET \"designation\" = 'HR' WHERE id = 9474;`,\n  `UPDATE employees SET \"departmentId\" = 7 WHERE id = 9474;`,\n  `UPDATE employees SET \"designationId\" = 77 WHERE id = 9474;`,\n];\nawait utilFun.udpateDatabase(query);\nawait utilFun.refresh();\nawait evaluation.clickFilterButton();\nawait evaluation.searchName('James Salinas');\nawait utilFun.wait(1000);\nconst name = await evaluation.getResourseName();\nutilFun.assertEql(name, 'James Salinas');\nawait evaluation.clickDefer();\nawait evaluation.clickDeferType();\nawait utilFun.wait(1000);\nawait evaluation.selectDeferType('2 Weeks');\nawait evaluation.typeDeferReason('testing');\nawait evaluation.clickSubmitBtn();\nconst alertText = await evaluation.checkAlert();\nutilFun.assertEql(alertText, 'Increment status is updated successfully');",
              "err": {},
              "uuid": "8488a7e0-a1a7-423e-abb8-aa718d12eb09",
              "parentUUID": "a63a9669-0887-418d-bd28-a84c8d5914d6",
              "isHook": false,
              "skipped": false
            },
            {
              "title": "should able to complete review",
              "fullTitle": "Pending Evaluations should able to complete review",
              "timedOut": false,
              "duration": 10484,
              "state": "passed",
              "speed": "slow",
              "pass": true,
              "fail": false,
              "pending": false,
              "context": null,
              "code": "const query = [\n  `UPDATE employees SET \"designation\" = 'HR' WHERE id = 9474;`,\n  `UPDATE employees SET \"departmentId\" = 7 WHERE id = 9474;`,\n  `UPDATE employees SET \"designationId\" = 77 WHERE id = 9474;`,\n  `UPDATE employee_evaluations SET \"processType\" = NULL WHERE id = 26;`,\n  `UPDATE employee_evaluations SET \"reasonForDefer\" = NULL WHERE id = 26;`,\n  `UPDATE employee_evaluations SET \"processDate\" = NULL WHERE id = 26;`,\n];\nawait utilFun.udpateDatabase(query);\nawait utilFun.refresh();\nawait evaluation.clickFilterButton();\nawait evaluation.searchName('James Salinas');\nawait utilFun.wait(1000);\nconst name = await evaluation.getResourseName();\nutilFun.assertEql(name, 'James Salinas');\nawait evaluation.clickComplete();\n// await feedbackForm.enterDate('03102023');\nawait feedbackForm.selectFeedbackDuration('3 Months');\nawait feedbackForm.selectNextReviewType('Annual');\nawait feedbackForm.selectRevisedDesignation('Software Engineer');\nawait feedbackForm.typeIncreament('200000');\nawait feedbackForm.clickSubmit();\nconst alertText = await evaluation.checkAlert();\nutilFun.assertEql(alertText, 'Increment status is updated successfully');",
              "err": {},
              "uuid": "8a51e8da-b35d-4ed2-a7d1-28d68fd73e04",
              "parentUUID": "a63a9669-0887-418d-bd28-a84c8d5914d6",
              "isHook": false,
              "skipped": false
            }
          ],
          "suites": [],
          "passes": [
            "a9542c7f-f9f7-4632-8180-056fc6897f4f",
            "8de2bdf5-9413-4b52-bc11-23f0fed443f5",
            "6b67efdb-986b-410d-ab84-65165dcb4e04",
            "0bb4f727-a8d5-4d1b-9fc4-b70b89970595",
            "5087e370-5a3b-48fa-8c44-096f7834b9ff",
            "871ee30e-279c-4ef8-a218-9e5f6c42679b",
            "bb74b6ef-2094-47b9-9684-3828986e7bc0",
            "64d2efcd-b37e-4f68-975b-db8ffbdab357",
            "8361a4eb-dae2-4841-bb6b-87451ed7d518",
            "df65482a-2642-4502-a903-33a04865f61d",
            "2729d9a5-1421-4280-9131-a3f77760edf5",
            "9013333b-8514-4113-8e09-de1edb480797",
            "6b191215-2a6f-4623-97af-a7294b0ce641",
            "05355865-bb67-4377-83dc-90bd27e94e73",
            "8488a7e0-a1a7-423e-abb8-aa718d12eb09",
            "8a51e8da-b35d-4ed2-a7d1-28d68fd73e04"
          ],
          "failures": [],
          "pending": [],
          "skipped": [],
          "duration": 105364,
          "root": false,
          "rootEmpty": false,
          "_timeout": 100000
        },
        {
          "uuid": "2a771e74-cdaa-4d27-b203-c3c845cfe33e",
          "title": "Performance Base Evaluations",
          "fullFile": "/home/devops/invohub/resource-engagement/test/e2e/1-Evaluation/spec_2_performance.js",
          "file": "/test/e2e/1-Evaluation/spec_2_performance.js",
          "beforeHooks": [
            {
              "title": "\"before all\" hook in \"Performance Base Evaluations\"",
              "fullTitle": "Performance Base Evaluations \"before all\" hook in \"Performance Base Evaluations\"",
              "timedOut": false,
              "duration": 9705,
              "state": null,
              "speed": null,
              "pass": false,
              "fail": false,
              "pending": false,
              "context": null,
              "code": "await utilFun.loginAccount()\nconst url = await utilFun.getUrl();\nassert.equal(url, baseUrl + '/home');\nlet query = [\n  `UPDATE employee_evaluations SET \"incrementType\" = 'performance' WHERE id = 26;`,\n  `UPDATE employees SET \"designation\" = 'Software Engineer' WHERE id = 9474;`,\n  `UPDATE employees SET \"departmentId\" = 9 WHERE id = 9474;`,\n  `UPDATE employees SET \"designationId\" = 138 WHERE id = 9474;`,\n  `UPDATE employee_evaluations SET \"processType\" = NULL WHERE id = 26;`,\n  `UPDATE employee_evaluations SET \"reasonForDefer\" = NULL WHERE id = 26;`,\n  `UPDATE employee_evaluations SET \"processDate\" = NULL WHERE id = 26;`,\n  `UPDATE employee_evaluations SET \"feedback\" = NULL WHERE id = 26;`,\n];\nawait utilFun.udpateDatabase(query);",
              "err": {},
              "uuid": "e558c5b3-e9a6-4171-b198-106401d2ea18",
              "parentUUID": "2a771e74-cdaa-4d27-b203-c3c845cfe33e",
              "isHook": true,
              "skipped": false
            },
            {
              "title": "\"before each\" hook in \"Performance Base Evaluations\"",
              "fullTitle": "Performance Base Evaluations \"before each\" hook in \"Performance Base Evaluations\"",
              "timedOut": false,
              "duration": 4392,
              "state": null,
              "speed": null,
              "pass": false,
              "fail": false,
              "pending": false,
              "context": null,
              "code": "await utilFun.visit(baseUrl + '/evaluation-performance');\nawait utilFun.wait(4000);",
              "err": {},
              "uuid": "f5af0ca7-cb37-49f4-bb5b-21a38a009f0e",
              "parentUUID": "2a771e74-cdaa-4d27-b203-c3c845cfe33e",
              "isHook": true,
              "skipped": false
            }
          ],
          "afterHooks": [],
          "tests": [
            {
              "title": "should check if performance evaluations are showing",
              "fullTitle": "Performance Base Evaluations should check if performance evaluations are showing",
              "timedOut": false,
              "duration": 50,
              "state": "passed",
              "speed": "medium",
              "pass": true,
              "fail": false,
              "pending": false,
              "context": null,
              "code": "let obj = await evaluation.getAllPendingResourses();\nassert(obj.length > 0, `No Evaluation Found`);",
              "err": {},
              "uuid": "028be860-0e3a-4be6-be53-ac66903ba2b9",
              "parentUUID": "2a771e74-cdaa-4d27-b203-c3c845cfe33e",
              "isHook": false,
              "skipped": false
            },
            {
              "title": "should able to filter resoures by name",
              "fullTitle": "Performance Base Evaluations should able to filter resoures by name",
              "timedOut": false,
              "duration": 1919,
              "state": "passed",
              "speed": "slow",
              "pass": true,
              "fail": false,
              "pending": false,
              "context": null,
              "code": "await evaluation.clickFilterButton();\nawait evaluation.searchName('James Salinas');\nawait utilFun.wait(1000);\nconst name = await evaluation.getResourseName();\nutilFun.assertEql(name, 'James Salinas');",
              "err": {},
              "uuid": "4137659d-7d29-4d1c-a371-1a5469aa3643",
              "parentUUID": "2a771e74-cdaa-4d27-b203-c3c845cfe33e",
              "isHook": false,
              "skipped": false
            },
            {
              "title": "should able to filter resoures by Last Increment",
              "fullTitle": "Performance Base Evaluations should able to filter resoures by Last Increment",
              "timedOut": false,
              "duration": 1547,
              "state": "passed",
              "speed": "slow",
              "pass": true,
              "fail": false,
              "pending": false,
              "context": null,
              "code": "await evaluation.clickFilterButton();\nawait evaluation.selectLastIncrement('N/A');\nconst valuesCount = await evaluation.checkValues();\nutilFun.assertEql(valuesCount, 1);",
              "err": {},
              "uuid": "d4f34999-e39f-434b-aeb1-103e1a2bbdfa",
              "parentUUID": "2a771e74-cdaa-4d27-b203-c3c845cfe33e",
              "isHook": false,
              "skipped": false
            },
            {
              "title": "should able to  copy email from options",
              "fullTitle": "Performance Base Evaluations should able to  copy email from options",
              "timedOut": false,
              "duration": 3906,
              "state": "passed",
              "speed": "slow",
              "pass": true,
              "fail": false,
              "pending": false,
              "context": null,
              "code": "await evaluation.clickFilterButton();\nawait evaluation.searchName('James Salinas');\nawait utilFun.wait(1000);\nconst name = await evaluation.getResourseName();\nutilFun.assertEql(name, 'James Salinas');\nawait evaluation.clickOptionBtn();\nawait utilFun.wait(1000);\nawait evaluation.selectOption('Copy Email');\nconst alertText = await evaluation.checkAlert();\nutilFun.assertEql(alertText, 'Email address is copied');",
              "err": {},
              "uuid": "1acd729f-c1ff-4383-afcd-2cf90486c665",
              "parentUUID": "2a771e74-cdaa-4d27-b203-c3c845cfe33e",
              "isHook": false,
              "skipped": false
            },
            {
              "title": "should able to Send Email from options",
              "fullTitle": "Performance Base Evaluations should able to Send Email from options",
              "timedOut": false,
              "duration": 7668,
              "state": "passed",
              "speed": "slow",
              "pass": true,
              "fail": false,
              "pending": false,
              "context": null,
              "code": "await evaluation.clickFilterButton();\nawait evaluation.searchName('James Salinas');\nawait utilFun.wait(1000);\nconst name = await evaluation.getResourseName();\nutilFun.assertEql(name, 'James Salinas');\nawait evaluation.clickOptionBtn();\nawait utilFun.wait(1000);\nawait evaluation.selectOption('Send Email');\nawait utilFun.wait(1000);\nawait utilFun.switchWindow(1);\nawait utilFun.wait(3000);\nconst url = await utilFun.getUrl();\nassert.equal(url, 'https://mail.google.com/mail/u/0/?fs=1&tf=cm&to=james@robot-mail.com');\nawait utilFun.closeCurrentTab();\nawait utilFun.switchWindow(0);",
              "err": {},
              "uuid": "eff3e532-8ff5-43b2-aabf-850b329add5f",
              "parentUUID": "2a771e74-cdaa-4d27-b203-c3c845cfe33e",
              "isHook": false,
              "skipped": false
            },
            {
              "title": "should able to Open Slack DM from options",
              "fullTitle": "Performance Base Evaluations should able to Open Slack DM from options",
              "timedOut": false,
              "duration": 7282,
              "state": "passed",
              "speed": "slow",
              "pass": true,
              "fail": false,
              "pending": false,
              "context": null,
              "code": "await evaluation.clickFilterButton();\nawait evaluation.searchName('James Salinas');\nawait utilFun.wait(1000);\nconst name = await evaluation.getResourseName();\nutilFun.assertEql(name, 'James Salinas');\nawait evaluation.clickOptionBtn();\nawait utilFun.wait(1000);\nawait evaluation.selectOption('Open Slack DM');\nawait utilFun.wait(1000);\nawait utilFun.switchWindow(1);\nawait utilFun.wait(3000);\nconst url = await utilFun.getUrl();\nassert.equal(url, 'https://invozone.slack.com/?redir=%2Fapp_redirect%3Fchannel%3Dundefined');\nawait utilFun.closeCurrentTab();\nawait utilFun.switchWindow(0);",
              "err": {},
              "uuid": "eb356070-0e07-4cd3-8cc8-7e5cde03e08c",
              "parentUUID": "2a771e74-cdaa-4d27-b203-c3c845cfe33e",
              "isHook": false,
              "skipped": false
            },
            {
              "title": "should able to see Email from options",
              "fullTitle": "Performance Base Evaluations should able to see Email from options",
              "timedOut": false,
              "duration": 7369,
              "state": "passed",
              "speed": "slow",
              "pass": true,
              "fail": false,
              "pending": false,
              "context": null,
              "code": "await evaluation.clickFilterButton();\nawait evaluation.searchName('James Salinas');\nawait utilFun.wait(1000);\nconst name = await evaluation.getResourseName();\nutilFun.assertEql(name, 'James Salinas');\nawait evaluation.clickOptionBtn();\nawait utilFun.wait(1000);\nawait evaluation.selectOption('See Email');\nawait utilFun.wait(4000);\nconst email = await evaluation.copyEmail();\nassert.equal(email, 'Email: james@robot-mail.com');",
              "err": {},
              "uuid": "fce0aa16-2c86-4f64-9d81-709cc979b6bb",
              "parentUUID": "2a771e74-cdaa-4d27-b203-c3c845cfe33e",
              "isHook": false,
              "skipped": false
            },
            {
              "title": "should able to copy Phone Number from options",
              "fullTitle": "Performance Base Evaluations should able to copy Phone Number from options",
              "timedOut": false,
              "duration": 6797,
              "state": "passed",
              "speed": "slow",
              "pass": true,
              "fail": false,
              "pending": false,
              "context": null,
              "code": "await evaluation.clickFilterButton();\nawait evaluation.searchName('James Salinas');\nawait utilFun.wait(1000);\nconst name = await evaluation.getResourseName();\nutilFun.assertEql(name, 'James Salinas');\nawait evaluation.clickOptionBtn();\nawait utilFun.wait(1000);\nawait evaluation.selectOption('Phone Number');\nawait utilFun.wait(3000);\nawait evaluation.copyPhoneNumber();\nconst alertText = await evaluation.checkAlert();\nassert.equal(alertText, 'Phone# is copied successfully');",
              "err": {},
              "uuid": "32968565-78aa-4329-a090-84d260ae5c61",
              "parentUUID": "2a771e74-cdaa-4d27-b203-c3c845cfe33e",
              "isHook": false,
              "skipped": false
            },
            {
              "title": "should able to see Resource Details from options",
              "fullTitle": "Performance Base Evaluations should able to see Resource Details from options",
              "timedOut": false,
              "duration": 4954,
              "state": "passed",
              "speed": "slow",
              "pass": true,
              "fail": false,
              "pending": false,
              "context": null,
              "code": "await evaluation.clickFilterButton();\nawait evaluation.searchName('James Salinas');\nawait utilFun.wait(1000);\nconst name = await evaluation.getResourseName();\nutilFun.assertEql(name, 'James Salinas');\nawait evaluation.clickResource();\nawait utilFun.wait(1000);\nawait utilFun.switchWindow(1);\nawait utilFun.wait(1000);\nconst url = await utilFun.getUrl();\nassert.equal(url, baseUrl + '/resource-detail/9742?tab=Basic_Information');\nawait utilFun.closeCurrentTab();\nawait utilFun.switchWindow(0);",
              "err": {},
              "uuid": "7d595f74-0f98-44a0-b15c-35fbd75b82a4",
              "parentUUID": "2a771e74-cdaa-4d27-b203-c3c845cfe33e",
              "isHook": false,
              "skipped": false
            },
            {
              "title": "should able to see employee history",
              "fullTitle": "Performance Base Evaluations should able to see employee history",
              "timedOut": false,
              "duration": 3207,
              "state": "passed",
              "speed": "slow",
              "pass": true,
              "fail": false,
              "pending": false,
              "context": null,
              "code": "await evaluation.clickFilterButton();\nawait evaluation.searchName('James Salinas');\nawait utilFun.wait(1000);\nconst name = await evaluation.getResourseName();\nutilFun.assertEql(name, 'James Salinas');\nawait evaluation.clickSeeFeedback();\nawait utilFun.wait(1000);\nconst title = await evaluation.checkTitle();\nutilFun.assertEql(title, 'Feedback History of James Salinas');\nawait evaluation.checkSelectedTab();",
              "err": {},
              "uuid": "951c48ab-9d79-477f-8b84-7410189fbc02",
              "parentUUID": "2a771e74-cdaa-4d27-b203-c3c845cfe33e",
              "isHook": false,
              "skipped": false
            },
            {
              "title": "should able to request a review",
              "fullTitle": "Performance Base Evaluations should able to request a review",
              "timedOut": false,
              "duration": 7425,
              "state": "passed",
              "speed": "slow",
              "pass": true,
              "fail": false,
              "pending": false,
              "context": null,
              "code": "await evaluation.clickFilterButton();\nawait evaluation.searchName('James Salinas');\nawait utilFun.wait(1000);\nconst name = await evaluation.getResourseName();\nutilFun.assertEql(name, 'James Salinas');\nawait evaluation.clickSeeFeedback();4\nawait utilFun.wait(1000);\nawait evaluation.clickSubmittedReview();\nawait evaluation.clickReqReviewBtn();\nawait utilFun.wait(1000);\nawait evaluation.clickHod('Muhammad Bilal Rafaqat');\nawait evaluation.clickSendReqBtn();\nconst alertText = await evaluation.checkAlert();\nutilFun.assertEql(alertText, 'Request is send successfully.');",
              "err": {},
              "uuid": "8df927cf-d20a-4e29-b4ba-c595c9a65b40",
              "parentUUID": "2a771e74-cdaa-4d27-b203-c3c845cfe33e",
              "isHook": false,
              "skipped": false
            },
            {
              "title": "should able to give a review",
              "fullTitle": "Performance Base Evaluations should able to give a review",
              "timedOut": false,
              "duration": 13150,
              "state": "passed",
              "speed": "slow",
              "pass": true,
              "fail": false,
              "pending": false,
              "context": null,
              "code": "const query = [\n  `UPDATE employees SET \"departmentId\" = 9 WHERE id = 9474;`,\n  `UPDATE employees SET \"designationId\" = 83 WHERE id = 9474;`,\n  `UPDATE employees SET \"designation\" = 'Head of Engineering' WHERE id = 9474;`,\n];\nawait utilFun.udpateDatabase(query);\nawait utilFun.refresh();\nawait evaluation.clickFilterButton();\nawait evaluation.searchName('James Salinas');\nawait utilFun.wait(1000);\nconst name = await evaluation.getResourseName();\nutilFun.assertEql(name, 'James Salinas');\nawait evaluation.clickSeeFeedback();\nawait utilFun.wait(1000);\nawait evaluation.clickSubmittedReview();\nawait utilFun.wait(1000);\nawait evaluation.clickAddFeedback();\nawait feedbackForm.enterDate('03092023');\nawait feedbackForm.selectFeedbackDuration('6 Months');\nawait feedbackForm.selectNextReviewType('Annual');\nawait feedbackForm.selectRevisedDesignation('Software Engineer');\nawait feedbackForm.typeIncreament('200000');\nawait feedbackForm.typeDescription('testingggg');\nawait feedbackForm.clickSubmit();\nconst alertText = await evaluation.checkAlert();\nutilFun.assertEql(alertText, 'Increment status is updated successfully');",
              "err": {},
              "uuid": "13b5f3e3-a633-4dc5-a7f5-470c57d4c6e2",
              "parentUUID": "2a771e74-cdaa-4d27-b203-c3c845cfe33e",
              "isHook": false,
              "skipped": false
            },
            {
              "title": "should able to edit review form",
              "fullTitle": "Performance Base Evaluations should able to edit review form",
              "timedOut": false,
              "duration": 9110,
              "state": "passed",
              "speed": "slow",
              "pass": true,
              "fail": false,
              "pending": false,
              "context": null,
              "code": "await evaluation.clickFilterButton();\nawait evaluation.searchName('James Salinas');\nawait utilFun.wait(1000);\nconst name = await evaluation.getResourseName();\nutilFun.assertEql(name, 'James Salinas');\nawait evaluation.clickEditForm();\nawait utilFun.wait(1000);\n// await feedbackForm.enterDate('03102023');\nawait feedbackForm.selectFeedbackDuration('3 Months');\nawait feedbackForm.selectNextReviewType('Annual');\nawait feedbackForm.selectRevisedDesignation('Software Engineer');\nawait feedbackForm.typeIncreament('200000');\nawait feedbackForm.typeDescription('updated');\nawait feedbackForm.clickSubmit();\nconst alertText = await evaluation.checkAlert();\nutilFun.assertEql(alertText, 'Increment status is updated successfully');",
              "err": {},
              "uuid": "f5b9416e-3270-48ab-8463-0b4f9119144d",
              "parentUUID": "2a771e74-cdaa-4d27-b203-c3c845cfe33e",
              "isHook": false,
              "skipped": false
            },
            {
              "title": "should able to defer review",
              "fullTitle": "Performance Base Evaluations should able to defer review",
              "timedOut": false,
              "duration": 6702,
              "state": "passed",
              "speed": "slow",
              "pass": true,
              "fail": false,
              "pending": false,
              "context": null,
              "code": "const query = [\n  `UPDATE employees SET \"designation\" = 'HR' WHERE id = 9474;`,\n  `UPDATE employees SET \"departmentId\" = 7 WHERE id = 9474;`,\n  `UPDATE employees SET \"designationId\" = 77 WHERE id = 9474;`,\n];\nawait utilFun.udpateDatabase(query);\nawait utilFun.refresh();\nawait evaluation.clickFilterButton();\nawait evaluation.searchName('James Salinas');\nawait utilFun.wait(1000);\nconst name = await evaluation.getResourseName();\nutilFun.assertEql(name, 'James Salinas');\nawait evaluation.clickDefer();\nawait evaluation.clickDeferType();\nawait utilFun.wait(1000);\nawait evaluation.selectDeferType('2 Weeks');\nawait evaluation.typeDeferReason('testing');\nawait evaluation.clickSubmitBtn();\nconst alertText = await evaluation.checkAlert();\nutilFun.assertEql(alertText, 'Increment status is updated successfully');",
              "err": {},
              "uuid": "f0f593a3-c9bd-46f8-a80d-296e9cca41ff",
              "parentUUID": "2a771e74-cdaa-4d27-b203-c3c845cfe33e",
              "isHook": false,
              "skipped": false
            },
            {
              "title": "should able to complete review",
              "fullTitle": "Performance Base Evaluations should able to complete review",
              "timedOut": false,
              "duration": 10176,
              "state": "passed",
              "speed": "slow",
              "pass": true,
              "fail": false,
              "pending": false,
              "context": null,
              "code": "const query = [\n  `UPDATE employees SET \"designation\" = 'HR' WHERE id = 9474;`,\n  `UPDATE employees SET \"departmentId\" = 7 WHERE id = 9474;`,\n  `UPDATE employees SET \"designationId\" = 77 WHERE id = 9474;`,\n  `UPDATE employee_evaluations SET \"processType\" = NULL WHERE id = 26;`,\n  `UPDATE employee_evaluations SET \"reasonForDefer\" = NULL WHERE id = 26;`,\n  `UPDATE employee_evaluations SET \"processDate\" = NULL WHERE id = 26;`,\n];\nawait utilFun.udpateDatabase(query);\nawait utilFun.refresh();\nawait evaluation.clickFilterButton();\nawait evaluation.searchName('James Salinas');\nawait utilFun.wait(1000);\nconst name = await evaluation.getResourseName();\nutilFun.assertEql(name, 'James Salinas');\nawait evaluation.clickComplete();\n// await feedbackForm.enterDate('03102023');\nawait feedbackForm.selectFeedbackDuration('3 Months');\nawait feedbackForm.selectNextReviewType('Annual');\nawait feedbackForm.selectRevisedDesignation('Software Engineer');\nawait feedbackForm.typeIncreament('200000');\nawait feedbackForm.clickSubmit();\nconst alertText = await evaluation.checkAlert();\nutilFun.assertEql(alertText, 'Increment status is updated successfully');",
              "err": {},
              "uuid": "a0d05eeb-f6c2-4570-8b4f-19a2789c3d8c",
              "parentUUID": "2a771e74-cdaa-4d27-b203-c3c845cfe33e",
              "isHook": false,
              "skipped": false
            }
          ],
          "suites": [],
          "passes": [
            "028be860-0e3a-4be6-be53-ac66903ba2b9",
            "4137659d-7d29-4d1c-a371-1a5469aa3643",
            "d4f34999-e39f-434b-aeb1-103e1a2bbdfa",
            "1acd729f-c1ff-4383-afcd-2cf90486c665",
            "eff3e532-8ff5-43b2-aabf-850b329add5f",
            "eb356070-0e07-4cd3-8cc8-7e5cde03e08c",
            "fce0aa16-2c86-4f64-9d81-709cc979b6bb",
            "32968565-78aa-4329-a090-84d260ae5c61",
            "7d595f74-0f98-44a0-b15c-35fbd75b82a4",
            "951c48ab-9d79-477f-8b84-7410189fbc02",
            "8df927cf-d20a-4e29-b4ba-c595c9a65b40",
            "13b5f3e3-a633-4dc5-a7f5-470c57d4c6e2",
            "f5b9416e-3270-48ab-8463-0b4f9119144d",
            "f0f593a3-c9bd-46f8-a80d-296e9cca41ff",
            "a0d05eeb-f6c2-4570-8b4f-19a2789c3d8c"
          ],
          "failures": [],
          "pending": [],
          "skipped": [],
          "duration": 91262,
          "root": false,
          "rootEmpty": false,
          "_timeout": 100000
        },
        {
          "uuid": "12261278-917c-4786-93b5-0c506011e8aa",
          "title": "Retention Base Evaluations",
          "fullFile": "/home/devops/invohub/resource-engagement/test/e2e/1-Evaluation/spec_3_retention.js",
          "file": "/test/e2e/1-Evaluation/spec_3_retention.js",
          "beforeHooks": [
            {
              "title": "\"before all\" hook in \"Retention Base Evaluations\"",
              "fullTitle": "Retention Base Evaluations \"before all\" hook in \"Retention Base Evaluations\"",
              "timedOut": false,
              "duration": 9737,
              "state": null,
              "speed": null,
              "pass": false,
              "fail": false,
              "pending": false,
              "context": null,
              "code": "await utilFun.loginAccount()\nconst url = await utilFun.getUrl();\nassert.equal(url, baseUrl + '/home');\nlet query = [\n  `UPDATE employee_evaluations SET \"incrementType\" = 'retention' WHERE id = 26;`,\n  `UPDATE employees SET \"designation\" = 'Software Engineer' WHERE id = 9474;`,\n  `UPDATE employees SET \"departmentId\" = 9 WHERE id = 9474;`,\n  `UPDATE employees SET \"designationId\" = 138 WHERE id = 9474;`,\n  `UPDATE employee_evaluations SET \"processType\" = NULL WHERE id = 26;`,\n  `UPDATE employee_evaluations SET \"reasonForDefer\" = NULL WHERE id = 26;`,\n  `UPDATE employee_evaluations SET \"processDate\" = NULL WHERE id = 26;`,\n  `UPDATE employee_evaluations SET \"feedback\" = NULL WHERE id = 26;`,\n];\nawait utilFun.udpateDatabase(query);",
              "err": {},
              "uuid": "02eadcfc-5369-43a8-9dd9-48fbe8aec27f",
              "parentUUID": "12261278-917c-4786-93b5-0c506011e8aa",
              "isHook": true,
              "skipped": false
            },
            {
              "title": "\"before each\" hook in \"Retention Base Evaluations\"",
              "fullTitle": "Retention Base Evaluations \"before each\" hook in \"Retention Base Evaluations\"",
              "timedOut": false,
              "duration": 4454,
              "state": null,
              "speed": null,
              "pass": false,
              "fail": false,
              "pending": false,
              "context": null,
              "code": "await utilFun.visit(baseUrl + '/evaluation-retention');\nawait utilFun.wait(4000);",
              "err": {},
              "uuid": "59768f5e-9869-48a2-926d-af857aedd8df",
              "parentUUID": "12261278-917c-4786-93b5-0c506011e8aa",
              "isHook": true,
              "skipped": false
            }
          ],
          "afterHooks": [],
          "tests": [
            {
              "title": "should check if retention evaluations are showing",
              "fullTitle": "Retention Base Evaluations should check if retention evaluations are showing",
              "timedOut": false,
              "duration": 41,
              "state": "passed",
              "speed": "medium",
              "pass": true,
              "fail": false,
              "pending": false,
              "context": null,
              "code": "let obj = await evaluation.getAllPendingResourses();\nassert(obj.length > 0, `No Evaluation Found`);",
              "err": {},
              "uuid": "281fe3dd-08a6-430c-8b19-6889ae31b30d",
              "parentUUID": "12261278-917c-4786-93b5-0c506011e8aa",
              "isHook": false,
              "skipped": false
            },
            {
              "title": "should able to filter resoures by name",
              "fullTitle": "Retention Base Evaluations should able to filter resoures by name",
              "timedOut": false,
              "duration": 1864,
              "state": "passed",
              "speed": "slow",
              "pass": true,
              "fail": false,
              "pending": false,
              "context": null,
              "code": "await evaluation.clickFilterButton();\nawait evaluation.searchName('James Salinas');\nawait utilFun.wait(1000);\nconst name = await evaluation.getResourseName();\nutilFun.assertEql(name, 'James Salinas');",
              "err": {},
              "uuid": "bcee78c4-e500-4351-a3b7-c8ab3d1de770",
              "parentUUID": "12261278-917c-4786-93b5-0c506011e8aa",
              "isHook": false,
              "skipped": false
            },
            {
              "title": "should able to filter resoures by Last Increment",
              "fullTitle": "Retention Base Evaluations should able to filter resoures by Last Increment",
              "timedOut": false,
              "duration": 1504,
              "state": "passed",
              "speed": "slow",
              "pass": true,
              "fail": false,
              "pending": false,
              "context": null,
              "code": "await evaluation.clickFilterButton();\nawait evaluation.selectLastIncrement('N/A');\nconst valuesCount = await evaluation.checkValues();\nutilFun.assertEql(valuesCount, 1);",
              "err": {},
              "uuid": "0833d56e-f62a-41b5-90a4-635ae4521b92",
              "parentUUID": "12261278-917c-4786-93b5-0c506011e8aa",
              "isHook": false,
              "skipped": false
            },
            {
              "title": "should able to  copy email from options",
              "fullTitle": "Retention Base Evaluations should able to  copy email from options",
              "timedOut": false,
              "duration": 3959,
              "state": "passed",
              "speed": "slow",
              "pass": true,
              "fail": false,
              "pending": false,
              "context": null,
              "code": "await evaluation.clickFilterButton();\nawait evaluation.searchName('James Salinas');\nawait utilFun.wait(1000);\nconst name = await evaluation.getResourseName();\nutilFun.assertEql(name, 'James Salinas');\nawait evaluation.clickOptionBtn();\nawait utilFun.wait(1000);\nawait evaluation.selectOption('Copy Email');\nconst alertText = await evaluation.checkAlert();\nutilFun.assertEql(alertText, 'Email address is copied');",
              "err": {},
              "uuid": "935a4173-aee3-44bd-8f11-86ef47cf697b",
              "parentUUID": "12261278-917c-4786-93b5-0c506011e8aa",
              "isHook": false,
              "skipped": false
            },
            {
              "title": "should able to Send Email from options",
              "fullTitle": "Retention Base Evaluations should able to Send Email from options",
              "timedOut": false,
              "duration": 7923,
              "state": "passed",
              "speed": "slow",
              "pass": true,
              "fail": false,
              "pending": false,
              "context": null,
              "code": "await evaluation.clickFilterButton();\nawait evaluation.searchName('James Salinas');\nawait utilFun.wait(1000);\nconst name = await evaluation.getResourseName();\nutilFun.assertEql(name, 'James Salinas');\nawait evaluation.clickOptionBtn();\nawait utilFun.wait(1000);\nawait evaluation.selectOption('Send Email');\nawait utilFun.wait(1000);\nawait utilFun.switchWindow(1);\nawait utilFun.wait(3000);\nconst url = await utilFun.getUrl();\nassert.equal(url, 'https://mail.google.com/mail/u/0/?fs=1&tf=cm&to=james@robot-mail.com');\nawait utilFun.closeCurrentTab();\nawait utilFun.switchWindow(0);",
              "err": {},
              "uuid": "cac2c664-1eab-4eac-97cc-174c9ab8a24b",
              "parentUUID": "12261278-917c-4786-93b5-0c506011e8aa",
              "isHook": false,
              "skipped": false
            },
            {
              "title": "should able to Open Slack DM from options",
              "fullTitle": "Retention Base Evaluations should able to Open Slack DM from options",
              "timedOut": false,
              "duration": 7558,
              "state": "passed",
              "speed": "slow",
              "pass": true,
              "fail": false,
              "pending": false,
              "context": null,
              "code": "await evaluation.clickFilterButton();\nawait evaluation.searchName('James Salinas');\nawait utilFun.wait(1000);\nconst name = await evaluation.getResourseName();\nutilFun.assertEql(name, 'James Salinas');\nawait evaluation.clickOptionBtn();\nawait utilFun.wait(1000);\nawait evaluation.selectOption('Open Slack DM');\nawait utilFun.wait(1000);\nawait utilFun.switchWindow(1);\nawait utilFun.wait(3000);\nconst url = await utilFun.getUrl();\nassert.equal(url, 'https://invozone.slack.com/?redir=%2Fapp_redirect%3Fchannel%3Dundefined');\nawait utilFun.closeCurrentTab();\nawait utilFun.switchWindow(0);",
              "err": {},
              "uuid": "ec619642-2cc9-4705-b619-12ef282d01db",
              "parentUUID": "12261278-917c-4786-93b5-0c506011e8aa",
              "isHook": false,
              "skipped": false
            },
            {
              "title": "should able to see Email from options",
              "fullTitle": "Retention Base Evaluations should able to see Email from options",
              "timedOut": false,
              "duration": 7268,
              "state": "passed",
              "speed": "slow",
              "pass": true,
              "fail": false,
              "pending": false,
              "context": null,
              "code": "await evaluation.clickFilterButton();\nawait evaluation.searchName('James Salinas');\nawait utilFun.wait(1000);\nconst name = await evaluation.getResourseName();\nutilFun.assertEql(name, 'James Salinas');\nawait evaluation.clickOptionBtn();\nawait utilFun.wait(1000);\nawait evaluation.selectOption('See Email');\nawait utilFun.wait(4000);\nconst email = await evaluation.copyEmail();\nassert.equal(email, 'Email: james@robot-mail.com');",
              "err": {},
              "uuid": "5cd45c02-ba59-4de0-8afb-bb750898bea6",
              "parentUUID": "12261278-917c-4786-93b5-0c506011e8aa",
              "isHook": false,
              "skipped": false
            },
            {
              "title": "should able to copy Phone Number from options",
              "fullTitle": "Retention Base Evaluations should able to copy Phone Number from options",
              "timedOut": false,
              "duration": 6784,
              "state": "passed",
              "speed": "slow",
              "pass": true,
              "fail": false,
              "pending": false,
              "context": null,
              "code": "await evaluation.clickFilterButton();\nawait evaluation.searchName('James Salinas');\nawait utilFun.wait(1000);\nconst name = await evaluation.getResourseName();\nutilFun.assertEql(name, 'James Salinas');\nawait evaluation.clickOptionBtn();\nawait utilFun.wait(1000);\nawait evaluation.selectOption('Phone Number');\nawait utilFun.wait(3000);\nawait evaluation.copyPhoneNumber();\nconst alertText = await evaluation.checkAlert();\nassert.equal(alertText, 'Phone# is copied successfully');",
              "err": {},
              "uuid": "58ea7209-d70c-475c-9adc-ba0d93eef802",
              "parentUUID": "12261278-917c-4786-93b5-0c506011e8aa",
              "isHook": false,
              "skipped": false
            },
            {
              "title": "should able to see Resource Details from options",
              "fullTitle": "Retention Base Evaluations should able to see Resource Details from options",
              "timedOut": false,
              "duration": 4480,
              "state": "passed",
              "speed": "slow",
              "pass": true,
              "fail": false,
              "pending": false,
              "context": null,
              "code": "await evaluation.clickFilterButton();\nawait evaluation.searchName('James Salinas');\nawait utilFun.wait(1000);\nconst name = await evaluation.getResourseName();\nutilFun.assertEql(name, 'James Salinas');\nawait evaluation.clickResource();\nawait utilFun.wait(1000);\nawait utilFun.switchWindow(1);\nawait utilFun.wait(1000);\nconst url = await utilFun.getUrl();\nassert.equal(url, baseUrl + '/resource-detail/9742?tab=Basic_Information');\nawait utilFun.closeCurrentTab();\nawait utilFun.switchWindow(0);",
              "err": {},
              "uuid": "4daaa5d6-2bde-4a3a-9e45-dc9f08545409",
              "parentUUID": "12261278-917c-4786-93b5-0c506011e8aa",
              "isHook": false,
              "skipped": false
            },
            {
              "title": "should able to see employee history",
              "fullTitle": "Retention Base Evaluations should able to see employee history",
              "timedOut": false,
              "duration": 3057,
              "state": "passed",
              "speed": "slow",
              "pass": true,
              "fail": false,
              "pending": false,
              "context": null,
              "code": "await evaluation.clickFilterButton();\nawait evaluation.searchName('James Salinas');\nawait utilFun.wait(1000);\nconst name = await evaluation.getResourseName();\nutilFun.assertEql(name, 'James Salinas');\nawait evaluation.clickSeeFeedback();\nawait utilFun.wait(1000);\nconst title = await evaluation.checkTitle();\nutilFun.assertEql(title, 'Feedback History of James Salinas');\nawait evaluation.checkSelectedTab();",
              "err": {},
              "uuid": "c10c9553-5780-422b-b2a0-8fe4085cbda8",
              "parentUUID": "12261278-917c-4786-93b5-0c506011e8aa",
              "isHook": false,
              "skipped": false
            },
            {
              "title": "should able to request a review",
              "fullTitle": "Retention Base Evaluations should able to request a review",
              "timedOut": false,
              "duration": 7281,
              "state": "passed",
              "speed": "slow",
              "pass": true,
              "fail": false,
              "pending": false,
              "context": null,
              "code": "await evaluation.clickFilterButton();\nawait evaluation.searchName('James Salinas');\nawait utilFun.wait(1000);\nconst name = await evaluation.getResourseName();\nutilFun.assertEql(name, 'James Salinas');\nawait evaluation.clickSeeFeedback();\nawait utilFun.wait(1000);\nawait evaluation.clickSubmittedReview();\nawait evaluation.clickReqReviewBtn();\nawait utilFun.wait(1000);\nawait evaluation.clickHod('Muhammad Bilal Rafaqat');\nawait evaluation.clickSendReqBtn();\nconst alertText = await evaluation.checkAlert();\nutilFun.assertEql(alertText, 'Request is send successfully.');",
              "err": {},
              "uuid": "d69b529f-0d12-4b27-95cb-6fbb0ee8b6ba",
              "parentUUID": "12261278-917c-4786-93b5-0c506011e8aa",
              "isHook": false,
              "skipped": false
            },
            {
              "title": "should able to give a review",
              "fullTitle": "Retention Base Evaluations should able to give a review",
              "timedOut": false,
              "duration": 12563,
              "state": "passed",
              "speed": "slow",
              "pass": true,
              "fail": false,
              "pending": false,
              "context": null,
              "code": "const query = [\n  `UPDATE employees SET \"departmentId\" = 9 WHERE id = 9474;`,\n  `UPDATE employees SET \"designationId\" = 83 WHERE id = 9474;`,\n  `UPDATE employees SET \"designation\" = 'Head of Engineering' WHERE id = 9474;`,\n];\nawait utilFun.udpateDatabase(query);\nawait utilFun.refresh();\nawait evaluation.clickFilterButton();\nawait evaluation.searchName('James Salinas');\nawait utilFun.wait(1000);\nconst name = await evaluation.getResourseName();\nutilFun.assertEql(name, 'James Salinas');\nawait evaluation.clickSeeFeedback();\nawait utilFun.wait(1000);\nawait evaluation.clickSubmittedReview();\nawait utilFun.wait(1000);\nawait evaluation.clickAddFeedback();\n// await feedbackForm.enterDate('03092023');\nawait feedbackForm.selectFeedbackDuration('6 Months');\nawait feedbackForm.selectNextReviewType('Annual');\nawait feedbackForm.selectRevisedDesignation('Software Engineer');\nawait feedbackForm.typeIncreament('200000');\nawait feedbackForm.typeDescription('testingggg');\nawait feedbackForm.clickSubmit();\nconst alertText = await evaluation.checkAlert();\nutilFun.assertEql(alertText, 'Increment status is updated successfully');",
              "err": {},
              "uuid": "b2aa0e92-6148-4504-a40e-999d9dd18334",
              "parentUUID": "12261278-917c-4786-93b5-0c506011e8aa",
              "isHook": false,
              "skipped": false
            },
            {
              "title": "should able to edit review form",
              "fullTitle": "Retention Base Evaluations should able to edit review form",
              "timedOut": false,
              "duration": 9373,
              "state": "passed",
              "speed": "slow",
              "pass": true,
              "fail": false,
              "pending": false,
              "context": null,
              "code": "await evaluation.clickFilterButton();\nawait evaluation.searchName('James Salinas');\nawait utilFun.wait(1000);\nconst name = await evaluation.getResourseName();\nutilFun.assertEql(name, 'James Salinas');\nawait evaluation.clickEditForm();\nawait utilFun.wait(1000);\n// await feedbackForm.enterDate('03102023');\nawait feedbackForm.selectFeedbackDuration('3 Months');\nawait feedbackForm.selectNextReviewType('Annual');\nawait feedbackForm.selectRevisedDesignation('Software Engineer');\nawait feedbackForm.typeIncreament('200000');\nawait feedbackForm.typeDescription('updated');\nawait feedbackForm.clickSubmit();\nconst alertText = await evaluation.checkAlert();\nutilFun.assertEql(alertText, 'Increment status is updated successfully');",
              "err": {},
              "uuid": "4b63f0e2-d823-417f-9b95-208ec96c2f17",
              "parentUUID": "12261278-917c-4786-93b5-0c506011e8aa",
              "isHook": false,
              "skipped": false
            },
            {
              "title": "should able to defer review",
              "fullTitle": "Retention Base Evaluations should able to defer review",
              "timedOut": false,
              "duration": 6898,
              "state": "passed",
              "speed": "slow",
              "pass": true,
              "fail": false,
              "pending": false,
              "context": null,
              "code": "const query = [\n  `UPDATE employees SET \"designation\" = 'HR' WHERE id = 9474;`,\n  `UPDATE employees SET \"departmentId\" = 7 WHERE id = 9474;`,\n  `UPDATE employees SET \"designationId\" = 77 WHERE id = 9474;`,\n];\nawait utilFun.udpateDatabase(query);\nawait utilFun.refresh();\nawait evaluation.clickFilterButton();\nawait evaluation.searchName('James Salinas');\nawait utilFun.wait(1000);\nconst name = await evaluation.getResourseName();\nutilFun.assertEql(name, 'James Salinas');\nawait evaluation.clickDefer();\nawait evaluation.clickDeferType();\nawait utilFun.wait(1000);\nawait evaluation.selectDeferType('2 Weeks');\nawait evaluation.typeDeferReason('testing');\nawait evaluation.clickSubmitBtn();\nconst alertText = await evaluation.checkAlert();\nutilFun.assertEql(alertText, 'Increment status is updated successfully');",
              "err": {},
              "uuid": "f7c4914d-f3cd-4531-98a9-86702c443da5",
              "parentUUID": "12261278-917c-4786-93b5-0c506011e8aa",
              "isHook": false,
              "skipped": false
            },
            {
              "title": "should able to complete review",
              "fullTitle": "Retention Base Evaluations should able to complete review",
              "timedOut": false,
              "duration": 10642,
              "state": "passed",
              "speed": "slow",
              "pass": true,
              "fail": false,
              "pending": false,
              "context": null,
              "code": "const query = [\n  `UPDATE employees SET \"designation\" = 'HR' WHERE id = 9474;`,\n  `UPDATE employees SET \"departmentId\" = 7 WHERE id = 9474;`,\n  `UPDATE employees SET \"designationId\" = 77 WHERE id = 9474;`,\n  `UPDATE employee_evaluations SET \"processType\" = NULL WHERE id = 26;`,\n  `UPDATE employee_evaluations SET \"reasonForDefer\" = NULL WHERE id = 26;`,\n  `UPDATE employee_evaluations SET \"processDate\" = NULL WHERE id = 26;`,\n];\nawait utilFun.udpateDatabase(query);\nawait utilFun.refresh();\nawait evaluation.clickFilterButton();\nawait evaluation.searchName('James Salinas');\nawait utilFun.wait(1000);\nconst name = await evaluation.getResourseName();\nutilFun.assertEql(name, 'James Salinas');\nawait evaluation.clickComplete();\n// await feedbackForm.enterDate('03102023');\nawait feedbackForm.selectFeedbackDuration('3 Months');\nawait feedbackForm.selectNextReviewType('Annual');\nawait feedbackForm.selectRevisedDesignation('Software Engineer');\nawait feedbackForm.typeIncreament('200000');\nawait feedbackForm.clickSubmit();\nconst alertText = await evaluation.checkAlert();\nutilFun.assertEql(alertText, 'Increment status is updated successfully');",
              "err": {},
              "uuid": "1fb44e08-f236-4b88-8047-424e56e119aa",
              "parentUUID": "12261278-917c-4786-93b5-0c506011e8aa",
              "isHook": false,
              "skipped": false
            }
          ],
          "suites": [],
          "passes": [
            "281fe3dd-08a6-430c-8b19-6889ae31b30d",
            "bcee78c4-e500-4351-a3b7-c8ab3d1de770",
            "0833d56e-f62a-41b5-90a4-635ae4521b92",
            "935a4173-aee3-44bd-8f11-86ef47cf697b",
            "cac2c664-1eab-4eac-97cc-174c9ab8a24b",
            "ec619642-2cc9-4705-b619-12ef282d01db",
            "5cd45c02-ba59-4de0-8afb-bb750898bea6",
            "58ea7209-d70c-475c-9adc-ba0d93eef802",
            "4daaa5d6-2bde-4a3a-9e45-dc9f08545409",
            "c10c9553-5780-422b-b2a0-8fe4085cbda8",
            "d69b529f-0d12-4b27-95cb-6fbb0ee8b6ba",
            "b2aa0e92-6148-4504-a40e-999d9dd18334",
            "4b63f0e2-d823-417f-9b95-208ec96c2f17",
            "f7c4914d-f3cd-4531-98a9-86702c443da5",
            "1fb44e08-f236-4b88-8047-424e56e119aa"
          ],
          "failures": [],
          "pending": [],
          "skipped": [],
          "duration": 91195,
          "root": false,
          "rootEmpty": false,
          "_timeout": 100000
        },
        {
          "uuid": "2749638a-4908-47a0-8b4d-50b304af79b3",
          "title": "Evaluations History",
          "fullFile": "/home/devops/invohub/resource-engagement/test/e2e/1-Evaluation/spec_4_history.js",
          "file": "/test/e2e/1-Evaluation/spec_4_history.js",
          "beforeHooks": [
            {
              "title": "\"before all\" hook in \"Evaluations History\"",
              "fullTitle": "Evaluations History \"before all\" hook in \"Evaluations History\"",
              "timedOut": false,
              "duration": 9993,
              "state": null,
              "speed": null,
              "pass": false,
              "fail": false,
              "pending": false,
              "context": null,
              "code": "await utilFun.loginAccount()\nconst url = await utilFun.getUrl();\nassert.equal(url, baseUrl + '/home');\nlet query = [\n  `UPDATE employee_evaluations SET \"processType\" = 'COMPLETE' WHERE id = 26;`,\n  `DELETE FROM employee_evaluations WHERE \"employeeId\" = 9742 AND \"incrementType\" = 'designation';`,\n  `UPDATE employee_evaluations SET \"processDate\" = '2023-03-28 17:32:33.501+05' WHERE id = 26;`,\n];\nawait utilFun.udpateDatabase(query);",
              "err": {},
              "uuid": "09f004ec-9cbc-4837-9077-641f3f0d3acc",
              "parentUUID": "2749638a-4908-47a0-8b4d-50b304af79b3",
              "isHook": true,
              "skipped": false
            },
            {
              "title": "\"before each\" hook in \"Evaluations History\"",
              "fullTitle": "Evaluations History \"before each\" hook in \"Evaluations History\"",
              "timedOut": false,
              "duration": 4504,
              "state": null,
              "speed": null,
              "pass": false,
              "fail": false,
              "pending": false,
              "context": null,
              "code": "await utilFun.visit(baseUrl + '/evaluation-history');\nawait utilFun.wait(4000);",
              "err": {},
              "uuid": "6b4ce269-b007-4b26-a8ef-e90d45002356",
              "parentUUID": "2749638a-4908-47a0-8b4d-50b304af79b3",
              "isHook": true,
              "skipped": false
            }
          ],
          "afterHooks": [],
          "tests": [
            {
              "title": "should check if evaluations history is showing",
              "fullTitle": "Evaluations History should check if evaluations history is showing",
              "timedOut": false,
              "duration": 43,
              "state": "passed",
              "speed": "medium",
              "pass": true,
              "fail": false,
              "pending": false,
              "context": null,
              "code": "let obj = await evaluation.getAllPendingResourses();\nassert(obj.length > 0, `No Evaluation Found`);",
              "err": {},
              "uuid": "c944c986-a1ad-4a98-ba11-51c3ab73bb3c",
              "parentUUID": "2749638a-4908-47a0-8b4d-50b304af79b3",
              "isHook": false,
              "skipped": false
            },
            {
              "title": "should able to filter resoures by name",
              "fullTitle": "Evaluations History should able to filter resoures by name",
              "timedOut": false,
              "duration": 2155,
              "state": "passed",
              "speed": "slow",
              "pass": true,
              "fail": false,
              "pending": false,
              "context": null,
              "code": "await evaluation.clickFilterButton();\nawait evaluation.searchName('James Salinas');\nawait utilFun.wait(1000);\nconst name = await evaluation.getResourseName();\nutilFun.assertEql(name, 'James Salinas');",
              "err": {},
              "uuid": "6f381dfe-6fe2-4563-bee3-be33ee2a6a95",
              "parentUUID": "2749638a-4908-47a0-8b4d-50b304af79b3",
              "isHook": false,
              "skipped": false
            },
            {
              "title": "should able to check review is completed",
              "fullTitle": "Evaluations History should able to check review is completed",
              "timedOut": false,
              "duration": 2083,
              "state": "passed",
              "speed": "slow",
              "pass": true,
              "fail": false,
              "pending": false,
              "context": null,
              "code": "await evaluation.clickFilterButton();\nawait evaluation.searchName('James Salinas');\nawait utilFun.wait(1000);\nconst name = await evaluation.checkProcessState()\nutilFun.assertEql(name, 'Complete');",
              "err": {},
              "uuid": "d266fbab-5546-4e25-913c-fbc902fad5eb",
              "parentUUID": "2749638a-4908-47a0-8b4d-50b304af79b3",
              "isHook": false,
              "skipped": false
            },
            {
              "title": "should able to filter resoures by Review Type",
              "fullTitle": "Evaluations History should able to filter resoures by Review Type",
              "timedOut": false,
              "duration": 1866,
              "state": "passed",
              "speed": "slow",
              "pass": true,
              "fail": false,
              "pending": false,
              "context": null,
              "code": "await evaluation.clickFilterButton();\nawait evaluation.selectReviewType('Annual');\nconst valuesCount = await evaluation.checkValues();\nutilFun.assertEql(valuesCount, 1);",
              "err": {},
              "uuid": "77898704-39e0-4511-bfb2-e8c66937afb4",
              "parentUUID": "2749638a-4908-47a0-8b4d-50b304af79b3",
              "isHook": false,
              "skipped": false
            },
            {
              "title": "should able to filter resoures by Last Increment",
              "fullTitle": "Evaluations History should able to filter resoures by Last Increment",
              "timedOut": false,
              "duration": 1816,
              "state": "passed",
              "speed": "slow",
              "pass": true,
              "fail": false,
              "pending": false,
              "context": null,
              "code": "await evaluation.clickFilterButton();\nawait evaluation.selectLastIncrement('N/A');\nconst valuesCount = await evaluation.checkValues();\nutilFun.assertEql(valuesCount, 1);",
              "err": {},
              "uuid": "c8f6dd52-c910-4055-94df-e24cb21a72c6",
              "parentUUID": "2749638a-4908-47a0-8b4d-50b304af79b3",
              "isHook": false,
              "skipped": false
            },
            {
              "title": "should able to  copy email from options",
              "fullTitle": "Evaluations History should able to  copy email from options",
              "timedOut": false,
              "duration": 4426,
              "state": "passed",
              "speed": "slow",
              "pass": true,
              "fail": false,
              "pending": false,
              "context": null,
              "code": "await evaluation.clickFilterButton();\nawait evaluation.searchName('James Salinas');\nawait utilFun.wait(1000);\nconst name = await evaluation.getResourseName();\nutilFun.assertEql(name, 'James Salinas');\nawait evaluation.clickOptionBtn();\nawait utilFun.wait(1000);\nawait evaluation.selectOption('Copy Email');\nconst alertText = await evaluation.checkAlert();\nutilFun.assertEql(alertText, 'Email address is copied');",
              "err": {},
              "uuid": "def62513-eb2c-4d46-8888-d68ac706f20b",
              "parentUUID": "2749638a-4908-47a0-8b4d-50b304af79b3",
              "isHook": false,
              "skipped": false
            },
            {
              "title": "should able to Send Email from options",
              "fullTitle": "Evaluations History should able to Send Email from options",
              "timedOut": false,
              "duration": 7603,
              "state": "passed",
              "speed": "slow",
              "pass": true,
              "fail": false,
              "pending": false,
              "context": null,
              "code": "await evaluation.clickFilterButton();\nawait evaluation.searchName('James Salinas');\nawait utilFun.wait(1000);\nconst name = await evaluation.getResourseName();\nutilFun.assertEql(name, 'James Salinas');\nawait evaluation.clickOptionBtn();\nawait utilFun.wait(1000);\nawait evaluation.selectOption('Send Email');\nawait utilFun.wait(1000);\nawait utilFun.switchWindow(1);\nawait utilFun.wait(3000);\nconst url = await utilFun.getUrl();\nassert.equal(url, 'https://mail.google.com/mail/u/0/?fs=1&tf=cm&to=james@robot-mail.com');\nawait utilFun.closeCurrentTab();\nawait utilFun.switchWindow(0);",
              "err": {},
              "uuid": "05c7f03a-b65c-42aa-9feb-efa3e0fd4dbf",
              "parentUUID": "2749638a-4908-47a0-8b4d-50b304af79b3",
              "isHook": false,
              "skipped": false
            },
            {
              "title": "should able to Open Slack DM from options",
              "fullTitle": "Evaluations History should able to Open Slack DM from options",
              "timedOut": false,
              "duration": 7506,
              "state": "passed",
              "speed": "slow",
              "pass": true,
              "fail": false,
              "pending": false,
              "context": null,
              "code": "await evaluation.clickFilterButton();\nawait evaluation.searchName('James Salinas');\nawait utilFun.wait(1000);\nconst name = await evaluation.getResourseName();\nutilFun.assertEql(name, 'James Salinas');\nawait evaluation.clickOptionBtn();\nawait utilFun.wait(1000);\nawait evaluation.selectOption('Open Slack DM');\nawait utilFun.wait(1000);\nawait utilFun.switchWindow(1);\nawait utilFun.wait(3000);\nconst url = await utilFun.getUrl();\nassert.equal(url, 'https://invozone.slack.com/?redir=%2Fapp_redirect%3Fchannel%3Dundefined');\nawait utilFun.closeCurrentTab();\nawait utilFun.switchWindow(0);",
              "err": {},
              "uuid": "66e57c26-f885-4bd5-9ac0-247be5a313f6",
              "parentUUID": "2749638a-4908-47a0-8b4d-50b304af79b3",
              "isHook": false,
              "skipped": false
            },
            {
              "title": "should able to see Email from options",
              "fullTitle": "Evaluations History should able to see Email from options",
              "timedOut": false,
              "duration": 7542,
              "state": "passed",
              "speed": "slow",
              "pass": true,
              "fail": false,
              "pending": false,
              "context": null,
              "code": "await evaluation.clickFilterButton();\nawait evaluation.searchName('James Salinas');\nawait utilFun.wait(1000);\nconst name = await evaluation.getResourseName();\nutilFun.assertEql(name, 'James Salinas');\nawait evaluation.clickOptionBtn();\nawait utilFun.wait(1000);\nawait evaluation.selectOption('See Email');\nawait utilFun.wait(4000);\nconst email = await evaluation.copyEmail();\nassert.equal(email, 'Email: james@robot-mail.com');",
              "err": {},
              "uuid": "cdd1ea36-2851-4890-a782-e212fbc6c1be",
              "parentUUID": "2749638a-4908-47a0-8b4d-50b304af79b3",
              "isHook": false,
              "skipped": false
            },
            {
              "title": "should able to copy Phone Number from options",
              "fullTitle": "Evaluations History should able to copy Phone Number from options",
              "timedOut": false,
              "duration": 7139,
              "state": "passed",
              "speed": "slow",
              "pass": true,
              "fail": false,
              "pending": false,
              "context": null,
              "code": "await evaluation.clickFilterButton();\nawait evaluation.searchName('James Salinas');\nawait utilFun.wait(1000);\nconst name = await evaluation.getResourseName();\nutilFun.assertEql(name, 'James Salinas');\nawait evaluation.clickOptionBtn();\nawait utilFun.wait(1000);\nawait evaluation.selectOption('Phone Number');\nawait utilFun.wait(3000);\nawait evaluation.copyPhoneNumber();\nconst alertText = await evaluation.checkAlert();\nassert.equal(alertText, 'Phone# is copied successfully');",
              "err": {},
              "uuid": "61895f03-981d-4ff8-a6ad-6da44bcbed94",
              "parentUUID": "2749638a-4908-47a0-8b4d-50b304af79b3",
              "isHook": false,
              "skipped": false
            },
            {
              "title": "should able to see Resource Details from options",
              "fullTitle": "Evaluations History should able to see Resource Details from options",
              "timedOut": false,
              "duration": 4839,
              "state": "passed",
              "speed": "slow",
              "pass": true,
              "fail": false,
              "pending": false,
              "context": null,
              "code": "await evaluation.clickFilterButton();\nawait evaluation.searchName('James Salinas');\nawait utilFun.wait(1000);\nconst name = await evaluation.getResourseName();\nutilFun.assertEql(name, 'James Salinas');\nawait evaluation.clickResource();\nawait utilFun.wait(1000);\nawait utilFun.switchWindow(1);\nawait utilFun.wait(1000);\nconst url = await utilFun.getUrl();\nassert.equal(url, baseUrl + '/resource-detail/9742?tab=Basic_Information');\nawait utilFun.closeCurrentTab();\nawait utilFun.switchWindow(0);",
              "err": {},
              "uuid": "d3ed181a-eb4d-451e-80d3-cf643fcb248d",
              "parentUUID": "2749638a-4908-47a0-8b4d-50b304af79b3",
              "isHook": false,
              "skipped": false
            },
            {
              "title": "should able to see employee history",
              "fullTitle": "Evaluations History should able to see employee history",
              "timedOut": false,
              "duration": 3516,
              "state": "passed",
              "speed": "slow",
              "pass": true,
              "fail": false,
              "pending": false,
              "context": null,
              "code": "await evaluation.clickFilterButton();\nawait evaluation.searchName('James Salinas');\nawait utilFun.wait(1000);\nconst name = await evaluation.getResourseName();\nutilFun.assertEql(name, 'James Salinas');\nawait evaluation.clickSeeFeedback();\nawait utilFun.wait(1000);\nconst title = await evaluation.checkTitle();\nutilFun.assertEql(title, 'Feedback History of James Salinas');\nawait evaluation.checkSelectedTab();",
              "err": {},
              "uuid": "28291fa7-bc9a-44ea-a29c-4b3dad8e92f0",
              "parentUUID": "2749638a-4908-47a0-8b4d-50b304af79b3",
              "isHook": false,
              "skipped": false
            },
            {
              "title": "should able to Initiate a Revised Designation",
              "fullTitle": "Evaluations History should able to Initiate a Revised Designation",
              "timedOut": false,
              "duration": 6721,
              "state": "passed",
              "speed": "slow",
              "pass": true,
              "fail": false,
              "pending": false,
              "context": null,
              "code": "await evaluation.clickFilterButton();\nawait evaluation.searchName('James Salinas');\nawait utilFun.wait(1000);\nconst name = await evaluation.getResourseName();\nutilFun.assertEql(name, 'James Salinas');\nawait evaluation.clickOptionBtn();\nawait utilFun.wait(1000);\nawait evaluation.selectOption('Initiate a Revised Designation');\nawait utilFun.wait(3000);\nconst alertText = await evaluation.checkAlert();\nassert.equal(alertText, 'Review is initiated successfully.');",
              "err": {},
              "uuid": "cd307df2-9703-4826-ab51-22ea6e86dae4",
              "parentUUID": "2749638a-4908-47a0-8b4d-50b304af79b3",
              "isHook": false,
              "skipped": false
            },
            {
              "title": "should able check if revised Designation evaluation is showing",
              "fullTitle": "Evaluations History should able check if revised Designation evaluation is showing",
              "timedOut": false,
              "duration": 7337,
              "state": "passed",
              "speed": "slow",
              "pass": true,
              "fail": false,
              "pending": false,
              "context": null,
              "code": "await utilFun.visit(baseUrl + '/evaluation');\nawait utilFun.refresh();\nawait evaluation.clickFilterButton();\nawait evaluation.searchName('James Salinas');\nawait utilFun.wait(1000);\nawait evaluation.selectReviewType('Rev. Designation');\nawait utilFun.wait(1000);\nconst name = await evaluation.getResourseName();\nutilFun.assertEql(name, 'James Salinas');",
              "err": {},
              "uuid": "c7775cc7-3e53-4175-993a-fa38d4436ddc",
              "parentUUID": "2749638a-4908-47a0-8b4d-50b304af79b3",
              "isHook": false,
              "skipped": false
            }
          ],
          "suites": [],
          "passes": [
            "c944c986-a1ad-4a98-ba11-51c3ab73bb3c",
            "6f381dfe-6fe2-4563-bee3-be33ee2a6a95",
            "d266fbab-5546-4e25-913c-fbc902fad5eb",
            "77898704-39e0-4511-bfb2-e8c66937afb4",
            "c8f6dd52-c910-4055-94df-e24cb21a72c6",
            "def62513-eb2c-4d46-8888-d68ac706f20b",
            "05c7f03a-b65c-42aa-9feb-efa3e0fd4dbf",
            "66e57c26-f885-4bd5-9ac0-247be5a313f6",
            "cdd1ea36-2851-4890-a782-e212fbc6c1be",
            "61895f03-981d-4ff8-a6ad-6da44bcbed94",
            "d3ed181a-eb4d-451e-80d3-cf643fcb248d",
            "28291fa7-bc9a-44ea-a29c-4b3dad8e92f0",
            "cd307df2-9703-4826-ab51-22ea6e86dae4",
            "c7775cc7-3e53-4175-993a-fa38d4436ddc"
          ],
          "failures": [],
          "pending": [],
          "skipped": [],
          "duration": 64592,
          "root": false,
          "rootEmpty": false,
          "_timeout": 100000
        }
      ],
      "passes": [],
      "failures": [],
      "pending": [],
      "skipped": [],
      "duration": 0,
      "root": true,
      "rootEmpty": true,
      "_timeout": 100000
    }
  ],
  "meta": {
    "mocha": {
      "version": "10.2.0"
    },
    "mochawesome": {
      "options": {
        "quiet": false,
        "reportFilename": "mochawesome",
        "saveHtml": true,
        "saveJson": true,
        "consoleReporter": "spec",
        "useInlineDiffs": false,
        "code": true
      },
      "version": "7.1.3"
    },
    "marge": {
      "options": {
        "reportDir": "test/report"
      },
      "version": "6.2.0"
    }
  }
}