{
  "stats": {
    "suites": 17,
    "tests": 363,
    "passes": 337,
    "pending": 19,
    "failures": 7,
    "start": "2024-01-30T06:00:44.570Z",
    "end": "2024-01-30T07:12:30.186Z",
    "duration": 4305616,
    "testsRegistered": 363,
    "passPercent": 97.96511627906976,
    "pendingPercent": 5.234159779614325,
    "other": 0,
    "hasOther": false,
    "skipped": 0,
    "hasSkipped": false
  },
  "results": [
    {
      "uuid": "0ceac9a8-02d6-48e1-8168-71f9bccfad40",
      "title": "",
      "fullFile": "",
      "file": "",
      "beforeHooks": [],
      "afterHooks": [],
      "tests": [],
      "suites": [
        {
          "uuid": "8f111e52-fa04-489a-8e26-c621e5e6b6c4",
          "title": "Pending Evaluations",
          "fullFile": "/home/devops/invohub/resource-engagement/test/e2e/evaluation/spec_1_pendings.js",
          "file": "/test/e2e/evaluation/spec_1_pendings.js",
          "beforeHooks": [
            {
              "title": "\"before all\" hook in \"Pending Evaluations\"",
              "fullTitle": "Pending Evaluations \"before all\" hook in \"Pending Evaluations\"",
              "timedOut": false,
              "duration": 49794,
              "state": null,
              "speed": null,
              "pass": false,
              "fail": false,
              "pending": false,
              "context": null,
              "code": "let query = [\n  `UPDATE departments SET \"hodId\" = 9474 WHERE id = 9;`,\n  `UPDATE employees SET \"email\" = 'bilal.rafaqat@invozone.de' WHERE id = 9429;`,\n  `UPDATE employees SET \"email\" = 'bilal.rafaqat@invozone.dev' WHERE id = 9474;`,\n];\nawait utilFun.udpateDatabase(query);\nawait utilFun.login(email, password);\nconst url = await utilFun.getUrl();\nassert.equal(url, baseUrl + '/home');\nlet query1 =[\n    `UPDATE employee_evaluations SET \"incrementType\" = 'annual' WHERE id = 26;`,\n    `UPDATE employee_evaluations SET \"processType\" = NULL WHERE id = 26;`,\n    `UPDATE employee_evaluations SET \"reasonForDefer\" = NULL WHERE id = 26;`,\n    `UPDATE employee_evaluations SET \"processDate\" = NULL WHERE id = 26;`,\n    `UPDATE employee_evaluations SET \"feedback\" = NULL WHERE id = 26;`,\n    `DELETE FROM employee_evaluations WHERE \"employeeId\" = 9742 AND \"incrementType\" = 'designation';`,\n    ];\n    await utilFun.udpateDatabase(query1);",
              "err": {},
              "uuid": "6d5f7f92-1227-4ad0-99bd-ac8009c1a897",
              "parentUUID": "8f111e52-fa04-489a-8e26-c621e5e6b6c4",
              "isHook": true,
              "skipped": false
            },
            {
              "title": "\"before each\" hook in \"Pending Evaluations\"",
              "fullTitle": "Pending Evaluations \"before each\" hook in \"Pending Evaluations\"",
              "timedOut": false,
              "duration": 3612,
              "state": null,
              "speed": null,
              "pass": false,
              "fail": false,
              "pending": false,
              "context": null,
              "code": "await utilFun.visit(baseUrl + '/evaluation');\nawait utilFun.wait(3000);",
              "err": {},
              "uuid": "4e5476fd-9699-4cab-891b-5a871ea9b903",
              "parentUUID": "8f111e52-fa04-489a-8e26-c621e5e6b6c4",
              "isHook": true,
              "skipped": false
            }
          ],
          "afterHooks": [],
          "tests": [
            {
              "title": "should check if pending evaluations are showing",
              "fullTitle": "Pending Evaluations should check if pending evaluations are showing",
              "timedOut": false,
              "duration": 43,
              "state": "passed",
              "speed": "medium",
              "pass": true,
              "fail": false,
              "pending": false,
              "context": null,
              "code": "let obj = await evaluation.getAllPendingResourses();\nassert(obj.length > 0, `No Evaluation Found`);",
              "err": {},
              "uuid": "05b4aa9b-5d97-4a17-8f30-b31979955e12",
              "parentUUID": "8f111e52-fa04-489a-8e26-c621e5e6b6c4",
              "isHook": false,
              "skipped": false
            },
            {
              "title": "should able to filter resoures by name",
              "fullTitle": "Pending Evaluations should able to filter resoures by name",
              "timedOut": false,
              "duration": 2126,
              "state": "passed",
              "speed": "slow",
              "pass": true,
              "fail": false,
              "pending": false,
              "context": null,
              "code": "await evaluation.clickFilterButton();\nawait evaluation.searchName('James Salinas');\nawait utilFun.wait(1000);\nconst name = await evaluation.getResourseName();\nutilFun.assertEql(name, 'James Salinas');",
              "err": {},
              "uuid": "32f5e03d-ebb4-4e1e-bfb7-cb49d2313fe2",
              "parentUUID": "8f111e52-fa04-489a-8e26-c621e5e6b6c4",
              "isHook": false,
              "skipped": false
            },
            {
              "title": "should able to filter resoures by Review Type",
              "fullTitle": "Pending Evaluations should able to filter resoures by Review Type",
              "timedOut": false,
              "duration": 1619,
              "state": "passed",
              "speed": "slow",
              "pass": true,
              "fail": false,
              "pending": false,
              "context": null,
              "code": "await evaluation.clickFilterButton();\nawait evaluation.selectReviewType('Annual');\nconst valuesCount = await evaluation.checkValues();\nutilFun.assertEql(valuesCount, 1);",
              "err": {},
              "uuid": "b908afdd-46b0-4922-bb4d-c8a7028bc382",
              "parentUUID": "8f111e52-fa04-489a-8e26-c621e5e6b6c4",
              "isHook": false,
              "skipped": false
            },
            {
              "title": "should able to filter resoures by Last Increment",
              "fullTitle": "Pending Evaluations should able to filter resoures by Last Increment",
              "timedOut": false,
              "duration": 1605,
              "state": "passed",
              "speed": "slow",
              "pass": true,
              "fail": false,
              "pending": false,
              "context": null,
              "code": "await evaluation.clickFilterButton();\nawait evaluation.selectLastIncrement('N/A');\nconst valuesCount = await evaluation.checkValues();\nutilFun.assertEql(valuesCount, 1);",
              "err": {},
              "uuid": "ec083498-9562-4a98-b572-477685f8c37f",
              "parentUUID": "8f111e52-fa04-489a-8e26-c621e5e6b6c4",
              "isHook": false,
              "skipped": false
            },
            {
              "title": "should able to  copy email from options",
              "fullTitle": "Pending Evaluations should able to  copy email from options",
              "timedOut": false,
              "duration": 6510,
              "state": "passed",
              "speed": "slow",
              "pass": true,
              "fail": false,
              "pending": false,
              "context": null,
              "code": "await evaluation.clickFilterButton();\nawait evaluation.searchName('James Salinas');\nawait utilFun.wait(1000);\nconst name = await evaluation.getResourseName();\nutilFun.assertEql(name, 'James Salinas');\nawait evaluation.clickOptionBtn();\nawait utilFun.wait(1000);\nawait evaluation.selectOption('Copy Email');\nawait utilFun.wait(3000);\nconst alertText = await evaluation.checkAlert();\nutilFun.assertEql(alertText, 'Email address is copied');",
              "err": {},
              "uuid": "697902f9-1b3d-4244-bd8b-db23b6b4b113",
              "parentUUID": "8f111e52-fa04-489a-8e26-c621e5e6b6c4",
              "isHook": false,
              "skipped": false
            },
            {
              "title": "should able to Send Email from options",
              "fullTitle": "Pending Evaluations should able to Send Email from options",
              "timedOut": false,
              "duration": 9176,
              "state": "passed",
              "speed": "slow",
              "pass": true,
              "fail": false,
              "pending": false,
              "context": null,
              "code": "await evaluation.clickFilterButton();\nawait evaluation.searchName('James Salinas');\nawait utilFun.wait(1000);\nconst name = await evaluation.getResourseName();\nutilFun.assertEql(name, 'James Salinas');\nawait evaluation.clickOptionBtn();\nawait utilFun.wait(1000);\nawait evaluation.selectOption('Send Email');\nawait utilFun.wait(1000);\nawait utilFun.switchWindow(1);\nawait utilFun.wait(3000);\nconst url = await utilFun.getUrl();\nassert.equal(url, 'https://mail.google.com/mail/u/0/?fs=1&tf=cm&to=james@robot-mail.com');\nawait utilFun.closeCurrentTab();\nawait utilFun.switchWindow(0);",
              "err": {},
              "uuid": "b5f9a1d2-4056-4240-afe3-0fcf5708249f",
              "parentUUID": "8f111e52-fa04-489a-8e26-c621e5e6b6c4",
              "isHook": false,
              "skipped": false
            },
            {
              "title": "should able to Open Slack DM from options",
              "fullTitle": "Pending Evaluations should able to Open Slack DM from options",
              "timedOut": false,
              "duration": 7539,
              "state": "passed",
              "speed": "slow",
              "pass": true,
              "fail": false,
              "pending": false,
              "context": null,
              "code": "await evaluation.clickFilterButton();\nawait evaluation.searchName('James Salinas');\nawait utilFun.wait(1000);\nconst name = await evaluation.getResourseName();\nutilFun.assertEql(name, 'James Salinas');\nawait evaluation.clickOptionBtn();\nawait utilFun.wait(1000);\nawait evaluation.selectOption('Open Slack DM');\nawait utilFun.wait(1000);\nawait utilFun.switchWindow(1);\nawait utilFun.wait(3000);\nconst url = await utilFun.getUrl();\nassert.equal(url, 'https://invozone.slack.com/?redir=%2Fapp_redirect%3Fchannel%3Dundefined');\nawait utilFun.closeCurrentTab();\nawait utilFun.switchWindow(0);",
              "err": {},
              "uuid": "2d09c206-bbe0-4361-837e-33f94f31953a",
              "parentUUID": "8f111e52-fa04-489a-8e26-c621e5e6b6c4",
              "isHook": false,
              "skipped": false
            },
            {
              "title": "should able to see Email from options",
              "fullTitle": "Pending Evaluations should able to see Email from options",
              "timedOut": false,
              "duration": 6392,
              "state": "passed",
              "speed": "slow",
              "pass": true,
              "fail": false,
              "pending": false,
              "context": null,
              "code": "await evaluation.clickFilterButton();\nawait evaluation.searchName('James Salinas');\nawait utilFun.wait(1000);\nconst name = await evaluation.getResourseName();\nutilFun.assertEql(name, 'James Salinas');\nawait evaluation.clickOptionBtn();\nawait utilFun.wait(1000);\nawait evaluation.selectOption('See Email');\nawait utilFun.wait(3000);\nconst email = await evaluation.copyEmail();\nassert.equal(email, 'Email: james@robot-mail.com');",
              "err": {},
              "uuid": "5ad2e052-54fc-4ddf-8381-2e9b811aa8e7",
              "parentUUID": "8f111e52-fa04-489a-8e26-c621e5e6b6c4",
              "isHook": false,
              "skipped": false
            },
            {
              "title": "should able to copy Phone Number from options",
              "fullTitle": "Pending Evaluations should able to copy Phone Number from options",
              "timedOut": false,
              "duration": 6839,
              "state": "passed",
              "speed": "slow",
              "pass": true,
              "fail": false,
              "pending": false,
              "context": null,
              "code": "await evaluation.clickFilterButton();\nawait evaluation.searchName('James Salinas');\nawait utilFun.wait(1000);\nconst name = await evaluation.getResourseName();\nutilFun.assertEql(name, 'James Salinas');\nawait evaluation.clickOptionBtn();\nawait utilFun.wait(1000);\nawait evaluation.selectOption('Phone Number');\nawait utilFun.wait(3000);\nawait evaluation.copyPhoneNumber();\nconst alertText = await evaluation.checkAlert();\nassert.equal(alertText, 'Phone# is copied successfully');",
              "err": {},
              "uuid": "058631b4-f9bd-4b5b-93b0-91f01120fd14",
              "parentUUID": "8f111e52-fa04-489a-8e26-c621e5e6b6c4",
              "isHook": false,
              "skipped": false
            },
            {
              "title": "should able to see Resource Details from options",
              "fullTitle": "Pending Evaluations should able to see Resource Details from options",
              "timedOut": false,
              "duration": 4634,
              "state": "passed",
              "speed": "slow",
              "pass": true,
              "fail": false,
              "pending": false,
              "context": null,
              "code": "await evaluation.clickFilterButton();\nawait evaluation.searchName('James Salinas');\nawait utilFun.wait(1000);\nconst name = await evaluation.getResourseName();\nutilFun.assertEql(name, 'James Salinas');\nawait evaluation.clickResource();\nawait utilFun.wait(1000);\nawait utilFun.switchWindow(1);\nawait utilFun.wait(1000);\nconst url = await utilFun.getUrl();\nassert.equal(url, 'http://localhost:3000/resource-detail/9742?tab=Basic_Information');\nawait utilFun.closeCurrentTab();\nawait utilFun.switchWindow(0);",
              "err": {},
              "uuid": "fea54d87-c1dc-49b6-8b4e-25a1b42360b8",
              "parentUUID": "8f111e52-fa04-489a-8e26-c621e5e6b6c4",
              "isHook": false,
              "skipped": false
            },
            {
              "title": "should able to see employee history",
              "fullTitle": "Pending Evaluations should able to see employee history",
              "timedOut": false,
              "duration": 3336,
              "state": "passed",
              "speed": "slow",
              "pass": true,
              "fail": false,
              "pending": false,
              "context": null,
              "code": "await evaluation.clickFilterButton();\nawait evaluation.searchName('James Salinas');\nawait utilFun.wait(1000);\nconst name = await evaluation.getResourseName();\nutilFun.assertEql(name, 'James Salinas');\nawait evaluation.clickSeeFeedback();\nawait utilFun.wait(1000);\nconst title = await evaluation.checkTitle();\nutilFun.assertEql(title, 'Feedback History of James Salinas');\nawait evaluation.checkSelectedTab();",
              "err": {},
              "uuid": "94a8699c-48ad-48b5-899c-653f2283bd33",
              "parentUUID": "8f111e52-fa04-489a-8e26-c621e5e6b6c4",
              "isHook": false,
              "skipped": false
            },
            {
              "title": "should able to request a review",
              "fullTitle": "Pending Evaluations should able to request a review",
              "timedOut": false,
              "duration": 7563,
              "state": "passed",
              "speed": "slow",
              "pass": true,
              "fail": false,
              "pending": false,
              "context": null,
              "code": "await evaluation.clickFilterButton();\nawait evaluation.searchName('James Salinas');\nawait utilFun.wait(1000);\nconst name = await evaluation.getResourseName();\nutilFun.assertEql(name, 'James Salinas');\nawait evaluation.clickSeeFeedback();\nawait utilFun.wait(1000);\nawait evaluation.clickSubmittedReview();\nawait evaluation.clickReqReviewBtn();\nawait utilFun.wait(1000);\nawait evaluation.clickHod('Muhammad Bilal Rafaqat');\nawait evaluation.clickSendReqBtn();\nconst alertText = await evaluation.checkAlert();\nutilFun.assertEql(alertText, 'Request is send successfully.');",
              "err": {},
              "uuid": "9aba508c-99c3-4ed0-bea5-eee7fa6cf0a6",
              "parentUUID": "8f111e52-fa04-489a-8e26-c621e5e6b6c4",
              "isHook": false,
              "skipped": false
            },
            {
              "title": "should able to give a review",
              "fullTitle": "Pending Evaluations should able to give a review",
              "timedOut": false,
              "duration": 14522,
              "state": "passed",
              "speed": "slow",
              "pass": true,
              "fail": false,
              "pending": false,
              "context": null,
              "code": "const query = [\n  `UPDATE employees SET \"departmentId\" = 9 WHERE id = 9474;`,\n  `UPDATE employees SET \"designationId\" = 83 WHERE id = 9474;`,\n  `UPDATE employees SET \"designation\" = 'Head of Engineering' WHERE id = 9474;`,\n];\nawait utilFun.udpateDatabase(query);\nawait utilFun.refresh();\nawait evaluation.clickFilterButton();\nawait evaluation.searchName('James Salinas');\nawait utilFun.wait(1000);\nconst name = await evaluation.getResourseName();\nutilFun.assertEql(name, 'James Salinas');\nawait evaluation.clickSeeFeedback();\nawait utilFun.wait(1000);\nawait evaluation.clickSubmittedReview();\nawait utilFun.wait(1000);\nawait evaluation.clickAddFeedback();\n// await feedbackForm.enterDate('03092023');\nawait feedbackForm.selectFeedbackDuration('6 Months');\nawait feedbackForm.selectNextReviewType('Annual');\nawait feedbackForm.selectRevisedDesignation('Software Engineer');\nawait feedbackForm.selectRevisedDesignationCategory('Automation');\nawait feedbackForm.typeIncreament('200000');\nawait feedbackForm.typeDescription('testingggg');\nawait feedbackForm.clickSubmit();\nconst alertText = await evaluation.checkAlert();\nutilFun.assertEql(alertText, 'Increment status is updated successfully');",
              "err": {},
              "uuid": "15f28165-69af-42a7-988e-b67f363982a5",
              "parentUUID": "8f111e52-fa04-489a-8e26-c621e5e6b6c4",
              "isHook": false,
              "skipped": false
            },
            {
              "title": "should able to edit review form",
              "fullTitle": "Pending Evaluations should able to edit review form",
              "timedOut": false,
              "duration": 9506,
              "state": "passed",
              "speed": "slow",
              "pass": true,
              "fail": false,
              "pending": false,
              "context": null,
              "code": "await evaluation.clickFilterButton();\nawait evaluation.searchName('James Salinas');\nawait utilFun.wait(1000);\nconst name = await evaluation.getResourseName();\nutilFun.assertEql(name, 'James Salinas');\nawait evaluation.clickEditForm();\nawait utilFun.wait(1000);\n// await feedbackForm.enterDate('03102023');\nawait feedbackForm.selectFeedbackDuration('3 Months');\nawait feedbackForm.selectNextReviewType('Annual');\nawait feedbackForm.selectRevisedDesignation('Software Engineer');\nawait feedbackForm.typeIncreament('200000');\nawait feedbackForm.typeDescription('updated');\nawait feedbackForm.clickSubmit();\nconst alertText = await evaluation.checkAlert();\nutilFun.assertEql(alertText, 'Increment status is updated successfully');",
              "err": {},
              "uuid": "93c31314-d28d-4493-ae63-deb752312c54",
              "parentUUID": "8f111e52-fa04-489a-8e26-c621e5e6b6c4",
              "isHook": false,
              "skipped": false
            },
            {
              "title": "should able to defer review",
              "fullTitle": "Pending Evaluations should able to defer review",
              "timedOut": false,
              "duration": 7460,
              "state": "passed",
              "speed": "slow",
              "pass": true,
              "fail": false,
              "pending": false,
              "context": null,
              "code": "const query = [\n  `UPDATE employees SET \"designation\" = 'HR' WHERE id = 9474;`,\n  `UPDATE employees SET \"departmentId\" = 7 WHERE id = 9474;`,\n  `UPDATE employees SET \"designationId\" = 77 WHERE id = 9474;`,\n];\nawait utilFun.udpateDatabase(query);\nawait utilFun.refresh();\nawait evaluation.clickFilterButton();\nawait evaluation.searchName('James Salinas');\nawait utilFun.wait(1000);\nconst name = await evaluation.getResourseName();\nutilFun.assertEql(name, 'James Salinas');\nawait evaluation.clickDefer();\nawait evaluation.clickDeferType();\nawait utilFun.wait(1000);\nawait evaluation.selectDeferType('2 Weeks');\nawait evaluation.typeDeferReason('testing');\nawait evaluation.clickSubmitBtn();\nconst alertText = await evaluation.checkAlert();\nutilFun.assertEql(alertText, 'Increment status is updated successfully');",
              "err": {},
              "uuid": "d2553532-cbd0-42ba-8f03-47cf767c218e",
              "parentUUID": "8f111e52-fa04-489a-8e26-c621e5e6b6c4",
              "isHook": false,
              "skipped": false
            },
            {
              "title": "should able to complete review",
              "fullTitle": "Pending Evaluations should able to complete review",
              "timedOut": false,
              "duration": 11644,
              "state": "passed",
              "speed": "slow",
              "pass": true,
              "fail": false,
              "pending": false,
              "context": null,
              "code": "const query = [\n  `UPDATE employees SET \"designation\" = 'HR' WHERE id = 9474;`,\n  `UPDATE employees SET \"departmentId\" = 7 WHERE id = 9474;`,\n  `UPDATE employees SET \"designationId\" = 77 WHERE id = 9474;`,\n  `UPDATE employee_evaluations SET \"processType\" = NULL WHERE id = 26;`,\n  `UPDATE employee_evaluations SET \"reasonForDefer\" = NULL WHERE id = 26;`,\n  `UPDATE employee_evaluations SET \"processDate\" = NULL WHERE id = 26;`,\n];\nawait utilFun.udpateDatabase(query);\nawait utilFun.refresh();\nawait evaluation.clickFilterButton();\nawait evaluation.searchName('James Salinas');\nawait utilFun.wait(1000);\nconst name = await evaluation.getResourseName();\nutilFun.assertEql(name, 'James Salinas');\nawait evaluation.clickComplete();\nawait feedbackForm.enterDate('03102023');\nawait feedbackForm.selectFeedbackDuration('3 Months');\nawait feedbackForm.selectNextReviewType('Annual');\nawait feedbackForm.selectRevisedDesignation('Software Engineer');\nawait feedbackForm.typeIncreament('200000');\nawait feedbackForm.clickSubmit();\nconst alertText = await evaluation.checkAlert();\nutilFun.assertEql(alertText, 'Increment status is updated successfully');",
              "err": {},
              "uuid": "4ff95732-f775-4c36-9fd6-db6635970794",
              "parentUUID": "8f111e52-fa04-489a-8e26-c621e5e6b6c4",
              "isHook": false,
              "skipped": false
            }
          ],
          "suites": [],
          "passes": [
            "05b4aa9b-5d97-4a17-8f30-b31979955e12",
            "32f5e03d-ebb4-4e1e-bfb7-cb49d2313fe2",
            "b908afdd-46b0-4922-bb4d-c8a7028bc382",
            "ec083498-9562-4a98-b572-477685f8c37f",
            "697902f9-1b3d-4244-bd8b-db23b6b4b113",
            "b5f9a1d2-4056-4240-afe3-0fcf5708249f",
            "2d09c206-bbe0-4361-837e-33f94f31953a",
            "5ad2e052-54fc-4ddf-8381-2e9b811aa8e7",
            "058631b4-f9bd-4b5b-93b0-91f01120fd14",
            "fea54d87-c1dc-49b6-8b4e-25a1b42360b8",
            "94a8699c-48ad-48b5-899c-653f2283bd33",
            "9aba508c-99c3-4ed0-bea5-eee7fa6cf0a6",
            "15f28165-69af-42a7-988e-b67f363982a5",
            "93c31314-d28d-4493-ae63-deb752312c54",
            "d2553532-cbd0-42ba-8f03-47cf767c218e",
            "4ff95732-f775-4c36-9fd6-db6635970794"
          ],
          "failures": [],
          "pending": [],
          "skipped": [],
          "duration": 100514,
          "root": false,
          "rootEmpty": false,
          "_timeout": 100000
        },
        {
          "uuid": "403c8f4c-6984-462f-929d-f5d72e6549b3",
          "title": "Performance Base Evaluations",
          "fullFile": "/home/devops/invohub/resource-engagement/test/e2e/evaluation/spec_2_performance.js",
          "file": "/test/e2e/evaluation/spec_2_performance.js",
          "beforeHooks": [
            {
              "title": "\"before all\" hook in \"Performance Base Evaluations\"",
              "fullTitle": "Performance Base Evaluations \"before all\" hook in \"Performance Base Evaluations\"",
              "timedOut": false,
              "duration": 10198,
              "state": null,
              "speed": null,
              "pass": false,
              "fail": false,
              "pending": false,
              "context": null,
              "code": "await utilFun.loginAccount()\nconst url = await utilFun.getUrl();\nassert.equal(url, baseUrl + '/home');\nlet query = [\n  `UPDATE employee_evaluations SET \"incrementType\" = 'performance' WHERE id = 26;`,\n  `UPDATE employees SET \"designation\" = 'Software Engineer' WHERE id = 9474;`,\n  `UPDATE employees SET \"departmentId\" = 9 WHERE id = 9474;`,\n  `UPDATE employees SET \"designationId\" = 138 WHERE id = 9474;`,\n  `UPDATE employee_evaluations SET \"processType\" = NULL WHERE id = 26;`,\n  `UPDATE employee_evaluations SET \"reasonForDefer\" = NULL WHERE id = 26;`,\n  `UPDATE employee_evaluations SET \"processDate\" = NULL WHERE id = 26;`,\n  `UPDATE employee_evaluations SET \"feedback\" = NULL WHERE id = 26;`,\n];\nawait utilFun.udpateDatabase(query);",
              "err": {},
              "uuid": "9270bff6-2079-426c-b185-7e2855341bb6",
              "parentUUID": "403c8f4c-6984-462f-929d-f5d72e6549b3",
              "isHook": true,
              "skipped": false
            },
            {
              "title": "\"before each\" hook in \"Performance Base Evaluations\"",
              "fullTitle": "Performance Base Evaluations \"before each\" hook in \"Performance Base Evaluations\"",
              "timedOut": false,
              "duration": 4451,
              "state": null,
              "speed": null,
              "pass": false,
              "fail": false,
              "pending": false,
              "context": null,
              "code": "await utilFun.visit(baseUrl + '/evaluation-performance');\nawait utilFun.wait(4000);",
              "err": {},
              "uuid": "83d3c6ed-407e-4ea8-b2b5-cca55cfaf346",
              "parentUUID": "403c8f4c-6984-462f-929d-f5d72e6549b3",
              "isHook": true,
              "skipped": false
            }
          ],
          "afterHooks": [],
          "tests": [
            {
              "title": "should check if performance evaluations are showing",
              "fullTitle": "Performance Base Evaluations should check if performance evaluations are showing",
              "timedOut": false,
              "duration": 37,
              "state": "passed",
              "speed": "fast",
              "pass": true,
              "fail": false,
              "pending": false,
              "context": null,
              "code": "let obj = await evaluation.getAllPendingResourses();\nassert(obj.length > 0, `No Evaluation Found`);",
              "err": {},
              "uuid": "efb87dd2-3414-4d6a-9722-31b1e58377f3",
              "parentUUID": "403c8f4c-6984-462f-929d-f5d72e6549b3",
              "isHook": false,
              "skipped": false
            },
            {
              "title": "should able to filter resoures by name",
              "fullTitle": "Performance Base Evaluations should able to filter resoures by name",
              "timedOut": false,
              "duration": 2067,
              "state": "passed",
              "speed": "slow",
              "pass": true,
              "fail": false,
              "pending": false,
              "context": null,
              "code": "await evaluation.clickFilterButton();\nawait evaluation.searchName('James Salinas');\nawait utilFun.wait(1000);\nconst name = await evaluation.getResourseName();\nutilFun.assertEql(name, 'James Salinas');",
              "err": {},
              "uuid": "134c4874-41c5-4141-b625-a8ec3a116f86",
              "parentUUID": "403c8f4c-6984-462f-929d-f5d72e6549b3",
              "isHook": false,
              "skipped": false
            },
            {
              "title": "should able to filter resoures by Last Increment",
              "fullTitle": "Performance Base Evaluations should able to filter resoures by Last Increment",
              "timedOut": false,
              "duration": 1578,
              "state": "passed",
              "speed": "slow",
              "pass": true,
              "fail": false,
              "pending": false,
              "context": null,
              "code": "await evaluation.clickFilterButton();\nawait evaluation.selectLastIncrement('N/A');\nconst valuesCount = await evaluation.checkValues();\nutilFun.assertEql(valuesCount, 1);",
              "err": {},
              "uuid": "49842531-b384-47f6-b980-ff08fe3e64b1",
              "parentUUID": "403c8f4c-6984-462f-929d-f5d72e6549b3",
              "isHook": false,
              "skipped": false
            },
            {
              "title": "should able to  copy email from options",
              "fullTitle": "Performance Base Evaluations should able to  copy email from options",
              "timedOut": false,
              "duration": 4100,
              "state": "passed",
              "speed": "slow",
              "pass": true,
              "fail": false,
              "pending": false,
              "context": null,
              "code": "await evaluation.clickFilterButton();\nawait evaluation.searchName('James Salinas');\nawait utilFun.wait(1000);\nconst name = await evaluation.getResourseName();\nutilFun.assertEql(name, 'James Salinas');\nawait evaluation.clickOptionBtn();\nawait utilFun.wait(1000);\nawait evaluation.selectOption('Copy Email');\nconst alertText = await evaluation.checkAlert();\nutilFun.assertEql(alertText, 'Email address is copied');",
              "err": {},
              "uuid": "2d4b9552-d617-4b73-86e9-105fa021f2ce",
              "parentUUID": "403c8f4c-6984-462f-929d-f5d72e6549b3",
              "isHook": false,
              "skipped": false
            },
            {
              "title": "should able to Send Email from options",
              "fullTitle": "Performance Base Evaluations should able to Send Email from options",
              "timedOut": false,
              "duration": 7688,
              "state": "passed",
              "speed": "slow",
              "pass": true,
              "fail": false,
              "pending": false,
              "context": null,
              "code": "await evaluation.clickFilterButton();\nawait evaluation.searchName('James Salinas');\nawait utilFun.wait(1000);\nconst name = await evaluation.getResourseName();\nutilFun.assertEql(name, 'James Salinas');\nawait evaluation.clickOptionBtn();\nawait utilFun.wait(1000);\nawait evaluation.selectOption('Send Email');\nawait utilFun.wait(1000);\nawait utilFun.switchWindow(1);\nawait utilFun.wait(3000);\nconst url = await utilFun.getUrl();\nassert.equal(url, 'https://mail.google.com/mail/u/0/?fs=1&tf=cm&to=james@robot-mail.com');\nawait utilFun.closeCurrentTab();\nawait utilFun.switchWindow(0);",
              "err": {},
              "uuid": "6607e0e7-ca82-4d36-8b51-6b012e99ddcd",
              "parentUUID": "403c8f4c-6984-462f-929d-f5d72e6549b3",
              "isHook": false,
              "skipped": false
            },
            {
              "title": "should able to Open Slack DM from options",
              "fullTitle": "Performance Base Evaluations should able to Open Slack DM from options",
              "timedOut": false,
              "duration": 8411,
              "state": "passed",
              "speed": "slow",
              "pass": true,
              "fail": false,
              "pending": false,
              "context": null,
              "code": "await evaluation.clickFilterButton();\nawait evaluation.searchName('James Salinas');\nawait utilFun.wait(1000);\nconst name = await evaluation.getResourseName();\nutilFun.assertEql(name, 'James Salinas');\nawait evaluation.clickOptionBtn();\nawait utilFun.wait(1000);\nawait evaluation.selectOption('Open Slack DM');\nawait utilFun.wait(1000);\nawait utilFun.switchWindow(1);\nawait utilFun.wait(3000);\nconst url = await utilFun.getUrl();\nassert.equal(url, 'https://invozone.slack.com/?redir=%2Fapp_redirect%3Fchannel%3Dundefined');\nawait utilFun.closeCurrentTab();\nawait utilFun.switchWindow(0);",
              "err": {},
              "uuid": "885d3cc1-e95d-4036-a0f5-450f4057ffd7",
              "parentUUID": "403c8f4c-6984-462f-929d-f5d72e6549b3",
              "isHook": false,
              "skipped": false
            },
            {
              "title": "should able to see Email from options",
              "fullTitle": "Performance Base Evaluations should able to see Email from options",
              "timedOut": false,
              "duration": 7288,
              "state": "passed",
              "speed": "slow",
              "pass": true,
              "fail": false,
              "pending": false,
              "context": null,
              "code": "await evaluation.clickFilterButton();\nawait evaluation.searchName('James Salinas');\nawait utilFun.wait(1000);\nconst name = await evaluation.getResourseName();\nutilFun.assertEql(name, 'James Salinas');\nawait evaluation.clickOptionBtn();\nawait utilFun.wait(1000);\nawait evaluation.selectOption('See Email');\nawait utilFun.wait(4000);\nconst email = await evaluation.copyEmail();\nassert.equal(email, 'Email: james@robot-mail.com');",
              "err": {},
              "uuid": "b0a9b743-b121-4763-bc94-b003f3ca776c",
              "parentUUID": "403c8f4c-6984-462f-929d-f5d72e6549b3",
              "isHook": false,
              "skipped": false
            },
            {
              "title": "should able to copy Phone Number from options",
              "fullTitle": "Performance Base Evaluations should able to copy Phone Number from options",
              "timedOut": false,
              "duration": 6809,
              "state": "passed",
              "speed": "slow",
              "pass": true,
              "fail": false,
              "pending": false,
              "context": null,
              "code": "await evaluation.clickFilterButton();\nawait evaluation.searchName('James Salinas');\nawait utilFun.wait(1000);\nconst name = await evaluation.getResourseName();\nutilFun.assertEql(name, 'James Salinas');\nawait evaluation.clickOptionBtn();\nawait utilFun.wait(1000);\nawait evaluation.selectOption('Phone Number');\nawait utilFun.wait(3000);\nawait evaluation.copyPhoneNumber();\nconst alertText = await evaluation.checkAlert();\nassert.equal(alertText, 'Phone# is copied successfully');",
              "err": {},
              "uuid": "138097f5-6d47-4b6f-ad5f-8b46287dfa96",
              "parentUUID": "403c8f4c-6984-462f-929d-f5d72e6549b3",
              "isHook": false,
              "skipped": false
            },
            {
              "title": "should able to see Resource Details from options",
              "fullTitle": "Performance Base Evaluations should able to see Resource Details from options",
              "timedOut": false,
              "duration": 4699,
              "state": "passed",
              "speed": "slow",
              "pass": true,
              "fail": false,
              "pending": false,
              "context": null,
              "code": "await evaluation.clickFilterButton();\nawait evaluation.searchName('James Salinas');\nawait utilFun.wait(1000);\nconst name = await evaluation.getResourseName();\nutilFun.assertEql(name, 'James Salinas');\nawait evaluation.clickResource();\nawait utilFun.wait(1000);\nawait utilFun.switchWindow(1);\nawait utilFun.wait(1000);\nconst url = await utilFun.getUrl();\nassert.equal(url, baseUrl + '/resource-detail/9742?tab=Basic_Information');\nawait utilFun.closeCurrentTab();\nawait utilFun.switchWindow(0);",
              "err": {},
              "uuid": "c95a3e82-9a46-4ccc-abe8-b4a2e2816e31",
              "parentUUID": "403c8f4c-6984-462f-929d-f5d72e6549b3",
              "isHook": false,
              "skipped": false
            },
            {
              "title": "should able to see employee history",
              "fullTitle": "Performance Base Evaluations should able to see employee history",
              "timedOut": false,
              "duration": 3107,
              "state": "passed",
              "speed": "slow",
              "pass": true,
              "fail": false,
              "pending": false,
              "context": null,
              "code": "await evaluation.clickFilterButton();\nawait evaluation.searchName('James Salinas');\nawait utilFun.wait(1000);\nconst name = await evaluation.getResourseName();\nutilFun.assertEql(name, 'James Salinas');\nawait evaluation.clickSeeFeedback();\nawait utilFun.wait(1000);\nconst title = await evaluation.checkTitle();\nutilFun.assertEql(title, 'Feedback History of James Salinas');\nawait evaluation.checkSelectedTab();",
              "err": {},
              "uuid": "323e8a73-b2f3-459c-a271-1a598c9cb830",
              "parentUUID": "403c8f4c-6984-462f-929d-f5d72e6549b3",
              "isHook": false,
              "skipped": false
            },
            {
              "title": "should able to request a review",
              "fullTitle": "Performance Base Evaluations should able to request a review",
              "timedOut": false,
              "duration": 7374,
              "state": "passed",
              "speed": "slow",
              "pass": true,
              "fail": false,
              "pending": false,
              "context": null,
              "code": "await evaluation.clickFilterButton();\nawait evaluation.searchName('James Salinas');\nawait utilFun.wait(1000);\nconst name = await evaluation.getResourseName();\nutilFun.assertEql(name, 'James Salinas');\nawait evaluation.clickSeeFeedback();4\nawait utilFun.wait(1000);\nawait evaluation.clickSubmittedReview();\nawait evaluation.clickReqReviewBtn();\nawait utilFun.wait(1000);\nawait evaluation.clickHod('Muhammad Bilal Rafaqat');\nawait evaluation.clickSendReqBtn();\nconst alertText = await evaluation.checkAlert();\nutilFun.assertEql(alertText, 'Request is send successfully.');",
              "err": {},
              "uuid": "8819b3b8-875c-41da-a9bf-df044be9fe00",
              "parentUUID": "403c8f4c-6984-462f-929d-f5d72e6549b3",
              "isHook": false,
              "skipped": false
            },
            {
              "title": "should able to give a review",
              "fullTitle": "Performance Base Evaluations should able to give a review",
              "timedOut": false,
              "duration": 14435,
              "state": "passed",
              "speed": "slow",
              "pass": true,
              "fail": false,
              "pending": false,
              "context": null,
              "code": "const query = [\n  `UPDATE employees SET \"departmentId\" = 9 WHERE id = 9474;`,\n  `UPDATE employees SET \"designationId\" = 83 WHERE id = 9474;`,\n  `UPDATE employees SET \"designation\" = 'Head of Engineering' WHERE id = 9474;`,\n];\nawait utilFun.udpateDatabase(query);\nawait utilFun.refresh();\nawait evaluation.clickFilterButton();\nawait evaluation.searchName('James Salinas');\nawait utilFun.wait(1000);\nconst name = await evaluation.getResourseName();\nutilFun.assertEql(name, 'James Salinas');\nawait evaluation.clickSeeFeedback();\nawait utilFun.wait(1000);\nawait evaluation.clickSubmittedReview();\nawait utilFun.wait(1000);\nawait evaluation.clickAddFeedback();\nawait feedbackForm.enterDate('03092023');\nawait feedbackForm.selectFeedbackDuration('6 Months');\nawait feedbackForm.selectNextReviewType('Annual');\nawait feedbackForm.selectRevisedDesignation('Software Engineer');\nawait feedbackForm.typeIncreament('200000');\nawait feedbackForm.typeDescription('testingggg');\nawait feedbackForm.clickSubmit();\nconst alertText = await evaluation.checkAlert();\nutilFun.assertEql(alertText, 'Increment status is updated successfully');",
              "err": {},
              "uuid": "a364b4f8-e184-4a2c-a237-3a189593e8a7",
              "parentUUID": "403c8f4c-6984-462f-929d-f5d72e6549b3",
              "isHook": false,
              "skipped": false
            },
            {
              "title": "should able to edit review form",
              "fullTitle": "Performance Base Evaluations should able to edit review form",
              "timedOut": false,
              "duration": 9920,
              "state": "passed",
              "speed": "slow",
              "pass": true,
              "fail": false,
              "pending": false,
              "context": null,
              "code": "await evaluation.clickFilterButton();\nawait evaluation.searchName('James Salinas');\nawait utilFun.wait(1000);\nconst name = await evaluation.getResourseName();\nutilFun.assertEql(name, 'James Salinas');\nawait evaluation.clickEditForm();\nawait utilFun.wait(1000);\nawait feedbackForm.enterDate('03102023');\nawait feedbackForm.selectFeedbackDuration('3 Months');\nawait feedbackForm.selectNextReviewType('Annual');\nawait feedbackForm.selectRevisedDesignation('Software Engineer');\nawait feedbackForm.typeIncreament('200000');\nawait feedbackForm.typeDescription('updated');\nawait feedbackForm.clickSubmit();\nconst alertText = await evaluation.checkAlert();\nutilFun.assertEql(alertText, 'Increment status is updated successfully');",
              "err": {},
              "uuid": "36133a42-c063-4f2f-8e99-2919139052c9",
              "parentUUID": "403c8f4c-6984-462f-929d-f5d72e6549b3",
              "isHook": false,
              "skipped": false
            },
            {
              "title": "should able to defer review",
              "fullTitle": "Performance Base Evaluations should able to defer review",
              "timedOut": false,
              "duration": 7190,
              "state": "passed",
              "speed": "slow",
              "pass": true,
              "fail": false,
              "pending": false,
              "context": null,
              "code": "const query = [\n  `UPDATE employees SET \"designation\" = 'HR' WHERE id = 9474;`,\n  `UPDATE employees SET \"departmentId\" = 7 WHERE id = 9474;`,\n  `UPDATE employees SET \"designationId\" = 77 WHERE id = 9474;`,\n];\nawait utilFun.udpateDatabase(query);\nawait utilFun.refresh();\nawait evaluation.clickFilterButton();\nawait evaluation.searchName('James Salinas');\nawait utilFun.wait(1000);\nconst name = await evaluation.getResourseName();\nutilFun.assertEql(name, 'James Salinas');\nawait evaluation.clickDefer();\nawait evaluation.clickDeferType();\nawait utilFun.wait(1000);\nawait evaluation.selectDeferType('2 Weeks');\nawait evaluation.typeDeferReason('testing');\nawait evaluation.clickSubmitBtn();\nconst alertText = await evaluation.checkAlert();\nutilFun.assertEql(alertText, 'Increment status is updated successfully');",
              "err": {},
              "uuid": "bcccf2ac-59f7-4311-bcf3-05522b6abaf0",
              "parentUUID": "403c8f4c-6984-462f-929d-f5d72e6549b3",
              "isHook": false,
              "skipped": false
            },
            {
              "title": "should able to complete review",
              "fullTitle": "Performance Base Evaluations should able to complete review",
              "timedOut": false,
              "duration": 11238,
              "state": "passed",
              "speed": "slow",
              "pass": true,
              "fail": false,
              "pending": false,
              "context": null,
              "code": "const query = [\n  `UPDATE employees SET \"designation\" = 'HR' WHERE id = 9474;`,\n  `UPDATE employees SET \"departmentId\" = 7 WHERE id = 9474;`,\n  `UPDATE employees SET \"designationId\" = 77 WHERE id = 9474;`,\n  `UPDATE employee_evaluations SET \"processType\" = NULL WHERE id = 26;`,\n  `UPDATE employee_evaluations SET \"reasonForDefer\" = NULL WHERE id = 26;`,\n  `UPDATE employee_evaluations SET \"processDate\" = NULL WHERE id = 26;`,\n];\nawait utilFun.udpateDatabase(query);\nawait utilFun.refresh();\nawait evaluation.clickFilterButton();\nawait evaluation.searchName('James Salinas');\nawait utilFun.wait(1000);\nconst name = await evaluation.getResourseName();\nutilFun.assertEql(name, 'James Salinas');\nawait evaluation.clickComplete();\nawait feedbackForm.enterDate('03102023');\nawait feedbackForm.selectFeedbackDuration('3 Months');\nawait feedbackForm.selectNextReviewType('Annual');\nawait feedbackForm.selectRevisedDesignation('Software Engineer');\nawait feedbackForm.typeIncreament('200000');\nawait feedbackForm.clickSubmit();\nconst alertText = await evaluation.checkAlert();\nutilFun.assertEql(alertText, 'Increment status is updated successfully');",
              "err": {},
              "uuid": "93020a8c-1b6f-415e-bb7c-05634130d4ff",
              "parentUUID": "403c8f4c-6984-462f-929d-f5d72e6549b3",
              "isHook": false,
              "skipped": false
            }
          ],
          "suites": [],
          "passes": [
            "efb87dd2-3414-4d6a-9722-31b1e58377f3",
            "134c4874-41c5-4141-b625-a8ec3a116f86",
            "49842531-b384-47f6-b980-ff08fe3e64b1",
            "2d4b9552-d617-4b73-86e9-105fa021f2ce",
            "6607e0e7-ca82-4d36-8b51-6b012e99ddcd",
            "885d3cc1-e95d-4036-a0f5-450f4057ffd7",
            "b0a9b743-b121-4763-bc94-b003f3ca776c",
            "138097f5-6d47-4b6f-ad5f-8b46287dfa96",
            "c95a3e82-9a46-4ccc-abe8-b4a2e2816e31",
            "323e8a73-b2f3-459c-a271-1a598c9cb830",
            "8819b3b8-875c-41da-a9bf-df044be9fe00",
            "a364b4f8-e184-4a2c-a237-3a189593e8a7",
            "36133a42-c063-4f2f-8e99-2919139052c9",
            "bcccf2ac-59f7-4311-bcf3-05522b6abaf0",
            "93020a8c-1b6f-415e-bb7c-05634130d4ff"
          ],
          "failures": [],
          "pending": [],
          "skipped": [],
          "duration": 95941,
          "root": false,
          "rootEmpty": false,
          "_timeout": 100000
        },
        {
          "uuid": "a320c59a-dc21-4f4a-8c8f-b4479c5fe7f8",
          "title": "Retention Base Evaluations",
          "fullFile": "/home/devops/invohub/resource-engagement/test/e2e/evaluation/spec_3_retention.js",
          "file": "/test/e2e/evaluation/spec_3_retention.js",
          "beforeHooks": [
            {
              "title": "\"before all\" hook in \"Retention Base Evaluations\"",
              "fullTitle": "Retention Base Evaluations \"before all\" hook in \"Retention Base Evaluations\"",
              "timedOut": false,
              "duration": 10111,
              "state": null,
              "speed": null,
              "pass": false,
              "fail": false,
              "pending": false,
              "context": null,
              "code": "await utilFun.loginAccount()\nconst url = await utilFun.getUrl();\nassert.equal(url, baseUrl + '/home');\nlet query = [\n  `UPDATE employee_evaluations SET \"incrementType\" = 'retention' WHERE id = 26;`,\n  `UPDATE employees SET \"designation\" = 'Software Engineer' WHERE id = 9474;`,\n  `UPDATE employees SET \"departmentId\" = 9 WHERE id = 9474;`,\n  `UPDATE employees SET \"designationId\" = 138 WHERE id = 9474;`,\n  `UPDATE employee_evaluations SET \"processType\" = NULL WHERE id = 26;`,\n  `UPDATE employee_evaluations SET \"reasonForDefer\" = NULL WHERE id = 26;`,\n  `UPDATE employee_evaluations SET \"processDate\" = NULL WHERE id = 26;`,\n  `UPDATE employee_evaluations SET \"feedback\" = NULL WHERE id = 26;`,\n];\nawait utilFun.udpateDatabase(query);",
              "err": {},
              "uuid": "e06ecb0a-c365-4314-90a4-982d24304738",
              "parentUUID": "a320c59a-dc21-4f4a-8c8f-b4479c5fe7f8",
              "isHook": true,
              "skipped": false
            },
            {
              "title": "\"before each\" hook in \"Retention Base Evaluations\"",
              "fullTitle": "Retention Base Evaluations \"before each\" hook in \"Retention Base Evaluations\"",
              "timedOut": false,
              "duration": 4363,
              "state": null,
              "speed": null,
              "pass": false,
              "fail": false,
              "pending": false,
              "context": null,
              "code": "await utilFun.visit(baseUrl + '/evaluation-retention');\nawait utilFun.wait(4000);",
              "err": {},
              "uuid": "cb1545b0-3db6-49ab-8031-3c40e2362eb4",
              "parentUUID": "a320c59a-dc21-4f4a-8c8f-b4479c5fe7f8",
              "isHook": true,
              "skipped": false
            }
          ],
          "afterHooks": [],
          "tests": [
            {
              "title": "should check if retention evaluations are showing",
              "fullTitle": "Retention Base Evaluations should check if retention evaluations are showing",
              "timedOut": false,
              "duration": 39,
              "state": "passed",
              "speed": "medium",
              "pass": true,
              "fail": false,
              "pending": false,
              "context": null,
              "code": "let obj = await evaluation.getAllPendingResourses();\nassert(obj.length > 0, `No Evaluation Found`);",
              "err": {},
              "uuid": "5dfba9aa-883e-4c0f-b728-36d523e37c6c",
              "parentUUID": "a320c59a-dc21-4f4a-8c8f-b4479c5fe7f8",
              "isHook": false,
              "skipped": false
            },
            {
              "title": "should able to filter resoures by name",
              "fullTitle": "Retention Base Evaluations should able to filter resoures by name",
              "timedOut": false,
              "duration": 1926,
              "state": "passed",
              "speed": "slow",
              "pass": true,
              "fail": false,
              "pending": false,
              "context": null,
              "code": "await evaluation.clickFilterButton();\nawait evaluation.searchName('James Salinas');\nawait utilFun.wait(1000);\nconst name = await evaluation.getResourseName();\nutilFun.assertEql(name, 'James Salinas');",
              "err": {},
              "uuid": "7fe2829f-3678-4054-95c0-bae776e951b6",
              "parentUUID": "a320c59a-dc21-4f4a-8c8f-b4479c5fe7f8",
              "isHook": false,
              "skipped": false
            },
            {
              "title": "should able to filter resoures by Last Increment",
              "fullTitle": "Retention Base Evaluations should able to filter resoures by Last Increment",
              "timedOut": false,
              "duration": 1512,
              "state": "passed",
              "speed": "slow",
              "pass": true,
              "fail": false,
              "pending": false,
              "context": null,
              "code": "await evaluation.clickFilterButton();\nawait evaluation.selectLastIncrement('N/A');\nconst valuesCount = await evaluation.checkValues();\nutilFun.assertEql(valuesCount, 1);",
              "err": {},
              "uuid": "10a96e50-ab80-4469-bd14-3eeaed494fe5",
              "parentUUID": "a320c59a-dc21-4f4a-8c8f-b4479c5fe7f8",
              "isHook": false,
              "skipped": false
            },
            {
              "title": "should able to  copy email from options",
              "fullTitle": "Retention Base Evaluations should able to  copy email from options",
              "timedOut": false,
              "duration": 4097,
              "state": "passed",
              "speed": "slow",
              "pass": true,
              "fail": false,
              "pending": false,
              "context": null,
              "code": "await evaluation.clickFilterButton();\nawait evaluation.searchName('James Salinas');\nawait utilFun.wait(1000);\nconst name = await evaluation.getResourseName();\nutilFun.assertEql(name, 'James Salinas');\nawait evaluation.clickOptionBtn();\nawait utilFun.wait(1000);\nawait evaluation.selectOption('Copy Email');\nconst alertText = await evaluation.checkAlert();\nutilFun.assertEql(alertText, 'Email address is copied');",
              "err": {},
              "uuid": "b94926bc-4315-4c8d-809b-6b28ecd0d37c",
              "parentUUID": "a320c59a-dc21-4f4a-8c8f-b4479c5fe7f8",
              "isHook": false,
              "skipped": false
            },
            {
              "title": "should able to Send Email from options",
              "fullTitle": "Retention Base Evaluations should able to Send Email from options",
              "timedOut": false,
              "duration": 8296,
              "state": "passed",
              "speed": "slow",
              "pass": true,
              "fail": false,
              "pending": false,
              "context": null,
              "code": "await evaluation.clickFilterButton();\nawait evaluation.searchName('James Salinas');\nawait utilFun.wait(1000);\nconst name = await evaluation.getResourseName();\nutilFun.assertEql(name, 'James Salinas');\nawait evaluation.clickOptionBtn();\nawait utilFun.wait(1000);\nawait evaluation.selectOption('Send Email');\nawait utilFun.wait(1000);\nawait utilFun.switchWindow(1);\nawait utilFun.wait(3000);\nconst url = await utilFun.getUrl();\nassert.equal(url, 'https://mail.google.com/mail/u/0/?fs=1&tf=cm&to=james@robot-mail.com');\nawait utilFun.closeCurrentTab();\nawait utilFun.switchWindow(0);",
              "err": {},
              "uuid": "9054ab3e-f681-41db-a3ba-1d0039c6956f",
              "parentUUID": "a320c59a-dc21-4f4a-8c8f-b4479c5fe7f8",
              "isHook": false,
              "skipped": false
            },
            {
              "title": "should able to Open Slack DM from options",
              "fullTitle": "Retention Base Evaluations should able to Open Slack DM from options",
              "timedOut": false,
              "duration": 7786,
              "state": "passed",
              "speed": "slow",
              "pass": true,
              "fail": false,
              "pending": false,
              "context": null,
              "code": "await evaluation.clickFilterButton();\nawait evaluation.searchName('James Salinas');\nawait utilFun.wait(1000);\nconst name = await evaluation.getResourseName();\nutilFun.assertEql(name, 'James Salinas');\nawait evaluation.clickOptionBtn();\nawait utilFun.wait(1000);\nawait evaluation.selectOption('Open Slack DM');\nawait utilFun.wait(1000);\nawait utilFun.switchWindow(1);\nawait utilFun.wait(3000);\nconst url = await utilFun.getUrl();\nassert.equal(url, 'https://invozone.slack.com/?redir=%2Fapp_redirect%3Fchannel%3Dundefined');\nawait utilFun.closeCurrentTab();\nawait utilFun.switchWindow(0);",
              "err": {},
              "uuid": "6d4730d1-fb16-451c-a921-8483e27940b9",
              "parentUUID": "a320c59a-dc21-4f4a-8c8f-b4479c5fe7f8",
              "isHook": false,
              "skipped": false
            },
            {
              "title": "should able to see Email from options",
              "fullTitle": "Retention Base Evaluations should able to see Email from options",
              "timedOut": false,
              "duration": 7464,
              "state": "passed",
              "speed": "slow",
              "pass": true,
              "fail": false,
              "pending": false,
              "context": null,
              "code": "await evaluation.clickFilterButton();\nawait evaluation.searchName('James Salinas');\nawait utilFun.wait(1000);\nconst name = await evaluation.getResourseName();\nutilFun.assertEql(name, 'James Salinas');\nawait evaluation.clickOptionBtn();\nawait utilFun.wait(1000);\nawait evaluation.selectOption('See Email');\nawait utilFun.wait(4000);\nconst email = await evaluation.copyEmail();\nassert.equal(email, 'Email: james@robot-mail.com');",
              "err": {},
              "uuid": "ba709a2a-2c87-4eaa-81d2-7dd9a90455f7",
              "parentUUID": "a320c59a-dc21-4f4a-8c8f-b4479c5fe7f8",
              "isHook": false,
              "skipped": false
            },
            {
              "title": "should able to copy Phone Number from options",
              "fullTitle": "Retention Base Evaluations should able to copy Phone Number from options",
              "timedOut": false,
              "duration": 6998,
              "state": "passed",
              "speed": "slow",
              "pass": true,
              "fail": false,
              "pending": false,
              "context": null,
              "code": "await evaluation.clickFilterButton();\nawait evaluation.searchName('James Salinas');\nawait utilFun.wait(1000);\nconst name = await evaluation.getResourseName();\nutilFun.assertEql(name, 'James Salinas');\nawait evaluation.clickOptionBtn();\nawait utilFun.wait(1000);\nawait evaluation.selectOption('Phone Number');\nawait utilFun.wait(3000);\nawait evaluation.copyPhoneNumber();\nconst alertText = await evaluation.checkAlert();\nassert.equal(alertText, 'Phone# is copied successfully');",
              "err": {},
              "uuid": "cf84a8d1-09ae-447c-9e1d-8889162d85aa",
              "parentUUID": "a320c59a-dc21-4f4a-8c8f-b4479c5fe7f8",
              "isHook": false,
              "skipped": false
            },
            {
              "title": "should able to see Resource Details from options",
              "fullTitle": "Retention Base Evaluations should able to see Resource Details from options",
              "timedOut": false,
              "duration": 4454,
              "state": "passed",
              "speed": "slow",
              "pass": true,
              "fail": false,
              "pending": false,
              "context": null,
              "code": "await evaluation.clickFilterButton();\nawait evaluation.searchName('James Salinas');\nawait utilFun.wait(1000);\nconst name = await evaluation.getResourseName();\nutilFun.assertEql(name, 'James Salinas');\nawait evaluation.clickResource();\nawait utilFun.wait(1000);\nawait utilFun.switchWindow(1);\nawait utilFun.wait(1000);\nconst url = await utilFun.getUrl();\nassert.equal(url, baseUrl + '/resource-detail/9742?tab=Basic_Information');\nawait utilFun.closeCurrentTab();\nawait utilFun.switchWindow(0);",
              "err": {},
              "uuid": "6ebd0c1a-35d4-4f7d-aea2-3469eae521c9",
              "parentUUID": "a320c59a-dc21-4f4a-8c8f-b4479c5fe7f8",
              "isHook": false,
              "skipped": false
            },
            {
              "title": "should able to see employee history",
              "fullTitle": "Retention Base Evaluations should able to see employee history",
              "timedOut": false,
              "duration": 3247,
              "state": "passed",
              "speed": "slow",
              "pass": true,
              "fail": false,
              "pending": false,
              "context": null,
              "code": "await evaluation.clickFilterButton();\nawait evaluation.searchName('James Salinas');\nawait utilFun.wait(1000);\nconst name = await evaluation.getResourseName();\nutilFun.assertEql(name, 'James Salinas');\nawait evaluation.clickSeeFeedback();\nawait utilFun.wait(1000);\nconst title = await evaluation.checkTitle();\nutilFun.assertEql(title, 'Feedback History of James Salinas');\nawait evaluation.checkSelectedTab();",
              "err": {},
              "uuid": "84cbcbbc-06d7-4755-98e1-4abff1fef40f",
              "parentUUID": "a320c59a-dc21-4f4a-8c8f-b4479c5fe7f8",
              "isHook": false,
              "skipped": false
            },
            {
              "title": "should able to request a review",
              "fullTitle": "Retention Base Evaluations should able to request a review",
              "timedOut": false,
              "duration": 7419,
              "state": "passed",
              "speed": "slow",
              "pass": true,
              "fail": false,
              "pending": false,
              "context": null,
              "code": "await evaluation.clickFilterButton();\nawait evaluation.searchName('James Salinas');\nawait utilFun.wait(1000);\nconst name = await evaluation.getResourseName();\nutilFun.assertEql(name, 'James Salinas');\nawait evaluation.clickSeeFeedback();\nawait utilFun.wait(1000);\nawait evaluation.clickSubmittedReview();\nawait evaluation.clickReqReviewBtn();\nawait utilFun.wait(1000);\nawait evaluation.clickHod('Muhammad Bilal Rafaqat');\nawait evaluation.clickSendReqBtn();\nconst alertText = await evaluation.checkAlert();\nutilFun.assertEql(alertText, 'Request is send successfully.');",
              "err": {},
              "uuid": "8131f8f8-b8f7-4965-92b4-e780844b636e",
              "parentUUID": "a320c59a-dc21-4f4a-8c8f-b4479c5fe7f8",
              "isHook": false,
              "skipped": false
            },
            {
              "title": "should able to give a review",
              "fullTitle": "Retention Base Evaluations should able to give a review",
              "timedOut": false,
              "duration": 13371,
              "state": "passed",
              "speed": "slow",
              "pass": true,
              "fail": false,
              "pending": false,
              "context": null,
              "code": "const query = [\n  `UPDATE employees SET \"departmentId\" = 9 WHERE id = 9474;`,\n  `UPDATE employees SET \"designationId\" = 83 WHERE id = 9474;`,\n  `UPDATE employees SET \"designation\" = 'Head of Engineering' WHERE id = 9474;`,\n];\nawait utilFun.udpateDatabase(query);\nawait utilFun.refresh();\nawait evaluation.clickFilterButton();\nawait evaluation.searchName('James Salinas');\nawait utilFun.wait(1000);\nconst name = await evaluation.getResourseName();\nutilFun.assertEql(name, 'James Salinas');\nawait evaluation.clickSeeFeedback();\nawait utilFun.wait(1000);\nawait evaluation.clickSubmittedReview();\nawait utilFun.wait(1000);\nawait evaluation.clickAddFeedback();\n// await feedbackForm.enterDate('03092023');\nawait feedbackForm.selectFeedbackDuration('6 Months');\nawait feedbackForm.selectNextReviewType('Annual');\nawait feedbackForm.selectRevisedDesignation('Software Engineer');\nawait feedbackForm.typeIncreament('200000');\nawait feedbackForm.typeDescription('testingggg');\nawait feedbackForm.clickSubmit();\nconst alertText = await evaluation.checkAlert();\nutilFun.assertEql(alertText, 'Increment status is updated successfully');",
              "err": {},
              "uuid": "8747e865-b726-479a-a773-dbf81b188003",
              "parentUUID": "a320c59a-dc21-4f4a-8c8f-b4479c5fe7f8",
              "isHook": false,
              "skipped": false
            },
            {
              "title": "should able to edit review form",
              "fullTitle": "Retention Base Evaluations should able to edit review form",
              "timedOut": false,
              "duration": 9643,
              "state": "passed",
              "speed": "slow",
              "pass": true,
              "fail": false,
              "pending": false,
              "context": null,
              "code": "await evaluation.clickFilterButton();\nawait evaluation.searchName('James Salinas');\nawait utilFun.wait(1000);\nconst name = await evaluation.getResourseName();\nutilFun.assertEql(name, 'James Salinas');\nawait evaluation.clickEditForm();\nawait utilFun.wait(1000);\n// await feedbackForm.enterDate('03102023');\nawait feedbackForm.selectFeedbackDuration('3 Months');\nawait feedbackForm.selectNextReviewType('Annual');\nawait feedbackForm.selectRevisedDesignation('Software Engineer');\nawait feedbackForm.typeIncreament('200000');\nawait feedbackForm.typeDescription('updated');\nawait feedbackForm.clickSubmit();\nconst alertText = await evaluation.checkAlert();\nutilFun.assertEql(alertText, 'Increment status is updated successfully');",
              "err": {},
              "uuid": "a4e7b8b4-9162-4d38-be2b-424f3bca7f86",
              "parentUUID": "a320c59a-dc21-4f4a-8c8f-b4479c5fe7f8",
              "isHook": false,
              "skipped": false
            },
            {
              "title": "should able to defer review",
              "fullTitle": "Retention Base Evaluations should able to defer review",
              "timedOut": false,
              "duration": 7170,
              "state": "passed",
              "speed": "slow",
              "pass": true,
              "fail": false,
              "pending": false,
              "context": null,
              "code": "const query = [\n  `UPDATE employees SET \"designation\" = 'HR' WHERE id = 9474;`,\n  `UPDATE employees SET \"departmentId\" = 7 WHERE id = 9474;`,\n  `UPDATE employees SET \"designationId\" = 77 WHERE id = 9474;`,\n];\nawait utilFun.udpateDatabase(query);\nawait utilFun.refresh();\nawait evaluation.clickFilterButton();\nawait evaluation.searchName('James Salinas');\nawait utilFun.wait(1000);\nconst name = await evaluation.getResourseName();\nutilFun.assertEql(name, 'James Salinas');\nawait evaluation.clickDefer();\nawait evaluation.clickDeferType();\nawait utilFun.wait(1000);\nawait evaluation.selectDeferType('2 Weeks');\nawait evaluation.typeDeferReason('testing');\nawait evaluation.clickSubmitBtn();\nconst alertText = await evaluation.checkAlert();\nutilFun.assertEql(alertText, 'Increment status is updated successfully');",
              "err": {},
              "uuid": "78eb57ff-c15d-4a73-8aa3-d8eb8cf96e93",
              "parentUUID": "a320c59a-dc21-4f4a-8c8f-b4479c5fe7f8",
              "isHook": false,
              "skipped": false
            },
            {
              "title": "should able to complete review",
              "fullTitle": "Retention Base Evaluations should able to complete review",
              "timedOut": false,
              "duration": 10987,
              "state": "passed",
              "speed": "slow",
              "pass": true,
              "fail": false,
              "pending": false,
              "context": null,
              "code": "const query = [\n  `UPDATE employees SET \"designation\" = 'HR' WHERE id = 9474;`,\n  `UPDATE employees SET \"departmentId\" = 7 WHERE id = 9474;`,\n  `UPDATE employees SET \"designationId\" = 77 WHERE id = 9474;`,\n  `UPDATE employee_evaluations SET \"processType\" = NULL WHERE id = 26;`,\n  `UPDATE employee_evaluations SET \"reasonForDefer\" = NULL WHERE id = 26;`,\n  `UPDATE employee_evaluations SET \"processDate\" = NULL WHERE id = 26;`,\n];\nawait utilFun.udpateDatabase(query);\nawait utilFun.refresh();\nawait evaluation.clickFilterButton();\nawait evaluation.searchName('James Salinas');\nawait utilFun.wait(1000);\nconst name = await evaluation.getResourseName();\nutilFun.assertEql(name, 'James Salinas');\nawait evaluation.clickComplete();\nawait feedbackForm.enterDate('03102023');\nawait feedbackForm.selectFeedbackDuration('3 Months');\nawait feedbackForm.selectNextReviewType('Annual');\nawait feedbackForm.selectRevisedDesignation('Software Engineer');\nawait feedbackForm.typeIncreament('200000');\nawait feedbackForm.clickSubmit();\nconst alertText = await evaluation.checkAlert();\nutilFun.assertEql(alertText, 'Increment status is updated successfully');",
              "err": {},
              "uuid": "c6a13dd4-79bd-4bc0-9b07-27a533bafe86",
              "parentUUID": "a320c59a-dc21-4f4a-8c8f-b4479c5fe7f8",
              "isHook": false,
              "skipped": false
            }
          ],
          "suites": [],
          "passes": [
            "5dfba9aa-883e-4c0f-b728-36d523e37c6c",
            "7fe2829f-3678-4054-95c0-bae776e951b6",
            "10a96e50-ab80-4469-bd14-3eeaed494fe5",
            "b94926bc-4315-4c8d-809b-6b28ecd0d37c",
            "9054ab3e-f681-41db-a3ba-1d0039c6956f",
            "6d4730d1-fb16-451c-a921-8483e27940b9",
            "ba709a2a-2c87-4eaa-81d2-7dd9a90455f7",
            "cf84a8d1-09ae-447c-9e1d-8889162d85aa",
            "6ebd0c1a-35d4-4f7d-aea2-3469eae521c9",
            "84cbcbbc-06d7-4755-98e1-4abff1fef40f",
            "8131f8f8-b8f7-4965-92b4-e780844b636e",
            "8747e865-b726-479a-a773-dbf81b188003",
            "a4e7b8b4-9162-4d38-be2b-424f3bca7f86",
            "78eb57ff-c15d-4a73-8aa3-d8eb8cf96e93",
            "c6a13dd4-79bd-4bc0-9b07-27a533bafe86"
          ],
          "failures": [],
          "pending": [],
          "skipped": [],
          "duration": 94409,
          "root": false,
          "rootEmpty": false,
          "_timeout": 100000
        },
        {
          "uuid": "320a7a93-d095-4a7b-99a7-10c18f0380c2",
          "title": "Evaluations History",
          "fullFile": "/home/devops/invohub/resource-engagement/test/e2e/evaluation/spec_4_history.js",
          "file": "/test/e2e/evaluation/spec_4_history.js",
          "beforeHooks": [
            {
              "title": "\"before all\" hook in \"Evaluations History\"",
              "fullTitle": "Evaluations History \"before all\" hook in \"Evaluations History\"",
              "timedOut": false,
              "duration": 10748,
              "state": null,
              "speed": null,
              "pass": false,
              "fail": false,
              "pending": false,
              "context": null,
              "code": "await utilFun.loginAccount()\nconst url = await utilFun.getUrl();\nassert.equal(url, baseUrl + '/home');\nlet query = [\n  `UPDATE employee_evaluations SET \"processType\" = 'COMPLETE' WHERE id = 26;`,\n  `DELETE FROM employee_evaluations WHERE \"employeeId\" = 9742 AND \"incrementType\" = 'designation';`,\n  `UPDATE employee_evaluations SET \"processDate\" = '2023-03-28 17:32:33.501+05' WHERE id = 26;`,\n];\nawait utilFun.udpateDatabase(query);",
              "err": {},
              "uuid": "fc16d1fd-79bd-4d21-b8c6-0098d6bc883a",
              "parentUUID": "320a7a93-d095-4a7b-99a7-10c18f0380c2",
              "isHook": true,
              "skipped": false
            },
            {
              "title": "\"before each\" hook in \"Evaluations History\"",
              "fullTitle": "Evaluations History \"before each\" hook in \"Evaluations History\"",
              "timedOut": false,
              "duration": 4481,
              "state": null,
              "speed": null,
              "pass": false,
              "fail": false,
              "pending": false,
              "context": null,
              "code": "await utilFun.visit(baseUrl + '/evaluation-history');\nawait utilFun.wait(4000);",
              "err": {},
              "uuid": "fa48a369-ac9e-43b6-81fa-b9be20991e36",
              "parentUUID": "320a7a93-d095-4a7b-99a7-10c18f0380c2",
              "isHook": true,
              "skipped": false
            }
          ],
          "afterHooks": [],
          "tests": [
            {
              "title": "should check if evaluations history is showing",
              "fullTitle": "Evaluations History should check if evaluations history is showing",
              "timedOut": false,
              "duration": 46,
              "state": "passed",
              "speed": "medium",
              "pass": true,
              "fail": false,
              "pending": false,
              "context": null,
              "code": "let obj = await evaluation.getAllPendingResourses();\nassert(obj.length > 0, `No Evaluation Found`);",
              "err": {},
              "uuid": "89c7b093-9c0e-4ac6-8a95-3e19e6d61dbd",
              "parentUUID": "320a7a93-d095-4a7b-99a7-10c18f0380c2",
              "isHook": false,
              "skipped": false
            },
            {
              "title": "should able to filter resoures by name",
              "fullTitle": "Evaluations History should able to filter resoures by name",
              "timedOut": false,
              "duration": 2302,
              "state": "passed",
              "speed": "slow",
              "pass": true,
              "fail": false,
              "pending": false,
              "context": null,
              "code": "await evaluation.clickFilterButton();\nawait evaluation.searchName('James Salinas');\nawait utilFun.wait(1000);\nconst name = await evaluation.getResourseName();\nutilFun.assertEql(name, 'James Salinas');",
              "err": {},
              "uuid": "5488d89e-5aa6-43a0-aa28-57ab9ee4c30e",
              "parentUUID": "320a7a93-d095-4a7b-99a7-10c18f0380c2",
              "isHook": false,
              "skipped": false
            },
            {
              "title": "should able to check review is completed",
              "fullTitle": "Evaluations History should able to check review is completed",
              "timedOut": false,
              "duration": 2267,
              "state": "passed",
              "speed": "slow",
              "pass": true,
              "fail": false,
              "pending": false,
              "context": null,
              "code": "await evaluation.clickFilterButton();\nawait evaluation.searchName('James Salinas');\nawait utilFun.wait(1000);\nconst name = await evaluation.checkProcessState()\nutilFun.assertEql(name, 'Complete');",
              "err": {},
              "uuid": "bb582e62-2867-41fb-aaf4-62c7a0960998",
              "parentUUID": "320a7a93-d095-4a7b-99a7-10c18f0380c2",
              "isHook": false,
              "skipped": false
            },
            {
              "title": "should able to filter resoures by Review Type",
              "fullTitle": "Evaluations History should able to filter resoures by Review Type",
              "timedOut": false,
              "duration": 1982,
              "state": "passed",
              "speed": "slow",
              "pass": true,
              "fail": false,
              "pending": false,
              "context": null,
              "code": "await evaluation.clickFilterButton();\nawait evaluation.selectReviewType('Annual');\nconst valuesCount = await evaluation.checkValues();\nutilFun.assertEql(valuesCount, 1);",
              "err": {},
              "uuid": "ddd1688c-02be-435d-9db2-f9008c54fe55",
              "parentUUID": "320a7a93-d095-4a7b-99a7-10c18f0380c2",
              "isHook": false,
              "skipped": false
            },
            {
              "title": "should able to filter resoures by Last Increment",
              "fullTitle": "Evaluations History should able to filter resoures by Last Increment",
              "timedOut": false,
              "duration": 1836,
              "state": "passed",
              "speed": "slow",
              "pass": true,
              "fail": false,
              "pending": false,
              "context": null,
              "code": "await evaluation.clickFilterButton();\nawait evaluation.selectLastIncrement('N/A');\nconst valuesCount = await evaluation.checkValues();\nutilFun.assertEql(valuesCount, 1);",
              "err": {},
              "uuid": "22d73a54-949f-42eb-9db1-0e731d67e7da",
              "parentUUID": "320a7a93-d095-4a7b-99a7-10c18f0380c2",
              "isHook": false,
              "skipped": false
            },
            {
              "title": "should able to  copy email from options",
              "fullTitle": "Evaluations History should able to  copy email from options",
              "timedOut": false,
              "duration": 4713,
              "state": "passed",
              "speed": "slow",
              "pass": true,
              "fail": false,
              "pending": false,
              "context": null,
              "code": "await evaluation.clickFilterButton();\nawait evaluation.searchName('James Salinas');\nawait utilFun.wait(1000);\nconst name = await evaluation.getResourseName();\nutilFun.assertEql(name, 'James Salinas');\nawait evaluation.clickOptionBtn();\nawait utilFun.wait(1000);\nawait evaluation.selectOption('Copy Email');\nconst alertText = await evaluation.checkAlert();\nutilFun.assertEql(alertText, 'Email address is copied');",
              "err": {},
              "uuid": "a8dd85c3-7012-4796-aa2b-8cc98fc4c3e7",
              "parentUUID": "320a7a93-d095-4a7b-99a7-10c18f0380c2",
              "isHook": false,
              "skipped": false
            },
            {
              "title": "should able to Send Email from options",
              "fullTitle": "Evaluations History should able to Send Email from options",
              "timedOut": false,
              "duration": 8436,
              "state": "passed",
              "speed": "slow",
              "pass": true,
              "fail": false,
              "pending": false,
              "context": null,
              "code": "await evaluation.clickFilterButton();\nawait evaluation.searchName('James Salinas');\nawait utilFun.wait(1000);\nconst name = await evaluation.getResourseName();\nutilFun.assertEql(name, 'James Salinas');\nawait evaluation.clickOptionBtn();\nawait utilFun.wait(1000);\nawait evaluation.selectOption('Send Email');\nawait utilFun.wait(1000);\nawait utilFun.switchWindow(1);\nawait utilFun.wait(3000);\nconst url = await utilFun.getUrl();\nassert.equal(url, 'https://mail.google.com/mail/u/0/?fs=1&tf=cm&to=james@robot-mail.com');\nawait utilFun.closeCurrentTab();\nawait utilFun.switchWindow(0);",
              "err": {},
              "uuid": "15124655-d353-4f47-8c12-9bd9ecd841eb",
              "parentUUID": "320a7a93-d095-4a7b-99a7-10c18f0380c2",
              "isHook": false,
              "skipped": false
            },
            {
              "title": "should able to Open Slack DM from options",
              "fullTitle": "Evaluations History should able to Open Slack DM from options",
              "timedOut": false,
              "duration": 8035,
              "state": "passed",
              "speed": "slow",
              "pass": true,
              "fail": false,
              "pending": false,
              "context": null,
              "code": "await evaluation.clickFilterButton();\nawait evaluation.searchName('James Salinas');\nawait utilFun.wait(1000);\nconst name = await evaluation.getResourseName();\nutilFun.assertEql(name, 'James Salinas');\nawait evaluation.clickOptionBtn();\nawait utilFun.wait(1000);\nawait evaluation.selectOption('Open Slack DM');\nawait utilFun.wait(1000);\nawait utilFun.switchWindow(1);\nawait utilFun.wait(3000);\nconst url = await utilFun.getUrl();\nassert.equal(url, 'https://invozone.slack.com/?redir=%2Fapp_redirect%3Fchannel%3Dundefined');\nawait utilFun.closeCurrentTab();\nawait utilFun.switchWindow(0);",
              "err": {},
              "uuid": "9ce6e8d8-a58a-4798-8614-185e42ac45a6",
              "parentUUID": "320a7a93-d095-4a7b-99a7-10c18f0380c2",
              "isHook": false,
              "skipped": false
            },
            {
              "title": "should able to see Email from options",
              "fullTitle": "Evaluations History should able to see Email from options",
              "timedOut": false,
              "duration": 7526,
              "state": "passed",
              "speed": "slow",
              "pass": true,
              "fail": false,
              "pending": false,
              "context": null,
              "code": "await evaluation.clickFilterButton();\nawait evaluation.searchName('James Salinas');\nawait utilFun.wait(1000);\nconst name = await evaluation.getResourseName();\nutilFun.assertEql(name, 'James Salinas');\nawait evaluation.clickOptionBtn();\nawait utilFun.wait(1000);\nawait evaluation.selectOption('See Email');\nawait utilFun.wait(4000);\nconst email = await evaluation.copyEmail();\nassert.equal(email, 'Email: james@robot-mail.com');",
              "err": {},
              "uuid": "b2c777b8-74b5-498d-8abe-afbabf297204",
              "parentUUID": "320a7a93-d095-4a7b-99a7-10c18f0380c2",
              "isHook": false,
[...]
              "err": {},
              "uuid": "3337c42e-8fee-4ff4-8272-a48e3550b01f",
              "parentUUID": "8988446c-f590-43f8-82a3-3218b7aaf6e5",
              "isHook": true,
              "skipped": false
            }
          ],
          "tests": [
            {
              "title": "should able to Apply Request For Position opening",
              "fullTitle": "Position Openings should able to Apply Request For Position opening",
              "timedOut": false,
              "duration": 20274,
              "state": "passed",
              "speed": "slow",
              "pass": true,
              "fail": false,
              "pending": false,
              "context": null,
              "code": "let query = [\n  `UPDATE employees SET \"email\" = 'bilal.rafaqat@invozone.de' WHERE id = 9474;`,\n  `UPDATE employees SET \"email\" = 'bilal.rafaqat@invozone.de' WHERE id = 9171;`,\n  `UPDATE employees SET \"email\" = 'bilal.rafaqat@invozone.dev' WHERE id = 9429;`,\n  `DELETE FROM \"position_openings\" WHERE \"employeeId\" = 9429;`,\n];\nawait utilFun.udpateDatabase(query);\nawait positionOpenings.clickAddBtn();\nawait positionOpenings.selectField1AndEnterValue('Department*\\nSelect Department', 'Engineering');\nawait positionOpenings.selectField1AndEnterValue('Name of Position*\\nSelect Position', 'Software Engineer');\nawait positionOpenings.selectField2AndEnterValue('Position Level*\\nSelect Level', 'Automation');\nawait positionOpenings.selectField2AndEnterValue('No. of Resources*', '3');\nawait positionOpenings.selectField2AndEnterValue(`Year's of Experience*\\nSelect Years`, '0 - 1');\nawait positionOpenings.selectField1AndEnterValue('Tech Stack*\\nSelect Tech Stack', 'Automation');\nawait positionOpenings.selectField1AndEnterValue('Minimum Education*\\nSelect Education', 'Matric');\nawait positionOpenings.selectField1AndEnterValue('Gender*\\nSelect Gender', 'Male');\nawait positionOpenings.selectField1AndEnterValue('Budget*\\nSelect Budget', '0 - 25');\nawait positionOpenings.selectField1AndEnterValue('Office Location*\\nSelect Location', 'Remote');\nawait positionOpenings.selectField1AndEnterValue('Priorty Level*\\nSelect Priorty', 'High');\nawait positionOpenings.uploadDescription();\nawait positionOpenings.enterInstructions('Testing');\nawait positionOpenings.clickConfirmAddBtn();\nconst alertText = await utilFun.checkAlert();\nassert.equal(alertText, 'The position request is created successfully!');",
              "err": {},
              "uuid": "a73a135d-f46e-4059-9424-3e258a47ada0",
              "parentUUID": "8988446c-f590-43f8-82a3-3218b7aaf6e5",
              "isHook": false,
              "skipped": false
            },
            {
              "title": "should able to check if request id Added",
              "fullTitle": "Position Openings should able to check if request id Added",
              "timedOut": false,
              "duration": 1614,
              "state": "passed",
              "speed": "slow",
              "pass": true,
              "fail": false,
              "pending": false,
              "context": null,
              "code": "let rowText = await positionOpenings.getPositionTblRow();\nassert.ok(rowText.includes('Software Engineer'), `Expected text not found.`);",
              "err": {},
              "uuid": "e91d6447-00fa-4805-8b8b-f853eba189e4",
              "parentUUID": "8988446c-f590-43f8-82a3-3218b7aaf6e5",
              "isHook": false,
              "skipped": false
            },
            {
              "title": "should able to edit request",
              "fullTitle": "Position Openings should able to edit request",
              "timedOut": false,
              "duration": 3247,
              "state": "passed",
              "speed": "slow",
              "pass": true,
              "fail": false,
              "pending": false,
              "context": null,
              "code": "await positionOpenings.clickEditBtn();\nawait positionOpenings.enterInstructions(' Updated');\nawait positionOpenings.clickConfirmAddBtn();\nconst alertText = await utilFun.checkAlert();\nassert.equal(alertText, 'The position opening request has been updated successfully');",
              "err": {},
              "uuid": "6f9f2e16-af1a-4b27-a2b6-443761ba570e",
              "parentUUID": "8988446c-f590-43f8-82a3-3218b7aaf6e5",
              "isHook": false,
              "skipped": false
            },
            {
              "title": "should able to Delete request",
              "fullTitle": "Position Openings should able to Delete request",
              "timedOut": false,
              "duration": 2741,
              "state": "passed",
              "speed": "slow",
              "pass": true,
              "fail": false,
              "pending": false,
              "context": null,
              "code": "await positionOpenings.clickDeleteBtn();\nawait positionOpenings.enterReason('testing');\nawait positionOpenings.clickYesBtn();\nconst alertText = await utilFun.checkAlert();\nassert.equal(alertText, 'The position opening request has been deleted successfully!');",
              "err": {},
              "uuid": "74610424-f8d3-4556-9101-dcec43d7c039",
              "parentUUID": "8988446c-f590-43f8-82a3-3218b7aaf6e5",
              "isHook": false,
              "skipped": false
            },
            {
              "title": "should check if request is visible by HOD",
              "fullTitle": "Position Openings should check if request is visible by HOD",
              "timedOut": false,
              "duration": 1496,
              "state": "passed",
              "speed": "slow",
              "pass": true,
              "fail": false,
              "pending": false,
              "context": null,
              "code": "let query = [\n  `UPDATE \"position_openings\" SET \"deletedAt\" = NULL WHERE \"employeeId\" = 9429;`,\n  `UPDATE employees SET \"email\" = 'bilal.rafaqat@invozone.de' WHERE id = 9429;`,\n  `UPDATE employees SET \"email\" = 'bilal.rafaqat@invozone.dev' WHERE id = 9474;`,\n];\nawait utilFun.udpateDatabase(query);\nlet rowText = await positionOpenings.getPositionTblRow();\nassert.ok(rowText.includes('Software Engineer'), `Expected text not found.`);",
              "err": {},
              "uuid": "25b1ab21-0326-468f-9275-2a46976423bd",
              "parentUUID": "8988446c-f590-43f8-82a3-3218b7aaf6e5",
              "isHook": false,
              "skipped": false
            },
            {
              "title": "should able to check if HOD can edit request",
              "fullTitle": "Position Openings should able to check if HOD can edit request",
              "timedOut": false,
              "duration": 4454,
              "state": "passed",
              "speed": "slow",
              "pass": true,
              "fail": false,
              "pending": false,
              "context": null,
              "code": "await positionOpenings.clickEditBtn();\nawait positionOpenings.enterInstructions(' Updated By HOD');\nawait positionOpenings.clickConfirmAddBtn();\nconst alertText = await utilFun.checkAlert();\nassert.equal(alertText, 'The position opening request has been updated successfully');",
              "err": {},
              "uuid": "2dfb7e64-b91a-4387-88a1-818830f4d8d3",
              "parentUUID": "8988446c-f590-43f8-82a3-3218b7aaf6e5",
              "isHook": false,
              "skipped": false
            },
            {
              "title": "should able to reject request by hod",
              "fullTitle": "Position Openings should able to reject request by hod",
              "timedOut": false,
              "duration": 2784,
              "state": "passed",
              "speed": "slow",
              "pass": true,
              "fail": false,
              "pending": false,
              "context": null,
              "code": "await positionOpenings.clickRejectBtn();\nawait positionOpenings.enterReason('testing');\nawait positionOpenings.clickYesBtn();\nconst alertText = await utilFun.checkAlert();\nassert.equal(alertText, 'The position opening request has been rejected successfully');",
              "err": {},
              "uuid": "3e5a27e2-b417-400f-ba44-959242d1e8e5",
              "parentUUID": "8988446c-f590-43f8-82a3-3218b7aaf6e5",
              "isHook": false,
              "skipped": false
            },
            {
              "title": "should verify the request is showing in reject tab",
              "fullTitle": "Position Openings should verify the request is showing in reject tab",
              "timedOut": false,
              "duration": 1579,
              "state": "passed",
              "speed": "slow",
              "pass": true,
              "fail": false,
              "pending": false,
              "context": null,
              "code": "await positionOpenings.selectReqTblSubTab('Rejected');\nlet rowText = await positionOpenings.getPositionTblRow();\nassert.ok(rowText.includes('Software Engineer'), `Expected text not found.`);",
              "err": {},
              "uuid": "7ef49e8c-987e-4ed1-ab22-9ebf060414ad",
              "parentUUID": "8988446c-f590-43f8-82a3-3218b7aaf6e5",
              "isHook": false,
              "skipped": false
            },
            {
              "title": "should able to approve request by hod",
              "fullTitle": "Position Openings should able to approve request by hod",
              "timedOut": false,
              "duration": 2596,
              "state": "passed",
              "speed": "slow",
              "pass": true,
              "fail": false,
              "pending": false,
              "context": null,
              "code": "let query = [`UPDATE \"position_openings\" SET \"isApprovedByHod\" = 'PENDING' WHERE \"employeeId\" = 9429;`];\nawait utilFun.udpateDatabase(query);\nawait positionOpenings.clickApproveBtn();\nawait positionOpenings.enterReason('testing');\nawait positionOpenings.clickYesBtn();\nconst alertText = await utilFun.checkAlert();\nassert.equal(alertText, 'The position opening request has been approved successfully');",
              "err": {},
              "uuid": "b150a183-6e43-47a5-a04c-67c222b150b1",
              "parentUUID": "8988446c-f590-43f8-82a3-3218b7aaf6e5",
              "isHook": false,
              "skipped": false
            },
            {
              "title": "should verify the request is showing in approve tab",
              "fullTitle": "Position Openings should verify the request is showing in approve tab",
              "timedOut": false,
              "duration": 1361,
              "state": "passed",
              "speed": "slow",
              "pass": true,
              "fail": false,
              "pending": false,
              "context": null,
              "code": "await positionOpenings.selectReqTblSubTab('Approved');\nlet rowText = await positionOpenings.getPositionTblRow();\nassert.ok(rowText.includes('Software Engineer'), `Expected text not found.`);",
              "err": {},
              "uuid": "5de41ea5-2ee0-4e89-ae29-44b8b163fa5a",
              "parentUUID": "8988446c-f590-43f8-82a3-3218b7aaf6e5",
              "isHook": false,
              "skipped": false
            },
            {
              "title": "should check if request is visible by CEO",
              "fullTitle": "Position Openings should check if request is visible by CEO",
              "timedOut": false,
              "duration": 1389,
              "state": "passed",
              "speed": "slow",
              "pass": true,
              "fail": false,
              "pending": false,
              "context": null,
              "code": "let query = [\n  `UPDATE employees SET \"email\" = 'bilal.rafaqat@invozone.de' WHERE id = 9474;`,\n  `UPDATE employees SET \"email\" = 'bilal.rafaqat@invozone.dev' WHERE id = 9171;`,\n];\nawait utilFun.udpateDatabase(query);\nlet rowText = await positionOpenings.getPositionTblRow();\nassert.ok(rowText.includes('Software Engineer'), `Expected text not found.`);",
              "err": {},
              "uuid": "e48d355a-71d0-4aa1-bfbd-7be6c43f7dd2",
              "parentUUID": "8988446c-f590-43f8-82a3-3218b7aaf6e5",
              "isHook": false,
              "skipped": false
            },
            {
              "title": "should able to check if CEO can edit request",
              "fullTitle": "Position Openings should able to check if CEO can edit request",
              "timedOut": false,
              "duration": 4046,
              "state": "passed",
              "speed": "slow",
              "pass": true,
              "fail": false,
              "pending": false,
              "context": null,
              "code": "await positionOpenings.clickEditBtn();\nawait positionOpenings.enterInstructions(' Updated By CEO');\nawait positionOpenings.clickConfirmAddBtn();\nconst alertText = await utilFun.checkAlert();\nassert.equal(alertText, 'The position opening request has been updated successfully');",
              "err": {},
              "uuid": "2557a83e-2914-4a6e-a5f8-60a5812b55d4",
              "parentUUID": "8988446c-f590-43f8-82a3-3218b7aaf6e5",
              "isHook": false,
              "skipped": false
            },
            {
              "title": "should able to reject request by hod",
              "fullTitle": "Position Openings should able to reject request by hod",
              "timedOut": false,
              "duration": 2881,
              "state": "passed",
              "speed": "slow",
              "pass": true,
              "fail": false,
              "pending": false,
              "context": null,
              "code": "await positionOpenings.clickRejectBtn();\nawait positionOpenings.enterReason('testing');\nawait positionOpenings.clickYesBtn();\nconst alertText = await utilFun.checkAlert();\nassert.equal(alertText, 'The position opening request has been rejected successfully');",
              "err": {},
              "uuid": "5fdd5bd7-ad13-4ec2-9171-dbe6dac78ae4",
              "parentUUID": "8988446c-f590-43f8-82a3-3218b7aaf6e5",
              "isHook": false,
              "skipped": false
            },
            {
              "title": "should verify the request is showing in reject tab",
              "fullTitle": "Position Openings should verify the request is showing in reject tab",
              "timedOut": false,
              "duration": 1605,
              "state": "passed",
              "speed": "slow",
              "pass": true,
              "fail": false,
              "pending": false,
              "context": null,
              "code": "await positionOpenings.selectSubTab('Rejected');\nlet rowText = await positionOpenings.getPositionTblRow();\nassert.ok(rowText.includes('Software Engineer'), `Expected text not found.`);",
              "err": {},
              "uuid": "f8d97582-935c-4208-a6d4-bd521c54a117",
              "parentUUID": "8988446c-f590-43f8-82a3-3218b7aaf6e5",
              "isHook": false,
              "skipped": false
            },
            {
              "title": "should able to approve request by hod",
              "fullTitle": "Position Openings should able to approve request by hod",
              "timedOut": false,
              "duration": 2403,
              "state": "passed",
              "speed": "slow",
              "pass": true,
              "fail": false,
              "pending": false,
              "context": null,
              "code": "let query = [`UPDATE \"position_openings\" SET \"requestStatus\" = 'PENDING' WHERE \"employeeId\" = 9429;`];\nawait utilFun.udpateDatabase(query);\nawait positionOpenings.clickApproveBtn();\nawait positionOpenings.enterReason('testing');\nawait positionOpenings.clickYesBtn();\nconst alertText = await utilFun.checkAlert();\nassert.equal(alertText, 'The position opening request has been approved successfully');",
              "err": {},
              "uuid": "b5316f38-7bd8-47cc-9a1e-c46bf35a566b",
              "parentUUID": "8988446c-f590-43f8-82a3-3218b7aaf6e5",
              "isHook": false,
              "skipped": false
            },
            {
              "title": "should verify the request is showing in approve tab",
              "fullTitle": "Position Openings should verify the request is showing in approve tab",
              "timedOut": false,
              "duration": 1505,
              "state": "passed",
              "speed": "slow",
              "pass": true,
              "fail": false,
              "pending": false,
              "context": null,
              "code": "await positionOpenings.selectSubTab('Approved');\nlet rowText = await positionOpenings.getPositionTblRow();\nassert.ok(rowText.includes('Software Engineer'), `Expected text not found.`);",
              "err": {},
              "uuid": "558680f7-725d-49fc-a4cb-5061743207ac",
              "parentUUID": "8988446c-f590-43f8-82a3-3218b7aaf6e5",
              "isHook": false,
              "skipped": false
            },
            {
              "title": "should verify the request is showing in approve tab for Applicant",
              "fullTitle": "Position Openings should verify the request is showing in approve tab for Applicant",
              "timedOut": false,
              "duration": 1316,
              "state": "passed",
              "speed": "slow",
              "pass": true,
              "fail": false,
              "pending": false,
              "context": null,
              "code": "let query = [\n  `UPDATE employees SET \"email\" = 'bilal.rafaqat@invozone.dev' WHERE id = 9429;`,\n  `UPDATE employees SET \"email\" = 'bilal.rafaqat@invozone.de' WHERE id = 9171;`,\n];\nawait utilFun.udpateDatabase(query);\nawait positionOpenings.selectSubTab('Approved');\nlet rowText = await positionOpenings.getPositionTblRow();\nassert.ok(rowText.includes('Software Engineer'), `Expected text not found.`);",
              "err": {},
              "uuid": "20dffc78-c1e8-4a05-920a-c1f9aff992c6",
              "parentUUID": "8988446c-f590-43f8-82a3-3218b7aaf6e5",
              "isHook": false,
              "skipped": false
            }
          ],
          "suites": [],
          "passes": [
            "a73a135d-f46e-4059-9424-3e258a47ada0",
            "e91d6447-00fa-4805-8b8b-f853eba189e4",
            "6f9f2e16-af1a-4b27-a2b6-443761ba570e",
            "74610424-f8d3-4556-9101-dcec43d7c039",
            "25b1ab21-0326-468f-9275-2a46976423bd",
            "2dfb7e64-b91a-4387-88a1-818830f4d8d3",
            "3e5a27e2-b417-400f-ba44-959242d1e8e5",
            "7ef49e8c-987e-4ed1-ab22-9ebf060414ad",
            "b150a183-6e43-47a5-a04c-67c222b150b1",
            "5de41ea5-2ee0-4e89-ae29-44b8b163fa5a",
            "e48d355a-71d0-4aa1-bfbd-7be6c43f7dd2",
            "2557a83e-2914-4a6e-a5f8-60a5812b55d4",
            "5fdd5bd7-ad13-4ec2-9171-dbe6dac78ae4",
            "f8d97582-935c-4208-a6d4-bd521c54a117",
            "b5316f38-7bd8-47cc-9a1e-c46bf35a566b",
            "558680f7-725d-49fc-a4cb-5061743207ac",
            "20dffc78-c1e8-4a05-920a-c1f9aff992c6"
          ],
          "failures": [],
          "pending": [],
          "skipped": [],
          "duration": 57291,
          "root": false,
          "rootEmpty": false,
          "_timeout": 100000
        }
      ],
      "passes": [],
      "failures": [],
      "pending": [],
      "skipped": [],
      "duration": 0,
      "root": true,
      "rootEmpty": true,
      "_timeout": 100000
    }
  ],
  "meta": {
    "mocha": {
      "version": "10.2.0"
    },
    "mochawesome": {
      "options": {
        "quiet": false,
        "reportFilename": "mochawesome",
        "saveHtml": true,
        "saveJson": true,
        "consoleReporter": "spec",
        "useInlineDiffs": false,
        "code": true
      },
      "version": "7.1.3"
    },
    "marge": {
      "options": {
        "reportDir": "test/report"
      },
      "version": "6.2.0"
    }
  }
}