{
  "stats": {
    "suites": 1,
    "tests": 32,
    "passes": 7,
    "pending": 0,
    "failures": 25,
    "start": "2024-01-17T06:00:41.981Z",
    "end": "2024-01-17T06:10:32.445Z",
    "duration": 590464,
    "testsRegistered": 32,
    "passPercent": 21.875,
    "pendingPercent": 0,
    "other": 0,
    "hasOther": false,
    "skipped": 0,
    "hasSkipped": false
  },
  "results": [
    {
      "uuid": "402d25f3-6937-49f9-a161-69b3d7b3ac2e",
      "title": "",
      "fullFile": "/home/devops/invohub/resource-engagement/test/e2e/monthlyclaim/myclaims-overtime.js",
      "file": "/test/e2e/monthlyclaim/myclaims-overtime.js",
      "beforeHooks": [],
      "afterHooks": [],
      "tests": [],
      "suites": [
        {
          "uuid": "ef24b3a5-f28f-4c86-870a-6454a7318d47",
          "title": "Monthly Claims -> OverTime Claims",
          "fullFile": "/home/devops/invohub/resource-engagement/test/e2e/monthlyclaim/myclaims-overtime.js",
          "file": "/test/e2e/monthlyclaim/myclaims-overtime.js",
          "beforeHooks": [
            {
              "title": "\"before all\" hook in \"Monthly Claims -> OverTime Claims\"",
              "fullTitle": "Monthly Claims -> OverTime Claims \"before all\" hook in \"Monthly Claims -> OverTime Claims\"",
              "timedOut": false,
              "duration": 42777,
              "state": null,
              "speed": null,
              "pass": false,
              "fail": false,
              "pending": false,
              "context": null,
              "code": "await utilFun.login(email, password)\nawait utilFun.wait(5000);\nconst url = await utilFun.getUrl();\nassert.equal(url, baseUrl + '/home');\n    let query = [\n   `UPDATE employees SET \"email\" = 'bilal.rafaqat@invozone.dev' WHERE id = 9429;`,\n   `UPDATE employees SET \"email\" = 'bilal.rafaqat@invozone.de' WHERE id = 9474;`,\n ];\n await utilFun.udpateDatabase(query);\n await utilFun.loginAccount()",
              "err": {},
              "uuid": "755e2adc-c466-4709-bd00-4355efa33130",
              "parentUUID": "ef24b3a5-f28f-4c86-870a-6454a7318d47",
              "isHook": true,
              "skipped": false
            }
          ],
          "afterHooks": [],
          "tests": [
            {
              "title": "should be able to Check Close Button ",
              "fullTitle": "Monthly Claims -> OverTime Claims should be able to Check Close Button ",
              "timedOut": false,
              "duration": 11186,
              "state": "passed",
              "speed": "slow",
              "pass": true,
              "fail": false,
              "pending": false,
              "context": null,
              "code": "const query = [\n    `UPDATE employees SET \"designation\" = 'SQA Automation' WHERE id = 9429;`,\n    `UPDATE employees SET \"workAs\" = 'sqa' WHERE id = 9429;`,\n    `UPDATE employees SET \"departmentId\" = 9 WHERE id = 9429;`,\n    `UPDATE employees SET \"designationId\" = NULL WHERE id = 9429;`,\n    `UPDATE employees SET \"subDepartmentId\" = 52 WHERE id = 9429;`,\n    `UPDATE employees SET \"designationLevelId\" = NULL WHERE id = 9429;`,\n]\nawait utilFun.udpateDatabase(query);\nawait utilFun.visit(baseUrl + '/claim');\nawait utilFun.wait(3000);\nawait claims.MyClaims_AddClaim_Btn();\nawait gym_claims.ClaimSelect('Overtime');\nawait overtime_claims.ManagerSelect('Abid Shahrukh Zaman')\nawait utilFun.wait(1000);\nawait claims.MyClaims_AddClaim_PersonalDevelopment_CloseBtn();\nawait claims.MyClaims_AddClaim_PersonalDevelopment_CloseBtn_Assertion()",
              "err": {},
              "uuid": "58e2be05-4743-4874-9f06-54db16b2b51d",
              "parentUUID": "ef24b3a5-f28f-4c86-870a-6454a7318d47",
              "isHook": false,
              "skipped": false
            },
            {
              "title": "should be able to Check Cancel Button ",
              "fullTitle": "Monthly Claims -> OverTime Claims should be able to Check Cancel Button ",
              "timedOut": false,
              "duration": 11290,
              "state": "passed",
              "speed": "slow",
              "pass": true,
              "fail": false,
              "pending": false,
              "context": null,
              "code": "const query = [\n    `UPDATE employee_attendances SET \"employeeId\" = 9429 , \"totalMinutes\" = 480 , \"date\" = '2023-09-11' where id = 1;`,\n    `UPDATE employee_attendances SET \"employeeId\" = 9429 , \"totalMinutes\" = 780 , \"date\" = '2023-09-12' where id = 2;`,\n    `UPDATE employee_attendances SET \"employeeId\" = 9429 , \"totalMinutes\" = 480 , \"date\" = '2023-09-13' where id = 3;`,\n    `UPDATE employee_attendances SET \"employeeId\" = 9429 , \"totalMinutes\" = 480 , \"date\" = '2023-09-14' where id = 4;`,\n    `UPDATE employee_attendances SET \"employeeId\" = 9429 , \"totalMinutes\" = 480 , \"date\" = '2023-09-15' where id = 5;`,\n    `UPDATE employee_attendances SET \"employeeId\" = 9429 , \"totalMinutes\" = 480 , \"date\" = '2023-09-15' where id = 6;`\n\n]\nawait utilFun.udpateDatabase(query);\nawait utilFun.visit(baseUrl + '/claim');\nawait utilFun.wait(3000);\nawait claims.MyClaims_AddClaim_Btn();\nawait gym_claims.ClaimSelect('Overtime');\nawait overtime_claims.ManagerSelect('Abid Shahrukh Zaman')\nawait utilFun.wait(1000);\nawait claims.MyClaims_AddClaim_PersonalDevelopment_CancelBtn()\nawait claims.MyClaims_AddClaim_PersonalDevelopment_CancelBtn_Assertion()",
              "err": {},
              "uuid": "bc5ac17c-8e94-4f3c-a96d-fd356af9f02b",
              "parentUUID": "ef24b3a5-f28f-4c86-870a-6454a7318d47",
              "isHook": false,
              "skipped": false
            },
            {
              "title": "should be able to submit Overtime",
              "fullTitle": "Monthly Claims -> OverTime Claims should be able to submit Overtime",
              "timedOut": false,
              "duration": 24163,
              "state": "failed",
              "speed": null,
              "pass": false,
              "fail": true,
              "pending": false,
              "context": null,
              "code": "await utilFun.visit(baseUrl + '/claim');\nawait utilFun.wait(3000);\nawait claims.MyClaims_AddClaim_Btn();\nawait gym_claims.ClaimSelect('Overtime');\nawait overtime_claims.ManagerSelect('Abid Shahrukh Zaman')\nawait utilFun.wait(1000);\nawait overtime_claims.MyClaims_AddClaim_SelectManager_CrossIcon();\nawait overtime_claims.ManagerSelect('Muhammad Bilal Rafaqat')\nawait overtime_claims.MyClaims_AddClaim_SelectDate('2023-09-12', 0);\nawait utilFun.wait(2000);\nawait overtime_claims.MyClaims_AddClaim_SelectHours('0300', 0);\nawait overtime_claims.MyClaims_AddClaim_Description('Add Description 1', 0);\nawait child_claims.MyClaims_AddClaim_AddRowBtn(0);\nawait overtime_claims.MyClaims_AddClaim_SelectDate('2023-09-12', 1);\nawait utilFun.wait(2000);\nawait overtime_claims.MyClaims_AddClaim_SelectHours('0100', 1);\nawait overtime_claims.MyClaims_AddClaim_Description('Add Description 2', 1);\nawait child_claims.MyClaims_AddClaim_AddRowBtn(1);\nawait child_claims.MyClaims_AddClaim_AddRowBtn(1);\nawait child_claims.MyClaims_AddClaim_RemoveCircleIcon(2);\nawait child_claims.MyClaims_AddClaim_RemoveCircleIcon(2);\nawait utilFun.wait(2000);\nawait claims.MyClaims_AddClaim_PersonalDevelopment_Submit()\nawait utilFun.wait(1000);\nconst flashMessage = await claims.checkAlert();\nutilFun.assertEql(flashMessage, 'Claim submitted successfully!');",
              "err": {
                "message": "TimeoutError: Waiting for at least one element to be located By(css selector, input[placeholder=\"Select Date\"])\nWait timed out after 10002ms",
                "estack": "TimeoutError: Waiting for at least one element to be located By(css selector, input[placeholder=\"Select Date\"])\nWait timed out after 10002ms\n    at /home/devops/invohub/resource-engagement/node_modules/selenium-webdriver/lib/webdriver.js:929:17\n    at process.processTicksAndRejections (node:internal/process/task_queues:95:5)",
                "diff": null
              },
              "uuid": "dff2589f-9951-4657-88b0-e39b2aee8473",
              "parentUUID": "ef24b3a5-f28f-4c86-870a-6454a7318d47",
              "isHook": false,
              "skipped": false
            },
            {
              "title": "should be able to Show Details and Plus Icon",
              "fullTitle": "Monthly Claims -> OverTime Claims should be able to Show Details and Plus Icon",
              "timedOut": false,
              "duration": 13628,
              "state": "failed",
              "speed": null,
              "pass": false,
              "fail": true,
              "pending": false,
              "context": null,
              "code": "await utilFun.visit(baseUrl + '/claim');\nawait utilFun.wait(3000);\nawait medical_claims.MonthlyClaims_ClaimRequest_ShowAttachmentIndex(0);\nawait utilFun.wait(5000)\nawait overtime_claims.MyClaims_ShowDetails_PlusIcon(0);\nawait utilFun.wait(1000)\nawait overtime_claims.MyClaims_ShowDetails_PlusIcon(1);\nawait claims.MyClaims_AddClaim_PersonalDevelopment_CloseBtn();",
              "err": {
                "message": "TimeoutError: Waiting for at least one element to be located By(css selector, .ant-table-cell > .pointer)\nWait timed out after 10202ms",
                "estack": "TimeoutError: Waiting for at least one element to be located By(css selector, .ant-table-cell > .pointer)\nWait timed out after 10202ms\n    at /home/devops/invohub/resource-engagement/node_modules/selenium-webdriver/lib/webdriver.js:929:17\n    at process.processTicksAndRejections (node:internal/process/task_queues:95:5)",
                "diff": null
              },
              "uuid": "3ff5de9a-9506-48bf-98b9-57ae9f133428",
              "parentUUID": "ef24b3a5-f28f-4c86-870a-6454a7318d47",
              "isHook": false,
              "skipped": false
            },
            {
              "title": "should be able to Delete Button",
              "fullTitle": "Monthly Claims -> OverTime Claims should be able to Delete Button",
              "timedOut": false,
              "duration": 13599,
              "state": "failed",
              "speed": null,
              "pass": false,
              "fail": true,
              "pending": false,
              "context": null,
              "code": "await utilFun.visit(baseUrl + '/claim');\nawait utilFun.wait(3000);\nawait overtime_claims.MyClaims_DeleteButton(0)\nawait claims.MyClaims_DeleteBtn_YesBtn()\nconst flashMessage = await claims.checkAlert();\nutilFun.assertEql(flashMessage, 'Claim is deleted successfully');\nlet query =\n    [\n        'DELETE FROM employee_claims WHERE \"employeeId\" = 9429;'\n    ];\nawait utilFun.udpateDatabase(query)",
              "err": {
                "message": "TimeoutError: Waiting for at least one element to be located By(css selector, button[aria-label='Delete'])\nWait timed out after 10207ms",
                "estack": "TimeoutError: Waiting for at least one element to be located By(css selector, button[aria-label='Delete'])\nWait timed out after 10207ms\n    at /home/devops/invohub/resource-engagement/node_modules/selenium-webdriver/lib/webdriver.js:929:17\n    at process.processTicksAndRejections (node:internal/process/task_queues:95:5)",
                "diff": null
              },
              "uuid": "f20199f3-1bbe-464b-847c-30a7fcc6a75d",
              "parentUUID": "ef24b3a5-f28f-4c86-870a-6454a7318d47",
              "isHook": false,
              "skipped": false
            },
            {
              "title": "should be able to Submit Overtime",
              "fullTitle": "Monthly Claims -> OverTime Claims should be able to Submit Overtime",
              "timedOut": false,
              "duration": 24356,
              "state": "failed",
              "speed": null,
              "pass": false,
              "fail": true,
              "pending": false,
              "context": null,
              "code": "await utilFun.visit(baseUrl + '/claim');\nawait utilFun.wait(3000);\nawait claims.MyClaims_AddClaim_Btn();\nawait gym_claims.ClaimSelect('Overtime');\nawait overtime_claims.ManagerSelect('Abid Shahrukh Zaman')\nawait utilFun.wait(1000);\nawait overtime_claims.MyClaims_AddClaim_SelectManager_CrossIcon();\nawait overtime_claims.ManagerSelect('Muhammad Bilal Rafaqat')\nawait overtime_claims.MyClaims_AddClaim_SelectDate('2023-09-12', 0);\nawait utilFun.wait(2000);\nawait overtime_claims.MyClaims_AddClaim_SelectHours('0300', 0);\nawait overtime_claims.MyClaims_AddClaim_Description('Add Description 1', 0);\nawait child_claims.MyClaims_AddClaim_AddRowBtn(0);\nawait overtime_claims.MyClaims_AddClaim_SelectDate('2023-09-12', 1);\nawait utilFun.wait(2000);\nawait overtime_claims.MyClaims_AddClaim_SelectHours('0100', 1);\nawait overtime_claims.MyClaims_AddClaim_Description('Add Description 2', 1);\nawait child_claims.MyClaims_AddClaim_AddRowBtn(1);\nawait child_claims.MyClaims_AddClaim_AddRowBtn(1);\nawait child_claims.MyClaims_AddClaim_RemoveCircleIcon(2);\nawait child_claims.MyClaims_AddClaim_RemoveCircleIcon(2);\nawait utilFun.wait(2000);\nawait claims.MyClaims_AddClaim_PersonalDevelopment_Submit()\nawait utilFun.wait(1000);\nconst flashMessage = await claims.checkAlert();\nutilFun.assertEql(flashMessage, 'Claim submitted successfully!');",
              "err": {
                "message": "TimeoutError: Waiting for at least one element to be located By(css selector, input[placeholder=\"Select Date\"])\nWait timed out after 10002ms",
                "estack": "TimeoutError: Waiting for at least one element to be located By(css selector, input[placeholder=\"Select Date\"])\nWait timed out after 10002ms\n    at /home/devops/invohub/resource-engagement/node_modules/selenium-webdriver/lib/webdriver.js:929:17\n    at process.processTicksAndRejections (node:internal/process/task_queues:95:5)",
                "diff": null
              },
              "uuid": "ccbcd9b1-c709-4457-80aa-6dc7bc889f27",
              "parentUUID": "ef24b3a5-f28f-4c86-870a-6454a7318d47",
              "isHook": false,
              "skipped": false
            },
            {
              "title": "should be able to click Show Details",
              "fullTitle": "Monthly Claims -> OverTime Claims should be able to click Show Details",
              "timedOut": false,
              "duration": 24555,
              "state": "failed",
              "speed": null,
              "pass": false,
              "fail": true,
              "pending": false,
              "context": null,
              "code": "const query = [\n    `UPDATE employee_claims SET \"managerId\" = 9429 WHERE \"employeeId\" = 9429;`,\n    `UPDATE employees SET \"designation\" = 'Project Manager' WHERE id = 9429;`,\n    `UPDATE employees SET \"workAs\" = 'project_manager' WHERE id = 9429;`,\n    `UPDATE employees SET \"departmentId\" = 9 WHERE id = 9429;`,\n    `UPDATE employees SET \"designationId\" = 118 WHERE id = 9429;`,\n    `UPDATE employees SET \"subDepartmentId\" = NULL WHERE id = 9429;`,\n    `UPDATE employees SET \"designationLevelId\" = 2 WHERE id = 9429;`,\n    'UPDATE departments SET \"hodId\" = NULL WHERE id = 9;',\n];\nawait utilFun.udpateDatabase(query)\nawait utilFun.wait(1000)\nawait utilFun.wait(5000)\nawait utilFun.visit(baseUrl + '/claim');\nawait utilFun.wait(8000);\nawait medical_claims.MonthlyClaims_ClaimRequest_ShowAttachmentIndex(0);\nawait utilFun.wait(5000)\nawait overtime_claims.MyClaims_ShowDetails_PlusIcon(0);\nawait utilFun.wait(1000)\nawait overtime_claims.MyClaims_ShowDetails_PlusIcon(1);\nawait claims.MyClaims_AddClaim_PersonalDevelopment_CloseBtn();",
              "err": {
                "message": "TimeoutError: Waiting for at least one element to be located By(css selector, .ant-table-cell > .pointer)\nWait timed out after 10059ms",
                "estack": "TimeoutError: Waiting for at least one element to be located By(css selector, .ant-table-cell > .pointer)\nWait timed out after 10059ms\n    at /home/devops/invohub/resource-engagement/node_modules/selenium-webdriver/lib/webdriver.js:929:17\n    at process.processTicksAndRejections (node:internal/process/task_queues:95:5)",
                "diff": null
              },
              "uuid": "2ba90cf4-eae2-4ca2-bbe3-058b06a8696f",
              "parentUUID": "ef24b3a5-f28f-4c86-870a-6454a7318d47",
              "isHook": false,
              "skipped": false
            },
            {
              "title": "should be able to Filter Button",
              "fullTitle": "Monthly Claims -> OverTime Claims should be able to Filter Button",
              "timedOut": false,
              "duration": 20912,
              "state": "passed",
              "speed": "slow",
              "pass": true,
              "fail": false,
              "pending": false,
              "context": null,
              "code": "await utilFun.visit(baseUrl + '/claim');\nawait utilFun.wait(4000);\nawait overtime_claims.MyClaims_PMSide_FilterButton();\nawait utilFun.wait(2000);\n/// Search By Name\nawait claims.MyClaims_Filter_SearchByName('Muhammad Zeeshan Ullah')\nawait utilFun.wait(2000);\n/// Search By Claim Type\nawait claims.HRFilterSearchByClaimType('Overtime');\nawait utilFun.wait(1000);\n/// Start and End Date Filter\nawait claims.MyClaims_Filter_StartDate('2023-01-04');\nawait utilFun.wait(2000);\nawait claims.MyClaims_Filter_EndDate('2024-01-04')\nawait utilFun.wait(4000);",
              "err": {},
              "uuid": "994d6726-b056-4758-a82f-fefbbbfc9a5f",
              "parentUUID": "ef24b3a5-f28f-4c86-870a-6454a7318d47",
              "isHook": false,
              "skipped": false
            },
            {
              "title": "should be able to Review Flow",
              "fullTitle": "Monthly Claims -> OverTime Claims should be able to Review Flow",
              "timedOut": false,
              "duration": 13609,
              "state": "failed",
              "speed": null,
              "pass": false,
              "fail": true,
              "pending": false,
              "context": null,
              "code": "await utilFun.visit(baseUrl + '/claim');\nawait utilFun.wait(3000);\nawait overtime_claims.MyClaims_Action_ReviewIcon(0);\nawait claims.MyClaims_ClaimsRequest_TextArea('Add Reviews for Test Automation');\nawait claims.MyClaims_ClaimsRequest_TextArea_AddBtn();\nconst flashMessages = await claims.checkAlert();\nutilFun.assertEql(flashMessages, 'Claim request is reviewed successfully!');\nawait utilFun.wait(5000)\n/// Verify Data in Review Tab\nawait overtime_claims.MyClaims_ReviewTab();\nawait claims.Row_Assertion()",
              "err": {
                "message": "TimeoutError: Waiting for at least one element to be located By(css selector, [aria-label=\"Add Review\"])\nWait timed out after 10214ms",
                "estack": "TimeoutError: Waiting for at least one element to be located By(css selector, [aria-label=\"Add Review\"])\nWait timed out after 10214ms\n    at /home/devops/invohub/resource-engagement/node_modules/selenium-webdriver/lib/webdriver.js:929:17\n    at process.processTicksAndRejections (node:internal/process/task_queues:95:5)",
                "diff": null
              },
              "uuid": "4527c43c-a1bd-46bf-a0d0-b6983896a573",
              "parentUUID": "ef24b3a5-f28f-4c86-870a-6454a7318d47",
              "isHook": false,
              "skipped": false
            },
            {
              "title": "should be able to Reject Flow",
              "fullTitle": "Monthly Claims -> OverTime Claims should be able to Reject Flow",
              "timedOut": false,
              "duration": 13408,
              "state": "failed",
              "speed": null,
              "pass": false,
              "fail": true,
              "pending": false,
              "context": null,
              "code": "let query =\n    [\n        `UPDATE employee_claims SET \"managerStatus\" = 'PENDING' WHERE \"employeeId\" = 9429;`\n    ];\nawait utilFun.udpateDatabase(query)\nawait utilFun.visit(baseUrl + '/claim');\nawait utilFun.wait(3000);\nawait overtime_claims.MyClaims_Action_RejectIcon()\nawait claims.MyClaims_ClaimsRequest_TextArea('Add Reject for Test Automation');\nawait claims.MyClaims_ClaimsRequest_TextArea_AddBtn();\nconst flashMessages = await claims.checkAlert();\nutilFun.assertEql(flashMessages, 'Claim is rejected successfully!');\n/// Verify Data in Reject Tab\nawait overtime_claims.MyClaims_RejectTab();\nawait claims.Row_Assertion()",
              "err": {
                "message": "TimeoutError: Waiting for element to be located By(css selector, [aria-label=\"Reject\"])\nWait timed out after 10007ms",
                "estack": "TimeoutError: Waiting for element to be located By(css selector, [aria-label=\"Reject\"])\nWait timed out after 10007ms\n    at /home/devops/invohub/resource-engagement/node_modules/selenium-webdriver/lib/webdriver.js:929:17\n    at process.processTicksAndRejections (node:internal/process/task_queues:95:5)",
                "diff": null
              },
              "uuid": "626ab4c5-b821-4147-ad26-58d8e990e7b5",
              "parentUUID": "ef24b3a5-f28f-4c86-870a-6454a7318d47",
              "isHook": false,
              "skipped": false
            },
            {
              "title": "should be able to Approve Flow",
              "fullTitle": "Monthly Claims -> OverTime Claims should be able to Approve Flow",
              "timedOut": false,
              "duration": 15606,
              "state": "failed",
              "speed": null,
              "pass": false,
              "fail": true,
              "pending": false,
              "context": null,
              "code": "let query =\n    [\n        `UPDATE employee_claims SET \"managerStatus\" = 'PENDING' WHERE \"employeeId\" = 9429;`\n    ];\nawait utilFun.udpateDatabase(query)\nawait utilFun.visit(baseUrl + '/claim');\nawait utilFun.wait(5000);\nawait overtime_claims.MyClaims_Action_ApproveIcon();\nawait claims.MyClaims_ClaimsRequest_TextArea('Add Reviews for Test Automation');\nawait claims.MyClaims_ClaimsRequest_TextArea_AddBtn();\nconst flashMessages = await claims.checkAlert();\nutilFun.assertEql(flashMessages, 'Claim is approved successfully!');\n/// Verify Data in Approve Tab\nawait overtime_claims.MyClaims_ApproveTab();\nawait claims.Row_Assertion()",
              "err": {
                "message": "TimeoutError: Waiting for element to be located By(css selector, [aria-label=\"Approve\"])\nWait timed out after 10193ms",
                "estack": "TimeoutError: Waiting for element to be located By(css selector, [aria-label=\"Approve\"])\nWait timed out after 10193ms\n    at /home/devops/invohub/resource-engagement/node_modules/selenium-webdriver/lib/webdriver.js:929:17\n    at process.processTicksAndRejections (node:internal/process/task_queues:95:5)",
                "diff": null
              },
              "uuid": "1dc0c968-6619-4dd2-ab04-ff8ce6bdf2f5",
              "parentUUID": "ef24b3a5-f28f-4c86-870a-6454a7318d47",
              "isHook": false,
              "skipped": false
            },
            {
              "title": "should be able to Show Details",
              "fullTitle": "Monthly Claims -> OverTime Claims should be able to Show Details",
              "timedOut": false,
              "duration": 15626,
              "state": "failed",
              "speed": null,
              "pass": false,
              "fail": true,
              "pending": false,
              "context": null,
              "code": "let query =\n    [\n        `UPDATE employees SET \"designation\" = 'HR' WHERE id = 9429;`,\n        `UPDATE employees SET \"workAs\" = 'hr' WHERE id = 9429;`,\n        `UPDATE employees SET \"departmentId\" = 7 WHERE id = 9429;`,\n        `UPDATE employees SET \"subDepartmentId\" = NULL WHERE id = 9429;`,\n        `UPDATE employees SET \"designationId\" =NULL WHERE id = 9429;`,\n        `UPDATE employees SET \"designationLevelId\" = NULL WHERE id = 9429;`,\n    ];\nawait utilFun.udpateDatabase(query);\nawait utilFun.visit(baseUrl + '/claim-request');\nawait utilFun.wait(5000)\nawait medical_claims.MonthlyClaims_ClaimRequest_ShowAttachmentIndex(0);\nawait utilFun.wait(5000)\nawait overtime_claims.MyClaims_ShowDetails_PlusIcon(0);\nawait utilFun.wait(1000)\nawait overtime_claims.MyClaims_ShowDetails_PlusIcon(1);\nawait claims.MyClaims_AddClaim_PersonalDevelopment_CloseBtn();",
              "err": {
                "message": "TimeoutError: Waiting for at least one element to be located By(css selector, .ant-table-cell > .pointer)\nWait timed out after 10202ms",
                "estack": "TimeoutError: Waiting for at least one element to be located By(css selector, .ant-table-cell > .pointer)\nWait timed out after 10202ms\n    at /home/devops/invohub/resource-engagement/node_modules/selenium-webdriver/lib/webdriver.js:929:17\n    at process.processTicksAndRejections (node:internal/process/task_queues:95:5)",
                "diff": null
              },
              "uuid": "58385aa1-c78a-40d0-bae0-65b856548ac7",
              "parentUUID": "ef24b3a5-f28f-4c86-870a-6454a7318d47",
              "isHook": false,
              "skipped": false
            },
            {
              "title": "should be HR Role Review Flow",
              "fullTitle": "Monthly Claims -> OverTime Claims should be HR Role Review Flow",
              "timedOut": false,
              "duration": 12531,
              "state": "failed",
              "speed": null,
              "pass": false,
              "fail": true,
              "pending": false,
              "context": null,
              "code": "await utilFun.visit(baseUrl + '/claim-request');\n        await utilFun.wait(2000)\n        await overtime_claims.MyClaims_Action_ReviewIcon(0);\n        await claims.MyClaims_ClaimsRequest_TextArea('Add Reviews for Test Automation');\n        await claims.MyClaims_ClaimsRequest_TextArea_AddBtn();\n        const flashMessages = await claims.checkAlert();\n        utilFun.assertEql(flashMessages, 'Claim request is reviewed successfully!');\n        await utilFun.wait(3000)\n        /// Verify Data in Review Tab\n        await claims.MyClaims_ClaimsRequest_ReviewTab();\n        await claims.Row_Assertion()\n        await utilFun.wait(3000)",
              "err": {
                "message": "TimeoutError: Waiting for at least one element to be located By(css selector, [aria-label=\"Add Review\"])\nWait timed out after 10139ms",
                "estack": "TimeoutError: Waiting for at least one element to be located By(css selector, [aria-label=\"Add Review\"])\nWait timed out after 10139ms\n    at /home/devops/invohub/resource-engagement/node_modules/selenium-webdriver/lib/webdriver.js:929:17\n    at process.processTicksAndRejections (node:internal/process/task_queues:95:5)",
                "diff": null
              },
              "uuid": "c217fc62-b30f-48b4-ba2c-5cefc5a56b8e",
              "parentUUID": "ef24b3a5-f28f-4c86-870a-6454a7318d47",
              "isHook": false,
              "skipped": false
            },
            {
              "title": "should be Approve Claim by HR",
              "fullTitle": "Monthly Claims -> OverTime Claims should be Approve Claim by HR",
              "timedOut": false,
              "duration": 20589,
              "state": "failed",
              "speed": null,
              "pass": false,
              "fail": true,
              "pending": false,
              "context": null,
              "code": "let query =\n    [\n        `UPDATE employee_claims SET \"claimStatus\" = 'PENDING' WHERE \"employeeId\" = 9429;`\n    ];\nawait utilFun.udpateDatabase(query)\nawait utilFun.wait(5000);\nawait utilFun.visit(baseUrl + '/claim-request');\nawait utilFun.wait(5000)\nawait overtime_claims.MyClaims_Action_ApproveIcon(0);\nawait claims.MyClaims_ClaimsRequest_TextArea('Approve for Test Automation');\nawait claims.MyClaims_ClaimsRequest_TextArea_AddBtn();\nconst flashMessages = await claims.checkAlert();\nutilFun.assertEql(flashMessages, 'Claim is approved successfully!');\n// ///// Verify Data in Aprrove Tab\nawait claims.MyClaims_ClaimsRequest_ApproveTab()\nawait claims.Row_Assertion()",
              "err": {
                "message": "TimeoutError: Waiting for element to be located By(css selector, [aria-label=\"Approve\"])\nWait timed out after 10109ms",
                "estack": "TimeoutError: Waiting for element to be located By(css selector, [aria-label=\"Approve\"])\nWait timed out after 10109ms\n    at /home/devops/invohub/resource-engagement/node_modules/selenium-webdriver/lib/webdriver.js:929:17\n    at process.processTicksAndRejections (node:internal/process/task_queues:95:5)",
                "diff": null
              },
              "uuid": "a113568e-5d77-4864-9e58-48b8ba6db65b",
              "parentUUID": "ef24b3a5-f28f-4c86-870a-6454a7318d47",
              "isHook": false,
              "skipped": false
            },
            {
              "title": "should be Reject Claim by HR",
              "fullTitle": "Monthly Claims -> OverTime Claims should be Reject Claim by HR",
              "timedOut": false,
              "duration": 15536,
              "state": "failed",
              "speed": null,
              "pass": false,
              "fail": true,
              "pending": false,
              "context": null,
              "code": "let query =\n    [\n        `UPDATE employee_claims SET \"claimStatus\" = 'PENDING' WHERE \"employeeId\" = 9429;`\n    ];\nawait utilFun.udpateDatabase(query)\nawait utilFun.visit(baseUrl + '/claim-request');\nawait utilFun.wait(5000)\nawait overtime_claims.MyClaims_Action_RejectIcon(0);\nawait claims.MyClaims_ClaimsRequest_TextArea('Reject for Test Automation');\nawait utilFun.wait(3000)\nawait claims.MyClaims_ClaimsRequest_TextArea_AddBtn();\nconst flashMessages = await claims.checkAlert();\nutilFun.assertEql(flashMessages, 'Claim is rejected successfully!');\n/// Verify Reject Tab\nawait claims.MyClaims_ClaimsRequest_RejectTab();\nawait claims.Row_Assertion()",
              "err": {
                "message": "TimeoutError: Waiting for element to be located By(css selector, [aria-label=\"Reject\"])\nWait timed out after 10078ms",
                "estack": "TimeoutError: Waiting for element to be located By(css selector, [aria-label=\"Reject\"])\nWait timed out after 10078ms\n    at /home/devops/invohub/resource-engagement/node_modules/selenium-webdriver/lib/webdriver.js:929:17\n    at process.processTicksAndRejections (node:internal/process/task_queues:95:5)",
                "diff": null
              },
              "uuid": "a5b3b4aa-fd2e-4622-a36d-49b392042f16",
              "parentUUID": "ef24b3a5-f28f-4c86-870a-6454a7318d47",
              "isHook": false,
              "skipped": false
            },
            {
              "title": "should be Verify Reject Claim in Applicant Side",
              "fullTitle": "Monthly Claims -> OverTime Claims should be Verify Reject Claim in Applicant Side",
              "timedOut": false,
              "duration": 6452,
              "state": "failed",
              "speed": null,
              "pass": false,
              "fail": true,
              "pending": false,
              "context": null,
              "code": "await utilFun.visit(baseUrl + '/claim');\nawait utilFun.wait(6000);\nawait claims.MyClaims_CheckHRStatus_Scroll()\nawait claims.MyClaims_CheckHRStatus()\nawait utilFun.wait(3000);\nconst flashMessages = await overtime_claims.checkAlert();\nutilFun.assertEql(flashMessages, 'Reject for Test Automation');\nawait claims.MyClaims_AddClaim_PersonalDevelopment_CloseBtn();\nlet query =\n    ['DELETE FROM employee_claims_history WHERE \"actionBy\" = 9429;',\n        'DELETE FROM employee_claims WHERE \"employeeId\" = 9429;'\n    ];\nawait utilFun.udpateDatabase(query);",
              "err": {
                "message": "NoSuchElementError: no such element: Unable to locate element: {\"method\":\"css selector\",\"selector\":\".ant-table-cell > .MuiButtonBase-root\"}\n  (Session info: headless chrome=119.0.6045.159)",
                "estack": "NoSuchElementError: no such element: Unable to locate element: {\"method\":\"css selector\",\"selector\":\".ant-table-cell > .MuiButtonBase-root\"}\n  (Session info: headless chrome=119.0.6045.159)\n    at Object.throwDecodedError (node_modules/selenium-webdriver/lib/error.js:524:15)\n    at parseHttpResponse (node_modules/selenium-webdriver/lib/http.js:601:13)\n    at Executor.execute (node_modules/selenium-webdriver/lib/http.js:529:28)\n    at process.processTicksAndRejections (node:internal/process/task_queues:95:5)\n    at async thenableWebDriverProxy.execute (node_modules/selenium-webdriver/lib/webdriver.js:745:17)\n    at async claims.MyClaims_CheckHRStatus_Scroll (test/support/pages/monthlyclaim/claims-pdf.js:270:28)\n    at async Context.<anonymous> (test/e2e/monthlyclaim/myclaims-overtime.js:324:9)",
                "diff": null
              },
              "uuid": "8bc5c4d2-a18a-47cf-824f-3fe1b37b1d0a",
              "parentUUID": "ef24b3a5-f28f-4c86-870a-6454a7318d47",
              "isHook": false,
              "skipped": false
            },
            {
              "title": "should be Submit OverTime as a Project Manager (Employee)",
              "fullTitle": "Monthly Claims -> OverTime Claims should be Submit OverTime as a Project Manager (Employee)",
              "timedOut": false,
              "duration": 27476,
              "state": "failed",
              "speed": null,
              "pass": false,
              "fail": true,
              "pending": false,
              "context": null,
              "code": "const query = [\n    `UPDATE employees SET \"designation\" = 'Project Manager' WHERE id = 9429;`,\n    `UPDATE employees SET \"workAs\" = 'project_manager' WHERE id = 9429;`,\n    `UPDATE employees SET \"departmentId\" = 9 WHERE id = 9429;`,\n    `UPDATE employees SET \"designationId\" = 118 WHERE id = 9429;`,\n    `UPDATE employees SET \"subDepartmentId\" = NULL WHERE id = 9429;`,\n    `UPDATE employees SET \"designationLevelId\" = 2 WHERE id = 9429;`,\n    'UPDATE departments SET \"hodId\" = NULL WHERE id = 9;',\n];\nawait utilFun.udpateDatabase(query)\nawait utilFun.visit(baseUrl + '/claim');\nawait utilFun.wait(6000);\nawait claims.MyClaims_AddClaim_Btn();\nawait gym_claims.ClaimSelect('Overtime');\nawait overtime_claims.ManagerSelect('Sumera Shaikh')\nawait utilFun.wait(1000);\nawait overtime_claims.MyClaims_AddClaim_SelectManager_CrossIcon();\nawait overtime_claims.ManagerSelect('Muhammad Bilal Rafaqat')\nawait overtime_claims.MyClaims_AddClaim_SelectDate('2023-09-12', 0);\nawait utilFun.wait(2000);\nawait overtime_claims.MyClaims_AddClaim_SelectHours('0300', 0);\nawait overtime_claims.MyClaims_AddClaim_Description('Add Description 1', 0);\nawait child_claims.MyClaims_AddClaim_AddRowBtn(0);\nawait overtime_claims.MyClaims_AddClaim_SelectDate('2023-09-12', 1);\nawait utilFun.wait(2000);\nawait overtime_claims.MyClaims_AddClaim_SelectHours('0100', 1);\nawait overtime_claims.MyClaims_AddClaim_Description('Add Description 2', 1);\nawait child_claims.MyClaims_AddClaim_AddRowBtn(1);\nawait child_claims.MyClaims_AddClaim_AddRowBtn(1);\nawait child_claims.MyClaims_AddClaim_RemoveCircleIcon(2);\nawait child_claims.MyClaims_AddClaim_RemoveCircleIcon(2);\nawait utilFun.wait(2000);\nawait claims.MyClaims_AddClaim_PersonalDevelopment_Submit()\nawait utilFun.wait(1000);\nconst flashMessage = await claims.checkAlert();\nutilFun.assertEql(flashMessage, 'Claim submitted successfully!');",
              "err": {
                "message": "TimeoutError: Waiting for at least one element to be located By(css selector, input[placeholder=\"Select Date\"])\nWait timed out after 10047ms",
                "estack": "TimeoutError: Waiting for at least one element to be located By(css selector, input[placeholder=\"Select Date\"])\nWait timed out after 10047ms\n    at /home/devops/invohub/resource-engagement/node_modules/selenium-webdriver/lib/webdriver.js:929:17\n    at process.processTicksAndRejections (node:internal/process/task_queues:95:5)",
                "diff": null
              },
              "uuid": "7cc74754-f3a5-4f7e-adb2-d455f2e7c445",
              "parentUUID": "ef24b3a5-f28f-4c86-870a-6454a7318d47",
              "isHook": false,
              "skipped": false
            },
            {
              "title": "should be able to Show Details (HOD Side)",
              "fullTitle": "Monthly Claims -> OverTime Claims should be able to Show Details (HOD Side)",
              "timedOut": false,
              "duration": 15674,
              "state": "failed",
              "speed": null,
              "pass": false,
              "fail": true,
              "pending": false,
              "context": null,
              "code": "const query = [\n    `UPDATE employee_claims SET \"managerId\" = 9429 WHERE \"employeeId\" = 9429;`,\n    `UPDATE employees SET \"designation\" = 'Head of Engineering' WHERE id = 9429;`,\n    `UPDATE employees SET \"workAs\" = 'dev' WHERE id = 9429;`,\n    `UPDATE employees SET \"departmentId\" = 9 WHERE id = 9429;`,\n    `UPDATE employees SET \"designationId\" = 83 WHERE id = 9429;`,\n    `UPDATE employees SET \"subDepartmentId\" = NULL WHERE id = 9429;`,\n    `UPDATE employees SET \"designationLevelId\" = NULL WHERE id = 9429;`,\n    'UPDATE departments SET \"hodId\" = 9429 WHERE id = 9;',\n    //// change manager id\n];\nawait utilFun.udpateDatabase(query);\nawait utilFun.visit(baseUrl + '/claim');\nawait utilFun.wait(5000);\nawait medical_claims.MonthlyClaims_ClaimRequest_ShowAttachmentIndex(0);\nawait utilFun.wait(3000)\nawait overtime_claims.MyClaims_ShowDetails_PlusIcon(0);\nawait utilFun.wait(2000)\nawait overtime_claims.MyClaims_ShowDetails_PlusIcon(1);\nawait claims.MyClaims_AddClaim_PersonalDevelopment_CloseBtn();",
              "err": {
                "message": "TimeoutError: Waiting for at least one element to be located By(css selector, .ant-table-cell > .pointer)\nWait timed out after 10199ms",
                "estack": "TimeoutError: Waiting for at least one element to be located By(css selector, .ant-table-cell > .pointer)\nWait timed out after 10199ms\n    at /home/devops/invohub/resource-engagement/node_modules/selenium-webdriver/lib/webdriver.js:929:17\n    at process.processTicksAndRejections (node:internal/process/task_queues:95:5)",
                "diff": null
              },
              "uuid": "9ec80dad-0724-4e1e-a896-0c793d9c744e",
              "parentUUID": "ef24b3a5-f28f-4c86-870a-6454a7318d47",
              "isHook": false,
              "skipped": false
            },
            {
              "title": "should be able to Filter Button (HOD Scenario)",
              "fullTitle": "Monthly Claims -> OverTime Claims should be able to Filter Button (HOD Scenario)",
              "timedOut": false,
              "duration": 20865,
              "state": "passed",
              "speed": "slow",
              "pass": true,
              "fail": false,
              "pending": false,
              "context": null,
              "code": "await utilFun.visit(baseUrl + '/claim');\nawait utilFun.wait(4000);\nawait overtime_claims.MyClaims_PMSide_FilterButton();\nawait utilFun.wait(2000);\n/// Search By Name\nawait claims.MyClaims_Filter_SearchByName('Muhammad Zeeshan Ullah')\nawait utilFun.wait(2000);\n/// Search By Claim Type\nawait claims.HRFilterSearchByClaimType('Overtime');\nawait utilFun.wait(1000);\n/// Start and End Date Filter\nawait claims.MyClaims_Filter_StartDate('2024-01-04');\nawait utilFun.wait(2000);\nawait claims.MyClaims_Filter_EndDate('2024-01-04')\nawait utilFun.wait(4000);",
              "err": {},
              "uuid": "599db6a0-8353-443a-9a87-26afc09c4f36",
              "parentUUID": "ef24b3a5-f28f-4c86-870a-6454a7318d47",
              "isHook": false,
              "skipped": false
            },
            {
              "title": "should be able to Review Flow (HOD Scenario)",
              "fullTitle": "Monthly Claims -> OverTime Claims should be able to Review Flow (HOD Scenario)",
              "timedOut": false,
              "duration": 17531,
              "state": "failed",
              "speed": null,
              "pass": false,
              "fail": true,
              "pending": false,
              "context": null,
              "code": "let query =\n    [\n        `UPDATE employee_claims SET \"managerStatus\" = 'PENDING' WHERE \"employeeId\" = 9429;`\n    ];\nawait utilFun.udpateDatabase(query)\nawait utilFun.wait(3000);\nawait utilFun.visit(baseUrl + '/claim');\nawait utilFun.wait(4000);\nawait overtime_claims.MyClaims_Action_ReviewIcon(0);\nawait claims.MyClaims_ClaimsRequest_TextArea('Add Reviews for Test Automation');\nawait claims.MyClaims_ClaimsRequest_TextArea_AddBtn();\nconst flashMessages = await claims.checkAlert();\nutilFun.assertEql(flashMessages, 'Claim request is reviewed successfully!');\nawait utilFun.wait(5000)\n/// Verify Data in Review Tab\nawait overtime_claims.MyClaims_ReviewTab();\nawait claims.Row_Assertion()",
              "err": {
                "message": "TimeoutError: Waiting for at least one element to be located By(css selector, [aria-label=\"Add Review\"])\nWait timed out after 10060ms",
                "estack": "TimeoutError: Waiting for at least one element to be located By(css selector, [aria-label=\"Add Review\"])\nWait timed out after 10060ms\n    at /home/devops/invohub/resource-engagement/node_modules/selenium-webdriver/lib/webdriver.js:929:17\n    at process.processTicksAndRejections (node:internal/process/task_queues:95:5)",
                "diff": null
              },
              "uuid": "241ccc0f-bf8f-4589-8416-a1020e6b54f7",
              "parentUUID": "ef24b3a5-f28f-4c86-870a-6454a7318d47",
              "isHook": false,
              "skipped": false
            },
            {
              "title": "should be able to Reject Flow (HOD Scenario)",
              "fullTitle": "Monthly Claims -> OverTime Claims should be able to Reject Flow (HOD Scenario)",
              "timedOut": false,
              "duration": 13654,
              "state": "failed",
              "speed": null,
              "pass": false,
              "fail": true,
              "pending": false,
              "context": null,
              "code": "let query =\n    [\n        `UPDATE employee_claims SET \"managerStatus\" = 'PENDING' WHERE \"employeeId\" = 9429;`\n    ];\nawait utilFun.udpateDatabase(query)\nawait utilFun.visit(baseUrl + '/claim');\nawait utilFun.wait(3000);\nawait overtime_claims.MyClaims_Action_RejectIcon()\nawait claims.MyClaims_ClaimsRequest_TextArea('Add Reject for Test Automation');\nawait claims.MyClaims_ClaimsRequest_TextArea_AddBtn();\nconst flashMessages = await claims.checkAlert();\nutilFun.assertEql(flashMessages, 'Claim is rejected successfully!');\n/// Verify Data in Reject Tab\nawait overtime_claims.MyClaims_RejectTab();\nawait claims.Row_Assertion()",
              "err": {
                "message": "TimeoutError: Waiting for element to be located By(css selector, [aria-label=\"Reject\"])\nWait timed out after 10211ms",
                "estack": "TimeoutError: Waiting for element to be located By(css selector, [aria-label=\"Reject\"])\nWait timed out after 10211ms\n    at /home/devops/invohub/resource-engagement/node_modules/selenium-webdriver/lib/webdriver.js:929:17\n    at process.processTicksAndRejections (node:internal/process/task_queues:95:5)",
                "diff": null
              },
              "uuid": "be396f55-4e88-4567-9fb5-a0beaa0c87eb",
              "parentUUID": "ef24b3a5-f28f-4c86-870a-6454a7318d47",
              "isHook": false,
              "skipped": false
            },
            {
              "title": "should be able to Approve Flow (HOD Scenario)",
              "fullTitle": "Monthly Claims -> OverTime Claims should be able to Approve Flow (HOD Scenario)",
              "timedOut": false,
              "duration": 15449,
              "state": "failed",
              "speed": null,
              "pass": false,
              "fail": true,
              "pending": false,
              "context": null,
              "code": "let query =\n    [\n        `UPDATE employee_claims SET \"managerStatus\" = 'PENDING' WHERE \"employeeId\" = 9429;`\n    ];\nawait utilFun.udpateDatabase(query)\nawait utilFun.visit(baseUrl + '/claim');\nawait utilFun.wait(5000);\nawait overtime_claims.MyClaims_Action_ApproveIcon();\nawait claims.MyClaims_ClaimsRequest_TextArea('Add Reviews for Test Automation');\nawait claims.MyClaims_ClaimsRequest_TextArea_AddBtn();\nconst flashMessages = await claims.checkAlert();\nutilFun.assertEql(flashMessages, 'Claim is approved successfully!');\n/// Verify Data in Approve Tab\nawait overtime_claims.MyClaims_ApproveTab();\nawait claims.Row_Assertion()",
              "err": {
                "message": "TimeoutError: Waiting for element to be located By(css selector, [aria-label=\"Approve\"])\nWait timed out after 10017ms",
                "estack": "TimeoutError: Waiting for element to be located By(css selector, [aria-label=\"Approve\"])\nWait timed out after 10017ms\n    at /home/devops/invohub/resource-engagement/node_modules/selenium-webdriver/lib/webdriver.js:929:17\n    at process.processTicksAndRejections (node:internal/process/task_queues:95:5)",
                "diff": null
              },
              "uuid": "0ed06629-7075-4af2-a5bf-aa52f5f3832f",
              "parentUUID": "ef24b3a5-f28f-4c86-870a-6454a7318d47",
              "isHook": false,
              "skipped": false
            },
            {
              "title": "should be able to Show Details (HR Scenario)",
              "fullTitle": "Monthly Claims -> OverTime Claims should be able to Show Details (HR Scenario)",
              "timedOut": false,
              "duration": 12636,
              "state": "failed",
              "speed": null,
              "pass": false,
              "fail": true,
              "pending": false,
              "context": null,
              "code": "let query =\n    [\n        `UPDATE employees SET \"designation\" = 'HR' WHERE id = 9429;`,\n        `UPDATE employees SET \"workAs\" = 'hr' WHERE id = 9429;`,\n        `UPDATE employees SET \"departmentId\" = 7 WHERE id = 9429;`,\n        `UPDATE employees SET \"subDepartmentId\" = NULL WHERE id = 9429;`,\n        `UPDATE employees SET \"designationId\" =NULL WHERE id = 9429;`,\n        `UPDATE employees SET \"designationLevelId\" = NULL WHERE id = 9429;`,\n    ];\nawait utilFun.udpateDatabase(query);\nawait utilFun.visit(baseUrl + '/claim-request');\nawait utilFun.wait(2000)\nawait medical_claims.MonthlyClaims_ClaimRequest_ShowAttachmentIndex(0);\nawait utilFun.wait(5000)\nawait overtime_claims.MyClaims_ShowDetails_PlusIcon(0);\nawait utilFun.wait(1000)\nawait overtime_claims.MyClaims_ShowDetails_PlusIcon(1);\nawait claims.MyClaims_AddClaim_PersonalDevelopment_CloseBtn();",
              "err": {
                "message": "TimeoutError: Waiting for at least one element to be located By(css selector, .ant-table-cell > .pointer)\nWait timed out after 10200ms",
                "estack": "TimeoutError: Waiting for at least one element to be located By(css selector, .ant-table-cell > .pointer)\nWait timed out after 10200ms\n    at /home/devops/invohub/resource-engagement/node_modules/selenium-webdriver/lib/webdriver.js:929:17\n    at process.processTicksAndRejections (node:internal/process/task_queues:95:5)",
                "diff": null
              },
              "uuid": "10a60c9e-6278-43fc-a401-337cf4d906a6",
              "parentUUID": "ef24b3a5-f28f-4c86-870a-6454a7318d47",
              "isHook": false,
              "skipped": false
            },
            {
              "title": "should be HR Role Review Flow (HR Scenario)",
              "fullTitle": "Monthly Claims -> OverTime Claims should be HR Role Review Flow (HR Scenario)",
              "timedOut": false,
              "duration": 12503,
              "state": "failed",
              "speed": null,
              "pass": false,
              "fail": true,
              "pending": false,
              "context": null,
              "code": "await utilFun.visit(baseUrl + '/claim-request');\nawait utilFun.wait(2000)\nawait overtime_claims.MyClaims_Action_ReviewIcon(0);\nawait claims.MyClaims_ClaimsRequest_TextArea('Add Reviews for Test Automation');\nawait claims.MyClaims_ClaimsRequest_TextArea_AddBtn();\nconst flashMessages = await claims.checkAlert();\nutilFun.assertEql(flashMessages, 'Claim request is reviewed successfully!');\nawait utilFun.wait(3000)\n/// Verify Data in Review Tab\nawait claims.MyClaims_ClaimsRequest_ReviewTab();\nawait claims.Row_Assertion()\nawait utilFun.wait(3000)",
              "err": {
                "message": "TimeoutError: Waiting for at least one element to be located By(css selector, [aria-label=\"Add Review\"])\nWait timed out after 10022ms",
                "estack": "TimeoutError: Waiting for at least one element to be located By(css selector, [aria-label=\"Add Review\"])\nWait timed out after 10022ms\n    at /home/devops/invohub/resource-engagement/node_modules/selenium-webdriver/lib/webdriver.js:929:17\n    at process.processTicksAndRejections (node:internal/process/task_queues:95:5)",
                "diff": null
              },
              "uuid": "c9240411-5510-48d3-ab9a-c1940597a6c0",
              "parentUUID": "ef24b3a5-f28f-4c86-870a-6454a7318d47",
              "isHook": false,
              "skipped": false
            },
            {
              "title": "should be Approve Claim by HR (HR Scenario)",
              "fullTitle": "Monthly Claims -> OverTime Claims should be Approve Claim by HR (HR Scenario)",
              "timedOut": false,
              "duration": 20574,
              "state": "failed",
              "speed": null,
              "pass": false,
              "fail": true,
              "pending": false,
              "context": null,
              "code": "let query =\n    [\n        `UPDATE employee_claims SET \"claimStatus\" = 'PENDING' WHERE \"employeeId\" = 9429;`\n    ];\nawait utilFun.udpateDatabase(query)\nawait utilFun.wait(5000);\nawait utilFun.visit(baseUrl + '/claim-request');\nawait utilFun.wait(5000)\nawait overtime_claims.MyClaims_Action_ApproveIcon(0);\nawait claims.MyClaims_ClaimsRequest_TextArea('Approve for Test Automation');\nawait claims.MyClaims_ClaimsRequest_TextArea_AddBtn();\nconst flashMessages = await claims.checkAlert();\nutilFun.assertEql(flashMessages, 'Claim is approved successfully!');\n// ///// Verify Data in Aprrove Tab\nawait claims.MyClaims_ClaimsRequest_ApproveTab()\nawait claims.Row_Assertion()",
              "err": {
                "message": "TimeoutError: Waiting for element to be located By(css selector, [aria-label=\"Approve\"])\nWait timed out after 10153ms",
                "estack": "TimeoutError: Waiting for element to be located By(css selector, [aria-label=\"Approve\"])\nWait timed out after 10153ms\n    at /home/devops/invohub/resource-engagement/node_modules/selenium-webdriver/lib/webdriver.js:929:17\n    at process.processTicksAndRejections (node:internal/process/task_queues:95:5)",
                "diff": null
              },
              "uuid": "6cc006f2-f301-4111-883e-ffa1b50374f1",
              "parentUUID": "ef24b3a5-f28f-4c86-870a-6454a7318d47",
              "isHook": false,
              "skipped": false
            },
            {
              "title": "should be Reject Claim by HR",
              "fullTitle": "Monthly Claims -> OverTime Claims should be Reject Claim by HR",
              "timedOut": false,
              "duration": 15519,
              "state": "failed",
              "speed": null,
              "pass": false,
              "fail": true,
              "pending": false,
              "context": null,
              "code": "let query =\n    [\n        `UPDATE employee_claims SET \"claimStatus\" = 'PENDING' WHERE \"employeeId\" = 9429;`\n    ];\nawait utilFun.udpateDatabase(query)\nawait utilFun.visit(baseUrl + '/claim-request');\nawait utilFun.wait(5000)\nawait overtime_claims.MyClaims_Action_RejectIcon(0);\nawait claims.MyClaims_ClaimsRequest_TextArea('Reject for Test Automation');\nawait utilFun.wait(3000)\nawait claims.MyClaims_ClaimsRequest_TextArea_AddBtn();\nconst flashMessages = await claims.checkAlert();\nutilFun.assertEql(flashMessages, 'Claim is rejected successfully!');\n/// Verify Reject Tab\nawait claims.MyClaims_ClaimsRequest_RejectTab();\nawait claims.Row_Assertion()",
              "err": {
                "message": "TimeoutError: Waiting for element to be located By(css selector, [aria-label=\"Reject\"])\nWait timed out after 10012ms",
                "estack": "TimeoutError: Waiting for element to be located By(css selector, [aria-label=\"Reject\"])\nWait timed out after 10012ms\n    at /home/devops/invohub/resource-engagement/node_modules/selenium-webdriver/lib/webdriver.js:929:17\n    at process.processTicksAndRejections (node:internal/process/task_queues:95:5)",
                "diff": null
              },
              "uuid": "037aa3c8-8035-4ff2-a0d1-2db17490254d",
              "parentUUID": "ef24b3a5-f28f-4c86-870a-6454a7318d47",
              "isHook": false,
              "skipped": false
            },
            {
              "title": "should be Verify Reject Claim in Applicant Side",
              "fullTitle": "Monthly Claims -> OverTime Claims should be Verify Reject Claim in Applicant Side",
              "timedOut": false,
              "duration": 6447,
              "state": "failed",
              "speed": null,
              "pass": false,
              "fail": true,
              "pending": false,
              "context": null,
              "code": "const query = [\n    `UPDATE employees SET \"designation\" = 'Project Manager' WHERE id = 9429;`,\n    `UPDATE employees SET \"workAs\" = 'project_manager' WHERE id = 9429;`,\n    `UPDATE employees SET \"departmentId\" = 9 WHERE id = 9429;`,\n    `UPDATE employees SET \"designationId\" = 118 WHERE id = 9429;`,\n    `UPDATE employees SET \"subDepartmentId\" = NULL WHERE id = 9429;`,\n    `UPDATE employees SET \"designationLevelId\" = 2 WHERE id = 9429;`,\n    'UPDATE departments SET \"hodId\" = NULL WHERE id = 9;',\n];\nawait utilFun.udpateDatabase(query);\nawait utilFun.visit(baseUrl + '/claim');\nawait utilFun.wait(6000);\nawait claims.MyClaims_CheckHRStatus_Scroll()\nawait claims.MyClaims_CheckHRStatus()\nawait utilFun.wait(3000);\nconst flashMessages = await overtime_claims.checkAlert();\nutilFun.assertEql(flashMessages, 'Reject for Test Automation');\nawait claims.MyClaims_AddClaim_PersonalDevelopment_CloseBtn();",
              "err": {
                "message": "NoSuchElementError: no such element: Unable to locate element: {\"method\":\"css selector\",\"selector\":\".ant-table-cell > .MuiButtonBase-root\"}\n  (Session info: headless chrome=119.0.6045.159)",
                "estack": "NoSuchElementError: no such element: Unable to locate element: {\"method\":\"css selector\",\"selector\":\".ant-table-cell > .MuiButtonBase-root\"}\n  (Session info: headless chrome=119.0.6045.159)\n    at Object.throwDecodedError (node_modules/selenium-webdriver/lib/error.js:524:15)\n    at parseHttpResponse (node_modules/selenium-webdriver/lib/http.js:601:13)\n    at Executor.execute (node_modules/selenium-webdriver/lib/http.js:529:28)\n    at process.processTicksAndRejections (node:internal/process/task_queues:95:5)\n    at async thenableWebDriverProxy.execute (node_modules/selenium-webdriver/lib/webdriver.js:745:17)\n    at async claims.MyClaims_CheckHRStatus_Scroll (test/support/pages/monthlyclaim/claims-pdf.js:270:28)\n    at async Context.<anonymous> (test/e2e/monthlyclaim/myclaims-overtime.js:551:9)",
                "diff": null
              },
              "uuid": "958b1122-2140-4660-b080-c44b1726886c",
              "parentUUID": "ef24b3a5-f28f-4c86-870a-6454a7318d47",
              "isHook": false,
              "skipped": false
            },
            {
              "title": "should be Download CSV",
              "fullTitle": "Monthly Claims -> OverTime Claims should be Download CSV",
              "timedOut": false,
              "duration": 21225,
              "state": "passed",
              "speed": "slow",
              "pass": true,
              "fail": false,
              "pending": false,
              "context": null,
              "code": "let query =\n    [\n        `UPDATE employees SET \"designation\" = 'HR' WHERE id = 9429;`,\n        `UPDATE employees SET \"workAs\" = 'hr' WHERE id = 9429;`,\n        `UPDATE employees SET \"departmentId\" = 7 WHERE id = 9429;`,\n        `UPDATE employees SET \"subDepartmentId\" = NULL WHERE id = 9429;`,\n        `UPDATE employees SET \"designationId\" =NULL WHERE id = 9429;`,\n        `UPDATE employees SET \"designationLevelId\" = NULL WHERE id = 9429;`,\n    ];\nawait utilFun.udpateDatabase(query);\nawait utilFun.visit(baseUrl + '/claim-request');\nawait utilFun.wait(6000);\nawait claims.MyClaims_ClaimRequest_DownloadBtn()\nawait utilFun.wait(3000);\nawait overtime_claims.MyClaims_Filter_StartDate('2024-01-01');\nawait utilFun.wait(1000);\nawait overtime_claims.MyClaims_Filter_EndDate('2024-01-15');\nawait claims.ClaimStatus('Pending');\nawait utilFun.wait(1000);\nawait claims.ClaimStatus('Rejected');\nawait claims.MyClaims_ClaimRequest_DownloadBtn_MainDownloadBtn()\nawait utilFun.wait(1000);\nlet querys =\n    ['DELETE FROM employee_claims_history WHERE \"actionBy\" = 9429;',\n        'DELETE FROM employee_claims WHERE \"employeeId\" = 9429;'\n    ];\nawait utilFun.udpateDatabase(querys);",
              "err": {},
              "uuid": "8a9610c7-babe-47f0-9c6b-d796671b6326",
              "parentUUID": "ef24b3a5-f28f-4c86-870a-6454a7318d47",
              "isHook": false,
              "skipped": false
            },
            {
              "title": "should be Incorrect Deadline Date",
              "fullTitle": "Monthly Claims -> OverTime Claims should be Incorrect Deadline Date",
              "timedOut": false,
              "duration": 18000,
              "state": "passed",
              "speed": "slow",
              "pass": true,
              "fail": false,
              "pending": false,
              "context": null,
              "code": "let query =\n    [\n        `UPDATE employees SET \"designation\" = 'HR' WHERE id = 9429;`,\n        `UPDATE employees SET \"workAs\" = 'hr' WHERE id = 9429;`,\n        `UPDATE employees SET \"departmentId\" = 7 WHERE id = 9429;`,\n        `UPDATE employees SET \"subDepartmentId\" = NULL WHERE id = 9429;`,\n        `UPDATE employees SET \"designationId\" =NULL WHERE id = 9429;`,\n        `UPDATE employees SET \"designationLevelId\" = NULL WHERE id = 9429;`,\n        'DELETE FROM employee_claims_history WHERE \"actionBy\" = 9429;',\n        'DELETE FROM employee_claims WHERE \"employeeId\" = 9429;'\n    ];\nawait utilFun.udpateDatabase(query);\nawait utilFun.visit(baseUrl + '/claim-request');\nawait utilFun.wait(6000);\nawait overtime_claims.MyClaims_DeadlineBtn();\nawait overtime_claims.MyClaims_DeadlineDate_ClearHover();\nawait overtime_claims.MyClaims_DeadlineDate_ClearBtn();\nawait overtime_claims.MyClaims_Deadline_Date('2023-03-12 20:48:11');\nawait utilFun.wait(4000);\nawait overtime_claims.MyClaims_Deadline_SetBtn();\nconst flashMessage = await claims.checkAlert();\nutilFun.assertEql(flashMessage, 'Deadline is set successfully!');",
              "err": {},
              "uuid": "47358c7c-b688-4612-a68c-0007ce7d51d8",
              "parentUUID": "ef24b3a5-f28f-4c86-870a-6454a7318d47",
              "isHook": false,
              "skipped": false
            },
            {
              "title": "should be Submit OverTime with Wrong Deadline Date",
              "fullTitle": "Monthly Claims -> OverTime Claims should be Submit OverTime with Wrong Deadline Date",
              "timedOut": false,
              "duration": 27420,
              "state": "failed",
              "speed": null,
              "pass": false,
              "fail": true,
              "pending": false,
              "context": null,
              "code": "const query = [\n    `UPDATE employees SET \"designation\" = 'SQA Automation' WHERE id = 9429;`,\n    `UPDATE employees SET \"workAs\" = 'sqa' WHERE id = 9429;`,\n    `UPDATE employees SET \"departmentId\" = 9 WHERE id = 9429;`,\n    `UPDATE employees SET \"designationId\" = NULL WHERE id = 9429;`,\n    `UPDATE employees SET \"subDepartmentId\" = 52 WHERE id = 9429;`,\n    `UPDATE employees SET \"designationLevelId\" = NULL WHERE id = 9429;`,\n];\nawait utilFun.udpateDatabase(query)\nawait utilFun.visit(baseUrl + '/claim');\nawait utilFun.wait(6000);\nawait claims.MyClaims_AddClaim_Btn();\nawait gym_claims.ClaimSelect('Overtime');\nawait overtime_claims.ManagerSelect('Sumera Shaikh')\nawait utilFun.wait(1000);\nawait overtime_claims.MyClaims_AddClaim_SelectManager_CrossIcon();\nawait overtime_claims.ManagerSelect('Muhammad Bilal Rafaqat')\nawait overtime_claims.MyClaims_AddClaim_SelectDate('2023-09-12', 0);\nawait utilFun.wait(2000);\nconst flashMessages = await claims.checkAlert();\nutilFun.assertEql(flashMessages, 'Overtime claim is only allow for current month');\nawait overtime_claims.MyClaims_AddClaim_SelectHours('0300', 0);\nawait overtime_claims.MyClaims_AddClaim_Description('Add Description 1', 0);",
              "err": {
                "message": "TimeoutError: Waiting for at least one element to be located By(css selector, input[placeholder=\"Select Date\"])\nWait timed out after 10022ms",
                "estack": "TimeoutError: Waiting for at least one element to be located By(css selector, input[placeholder=\"Select Date\"])\nWait timed out after 10022ms\n    at /home/devops/invohub/resource-engagement/node_modules/selenium-webdriver/lib/webdriver.js:929:17\n    at process.processTicksAndRejections (node:internal/process/task_queues:95:5)",
                "diff": null
              },
              "uuid": "aea3fc90-977d-4af4-94e3-bdb45ff29bd7",
              "parentUUID": "ef24b3a5-f28f-4c86-870a-6454a7318d47",
              "isHook": false,
              "skipped": false
            },
            {
              "title": "should be Set Deadline Date",
              "fullTitle": "Monthly Claims -> OverTime Claims should be Set Deadline Date",
              "timedOut": false,
              "duration": 17991,
              "state": "passed",
              "speed": "slow",
              "pass": true,
              "fail": false,
              "pending": false,
              "context": null,
              "code": "let query =\n    [\n        'DELETE FROM employee_claim_deadlines;',\n        `UPDATE employees SET \"designation\" = 'HR' WHERE id = 9429;`,\n        `UPDATE employees SET \"workAs\" = 'hr' WHERE id = 9429;`,\n        `UPDATE employees SET \"departmentId\" = 7 WHERE id = 9429;`,\n        `UPDATE employees SET \"subDepartmentId\" = NULL WHERE id = 9429;`,\n        `UPDATE employees SET \"designationId\" =NULL WHERE id = 9429;`,\n        `UPDATE employees SET \"designationLevelId\" = NULL WHERE id = 9429;`,\n        'DELETE FROM employee_claims_history WHERE \"actionBy\" = 9429;',\n        'DELETE FROM employee_claims WHERE \"employeeId\" = 9429;'\n    ];\nawait utilFun.udpateDatabase(query);\nawait utilFun.visit(baseUrl + '/claim-request');\nawait utilFun.wait(6000);\nawait overtime_claims.MyClaims_DeadlineBtn();\nawait overtime_claims.MyClaims_DeadlineDate_ClearHover();\nawait overtime_claims.MyClaims_DeadlineDate_ClearBtn();\nawait overtime_claims.MyClaims_Deadline_Date('2024-03-12 20:48:11');\nawait utilFun.wait(4000);\nawait overtime_claims.MyClaims_Deadline_SetBtn();\nconst flashMessage = await claims.checkAlert();\nutilFun.assertEql(flashMessage, 'Deadline is set successfully!');",
              "err": {},
              "uuid": "3ab4add4-46d8-47af-a0de-2ff618c69b7d",
              "parentUUID": "ef24b3a5-f28f-4c86-870a-6454a7318d47",
              "isHook": false,
              "skipped": false
            },
            {
              "title": "should be Submit OverTime as a SQA Automation(Employee) to Verify with Correct Deadline Date",
              "fullTitle": "Monthly Claims -> OverTime Claims should be Submit OverTime as a SQA Automation(Employee) to Verify with Correct Deadline Date",
              "timedOut": false,
              "duration": 27638,
              "state": "failed",
              "speed": null,
              "pass": false,
              "fail": true,
              "pending": false,
              "context": null,
              "code": "const query = [\n    `UPDATE employees SET \"designation\" = 'SQA Automation' WHERE id = 9429;`,\n    `UPDATE employees SET \"workAs\" = 'sqa' WHERE id = 9429;`,\n    `UPDATE employees SET \"departmentId\" = 9 WHERE id = 9429;`,\n    `UPDATE employees SET \"designationId\" = NULL WHERE id = 9429;`,\n    `UPDATE employees SET \"subDepartmentId\" = 52 WHERE id = 9429;`,\n    `UPDATE employees SET \"designationLevelId\" = NULL WHERE id = 9429;`,\n];\nawait utilFun.udpateDatabase(query)\nawait utilFun.visit(baseUrl + '/claim');\nawait utilFun.wait(6000);\nawait claims.MyClaims_AddClaim_Btn();\nawait gym_claims.ClaimSelect('Overtime');\nawait overtime_claims.ManagerSelect('Sumera Shaikh')\nawait utilFun.wait(1000);\nawait overtime_claims.MyClaims_AddClaim_SelectManager_CrossIcon();\nawait overtime_claims.ManagerSelect('Muhammad Bilal Rafaqat')\nawait overtime_claims.MyClaims_AddClaim_SelectDate('2023-09-12', 0);\nawait utilFun.wait(2000);\nawait overtime_claims.MyClaims_AddClaim_SelectHours('0300', 0);\nawait overtime_claims.MyClaims_AddClaim_Description('Add Description 1', 0);\nawait child_claims.MyClaims_AddClaim_AddRowBtn(0);\nawait overtime_claims.MyClaims_AddClaim_SelectDate('2023-09-12', 1);\nawait utilFun.wait(2000);\nawait overtime_claims.MyClaims_AddClaim_SelectHours('0100', 1);\nawait overtime_claims.MyClaims_AddClaim_Description('Add Description 2', 1);\nawait child_claims.MyClaims_AddClaim_AddRowBtn(1);\nawait child_claims.MyClaims_AddClaim_AddRowBtn(1);\nawait child_claims.MyClaims_AddClaim_RemoveCircleIcon(2);\nawait child_claims.MyClaims_AddClaim_RemoveCircleIcon(2);\nawait utilFun.wait(2000);\nawait claims.MyClaims_AddClaim_PersonalDevelopment_Submit()\nawait utilFun.wait(1000);\nconst flashMessage = await claims.checkAlert();\nutilFun.assertEql(flashMessage, 'Claim submitted successfully!');\n let querys =\n    ['DELETE FROM employee_claims_history WHERE \"actionBy\" = 9429;',\n        'DELETE FROM employee_claims WHERE \"employeeId\" = 9429;',\n        'DELETE FROM employee_claim_deadlines;'\n    ];\nawait utilFun.udpateDatabase(querys);",
              "err": {
                "message": "TimeoutError: Waiting for at least one element to be located By(css selector, input[placeholder=\"Select Date\"])\nWait timed out after 10173ms",
                "estack": "TimeoutError: Waiting for at least one element to be located By(css selector, input[placeholder=\"Select Date\"])\nWait timed out after 10173ms\n    at /home/devops/invohub/resource-engagement/node_modules/selenium-webdriver/lib/webdriver.js:929:17\n    at process.processTicksAndRejections (node:internal/process/task_queues:95:5)",
                "diff": null
              },
              "uuid": "d203af89-2070-4992-9835-1744234161a6",
              "parentUUID": "ef24b3a5-f28f-4c86-870a-6454a7318d47",
              "isHook": false,
              "skipped": false
            }
          ],
          "suites": [],
          "passes": [
            "58e2be05-4743-4874-9f06-54db16b2b51d",
            "bc5ac17c-8e94-4f3c-a96d-fd356af9f02b",
            "994d6726-b056-4758-a82f-fefbbbfc9a5f",
            "599db6a0-8353-443a-9a87-26afc09c4f36",
            "8a9610c7-babe-47f0-9c6b-d796671b6326",
            "47358c7c-b688-4612-a68c-0007ce7d51d8",
            "3ab4add4-46d8-47af-a0de-2ff618c69b7d"
          ],
          "failures": [
            "dff2589f-9951-4657-88b0-e39b2aee8473",
            "3ff5de9a-9506-48bf-98b9-57ae9f133428",
            "f20199f3-1bbe-464b-847c-30a7fcc6a75d",
            "ccbcd9b1-c709-4457-80aa-6dc7bc889f27",
            "2ba90cf4-eae2-4ca2-bbe3-058b06a8696f",
            "4527c43c-a1bd-46bf-a0d0-b6983896a573",
            "626ab4c5-b821-4147-ad26-58d8e990e7b5",
            "1dc0c968-6619-4dd2-ab04-ff8ce6bdf2f5",
            "58385aa1-c78a-40d0-bae0-65b856548ac7",
            "c217fc62-b30f-48b4-ba2c-5cefc5a56b8e",
            "a113568e-5d77-4864-9e58-48b8ba6db65b",
            "a5b3b4aa-fd2e-4622-a36d-49b392042f16",
            "8bc5c4d2-a18a-47cf-824f-3fe1b37b1d0a",
            "7cc74754-f3a5-4f7e-adb2-d455f2e7c445",
            "9ec80dad-0724-4e1e-a896-0c793d9c744e",
            "241ccc0f-bf8f-4589-8416-a1020e6b54f7",
            "be396f55-4e88-4567-9fb5-a0beaa0c87eb",
            "0ed06629-7075-4af2-a5bf-aa52f5f3832f",
            "10a60c9e-6278-43fc-a401-337cf4d906a6",
            "c9240411-5510-48d3-ab9a-c1940597a6c0",
            "6cc006f2-f301-4111-883e-ffa1b50374f1",
            "037aa3c8-8035-4ff2-a0d1-2db17490254d",
            "958b1122-2140-4660-b080-c44b1726886c",
            "aea3fc90-977d-4af4-94e3-bdb45ff29bd7",
            "d203af89-2070-4992-9835-1744234161a6"
          ],
          "pending": [],
          "skipped": [],
          "duration": 547648,
          "root": false,
          "rootEmpty": false,
          "_timeout": 100000
        }
      ],
      "passes": [],
      "failures": [],
      "pending": [],
      "skipped": [],
      "duration": 0,
      "root": true,
      "rootEmpty": true,
      "_timeout": 100000
    }
  ],
  "meta": {
    "mocha": {
      "version": "10.2.0"
    },
    "mochawesome": {
      "options": {
        "quiet": false,
        "reportFilename": "mochawesome",
        "saveHtml": true,
        "saveJson": true,
        "consoleReporter": "spec",
        "useInlineDiffs": false,
        "code": true
      },
      "version": "7.1.3"
    },
    "marge": {
      "options": {
        "reportDir": "test/report"
      },
      "version": "6.2.0"
    }
  }
}