{
  "stats": {
    "suites": 8,
    "tests": 0,
    "passes": 0,
    "pending": 0,
    "failures": 0,
    "start": "2023-12-20T09:56:38.329Z",
    "end": "2023-12-20T10:01:37.667Z",
    "duration": 299338,
    "testsRegistered": 139,
    "passPercent": 0,
    "pendingPercent": 0,
    "other": 8,
    "hasOther": true,
    "skipped": 139,
    "hasSkipped": true
  },
  "results": [
    {
      "uuid": "f270f48b-c345-4d87-8710-046720c3c537",
      "title": "",
      "fullFile": "",
      "file": "",
      "beforeHooks": [],
      "afterHooks": [],
      "tests": [],
      "suites": [
        {
          "uuid": "a10d39df-f2c7-4cda-a89b-43bd62cca646",
          "title": "Pending Evaluations",
          "fullFile": "/home/devops/invohub/resource-engagement/test/e2e/evaluation/spec_1_pendings.js",
          "file": "/test/e2e/evaluation/spec_1_pendings.js",
          "beforeHooks": [
            {
              "title": "\"before all\" hook for \"should check if pending evaluations are showing\"",
              "fullTitle": "Pending Evaluations \"before all\" hook for \"should check if pending evaluations are showing\"",
              "timedOut": false,
              "duration": 67723,
              "state": "failed",
              "speed": null,
              "pass": false,
              "fail": true,
              "pending": false,
              "context": null,
              "code": "await utilFun.login(email, password);\nconst url = await utilFun.getUrl();\nassert.equal(url, baseUrl + '/home');\nlet query =[\n    `UPDATE employee_evaluations SET \"incrementType\" = 'annual' WHERE id = 26;`,\n    `UPDATE employee_evaluations SET \"processType\" = NULL WHERE id = 26;`,\n    `UPDATE employee_evaluations SET \"reasonForDefer\" = NULL WHERE id = 26;`,\n    `UPDATE employee_evaluations SET \"processDate\" = NULL WHERE id = 26;`,\n    `UPDATE employee_evaluations SET \"feedback\" = NULL WHERE id = 26;`,\n  `DELETE FROM employee_evaluations WHERE \"employeeId\" = 9742 AND \"incrementType\" = 'designation';`,\n    ];\n    await utilFun.udpateDatabase(query);",
              "err": {
                "message": "TimeoutError: Waiting for at least one element to be located By(xpath, //*[@id=\"root\"]/div[2]/div[2]/div[2]/div[1]/div/h1)\nWait timed out after 30200ms",
                "estack": "TimeoutError: Waiting for at least one element to be located By(xpath, //*[@id=\"root\"]/div[2]/div[2]/div[2]/div[1]/div/h1)\nWait timed out after 30200ms\n    at /home/devops/invohub/resource-engagement/node_modules/selenium-webdriver/lib/webdriver.js:929:17\n    at process.processTicksAndRejections (node:internal/process/task_queues:95:5)",
                "diff": null
              },
              "uuid": "3b993c84-9e86-40d9-8e64-b4503ec2d0ef",
              "parentUUID": "a10d39df-f2c7-4cda-a89b-43bd62cca646",
              "isHook": true,
              "skipped": false
            },
            {
              "title": "\"before each\" hook",
              "fullTitle": "Pending Evaluations \"before each\" hook",
              "timedOut": false,
              "duration": 0,
              "state": null,
              "speed": null,
              "pass": false,
              "fail": false,
              "pending": false,
              "context": null,
              "code": "await utilFun.visit(baseUrl + '/evaluation');\nawait utilFun.wait(3000);",
              "err": {},
              "uuid": "8e22aaa2-b9ff-4ece-9665-e34c73189942",
              "parentUUID": "a10d39df-f2c7-4cda-a89b-43bd62cca646",
              "isHook": true,
              "skipped": false
            }
          ],
          "afterHooks": [],
          "tests": [
            {
              "title": "should check if pending evaluations are showing",
              "fullTitle": "Pending Evaluations should check if pending evaluations are showing",
              "timedOut": false,
              "duration": 0,
              "state": null,
              "speed": null,
              "pass": false,
              "fail": false,
              "pending": false,
              "context": null,
              "code": "let obj = await evaluation.getAllPendingResourses();\nassert(obj.length > 0, `No Evaluation Found`);",
              "err": {},
              "uuid": "8edbce6c-3645-4c04-8b56-dca0079fe3df",
              "parentUUID": "a10d39df-f2c7-4cda-a89b-43bd62cca646",
              "isHook": false,
              "skipped": true
            },
            {
              "title": "should able to filter resoures by name",
              "fullTitle": "Pending Evaluations should able to filter resoures by name",
              "timedOut": false,
              "duration": 0,
              "state": null,
              "speed": null,
              "pass": false,
              "fail": false,
              "pending": false,
              "context": null,
              "code": "await evaluation.clickFilterButton();\nawait evaluation.searchName('James Salinas');\nawait utilFun.wait(1000);\nconst name = await evaluation.getResourseName();\nutilFun.assertEql(name, 'James Salinas');",
              "err": {},
              "uuid": "c7bb9999-0047-461f-8f82-4529b7757c47",
              "parentUUID": "a10d39df-f2c7-4cda-a89b-43bd62cca646",
              "isHook": false,
              "skipped": true
            },
            {
              "title": "should able to filter resoures by Review Type",
              "fullTitle": "Pending Evaluations should able to filter resoures by Review Type",
              "timedOut": false,
              "duration": 0,
              "state": null,
              "speed": null,
              "pass": false,
              "fail": false,
              "pending": false,
              "context": null,
              "code": "await evaluation.clickFilterButton();\nawait evaluation.selectReviewType('Annual');\nconst valuesCount = await evaluation.checkValues();\nutilFun.assertEql(valuesCount, 1);",
              "err": {},
              "uuid": "dbac7d1c-3510-445d-a4b5-acd4bd5dab29",
              "parentUUID": "a10d39df-f2c7-4cda-a89b-43bd62cca646",
              "isHook": false,
              "skipped": true
            },
            {
              "title": "should able to filter resoures by Last Increment",
              "fullTitle": "Pending Evaluations should able to filter resoures by Last Increment",
              "timedOut": false,
              "duration": 0,
              "state": null,
              "speed": null,
              "pass": false,
              "fail": false,
              "pending": false,
              "context": null,
              "code": "await evaluation.clickFilterButton();\nawait evaluation.selectLastIncrement('N/A');\nconst valuesCount = await evaluation.checkValues();\nutilFun.assertEql(valuesCount, 1);",
              "err": {},
              "uuid": "9c29493f-1580-42dd-8d86-f24ee59519ff",
              "parentUUID": "a10d39df-f2c7-4cda-a89b-43bd62cca646",
              "isHook": false,
              "skipped": true
            },
            {
              "title": "should able to  copy email from options",
              "fullTitle": "Pending Evaluations should able to  copy email from options",
              "timedOut": false,
              "duration": 0,
              "state": null,
              "speed": null,
              "pass": false,
              "fail": false,
              "pending": false,
              "context": null,
              "code": "await evaluation.clickFilterButton();\nawait evaluation.searchName('James Salinas');\nawait utilFun.wait(1000);\nconst name = await evaluation.getResourseName();\nutilFun.assertEql(name, 'James Salinas');\nawait evaluation.clickOptionBtn();\nawait utilFun.wait(1000);\nawait evaluation.selectOption('Copy Email');\nawait utilFun.wait(3000);\nconst alertText = await evaluation.checkAlert();\nutilFun.assertEql(alertText, 'Email address is copied');",
              "err": {},
              "uuid": "d7795c04-43a6-462a-9dd7-422847ffef19",
              "parentUUID": "a10d39df-f2c7-4cda-a89b-43bd62cca646",
              "isHook": false,
              "skipped": true
            },
            {
              "title": "should able to Send Email from options",
              "fullTitle": "Pending Evaluations should able to Send Email from options",
              "timedOut": false,
              "duration": 0,
              "state": null,
              "speed": null,
              "pass": false,
              "fail": false,
              "pending": false,
              "context": null,
              "code": "await evaluation.clickFilterButton();\nawait evaluation.searchName('James Salinas');\nawait utilFun.wait(1000);\nconst name = await evaluation.getResourseName();\nutilFun.assertEql(name, 'James Salinas');\nawait evaluation.clickOptionBtn();\nawait utilFun.wait(1000);\nawait evaluation.selectOption('Send Email');\nawait utilFun.wait(1000);\nawait utilFun.switchWindow(1);\nawait utilFun.wait(3000);\nconst url = await utilFun.getUrl();\nassert.equal(url, 'https://mail.google.com/mail/u/0/?fs=1&tf=cm&to=james@robot-mail.com');\nawait utilFun.closeCurrentTab();\nawait utilFun.switchWindow(0);",
              "err": {},
              "uuid": "7aa7f0d1-a43f-4d4b-aaeb-8c7b466d255f",
              "parentUUID": "a10d39df-f2c7-4cda-a89b-43bd62cca646",
              "isHook": false,
              "skipped": true
            },
            {
              "title": "should able to Open Slack DM from options",
              "fullTitle": "Pending Evaluations should able to Open Slack DM from options",
              "timedOut": false,
              "duration": 0,
              "state": null,
              "speed": null,
              "pass": false,
              "fail": false,
              "pending": false,
              "context": null,
              "code": "await evaluation.clickFilterButton();\nawait evaluation.searchName('James Salinas');\nawait utilFun.wait(1000);\nconst name = await evaluation.getResourseName();\nutilFun.assertEql(name, 'James Salinas');\nawait evaluation.clickOptionBtn();\nawait utilFun.wait(1000);\nawait evaluation.selectOption('Open Slack DM');\nawait utilFun.wait(1000);\nawait utilFun.switchWindow(1);\nawait utilFun.wait(3000);\nconst url = await utilFun.getUrl();\nassert.equal(url, 'https://invozone.slack.com/?redir=%2Fapp_redirect%3Fchannel%3Dundefined');\nawait utilFun.closeCurrentTab();\nawait utilFun.switchWindow(0);",
              "err": {},
              "uuid": "f28a9e73-94bb-40ad-948d-5c98a68865bd",
              "parentUUID": "a10d39df-f2c7-4cda-a89b-43bd62cca646",
              "isHook": false,
              "skipped": true
            },
            {
              "title": "should able to see Email from options",
              "fullTitle": "Pending Evaluations should able to see Email from options",
              "timedOut": false,
              "duration": 0,
              "state": null,
              "speed": null,
              "pass": false,
              "fail": false,
              "pending": false,
              "context": null,
              "code": "await evaluation.clickFilterButton();\nawait evaluation.searchName('James Salinas');\nawait utilFun.wait(1000);\nconst name = await evaluation.getResourseName();\nutilFun.assertEql(name, 'James Salinas');\nawait evaluation.clickOptionBtn();\nawait utilFun.wait(1000);\nawait evaluation.selectOption('See Email');\nawait utilFun.wait(3000);\nconst email = await evaluation.copyEmail();\nassert.equal(email, 'Email: james@robot-mail.com');",
              "err": {},
              "uuid": "9e6d879e-4e27-473c-a517-98c5c9d1738e",
              "parentUUID": "a10d39df-f2c7-4cda-a89b-43bd62cca646",
              "isHook": false,
              "skipped": true
            },
            {
              "title": "should able to copy Phone Number from options",
              "fullTitle": "Pending Evaluations should able to copy Phone Number from options",
              "timedOut": false,
              "duration": 0,
              "state": null,
              "speed": null,
              "pass": false,
              "fail": false,
              "pending": false,
              "context": null,
              "code": "await evaluation.clickFilterButton();\nawait evaluation.searchName('James Salinas');\nawait utilFun.wait(1000);\nconst name = await evaluation.getResourseName();\nutilFun.assertEql(name, 'James Salinas');\nawait evaluation.clickOptionBtn();\nawait utilFun.wait(1000);\nawait evaluation.selectOption('Phone Number');\nawait utilFun.wait(3000);\nawait evaluation.copyPhoneNumber();\nconst alertText = await evaluation.checkAlert();\nassert.equal(alertText, 'Phone# is copied successfully');",
              "err": {},
              "uuid": "a4826f7f-0907-4a57-8034-4076592a4803",
              "parentUUID": "a10d39df-f2c7-4cda-a89b-43bd62cca646",
              "isHook": false,
              "skipped": true
            },
            {
              "title": "should able to see Resource Details from options",
              "fullTitle": "Pending Evaluations should able to see Resource Details from options",
              "timedOut": false,
              "duration": 0,
              "state": null,
              "speed": null,
              "pass": false,
              "fail": false,
              "pending": false,
              "context": null,
              "code": "await evaluation.clickFilterButton();\nawait evaluation.searchName('James Salinas');\nawait utilFun.wait(1000);\nconst name = await evaluation.getResourseName();\nutilFun.assertEql(name, 'James Salinas');\nawait evaluation.clickResource();\nawait utilFun.wait(1000);\nawait utilFun.switchWindow(1);\nawait utilFun.wait(1000);\nconst url = await utilFun.getUrl();\nassert.equal(url, 'http://localhost:3000/resourceDetail/9742?tab=Basic_Information');\nawait utilFun.closeCurrentTab();\nawait utilFun.switchWindow(0);",
              "err": {},
              "uuid": "18c22f72-8616-4b51-9209-e79986e5d465",
              "parentUUID": "a10d39df-f2c7-4cda-a89b-43bd62cca646",
              "isHook": false,
              "skipped": true
            },
            {
              "title": "should able to see employee history",
              "fullTitle": "Pending Evaluations should able to see employee history",
              "timedOut": false,
              "duration": 0,
              "state": null,
              "speed": null,
              "pass": false,
              "fail": false,
              "pending": false,
              "context": null,
              "code": "await evaluation.clickFilterButton();\nawait evaluation.searchName('James Salinas');\nawait utilFun.wait(1000);\nconst name = await evaluation.getResourseName();\nutilFun.assertEql(name, 'James Salinas');\nawait evaluation.clickSeeFeedback();\nawait utilFun.wait(1000);\nconst title = await evaluation.checkTitle();\nutilFun.assertEql(title, 'Feedback History of James Salinas');\nawait evaluation.checkSelectedTab();",
              "err": {},
              "uuid": "20f99db5-c121-4074-9cef-bba499be5358",
              "parentUUID": "a10d39df-f2c7-4cda-a89b-43bd62cca646",
              "isHook": false,
              "skipped": true
            },
            {
              "title": "should able to request a review",
              "fullTitle": "Pending Evaluations should able to request a review",
              "timedOut": false,
              "duration": 0,
              "state": null,
              "speed": null,
              "pass": false,
              "fail": false,
              "pending": false,
              "context": null,
              "code": "await evaluation.clickFilterButton();\nawait evaluation.searchName('James Salinas');\nawait utilFun.wait(1000);\nconst name = await evaluation.getResourseName();\nutilFun.assertEql(name, 'James Salinas');\nawait evaluation.clickSeeFeedback();\nawait utilFun.wait(1000);\nawait evaluation.clickSubmittedReview();\nawait evaluation.clickReqReviewBtn();\nawait utilFun.wait(1000);\nawait evaluation.clickHod('Muhammad Bilal Rafaqat');\nawait evaluation.clickSendReqBtn();\nconst alertText = await evaluation.checkAlert();\nutilFun.assertEql(alertText, 'Request is send successfully.');",
              "err": {},
              "uuid": "43cdcd75-14d4-4487-bb09-3c136d65882b",
              "parentUUID": "a10d39df-f2c7-4cda-a89b-43bd62cca646",
              "isHook": false,
              "skipped": true
            },
            {
              "title": "should able to give a review",
              "fullTitle": "Pending Evaluations should able to give a review",
              "timedOut": false,
              "duration": 0,
              "state": null,
              "speed": null,
              "pass": false,
              "fail": false,
              "pending": false,
              "context": null,
              "code": "const query = [\n  `UPDATE employees SET \"departmentId\" = 9 WHERE id = 9474;`,\n  `UPDATE employees SET \"designationId\" = 83 WHERE id = 9474;`,\n  `UPDATE employees SET \"designation\" = 'Head of Engineering' WHERE id = 9474;`,\n];\nawait utilFun.udpateDatabase(query);\nawait utilFun.refresh();\nawait evaluation.clickFilterButton();\nawait evaluation.searchName('James Salinas');\nawait utilFun.wait(1000);\nconst name = await evaluation.getResourseName();\nutilFun.assertEql(name, 'James Salinas');\nawait evaluation.clickSeeFeedback();\nawait utilFun.wait(1000);\nawait evaluation.clickSubmittedReview();\nawait utilFun.wait(1000);\nawait evaluation.clickAddFeedback();\n// await feedbackForm.enterDate('03092023');\nawait feedbackForm.selectFeedbackDuration('6 Months');\nawait feedbackForm.selectNextReviewType('Annual');\nawait feedbackForm.selectRevisedDesignation('Software Engineer');\nawait feedbackForm.selectRevisedDesignationCategory('Automation');\nawait feedbackForm.typeIncreament('200000');\nawait feedbackForm.typeDescription('testingggg');\nawait feedbackForm.clickSubmit();\nconst alertText = await evaluation.checkAlert();\nutilFun.assertEql(alertText, 'Increment status is updated successfully');",
              "err": {},
              "uuid": "5c852f08-2ab1-45ec-82c9-29f9466abc3f",
              "parentUUID": "a10d39df-f2c7-4cda-a89b-43bd62cca646",
              "isHook": false,
              "skipped": true
            },
            {
              "title": "should able to edit review form",
              "fullTitle": "Pending Evaluations should able to edit review form",
              "timedOut": false,
              "duration": 0,
              "state": null,
              "speed": null,
              "pass": false,
              "fail": false,
              "pending": false,
              "context": null,
              "code": "await evaluation.clickFilterButton();\nawait evaluation.searchName('James Salinas');\nawait utilFun.wait(1000);\nconst name = await evaluation.getResourseName();\nutilFun.assertEql(name, 'James Salinas');\nawait evaluation.clickEditForm();\nawait utilFun.wait(1000);\n// await feedbackForm.enterDate('03102023');\nawait feedbackForm.selectFeedbackDuration('3 Months');\nawait feedbackForm.selectNextReviewType('Annual');\nawait feedbackForm.selectRevisedDesignation('Software Engineer');\nawait feedbackForm.typeIncreament('200000');\nawait feedbackForm.typeDescription('updated');\nawait feedbackForm.clickSubmit();\nconst alertText = await evaluation.checkAlert();\nutilFun.assertEql(alertText, 'Increment status is updated successfully');",
              "err": {},
              "uuid": "cfc54a25-3980-4dff-af71-3d80de8076a2",
              "parentUUID": "a10d39df-f2c7-4cda-a89b-43bd62cca646",
              "isHook": false,
              "skipped": true
            },
            {
              "title": "should able to defer review",
              "fullTitle": "Pending Evaluations should able to defer review",
              "timedOut": false,
              "duration": 0,
              "state": null,
              "speed": null,
              "pass": false,
              "fail": false,
              "pending": false,
              "context": null,
              "code": "const query = [\n  `UPDATE employees SET \"designation\" = 'HR' WHERE id = 9474;`,\n  `UPDATE employees SET \"departmentId\" = 7 WHERE id = 9474;`,\n  `UPDATE employees SET \"designationId\" = 77 WHERE id = 9474;`,\n];\nawait utilFun.udpateDatabase(query);\nawait utilFun.refresh();\nawait evaluation.clickFilterButton();\nawait evaluation.searchName('James Salinas');\nawait utilFun.wait(1000);\nconst name = await evaluation.getResourseName();\nutilFun.assertEql(name, 'James Salinas');\nawait evaluation.clickDefer();\nawait evaluation.clickDeferType();\nawait utilFun.wait(1000);\nawait evaluation.selectDeferType('2 Weeks');\nawait evaluation.typeDeferReason('testing');\nawait evaluation.clickSubmitBtn();\nconst alertText = await evaluation.checkAlert();\nutilFun.assertEql(alertText, 'Increment status is updated successfully');",
              "err": {},
              "uuid": "a8954bc0-465c-459e-9e4a-eb79d01992ac",
              "parentUUID": "a10d39df-f2c7-4cda-a89b-43bd62cca646",
              "isHook": false,
              "skipped": true
            },
            {
              "title": "should able to complete review",
              "fullTitle": "Pending Evaluations should able to complete review",
              "timedOut": false,
              "duration": 0,
              "state": null,
              "speed": null,
              "pass": false,
              "fail": false,
              "pending": false,
              "context": null,
              "code": "const query = [\n  `UPDATE employees SET \"designation\" = 'HR' WHERE id = 9474;`,\n  `UPDATE employees SET \"departmentId\" = 7 WHERE id = 9474;`,\n  `UPDATE employees SET \"designationId\" = 77 WHERE id = 9474;`,\n  `UPDATE employee_evaluations SET \"processType\" = NULL WHERE id = 26;`,\n  `UPDATE employee_evaluations SET \"reasonForDefer\" = NULL WHERE id = 26;`,\n  `UPDATE employee_evaluations SET \"processDate\" = NULL WHERE id = 26;`,\n];\nawait utilFun.udpateDatabase(query);\nawait utilFun.refresh();\nawait evaluation.clickFilterButton();\nawait evaluation.searchName('James Salinas');\nawait utilFun.wait(1000);\nconst name = await evaluation.getResourseName();\nutilFun.assertEql(name, 'James Salinas');\nawait evaluation.clickComplete();\nawait feedbackForm.enterDate('03102023');\nawait feedbackForm.selectFeedbackDuration('3 Months');\nawait feedbackForm.selectNextReviewType('Annual');\nawait feedbackForm.selectRevisedDesignation('Software Engineer');\nawait feedbackForm.typeIncreament('200000');\nawait feedbackForm.clickSubmit();\nconst alertText = await evaluation.checkAlert();\nutilFun.assertEql(alertText, 'Increment status is updated successfully');",
              "err": {},
              "uuid": "49f6afff-7fad-4652-85d8-9d48a2d18d3b",
              "parentUUID": "a10d39df-f2c7-4cda-a89b-43bd62cca646",
              "isHook": false,
              "skipped": true
            }
          ],
          "suites": [],
          "passes": [],
          "failures": [],
          "pending": [],
          "skipped": [
            "8edbce6c-3645-4c04-8b56-dca0079fe3df",
            "c7bb9999-0047-461f-8f82-4529b7757c47",
            "dbac7d1c-3510-445d-a4b5-acd4bd5dab29",
            "9c29493f-1580-42dd-8d86-f24ee59519ff",
            "d7795c04-43a6-462a-9dd7-422847ffef19",
            "7aa7f0d1-a43f-4d4b-aaeb-8c7b466d255f",
            "f28a9e73-94bb-40ad-948d-5c98a68865bd",
            "9e6d879e-4e27-473c-a517-98c5c9d1738e",
            "a4826f7f-0907-4a57-8034-4076592a4803",
            "18c22f72-8616-4b51-9209-e79986e5d465",
            "20f99db5-c121-4074-9cef-bba499be5358",
            "43cdcd75-14d4-4487-bb09-3c136d65882b",
            "5c852f08-2ab1-45ec-82c9-29f9466abc3f",
            "cfc54a25-3980-4dff-af71-3d80de8076a2",
            "a8954bc0-465c-459e-9e4a-eb79d01992ac",
            "49f6afff-7fad-4652-85d8-9d48a2d18d3b"
          ],
          "duration": 0,
          "root": false,
          "rootEmpty": false,
          "_timeout": 100000
        },
        {
          "uuid": "2250d05d-d6e5-4bef-a32a-9811e030d2d1",
          "title": "Performance Base Evaluations",
          "fullFile": "/home/devops/invohub/resource-engagement/test/e2e/evaluation/spec_2_performance.js",
          "file": "/test/e2e/evaluation/spec_2_performance.js",
          "beforeHooks": [
            {
              "title": "\"before all\" hook for \"should check if performance evaluations are showing\"",
              "fullTitle": "Performance Base Evaluations \"before all\" hook for \"should check if performance evaluations are showing\"",
              "timedOut": false,
              "duration": 33497,
              "state": "failed",
              "speed": null,
              "pass": false,
              "fail": true,
              "pending": false,
              "context": null,
              "code": "await utilFun.loginAccount()\nconst url = await utilFun.getUrl();\nassert.equal(url, baseUrl + '/home');\nlet query = [\n  `UPDATE employee_evaluations SET \"incrementType\" = 'performance' WHERE id = 26;`,\n  `UPDATE employees SET \"designation\" = 'Software Engineer' WHERE id = 9474;`,\n  `UPDATE employees SET \"departmentId\" = 9 WHERE id = 9474;`,\n  `UPDATE employees SET \"designationId\" = 138 WHERE id = 9474;`,\n  `UPDATE employee_evaluations SET \"processType\" = NULL WHERE id = 26;`,\n  `UPDATE employee_evaluations SET \"reasonForDefer\" = NULL WHERE id = 26;`,\n  `UPDATE employee_evaluations SET \"processDate\" = NULL WHERE id = 26;`,\n  `UPDATE employee_evaluations SET \"feedback\" = NULL WHERE id = 26;`,\n];\nawait utilFun.udpateDatabase(query);",
              "err": {
                "message": "TimeoutError: Waiting for at least one element to be located By(xpath, //*[@id=\"root\"]/div[2]/div[2]/div[2]/div[1]/div/h1)\nWait timed out after 30116ms",
                "estack": "TimeoutError: Waiting for at least one element to be located By(xpath, //*[@id=\"root\"]/div[2]/div[2]/div[2]/div[1]/div/h1)\nWait timed out after 30116ms\n    at /home/devops/invohub/resource-engagement/node_modules/selenium-webdriver/lib/webdriver.js:929:17\n    at process.processTicksAndRejections (node:internal/process/task_queues:95:5)",
                "diff": null
              },
              "uuid": "9adbe098-f7b7-4e53-906d-e86572e45d09",
              "parentUUID": "2250d05d-d6e5-4bef-a32a-9811e030d2d1",
              "isHook": true,
              "skipped": false
            },
            {
              "title": "\"before each\" hook",
              "fullTitle": "Performance Base Evaluations \"before each\" hook",
              "timedOut": false,
              "duration": 0,
              "state": null,
              "speed": null,
              "pass": false,
              "fail": false,
              "pending": false,
              "context": null,
              "code": "await utilFun.visit(baseUrl + '/evaluationPerformance');\nawait utilFun.wait(4000);",
              "err": {},
              "uuid": "fcb745cb-884f-473b-ad49-063353aa1609",
              "parentUUID": "2250d05d-d6e5-4bef-a32a-9811e030d2d1",
              "isHook": true,
              "skipped": false
            }
          ],
          "afterHooks": [],
          "tests": [
            {
              "title": "should check if performance evaluations are showing",
              "fullTitle": "Performance Base Evaluations should check if performance evaluations are showing",
              "timedOut": false,
              "duration": 0,
              "state": null,
              "speed": null,
              "pass": false,
              "fail": false,
              "pending": false,
              "context": null,
              "code": "let obj = await evaluation.getAllPendingResourses();\nassert(obj.length > 0, `No Evaluation Found`);",
              "err": {},
              "uuid": "0b5f64df-1b9a-4340-9b92-7873c44e6077",
              "parentUUID": "2250d05d-d6e5-4bef-a32a-9811e030d2d1",
              "isHook": false,
              "skipped": true
            },
            {
              "title": "should able to filter resoures by name",
              "fullTitle": "Performance Base Evaluations should able to filter resoures by name",
              "timedOut": false,
              "duration": 0,
              "state": null,
              "speed": null,
              "pass": false,
              "fail": false,
              "pending": false,
              "context": null,
              "code": "await evaluation.clickFilterButton();\nawait evaluation.searchName('James Salinas');\nawait utilFun.wait(1000);\nconst name = await evaluation.getResourseName();\nutilFun.assertEql(name, 'James Salinas');",
              "err": {},
              "uuid": "e6834aa3-7332-4936-b768-2c73a82db885",
              "parentUUID": "2250d05d-d6e5-4bef-a32a-9811e030d2d1",
              "isHook": false,
              "skipped": true
            },
            {
              "title": "should able to filter resoures by Last Increment",
              "fullTitle": "Performance Base Evaluations should able to filter resoures by Last Increment",
              "timedOut": false,
              "duration": 0,
              "state": null,
              "speed": null,
              "pass": false,
              "fail": false,
              "pending": false,
              "context": null,
              "code": "await evaluation.clickFilterButton();\nawait evaluation.selectLastIncrement('N/A');\nconst valuesCount = await evaluation.checkValues();\nutilFun.assertEql(valuesCount, 1);",
              "err": {},
              "uuid": "37c217f8-4606-4923-b521-142faa196b29",
              "parentUUID": "2250d05d-d6e5-4bef-a32a-9811e030d2d1",
              "isHook": false,
              "skipped": true
            },
            {
              "title": "should able to  copy email from options",
              "fullTitle": "Performance Base Evaluations should able to  copy email from options",
              "timedOut": false,
              "duration": 0,
              "state": null,
              "speed": null,
              "pass": false,
              "fail": false,
              "pending": false,
              "context": null,
              "code": "await evaluation.clickFilterButton();\nawait evaluation.searchName('James Salinas');\nawait utilFun.wait(1000);\nconst name = await evaluation.getResourseName();\nutilFun.assertEql(name, 'James Salinas');\nawait evaluation.clickOptionBtn();\nawait utilFun.wait(1000);\nawait evaluation.selectOption('Copy Email');\nconst alertText = await evaluation.checkAlert();\nutilFun.assertEql(alertText, 'Email address is copied');",
              "err": {},
              "uuid": "8f8dc99f-a171-483d-8cc7-1bd922a3aa58",
              "parentUUID": "2250d05d-d6e5-4bef-a32a-9811e030d2d1",
              "isHook": false,
              "skipped": true
            },
            {
              "title": "should able to Send Email from options",
              "fullTitle": "Performance Base Evaluations should able to Send Email from options",
              "timedOut": false,
              "duration": 0,
              "state": null,
              "speed": null,
              "pass": false,
              "fail": false,
              "pending": false,
              "context": null,
              "code": "await evaluation.clickFilterButton();\nawait evaluation.searchName('James Salinas');\nawait utilFun.wait(1000);\nconst name = await evaluation.getResourseName();\nutilFun.assertEql(name, 'James Salinas');\nawait evaluation.clickOptionBtn();\nawait utilFun.wait(1000);\nawait evaluation.selectOption('Send Email');\nawait utilFun.wait(1000);\nawait utilFun.switchWindow(1);\nawait utilFun.wait(3000);\nconst url = await utilFun.getUrl();\nassert.equal(url, 'https://mail.google.com/mail/u/0/?fs=1&tf=cm&to=james@robot-mail.com');\nawait utilFun.closeCurrentTab();\nawait utilFun.switchWindow(0);",
              "err": {},
              "uuid": "35f149e0-de43-4195-8923-7bcae6d0418a",
              "parentUUID": "2250d05d-d6e5-4bef-a32a-9811e030d2d1",
              "isHook": false,
              "skipped": true
            },
            {
              "title": "should able to Open Slack DM from options",
              "fullTitle": "Performance Base Evaluations should able to Open Slack DM from options",
              "timedOut": false,
              "duration": 0,
              "state": null,
              "speed": null,
              "pass": false,
              "fail": false,
              "pending": false,
              "context": null,
              "code": "await evaluation.clickFilterButton();\nawait evaluation.searchName('James Salinas');\nawait utilFun.wait(1000);\nconst name = await evaluation.getResourseName();\nutilFun.assertEql(name, 'James Salinas');\nawait evaluation.clickOptionBtn();\nawait utilFun.wait(1000);\nawait evaluation.selectOption('Open Slack DM');\nawait utilFun.wait(1000);\nawait utilFun.switchWindow(1);\nawait utilFun.wait(3000);\nconst url = await utilFun.getUrl();\nassert.equal(url, 'https://invozone.slack.com/?redir=%2Fapp_redirect%3Fchannel%3Dundefined');\nawait utilFun.closeCurrentTab();\nawait utilFun.switchWindow(0);",
              "err": {},
              "uuid": "c98f0c61-4297-4040-b28a-1dabd6f2f31f",
              "parentUUID": "2250d05d-d6e5-4bef-a32a-9811e030d2d1",
              "isHook": false,
              "skipped": true
            },
            {
              "title": "should able to see Email from options",
              "fullTitle": "Performance Base Evaluations should able to see Email from options",
              "timedOut": false,
              "duration": 0,
              "state": null,
              "speed": null,
              "pass": false,
              "fail": false,
              "pending": false,
              "context": null,
              "code": "await evaluation.clickFilterButton();\nawait evaluation.searchName('James Salinas');\nawait utilFun.wait(1000);\nconst name = await evaluation.getResourseName();\nutilFun.assertEql(name, 'James Salinas');\nawait evaluation.clickOptionBtn();\nawait utilFun.wait(1000);\nawait evaluation.selectOption('See Email');\nawait utilFun.wait(4000);\nconst email = await evaluation.copyEmail();\nassert.equal(email, 'Email: james@robot-mail.com');",
              "err": {},
              "uuid": "dcc44ae6-6e8e-4e2b-8f53-120451644f2b",
              "parentUUID": "2250d05d-d6e5-4bef-a32a-9811e030d2d1",
              "isHook": false,
              "skipped": true
            },
            {
              "title": "should able to copy Phone Number from options",
              "fullTitle": "Performance Base Evaluations should able to copy Phone Number from options",
              "timedOut": false,
              "duration": 0,
              "state": null,
              "speed": null,
              "pass": false,
              "fail": false,
              "pending": false,
              "context": null,
              "code": "await evaluation.clickFilterButton();\nawait evaluation.searchName('James Salinas');\nawait utilFun.wait(1000);\nconst name = await evaluation.getResourseName();\nutilFun.assertEql(name, 'James Salinas');\nawait evaluation.clickOptionBtn();\nawait utilFun.wait(1000);\nawait evaluation.selectOption('Phone Number');\nawait utilFun.wait(3000);\nawait evaluation.copyPhoneNumber();\nconst alertText = await evaluation.checkAlert();\nassert.equal(alertText, 'Phone# is copied successfully');",
              "err": {},
              "uuid": "61ab011c-3194-4b7a-a174-71bd14aee5bf",
              "parentUUID": "2250d05d-d6e5-4bef-a32a-9811e030d2d1",
              "isHook": false,
              "skipped": true
            },
            {
              "title": "should able to see Resource Details from options",
              "fullTitle": "Performance Base Evaluations should able to see Resource Details from options",
              "timedOut": false,
              "duration": 0,
              "state": null,
              "speed": null,
              "pass": false,
              "fail": false,
              "pending": false,
              "context": null,
              "code": "await evaluation.clickFilterButton();\nawait evaluation.searchName('James Salinas');\nawait utilFun.wait(1000);\nconst name = await evaluation.getResourseName();\nutilFun.assertEql(name, 'James Salinas');\nawait evaluation.clickResource();\nawait utilFun.wait(1000);\nawait utilFun.switchWindow(1);\nawait utilFun.wait(1000);\nconst url = await utilFun.getUrl();\nassert.equal(url, baseUrl + '/resourceDetail/9742?tab=Basic_Information');\nawait utilFun.closeCurrentTab();\nawait utilFun.switchWindow(0);",
              "err": {},
              "uuid": "17d378e4-fd33-44f6-9c1a-974dab47534b",
              "parentUUID": "2250d05d-d6e5-4bef-a32a-9811e030d2d1",
              "isHook": false,
              "skipped": true
            },
            {
              "title": "should able to see employee history",
              "fullTitle": "Performance Base Evaluations should able to see employee history",
              "timedOut": false,
              "duration": 0,
              "state": null,
              "speed": null,
              "pass": false,
              "fail": false,
              "pending": false,
              "context": null,
              "code": "await evaluation.clickFilterButton();\nawait evaluation.searchName('James Salinas');\nawait utilFun.wait(1000);\nconst name = await evaluation.getResourseName();\nutilFun.assertEql(name, 'James Salinas');\nawait evaluation.clickSeeFeedback();\nawait utilFun.wait(1000);\nconst title = await evaluation.checkTitle();\nutilFun.assertEql(title, 'Feedback History of James Salinas');\nawait evaluation.checkSelectedTab();",
              "err": {},
              "uuid": "fcd5a41c-8fe9-4772-97bd-19bd7e6212ec",
              "parentUUID": "2250d05d-d6e5-4bef-a32a-9811e030d2d1",
              "isHook": false,
              "skipped": true
            },
            {
              "title": "should able to request a review",
              "fullTitle": "Performance Base Evaluations should able to request a review",
              "timedOut": false,
              "duration": 0,
              "state": null,
              "speed": null,
              "pass": false,
              "fail": false,
              "pending": false,
              "context": null,
              "code": "await evaluation.clickFilterButton();\nawait evaluation.searchName('James Salinas');\nawait utilFun.wait(1000);\nconst name = await evaluation.getResourseName();\nutilFun.assertEql(name, 'James Salinas');\nawait evaluation.clickSeeFeedback();4\nawait utilFun.wait(1000);\nawait evaluation.clickSubmittedReview();\nawait evaluation.clickReqReviewBtn();\nawait utilFun.wait(1000);\nawait evaluation.clickHod('Muhammad Bilal Rafaqat');\nawait evaluation.clickSendReqBtn();\nconst alertText = await evaluation.checkAlert();\nutilFun.assertEql(alertText, 'Request is send successfully.');",
              "err": {},
              "uuid": "625aedd1-62df-407f-8608-d89ffbcfc424",
              "parentUUID": "2250d05d-d6e5-4bef-a32a-9811e030d2d1",
              "isHook": false,
              "skipped": true
            },
            {
              "title": "should able to give a review",
              "fullTitle": "Performance Base Evaluations should able to give a review",
              "timedOut": false,
              "duration": 0,
              "state": null,
              "speed": null,
              "pass": false,
              "fail": false,
              "pending": false,
              "context": null,
              "code": "const query = [\n  `UPDATE employees SET \"departmentId\" = 9 WHERE id = 9474;`,\n  `UPDATE employees SET \"designationId\" = 83 WHERE id = 9474;`,\n  `UPDATE employees SET \"designation\" = 'Head of Engineering' WHERE id = 9474;`,\n];\nawait utilFun.udpateDatabase(query);\nawait utilFun.refresh();\nawait evaluation.clickFilterButton();\nawait evaluation.searchName('James Salinas');\nawait utilFun.wait(1000);\nconst name = await evaluation.getResourseName();\nutilFun.assertEql(name, 'James Salinas');\nawait evaluation.clickSeeFeedback();\nawait utilFun.wait(1000);\nawait evaluation.clickSubmittedReview();\nawait utilFun.wait(1000);\nawait evaluation.clickAddFeedback();\nawait feedbackForm.enterDate('03092023');\nawait feedbackForm.selectFeedbackDuration('6 Months');\nawait feedbackForm.selectNextReviewType('Annual');\nawait feedbackForm.selectRevisedDesignation('Software Engineer');\nawait feedbackForm.typeIncreament('200000');\nawait feedbackForm.typeDescription('testingggg');\nawait feedbackForm.clickSubmit();\nconst alertText = await evaluation.checkAlert();\nutilFun.assertEql(alertText, 'Increment status is updated successfully');",
              "err": {},
              "uuid": "1d462ed8-3096-4455-ab36-3f5af42b4400",
              "parentUUID": "2250d05d-d6e5-4bef-a32a-9811e030d2d1",
              "isHook": false,
              "skipped": true
            },
            {
              "title": "should able to edit review form",
              "fullTitle": "Performance Base Evaluations should able to edit review form",
              "timedOut": false,
              "duration": 0,
              "state": null,
              "speed": null,
              "pass": false,
              "fail": false,
              "pending": false,
              "context": null,
              "code": "await evaluation.clickFilterButton();\nawait evaluation.searchName('James Salinas');\nawait utilFun.wait(1000);\nconst name = await evaluation.getResourseName();\nutilFun.assertEql(name, 'James Salinas');\nawait evaluation.clickEditForm();\nawait utilFun.wait(1000);\nawait feedbackForm.enterDate('03102023');\nawait feedbackForm.selectFeedbackDuration('3 Months');\nawait feedbackForm.selectNextReviewType('Annual');\nawait feedbackForm.selectRevisedDesignation('Software Engineer');\nawait feedbackForm.typeIncreament('200000');\nawait feedbackForm.typeDescription('updated');\nawait feedbackForm.clickSubmit();\nconst alertText = await evaluation.checkAlert();\nutilFun.assertEql(alertText, 'Increment status is updated successfully');",
              "err": {},
              "uuid": "c1817831-4acd-453e-bee0-24d3ee4cbb49",
              "parentUUID": "2250d05d-d6e5-4bef-a32a-9811e030d2d1",
              "isHook": false,
              "skipped": true
            },
            {
              "title": "should able to defer review",
              "fullTitle": "Performance Base Evaluations should able to defer review",
              "timedOut": false,
              "duration": 0,
              "state": null,
              "speed": null,
              "pass": false,
              "fail": false,
              "pending": false,
              "context": null,
              "code": "const query = [\n  `UPDATE employees SET \"designation\" = 'HR' WHERE id = 9474;`,\n  `UPDATE employees SET \"departmentId\" = 7 WHERE id = 9474;`,\n  `UPDATE employees SET \"designationId\" = 77 WHERE id = 9474;`,\n];\nawait utilFun.udpateDatabase(query);\nawait utilFun.refresh();\nawait evaluation.clickFilterButton();\nawait evaluation.searchName('James Salinas');\nawait utilFun.wait(1000);\nconst name = await evaluation.getResourseName();\nutilFun.assertEql(name, 'James Salinas');\nawait evaluation.clickDefer();\nawait evaluation.clickDeferType();\nawait utilFun.wait(1000);\nawait evaluation.selectDeferType('2 Weeks');\nawait evaluation.typeDeferReason('testing');\nawait evaluation.clickSubmitBtn();\nconst alertText = await evaluation.checkAlert();\nutilFun.assertEql(alertText, 'Increment status is updated successfully');",
              "err": {},
              "uuid": "7e38c7f7-3b5e-41a7-9527-8b33cd85cc31",
              "parentUUID": "2250d05d-d6e5-4bef-a32a-9811e030d2d1",
              "isHook": false,
              "skipped": true
            },
            {
              "title": "should able to complete review",
              "fullTitle": "Performance Base Evaluations should able to complete review",
              "timedOut": false,
              "duration": 0,
              "state": null,
              "speed": null,
              "pass": false,
              "fail": false,
              "pending": false,
              "context": null,
              "code": "const query = [\n  `UPDATE employees SET \"designation\" = 'HR' WHERE id = 9474;`,\n  `UPDATE employees SET \"departmentId\" = 7 WHERE id = 9474;`,\n  `UPDATE employees SET \"designationId\" = 77 WHERE id = 9474;`,\n  `UPDATE employee_evaluations SET \"processType\" = NULL WHERE id = 26;`,\n  `UPDATE employee_evaluations SET \"reasonForDefer\" = NULL WHERE id = 26;`,\n  `UPDATE employee_evaluations SET \"processDate\" = NULL WHERE id = 26;`,\n];\nawait utilFun.udpateDatabase(query);\nawait utilFun.refresh();\nawait evaluation.clickFilterButton();\nawait evaluation.searchName('James Salinas');\nawait utilFun.wait(1000);\nconst name = await evaluation.getResourseName();\nutilFun.assertEql(name, 'James Salinas');\nawait evaluation.clickComplete();\nawait feedbackForm.enterDate('03102023');\nawait feedbackForm.selectFeedbackDuration('3 Months');\nawait feedbackForm.selectNextReviewType('Annual');\nawait feedbackForm.selectRevisedDesignation('Software Engineer');\nawait feedbackForm.typeIncreament('200000');\nawait feedbackForm.clickSubmit();\nconst alertText = await evaluation.checkAlert();\nutilFun.assertEql(alertText, 'Increment status is updated successfully');",
              "err": {},
              "uuid": "2998047f-b6b9-4a52-96fc-923f052ecda9",
              "parentUUID": "2250d05d-d6e5-4bef-a32a-9811e030d2d1",
              "isHook": false,
              "skipped": true
            }
          ],
          "suites": [],
          "passes": [],
          "failures": [],
          "pending": [],
          "skipped": [
            "0b5f64df-1b9a-4340-9b92-7873c44e6077",
            "e6834aa3-7332-4936-b768-2c73a82db885",
            "37c217f8-4606-4923-b521-142faa196b29",
            "8f8dc99f-a171-483d-8cc7-1bd922a3aa58",
            "35f149e0-de43-4195-8923-7bcae6d0418a",
            "c98f0c61-4297-4040-b28a-1dabd6f2f31f",
            "dcc44ae6-6e8e-4e2b-8f53-120451644f2b",
            "61ab011c-3194-4b7a-a174-71bd14aee5bf",
            "17d378e4-fd33-44f6-9c1a-974dab47534b",
            "fcd5a41c-8fe9-4772-97bd-19bd7e6212ec",
            "625aedd1-62df-407f-8608-d89ffbcfc424",
            "1d462ed8-3096-4455-ab36-3f5af42b4400",
            "c1817831-4acd-453e-bee0-24d3ee4cbb49",
            "7e38c7f7-3b5e-41a7-9527-8b33cd85cc31",
            "2998047f-b6b9-4a52-96fc-923f052ecda9"
          ],
          "duration": 0,
          "root": false,
          "rootEmpty": false,
          "_timeout": 100000
        },
        {
          "uuid": "df4cf7b5-feb1-49b6-92f7-795f753b82cb",
          "title": "Retention Base Evaluations",
          "fullFile": "/home/devops/invohub/resource-engagement/test/e2e/evaluation/spec_3_retention.js",
          "file": "/test/e2e/evaluation/spec_3_retention.js",
          "beforeHooks": [
            {
              "title": "\"before all\" hook for \"should check if retention evaluations are showing\"",
              "fullTitle": "Retention Base Evaluations \"before all\" hook for \"should check if retention evaluations are showing\"",
              "timedOut": false,
              "duration": 32820,
              "state": "failed",
              "speed": null,
              "pass": false,
              "fail": true,
              "pending": false,
              "context": null,
              "code": "await utilFun.loginAccount()\nconst url = await utilFun.getUrl();\nassert.equal(url, baseUrl + '/home');\nlet query = [\n  `UPDATE employee_evaluations SET \"incrementType\" = 'retention' WHERE id = 26;`,\n  `UPDATE employees SET \"designation\" = 'Software Engineer' WHERE id = 9474;`,\n  `UPDATE employees SET \"departmentId\" = 9 WHERE id = 9474;`,\n  `UPDATE employees SET \"designationId\" = 138 WHERE id = 9474;`,\n  `UPDATE employee_evaluations SET \"processType\" = NULL WHERE id = 26;`,\n  `UPDATE employee_evaluations SET \"reasonForDefer\" = NULL WHERE id = 26;`,\n  `UPDATE employee_evaluations SET \"processDate\" = NULL WHERE id = 26;`,\n  `UPDATE employee_evaluations SET \"feedback\" = NULL WHERE id = 26;`,\n];\nawait utilFun.udpateDatabase(query);",
              "err": {
                "message": "TimeoutError: Waiting for at least one element to be located By(xpath, //*[@id=\"root\"]/div[2]/div[2]/div[2]/div[1]/div/h1)\nWait timed out after 30142ms",
                "estack": "TimeoutError: Waiting for at least one element to be located By(xpath, //*[@id=\"root\"]/div[2]/div[2]/div[2]/div[1]/div/h1)\nWait timed out after 30142ms\n    at /home/devops/invohub/resource-engagement/node_modules/selenium-webdriver/lib/webdriver.js:929:17\n    at process.processTicksAndRejections (node:internal/process/task_queues:95:5)",
                "diff": null
              },
              "uuid": "acee4980-1d82-422d-a9ff-9226f000d7fd",
              "parentUUID": "df4cf7b5-feb1-49b6-92f7-795f753b82cb",
              "isHook": true,
              "skipped": false
            },
            {
              "title": "\"before each\" hook",
              "fullTitle": "Retention Base Evaluations \"before each\" hook",
              "timedOut": false,
              "duration": 0,
              "state": null,
              "speed": null,
              "pass": false,
              "fail": false,
              "pending": false,
              "context": null,
              "code": "await utilFun.visit(baseUrl + '/evaluationRetention');\nawait utilFun.wait(4000);",
              "err": {},
              "uuid": "19a0dcf7-dde9-4f2b-acad-e29d5bf44919",
              "parentUUID": "df4cf7b5-feb1-49b6-92f7-795f753b82cb",
              "isHook": true,
              "skipped": false
            }
          ],
          "afterHooks": [],
          "tests": [
            {
              "title": "should check if retention evaluations are showing",
              "fullTitle": "Retention Base Evaluations should check if retention evaluations are showing",
              "timedOut": false,
              "duration": 0,
              "state": null,
              "speed": null,
              "pass": false,
              "fail": false,
              "pending": false,
              "context": null,
              "code": "let obj = await evaluation.getAllPendingResourses();\nassert(obj.length > 0, `No Evaluation Found`);",
              "err": {},
              "uuid": "e05ff59f-032c-4d53-bfed-09c2e660b355",
              "parentUUID": "df4cf7b5-feb1-49b6-92f7-795f753b82cb",
              "isHook": false,
              "skipped": true
            },
            {
              "title": "should able to filter resoures by name",
              "fullTitle": "Retention Base Evaluations should able to filter resoures by name",
              "timedOut": false,
              "duration": 0,
              "state": null,
              "speed": null,
              "pass": false,
              "fail": false,
              "pending": false,
              "context": null,
              "code": "await evaluation.clickFilterButton();\nawait evaluation.searchName('James Salinas');\nawait utilFun.wait(1000);\nconst name = await evaluation.getResourseName();\nutilFun.assertEql(name, 'James Salinas');",
              "err": {},
              "uuid": "da713bf2-e4b1-49d0-bd06-7bdd4bfd2a0f",
              "parentUUID": "df4cf7b5-feb1-49b6-92f7-795f753b82cb",
              "isHook": false,
              "skipped": true
            },
            {
              "title": "should able to filter resoures by Last Increment",
              "fullTitle": "Retention Base Evaluations should able to filter resoures by Last Increment",
              "timedOut": false,
              "duration": 0,
              "state": null,
              "speed": null,
              "pass": false,
              "fail": false,
              "pending": false,
              "context": null,
              "code": "await evaluation.clickFilterButton();\nawait evaluation.selectLastIncrement('N/A');\nconst valuesCount = await evaluation.checkValues();\nutilFun.assertEql(valuesCount, 1);",
              "err": {},
              "uuid": "5331604c-7ae7-41fb-8fbb-6608729ae1a4",
              "parentUUID": "df4cf7b5-feb1-49b6-92f7-795f753b82cb",
              "isHook": false,
              "skipped": true
            },
            {
              "title": "should able to  copy email from options",
              "fullTitle": "Retention Base Evaluations should able to  copy email from options",
              "timedOut": false,
              "duration": 0,
              "state": null,
              "speed": null,
              "pass": false,
              "fail": false,
              "pending": false,
              "context": null,
              "code": "await evaluation.clickFilterButton();\nawait evaluation.searchName('James Salinas');\nawait utilFun.wait(1000);\nconst name = await evaluation.getResourseName();\nutilFun.assertEql(name, 'James Salinas');\nawait evaluation.clickOptionBtn();\nawait utilFun.wait(1000);\nawait evaluation.selectOption('Copy Email');\nconst alertText = await evaluation.checkAlert();\nutilFun.assertEql(alertText, 'Email address is copied');",
              "err": {},
              "uuid": "9fe67732-cd55-4e96-bb4c-938abf400dc1",
              "parentUUID": "df4cf7b5-feb1-49b6-92f7-795f753b82cb",
              "isHook": false,
              "skipped": true
            },
            {
              "title": "should able to Send Email from options",
              "fullTitle": "Retention Base Evaluations should able to Send Email from options",
              "timedOut": false,
              "duration": 0,
              "state": null,
              "speed": null,
              "pass": false,
              "fail": false,
              "pending": false,
              "context": null,
              "code": "await evaluation.clickFilterButton();\nawait evaluation.searchName('James Salinas');\nawait utilFun.wait(1000);\nconst name = await evaluation.getResourseName();\nutilFun.assertEql(name, 'James Salinas');\nawait evaluation.clickOptionBtn();\nawait utilFun.wait(1000);\nawait evaluation.selectOption('Send Email');\nawait utilFun.wait(1000);\nawait utilFun.switchWindow(1);\nawait utilFun.wait(3000);\nconst url = await utilFun.getUrl();\nassert.equal(url, 'https://mail.google.com/mail/u/0/?fs=1&tf=cm&to=james@robot-mail.com');\nawait utilFun.closeCurrentTab();\nawait utilFun.switchWindow(0);",
              "err": {},
              "uuid": "d1198588-7328-4f8c-a1aa-0a6cb22ea9cc",
              "parentUUID": "df4cf7b5-feb1-49b6-92f7-795f753b82cb",
              "isHook": false,
              "skipped": true
            },
            {
              "title": "should able to Open Slack DM from options",
              "fullTitle": "Retention Base Evaluations should able to Open Slack DM from options",
              "timedOut": false,
              "duration": 0,
              "state": null,
              "speed": null,
              "pass": false,
              "fail": false,
              "pending": false,
              "context": null,
              "code": "await evaluation.clickFilterButton();\nawait evaluation.searchName('James Salinas');\nawait utilFun.wait(1000);\nconst name = await evaluation.getResourseName();\nutilFun.assertEql(name, 'James Salinas');\nawait evaluation.clickOptionBtn();\nawait utilFun.wait(1000);\nawait evaluation.selectOption('Open Slack DM');\nawait utilFun.wait(1000);\nawait utilFun.switchWindow(1);\nawait utilFun.wait(3000);\nconst url = await utilFun.getUrl();\nassert.equal(url, 'https://invozone.slack.com/?redir=%2Fapp_redirect%3Fchannel%3Dundefined');\nawait utilFun.closeCurrentTab();\nawait utilFun.switchWindow(0);",
              "err": {},
              "uuid": "e21593c1-b948-4295-8ad9-b5faf3c67624",
              "parentUUID": "df4cf7b5-feb1-49b6-92f7-795f753b82cb",
              "isHook": false,
              "skipped": true
            },
            {
              "title": "should able to see Email from options",
              "fullTitle": "Retention Base Evaluations should able to see Email from options",
              "timedOut": false,
              "duration": 0,
              "state": null,
              "speed": null,
              "pass": false,
              "fail": false,
              "pending": false,
              "context": null,
              "code": "await evaluation.clickFilterButton();\nawait evaluation.searchName('James Salinas');\nawait utilFun.wait(1000);\nconst name = await evaluation.getResourseName();\nutilFun.assertEql(name, 'James Salinas');\nawait evaluation.clickOptionBtn();\nawait utilFun.wait(1000);\nawait evaluation.selectOption('See Email');\nawait utilFun.wait(4000);\nconst email = await evaluation.copyEmail();\nassert.equal(email, 'Email: james@robot-mail.com');",
              "err": {},
              "uuid": "7d81f100-9f5f-4341-93d5-0c8e3fc6bb6e",
              "parentUUID": "df4cf7b5-feb1-49b6-92f7-795f753b82cb",
              "isHook": false,
              "skipped": true
            },
            {
              "title": "should able to copy Phone Number from options",
              "fullTitle": "Retention Base Evaluations should able to copy Phone Number from options",
              "timedOut": false,
              "duration": 0,
              "state": null,
              "speed": null,
              "pass": false,
              "fail": false,
              "pending": false,
              "context": null,
              "code": "await evaluation.clickFilterButton();\nawait evaluation.searchName('James Salinas');\nawait utilFun.wait(1000);\nconst name = await evaluation.getResourseName();\nutilFun.assertEql(name, 'James Salinas');\nawait evaluation.clickOptionBtn();\nawait utilFun.wait(1000);\nawait evaluation.selectOption('Phone Number');\nawait utilFun.wait(3000);\nawait evaluation.copyPhoneNumber();\nconst alertText = await evaluation.checkAlert();\nassert.equal(alertText, 'Phone# is copied successfully');",
              "err": {},
              "uuid": "23cd0a64-7786-4e25-8de9-7afdc8b8cb75",
              "parentUUID": "df4cf7b5-feb1-49b6-92f7-795f753b82cb",
              "isHook": false,
              "skipped": true
            },
            {
              "title": "should able to see Resource Details from options",
              "fullTitle": "Retention Base Evaluations should able to see Resource Details from options",
              "timedOut": false,
              "duration": 0,
              "state": null,
              "speed": null,
              "pass": false,
              "fail": false,
              "pending": false,
              "context": null,
              "code": "await evaluation.clickFilterButton();\nawait evaluation.searchName('James Salinas');\nawait utilFun.wait(1000);\nconst name = await evaluation.getResourseName();\nutilFun.assertEql(name, 'James Salinas');\nawait evaluation.clickResource();\nawait utilFun.wait(1000);\nawait utilFun.switchWindow(1);\nawait utilFun.wait(1000);\nconst url = await utilFun.getUrl();\nassert.equal(url, baseUrl + '/resourceDetail/9742?tab=Basic_Information');\nawait utilFun.closeCurrentTab();\nawait utilFun.switchWindow(0);",
              "err": {},
              "uuid": "ea2ff877-2a48-4fac-b2c7-264dec48ff04",
              "parentUUID": "df4cf7b5-feb1-49b6-92f7-795f753b82cb",
              "isHook": false,
              "skipped": true
            },
            {
              "title": "should able to see employee history",
              "fullTitle": "Retention Base Evaluations should able to see employee history",
              "timedOut": false,
              "duration": 0,
              "state": null,
              "speed": null,
              "pass": false,
              "fail": false,
              "pending": false,
              "context": null,
              "code": "await evaluation.clickFilterButton();\nawait evaluation.searchName('James Salinas');\nawait utilFun.wait(1000);\nconst name = await evaluation.getResourseName();\nutilFun.assertEql(name, 'James Salinas');\nawait evaluation.clickSeeFeedback();\nawait utilFun.wait(1000);\nconst title = await evaluation.checkTitle();\nutilFun.assertEql(title, 'Feedback History of James Salinas');\nawait evaluation.checkSelectedTab();",
              "err": {},
              "uuid": "2c28f20c-cb29-46c4-8b0e-92103f3f742c",
              "parentUUID": "df4cf7b5-feb1-49b6-92f7-795f753b82cb",
              "isHook": false,
              "skipped": true
            },
            {
              "title": "should able to request a review",
              "fullTitle": "Retention Base Evaluations should able to request a review",
              "timedOut": false,
              "duration": 0,
              "state": null,
              "speed": null,
              "pass": false,
              "fail": false,
              "pending": false,
              "context": null,
              "code": "await evaluation.clickFilterButton();\nawait evaluation.searchName('James Salinas');\nawait utilFun.wait(1000);\nconst name = await evaluation.getResourseName();\nutilFun.assertEql(name, 'James Salinas');\nawait evaluation.clickSeeFeedback();\nawait utilFun.wait(1000);\nawait evaluation.clickSubmittedReview();\nawait evaluation.clickReqReviewBtn();\nawait utilFun.wait(1000);\nawait evaluation.clickHod('Muhammad Bilal Rafaqat');\nawait evaluation.clickSendReqBtn();\nconst alertText = await evaluation.checkAlert();\nutilFun.assertEql(alertText, 'Request is send successfully.');",
              "err": {},
              "uuid": "24590373-4ad7-462f-8395-86513e7dceef",
              "parentUUID": "df4cf7b5-feb1-49b6-92f7-795f753b82cb",
              "isHook": false,
              "skipped": true
            },
            {
              "title": "should able to give a review",
              "fullTitle": "Retention Base Evaluations should able to give a review",
              "timedOut": false,
              "duration": 0,
              "state": null,
              "speed": null,
              "pass": false,
              "fail": false,
              "pending": false,
              "context": null,
              "code": "const query = [\n  `UPDATE employees SET \"departmentId\" = 9 WHERE id = 9474;`,\n  `UPDATE employees SET \"designationId\" = 83 WHERE id = 9474;`,\n  `UPDATE employees SET \"designation\" = 'Head of Engineering' WHERE id = 9474;`,\n];\nawait utilFun.udpateDatabase(query);\nawait utilFun.refresh();\nawait evaluation.clickFilterButton();\nawait evaluation.searchName('James Salinas');\nawait utilFun.wait(1000);\nconst name = await evaluation.getResourseName();\nutilFun.assertEql(name, 'James Salinas');\nawait evaluation.clickSeeFeedback();\nawait utilFun.wait(1000);\nawait evaluation.clickSubmittedReview();\nawait utilFun.wait(1000);\nawait evaluation.clickAddFeedback();\n// await feedbackForm.enterDate('03092023');\nawait feedbackForm.selectFeedbackDuration('6 Months');\nawait feedbackForm.selectNextReviewType('Annual');\nawait feedbackForm.selectRevisedDesignation('Software Engineer');\nawait feedbackForm.typeIncreament('200000');\nawait feedbackForm.typeDescription('testingggg');\nawait feedbackForm.clickSubmit();\nconst alertText = await evaluation.checkAlert();\nutilFun.assertEql(alertText, 'Increment status is updated successfully');",
              "err": {},
              "uuid": "2b9aedc9-54a2-4627-b20c-8dd0ed3d498b",
              "parentUUID": "df4cf7b5-feb1-49b6-92f7-795f753b82cb",
              "isHook": false,
              "skipped": true
            },
            {
              "title": "should able to edit review form",
              "fullTitle": "Retention Base Evaluations should able to edit review form",
              "timedOut": false,
              "duration": 0,
              "state": null,
              "speed": null,
              "pass": false,
              "fail": false,
              "pending": false,
              "context": null,
              "code": "await evaluation.clickFilterButton();\nawait evaluation.searchName('James Salinas');\nawait utilFun.wait(1000);\nconst name = await evaluation.getResourseName();\nutilFun.assertEql(name, 'James Salinas');\nawait evaluation.clickEditForm();\nawait utilFun.wait(1000);\n// await feedbackForm.enterDate('03102023');\nawait feedbackForm.selectFeedbackDuration('3 Months');\nawait feedbackForm.selectNextReviewType('Annual');\nawait feedbackForm.selectRevisedDesignation('Software Engineer');\nawait feedbackForm.typeIncreament('200000');\nawait feedbackForm.typeDescription('updated');\nawait feedbackForm.clickSubmit();\nconst alertText = await evaluation.checkAlert();\nutilFun.assertEql(alertText, 'Increment status is updated successfully');",
              "err": {},
              "uuid": "21f5167b-1add-4f6a-a8c8-0a7e9e236a86",
              "parentUUID": "df4cf7b5-feb1-49b6-92f7-795f753b82cb",
              "isHook": false,
              "skipped": true
            },
            {
              "title": "should able to defer review",
              "fullTitle": "Retention Base Evaluations should able to defer review",
              "timedOut": false,
              "duration": 0,
              "state": null,
              "speed": null,
              "pass": false,
              "fail": false,
              "pending": false,
              "context": null,
              "code": "const query = [\n  `UPDATE employees SET \"designation\" = 'HR' WHERE id = 9474;`,\n  `UPDATE employees SET \"departmentId\" = 7 WHERE id = 9474;`,\n  `UPDATE employees SET \"designationId\" = 77 WHERE id = 9474;`,\n];\nawait utilFun.udpateDatabase(query);\nawait utilFun.refresh();\nawait evaluation.clickFilterButton();\nawait evaluation.searchName('James Salinas');\nawait utilFun.wait(1000);\nconst name = await evaluation.getResourseName();\nutilFun.assertEql(name, 'James Salinas');\nawait evaluation.clickDefer();\nawait evaluation.clickDeferType();\nawait utilFun.wait(1000);\nawait evaluation.selectDeferType('2 Weeks');\nawait evaluation.typeDeferReason('testing');\nawait evaluation.clickSubmitBtn();\nconst alertText = await evaluation.checkAlert();\nutilFun.assertEql(alertText, 'Increment status is updated successfully');",
              "err": {},
              "uuid": "4b1f6e05-0c5b-413b-8dc9-515d685d4fa1",
              "parentUUID": "df4cf7b5-feb1-49b6-92f7-795f753b82cb",
              "isHook": false,
              "skipped": true
            },
            {
              "title": "should able to complete review",
              "fullTitle": "Retention Base Evaluations should able to complete review",
              "timedOut": false,
              "duration": 0,
              "state": null,
              "speed": null,
              "pass": false,
              "fail": false,
              "pending": false,
              "context": null,
              "code": "const query = [\n  `UPDATE employees SET \"designation\" = 'HR' WHERE id = 9474;`,\n  `UPDATE employees SET \"departmentId\" = 7 WHERE id = 9474;`,\n  `UPDATE employees SET \"designationId\" = 77 WHERE id = 9474;`,\n  `UPDATE employee_evaluations SET \"processType\" = NULL WHERE id = 26;`,\n  `UPDATE employee_evaluations SET \"reasonForDefer\" = NULL WHERE id = 26;`,\n  `UPDATE employee_evaluations SET \"processDate\" = NULL WHERE id = 26;`,\n];\nawait utilFun.udpateDatabase(query);\nawait utilFun.refresh();\nawait evaluation.clickFilterButton();\nawait evaluation.searchName('James Salinas');\nawait utilFun.wait(1000);\nconst name = await evaluation.getResourseName();\nutilFun.assertEql(name, 'James Salinas');\nawait evaluation.clickComplete();\nawait feedbackForm.enterDate('03102023');\nawait feedbackForm.selectFeedbackDuration('3 Months');\nawait feedbackForm.selectNextReviewType('Annual');\nawait feedbackForm.selectRevisedDesignation('Software Engineer');\nawait feedbackForm.typeIncreament('200000');\nawait feedbackForm.clickSubmit();\nconst alertText = await evaluation.checkAlert();\nutilFun.assertEql(alertText, 'Increment status is updated successfully');",
              "err": {},
              "uuid": "dc088260-4066-41b0-85f7-ac083460e291",
              "parentUUID": "df4cf7b5-feb1-49b6-92f7-795f753b82cb",
              "isHook": false,
              "skipped": true
            }
          ],
          "suites": [],
          "passes": [],
          "failures": [],
          "pending": [],
          "skipped": [
            "e05ff59f-032c-4d53-bfed-09c2e660b355",
            "da713bf2-e4b1-49d0-bd06-7bdd4bfd2a0f",
            "5331604c-7ae7-41fb-8fbb-6608729ae1a4",
            "9fe67732-cd55-4e96-bb4c-938abf400dc1",
            "d1198588-7328-4f8c-a1aa-0a6cb22ea9cc",
            "e21593c1-b948-4295-8ad9-b5faf3c67624",
            "7d81f100-9f5f-4341-93d5-0c8e3fc6bb6e",
            "23cd0a64-7786-4e25-8de9-7afdc8b8cb75",
            "ea2ff877-2a48-4fac-b2c7-264dec48ff04",
            "2c28f20c-cb29-46c4-8b0e-92103f3f742c",
            "24590373-4ad7-462f-8395-86513e7dceef",
            "2b9aedc9-54a2-4627-b20c-8dd0ed3d498b",
            "21f5167b-1add-4f6a-a8c8-0a7e9e236a86",
            "4b1f6e05-0c5b-413b-8dc9-515d685d4fa1",
            "dc088260-4066-41b0-85f7-ac083460e291"
          ],
          "duration": 0,
          "root": false,
          "rootEmpty": false,
          "_timeout": 100000
        },
        {
          "uuid": "87bd80db-2b11-491a-b6ec-af78c7a4bc3c",
          "title": "Evaluations History",
          "fullFile": "/home/devops/invohub/resource-engagement/test/e2e/evaluation/spec_4_history.js",
          "file": "/test/e2e/evaluation/spec_4_history.js",
          "beforeHooks": [
            {
              "title": "\"before all\" hook for \"should check if evaluations history is showing\"",
              "fullTitle": "Evaluations History \"before all\" hook for \"should check if evaluations history is showing\"",
              "timedOut": false,
              "duration": 32959,
              "state": "failed",
              "speed": null,
              "pass": false,
              "fail": true,
              "pending": false,
              "context": null,
              "code": "await utilFun.loginAccount()\nconst url = await utilFun.getUrl();\nassert.equal(url, baseUrl + '/home');\nlet query = [\n  `UPDATE employee_evaluations SET \"processType\" = 'COMPLETE' WHERE id = 26;`,\n  `DELETE FROM employee_evaluations WHERE \"employeeId\" = 9742 AND \"incrementType\" = 'designation';`,\n  `UPDATE employee_evaluations SET \"processDate\" = '2023-03-28 17:32:33.501+05' WHERE id = 26;`,\n];\nawait utilFun.udpateDatabase(query);",
              "err": {
                "message": "TimeoutError: Waiting for at least one element to be located By(xpath, //*[@id=\"root\"]/div[2]/div[2]/div[2]/div[1]/div/h1)\nWait timed out after 30138ms",
                "estack": "TimeoutError: Waiting for at least one element to be located By(xpath, //*[@id=\"root\"]/div[2]/div[2]/div[2]/div[1]/div/h1)\nWait timed out after 30138ms\n    at /home/devops/invohub/resource-engagement/node_modules/selenium-webdriver/lib/webdriver.js:929:17\n    at process.processTicksAndRejections (node:internal/process/task_queues:95:5)",
                "diff": null
              },
              "uuid": "d892c2cd-1be7-44ec-b62d-e99f082081ef",
              "parentUUID": "87bd80db-2b11-491a-b6ec-af78c7a4bc3c",
              "isHook": true,
              "skipped": false
            },
            {
              "title": "\"before each\" hook",
              "fullTitle": "Evaluations History \"before each\" hook",
              "timedOut": false,
              "duration": 0,
              "state": null,
              "speed": null,
              "pass": false,
              "fail": false,
              "pending": false,
              "context": null,
              "code": "await utilFun.visit(baseUrl + '/evaluationHistory');\nawait utilFun.wait(4000);",
              "err": {},
              "uuid": "3be08fa0-2272-43c9-9156-1b9fe46d0899",
              "parentUUID": "87bd80db-2b11-491a-b6ec-af78c7a4bc3c",
              "isHook": true,
              "skipped": false
            }
          ],
          "afterHooks": [],
          "tests": [
            {
              "title": "should check if evaluations history is showing",
              "fullTitle": "Evaluations History should check if evaluations history is showing",
              "timedOut": false,
              "duration": 0,
              "state": null,
              "speed": null,
              "pass": false,
              "fail": false,
              "pending": false,
              "context": null,
              "code": "let obj = await evaluation.getAllPendingResourses();\nassert(obj.length > 0, `No Evaluation Found`);",
              "err": {},
              "uuid": "645f6e52-89b5-4ee1-9af9-702dd0393c16",
              "parentUUID": "87bd80db-2b11-491a-b6ec-af78c7a4bc3c",
              "isHook": false,
              "skipped": true
            },
            {
              "title": "should able to filter resoures by name",
              "fullTitle": "Evaluations History should able to filter resoures by name",
              "timedOut": false,
              "duration": 0,
              "state": null,
              "speed": null,
              "pass": false,
              "fail": false,
              "pending": false,
              "context": null,
              "code": "await evaluation.clickFilterButton();\nawait evaluation.searchName('James Salinas');\nawait utilFun.wait(1000);\nconst name = await evaluation.getResourseName();\nutilFun.assertEql(name, 'James Salinas');",
              "err": {},
              "uuid": "4e01f01c-7377-4817-9b8f-914592c77b9c",
              "parentUUID": "87bd80db-2b11-491a-b6ec-af78c7a4bc3c",
              "isHook": false,
              "skipped": true
            },
            {
              "title": "should able to check review is completed",
              "fullTitle": "Evaluations History should able to check review is completed",
              "timedOut": false,
              "duration": 0,
              "state": null,
              "speed": null,
              "pass": false,
              "fail": false,
              "pending": false,
              "context": null,
              "code": "await evaluation.clickFilterButton();\nawait evaluation.searchName('James Salinas');\nawait utilFun.wait(1000);\nconst name = await evaluation.checkProcessState()\nutilFun.assertEql(name, 'Complete');",
              "err": {},
              "uuid": "912d37c8-52f7-41c1-969f-46cabaf7c041",
              "parentUUID": "87bd80db-2b11-491a-b6ec-af78c7a4bc3c",
              "isHook": false,
              "skipped": true
            },
            {
              "title": "should able to filter resoures by Review Type",
              "fullTitle": "Evaluations History should able to filter resoures by Review Type",
              "timedOut": false,
              "duration": 0,
              "state": null,
              "speed": null,
              "pass": false,
              "fail": false,
              "pending": false,
              "context": null,
              "code": "await evaluation.clickFilterButton();\nawait evaluation.selectReviewType('Annual');\nconst valuesCount = await evaluation.checkValues();\nutilFun.assertEql(valuesCount, 1);",
              "err": {},
              "uuid": "2f3def5d-d1a3-483c-9824-7c954c68212b",
              "parentUUID": "87bd80db-2b11-491a-b6ec-af78c7a4bc3c",
              "isHook": false,
              "skipped": true
            },
            {
              "title": "should able to filter resoures by Last Increment",
              "fullTitle": "Evaluations History should able to filter resoures by Last Increment",
              "timedOut": false,
              "duration": 0,
              "state": null,
              "speed": null,
              "pass": false,
              "fail": false,
              "pending": false,
              "context": null,
              "code": "await evaluation.clickFilterButton();\nawait evaluation.selectLastIncrement('N/A');\nconst valuesCount = await evaluation.checkValues();\nutilFun.assertEql(valuesCount, 1);",
              "err": {},
              "uuid": "4b63edef-5f62-4dc9-86c3-c328b92e0eff",
              "parentUUID": "87bd80db-2b11-491a-b6ec-af78c7a4bc3c",
              "isHook": false,
              "skipped": true
            },
            {
              "title": "should able to  copy email from options",
              "fullTitle": "Evaluations History should able to  copy email from options",
              "timedOut": false,
              "duration": 0,
              "state": null,
              "speed": null,
              "pass": false,
              "fail": false,
              "pending": false,
              "context": null,
              "code": "await evaluation.clickFilterButton();\nawait evaluation.searchName('James Salinas');\nawait utilFun.wait(1000);\nconst name = await evaluation.getResourseName();\nutilFun.assertEql(name, 'James Salinas');\nawait evaluation.clickOptionBtn();\nawait utilFun.wait(1000);\nawait evaluation.selectOption('Copy Email');\nconst alertText = await evaluation.checkAlert();\nutilFun.assertEql(alertText, 'Email address is copied');",
              "err": {},
              "uuid": "6e735b35-c0f5-4e8d-8571-d905691c58a9",
              "parentUUID": "87bd80db-2b11-491a-b6ec-af78c7a4bc3c",
              "isHook": false,
              "skipped": true
            },
            {
              "title": "should able to Send Email from options",
              "fullTitle": "Evaluations History should able to Send Email from options",
              "timedOut": false,
              "duration": 0,
              "state": null,
              "speed": null,
              "pass": false,
              "fail": false,
              "pending": false,
              "context": null,
              "code": "await evaluation.clickFilterButton();\nawait evaluation.searchName('James Salinas');\nawait utilFun.wait(1000);\nconst name = await evaluation.getResourseName();\nutilFun.assertEql(name, 'James Salinas');\nawait evaluation.clickOptionBtn();\nawait utilFun.wait(1000);\nawait evaluation.selectOption('Send Email');\nawait utilFun.wait(1000);\nawait utilFun.switchWindow(1);\nawait utilFun.wait(3000);\nconst url = await utilFun.getUrl();\nassert.equal(url, 'https://mail.google.com/mail/u/0/?fs=1&tf=cm&to=james@robot-mail.com');\nawait utilFun.closeCurrentTab();\nawait utilFun.switchWindow(0);",
              "err": {},
              "uuid": "d7b5e445-5cad-403b-a308-883019855047",
              "parentUUID": "87bd80db-2b11-491a-b6ec-af78c7a4bc3c",
              "isHook": false,
              "skipped": true
            },
            {
              "title": "should able to Open Slack DM from options",
              "fullTitle": "Evaluations History should able to Open Slack DM from options",
              "timedOut": false,
              "duration": 0,
              "state": null,
              "speed": null,
              "pass": false,
              "fail": false,
              "pending": false,
              "context": null,
[...]
              "duration": 0,
              "state": null,
              "speed": null,
              "pass": false,
              "fail": false,
              "pending": false,
              "context": null,
              "code": "await portfolio.clickFilterBtn()\nawait portfolio.filterByPOC('Muhammad Bilal Rafaqat')\nconst rowText = await portfolio.getRowText(); \nassert.ok(rowText.includes('Muhammad Bilal Rafaqat'), `Expected text not found.`);",
              "err": {},
              "uuid": "5c0a0ec9-3c08-4ca8-bbc8-17f8ef6d7c8f",
              "parentUUID": "6f2c9e26-d54c-41f7-bdc4-b62a14aa289e",
              "isHook": false,
              "skipped": true
            },
            {
              "title": "should able to fiter Portfolio by Industry",
              "fullTitle": "Portfolio Module should able to fiter Portfolio by Industry",
              "timedOut": false,
              "duration": 0,
              "state": null,
              "speed": null,
              "pass": false,
              "fail": false,
              "pending": false,
              "context": null,
              "code": "await portfolio.clickFilterBtn()\nawait portfolio.filterByIndustry('Gaming')\nconst rowText = await portfolio.getRowText(); \nassert.ok(rowText.includes('Gaming'), `Expected text not found.`);",
              "err": {},
              "uuid": "4a096b13-962a-4de6-8058-3eab8eb64347",
              "parentUUID": "6f2c9e26-d54c-41f7-bdc4-b62a14aa289e",
              "isHook": false,
              "skipped": true
            },
            {
              "title": "should able to fiter Portfolio by Tech Stack",
              "fullTitle": "Portfolio Module should able to fiter Portfolio by Tech Stack",
              "timedOut": false,
              "duration": 0,
              "state": null,
              "speed": null,
              "pass": false,
              "fail": false,
              "pending": false,
              "context": null,
              "code": "await portfolio.clickFilterBtn()\nawait portfolio.filterByTechstack('Node Js')\nconst rowText = await portfolio.getRowText(); \nassert.ok(rowText.includes('Node Js'), `Expected text not found.`);",
              "err": {},
              "uuid": "4415eb2b-23bb-46a3-b1f4-11281bb92cce",
              "parentUUID": "6f2c9e26-d54c-41f7-bdc4-b62a14aa289e",
              "isHook": false,
              "skipped": true
            },
            {
              "title": "should able to fiter Portfolio by Resource",
              "fullTitle": "Portfolio Module should able to fiter Portfolio by Resource",
              "timedOut": false,
              "duration": 0,
              "state": null,
              "speed": null,
              "pass": false,
              "fail": false,
              "pending": false,
              "context": null,
              "code": "await portfolio.clickFilterBtn()\nawait portfolio.filterByResources('Hello')\nconst rowText = await portfolio.getRowText(); \nassert.ok(rowText.includes(portfolioName), `Expected text not found.`);",
              "err": {},
              "uuid": "46948ceb-04d9-4165-96cb-2c255bdd0c36",
              "parentUUID": "6f2c9e26-d54c-41f7-bdc4-b62a14aa289e",
              "isHook": false,
              "skipped": true
            },
            {
              "title": "should able to fiter Portfolio by Tags",
              "fullTitle": "Portfolio Module should able to fiter Portfolio by Tags",
              "timedOut": false,
              "duration": 0,
              "state": null,
              "speed": null,
              "pass": false,
              "fail": false,
              "pending": false,
              "context": null,
              "code": "await portfolio.clickFilterBtn()\nawait portfolio.filterByTags('testing')\nconst rowText = await portfolio.getRowText(); \nassert.ok(rowText.includes('testing'), `Expected text not found.`);",
              "err": {},
              "uuid": "b96e9d74-eca3-4b40-8884-7abec19e4caf",
              "parentUUID": "6f2c9e26-d54c-41f7-bdc4-b62a14aa289e",
              "isHook": false,
              "skipped": true
            },
            {
              "title": "should able to fiter Portfolio by Project Nature",
              "fullTitle": "Portfolio Module should able to fiter Portfolio by Project Nature",
              "timedOut": false,
              "duration": 0,
              "state": null,
              "speed": null,
              "pass": false,
              "fail": false,
              "pending": false,
              "context": null,
              "code": "await portfolio.clickFilterBtn()\nawait portfolio.filterByProjectNature('Web App')\nconst rowText = await portfolio.getRowText(); \nassert.ok(rowText.includes('Web App'), `Expected text not found.`);",
              "err": {},
              "uuid": "2e39092f-1891-4d34-a0e1-021c3aaeb75f",
              "parentUUID": "6f2c9e26-d54c-41f7-bdc4-b62a14aa289e",
              "isHook": false,
              "skipped": true
            },
            {
              "title": "should able to fiter Portfolio by Region",
              "fullTitle": "Portfolio Module should able to fiter Portfolio by Region",
              "timedOut": false,
              "duration": 0,
              "state": null,
              "speed": null,
              "pass": false,
              "fail": false,
              "pending": false,
              "context": null,
              "code": "await portfolio.clickFilterBtn()\nawait portfolio.filterByRegion('Pakistan')\nconst rowText = await portfolio.getRowText(); \nassert.ok(rowText.includes('Pakistan'), `Expected text not found.`);",
              "err": {},
              "uuid": "ffe44200-0d53-40ae-a556-c438cd2c0bdc",
              "parentUUID": "6f2c9e26-d54c-41f7-bdc4-b62a14aa289e",
              "isHook": false,
              "skipped": true
            },
            {
              "title": "should able to fiter Portfolio by Date",
              "fullTitle": "Portfolio Module should able to fiter Portfolio by Date",
              "timedOut": false,
              "duration": 0,
              "state": null,
              "speed": null,
              "pass": false,
              "fail": false,
              "pending": false,
              "context": null,
              "code": "await portfolio.clickFilterBtn()\nawait portfolio.filterByDate('Last 2 Weeks')\nconst rowText = await portfolio.getRowText(); \nassert.ok(rowText.includes(portfolioName), `Expected text not found.`);",
              "err": {},
              "uuid": "846aef47-80bd-4312-b9cd-d7383317cf12",
              "parentUUID": "6f2c9e26-d54c-41f7-bdc4-b62a14aa289e",
              "isHook": false,
              "skipped": true
            },
            {
              "title": "should able to Hide Division Colum",
              "fullTitle": "Portfolio Module should able to Hide Division Colum",
              "timedOut": false,
              "duration": 0,
              "state": null,
              "speed": null,
              "pass": false,
              "fail": false,
              "pending": false,
              "context": null,
              "code": "await portfolio.clickHideColumsBtn()\nawait portfolio.selectColum('Division')\n   // const columnsCount = await portfolio.getTableColumsCount(); \n   // assert.equal(columnsCount, 13, `Colums count is not Correct.`);\nconst columnsText = await portfolio.getTableColumsAndCheck('Division'); \nassert.equal(columnsText, -1, `Expected Colum is Not Hidden.`);",
              "err": {},
              "uuid": "9a62574d-e0d9-4f2f-8a48-c34e8fcaac81",
              "parentUUID": "6f2c9e26-d54c-41f7-bdc4-b62a14aa289e",
              "isHook": false,
              "skipped": true
            },
            {
              "title": "should able to Hide Project Nature Colum",
              "fullTitle": "Portfolio Module should able to Hide Project Nature Colum",
              "timedOut": false,
              "duration": 0,
              "state": null,
              "speed": null,
              "pass": false,
              "fail": false,
              "pending": false,
              "context": null,
              "code": "await portfolio.clickHideColumsBtn()\nawait portfolio.selectColum('Project Nature')\n   // const columnsCount = await portfolio.getTableColumsCount(); \n   // assert.equal(columnsCount, 12, `Colums count is not Correct.`);\nconst columnsText = await portfolio.getTableColumsAndCheck('Project Nature'); \nassert.equal(columnsText, -1, `Expected Colum is Not Hidden.`);",
              "err": {},
              "uuid": "2b490def-d485-401d-83b2-578dc63d1774",
              "parentUUID": "6f2c9e26-d54c-41f7-bdc4-b62a14aa289e",
              "isHook": false,
              "skipped": true
            },
            {
              "title": "should able to Hide Tech Stack Colum",
              "fullTitle": "Portfolio Module should able to Hide Tech Stack Colum",
              "timedOut": false,
              "duration": 0,
              "state": null,
              "speed": null,
              "pass": false,
              "fail": false,
              "pending": false,
              "context": null,
              "code": "await portfolio.clickHideColumsBtn()\nawait portfolio.selectColum('Tech Stack')\n//const columnsCount = await portfolio.getTableColumsCount(); \n//assert.equal(columnsCount, 11, `Colums count is not Correct.`);\nconst columnsText = await portfolio.getTableColumsAndCheck('Tech Stack'); \nassert.equal(columnsText, -1, `Expected Colum is Not Hidden.`);",
              "err": {},
              "uuid": "3d4feaa2-308b-4f0b-bd98-2c6579e76a1b",
              "parentUUID": "6f2c9e26-d54c-41f7-bdc4-b62a14aa289e",
              "isHook": false,
              "skipped": true
            },
            {
              "title": "should able to Hide POC Colum",
              "fullTitle": "Portfolio Module should able to Hide POC Colum",
              "timedOut": false,
              "duration": 0,
              "state": null,
              "speed": null,
              "pass": false,
              "fail": false,
              "pending": false,
              "context": null,
              "code": "await portfolio.clickHideColumsBtn()\nawait portfolio.selectColum('POC')\n//const columnsCount = await portfolio.getTableColumsCount(); \n//assert.equal(columnsCount, 10, `Colums count is not Correct.`);\nconst columnsText = await portfolio.getTableColumsAndCheck('POC'); \nassert.equal(columnsText, -1, `Expected Colum is Not Hidden.`);",
              "err": {},
              "uuid": "91d3bb68-703d-4a8a-8ac4-97e1a2efb68a",
              "parentUUID": "6f2c9e26-d54c-41f7-bdc4-b62a14aa289e",
              "isHook": false,
              "skipped": true
            },
            {
              "title": "should able to Hide Resources Colum",
              "fullTitle": "Portfolio Module should able to Hide Resources Colum",
              "timedOut": false,
              "duration": 0,
              "state": null,
              "speed": null,
              "pass": false,
              "fail": false,
              "pending": false,
              "context": null,
              "code": "await portfolio.clickHideColumsBtn()\nawait portfolio.selectColum('Resources')\n//const columnsCount = await portfolio.getTableColumsCount(); \n//assert.equal(columnsCount, 9, `Colums count is not Correct.`);\nconst columnsText = await portfolio.getTableColumsAndCheck('Resources'); \nassert.equal(columnsText, -1, `Expected Colum is Not Hidden.`);",
              "err": {},
              "uuid": "ed0cc950-d733-4078-b757-56f40b05dd52",
              "parentUUID": "6f2c9e26-d54c-41f7-bdc4-b62a14aa289e",
              "isHook": false,
              "skipped": true
            },
            {
              "title": "should able to Hide Tags Colum",
              "fullTitle": "Portfolio Module should able to Hide Tags Colum",
              "timedOut": false,
              "duration": 0,
              "state": null,
              "speed": null,
              "pass": false,
              "fail": false,
              "pending": false,
              "context": null,
              "code": "await portfolio.clickHideColumsBtn()\nawait portfolio.selectColum('Tags')\n//const columnsCount = await portfolio.getTableColumsCount(); \n//assert.equal(columnsCount, 8, `Colums count is not Correct.`);\nconst columnsText = await portfolio.getTableColumsAndCheck('Tags'); \nassert.equal(columnsText, -1, `Expected Colum is Not Hidden.`);",
              "err": {},
              "uuid": "e3a2b59b-2d41-4cf0-98d1-d45b3464871e",
              "parentUUID": "6f2c9e26-d54c-41f7-bdc4-b62a14aa289e",
              "isHook": false,
              "skipped": true
            },
            {
              "title": "should able to Hide Industry Colum",
              "fullTitle": "Portfolio Module should able to Hide Industry Colum",
              "timedOut": false,
              "duration": 0,
              "state": null,
              "speed": null,
              "pass": false,
              "fail": false,
              "pending": false,
              "context": null,
              "code": "await portfolio.clickHideColumsBtn()\nawait portfolio.selectColum('Industry')\n//const columnsCount = await portfolio.getTableColumsCount(); \n//assert.equal(columnsCount, 7, `Colums count is not Correct.`);\nconst columnsText = await portfolio.getTableColumsAndCheck('Industry'); \nassert.equal(columnsText, -1, `Expected Colum is Not Hidden.`);",
              "err": {},
              "uuid": "9c09a861-b8bd-475f-9277-1ac206e77bcd",
              "parentUUID": "6f2c9e26-d54c-41f7-bdc4-b62a14aa289e",
              "isHook": false,
              "skipped": true
            },
            {
              "title": "should able to Hide Region Colum",
              "fullTitle": "Portfolio Module should able to Hide Region Colum",
              "timedOut": false,
              "duration": 0,
              "state": null,
              "speed": null,
              "pass": false,
              "fail": false,
              "pending": false,
              "context": null,
              "code": "await portfolio.clickHideColumsBtn()\nawait portfolio.selectColum('Region')\n//const columnsCount = await portfolio.getTableColumsCount(); \n   // assert.equal(columnsCount, 6, `Colums count is not Correct.`);\nconst columnsText = await portfolio.getTableColumsAndCheck('Region'); \nassert.equal(columnsText, -1, `Expected Colum is Not Hidden.`);",
              "err": {},
              "uuid": "02fe719a-e1e1-48fe-b3b6-24eea352945a",
              "parentUUID": "6f2c9e26-d54c-41f7-bdc4-b62a14aa289e",
              "isHook": false,
              "skipped": true
            },
            {
              "title": "should able to Hide Attachments Colum",
              "fullTitle": "Portfolio Module should able to Hide Attachments Colum",
              "timedOut": false,
              "duration": 0,
              "state": null,
              "speed": null,
              "pass": false,
              "fail": false,
              "pending": false,
              "context": null,
              "code": "await portfolio.clickHideColumsBtn()\nawait portfolio.selectColum('Attachments')\n//const columnsCount = await portfolio.getTableColumsCount(); \n//assert.equal(columnsCount, 5, `Colums count is not Correct.`);\nconst columnsText = await portfolio.getTableColumsAndCheck('Attachments'); \nassert.equal(columnsText, -1, `Expected Colum is Not Hidden.`);",
              "err": {},
              "uuid": "9a28a9a2-2341-4082-bf8f-c2e538b472cb",
              "parentUUID": "6f2c9e26-d54c-41f7-bdc4-b62a14aa289e",
              "isHook": false,
              "skipped": true
            },
            {
              "title": "should able to Hide Achievements Colum",
              "fullTitle": "Portfolio Module should able to Hide Achievements Colum",
              "timedOut": false,
              "duration": 0,
              "state": null,
              "speed": null,
              "pass": false,
              "fail": false,
              "pending": false,
              "context": null,
              "code": "await portfolio.clickHideColumsBtn()\nawait portfolio.selectColum('Achievements')\n//const columnsCount = await portfolio.getTableColumsCount(); \n//assert.equal(columnsCount, 4, `Colums count is not Correct.`);\nconst columnsText = await portfolio.getTableColumsAndCheck('Achievements'); \nassert.equal(columnsText, -1, `Expected Colum is Not Hidden.`);",
              "err": {},
              "uuid": "bd1a44c4-7c7a-4250-a09e-75aa6c70c6e6",
              "parentUUID": "6f2c9e26-d54c-41f7-bdc4-b62a14aa289e",
              "isHook": false,
              "skipped": true
            },
            {
              "title": "should able to Hide Git Access Colum",
              "fullTitle": "Portfolio Module should able to Hide Git Access Colum",
              "timedOut": false,
              "duration": 0,
              "state": null,
              "speed": null,
              "pass": false,
              "fail": false,
              "pending": false,
              "context": null,
              "code": "await portfolio.clickHideColumsBtn()\nawait portfolio.selectColum('Git Access')\n//const columnsCount = await portfolio.getTableColumsCount(); \n//assert.equal(columnsCount, 3, `Colums count is not Correct.`);\nconst columnsText = await portfolio.getTableColumsAndCheck('Git Access'); \nassert.equal(columnsText, -1, `Expected Colum is Not Hidden.`);",
              "err": {},
              "uuid": "9ff32f86-4f57-4f1d-8e78-84a1eb2ed451",
              "parentUUID": "6f2c9e26-d54c-41f7-bdc4-b62a14aa289e",
              "isHook": false,
              "skipped": true
            }
          ],
          "suites": [],
          "passes": [],
          "failures": [],
          "pending": [],
          "skipped": [
            "641b9c3b-641b-4cf3-9efa-4a76880a1121",
            "4e65db28-12d3-494f-9540-83ff854d24f3",
            "0303874d-9005-4081-a17a-43abe05b9e60",
            "96c65280-f7a2-4742-b4e4-d3cfc1f80677",
            "801d1ba2-da7c-4ea7-b825-39d476e9d7e9",
            "5c0a0ec9-3c08-4ca8-bbc8-17f8ef6d7c8f",
            "4a096b13-962a-4de6-8058-3eab8eb64347",
            "4415eb2b-23bb-46a3-b1f4-11281bb92cce",
            "46948ceb-04d9-4165-96cb-2c255bdd0c36",
            "b96e9d74-eca3-4b40-8884-7abec19e4caf",
            "2e39092f-1891-4d34-a0e1-021c3aaeb75f",
            "ffe44200-0d53-40ae-a556-c438cd2c0bdc",
            "846aef47-80bd-4312-b9cd-d7383317cf12",
            "9a62574d-e0d9-4f2f-8a48-c34e8fcaac81",
            "2b490def-d485-401d-83b2-578dc63d1774",
            "3d4feaa2-308b-4f0b-bd98-2c6579e76a1b",
            "91d3bb68-703d-4a8a-8ac4-97e1a2efb68a",
            "ed0cc950-d733-4078-b757-56f40b05dd52",
            "e3a2b59b-2d41-4cf0-98d1-d45b3464871e",
            "9c09a861-b8bd-475f-9277-1ac206e77bcd",
            "02fe719a-e1e1-48fe-b3b6-24eea352945a",
            "9a28a9a2-2341-4082-bf8f-c2e538b472cb",
            "bd1a44c4-7c7a-4250-a09e-75aa6c70c6e6",
            "9ff32f86-4f57-4f1d-8e78-84a1eb2ed451"
          ],
          "duration": 0,
          "root": false,
          "rootEmpty": false,
          "_timeout": 100000
        }
      ],
      "passes": [],
      "failures": [],
      "pending": [],
      "skipped": [],
      "duration": 0,
      "root": true,
      "rootEmpty": true,
      "_timeout": 100000
    }
  ],
  "meta": {
    "mocha": {
      "version": "10.2.0"
    },
    "mochawesome": {
      "options": {
        "quiet": false,
        "reportFilename": "mochawesome",
        "saveHtml": true,
        "saveJson": true,
        "consoleReporter": "spec",
        "useInlineDiffs": false,
        "code": true
      },
      "version": "7.1.3"
    },
    "marge": {
      "options": {
        "reportDir": "test/report"
      },
      "version": "6.2.0"
    }
  }
}