{
  "stats": {
    "suites": 2,
    "tests": 71,
    "passes": 46,
    "pending": 0,
    "failures": 25,
    "start": "2024-01-17T14:40:16.800Z",
    "end": "2024-01-17T15:03:32.157Z",
    "duration": 1395357,
    "testsRegistered": 71,
    "passPercent": 64.7887323943662,
    "pendingPercent": 0,
    "other": 0,
    "hasOther": false,
    "skipped": 0,
    "hasSkipped": false
  },
  "results": [
    {
      "uuid": "054dd8ba-7dbf-4eb7-8a78-fdffadcaa3b6",
      "title": "",
      "fullFile": "",
      "file": "",
      "beforeHooks": [],
      "afterHooks": [],
      "tests": [],
      "suites": [
        {
          "uuid": "0290c06b-5101-4a8e-a2a9-4455631604d1",
          "title": "Monthly Claims -> Child Claims",
          "fullFile": "/home/devops/invohub/resource-engagement/test/e2e/monthlyclaim/myclaims-child.js",
          "file": "/test/e2e/monthlyclaim/myclaims-child.js",
          "beforeHooks": [
            {
              "title": "\"before all\" hook in \"Monthly Claims -> Child Claims\"",
              "fullTitle": "Monthly Claims -> Child Claims \"before all\" hook in \"Monthly Claims -> Child Claims\"",
              "timedOut": false,
              "duration": 28793,
              "state": null,
              "speed": null,
              "pass": false,
              "fail": false,
              "pending": false,
              "context": null,
              "code": "let query = [\n    `UPDATE employees SET \"email\" = 'bilal.rafaqat@invozone.dev' WHERE id = 9429;`,\n    `UPDATE employees SET \"email\" = 'bilal.rafaqat@invozone.de' WHERE id = 9474;`,\n  ];\n  await utilFun.udpateDatabase(query);\n//  await utilFun.loginAccount()\n   await utilFun.login(email, password)",
              "err": {},
              "uuid": "041ca499-da8e-44be-a63e-67a9b189ebbb",
              "parentUUID": "0290c06b-5101-4a8e-a2a9-4455631604d1",
              "isHook": true,
              "skipped": false
            }
          ],
          "afterHooks": [],
          "tests": [
            {
              "title": "should be able to Upload Photo and click Close Button",
              "fullTitle": "Monthly Claims -> Child Claims should be able to Upload Photo and click Close Button",
              "timedOut": false,
              "duration": 11976,
              "state": "passed",
              "speed": "slow",
              "pass": true,
              "fail": false,
              "pending": false,
              "context": null,
              "code": "const query = [\n    `UPDATE employees SET \"designation\" = 'SQA Automation' WHERE id = 9429;`,\n    `UPDATE employees SET \"workAs\" = 'sqa' WHERE id = 9429;`,\n    `UPDATE employees SET \"departmentId\" = 9 WHERE id = 9429;`,\n    `UPDATE employees SET \"designationId\" = NULL WHERE id = 9429;`,\n    `UPDATE employees SET \"subDepartmentId\" = 52 WHERE id = 9429;`,\n    `UPDATE employees SET \"designationLevelId\" = NULL WHERE id = 9429;`,\n]\nawait utilFun.udpateDatabase(query);\nawait utilFun.visit(baseUrl + '/claim');\nawait utilFun.wait(3000);\nawait claims.MyClaims_AddClaim_Btn();\nawait gym_claims.ClaimSelect('Child Education Support');\nawait child_claims.MyClaims_AddClaim_Child_Name('Ahmed', 0);\nawait child_claims.MyClaims_AddClaim_Child_DateofBirth('03-01-2020', 0);\nawait child_claims.MyClaims_AddClaim_Child_ClaimableAmount('3000', 0);\nawait child_claims.MyClaims_AddClaim_ChildRowOne_UploadBtn(0);\nawait utilFun.wait(1000);\nawait child_claims.MyClaims_AddClaim_ChildRowOne_UploadBtn(1);\nawait utilFun.wait(1000);\nawait child_claims.MyClaims_AddClaim_ChildRowOne_UploadBtn(2);\nawait claims.MyClaims_AddClaim_PersonalDevelopment_CancelBtn()\nawait claims.MyClaims_AddClaim_PersonalDevelopment_CancelBtn_Assertion()",
              "err": {},
              "uuid": "34d6a1ff-dcbe-424e-a226-65fc7c03c960",
              "parentUUID": "0290c06b-5101-4a8e-a2a9-4455631604d1",
              "isHook": false,
              "skipped": false
            },
            {
              "title": "should be able to Upload Photo and Delete Photos ",
              "fullTitle": "Monthly Claims -> Child Claims should be able to Upload Photo and Delete Photos ",
              "timedOut": false,
              "duration": 14280,
              "state": "passed",
              "speed": "slow",
              "pass": true,
              "fail": false,
              "pending": false,
              "context": null,
              "code": "await utilFun.visit(baseUrl + '/claim');\nawait utilFun.wait(3000);\nawait claims.MyClaims_AddClaim_Btn();\nawait gym_claims.ClaimSelect('Child Education Support');\nawait child_claims.MyClaims_AddClaim_Child_Name('Ahmed', 0);\nawait child_claims.MyClaims_AddClaim_Child_DateofBirth('03-01-2020', 0);\nawait child_claims.MyClaims_AddClaim_Child_ClaimableAmount('3000', 0);\nawait child_claims.MyClaims_AddClaim_ChildRowOne_UploadBtn(0);\nawait utilFun.wait(1000);\nawait child_claims.MyClaims_AddClaim_ChildRowOne_UploadBtn(1);\nawait child_claims.MyClaims_AddClaim_ChildRowOne_UploadBtn(2);\nawait utilFun.wait(2000);\nawait medical_claims.MyClaims_AddClaim_DeleteAttachment(0);\nawait utilFun.wait(2000);\nawait medical_claims.MyClaims_AddClaim_DeleteAttachment(1);",
              "err": {},
              "uuid": "b5cdcdd8-102c-4b8c-9c38-cc02713f1e8c",
              "parentUUID": "0290c06b-5101-4a8e-a2a9-4455631604d1",
              "isHook": false,
              "skipped": false
            },
            {
              "title": "should be able to Add New Row and Delete Row ",
              "fullTitle": "Monthly Claims -> Child Claims should be able to Add New Row and Delete Row ",
              "timedOut": false,
              "duration": 13426,
              "state": "passed",
              "speed": "slow",
              "pass": true,
              "fail": false,
              "pending": false,
              "context": null,
              "code": "await utilFun.visit(baseUrl + '/claim');\nawait utilFun.wait(3000);\nawait claims.MyClaims_AddClaim_Btn();\nawait gym_claims.ClaimSelect('Child Education Support');\nawait child_claims.MyClaims_AddClaim_AddRowBtn(0);\nawait child_claims.MyClaims_NewRowAssertion();\nawait child_claims.MyClaims_AddClaim_AddRowBtn(1);\nawait utilFun.wait(2000);\nawait child_claims.MyClaims_AddClaim_RemoveCircleIcon(2);\nawait child_claims.MyClaims_AddClaim_RemoveCircleIcon(1);",
              "err": {},
              "uuid": "fa13294c-75e3-4bdb-8e3a-eda625c34203",
              "parentUUID": "0290c06b-5101-4a8e-a2a9-4455631604d1",
              "isHook": false,
              "skipped": false
            },
            {
              "title": "should be able to Check Cancel Button",
              "fullTitle": "Monthly Claims -> Child Claims should be able to Check Cancel Button",
              "timedOut": false,
              "duration": 6947,
              "state": "passed",
              "speed": "slow",
              "pass": true,
              "fail": false,
              "pending": false,
              "context": null,
              "code": "await utilFun.visit(baseUrl + '/claim');\nawait utilFun.wait(3000);\nawait claims.MyClaims_AddClaim_Btn();\nawait gym_claims.ClaimSelect('Child Education Support');\nawait claims.MyClaims_AddClaim_PersonalDevelopment_CancelBtn()\nawait claims.MyClaims_AddClaim_PersonalDevelopment_CancelBtn_Assertion()",
              "err": {},
              "uuid": "53993e19-15ca-46d8-81c9-4994c5297c90",
              "parentUUID": "0290c06b-5101-4a8e-a2a9-4455631604d1",
              "isHook": false,
              "skipped": false
            },
            {
              "title": "should be able to Submit One Child Claim",
              "fullTitle": "Monthly Claims -> Child Claims should be able to Submit One Child Claim",
              "timedOut": false,
              "duration": 15718,
              "state": "passed",
              "speed": "slow",
              "pass": true,
              "fail": false,
              "pending": false,
              "context": null,
              "code": "const query = [\n    `UPDATE employees SET \"designation\" = 'SQA Automation' WHERE id = 9429;`,\n    `UPDATE employees SET \"workAs\" = 'sqa' WHERE id = 9429;`,\n    `UPDATE employees SET \"departmentId\" = 9 WHERE id = 9429;`,\n    `UPDATE employees SET \"designationId\" = NULL WHERE id = 9429;`,\n    `UPDATE employees SET \"subDepartmentId\" = 52 WHERE id = 9429;`,\n    `UPDATE employees SET \"designationLevelId\" = NULL WHERE id = 9429;`,\n]\nawait utilFun.udpateDatabase(query);\nawait utilFun.visit(baseUrl + '/claim');\nawait utilFun.wait(3000);\nawait claims.MyClaims_AddClaim_Btn();\nawait gym_claims.ClaimSelect('Child Education Support');\nawait child_claims.MyClaims_AddClaim_Child_Name('Ahmed', 0);\nawait child_claims.MyClaims_AddClaim_Child_DateofBirth('03-01-2020', 0);\nawait child_claims.MyClaims_AddClaim_Child_ClaimableAmount('3000', 0);\nawait child_claims.MyClaims_AddClaim_ChildRowOne_UploadBtn(0);\nawait utilFun.wait(1000);\nawait child_claims.MyClaims_AddClaim_ChildRowOne_UploadBtn(1);\nawait child_claims.MyClaims_AddClaim_ChildRowOne_UploadBtn(2);\nawait utilFun.wait(1000);\nawait claims.MyClaims_AddClaim_PersonalDevelopment_Submit()\nconst flashMessage = await claims.checkAlert();\nutilFun.assertEql(flashMessage, 'Claim submitted successfully');",
              "err": {},
              "uuid": "8ad437be-aa0b-4cc5-9ce0-33d3e38f9a7e",
              "parentUUID": "0290c06b-5101-4a8e-a2a9-4455631604d1",
              "isHook": false,
              "skipped": false
            },
            {
              "title": "should be able to Edit Child Claim",
              "fullTitle": "Monthly Claims -> Child Claims should be able to Edit Child Claim",
              "timedOut": false,
              "duration": 15836,
              "state": "passed",
              "speed": "slow",
              "pass": true,
              "fail": false,
              "pending": false,
              "context": null,
              "code": "await utilFun.visit(baseUrl + '/claim');\nawait utilFun.wait(4000);\nawait medical_claims.MyClaims_EditBtn();\nawait child_claims.MyClaims_AddClaim_Child_Name('ALI', 0);\nawait child_claims.MyClaims_AddClaim_Child_DateofBirth('03-06-2020', 0);\nawait child_claims.MyClaims_AddClaim_Child_ClaimableAmount('3000', 0);\nawait medical_claims.MyClaims_AddClaim_DeleteAttachment(0);\nawait medical_claims.MyClaims_AddClaim_DeleteAttachment(1);\nawait medical_claims.MyClaims_AddClaim_DeleteAttachment(2);\nawait utilFun.wait(3000);\nawait child_claims.MyClaims_AddClaim_ChildRowOne_UploadBtn(0);\nawait child_claims.MyClaims_AddClaim_ChildRowOne_UploadBtn(1);\nawait child_claims.MyClaims_AddClaim_ChildRowOne_UploadBtn(2);\nawait claims.MyClaims_AddClaim_PersonalDevelopment_Submit();\nawait utilFun.wait(1000);\nconst flashMessage = await claims.checkAlert();\nutilFun.assertEql(flashMessage, 'Claim is updated successfully');",
              "err": {},
              "uuid": "d1e3dc75-8c46-41f3-9954-a6cf4ac17e29",
              "parentUUID": "0290c06b-5101-4a8e-a2a9-4455631604d1",
              "isHook": false,
              "skipped": false
            },
            {
              "title": "should be able Show Attachment",
              "fullTitle": "Monthly Claims -> Child Claims should be able Show Attachment",
              "timedOut": false,
              "duration": 5748,
              "state": "passed",
              "speed": "slow",
              "pass": true,
              "fail": false,
              "pending": false,
              "context": null,
              "code": "await utilFun.visit(baseUrl + '/claim');\nawait utilFun.wait(3000);\nawait medical_claims.MonthlyClaims_ClaimRequest_ShowAttachment();\nawait utilFun.wait(2000);\nawait claims.MyClaims_AddClaim_PersonalDevelopment_CloseBtn();",
              "err": {},
              "uuid": "e5f8b394-7734-4f6b-833b-96fb4f743139",
              "parentUUID": "0290c06b-5101-4a8e-a2a9-4455631604d1",
              "isHook": false,
              "skipped": false
            },
            {
              "title": "should be able Review Icon",
              "fullTitle": "Monthly Claims -> Child Claims should be able Review Icon",
              "timedOut": false,
              "duration": 6760,
              "state": "passed",
              "speed": "slow",
              "pass": true,
              "fail": false,
              "pending": false,
              "context": null,
              "code": "await utilFun.visit(baseUrl + '/claim');\nawait utilFun.wait(4000);\nawait medical_claims.MonthlyClaims_ClaimRequest_RejectTab_ReviewIcon();\nawait utilFun.wait(2000);\nawait claims.MyClaims_AddClaim_PersonalDevelopment_CloseBtn();",
              "err": {},
              "uuid": "4f627c22-23b9-4a39-8e72-6a628028148b",
              "parentUUID": "0290c06b-5101-4a8e-a2a9-4455631604d1",
              "isHook": false,
              "skipped": false
            },
            {
              "title": "should be able to Delete Child Claim",
              "fullTitle": "Monthly Claims -> Child Claims should be able to Delete Child Claim",
              "timedOut": false,
              "duration": 7694,
              "state": "passed",
              "speed": "slow",
              "pass": true,
              "fail": false,
              "pending": false,
              "context": null,
              "code": "await utilFun.visit(baseUrl + '/claim');\nawait utilFun.wait(3000);\nawait medical_claims.MyClaims_DeleteBtn();\nawait claims.MyClaims_DeleteBtn_YesBtn()\nconst flashMessage = await claims.checkAlert();\nutilFun.assertEql(flashMessage, 'Claim is deleted successfully');\nlet query =\n    [\n        'DELETE FROM employee_claims WHERE \"employeeId\" = 9429;'\n    ];\nawait utilFun.udpateDatabase(query)",
              "err": {},
              "uuid": "442b5d01-bb7a-4eb1-bf6e-ab23bcc15efe",
              "parentUUID": "0290c06b-5101-4a8e-a2a9-4455631604d1",
              "isHook": false,
              "skipped": false
            },
            {
              "title": "should be able to Submit One Child Claim",
              "fullTitle": "Monthly Claims -> Child Claims should be able to Submit One Child Claim",
              "timedOut": false,
              "duration": 21796,
              "state": "passed",
              "speed": "slow",
              "pass": true,
              "fail": false,
              "pending": false,
              "context": null,
              "code": "await utilFun.visit(baseUrl + '/claim');\nawait utilFun.wait(3000);\nawait claims.MyClaims_AddClaim_Btn();\nawait gym_claims.ClaimSelect('Child Education Support');\nawait child_claims.MyClaims_AddClaim_Child_Name('Ahmed', 0);\nawait child_claims.MyClaims_AddClaim_Child_DateofBirth('03-01-2020', 0);\nawait child_claims.MyClaims_AddClaim_Child_ClaimableAmount('4000', 0);\nconst validationMessage = await child_claims.checkAlertValidation();\nutilFun.assertEql(validationMessage, 'Max amount limit is 3000');\nawait child_claims.MyClaims_AddClaim_Child_ClaimableAmount('3000', 0);\nawait child_claims.MyClaims_AddClaim_ChildRowOne_UploadBtn(0);\nawait utilFun.wait(1000);\nawait child_claims.MyClaims_AddClaim_ChildRowOne_UploadBtn(1);\nawait child_claims.MyClaims_AddClaim_ChildRowOne_UploadBtn(2);\nawait utilFun.wait(2000);\nawait claims.MyClaims_AddClaim_PersonalDevelopment_Submit()\nawait utilFun.wait(1000);\nconst flashMessage = await claims.checkAlert();\nutilFun.assertEql(flashMessage, 'Claim submitted successfully');",
              "err": {},
              "uuid": "30d8f218-41b7-43d7-bdc4-2b64f1b50406",
              "parentUUID": "0290c06b-5101-4a8e-a2a9-4455631604d1",
              "isHook": false,
              "skipped": false
            },
            {
              "title": "should be HR Role Show Attachment & Close Button",
              "fullTitle": "Monthly Claims -> Child Claims should be HR Role Show Attachment & Close Button",
              "timedOut": false,
              "duration": 8033,
              "state": "passed",
              "speed": "slow",
              "pass": true,
              "fail": false,
              "pending": false,
              "context": null,
              "code": "const query = [\n    `UPDATE employees SET \"designation\" = 'HR' WHERE id = 9429;`,\n    `UPDATE employees SET \"workAs\" = 'hr' WHERE id = 9429;`,\n    `UPDATE employees SET \"departmentId\" = 7 WHERE id = 9429;`,\n    `UPDATE employees SET \"subDepartmentId\" = NULL WHERE id = 9429;`,\n    `UPDATE employees SET \"designationId\" =NULL WHERE id = 9429;`,\n    `UPDATE employees SET \"designationLevelId\" = NULL WHERE id = 9429;`\n];\nawait utilFun.udpateDatabase(query)\nawait utilFun.wait(2000)\nawait utilFun.visit(baseUrl + '/claim-request');\nawait utilFun.wait(2000)\nawait medical_claims.MonthlyClaims_ClaimRequest_ShowAttachment();\nawait utilFun.wait(3000);\nawait claims.MyClaims_AddClaim_PersonalDevelopment_CloseBtn();",
              "err": {},
              "uuid": "8560053f-7e3d-4845-b805-dce555cfb6a0",
              "parentUUID": "0290c06b-5101-4a8e-a2a9-4455631604d1",
              "isHook": false,
              "skipped": false
            },
            {
              "title": "should be Edit Amount in Show Attachment",
              "fullTitle": "Monthly Claims -> Child Claims should be Edit Amount in Show Attachment",
              "timedOut": false,
              "duration": 14508,
              "state": "passed",
              "speed": "slow",
              "pass": true,
              "fail": false,
              "pending": false,
              "context": null,
              "code": "await utilFun.wait(1000)\nawait utilFun.visit(baseUrl + '/claim-request');\nawait utilFun.wait(2000);\nawait medical_claims.MonthlyClaims_ClaimRequest_ShowAttachment();\nawait utilFun.wait(3000);\nawait claims.MyClaims_ShowAttachment_EditAmount_Hover();\nawait utilFun.wait(2000);\nawait claims.MyClaims_ShowAttachment_EditAmount();\nawait utilFun.wait(2000);\nawait claims.MyClaims_ClaimsRequest_EditBtn_RecieptAmount('3500');\nawait claims.MyClaims_ClaimsRequest_EditBtn_Reason('Extra budget');\nawait utilFun.wait(1000);\nawait claims.MyClaims_Deadline_SetBtn();",
              "err": {},
              "uuid": "56521326-dbbe-4609-a6a6-784aac5627df",
              "parentUUID": "0290c06b-5101-4a8e-a2a9-4455631604d1",
              "isHook": false,
              "skipped": false
            },
            {
              "title": "should be able Filter Button, Clear Button, Search By Claim Type and Search by Status",
              "fullTitle": "Monthly Claims -> Child Claims should be able Filter Button, Clear Button, Search By Claim Type and Search by Status",
              "timedOut": false,
              "duration": 37596,
              "state": "passed",
              "speed": "slow",
              "pass": true,
              "fail": false,
              "pending": false,
              "context": null,
              "code": "await utilFun.visit(baseUrl + '/claim-request');\nawait utilFun.wait(4000);\nawait claims.MyClaims_FilterBtn();\nawait utilFun.wait(2000);\n/// Search By Name\nawait claims.MyClaims_Filter_SearchByName('Muhammad Zeeshan Ullah')\nawait utilFun.wait(2000);\n/// Search By Claim Type\nawait claims.HRFilterSearchByClaimType('Personal Development Allowance');\nawait utilFun.wait(1000);\nawait claims.MyClaims_Filter_HR_SearchByClaim_CrossIcon();\nawait claims.HRFilterSearchByClaimType('Fitness/Gym Allowance');\nawait utilFun.wait(2000);\nawait claims.MyClaims_Filter_HR_SearchByClaim_CrossIcon();\nawait claims.HRFilterSearchByClaimType('Child Education Support');\nawait utilFun.wait(4000);\n/// Start and End Date Filter\nawait claims.MyClaims_Filter_StartDate('2023-11-14');\nawait utilFun.wait(2000);\nawait claims.MyClaims_Filter_EndDate('2023-12-15')\nawait utilFun.wait(4000);\n/// Verify Results\nawait claims.Row_Assertion()\nawait claims.MyClaims_Filter_ClearBtn();",
              "err": {},
              "uuid": "bb4e4adf-ba98-4030-b6fc-2e447c2a3512",
              "parentUUID": "0290c06b-5101-4a8e-a2a9-4455631604d1",
              "isHook": false,
              "skipped": false
            },
            {
              "title": "should be HR Role Review Flow",
              "fullTitle": "Monthly Claims -> Child Claims should be HR Role Review Flow",
              "timedOut": false,
              "duration": 15878,
              "state": "passed",
              "speed": "slow",
              "pass": true,
              "fail": false,
              "pending": false,
              "context": null,
              "code": "await utilFun.visit(baseUrl + '/claim-request');\nawait medical_claims.MonthlyClaims_ClaimRequest_ShowAttachment();\nawait medical_claims.MonthlyClaims_ClaimRequest_ShowAttachment_ReviewBtn(0);\nawait claims.MyClaims_ClaimsRequest_TextArea('Add Reviews for Test Automation');\nawait claims.MyClaims_ClaimsRequest_TextArea_AddBtn();\nconst flashMessages = await claims.checkAlert();\nutilFun.assertEql(flashMessages, 'Claim status updated successfully!');\nawait utilFun.wait(5000)\nawait claims.MyClaims_AddClaim_PersonalDevelopment_CloseBtn();\n/// Verify Data in Review Tab\nawait claims.MyClaims_ClaimsRequest_ReviewTab();\nawait claims.Row_Assertion()\nlet query =\n    ['DELETE FROM employee_claims_history WHERE \"actionBy\" = 9429;',\n        'DELETE FROM employee_claims WHERE \"employeeId\" = 9429;'\n    ];\nawait utilFun.udpateDatabase(query)",
              "err": {},
              "uuid": "1a43db35-b854-40a2-a8d4-f0bd4cc7d105",
              "parentUUID": "0290c06b-5101-4a8e-a2a9-4455631604d1",
              "isHook": false,
              "skipped": false
            },
            {
              "title": "should be able to Submit One Child Claim for Approve Flow",
              "fullTitle": "Monthly Claims -> Child Claims should be able to Submit One Child Claim for Approve Flow",
              "timedOut": false,
              "duration": 21562,
              "state": "passed",
              "speed": "slow",
              "pass": true,
              "fail": false,
              "pending": false,
              "context": null,
              "code": "const query = [\n    `UPDATE employees SET \"designation\" = 'SQA Automation' WHERE id = 9429;`,\n    `UPDATE employees SET \"workAs\" = 'sqa' WHERE id = 9429;`,\n    `UPDATE employees SET \"departmentId\" = 9 WHERE id = 9429;`,\n    `UPDATE employees SET \"designationId\" = NULL WHERE id = 9429;`,\n    `UPDATE employees SET \"subDepartmentId\" = 52 WHERE id = 9429;`,\n    `UPDATE employees SET \"designationLevelId\" = NULL WHERE id = 9429;`,\n]\nawait utilFun.udpateDatabase(query)\nawait utilFun.visit(baseUrl + '/claim');\nawait utilFun.wait(3000);\nawait claims.MyClaims_AddClaim_Btn();\nawait gym_claims.ClaimSelect('Child Education Support');\nawait child_claims.MyClaims_AddClaim_Child_Name('Ahmed', 0);\nawait child_claims.MyClaims_AddClaim_Child_DateofBirth('03-01-2020', 0);\nawait child_claims.MyClaims_AddClaim_Child_ClaimableAmount('4000', 0);\nconst validationMessage = await child_claims.checkAlertValidation();\nutilFun.assertEql(validationMessage, 'Max amount limit is 3000');\nawait child_claims.MyClaims_AddClaim_Child_ClaimableAmount('3000', 0);\nawait child_claims.MyClaims_AddClaim_ChildRowOne_UploadBtn(0);\nawait utilFun.wait(1000);\nawait child_claims.MyClaims_AddClaim_ChildRowOne_UploadBtn(1);\nawait child_claims.MyClaims_AddClaim_ChildRowOne_UploadBtn(2);\nawait utilFun.wait(2000);\nawait claims.MyClaims_AddClaim_PersonalDevelopment_Submit()\nawait utilFun.wait(1000);\nconst flashMessage = await claims.checkAlert();\nutilFun.assertEql(flashMessage, 'Claim submitted successfully');",
              "err": {},
              "uuid": "8b6317a8-2e94-47b6-8f8e-d87ebee7141b",
              "parentUUID": "0290c06b-5101-4a8e-a2a9-4455631604d1",
              "isHook": false,
              "skipped": false
            },
            {
              "title": "should be Approve One Child Claim by HR",
              "fullTitle": "Monthly Claims -> Child Claims should be Approve One Child Claim by HR",
              "timedOut": false,
              "duration": 24098,
              "state": "passed",
              "speed": "slow",
              "pass": true,
              "fail": false,
              "pending": false,
              "context": null,
              "code": "const query = [\n    `UPDATE employees SET \"designation\" = 'HR' WHERE id = 9429;`,\n    `UPDATE employees SET \"workAs\" = 'hr' WHERE id = 9429;`,\n    `UPDATE employees SET \"departmentId\" = 7 WHERE id = 9429;`,\n    `UPDATE employees SET \"subDepartmentId\" = NULL WHERE id = 9429;`,\n    `UPDATE employees SET \"designationId\" =NULL WHERE id = 9429;`,\n    `UPDATE employees SET \"designationLevelId\" = NULL WHERE id = 9429;`,\n];\nawait utilFun.udpateDatabase(query)\nawait utilFun.wait(1000)\nawait utilFun.visit(baseUrl + '/claim-request');\nawait utilFun.wait(5000)\nawait medical_claims.MonthlyClaims_ClaimRequest_ShowAttachment();\nawait medical_claims.MonthlyClaims_ClaimRequest_ShowAttachment_ApproveBtn(0);\nawait claims.MyClaims_ClaimsRequest_TextArea('Approve for Test Automation');\nawait claims.MyClaims_ClaimsRequest_TextArea_AddBtn();\nconst flashMessage = await claims.checkAlert();\nutilFun.assertEql(flashMessage, 'Receipt status updated successfully!');\nawait medical_claims.MonthlyClaims_ClaimRequest_ShowAttachment_ApproveBox();\nawait claims.MyClaims_ClaimsRequest_TextArea('Approve Main Box');\nawait medical_claims.MonthlyClaims_ClaimRequest_ShowAttachment_ApproveBox_ApproveBtn();\nconst flashMessages = await claims.checkAlert();\nutilFun.assertEql(flashMessages, 'Claim status updated successfully!');\nawait utilFun.wait(5000)\n// ///// Verify Data in Aprrove Tab\nawait claims.MyClaims_ClaimsRequest_ApproveTab()\nawait claims.Row_Assertion()\nlet querys =\n    ['DELETE FROM employee_claims_history WHERE \"actionBy\" = 9429;',\n        'DELETE FROM employee_claims WHERE \"employeeId\" = 9429;'\n    ];\nawait utilFun.udpateDatabase(querys)",
              "err": {},
              "uuid": "aa78a85f-52fd-4cab-a1a6-6495516fa9ab",
              "parentUUID": "0290c06b-5101-4a8e-a2a9-4455631604d1",
              "isHook": false,
              "skipped": false
            },
            {
              "title": "should be able to Submit One Child Claim for Reject Flow",
              "fullTitle": "Monthly Claims -> Child Claims should be able to Submit One Child Claim for Reject Flow",
              "timedOut": false,
              "duration": 21786,
              "state": "passed",
              "speed": "slow",
              "pass": true,
              "fail": false,
              "pending": false,
              "context": null,
              "code": "const query = [\n    `UPDATE employees SET \"designation\" = 'SQA Automation' WHERE id = 9429;`,\n    `UPDATE employees SET \"workAs\" = 'sqa' WHERE id = 9429;`,\n    `UPDATE employees SET \"departmentId\" = 9 WHERE id = 9429;`,\n    `UPDATE employees SET \"designationId\" = NULL WHERE id = 9429;`,\n    `UPDATE employees SET \"subDepartmentId\" = 52 WHERE id = 9429;`,\n    `UPDATE employees SET \"designationLevelId\" = NULL WHERE id = 9429;`,\n]\nawait utilFun.udpateDatabase(query)\nawait utilFun.visit(baseUrl + '/claim');\nawait utilFun.wait(3000);\nawait claims.MyClaims_AddClaim_Btn();\nawait gym_claims.ClaimSelect('Child Education Support');\nawait child_claims.MyClaims_AddClaim_Child_Name('Ahmed', 0);\nawait child_claims.MyClaims_AddClaim_Child_DateofBirth('03-01-2020', 0);\nawait child_claims.MyClaims_AddClaim_Child_ClaimableAmount('4000', 0);\nconst validationMessage = await child_claims.checkAlertValidation();\nutilFun.assertEql(validationMessage, 'Max amount limit is 3000');\nawait child_claims.MyClaims_AddClaim_Child_ClaimableAmount('3000', 0);\nawait child_claims.MyClaims_AddClaim_ChildRowOne_UploadBtn(0);\nawait utilFun.wait(1000);\nawait child_claims.MyClaims_AddClaim_ChildRowOne_UploadBtn(1);\nawait child_claims.MyClaims_AddClaim_ChildRowOne_UploadBtn(2);\nawait utilFun.wait(2000);\nawait claims.MyClaims_AddClaim_PersonalDevelopment_Submit()\nawait utilFun.wait(1000);\nconst flashMessage = await claims.checkAlert();\nutilFun.assertEql(flashMessage, 'Claim submitted successfully');",
              "err": {},
              "uuid": "813e3820-bd87-48dd-8268-88f5c432c1b5",
              "parentUUID": "0290c06b-5101-4a8e-a2a9-4455631604d1",
              "isHook": false,
              "skipped": false
            },
            {
              "title": "should be Reject Child Claim by HR",
              "fullTitle": "Monthly Claims -> Child Claims should be Reject Child Claim by HR",
              "timedOut": false,
              "duration": 25003,
              "state": "passed",
              "speed": "slow",
              "pass": true,
              "fail": false,
              "pending": false,
              "context": null,
              "code": "const query = [\n    `UPDATE employees SET \"designation\" = 'HR' WHERE id = 9429;`,\n    `UPDATE employees SET \"workAs\" = 'hr' WHERE id = 9429;`,\n    `UPDATE employees SET \"departmentId\" = 7 WHERE id = 9429;`,\n    `UPDATE employees SET \"subDepartmentId\" = NULL WHERE id = 9429;`,\n    `UPDATE employees SET \"designationId\" =NULL WHERE id = 9429;`,\n    `UPDATE employees SET \"designationLevelId\" = NULL WHERE id = 9429;`\n];\nawait utilFun.udpateDatabase(query)\nawait utilFun.wait(1000)\nawait utilFun.visit(baseUrl + '/claim-request');\nawait medical_claims.MonthlyClaims_ClaimRequest_ShowAttachment();\nawait medical_claims.MonthlyClaims_ClaimRequest_ShowAttachment_RejectBtn(0);\nawait claims.MyClaims_ClaimsRequest_TextArea('Reject for Test Automation');\nawait utilFun.wait(3000)\nawait claims.MyClaims_ClaimsRequest_TextArea_AddBtn();\nconst flashMessage = await claims.checkAlert();\nutilFun.assertEql(flashMessage, 'Receipt status updated successfully!');\nawait utilFun.wait(3000)\nawait medical_claims.MonthlyClaims_ClaimRequest_ShowAttachment_RejectBox()\nawait claims.MyClaims_ClaimsRequest_TextArea('Reject Main Box');\nawait medical_claims.MonthlyClaims_ClaimRequest_ShowAttachment_ApproveBox_ApproveBtn();\nconst flashMessages = await claims.checkAlert();\nutilFun.assertEql(flashMessages, 'Claim status updated successfully!');\nawait utilFun.wait(3000)\n/// Verify Reject Tab\nawait claims.MyClaims_ClaimsRequest_RejectTab();\nawait claims.Row_Assertion()",
              "err": {},
              "uuid": "2713db0e-82e6-4e49-8746-fc52f763bf5d",
              "parentUUID": "0290c06b-5101-4a8e-a2a9-4455631604d1",
              "isHook": false,
              "skipped": false
            },
            {
              "title": "should be  Verify Reject Tab and check Show Attachment ",
              "fullTitle": "Monthly Claims -> Child Claims should be  Verify Reject Tab and check Show Attachment ",
              "timedOut": false,
              "duration": 8981,
              "state": "passed",
              "speed": "slow",
              "pass": true,
              "fail": false,
              "pending": false,
              "context": null,
              "code": "await utilFun.visit(baseUrl + '/claim-request');\nawait utilFun.wait(5000)\nawait claims.MyClaims_ClaimsRequest_RejectTab();\nawait claims.Row_Assertion()\nawait medical_claims.MonthlyClaims_ClaimRequest_ShowAttachment();\nawait claims.MyClaims_AddClaim_PersonalDevelopment_CloseBtn();",
              "err": {},
              "uuid": "c5bd093c-f1d0-4370-87c7-20869e438a15",
              "parentUUID": "0290c06b-5101-4a8e-a2a9-4455631604d1",
              "isHook": false,
              "skipped": false
            },
            {
              "title": "should be  Verify Reject Tab and Check Review Icon  ",
              "fullTitle": "Monthly Claims -> Child Claims should be  Verify Reject Tab and Check Review Icon  ",
              "timedOut": false,
              "duration": 9250,
              "state": "passed",
              "speed": "slow",
              "pass": true,
              "fail": false,
              "pending": false,
              "context": null,
              "code": "await utilFun.visit(baseUrl + '/claim-request');\nawait utilFun.wait(5000);\nawait claims.MyClaims_ClaimsRequest_RejectTab();\nawait claims.Row_Assertion();\nawait medical_claims.MonthlyClaims_ClaimRequest_RejectTab_ReviewIcon();\nawait claims.MyClaims_AddClaim_PersonalDevelopment_CloseBtn();",
              "err": {},
              "uuid": "f17a2102-29ac-4f5e-b4d9-6f02365a0931",
              "parentUUID": "0290c06b-5101-4a8e-a2a9-4455631604d1",
              "isHook": false,
              "skipped": false
            },
            {
              "title": "should be Verify Rejection Claim in applicant side",
              "fullTitle": "Monthly Claims -> Child Claims should be Verify Rejection Claim in applicant side",
              "timedOut": false,
              "duration": 7825,
              "state": "passed",
              "speed": "slow",
              "pass": true,
              "fail": false,
              "pending": false,
              "context": null,
              "code": "const query = [\n    `UPDATE employees SET \"designation\" = 'SQA Automation' WHERE id = 9429;`,\n    `UPDATE employees SET \"workAs\" = 'sqa' WHERE id = 9429;`,\n    `UPDATE employees SET \"departmentId\" = 9 WHERE id = 9429;`,\n    `UPDATE employees SET \"designationId\" = NULL WHERE id = 9429;`,\n    `UPDATE employees SET \"subDepartmentId\" = 52 WHERE id = 9429;`,\n    `UPDATE employees SET \"designationLevelId\" = NULL WHERE id = 9429;`,\n]\nawait utilFun.udpateDatabase(query)\nawait utilFun.visit(baseUrl + '/claim');\nawait utilFun.wait(4000);\nawait claims.MyClaims_CheckHRStatus_Scroll()\nawait claims.MyClaims_CheckHRStatus()\nawait utilFun.wait(3000);\nawait claims.MyClaims_AddClaim_PersonalDevelopment_CloseBtn()\nlet querys =\n    ['DELETE FROM employee_claims_history WHERE \"actionBy\" = 9429;',\n        'DELETE FROM employee_claims WHERE \"employeeId\" = 9429;'\n    ];\nawait utilFun.udpateDatabase(querys);",
              "err": {},
              "uuid": "04316da7-8839-48f3-b871-7978526b9513",
              "parentUUID": "0290c06b-5101-4a8e-a2a9-4455631604d1",
              "isHook": false,
              "skipped": false
            },
            {
              "title": "should be able to Submit Two Child Claim for Review Flow",
              "fullTitle": "Monthly Claims -> Child Claims should be able to Submit Two Child Claim for Review Flow",
              "timedOut": false,
              "duration": 31299,
              "state": "passed",
              "speed": "slow",
              "pass": true,
              "fail": false,
              "pending": false,
              "context": null,
              "code": "await utilFun.visit(baseUrl + '/claim');\nawait utilFun.wait(3000);\nawait claims.MyClaims_AddClaim_Btn();\nawait gym_claims.ClaimSelect('Child Education Support');\nawait child_claims.MyClaims_AddClaim_Child_Name('Ahmed', 0);\nawait child_claims.MyClaims_AddClaim_Child_DateofBirth('03-01-2020', 0);\nawait child_claims.MyClaims_AddClaim_Child_ClaimableAmount('4000', 0);\nconst validationMessage = await child_claims.checkAlertValidation();\nutilFun.assertEql(validationMessage, 'Max amount limit is 3000');\nawait child_claims.MyClaims_AddClaim_Child_ClaimableAmount('3000', 0);\nawait child_claims.MyClaims_AddClaim_ChildRowOne_UploadBtn(0);\nawait utilFun.wait(1000);\nawait child_claims.MyClaims_AddClaim_ChildRowOne_UploadBtn(1);\nawait child_claims.MyClaims_AddClaim_ChildRowOne_UploadBtn(2);\nawait utilFun.wait(2000);\nawait child_claims.MyClaims_AddClaim_AddRowBtn(0);\nawait child_claims.MyClaims_NewRowAssertion();\nawait child_claims.MyClaims_AddClaim_Child_Name('Hamza', 1);\nawait child_claims.MyClaims_AddClaim_Child_DateofBirth('03-01-2020', 1);\nawait child_claims.MyClaims_AddClaim_Child_ClaimableAmount('5000', 1);\nconst validationMessage2 = await child_claims.checkAlertValidation();\nutilFun.assertEql(validationMessage2, 'Max amount limit is 4000');\nawait child_claims.MyClaims_AddClaim_Child_ClaimableAmount('4000', 1);\nawait child_claims.MyClaims_AddClaim_ChildRowTwo_UploadBtn(0);\nawait child_claims.MyClaims_AddClaim_ChildRowTwo_UploadBtn(1);\nawait child_claims.MyClaims_AddClaim_ChildRowTwo_UploadBtn(2);\nawait claims.MyClaims_AddClaim_PersonalDevelopment_Submit()\nawait utilFun.wait(1000);\nconst flashMessage = await claims.checkAlert();\nutilFun.assertEql(flashMessage, 'Claim submitted successfully');",
              "err": {},
              "uuid": "368a833f-1a1e-44ea-837a-4ec66c6e2773",
              "parentUUID": "0290c06b-5101-4a8e-a2a9-4455631604d1",
              "isHook": false,
              "skipped": false
            },
            {
              "title": "should be HR Role Show Attachment & Close Button",
              "fullTitle": "Monthly Claims -> Child Claims should be HR Role Show Attachment & Close Button",
              "timedOut": false,
              "duration": 17040,
              "state": "passed",
              "speed": "slow",
              "pass": true,
              "fail": false,
              "pending": false,
              "context": null,
              "code": "const query = [\n    `UPDATE employees SET \"designation\" = 'HR' WHERE id = 9429;`,\n    `UPDATE employees SET \"workAs\" = 'hr' WHERE id = 9429;`,\n    `UPDATE employees SET \"departmentId\" = 7 WHERE id = 9429;`,\n    `UPDATE employees SET \"subDepartmentId\" = NULL WHERE id = 9429;`,\n    `UPDATE employees SET \"designationId\" =NULL WHERE id = 9429;`,\n    `UPDATE employees SET \"designationLevelId\" = NULL WHERE id = 9429;`\n];\nawait utilFun.udpateDatabase(query)\nawait utilFun.wait(1000)\nawait utilFun.wait(10000)\nawait utilFun.visit(baseUrl + '/claim-request');\nawait utilFun.wait(2000)\nawait medical_claims.MonthlyClaims_ClaimRequest_ShowAttachment();\nawait utilFun.wait(3000);\nawait claims.MyClaims_AddClaim_PersonalDevelopment_CloseBtn();",
              "err": {},
              "uuid": "ed06d552-db84-4151-bf01-becf9373745d",
              "parentUUID": "0290c06b-5101-4a8e-a2a9-4455631604d1",
              "isHook": false,
              "skipped": false
            },
            {
              "title": "should be Edit Amount in Show Attachment",
              "fullTitle": "Monthly Claims -> Child Claims should be Edit Amount in Show Attachment",
              "timedOut": false,
              "duration": 14691,
              "state": "passed",
              "speed": "slow",
              "pass": true,
              "fail": false,
              "pending": false,
              "context": null,
              "code": "await utilFun.wait(1000)\nawait utilFun.visit(baseUrl + '/claim-request');\nawait utilFun.wait(2000);\nawait medical_claims.MonthlyClaims_ClaimRequest_ShowAttachment();\nawait utilFun.wait(3000);\nawait claims.MyClaims_ShowAttachment_EditAmount_Hover();\nawait utilFun.wait(2000);\nawait claims.MyClaims_ShowAttachment_EditAmount();\nawait utilFun.wait(2000);\nawait claims.MyClaims_ClaimsRequest_EditBtn_RecieptAmount('3500');\nawait claims.MyClaims_ClaimsRequest_EditBtn_Reason('Extra budget');\nawait utilFun.wait(1000);\nawait claims.MyClaims_Deadline_SetBtn();",
              "err": {},
              "uuid": "3701c058-c1db-4020-aa74-3b86efc2a262",
              "parentUUID": "0290c06b-5101-4a8e-a2a9-4455631604d1",
              "isHook": false,
              "skipped": false
            },
            {
              "title": "should be Review Flow for Two Child Claim by HR",
              "fullTitle": "Monthly Claims -> Child Claims should be Review Flow for Two Child Claim by HR",
              "timedOut": false,
              "duration": 23215,
              "state": "passed",
              "speed": "slow",
              "pass": true,
              "fail": false,
              "pending": false,
              "context": null,
              "code": "// const query = [\n//     `UPDATE employees SET \"designation\" = 'HR' WHERE id = 9429;`,\n//     `UPDATE employees SET \"workAs\" = 'hr' WHERE id = 9429;`,\n//     `UPDATE employees SET \"departmentId\" = 7 WHERE id = 9429;`,\n//     `UPDATE employees SET \"subDepartmentId\" = NULL WHERE id = 9429;`,\n// ];\n// await utilFun.udpateDatabase(query)\nawait utilFun.wait(1000)\nawait utilFun.visit(baseUrl + '/claim-request');\nawait medical_claims.MonthlyClaims_ClaimRequest_ShowAttachment();\nawait medical_claims.MonthlyClaims_ClaimRequest_ShowAttachment_ReviewBtn(0);\nawait claims.MyClaims_ClaimsRequest_TextArea('Add Reviews for Test Automation');\nawait claims.MyClaims_ClaimsRequest_TextArea_AddBtn();\nconst flashMessages1 = await claims.checkAlert();\nutilFun.assertEql(flashMessages1, 'Claim status updated successfully!');\nawait utilFun.wait(2000)\nawait medical_claims.MonthlyClaims_ClaimRequest_ShowAttachment_ReviewBtn(1);\nawait claims.MyClaims_ClaimsRequest_TextArea('Add Reviews for Test Automation');\nawait claims.MyClaims_ClaimsRequest_TextArea_AddBtn();\nconst flashMessages2 = await claims.checkAlert();\nutilFun.assertEql(flashMessages2, 'Claim status updated successfully!');\nawait utilFun.wait(5000)\nawait claims.MyClaims_AddClaim_PersonalDevelopment_CloseBtn();\n/// Verify Data in Review Tab\nawait claims.MyClaims_ClaimsRequest_ReviewTab();\nawait claims.Row_Assertion()\nlet querys =\n    ['DELETE FROM employee_claims_history WHERE \"actionBy\" = 9429;',\n        'DELETE FROM employee_claims WHERE \"employeeId\" = 9429;'\n    ];\nawait utilFun.udpateDatabase(querys)",
              "err": {},
              "uuid": "d9ec766c-d4ce-4bf9-b31b-adf0720d4d2a",
              "parentUUID": "0290c06b-5101-4a8e-a2a9-4455631604d1",
              "isHook": false,
              "skipped": false
            },
            {
              "title": "should be able to Submit Two Child Claim for Approve Flow",
              "fullTitle": "Monthly Claims -> Child Claims should be able to Submit Two Child Claim for Approve Flow",
              "timedOut": false,
              "duration": 31255,
              "state": "passed",
              "speed": "slow",
              "pass": true,
              "fail": false,
              "pending": false,
              "context": null,
              "code": "const query = [\n    `UPDATE employees SET \"designation\" = 'SQA Automation' WHERE id = 9429;`,\n    `UPDATE employees SET \"workAs\" = 'sqa' WHERE id = 9429;`,\n    `UPDATE employees SET \"departmentId\" = 9 WHERE id = 9429;`,\n    `UPDATE employees SET \"designationId\" = NULL WHERE id = 9429;`,\n    `UPDATE employees SET \"subDepartmentId\" = 52 WHERE id = 9429;`,\n    `UPDATE employees SET \"designationLevelId\" = NULL WHERE id = 9429;`,\n    'DELETE FROM employee_claims_history WHERE \"actionBy\" = 9429;',\n    'DELETE FROM employee_claims WHERE \"employeeId\" = 9429;'\n]\nawait utilFun.udpateDatabase(query)\nawait utilFun.visit(baseUrl + '/claim');\nawait utilFun.wait(3000);\nawait claims.MyClaims_AddClaim_Btn();\nawait gym_claims.ClaimSelect('Child Education Support');\nawait child_claims.MyClaims_AddClaim_Child_Name('Ahmed', 0);\nawait child_claims.MyClaims_AddClaim_Child_DateofBirth('03-01-2020', 0);\nawait child_claims.MyClaims_AddClaim_Child_ClaimableAmount('4000', 0);\nconst validationMessage = await child_claims.checkAlertValidation();\nutilFun.assertEql(validationMessage, 'Max amount limit is 3000');\nawait child_claims.MyClaims_AddClaim_Child_ClaimableAmount('3000', 0);\nawait child_claims.MyClaims_AddClaim_ChildRowOne_UploadBtn(0);\nawait utilFun.wait(1000);\nawait child_claims.MyClaims_AddClaim_ChildRowOne_UploadBtn(1);\nawait child_claims.MyClaims_AddClaim_ChildRowOne_UploadBtn(2);\nawait utilFun.wait(2000);\nawait child_claims.MyClaims_AddClaim_AddRowBtn(0);\nawait child_claims.MyClaims_NewRowAssertion();\nawait child_claims.MyClaims_AddClaim_Child_Name('Hamza', 1);\nawait child_claims.MyClaims_AddClaim_Child_DateofBirth('03-01-2020', 1);\nawait child_claims.MyClaims_AddClaim_Child_ClaimableAmount('5000', 1);\nconst validationMessage2 = await child_claims.checkAlertValidation();\nutilFun.assertEql(validationMessage2, 'Max amount limit is 4000');\nawait child_claims.MyClaims_AddClaim_Child_ClaimableAmount('4000', 1);\nawait child_claims.MyClaims_AddClaim_ChildRowTwo_UploadBtn(0);\nawait child_claims.MyClaims_AddClaim_ChildRowTwo_UploadBtn(1);\nawait child_claims.MyClaims_AddClaim_ChildRowTwo_UploadBtn(2);\nawait claims.MyClaims_AddClaim_PersonalDevelopment_Submit()\nawait utilFun.wait(1000);\nconst flashMessage = await claims.checkAlert();\nutilFun.assertEql(flashMessage, 'Claim submitted successfully');",
              "err": {},
              "uuid": "d3678f9e-8c39-4b39-bafe-49e66b8f8ba3",
              "parentUUID": "0290c06b-5101-4a8e-a2a9-4455631604d1",
              "isHook": false,
              "skipped": false
            },
            {
              "title": "should be Approve Two Child Claim by HR",
              "fullTitle": "Monthly Claims -> Child Claims should be Approve Two Child Claim by HR",
              "timedOut": false,
              "duration": 30875,
              "state": "passed",
              "speed": "slow",
              "pass": true,
              "fail": false,
              "pending": false,
              "context": null,
              "code": "const query = [\n    `UPDATE employees SET \"designation\" = 'HR' WHERE id = 9429;`,\n    `UPDATE employees SET \"workAs\" = 'hr' WHERE id = 9429;`,\n    `UPDATE employees SET \"departmentId\" = 7 WHERE id = 9429;`,\n    `UPDATE employees SET \"subDepartmentId\" = NULL WHERE id = 9429;`,\n    `UPDATE employees SET \"designationId\" =NULL WHERE id = 9429;`,\n    `UPDATE employees SET \"designationLevelId\" = NULL WHERE id = 9429;`\n];\nawait utilFun.udpateDatabase(query)\nawait utilFun.wait(1000)\nawait utilFun.visit(baseUrl + '/claim-request');\nawait utilFun.wait(5000)\nawait medical_claims.MonthlyClaims_ClaimRequest_ShowAttachment();\nawait medical_claims.MonthlyClaims_ClaimRequest_ShowAttachment_ApproveBtn(0);\nawait claims.MyClaims_ClaimsRequest_TextArea('Approve for Test Automation');\nawait claims.MyClaims_ClaimsRequest_TextArea_AddBtn();\nconst flashMessage1 = await claims.checkAlert();\nutilFun.assertEql(flashMessage1, 'Receipt status updated successfully!');\nawait utilFun.wait(2000);\nawait medical_claims.MonthlyClaims_ClaimRequest_ShowAttachment_ApproveBtn(0);\nawait claims.MyClaims_ClaimsRequest_TextArea('Approve for Test Automation');\nawait claims.MyClaims_ClaimsRequest_TextArea_AddBtn();\nconst flashMessage2 = await claims.checkAlert();\nutilFun.assertEql(flashMessage2, 'Receipt status updated successfully!');\nawait medical_claims.MonthlyClaims_ClaimRequest_ShowAttachment_ApproveBox();\nawait claims.MyClaims_ClaimsRequest_TextArea('Approve Main Box');\nawait medical_claims.MonthlyClaims_ClaimRequest_ShowAttachment_ApproveBox_ApproveBtn();\nconst flashMessages = await claims.checkAlert();\nutilFun.assertEql(flashMessages, 'Claim status updated successfully!');\nawait utilFun.wait(5000)\n// ///// Verify Data in Aprrove Tab\nawait claims.MyClaims_ClaimsRequest_ApproveTab()\nawait claims.Row_Assertion()\nlet querys =\n    ['DELETE FROM employee_claims_history WHERE \"actionBy\" = 9429;',\n        'DELETE FROM employee_claims WHERE \"employeeId\" = 9429;'\n    ];\nawait utilFun.udpateDatabase(querys)",
              "err": {},
              "uuid": "eb4d10e9-d906-4b17-b286-fe3a2e64e40d",
              "parentUUID": "0290c06b-5101-4a8e-a2a9-4455631604d1",
              "isHook": false,
              "skipped": false
            },
            {
              "title": "should be able to Submit Two Child Claim for Reject Flow",
              "fullTitle": "Monthly Claims -> Child Claims should be able to Submit Two Child Claim for Reject Flow",
              "timedOut": false,
              "duration": 31164,
              "state": "passed",
              "speed": "slow",
              "pass": true,
              "fail": false,
              "pending": false,
              "context": null,
              "code": "const query = [\n    `UPDATE employees SET \"designation\" = 'SQA Automation' WHERE id = 9429;`,\n    `UPDATE employees SET \"workAs\" = 'sqa' WHERE id = 9429;`,\n    `UPDATE employees SET \"departmentId\" = 9 WHERE id = 9429;`,\n    `UPDATE employees SET \"designationId\" = NULL WHERE id = 9429;`,\n    `UPDATE employees SET \"subDepartmentId\" = 52 WHERE id = 9429;`,\n    `UPDATE employees SET \"designationLevelId\" = NULL WHERE id = 9429;`,\n    'DELETE FROM employee_claims_history WHERE \"actionBy\" = 9429;',\n    'DELETE FROM employee_claims WHERE \"employeeId\" = 9429;'\n]\nawait utilFun.udpateDatabase(query)\nawait utilFun.visit(baseUrl + '/claim');\nawait utilFun.wait(3000);\nawait claims.MyClaims_AddClaim_Btn();\nawait gym_claims.ClaimSelect('Child Education Support');\nawait child_claims.MyClaims_AddClaim_Child_Name('Ahmed', 0);\nawait child_claims.MyClaims_AddClaim_Child_DateofBirth('03-01-2020', 0);\nawait child_claims.MyClaims_AddClaim_Child_ClaimableAmount('4000', 0);\nconst validationMessage = await child_claims.checkAlertValidation();\nutilFun.assertEql(validationMessage, 'Max amount limit is 3000');\nawait child_claims.MyClaims_AddClaim_Child_ClaimableAmount('3000', 0);\nawait child_claims.MyClaims_AddClaim_ChildRowOne_UploadBtn(0);\nawait utilFun.wait(1000);\nawait child_claims.MyClaims_AddClaim_ChildRowOne_UploadBtn(1);\nawait child_claims.MyClaims_AddClaim_ChildRowOne_UploadBtn(2);\nawait utilFun.wait(2000);\nawait child_claims.MyClaims_AddClaim_AddRowBtn(0);\nawait child_claims.MyClaims_NewRowAssertion();\nawait child_claims.MyClaims_AddClaim_Child_Name('Hamza', 1);\nawait child_claims.MyClaims_AddClaim_Child_DateofBirth('03-01-2020', 1);\nawait child_claims.MyClaims_AddClaim_Child_ClaimableAmount('5000', 1);\nconst validationMessage2 = await child_claims.checkAlertValidation();\nutilFun.assertEql(validationMessage2, 'Max amount limit is 4000');\nawait child_claims.MyClaims_AddClaim_Child_ClaimableAmount('4000', 1);\nawait child_claims.MyClaims_AddClaim_ChildRowTwo_UploadBtn(0);\nawait child_claims.MyClaims_AddClaim_ChildRowTwo_UploadBtn(1);\nawait child_claims.MyClaims_AddClaim_ChildRowTwo_UploadBtn(2);\nawait claims.MyClaims_AddClaim_PersonalDevelopment_Submit()\nawait utilFun.wait(1000);\nconst flashMessage = await claims.checkAlert();\nutilFun.assertEql(flashMessage, 'Claim submitted successfully');",
              "err": {},
              "uuid": "5bbbb0d7-e603-4a2b-8f20-2a5e2bc2f73e",
              "parentUUID": "0290c06b-5101-4a8e-a2a9-4455631604d1",
              "isHook": false,
              "skipped": false
            },
            {
              "title": "should be Reject Two Child Claim by HR",
              "fullTitle": "Monthly Claims -> Child Claims should be Reject Two Child Claim by HR",
              "timedOut": false,
              "duration": 28690,
              "state": "passed",
              "speed": "slow",
              "pass": true,
              "fail": false,
              "pending": false,
              "context": null,
              "code": "const query = [\n    `UPDATE employees SET \"designation\" = 'HR' WHERE id = 9429;`,\n    `UPDATE employees SET \"workAs\" = 'hr' WHERE id = 9429;`,\n    `UPDATE employees SET \"departmentId\" = 7 WHERE id = 9429;`,\n    `UPDATE employees SET \"subDepartmentId\" = NULL WHERE id = 9429;`,\n    `UPDATE employees SET \"designationId\" =NULL WHERE id = 9429;`,\n    `UPDATE employees SET \"designationLevelId\" = NULL WHERE id = 9429;`\n];\nawait utilFun.udpateDatabase(query)\nawait utilFun.wait(1000)\nawait utilFun.visit(baseUrl + '/claim-request');\nawait medical_claims.MonthlyClaims_ClaimRequest_ShowAttachment();\nawait medical_claims.MonthlyClaims_ClaimRequest_ShowAttachment_RejectBtn(0);\nawait claims.MyClaims_ClaimsRequest_TextArea('Reject for Test Automation');\nawait claims.MyClaims_ClaimsRequest_TextArea_AddBtn();\nconst flashMessage1 = await claims.checkAlert();\nutilFun.assertEql(flashMessage1, 'Receipt status updated successfully!');\nawait utilFun.wait(3000)\nawait medical_claims.MonthlyClaims_ClaimRequest_ShowAttachment_RejectBtn(0);\nawait claims.MyClaims_ClaimsRequest_TextArea('Reject for Test Automation');\nawait claims.MyClaims_ClaimsRequest_TextArea_AddBtn();\nconst flashMessage2 = await claims.checkAlert();\nutilFun.assertEql(flashMessage2, 'Receipt status updated successfully!');\nawait utilFun.wait(2000)\nawait medical_claims.MonthlyClaims_ClaimRequest_ShowAttachment_RejectBox()\nawait claims.MyClaims_ClaimsRequest_TextArea('Reject Main Box');\nawait medical_claims.MonthlyClaims_ClaimRequest_ShowAttachment_ApproveBox_ApproveBtn();\nconst flashMessage = await claims.checkAlert();\nutilFun.assertEql(flashMessage, 'Claim status updated successfully!');\nawait utilFun.wait(3000)\n/// Verify Reject Tab\nawait claims.MyClaims_ClaimsRequest_RejectTab();\nawait claims.Row_Assertion();\nlet querys =\n    ['DELETE FROM employee_claims_history WHERE \"actionBy\" = 9429;',\n        'DELETE FROM employee_claims WHERE \"employeeId\" = 9429;'\n    ];\nawait utilFun.udpateDatabase(querys);",
              "err": {},
              "uuid": "a582c7cf-5b4e-4d62-b39c-f6f313db60bb",
              "parentUUID": "0290c06b-5101-4a8e-a2a9-4455631604d1",
              "isHook": false,
              "skipped": false
            },
            {
              "title": "should be able to Submit Three Child Claim for Review Flow",
              "fullTitle": "Monthly Claims -> Child Claims should be able to Submit Three Child Claim for Review Flow",
              "timedOut": false,
              "duration": 41081,
              "state": "passed",
              "speed": "slow",
              "pass": true,
              "fail": false,
              "pending": false,
              "context": null,
              "code": "const query = [\n    `UPDATE employees SET \"designation\" = 'SQA Automation' WHERE id = 9429;`,\n    `UPDATE employees SET \"workAs\" = 'sqa' WHERE id = 9429;`,\n    `UPDATE employees SET \"departmentId\" = 9 WHERE id = 9429;`,\n    `UPDATE employees SET \"designationId\" = NULL WHERE id = 9429;`,\n    `UPDATE employees SET \"subDepartmentId\" = 52 WHERE id = 9429;`,\n    `UPDATE employees SET \"designationLevelId\" = NULL WHERE id = 9429;`,\n    'DELETE FROM employee_claims_history WHERE \"actionBy\" = 9429;',\n    'DELETE FROM employee_claims WHERE \"employeeId\" = 9429;'\n]\nawait utilFun.udpateDatabase(query)\nawait utilFun.visit(baseUrl + '/claim');\nawait utilFun.wait(3000);\nawait claims.MyClaims_AddClaim_Btn();\nawait gym_claims.ClaimSelect('Child Education Support');\nawait child_claims.MyClaims_AddClaim_Child_Name('Ahmed', 0);\nawait child_claims.MyClaims_AddClaim_Child_DateofBirth('03-01-2020', 0);\nawait child_claims.MyClaims_AddClaim_Child_ClaimableAmount('4000', 0);\nconst validationMessage = await child_claims.checkAlertValidation();\nutilFun.assertEql(validationMessage, 'Max amount limit is 3000');\nawait child_claims.MyClaims_AddClaim_Child_ClaimableAmount('3000', 0);\nawait child_claims.MyClaims_AddClaim_ChildRowOne_UploadBtn(0);\nawait utilFun.wait(1000);\nawait child_claims.MyClaims_AddClaim_ChildRowOne_UploadBtn(1);\nawait child_claims.MyClaims_AddClaim_ChildRowOne_UploadBtn(2);\nawait utilFun.wait(2000);\nawait child_claims.MyClaims_AddClaim_AddRowBtn(0);\nawait child_claims.MyClaims_NewRowAssertion();\nawait child_claims.MyClaims_AddClaim_Child_Name('Hamza', 1);\nawait child_claims.MyClaims_AddClaim_Child_DateofBirth('03-01-2020', 1);\nawait child_claims.MyClaims_AddClaim_Child_ClaimableAmount('5000', 1);\nconst validationMessage2 = await child_claims.checkAlertValidation();\nutilFun.assertEql(validationMessage2, 'Max amount limit is 4000');\nawait child_claims.MyClaims_AddClaim_Child_ClaimableAmount('4000', 1);\nawait child_claims.MyClaims_AddClaim_ChildRowTwo_UploadBtn(0);\nawait child_claims.MyClaims_AddClaim_ChildRowTwo_UploadBtn(1);\nawait child_claims.MyClaims_AddClaim_ChildRowTwo_UploadBtn(2);\nawait child_claims.MyClaims_AddClaim_AddRowBtn(1);\nawait child_claims.MyClaims_NewRowAssertion();\nawait child_claims.MyClaims_AddClaim_Child_Name('Noman', 2);\nawait child_claims.MyClaims_AddClaim_Child_DateofBirth('03-01-2020', 2);\nawait child_claims.MyClaims_AddClaim_Child_ClaimableAmount('6000', 2);\nconst validationMessage3 = await child_claims.checkAlertValidation();\nutilFun.assertEql(validationMessage3, 'Max amount limit is 5000');\nawait child_claims.MyClaims_AddClaim_Child_ClaimableAmount('5000', 2);\nawait child_claims.MyClaims_AddClaim_ChildRowThree_UploadBtn(0);\nawait child_claims.MyClaims_AddClaim_ChildRowThree_UploadBtn(1);\nawait child_claims.MyClaims_AddClaim_ChildRowThree_UploadBtn(2);\nawait claims.MyClaims_AddClaim_PersonalDevelopment_Submit()\nawait utilFun.wait(1000);\nconst flashMessage = await claims.checkAlert();\nutilFun.assertEql(flashMessage, 'Claim submitted successfully');",
              "err": {},
              "uuid": "a6f3a298-103f-4df1-9d81-7670e1f4ac65",
              "parentUUID": "0290c06b-5101-4a8e-a2a9-4455631604d1",
              "isHook": false,
              "skipped": false
            },
            {
              "title": "should be Review Flow for Three Child Claim by HR",
              "fullTitle": "Monthly Claims -> Child Claims should be Review Flow for Three Child Claim by HR",
              "timedOut": false,
              "duration": 30487,
              "state": "passed",
              "speed": "slow",
              "pass": true,
              "fail": false,
              "pending": false,
              "context": null,
              "code": "const query = [\n    `UPDATE employees SET \"designation\" = 'HR' WHERE id = 9429;`,\n    `UPDATE employees SET \"workAs\" = 'hr' WHERE id = 9429;`,\n    `UPDATE employees SET \"departmentId\" = 7 WHERE id = 9429;`,\n    `UPDATE employees SET \"subDepartmentId\" = NULL WHERE id = 9429;`,\n    `UPDATE employees SET \"designationId\" =NULL WHERE id = 9429;`,\n    `UPDATE employees SET \"designationLevelId\" = NULL WHERE id = 9429;`\n];\nawait utilFun.udpateDatabase(query)\nawait utilFun.wait(1000)\nawait utilFun.visit(baseUrl + '/claim-request');\nawait medical_claims.MonthlyClaims_ClaimRequest_ShowAttachment();\nawait medical_claims.MonthlyClaims_ClaimRequest_ShowAttachment_ReviewBtn(0);\nawait claims.MyClaims_ClaimsRequest_TextArea('Add Reviews for Test Automation');\nawait claims.MyClaims_ClaimsRequest_TextArea_AddBtn();\nconst flashMessages1 = await claims.checkAlert();\nutilFun.assertEql(flashMessages1, 'Claim status updated successfully!');\nawait utilFun.wait(2000)\nawait medical_claims.MonthlyClaims_ClaimRequest_ShowAttachment_ReviewBtn(1);\nawait claims.MyClaims_ClaimsRequest_TextArea('Add Reviews for Test Automation');\nawait claims.MyClaims_ClaimsRequest_TextArea_AddBtn();\nconst flashMessages2 = await claims.checkAlert();\nutilFun.assertEql(flashMessages2, 'Claim status updated successfully!');\nawait utilFun.wait(2000)\nawait medical_claims.MonthlyClaims_ClaimRequest_ShowAttachment_ReviewBtn(2);\nawait claims.MyClaims_ClaimsRequest_TextArea('Add Reviews for Test Automation');\nawait claims.MyClaims_ClaimsRequest_TextArea_AddBtn();\nconst flashMessages3 = await claims.checkAlert();\nutilFun.assertEql(flashMessages3, 'Claim status updated successfully!');\nawait utilFun.wait(5000)\nawait claims.MyClaims_AddClaim_PersonalDevelopment_CloseBtn();\n/// Verify Data in Review Tab\nawait claims.MyClaims_ClaimsRequest_ReviewTab();\nawait claims.Row_Assertion()\nlet querys =\n    ['DELETE FROM employee_claims_history WHERE \"actionBy\" = 9429;',\n        'DELETE FROM employee_claims WHERE \"employeeId\" = 9429;'\n    ];\nawait utilFun.udpateDatabase(querys)",
              "err": {},
              "uuid": "f7625fee-96e0-4f26-be0f-865908d4dac6",
              "parentUUID": "0290c06b-5101-4a8e-a2a9-4455631604d1",
              "isHook": false,
              "skipped": false
            },
            {
              "title": "should be able to Submit Three Child Claim for Approve Flow",
              "fullTitle": "Monthly Claims -> Child Claims should be able to Submit Three Child Claim for Approve Flow",
              "timedOut": false,
              "duration": 42413,
              "state": "passed",
              "speed": "slow",
              "pass": true,
              "fail": false,
              "pending": false,
              "context": null,
              "code": "const query = [\n    `UPDATE employees SET \"designation\" = 'SQA Automation' WHERE id = 9429;`,\n    `UPDATE employees SET \"workAs\" = 'sqa' WHERE id = 9429;`,\n    `UPDATE employees SET \"departmentId\" = 9 WHERE id = 9429;`,\n    `UPDATE employees SET \"designationId\" = NULL WHERE id = 9429;`,\n    `UPDATE employees SET \"subDepartmentId\" = 52 WHERE id = 9429;`,\n    `UPDATE employees SET \"designationLevelId\" = NULL WHERE id = 9429;`,\n    'DELETE FROM employee_claims_history WHERE \"actionBy\" = 9429;',\n    'DELETE FROM employee_claims WHERE \"employeeId\" = 9429;'\n]\nawait utilFun.udpateDatabase(query)\nawait utilFun.visit(baseUrl + '/claim');\nawait utilFun.wait(3000);\nawait claims.MyClaims_AddClaim_Btn();\nawait gym_claims.ClaimSelect('Child Education Support');\nawait child_claims.MyClaims_AddClaim_Child_Name('Ahmed', 0);\nawait child_claims.MyClaims_AddClaim_Child_DateofBirth('03-01-2020', 0);\nawait child_claims.MyClaims_AddClaim_Child_ClaimableAmount('4000', 0);\nconst validationMessage = await child_claims.checkAlertValidation();\nutilFun.assertEql(validationMessage, 'Max amount limit is 3000');\nawait child_claims.MyClaims_AddClaim_Child_ClaimableAmount('3000', 0);\nawait child_claims.MyClaims_AddClaim_ChildRowOne_UploadBtn(0);\nawait utilFun.wait(1000);\nawait child_claims.MyClaims_AddClaim_ChildRowOne_UploadBtn(1);\nawait child_claims.MyClaims_AddClaim_ChildRowOne_UploadBtn(2);\nawait utilFun.wait(2000);\nawait child_claims.MyClaims_AddClaim_AddRowBtn(0);\nawait child_claims.MyClaims_NewRowAssertion();\nawait child_claims.MyClaims_AddClaim_Child_Name('Hamza', 1);\nawait child_claims.MyClaims_AddClaim_Child_DateofBirth('03-01-2020', 1);\nawait child_claims.MyClaims_AddClaim_Child_ClaimableAmount('5000', 1);\nconst validationMessage2 = await child_claims.checkAlertValidation();\nutilFun.assertEql(validationMessage2, 'Max amount limit is 4000');\nawait child_claims.MyClaims_AddClaim_Child_ClaimableAmount('4000', 1);\nawait child_claims.MyClaims_AddClaim_ChildRowTwo_UploadBtn(0);\nawait child_claims.MyClaims_AddClaim_ChildRowTwo_UploadBtn(1);\nawait child_claims.MyClaims_AddClaim_ChildRowTwo_UploadBtn(2);\nawait child_claims.MyClaims_AddClaim_AddRowBtn(1);\nawait child_claims.MyClaims_NewRowAssertion();\nawait child_claims.MyClaims_AddClaim_Child_Name('Noman', 2);\nawait child_claims.MyClaims_AddClaim_Child_DateofBirth('03-01-2020', 2);\nawait child_claims.MyClaims_AddClaim_Child_ClaimableAmount('6000', 2);\nconst validationMessage3 = await child_claims.checkAlertValidation();\nutilFun.assertEql(validationMessage3, 'Max amount limit is 5000');\nawait child_claims.MyClaims_AddClaim_Child_ClaimableAmount('5000', 2);\nawait child_claims.MyClaims_AddClaim_ChildRowThree_UploadBtn(0);\nawait child_claims.MyClaims_AddClaim_ChildRowThree_UploadBtn(1);\nawait child_claims.MyClaims_AddClaim_ChildRowThree_UploadBtn(2);\nawait claims.MyClaims_AddClaim_PersonalDevelopment_Submit()\nawait utilFun.wait(1000);\nconst flashMessage = await claims.checkAlert();\nutilFun.assertEql(flashMessage, 'Claim submitted successfully');",
              "err": {},
              "uuid": "f550ae20-fdbe-43eb-bfa1-667c4e83c191",
              "parentUUID": "0290c06b-5101-4a8e-a2a9-4455631604d1",
              "isHook": false,
              "skipped": false
            },
            {
              "title": "should be Approve Three Child Claim by HR",
              "fullTitle": "Monthly Claims -> Child Claims should be Approve Three Child Claim by HR",
              "timedOut": false,
              "duration": 37724,
              "state": "passed",
              "speed": "slow",
              "pass": true,
              "fail": false,
              "pending": false,
              "context": null,
              "code": "const query = [\n    `UPDATE employees SET \"designation\" = 'HR' WHERE id = 9429;`,\n    `UPDATE employees SET \"workAs\" = 'hr' WHERE id = 9429;`,\n    `UPDATE employees SET \"departmentId\" = 7 WHERE id = 9429;`,\n    `UPDATE employees SET \"subDepartmentId\" = NULL WHERE id = 9429;`,\n    `UPDATE employees SET \"designationId\" =NULL WHERE id = 9429;`,\n    `UPDATE employees SET \"designationLevelId\" = NULL WHERE id = 9429;`\n];\nawait utilFun.udpateDatabase(query)\nawait utilFun.wait(1000)\nawait utilFun.visit(baseUrl + '/claim-request');\nawait utilFun.wait(5000)\nawait medical_claims.MonthlyClaims_ClaimRequest_ShowAttachment();\nawait medical_claims.MonthlyClaims_ClaimRequest_ShowAttachment_ApproveBtn(0);\nawait claims.MyClaims_ClaimsRequest_TextArea('Approve for Test Automation');\nawait claims.MyClaims_ClaimsRequest_TextArea_AddBtn();\nconst flashMessage1 = await claims.checkAlert();\nutilFun.assertEql(flashMessage1, 'Receipt status updated successfully!');\nawait utilFun.wait(2000);\nawait medical_claims.MonthlyClaims_ClaimRequest_ShowAttachment_ApproveBtn(0);\nawait claims.MyClaims_ClaimsRequest_TextArea('Approve for Test Automation');\nawait claims.MyClaims_ClaimsRequest_TextArea_AddBtn();\nconst flashMessage2 = await claims.checkAlert();\nutilFun.assertEql(flashMessage2, 'Receipt status updated successfully!');\nawait utilFun.wait(2000);\nawait medical_claims.MonthlyClaims_ClaimRequest_ShowAttachment_ApproveBtn(0);\nawait claims.MyClaims_ClaimsRequest_TextArea('Approve for Test Automation');\nawait claims.MyClaims_ClaimsRequest_TextArea_AddBtn();\nconst flashMessage3 = await claims.checkAlert();\nutilFun.assertEql(flashMessage3, 'Receipt status updated successfully!');\nawait medical_claims.MonthlyClaims_ClaimRequest_ShowAttachment_ApproveBox();\nawait claims.MyClaims_ClaimsRequest_TextArea('Approve Main Box');\nawait medical_claims.MonthlyClaims_ClaimRequest_ShowAttachment_ApproveBox_ApproveBtn();\nconst flashMessages = await claims.checkAlert();\nutilFun.assertEql(flashMessages, 'Claim status updated successfully!');\nawait utilFun.wait(5000)\n// ///// Verify Data in Aprrove Tab\nawait claims.MyClaims_ClaimsRequest_ApproveTab()\nawait claims.Row_Assertion()\nlet querys =\n    ['DELETE FROM employee_claims_history WHERE \"actionBy\" = 9429;',\n        'DELETE FROM employee_claims WHERE \"employeeId\" = 9429;'\n    ];\nawait utilFun.udpateDatabase(querys)",
              "err": {},
              "uuid": "f6674664-91bb-429c-9f5d-4db0879b15b9",
              "parentUUID": "0290c06b-5101-4a8e-a2a9-4455631604d1",
              "isHook": false,
              "skipped": false
            },
            {
              "title": "should be able to Submit Three Child Claim for Reject Flow",
              "fullTitle": "Monthly Claims -> Child Claims should be able to Submit Three Child Claim for Reject Flow",
              "timedOut": false,
              "duration": 41403,
              "state": "passed",
              "speed": "slow",
              "pass": true,
              "fail": false,
              "pending": false,
              "context": null,
              "code": "const query = [\n    `UPDATE employees SET \"designation\" = 'SQA Automation' WHERE id = 9429;`,\n    `UPDATE employees SET \"workAs\" = 'sqa' WHERE id = 9429;`,\n    `UPDATE employees SET \"departmentId\" = 9 WHERE id = 9429;`,\n    `UPDATE employees SET \"designationId\" = NULL WHERE id = 9429;`,\n    `UPDATE employees SET \"subDepartmentId\" = 52 WHERE id = 9429;`,\n    `UPDATE employees SET \"designationLevelId\" = NULL WHERE id = 9429;`,\n    'DELETE FROM employee_claims_history WHERE \"actionBy\" = 9429;',\n    'DELETE FROM employee_claims WHERE \"employeeId\" = 9429;'\n]\nawait utilFun.udpateDatabase(query)\nawait utilFun.visit(baseUrl + '/claim');\nawait utilFun.wait(3000);\nawait claims.MyClaims_AddClaim_Btn();\nawait gym_claims.ClaimSelect('Child Education Support');\nawait child_claims.MyClaims_AddClaim_Child_Name('Ahmed', 0);\nawait child_claims.MyClaims_AddClaim_Child_DateofBirth('03-01-2020', 0);\nawait child_claims.MyClaims_AddClaim_Child_ClaimableAmount('4000', 0);\nconst validationMessage = await child_claims.checkAlertValidation();\nutilFun.assertEql(validationMessage, 'Max amount limit is 3000');\nawait child_claims.MyClaims_AddClaim_Child_ClaimableAmount('3000', 0);\nawait child_claims.MyClaims_AddClaim_ChildRowOne_UploadBtn(0);\nawait utilFun.wait(1000);\nawait child_claims.MyClaims_AddClaim_ChildRowOne_UploadBtn(1);\nawait child_claims.MyClaims_AddClaim_ChildRowOne_UploadBtn(2);\nawait utilFun.wait(2000);\nawait child_claims.MyClaims_AddClaim_AddRowBtn(0);\nawait child_claims.MyClaims_NewRowAssertion();\nawait child_claims.MyClaims_AddClaim_Child_Name('Hamza', 1);\nawait child_claims.MyClaims_AddClaim_Child_DateofBirth('03-01-2020', 1);\nawait child_claims.MyClaims_AddClaim_Child_ClaimableAmount('5000', 1);\nconst validationMessage2 = await child_claims.checkAlertValidation();\nutilFun.assertEql(validationMessage2, 'Max amount limit is 4000');\nawait child_claims.MyClaims_AddClaim_Child_ClaimableAmount('4000', 1);\nawait child_claims.MyClaims_AddClaim_ChildRowTwo_UploadBtn(0);\nawait child_claims.MyClaims_AddClaim_ChildRowTwo_UploadBtn(1);\nawait child_claims.MyClaims_AddClaim_ChildRowTwo_UploadBtn(2);\nawait child_claims.MyClaims_AddClaim_AddRowBtn(1);\nawait child_claims.MyClaims_NewRowAssertion();\nawait child_claims.MyClaims_AddClaim_Child_Name('Noman', 2);\nawait child_claims.MyClaims_AddClaim_Child_DateofBirth('03-01-2020', 2);\nawait child_claims.MyClaims_AddClaim_Child_ClaimableAmount('6000', 2);\nconst validationMessage3 = await child_claims.checkAlertValidation();\nutilFun.assertEql(validationMessage3, 'Max amount limit is 5000');\nawait child_claims.MyClaims_AddClaim_Child_ClaimableAmount('5000', 2);\nawait child_claims.MyClaims_AddClaim_ChildRowThree_UploadBtn(0);\nawait child_claims.MyClaims_AddClaim_ChildRowThree_UploadBtn(1);\nawait child_claims.MyClaims_AddClaim_ChildRowThree_UploadBtn(2);\nawait claims.MyClaims_AddClaim_PersonalDevelopment_Submit()\nawait utilFun.wait(1000);\nconst flashMessage = await claims.checkAlert();\nutilFun.assertEql(flashMessage, 'Claim submitted successfully');",
              "err": {},
              "uuid": "70217229-2e7d-423f-8ebe-dc9c31cec00a",
              "parentUUID": "0290c06b-5101-4a8e-a2a9-4455631604d1",
              "isHook": false,
              "skipped": false
            },
            {
              "title": "should be Reject Three Child Claim by HR",
              "fullTitle": "Monthly Claims -> Child Claims should be Reject Three Child Claim by HR",
              "timedOut": false,
              "duration": 34449,
              "state": "passed",
              "speed": "slow",
              "pass": true,
              "fail": false,
              "pending": false,
              "context": null,
              "code": "const query = [\n    `UPDATE employees SET \"designation\" = 'HR' WHERE id = 9429;`,\n    `UPDATE employees SET \"workAs\" = 'hr' WHERE id = 9429;`,\n    `UPDATE employees SET \"departmentId\" = 7 WHERE id = 9429;`,\n    `UPDATE employees SET \"subDepartmentId\" = NULL WHERE id = 9429;`,\n    `UPDATE employees SET \"designationId\" =NULL WHERE id = 9429;`,\n    `UPDATE employees SET \"designationLevelId\" = NULL WHERE id = 9429;`\n];\nawait utilFun.udpateDatabase(query)\nawait utilFun.wait(1000)\nawait utilFun.visit(baseUrl + '/claim-request');\nawait medical_claims.MonthlyClaims_ClaimRequest_ShowAttachment();\nawait medical_claims.MonthlyClaims_ClaimRequest_ShowAttachment_RejectBtn(0);\nawait claims.MyClaims_ClaimsRequest_TextArea('Reject for Test Automation');\nawait claims.MyClaims_ClaimsRequest_TextArea_AddBtn();\nconst flashMessage1 = await claims.checkAlert();\nutilFun.assertEql(flashMessage1, 'Receipt status updated successfully!');\nawait utilFun.wait(2000)\nawait medical_claims.MonthlyClaims_ClaimRequest_ShowAttachment_RejectBtn(0);\nawait claims.MyClaims_ClaimsRequest_TextArea('Reject for Test Automation');\nawait claims.MyClaims_ClaimsRequest_TextArea_AddBtn();\nconst flashMessage2 = await claims.checkAlert();\nutilFun.assertEql(flashMessage2, 'Receipt status updated successfully!');\nawait utilFun.wait(2000)\nawait medical_claims.MonthlyClaims_ClaimRequest_ShowAttachment_RejectBtn(0);\nawait claims.MyClaims_ClaimsRequest_TextArea('Reject for Test Automation');\nawait claims.MyClaims_ClaimsRequest_TextArea_AddBtn();\nconst flashMessage3 = await claims.checkAlert();\nutilFun.assertEql(flashMessage3, 'Receipt status updated successfully!');\nawait utilFun.wait(2000)\nawait medical_claims.MonthlyClaims_ClaimRequest_ShowAttachment_RejectBox()\nawait claims.MyClaims_ClaimsRequest_TextArea('Reject Main Box');\nawait medical_claims.MonthlyClaims_ClaimRequest_ShowAttachment_ApproveBox_ApproveBtn();\nconst flashMessage = await claims.checkAlert();\nutilFun.assertEql(flashMessage, 'Claim status updated successfully!');\nawait utilFun.wait(3000)\n/// Verify Reject Tab\nawait claims.MyClaims_ClaimsRequest_RejectTab();\nawait claims.Row_Assertion();\nlet querys =\n    ['DELETE FROM employee_claims_history WHERE \"actionBy\" = 9429;',\n        'DELETE FROM employee_claims WHERE \"employeeId\" = 9429;'\n    ];\nawait utilFun.udpateDatabase(querys);",
              "err": {},
              "uuid": "23c4ebaa-6ecf-44b7-8309-663313dd726d",
              "parentUUID": "0290c06b-5101-4a8e-a2a9-4455631604d1",
              "isHook": false,
              "skipped": false
            },
            {
              "title": "should be Incorrect Deadline Date",
              "fullTitle": "Monthly Claims -> Child Claims should be Incorrect Deadline Date",
              "timedOut": false,
              "duration": 17841,
              "state": "passed",
              "speed": "slow",
              "pass": true,
              "fail": false,
              "pending": false,
              "context": null,
              "code": "let query =\n    [\n        `UPDATE employees SET \"designation\" = 'HR' WHERE id = 9429;`,\n        `UPDATE employees SET \"workAs\" = 'hr' WHERE id = 9429;`,\n        `UPDATE employees SET \"departmentId\" = 7 WHERE id = 9429;`,\n        `UPDATE employees SET \"subDepartmentId\" = NULL WHERE id = 9429;`,\n        `UPDATE employees SET \"designationId\" =NULL WHERE id = 9429;`,\n        `UPDATE employees SET \"designationLevelId\" = NULL WHERE id = 9429;`,\n        'DELETE FROM employee_claims_history WHERE \"actionBy\" = 9429;',\n        'DELETE FROM employee_claims WHERE \"employeeId\" = 9429;'\n    ];\nawait utilFun.udpateDatabase(query);\nawait utilFun.visit(baseUrl + '/claim-request');\nawait utilFun.wait(6000);\nawait overtime_claims.MyClaims_DeadlineBtn();\nawait overtime_claims.MyClaims_DeadlineBtn_CrossIcon();\nawait utilFun.wait(3000);\nawait overtime_claims.MyClaims_Deadline_Date('2023-02-05 22:40:20');\nawait utilFun.wait(1000);\nawait overtime_claims.MyClaims_Deadline_SetBtn();\nconst flashMessage = await claims.checkAlert();\nutilFun.assertEql(flashMessage, 'Deadline is set successfully!');",
              "err": {},
              "uuid": "6a979ac7-a0d9-4639-bf1c-363f99af32ce",
              "parentUUID": "0290c06b-5101-4a8e-a2a9-4455631604d1",
              "isHook": false,
              "skipped": false
            },
            {
              "title": "should be able to Submit One Child Claim",
              "fullTitle": "Monthly Claims -> Child Claims should be able to Submit One Child Claim",
              "timedOut": false,
              "duration": 17336,
              "state": "passed",
              "speed": "slow",
              "pass": true,
              "fail": false,
              "pending": false,
              "context": null,
              "code": "const query = [\n    `UPDATE employees SET \"designation\" = 'SQA Automation' WHERE id = 9429;`,\n    `UPDATE employees SET \"workAs\" = 'sqa' WHERE id = 9429;`,\n    `UPDATE employees SET \"departmentId\" = 9 WHERE id = 9429;`,\n    `UPDATE employees SET \"designationId\" = NULL WHERE id = 9429;`,\n    `UPDATE employees SET \"subDepartmentId\" = 52 WHERE id = 9429;`,\n    `UPDATE employees SET \"designationLevelId\" = NULL WHERE id = 9429;`,\n]\nawait utilFun.udpateDatabase(query);\nawait utilFun.visit(baseUrl + '/claim');\nawait utilFun.wait(3000);\nawait claims.MyClaims_AddClaim_Btn();\nawait gym_claims.ClaimSelect('Child Education Support');\nawait child_claims.MyClaims_AddClaim_Child_Name('Ahmed', 0);\nawait child_claims.MyClaims_AddClaim_Child_DateofBirth('03-01-2020', 0);\nawait child_claims.MyClaims_AddClaim_Child_ClaimableAmount('3000', 0);\nawait child_claims.MyClaims_AddClaim_ChildRowOne_UploadBtn(0);\nawait utilFun.wait(1000);\nawait child_claims.MyClaims_AddClaim_ChildRowOne_UploadBtn(1);\nawait child_claims.MyClaims_AddClaim_ChildRowOne_UploadBtn(2);\nawait utilFun.wait(2000);\nawait claims.MyClaims_AddClaim_PersonalDevelopment_Submit()\nawait utilFun.wait(1000);\nconst flashMessage = await claims.checkAlert();\nutilFun.assertEql(flashMessage, 'You are not able to claim as the claim time is over.');",
              "err": {},
              "uuid": "a78a8cac-da12-4364-85db-55850ab8ca29",
              "parentUUID": "0290c06b-5101-4a8e-a2a9-4455631604d1",
              "isHook": false,
              "skipped": false
            },
            {
              "title": "should be check Correct Deadline Date",
              "fullTitle": "Monthly Claims -> Child Claims should be check Correct Deadline Date",
              "timedOut": false,
              "duration": 17849,
              "state": "passed",
              "speed": "slow",
              "pass": true,
              "fail": false,
              "pending": false,
              "context": null,
              "code": "let query =\n    [\n        'DELETE FROM employee_claim_deadlines;',\n        `UPDATE employees SET \"designation\" = 'HR' WHERE id = 9429;`,\n        `UPDATE employees SET \"workAs\" = 'hr' WHERE id = 9429;`,\n        `UPDATE employees SET \"departmentId\" = 7 WHERE id = 9429;`,\n        `UPDATE employees SET \"subDepartmentId\" = NULL WHERE id = 9429;`,\n        `UPDATE employees SET \"designationId\" =NULL WHERE id = 9429;`,\n        `UPDATE employees SET \"designationLevelId\" = NULL WHERE id = 9429;`,\n        'DELETE FROM employee_claims_history WHERE \"actionBy\" = 9429;',\n        'DELETE FROM employee_claims WHERE \"employeeId\" = 9429;'\n    ];\nawait utilFun.udpateDatabase(query);\nawait utilFun.visit(baseUrl + '/claim-request');\nawait utilFun.wait(6000);\nawait overtime_claims.MyClaims_DeadlineBtn();\nawait overtime_claims.MyClaims_DeadlineBtn_CrossIcon();\nawait utilFun.wait(3000);\nawait overtime_claims.MyClaims_Deadline_Date('2024-12-05 22:40:20');\nawait utilFun.wait(1000);\nawait overtime_claims.MyClaims_Deadline_SetBtn();\nconst flashMessage = await claims.checkAlert();\nutilFun.assertEql(flashMessage, 'Deadline is set successfully!');",
              "err": {},
              "uuid": "fb7fc1e3-dc89-4efb-8309-144c67a1e4d2",
              "parentUUID": "0290c06b-5101-4a8e-a2a9-4455631604d1",
              "isHook": false,
              "skipped": false
            },
            {
              "title": "should be able to Submit One Child Claim",
              "fullTitle": "Monthly Claims -> Child Claims should be able to Submit One Child Claim",
              "timedOut": false,
              "duration": 16870,
              "state": "passed",
              "speed": "slow",
              "pass": true,
              "fail": false,
[...]
              "err": {
                "message": "TimeoutError: Waiting for element to be located By(css selector, [aria-label=\"Approve\"])\nWait timed out after 10197ms",
                "estack": "TimeoutError: Waiting for element to be located By(css selector, [aria-label=\"Approve\"])\nWait timed out after 10197ms\n    at /home/devops/invohub/resource-engagement/node_modules/selenium-webdriver/lib/webdriver.js:929:17\n    at process.processTicksAndRejections (node:internal/process/task_queues:95:5)",
                "diff": null
              },
              "uuid": "a8faf3f2-7f7d-431d-a34a-5f9418ed4b4f",
              "parentUUID": "986cfa76-3ef1-41db-b42b-2c2edec33206",
              "isHook": false,
              "skipped": false
            },
            {
              "title": "should be Reject Claim by HR",
              "fullTitle": "Monthly Claims -> OverTime Claims should be Reject Claim by HR",
              "timedOut": false,
              "duration": 15459,
              "state": "failed",
              "speed": null,
              "pass": false,
              "fail": true,
              "pending": false,
              "context": null,
              "code": "let query =\n    [\n        `UPDATE employee_claims SET \"claimStatus\" = 'PENDING' WHERE \"employeeId\" = 9429;`\n    ];\nawait utilFun.udpateDatabase(query)\nawait utilFun.visit(baseUrl + '/claim-request');\nawait utilFun.wait(5000)\nawait overtime_claims.MyClaims_Action_RejectIcon(0);\nawait claims.MyClaims_ClaimsRequest_TextArea('Reject for Test Automation');\nawait utilFun.wait(3000)\nawait claims.MyClaims_ClaimsRequest_TextArea_AddBtn();\nconst flashMessages = await claims.checkAlert();\nutilFun.assertEql(flashMessages, 'Claim is rejected successfully!');\n/// Verify Reject Tab\nawait claims.MyClaims_ClaimsRequest_RejectTab();\nawait claims.Row_Assertion()",
              "err": {
                "message": "TimeoutError: Waiting for element to be located By(css selector, [aria-label=\"Reject\"])\nWait timed out after 10026ms",
                "estack": "TimeoutError: Waiting for element to be located By(css selector, [aria-label=\"Reject\"])\nWait timed out after 10026ms\n    at /home/devops/invohub/resource-engagement/node_modules/selenium-webdriver/lib/webdriver.js:929:17\n    at process.processTicksAndRejections (node:internal/process/task_queues:95:5)",
                "diff": null
              },
              "uuid": "17ea0cbe-2220-45f7-86dc-ccc62c7c818b",
              "parentUUID": "986cfa76-3ef1-41db-b42b-2c2edec33206",
              "isHook": false,
              "skipped": false
            },
            {
              "title": "should be Verify Reject Claim in Applicant Side",
              "fullTitle": "Monthly Claims -> OverTime Claims should be Verify Reject Claim in Applicant Side",
              "timedOut": false,
              "duration": 6434,
              "state": "failed",
              "speed": null,
              "pass": false,
              "fail": true,
              "pending": false,
              "context": null,
              "code": "const query = [\n    `UPDATE employees SET \"designation\" = 'Project Manager' WHERE id = 9429;`,\n    `UPDATE employees SET \"workAs\" = 'project_manager' WHERE id = 9429;`,\n    `UPDATE employees SET \"departmentId\" = 9 WHERE id = 9429;`,\n    `UPDATE employees SET \"designationId\" = 118 WHERE id = 9429;`,\n    `UPDATE employees SET \"subDepartmentId\" = NULL WHERE id = 9429;`,\n    `UPDATE employees SET \"designationLevelId\" = 2 WHERE id = 9429;`,\n    'UPDATE departments SET \"hodId\" = NULL WHERE id = 9;',\n];\nawait utilFun.udpateDatabase(query);\nawait utilFun.visit(baseUrl + '/claim');\nawait utilFun.wait(6000);\nawait claims.MyClaims_CheckHRStatus_Scroll()\nawait claims.MyClaims_CheckHRStatus()\nawait utilFun.wait(3000);\nconst flashMessages = await overtime_claims.checkAlert();\nutilFun.assertEql(flashMessages, 'Reject for Test Automation');\nawait claims.MyClaims_AddClaim_PersonalDevelopment_CloseBtn();",
              "err": {
                "message": "NoSuchElementError: no such element: Unable to locate element: {\"method\":\"css selector\",\"selector\":\".ant-table-cell > .MuiButtonBase-root\"}\n  (Session info: headless chrome=119.0.6045.159)",
                "estack": "NoSuchElementError: no such element: Unable to locate element: {\"method\":\"css selector\",\"selector\":\".ant-table-cell > .MuiButtonBase-root\"}\n  (Session info: headless chrome=119.0.6045.159)\n    at Object.throwDecodedError (node_modules/selenium-webdriver/lib/error.js:524:15)\n    at parseHttpResponse (node_modules/selenium-webdriver/lib/http.js:601:13)\n    at Executor.execute (node_modules/selenium-webdriver/lib/http.js:529:28)\n    at process.processTicksAndRejections (node:internal/process/task_queues:95:5)\n    at async thenableWebDriverProxy.execute (node_modules/selenium-webdriver/lib/webdriver.js:745:17)\n    at async claims.MyClaims_CheckHRStatus_Scroll (test/support/pages/monthlyclaim/claims-pdf.js:270:28)\n    at async Context.<anonymous> (test/e2e/monthlyclaim/myclaims-overtime.js:545:9)",
                "diff": null
              },
              "uuid": "98c8ad3b-d37d-4677-be61-523ecf7c2008",
              "parentUUID": "986cfa76-3ef1-41db-b42b-2c2edec33206",
              "isHook": false,
              "skipped": false
            },
            {
              "title": "should be Download CSV",
              "fullTitle": "Monthly Claims -> OverTime Claims should be Download CSV",
              "timedOut": false,
              "duration": 20874,
              "state": "passed",
              "speed": "slow",
              "pass": true,
              "fail": false,
              "pending": false,
              "context": null,
              "code": "let query =\n    [\n        `UPDATE employees SET \"designation\" = 'HR' WHERE id = 9429;`,\n        `UPDATE employees SET \"workAs\" = 'hr' WHERE id = 9429;`,\n        `UPDATE employees SET \"departmentId\" = 7 WHERE id = 9429;`,\n        `UPDATE employees SET \"subDepartmentId\" = NULL WHERE id = 9429;`,\n        `UPDATE employees SET \"designationId\" =NULL WHERE id = 9429;`,\n        `UPDATE employees SET \"designationLevelId\" = NULL WHERE id = 9429;`,\n    ];\nawait utilFun.udpateDatabase(query);\nawait utilFun.visit(baseUrl + '/claim-request');\nawait utilFun.wait(6000);\nawait claims.MyClaims_ClaimRequest_DownloadBtn()\nawait utilFun.wait(3000);\nawait overtime_claims.MyClaims_Filter_StartDate('2024-01-01');\nawait utilFun.wait(1000);\nawait overtime_claims.MyClaims_Filter_EndDate('2024-01-15');\nawait claims.ClaimStatus('Pending');\nawait utilFun.wait(1000);\nawait claims.ClaimStatus('Rejected');\nawait claims.MyClaims_ClaimRequest_DownloadBtn_MainDownloadBtn()\nawait utilFun.wait(1000);\nlet querys =\n    ['DELETE FROM employee_claims_history WHERE \"actionBy\" = 9429;',\n        'DELETE FROM employee_claims WHERE \"employeeId\" = 9429;'\n    ];\nawait utilFun.udpateDatabase(querys);",
              "err": {},
              "uuid": "242a8ab0-7a48-4e2d-97bd-5eaeaa8efce2",
              "parentUUID": "986cfa76-3ef1-41db-b42b-2c2edec33206",
              "isHook": false,
              "skipped": false
            },
            {
              "title": "should be Incorrect Deadline Date",
              "fullTitle": "Monthly Claims -> OverTime Claims should be Incorrect Deadline Date",
              "timedOut": false,
              "duration": 17904,
              "state": "passed",
              "speed": "slow",
              "pass": true,
              "fail": false,
              "pending": false,
              "context": null,
              "code": "let query =\n    [\n        `UPDATE employees SET \"designation\" = 'HR' WHERE id = 9429;`,\n        `UPDATE employees SET \"workAs\" = 'hr' WHERE id = 9429;`,\n        `UPDATE employees SET \"departmentId\" = 7 WHERE id = 9429;`,\n        `UPDATE employees SET \"subDepartmentId\" = NULL WHERE id = 9429;`,\n        `UPDATE employees SET \"designationId\" =NULL WHERE id = 9429;`,\n        `UPDATE employees SET \"designationLevelId\" = NULL WHERE id = 9429;`,\n        'DELETE FROM employee_claims_history WHERE \"actionBy\" = 9429;',\n        'DELETE FROM employee_claims WHERE \"employeeId\" = 9429;'\n    ];\nawait utilFun.udpateDatabase(query);\nawait utilFun.visit(baseUrl + '/claim-request');\nawait utilFun.wait(6000);\nawait overtime_claims.MyClaims_DeadlineBtn();\nawait overtime_claims.MyClaims_DeadlineDate_ClearHover();\nawait overtime_claims.MyClaims_DeadlineDate_ClearBtn();\nawait overtime_claims.MyClaims_Deadline_Date('2023-03-12 20:48:11');\nawait utilFun.wait(4000);\nawait overtime_claims.MyClaims_Deadline_SetBtn();\nconst flashMessage = await claims.checkAlert();\nutilFun.assertEql(flashMessage, 'Deadline is set successfully!');",
              "err": {},
              "uuid": "fc47da9d-5d99-4b1c-83fb-df4191ec7376",
              "parentUUID": "986cfa76-3ef1-41db-b42b-2c2edec33206",
              "isHook": false,
              "skipped": false
            },
            {
              "title": "should be Submit OverTime with Wrong Deadline Date",
              "fullTitle": "Monthly Claims -> OverTime Claims should be Submit OverTime with Wrong Deadline Date",
              "timedOut": false,
              "duration": 27570,
              "state": "failed",
              "speed": null,
              "pass": false,
              "fail": true,
              "pending": false,
              "context": null,
              "code": "const query = [\n    `UPDATE employees SET \"designation\" = 'SQA Automation' WHERE id = 9429;`,\n    `UPDATE employees SET \"workAs\" = 'sqa' WHERE id = 9429;`,\n    `UPDATE employees SET \"departmentId\" = 9 WHERE id = 9429;`,\n    `UPDATE employees SET \"designationId\" = NULL WHERE id = 9429;`,\n    `UPDATE employees SET \"subDepartmentId\" = 52 WHERE id = 9429;`,\n    `UPDATE employees SET \"designationLevelId\" = NULL WHERE id = 9429;`,\n];\nawait utilFun.udpateDatabase(query)\nawait utilFun.visit(baseUrl + '/claim');\nawait utilFun.wait(6000);\nawait claims.MyClaims_AddClaim_Btn();\nawait gym_claims.ClaimSelect('Overtime');\nawait overtime_claims.ManagerSelect('Sumera Shaikh')\nawait utilFun.wait(1000);\nawait overtime_claims.MyClaims_AddClaim_SelectManager_CrossIcon();\nawait overtime_claims.ManagerSelect('Muhammad Bilal Rafaqat')\nawait overtime_claims.MyClaims_AddClaim_SelectDate('2023-09-12', 0);\nawait utilFun.wait(2000);\nconst flashMessages = await claims.checkAlert();\nutilFun.assertEql(flashMessages, 'Overtime claim is only allow for current month');\nawait overtime_claims.MyClaims_AddClaim_SelectHours('0300', 0);\nawait overtime_claims.MyClaims_AddClaim_Description('Add Description 1', 0);",
              "err": {
                "message": "TimeoutError: Waiting for at least one element to be located By(css selector, input[placeholder=\"Select Date\"])\nWait timed out after 10096ms",
                "estack": "TimeoutError: Waiting for at least one element to be located By(css selector, input[placeholder=\"Select Date\"])\nWait timed out after 10096ms\n    at /home/devops/invohub/resource-engagement/node_modules/selenium-webdriver/lib/webdriver.js:929:17\n    at process.processTicksAndRejections (node:internal/process/task_queues:95:5)",
                "diff": null
              },
              "uuid": "9b5b5d62-f6a1-4730-ab35-5faefe98fcaa",
              "parentUUID": "986cfa76-3ef1-41db-b42b-2c2edec33206",
              "isHook": false,
              "skipped": false
            },
            {
              "title": "should be Set Deadline Date",
              "fullTitle": "Monthly Claims -> OverTime Claims should be Set Deadline Date",
              "timedOut": false,
              "duration": 17896,
              "state": "passed",
              "speed": "slow",
              "pass": true,
              "fail": false,
              "pending": false,
              "context": null,
              "code": "let query =\n    [\n        'DELETE FROM employee_claim_deadlines;',\n        `UPDATE employees SET \"designation\" = 'HR' WHERE id = 9429;`,\n        `UPDATE employees SET \"workAs\" = 'hr' WHERE id = 9429;`,\n        `UPDATE employees SET \"departmentId\" = 7 WHERE id = 9429;`,\n        `UPDATE employees SET \"subDepartmentId\" = NULL WHERE id = 9429;`,\n        `UPDATE employees SET \"designationId\" =NULL WHERE id = 9429;`,\n        `UPDATE employees SET \"designationLevelId\" = NULL WHERE id = 9429;`,\n        'DELETE FROM employee_claims_history WHERE \"actionBy\" = 9429;',\n        'DELETE FROM employee_claims WHERE \"employeeId\" = 9429;'\n    ];\nawait utilFun.udpateDatabase(query);\nawait utilFun.visit(baseUrl + '/claim-request');\nawait utilFun.wait(6000);\nawait overtime_claims.MyClaims_DeadlineBtn();\nawait overtime_claims.MyClaims_DeadlineDate_ClearHover();\nawait overtime_claims.MyClaims_DeadlineDate_ClearBtn();\nawait overtime_claims.MyClaims_Deadline_Date('2024-03-12 20:48:11');\nawait utilFun.wait(4000);\nawait overtime_claims.MyClaims_Deadline_SetBtn();\nconst flashMessage = await claims.checkAlert();\nutilFun.assertEql(flashMessage, 'Deadline is set successfully!');",
              "err": {},
              "uuid": "bf389a69-4c7a-4045-a639-c4d3fa798795",
              "parentUUID": "986cfa76-3ef1-41db-b42b-2c2edec33206",
              "isHook": false,
              "skipped": false
            },
            {
              "title": "should be Submit OverTime as a SQA Automation(Employee) to Verify with Correct Deadline Date",
              "fullTitle": "Monthly Claims -> OverTime Claims should be Submit OverTime as a SQA Automation(Employee) to Verify with Correct Deadline Date",
              "timedOut": false,
              "duration": 27711,
              "state": "failed",
              "speed": null,
              "pass": false,
              "fail": true,
              "pending": false,
              "context": null,
              "code": "const query = [\n    `UPDATE employees SET \"designation\" = 'SQA Automation' WHERE id = 9429;`,\n    `UPDATE employees SET \"workAs\" = 'sqa' WHERE id = 9429;`,\n    `UPDATE employees SET \"departmentId\" = 9 WHERE id = 9429;`,\n    `UPDATE employees SET \"designationId\" = NULL WHERE id = 9429;`,\n    `UPDATE employees SET \"subDepartmentId\" = 52 WHERE id = 9429;`,\n    `UPDATE employees SET \"designationLevelId\" = NULL WHERE id = 9429;`,\n];\nawait utilFun.udpateDatabase(query)\nawait utilFun.visit(baseUrl + '/claim');\nawait utilFun.wait(6000);\nawait claims.MyClaims_AddClaim_Btn();\nawait gym_claims.ClaimSelect('Overtime');\nawait overtime_claims.ManagerSelect('Sumera Shaikh')\nawait utilFun.wait(1000);\nawait overtime_claims.MyClaims_AddClaim_SelectManager_CrossIcon();\nawait overtime_claims.ManagerSelect('Muhammad Bilal Rafaqat')\nawait overtime_claims.MyClaims_AddClaim_SelectDate('2023-09-12', 0);\nawait utilFun.wait(2000);\nawait overtime_claims.MyClaims_AddClaim_SelectHours('0300', 0);\nawait overtime_claims.MyClaims_AddClaim_Description('Add Description 1', 0);\nawait child_claims.MyClaims_AddClaim_AddRowBtn(0);\nawait overtime_claims.MyClaims_AddClaim_SelectDate('2023-09-12', 1);\nawait utilFun.wait(2000);\nawait overtime_claims.MyClaims_AddClaim_SelectHours('0100', 1);\nawait overtime_claims.MyClaims_AddClaim_Description('Add Description 2', 1);\nawait child_claims.MyClaims_AddClaim_AddRowBtn(1);\nawait child_claims.MyClaims_AddClaim_AddRowBtn(1);\nawait child_claims.MyClaims_AddClaim_RemoveCircleIcon(2);\nawait child_claims.MyClaims_AddClaim_RemoveCircleIcon(2);\nawait utilFun.wait(2000);\nawait claims.MyClaims_AddClaim_PersonalDevelopment_Submit()\nawait utilFun.wait(1000);\nconst flashMessage = await claims.checkAlert();\nutilFun.assertEql(flashMessage, 'Claim submitted successfully!');\n let querys =\n    ['DELETE FROM employee_claims_history WHERE \"actionBy\" = 9429;',\n        'DELETE FROM employee_claims WHERE \"employeeId\" = 9429;',\n        'DELETE FROM employee_claim_deadlines;'\n    ];\nawait utilFun.udpateDatabase(querys);",
              "err": {
                "message": "TimeoutError: Waiting for at least one element to be located By(css selector, input[placeholder=\"Select Date\"])\nWait timed out after 10189ms",
                "estack": "TimeoutError: Waiting for at least one element to be located By(css selector, input[placeholder=\"Select Date\"])\nWait timed out after 10189ms\n    at /home/devops/invohub/resource-engagement/node_modules/selenium-webdriver/lib/webdriver.js:929:17\n    at process.processTicksAndRejections (node:internal/process/task_queues:95:5)",
                "diff": null
              },
              "uuid": "8ef67dd9-cb5a-4f58-be28-efd33ff2d500",
              "parentUUID": "986cfa76-3ef1-41db-b42b-2c2edec33206",
              "isHook": false,
              "skipped": false
            }
          ],
          "suites": [],
          "passes": [
            "17744733-2cdd-423e-a30f-3b49fe55ae51",
            "9049b53b-2177-4211-89f9-9ba61ae06c89",
            "73a81857-468f-4ad4-8c07-28657596209c",
            "9b784819-a282-47f1-bb50-b556d34da753",
            "242a8ab0-7a48-4e2d-97bd-5eaeaa8efce2",
            "fc47da9d-5d99-4b1c-83fb-df4191ec7376",
            "bf389a69-4c7a-4045-a639-c4d3fa798795"
          ],
          "failures": [
            "fe79e2b1-f909-45a3-b93b-9b7df2cd3a95",
            "9f0edbb4-bf8e-428e-b86a-2f19901baca1",
            "cf284480-2147-49a8-9107-3f990fc75a6c",
            "3a896e82-82ee-46fe-a641-c5ae8ff4cd7a",
            "4b9f92de-f7f2-4572-b3ee-be83880661f5",
            "439a3edb-05e4-4169-9c55-2d59232f1695",
            "50d8fbc4-e643-4845-8efc-24cdda4498e9",
            "86c0522c-f1ab-4e4a-9216-a70fab3658e5",
            "b153982b-4fd0-4ba7-b065-5f646bd26ec7",
            "285703c0-002e-4e78-8abe-00370aef7df0",
            "29c4f412-ac8d-4371-a566-8dd109b75b2d",
            "ae68a2c7-9561-469f-97c0-584ef630a970",
            "9ba1f601-bffb-4abc-abd8-b5691202881b",
            "30c673e4-66c6-4363-938a-c4d37d9184d5",
            "5550b3fb-3c2b-4924-b8da-212bb4f56c0f",
            "7b89082e-35aa-4189-9de0-9d119ede93dc",
            "cade447c-38ea-4c6c-88d8-8acdbe3987da",
            "0a5b3c92-3a8a-4af7-83c9-be28760795a5",
            "ec20ab94-bef2-4fad-a88b-568d3a5bcaea",
            "32c7b7a0-786e-47c8-a49c-140c83a7d843",
            "a8faf3f2-7f7d-431d-a34a-5f9418ed4b4f",
            "17ea0cbe-2220-45f7-86dc-ccc62c7c818b",
            "98c8ad3b-d37d-4677-be61-523ecf7c2008",
            "9b5b5d62-f6a1-4730-ab35-5faefe98fcaa",
            "8ef67dd9-cb5a-4f58-be28-efd33ff2d500"
          ],
          "pending": [],
          "skipped": [],
          "duration": 546103,
          "root": false,
          "rootEmpty": false,
          "_timeout": 100000
        }
      ],
      "passes": [],
      "failures": [],
      "pending": [],
      "skipped": [],
      "duration": 0,
      "root": true,
      "rootEmpty": true,
      "_timeout": 100000
    }
  ],
  "meta": {
    "mocha": {
      "version": "10.2.0"
    },
    "mochawesome": {
      "options": {
        "quiet": false,
        "reportFilename": "mochawesome",
        "saveHtml": true,
        "saveJson": true,
        "consoleReporter": "spec",
        "useInlineDiffs": false,
        "code": true
      },
      "version": "7.1.3"
    },
    "marge": {
      "options": {
        "reportDir": "test/report"
      },
      "version": "6.2.0"
    }
  }
}