{
  "stats": {
    "suites": 21,
    "tests": 266,
    "passes": 0,
    "pending": 102,
    "failures": 164,
    "start": "2024-03-20T04:00:49.286Z",
    "end": "2024-03-20T04:43:48.887Z",
    "duration": 2579601,
    "testsRegistered": 564,
    "passPercent": 0,
    "pendingPercent": 18.085106382978726,
    "other": 12,
    "hasOther": true,
    "skipped": 291,
    "hasSkipped": true
  },
  "results": [
    {
      "uuid": "06eb891a-fc52-479a-b472-a19ae970e3c1",
      "title": "",
      "fullFile": "",
      "file": "",
      "beforeHooks": [],
      "afterHooks": [],
      "tests": [],
      "suites": [
        {
          "uuid": "25f14664-8a29-4907-bd49-d55d8db7e3d4",
          "title": "Pending Evaluations",
          "fullFile": "/home/devops/invohub/resource-engagement/test/e2e/1-Evaluation/spec_1_pendings.js",
          "file": "/test/e2e/1-Evaluation/spec_1_pendings.js",
          "beforeHooks": [
            {
              "title": "\"before all\" hook for \"should check if pending evaluations are showing\"",
              "fullTitle": "Pending Evaluations \"before all\" hook for \"should check if pending evaluations are showing\"",
              "timedOut": true,
              "duration": 100050,
              "state": "failed",
              "speed": null,
              "pass": false,
              "fail": true,
              "pending": false,
              "context": null,
              "code": "let query = [\n  `UPDATE departments SET \"hodId\" = 9474 WHERE id = 9;`,\n  `UPDATE employees SET \"email\" = 'bilal.rafaqat@invozone.de' WHERE id = 9429;`,\n  `UPDATE employees SET \"email\" = 'bilal.rafaqat@invozone.dev' WHERE id = 9474;`,\n];\nawait utilFun.udpateDatabase(query);\nawait utilFun.login(email, password);\nconst url = await utilFun.getUrl();\nassert.equal(url, baseUrl + '/home');\nlet query1 =[\n    `UPDATE employee_evaluations SET \"incrementType\" = 'annual' WHERE id = 26;`,\n    `UPDATE employee_evaluations SET \"processType\" = NULL WHERE id = 26;`,\n    `UPDATE employee_evaluations SET \"reasonForDefer\" = NULL WHERE id = 26;`,\n    `UPDATE employee_evaluations SET \"processDate\" = NULL WHERE id = 26;`,\n    `UPDATE employee_evaluations SET \"feedback\" = NULL WHERE id = 26;`,\n    `DELETE FROM employee_evaluations WHERE \"employeeId\" = 9742 AND \"incrementType\" = 'designation';`,\n    ];\n    await utilFun.udpateDatabase(query1);",
              "err": {
                "message": "Error: Timeout of 100000ms exceeded. For async tests and hooks, ensure \"done()\" is called; if returning a Promise, ensure it resolves. (/home/devops/invohub/resource-engagement/test/e2e/1-Evaluation/spec_1_pendings.js)",
                "estack": "Error: Timeout of 100000ms exceeded. For async tests and hooks, ensure \"done()\" is called; if returning a Promise, ensure it resolves. (/home/devops/invohub/resource-engagement/test/e2e/1-Evaluation/spec_1_pendings.js)\n    at listOnTimeout (node:internal/timers:564:17)\n    at process.processTimers (node:internal/timers:507:7)",
                "diff": null
              },
              "uuid": "4eef77d8-4c07-41ae-86cf-3fe17f86aa7a",
              "parentUUID": "25f14664-8a29-4907-bd49-d55d8db7e3d4",
              "isHook": true,
              "skipped": false
            },
            {
              "title": "\"before each\" hook",
              "fullTitle": "Pending Evaluations \"before each\" hook",
              "timedOut": false,
              "duration": 0,
              "state": null,
              "speed": null,
              "pass": false,
              "fail": false,
              "pending": false,
              "context": null,
              "code": "await utilFun.visit(baseUrl + '/evaluation');\nawait utilFun.wait(3000);",
              "err": {},
              "uuid": "5bfcde54-508a-4a5f-a52c-74f593988fbd",
              "parentUUID": "25f14664-8a29-4907-bd49-d55d8db7e3d4",
              "isHook": true,
              "skipped": false
            }
          ],
          "afterHooks": [],
          "tests": [
            {
              "title": "should check if pending evaluations are showing",
              "fullTitle": "Pending Evaluations should check if pending evaluations are showing",
              "timedOut": false,
              "duration": 0,
              "state": null,
              "speed": null,
              "pass": false,
              "fail": false,
              "pending": false,
              "context": null,
              "code": "let obj = await evaluation.getAllPendingResourses();\nassert(obj.length > 0, `No Evaluation Found`);",
              "err": {},
              "uuid": "2c46ec8e-4779-4a31-8c6a-f24f84c9ac99",
              "parentUUID": "25f14664-8a29-4907-bd49-d55d8db7e3d4",
              "isHook": false,
              "skipped": true
            },
            {
              "title": "should able to filter resoures by name",
              "fullTitle": "Pending Evaluations should able to filter resoures by name",
              "timedOut": false,
              "duration": 0,
              "state": null,
              "speed": null,
              "pass": false,
              "fail": false,
              "pending": false,
              "context": null,
              "code": "await evaluation.clickFilterButton();\nawait evaluation.searchName('James Salinas');\nawait utilFun.wait(1000);\nconst name = await evaluation.getResourseName();\nutilFun.assertEql(name, 'James Salinas');",
              "err": {},
              "uuid": "7c7e33e1-c4e5-4821-a7aa-fb1c56f03f94",
              "parentUUID": "25f14664-8a29-4907-bd49-d55d8db7e3d4",
              "isHook": false,
              "skipped": true
            },
            {
              "title": "should able to filter resoures by Review Type",
              "fullTitle": "Pending Evaluations should able to filter resoures by Review Type",
              "timedOut": false,
              "duration": 0,
              "state": null,
              "speed": null,
              "pass": false,
              "fail": false,
              "pending": false,
              "context": null,
              "code": "await evaluation.clickFilterButton();\nawait evaluation.selectReviewType('Annual');\nconst valuesCount = await evaluation.checkValues();\nutilFun.assertEql(valuesCount, 1);",
              "err": {},
              "uuid": "797e6e88-b9e8-48cb-8b12-c0bd3764449b",
              "parentUUID": "25f14664-8a29-4907-bd49-d55d8db7e3d4",
              "isHook": false,
              "skipped": true
            },
            {
              "title": "should able to filter resoures by Last Increment",
              "fullTitle": "Pending Evaluations should able to filter resoures by Last Increment",
              "timedOut": false,
              "duration": 0,
              "state": null,
              "speed": null,
              "pass": false,
              "fail": false,
              "pending": false,
              "context": null,
              "code": "await evaluation.clickFilterButton();\nawait evaluation.selectLastIncrement('N/A');\nconst valuesCount = await evaluation.checkValues();\nutilFun.assertEql(valuesCount, 1);",
              "err": {},
              "uuid": "b5b7d1c7-8ece-4554-aceb-b901422c472e",
              "parentUUID": "25f14664-8a29-4907-bd49-d55d8db7e3d4",
              "isHook": false,
              "skipped": true
            },
            {
              "title": "should able to  copy email from options",
              "fullTitle": "Pending Evaluations should able to  copy email from options",
              "timedOut": false,
              "duration": 0,
              "state": null,
              "speed": null,
              "pass": false,
              "fail": false,
              "pending": false,
              "context": null,
              "code": "await evaluation.clickFilterButton();\nawait evaluation.searchName('James Salinas');\nawait utilFun.wait(1000);\nconst name = await evaluation.getResourseName();\nutilFun.assertEql(name, 'James Salinas');\nawait evaluation.clickOptionBtn();\nawait utilFun.wait(1000);\nawait evaluation.selectOption('Copy Email');\nawait utilFun.wait(3000);\nconst alertText = await evaluation.checkAlert();\nutilFun.assertEql(alertText, 'Email address is copied');",
              "err": {},
              "uuid": "2fda5bd5-20f8-4cb7-99ab-630f0cb83b0a",
              "parentUUID": "25f14664-8a29-4907-bd49-d55d8db7e3d4",
              "isHook": false,
              "skipped": true
            },
            {
              "title": "should able to Send Email from options",
              "fullTitle": "Pending Evaluations should able to Send Email from options",
              "timedOut": false,
              "duration": 0,
              "state": null,
              "speed": null,
              "pass": false,
              "fail": false,
              "pending": false,
              "context": null,
              "code": "await evaluation.clickFilterButton();\nawait evaluation.searchName('James Salinas');\nawait utilFun.wait(1000);\nconst name = await evaluation.getResourseName();\nutilFun.assertEql(name, 'James Salinas');\nawait evaluation.clickOptionBtn();\nawait utilFun.wait(1000);\nawait evaluation.selectOption('Send Email');\nawait utilFun.wait(1000);\nawait utilFun.switchWindow(1);\nawait utilFun.wait(3000);\nconst url = await utilFun.getUrl();\nassert.equal(url, 'https://mail.google.com/mail/u/0/?fs=1&tf=cm&to=james@robot-mail.com');\nawait utilFun.closeCurrentTab();\nawait utilFun.switchWindow(0);",
              "err": {},
              "uuid": "b1e782b8-373b-4bd5-8105-cee39e29e920",
              "parentUUID": "25f14664-8a29-4907-bd49-d55d8db7e3d4",
              "isHook": false,
              "skipped": true
            },
            {
              "title": "should able to Open Slack DM from options",
              "fullTitle": "Pending Evaluations should able to Open Slack DM from options",
              "timedOut": false,
              "duration": 0,
              "state": null,
              "speed": null,
              "pass": false,
              "fail": false,
              "pending": false,
              "context": null,
              "code": "await evaluation.clickFilterButton();\nawait evaluation.searchName('James Salinas');\nawait utilFun.wait(1000);\nconst name = await evaluation.getResourseName();\nutilFun.assertEql(name, 'James Salinas');\nawait evaluation.clickOptionBtn();\nawait utilFun.wait(1000);\nawait evaluation.selectOption('Open Slack DM');\nawait utilFun.wait(1000);\nawait utilFun.switchWindow(1);\nawait utilFun.wait(3000);\nconst url = await utilFun.getUrl();\nassert.equal(url, 'https://invozone.slack.com/?redir=%2Fapp_redirect%3Fchannel%3Dundefined');\nawait utilFun.closeCurrentTab();\nawait utilFun.switchWindow(0);",
              "err": {},
              "uuid": "6174b3f2-c5bf-465a-a134-45fc7209f5f8",
              "parentUUID": "25f14664-8a29-4907-bd49-d55d8db7e3d4",
              "isHook": false,
              "skipped": true
            },
            {
              "title": "should able to see Email from options",
              "fullTitle": "Pending Evaluations should able to see Email from options",
              "timedOut": false,
              "duration": 0,
              "state": null,
              "speed": null,
              "pass": false,
              "fail": false,
              "pending": false,
              "context": null,
              "code": "await evaluation.clickFilterButton();\nawait evaluation.searchName('James Salinas');\nawait utilFun.wait(1000);\nconst name = await evaluation.getResourseName();\nutilFun.assertEql(name, 'James Salinas');\nawait evaluation.clickOptionBtn();\nawait utilFun.wait(1000);\nawait evaluation.selectOption('See Email');\nawait utilFun.wait(3000);\nconst email = await evaluation.copyEmail();\nassert.equal(email, 'Email: james@robot-mail.com');",
              "err": {},
              "uuid": "91542f81-3c33-42cf-bee6-0600feced35d",
              "parentUUID": "25f14664-8a29-4907-bd49-d55d8db7e3d4",
              "isHook": false,
              "skipped": true
            },
            {
              "title": "should able to copy Phone Number from options",
              "fullTitle": "Pending Evaluations should able to copy Phone Number from options",
              "timedOut": false,
              "duration": 0,
              "state": null,
              "speed": null,
              "pass": false,
              "fail": false,
              "pending": false,
              "context": null,
              "code": "await evaluation.clickFilterButton();\nawait evaluation.searchName('James Salinas');\nawait utilFun.wait(1000);\nconst name = await evaluation.getResourseName();\nutilFun.assertEql(name, 'James Salinas');\nawait evaluation.clickOptionBtn();\nawait utilFun.wait(1000);\nawait evaluation.selectOption('Phone Number');\nawait utilFun.wait(3000);\nawait evaluation.copyPhoneNumber();\nconst alertText = await evaluation.checkAlert();\nassert.equal(alertText, 'Phone# is copied successfully');",
              "err": {},
              "uuid": "1abf2404-49de-4cbe-bbc1-748a48ba74cc",
              "parentUUID": "25f14664-8a29-4907-bd49-d55d8db7e3d4",
              "isHook": false,
              "skipped": true
            },
            {
              "title": "should able to see Resource Details from options",
              "fullTitle": "Pending Evaluations should able to see Resource Details from options",
              "timedOut": false,
              "duration": 0,
              "state": null,
              "speed": null,
              "pass": false,
              "fail": false,
              "pending": false,
              "context": null,
              "code": "await evaluation.clickFilterButton();\nawait evaluation.searchName('James Salinas');\nawait utilFun.wait(1000);\nconst name = await evaluation.getResourseName();\nutilFun.assertEql(name, 'James Salinas');\nawait evaluation.clickResource();\nawait utilFun.wait(1000);\nawait utilFun.switchWindow(1);\nawait utilFun.wait(1000);\nconst url = await utilFun.getUrl();\nassert.equal(url, 'http://localhost:3000/resource-detail/9742?tab=Basic_Information');\nawait utilFun.closeCurrentTab();\nawait utilFun.switchWindow(0);",
              "err": {},
              "uuid": "8aad6159-b24b-4c88-bee0-c7586c6709ff",
              "parentUUID": "25f14664-8a29-4907-bd49-d55d8db7e3d4",
              "isHook": false,
              "skipped": true
            },
            {
              "title": "should able to see employee history",
              "fullTitle": "Pending Evaluations should able to see employee history",
              "timedOut": false,
              "duration": 0,
              "state": null,
              "speed": null,
              "pass": false,
              "fail": false,
              "pending": false,
              "context": null,
              "code": "await evaluation.clickFilterButton();\nawait evaluation.searchName('James Salinas');\nawait utilFun.wait(1000);\nconst name = await evaluation.getResourseName();\nutilFun.assertEql(name, 'James Salinas');\nawait evaluation.clickSeeFeedback();\nawait utilFun.wait(1000);\nconst title = await evaluation.checkTitle();\nutilFun.assertEql(title, 'Feedback History of James Salinas');\nawait evaluation.checkSelectedTab();",
              "err": {},
              "uuid": "95eebc41-5c5f-479e-92c5-ff04f72df030",
              "parentUUID": "25f14664-8a29-4907-bd49-d55d8db7e3d4",
              "isHook": false,
              "skipped": true
            },
            {
              "title": "should able to request a review",
              "fullTitle": "Pending Evaluations should able to request a review",
              "timedOut": false,
              "duration": 0,
              "state": null,
              "speed": null,
              "pass": false,
              "fail": false,
              "pending": false,
              "context": null,
              "code": "await evaluation.clickFilterButton();\nawait evaluation.searchName('James Salinas');\nawait utilFun.wait(1000);\nconst name = await evaluation.getResourseName();\nutilFun.assertEql(name, 'James Salinas');\nawait evaluation.clickSeeFeedback();\nawait utilFun.wait(1000);\nawait evaluation.clickSubmittedReview();\nawait evaluation.clickReqReviewBtn();\nawait utilFun.wait(1000);\nawait evaluation.clickHod('Muhammad Bilal Rafaqat');\nawait evaluation.clickSendReqBtn();\nconst alertText = await evaluation.checkAlert();\nutilFun.assertEql(alertText, 'Request is send successfully.');",
              "err": {},
              "uuid": "fe4d54ee-b17e-4f5c-b2a8-ca7f882a70da",
              "parentUUID": "25f14664-8a29-4907-bd49-d55d8db7e3d4",
              "isHook": false,
              "skipped": true
            },
            {
              "title": "should able to give a review",
              "fullTitle": "Pending Evaluations should able to give a review",
              "timedOut": false,
              "duration": 0,
              "state": null,
              "speed": null,
              "pass": false,
              "fail": false,
              "pending": false,
              "context": null,
              "code": "const query = [\n  `UPDATE employees SET \"departmentId\" = 9 WHERE id = 9474;`,\n  `UPDATE employees SET \"designationId\" = 83 WHERE id = 9474;`,\n  `UPDATE employees SET \"designation\" = 'Head of Engineering' WHERE id = 9474;`,\n];\nawait utilFun.udpateDatabase(query);\nawait utilFun.refresh();\nawait evaluation.clickFilterButton();\nawait evaluation.searchName('James Salinas');\nawait utilFun.wait(1000);\nconst name = await evaluation.getResourseName();\nutilFun.assertEql(name, 'James Salinas');\nawait evaluation.clickSeeFeedback();\nawait utilFun.wait(1000);\nawait evaluation.clickSubmittedReview();\nawait utilFun.wait(1000);\nawait evaluation.clickAddFeedback();\n// await feedbackForm.enterDate('03092023');\nawait feedbackForm.selectFeedbackDuration('6 Months');\nawait feedbackForm.selectNextReviewType('Annual');\nawait feedbackForm.selectRevisedDesignation('Software Engineer');\nawait feedbackForm.selectRevisedDesignationCategory('Automation');\nawait feedbackForm.typeIncreament('200000');\nawait feedbackForm.typeDescription('testingggg');\nawait feedbackForm.clickSubmit();\nconst alertText = await evaluation.checkAlert();\nutilFun.assertEql(alertText, 'Increment status is updated successfully');",
              "err": {},
              "uuid": "e3373c9d-d4b9-423b-8396-20513d7bd10f",
              "parentUUID": "25f14664-8a29-4907-bd49-d55d8db7e3d4",
              "isHook": false,
              "skipped": true
            },
            {
              "title": "should able to edit review form",
              "fullTitle": "Pending Evaluations should able to edit review form",
              "timedOut": false,
              "duration": 0,
              "state": null,
              "speed": null,
              "pass": false,
              "fail": false,
              "pending": false,
              "context": null,
              "code": "await evaluation.clickFilterButton();\nawait evaluation.searchName('James Salinas');\nawait utilFun.wait(1000);\nconst name = await evaluation.getResourseName();\nutilFun.assertEql(name, 'James Salinas');\nawait evaluation.clickEditForm();\nawait utilFun.wait(1000);\n// await feedbackForm.enterDate('03102023');\nawait feedbackForm.selectFeedbackDuration('3 Months');\nawait feedbackForm.selectNextReviewType('Annual');\nawait feedbackForm.selectRevisedDesignation('Software Engineer');\nawait feedbackForm.typeIncreament('200000');\nawait feedbackForm.typeDescription('updated');\nawait feedbackForm.clickSubmit();\nconst alertText = await evaluation.checkAlert();\nutilFun.assertEql(alertText, 'Increment status is updated successfully');",
              "err": {},
              "uuid": "311992e9-4054-4f26-a8d5-276d69e22e77",
              "parentUUID": "25f14664-8a29-4907-bd49-d55d8db7e3d4",
              "isHook": false,
              "skipped": true
            },
            {
              "title": "should able to defer review",
              "fullTitle": "Pending Evaluations should able to defer review",
              "timedOut": false,
              "duration": 0,
              "state": null,
              "speed": null,
              "pass": false,
              "fail": false,
              "pending": false,
              "context": null,
              "code": "const query = [\n  `UPDATE employees SET \"designation\" = 'HR' WHERE id = 9474;`,\n  `UPDATE employees SET \"departmentId\" = 7 WHERE id = 9474;`,\n  `UPDATE employees SET \"designationId\" = 77 WHERE id = 9474;`,\n];\nawait utilFun.udpateDatabase(query);\nawait utilFun.refresh();\nawait evaluation.clickFilterButton();\nawait evaluation.searchName('James Salinas');\nawait utilFun.wait(1000);\nconst name = await evaluation.getResourseName();\nutilFun.assertEql(name, 'James Salinas');\nawait evaluation.clickDefer();\nawait evaluation.clickDeferType();\nawait utilFun.wait(1000);\nawait evaluation.selectDeferType('2 Weeks');\nawait evaluation.typeDeferReason('testing');\nawait evaluation.clickSubmitBtn();\nconst alertText = await evaluation.checkAlert();\nutilFun.assertEql(alertText, 'Increment status is updated successfully');",
              "err": {},
              "uuid": "2d77e6e0-6d7e-4506-a56c-c2b7a4169480",
              "parentUUID": "25f14664-8a29-4907-bd49-d55d8db7e3d4",
              "isHook": false,
              "skipped": true
            },
            {
              "title": "should able to complete review",
              "fullTitle": "Pending Evaluations should able to complete review",
              "timedOut": false,
              "duration": 0,
              "state": null,
              "speed": null,
              "pass": false,
              "fail": false,
              "pending": false,
              "context": null,
              "code": "const query = [\n  `UPDATE employees SET \"designation\" = 'HR' WHERE id = 9474;`,\n  `UPDATE employees SET \"departmentId\" = 7 WHERE id = 9474;`,\n  `UPDATE employees SET \"designationId\" = 77 WHERE id = 9474;`,\n  `UPDATE employee_evaluations SET \"processType\" = NULL WHERE id = 26;`,\n  `UPDATE employee_evaluations SET \"reasonForDefer\" = NULL WHERE id = 26;`,\n  `UPDATE employee_evaluations SET \"processDate\" = NULL WHERE id = 26;`,\n];\nawait utilFun.udpateDatabase(query);\nawait utilFun.refresh();\nawait evaluation.clickFilterButton();\nawait evaluation.searchName('James Salinas');\nawait utilFun.wait(1000);\nconst name = await evaluation.getResourseName();\nutilFun.assertEql(name, 'James Salinas');\nawait evaluation.clickComplete();\n// await feedbackForm.enterDate('03102023');\nawait feedbackForm.selectFeedbackDuration('3 Months');\nawait feedbackForm.selectNextReviewType('Annual');\nawait feedbackForm.selectRevisedDesignation('Software Engineer');\nawait feedbackForm.typeIncreament('200000');\nawait feedbackForm.clickSubmit();\nconst alertText = await evaluation.checkAlert();\nutilFun.assertEql(alertText, 'Increment status is updated successfully');",
              "err": {},
              "uuid": "bebba29f-7188-41ab-9294-8c2896f42cf1",
              "parentUUID": "25f14664-8a29-4907-bd49-d55d8db7e3d4",
              "isHook": false,
              "skipped": true
            }
          ],
          "suites": [],
          "passes": [],
          "failures": [],
          "pending": [],
          "skipped": [
            "2c46ec8e-4779-4a31-8c6a-f24f84c9ac99",
            "7c7e33e1-c4e5-4821-a7aa-fb1c56f03f94",
            "797e6e88-b9e8-48cb-8b12-c0bd3764449b",
            "b5b7d1c7-8ece-4554-aceb-b901422c472e",
            "2fda5bd5-20f8-4cb7-99ab-630f0cb83b0a",
            "b1e782b8-373b-4bd5-8105-cee39e29e920",
            "6174b3f2-c5bf-465a-a134-45fc7209f5f8",
            "91542f81-3c33-42cf-bee6-0600feced35d",
            "1abf2404-49de-4cbe-bbc1-748a48ba74cc",
            "8aad6159-b24b-4c88-bee0-c7586c6709ff",
            "95eebc41-5c5f-479e-92c5-ff04f72df030",
            "fe4d54ee-b17e-4f5c-b2a8-ca7f882a70da",
            "e3373c9d-d4b9-423b-8396-20513d7bd10f",
            "311992e9-4054-4f26-a8d5-276d69e22e77",
            "2d77e6e0-6d7e-4506-a56c-c2b7a4169480",
            "bebba29f-7188-41ab-9294-8c2896f42cf1"
          ],
          "duration": 0,
          "root": false,
          "rootEmpty": false,
          "_timeout": 100000
        },
        {
          "uuid": "d2bff11d-dd02-47ec-890a-9a70a1497769",
          "title": "Performance Base Evaluations",
          "fullFile": "/home/devops/invohub/resource-engagement/test/e2e/1-Evaluation/spec_2_performance.js",
          "file": "/test/e2e/1-Evaluation/spec_2_performance.js",
          "beforeHooks": [
            {
              "title": "\"before all\" hook for \"should check if performance evaluations are showing\"",
              "fullTitle": "Performance Base Evaluations \"before all\" hook for \"should check if performance evaluations are showing\"",
              "timedOut": true,
              "duration": 100099,
              "state": "failed",
              "speed": null,
              "pass": false,
              "fail": true,
              "pending": false,
              "context": null,
              "code": "await utilFun.loginAccount()\nconst url = await utilFun.getUrl();\nassert.equal(url, baseUrl + '/home');\nlet query = [\n  `UPDATE employee_evaluations SET \"incrementType\" = 'performance' WHERE id = 26;`,\n  `UPDATE employees SET \"designation\" = 'Software Engineer' WHERE id = 9474;`,\n  `UPDATE employees SET \"departmentId\" = 9 WHERE id = 9474;`,\n  `UPDATE employees SET \"designationId\" = 138 WHERE id = 9474;`,\n  `UPDATE employee_evaluations SET \"processType\" = NULL WHERE id = 26;`,\n  `UPDATE employee_evaluations SET \"reasonForDefer\" = NULL WHERE id = 26;`,\n  `UPDATE employee_evaluations SET \"processDate\" = NULL WHERE id = 26;`,\n  `UPDATE employee_evaluations SET \"feedback\" = NULL WHERE id = 26;`,\n];\nawait utilFun.udpateDatabase(query);",
              "err": {
                "message": "Error: Timeout of 100000ms exceeded. For async tests and hooks, ensure \"done()\" is called; if returning a Promise, ensure it resolves. (/home/devops/invohub/resource-engagement/test/e2e/1-Evaluation/spec_2_performance.js)",
                "estack": "Error: Timeout of 100000ms exceeded. For async tests and hooks, ensure \"done()\" is called; if returning a Promise, ensure it resolves. (/home/devops/invohub/resource-engagement/test/e2e/1-Evaluation/spec_2_performance.js)\n    at listOnTimeout (node:internal/timers:564:17)\n    at process.processTimers (node:internal/timers:507:7)",
                "diff": null
              },
              "uuid": "bf853c83-94eb-4606-81af-9280611a6796",
              "parentUUID": "d2bff11d-dd02-47ec-890a-9a70a1497769",
              "isHook": true,
              "skipped": false
            },
            {
              "title": "\"before each\" hook",
              "fullTitle": "Performance Base Evaluations \"before each\" hook",
              "timedOut": false,
              "duration": 0,
              "state": null,
              "speed": null,
              "pass": false,
              "fail": false,
              "pending": false,
              "context": null,
              "code": "await utilFun.visit(baseUrl + '/evaluation-performance');\nawait utilFun.wait(4000);",
              "err": {},
              "uuid": "8e68d215-cbaa-48f3-9028-12c6482ed58f",
              "parentUUID": "d2bff11d-dd02-47ec-890a-9a70a1497769",
              "isHook": true,
              "skipped": false
            }
          ],
          "afterHooks": [],
          "tests": [
            {
              "title": "should check if performance evaluations are showing",
              "fullTitle": "Performance Base Evaluations should check if performance evaluations are showing",
              "timedOut": false,
              "duration": 0,
              "state": null,
              "speed": null,
              "pass": false,
              "fail": false,
              "pending": false,
              "context": null,
              "code": "let obj = await evaluation.getAllPendingResourses();\nassert(obj.length > 0, `No Evaluation Found`);",
              "err": {},
              "uuid": "8650f0de-bc32-4eff-bd5e-f0a405cef0ae",
              "parentUUID": "d2bff11d-dd02-47ec-890a-9a70a1497769",
              "isHook": false,
              "skipped": true
            },
            {
              "title": "should able to filter resoures by name",
              "fullTitle": "Performance Base Evaluations should able to filter resoures by name",
              "timedOut": false,
              "duration": 0,
              "state": null,
              "speed": null,
              "pass": false,
              "fail": false,
              "pending": false,
              "context": null,
              "code": "await evaluation.clickFilterButton();\nawait evaluation.searchName('James Salinas');\nawait utilFun.wait(1000);\nconst name = await evaluation.getResourseName();\nutilFun.assertEql(name, 'James Salinas');",
              "err": {},
              "uuid": "0c68bb0d-f9cb-4261-8d7e-120ca38e85be",
              "parentUUID": "d2bff11d-dd02-47ec-890a-9a70a1497769",
              "isHook": false,
              "skipped": true
            },
            {
              "title": "should able to filter resoures by Last Increment",
              "fullTitle": "Performance Base Evaluations should able to filter resoures by Last Increment",
              "timedOut": false,
              "duration": 0,
              "state": null,
              "speed": null,
              "pass": false,
              "fail": false,
              "pending": false,
              "context": null,
              "code": "await evaluation.clickFilterButton();\nawait evaluation.selectLastIncrement('N/A');\nconst valuesCount = await evaluation.checkValues();\nutilFun.assertEql(valuesCount, 1);",
              "err": {},
              "uuid": "145e8436-ae3f-4c4c-abea-0262e3921382",
              "parentUUID": "d2bff11d-dd02-47ec-890a-9a70a1497769",
              "isHook": false,
              "skipped": true
            },
            {
              "title": "should able to  copy email from options",
              "fullTitle": "Performance Base Evaluations should able to  copy email from options",
              "timedOut": false,
              "duration": 0,
              "state": null,
              "speed": null,
              "pass": false,
              "fail": false,
              "pending": false,
              "context": null,
              "code": "await evaluation.clickFilterButton();\nawait evaluation.searchName('James Salinas');\nawait utilFun.wait(1000);\nconst name = await evaluation.getResourseName();\nutilFun.assertEql(name, 'James Salinas');\nawait evaluation.clickOptionBtn();\nawait utilFun.wait(1000);\nawait evaluation.selectOption('Copy Email');\nconst alertText = await evaluation.checkAlert();\nutilFun.assertEql(alertText, 'Email address is copied');",
              "err": {},
              "uuid": "d320508f-d094-4303-894d-5cecc18a387e",
              "parentUUID": "d2bff11d-dd02-47ec-890a-9a70a1497769",
              "isHook": false,
              "skipped": true
            },
            {
              "title": "should able to Send Email from options",
              "fullTitle": "Performance Base Evaluations should able to Send Email from options",
              "timedOut": false,
              "duration": 0,
              "state": null,
              "speed": null,
              "pass": false,
              "fail": false,
              "pending": false,
              "context": null,
              "code": "await evaluation.clickFilterButton();\nawait evaluation.searchName('James Salinas');\nawait utilFun.wait(1000);\nconst name = await evaluation.getResourseName();\nutilFun.assertEql(name, 'James Salinas');\nawait evaluation.clickOptionBtn();\nawait utilFun.wait(1000);\nawait evaluation.selectOption('Send Email');\nawait utilFun.wait(1000);\nawait utilFun.switchWindow(1);\nawait utilFun.wait(3000);\nconst url = await utilFun.getUrl();\nassert.equal(url, 'https://mail.google.com/mail/u/0/?fs=1&tf=cm&to=james@robot-mail.com');\nawait utilFun.closeCurrentTab();\nawait utilFun.switchWindow(0);",
              "err": {},
              "uuid": "7cc9f43c-f520-47b5-8a3b-8808f336e99e",
              "parentUUID": "d2bff11d-dd02-47ec-890a-9a70a1497769",
              "isHook": false,
              "skipped": true
            },
            {
              "title": "should able to Open Slack DM from options",
              "fullTitle": "Performance Base Evaluations should able to Open Slack DM from options",
              "timedOut": false,
              "duration": 0,
              "state": null,
              "speed": null,
              "pass": false,
              "fail": false,
              "pending": false,
              "context": null,
              "code": "await evaluation.clickFilterButton();\nawait evaluation.searchName('James Salinas');\nawait utilFun.wait(1000);\nconst name = await evaluation.getResourseName();\nutilFun.assertEql(name, 'James Salinas');\nawait evaluation.clickOptionBtn();\nawait utilFun.wait(1000);\nawait evaluation.selectOption('Open Slack DM');\nawait utilFun.wait(1000);\nawait utilFun.switchWindow(1);\nawait utilFun.wait(3000);\nconst url = await utilFun.getUrl();\nassert.equal(url, 'https://invozone.slack.com/?redir=%2Fapp_redirect%3Fchannel%3Dundefined');\nawait utilFun.closeCurrentTab();\nawait utilFun.switchWindow(0);",
              "err": {},
              "uuid": "e2c188c4-1f44-4295-9f52-7e6286626c1e",
              "parentUUID": "d2bff11d-dd02-47ec-890a-9a70a1497769",
              "isHook": false,
              "skipped": true
            },
            {
              "title": "should able to see Email from options",
              "fullTitle": "Performance Base Evaluations should able to see Email from options",
              "timedOut": false,
              "duration": 0,
              "state": null,
              "speed": null,
              "pass": false,
              "fail": false,
              "pending": false,
              "context": null,
              "code": "await evaluation.clickFilterButton();\nawait evaluation.searchName('James Salinas');\nawait utilFun.wait(1000);\nconst name = await evaluation.getResourseName();\nutilFun.assertEql(name, 'James Salinas');\nawait evaluation.clickOptionBtn();\nawait utilFun.wait(1000);\nawait evaluation.selectOption('See Email');\nawait utilFun.wait(4000);\nconst email = await evaluation.copyEmail();\nassert.equal(email, 'Email: james@robot-mail.com');",
              "err": {},
              "uuid": "b63cc46c-81f7-4492-bb27-218df69b6afb",
              "parentUUID": "d2bff11d-dd02-47ec-890a-9a70a1497769",
              "isHook": false,
              "skipped": true
            },
            {
              "title": "should able to copy Phone Number from options",
              "fullTitle": "Performance Base Evaluations should able to copy Phone Number from options",
              "timedOut": false,
              "duration": 0,
              "state": null,
              "speed": null,
              "pass": false,
              "fail": false,
              "pending": false,
              "context": null,
              "code": "await evaluation.clickFilterButton();\nawait evaluation.searchName('James Salinas');\nawait utilFun.wait(1000);\nconst name = await evaluation.getResourseName();\nutilFun.assertEql(name, 'James Salinas');\nawait evaluation.clickOptionBtn();\nawait utilFun.wait(1000);\nawait evaluation.selectOption('Phone Number');\nawait utilFun.wait(3000);\nawait evaluation.copyPhoneNumber();\nconst alertText = await evaluation.checkAlert();\nassert.equal(alertText, 'Phone# is copied successfully');",
              "err": {},
              "uuid": "6aaeacf2-c798-4b51-a649-3239da1360fa",
              "parentUUID": "d2bff11d-dd02-47ec-890a-9a70a1497769",
              "isHook": false,
              "skipped": true
            },
            {
              "title": "should able to see Resource Details from options",
              "fullTitle": "Performance Base Evaluations should able to see Resource Details from options",
              "timedOut": false,
              "duration": 0,
              "state": null,
              "speed": null,
              "pass": false,
              "fail": false,
              "pending": false,
              "context": null,
              "code": "await evaluation.clickFilterButton();\nawait evaluation.searchName('James Salinas');\nawait utilFun.wait(1000);\nconst name = await evaluation.getResourseName();\nutilFun.assertEql(name, 'James Salinas');\nawait evaluation.clickResource();\nawait utilFun.wait(1000);\nawait utilFun.switchWindow(1);\nawait utilFun.wait(1000);\nconst url = await utilFun.getUrl();\nassert.equal(url, baseUrl + '/resource-detail/9742?tab=Basic_Information');\nawait utilFun.closeCurrentTab();\nawait utilFun.switchWindow(0);",
              "err": {},
              "uuid": "ebb44874-c9d0-419b-abc4-d337b27b538c",
              "parentUUID": "d2bff11d-dd02-47ec-890a-9a70a1497769",
              "isHook": false,
              "skipped": true
            },
            {
              "title": "should able to see employee history",
              "fullTitle": "Performance Base Evaluations should able to see employee history",
              "timedOut": false,
              "duration": 0,
              "state": null,
              "speed": null,
              "pass": false,
              "fail": false,
              "pending": false,
              "context": null,
              "code": "await evaluation.clickFilterButton();\nawait evaluation.searchName('James Salinas');\nawait utilFun.wait(1000);\nconst name = await evaluation.getResourseName();\nutilFun.assertEql(name, 'James Salinas');\nawait evaluation.clickSeeFeedback();\nawait utilFun.wait(1000);\nconst title = await evaluation.checkTitle();\nutilFun.assertEql(title, 'Feedback History of James Salinas');\nawait evaluation.checkSelectedTab();",
              "err": {},
              "uuid": "123a0461-7372-4509-94d7-349f374c307c",
              "parentUUID": "d2bff11d-dd02-47ec-890a-9a70a1497769",
              "isHook": false,
              "skipped": true
            },
            {
              "title": "should able to request a review",
              "fullTitle": "Performance Base Evaluations should able to request a review",
              "timedOut": false,
              "duration": 0,
              "state": null,
              "speed": null,
              "pass": false,
              "fail": false,
              "pending": false,
              "context": null,
              "code": "await evaluation.clickFilterButton();\nawait evaluation.searchName('James Salinas');\nawait utilFun.wait(1000);\nconst name = await evaluation.getResourseName();\nutilFun.assertEql(name, 'James Salinas');\nawait evaluation.clickSeeFeedback();4\nawait utilFun.wait(1000);\nawait evaluation.clickSubmittedReview();\nawait evaluation.clickReqReviewBtn();\nawait utilFun.wait(1000);\nawait evaluation.clickHod('Muhammad Bilal Rafaqat');\nawait evaluation.clickSendReqBtn();\nconst alertText = await evaluation.checkAlert();\nutilFun.assertEql(alertText, 'Request is send successfully.');",
              "err": {},
              "uuid": "84e11c7a-29e3-44a3-b3e4-ada3759bc6f8",
              "parentUUID": "d2bff11d-dd02-47ec-890a-9a70a1497769",
              "isHook": false,
              "skipped": true
            },
            {
              "title": "should able to give a review",
              "fullTitle": "Performance Base Evaluations should able to give a review",
              "timedOut": false,
              "duration": 0,
              "state": null,
              "speed": null,
              "pass": false,
              "fail": false,
              "pending": false,
              "context": null,
              "code": "const query = [\n  `UPDATE employees SET \"departmentId\" = 9 WHERE id = 9474;`,\n  `UPDATE employees SET \"designationId\" = 83 WHERE id = 9474;`,\n  `UPDATE employees SET \"designation\" = 'Head of Engineering' WHERE id = 9474;`,\n];\nawait utilFun.udpateDatabase(query);\nawait utilFun.refresh();\nawait evaluation.clickFilterButton();\nawait evaluation.searchName('James Salinas');\nawait utilFun.wait(1000);\nconst name = await evaluation.getResourseName();\nutilFun.assertEql(name, 'James Salinas');\nawait evaluation.clickSeeFeedback();\nawait utilFun.wait(1000);\nawait evaluation.clickSubmittedReview();\nawait utilFun.wait(1000);\nawait evaluation.clickAddFeedback();\nawait feedbackForm.enterDate('03092023');\nawait feedbackForm.selectFeedbackDuration('6 Months');\nawait feedbackForm.selectNextReviewType('Annual');\nawait feedbackForm.selectRevisedDesignation('Software Engineer');\nawait feedbackForm.typeIncreament('200000');\nawait feedbackForm.typeDescription('testingggg');\nawait feedbackForm.clickSubmit();\nconst alertText = await evaluation.checkAlert();\nutilFun.assertEql(alertText, 'Increment status is updated successfully');",
              "err": {},
              "uuid": "c43668d3-526e-4ab4-9ce6-febaf33ef0c5",
              "parentUUID": "d2bff11d-dd02-47ec-890a-9a70a1497769",
              "isHook": false,
              "skipped": true
            },
            {
              "title": "should able to edit review form",
              "fullTitle": "Performance Base Evaluations should able to edit review form",
              "timedOut": false,
              "duration": 0,
              "state": null,
              "speed": null,
              "pass": false,
              "fail": false,
              "pending": false,
              "context": null,
              "code": "await evaluation.clickFilterButton();\nawait evaluation.searchName('James Salinas');\nawait utilFun.wait(1000);\nconst name = await evaluation.getResourseName();\nutilFun.assertEql(name, 'James Salinas');\nawait evaluation.clickEditForm();\nawait utilFun.wait(1000);\n// await feedbackForm.enterDate('03102023');\nawait feedbackForm.selectFeedbackDuration('3 Months');\nawait feedbackForm.selectNextReviewType('Annual');\nawait feedbackForm.selectRevisedDesignation('Software Engineer');\nawait feedbackForm.typeIncreament('200000');\nawait feedbackForm.typeDescription('updated');\nawait feedbackForm.clickSubmit();\nconst alertText = await evaluation.checkAlert();\nutilFun.assertEql(alertText, 'Increment status is updated successfully');",
              "err": {},
              "uuid": "26838a45-bc45-4790-ae95-b003e78c0b02",
              "parentUUID": "d2bff11d-dd02-47ec-890a-9a70a1497769",
              "isHook": false,
              "skipped": true
            },
            {
              "title": "should able to defer review",
              "fullTitle": "Performance Base Evaluations should able to defer review",
              "timedOut": false,
              "duration": 0,
              "state": null,
              "speed": null,
              "pass": false,
              "fail": false,
              "pending": false,
              "context": null,
              "code": "const query = [\n  `UPDATE employees SET \"designation\" = 'HR' WHERE id = 9474;`,\n  `UPDATE employees SET \"departmentId\" = 7 WHERE id = 9474;`,\n  `UPDATE employees SET \"designationId\" = 77 WHERE id = 9474;`,\n];\nawait utilFun.udpateDatabase(query);\nawait utilFun.refresh();\nawait evaluation.clickFilterButton();\nawait evaluation.searchName('James Salinas');\nawait utilFun.wait(1000);\nconst name = await evaluation.getResourseName();\nutilFun.assertEql(name, 'James Salinas');\nawait evaluation.clickDefer();\nawait evaluation.clickDeferType();\nawait utilFun.wait(1000);\nawait evaluation.selectDeferType('2 Weeks');\nawait evaluation.typeDeferReason('testing');\nawait evaluation.clickSubmitBtn();\nconst alertText = await evaluation.checkAlert();\nutilFun.assertEql(alertText, 'Increment status is updated successfully');",
              "err": {},
              "uuid": "f5614e14-89b3-49b4-a8b0-a9d1c8e76d61",
              "parentUUID": "d2bff11d-dd02-47ec-890a-9a70a1497769",
              "isHook": false,
              "skipped": true
            },
            {
              "title": "should able to complete review",
              "fullTitle": "Performance Base Evaluations should able to complete review",
              "timedOut": false,
              "duration": 0,
              "state": null,
              "speed": null,
              "pass": false,
              "fail": false,
              "pending": false,
              "context": null,
              "code": "const query = [\n  `UPDATE employees SET \"designation\" = 'HR' WHERE id = 9474;`,\n  `UPDATE employees SET \"departmentId\" = 7 WHERE id = 9474;`,\n  `UPDATE employees SET \"designationId\" = 77 WHERE id = 9474;`,\n  `UPDATE employee_evaluations SET \"processType\" = NULL WHERE id = 26;`,\n  `UPDATE employee_evaluations SET \"reasonForDefer\" = NULL WHERE id = 26;`,\n  `UPDATE employee_evaluations SET \"processDate\" = NULL WHERE id = 26;`,\n];\nawait utilFun.udpateDatabase(query);\nawait utilFun.refresh();\nawait evaluation.clickFilterButton();\nawait evaluation.searchName('James Salinas');\nawait utilFun.wait(1000);\nconst name = await evaluation.getResourseName();\nutilFun.assertEql(name, 'James Salinas');\nawait evaluation.clickComplete();\n// await feedbackForm.enterDate('03102023');\nawait feedbackForm.selectFeedbackDuration('3 Months');\nawait feedbackForm.selectNextReviewType('Annual');\nawait feedbackForm.selectRevisedDesignation('Software Engineer');\nawait feedbackForm.typeIncreament('200000');\nawait feedbackForm.clickSubmit();\nconst alertText = await evaluation.checkAlert();\nutilFun.assertEql(alertText, 'Increment status is updated successfully');",
              "err": {},
              "uuid": "393f66a0-f6f3-4d5a-a491-fdd6145502ae",
              "parentUUID": "d2bff11d-dd02-47ec-890a-9a70a1497769",
              "isHook": false,
              "skipped": true
            }
          ],
          "suites": [],
          "passes": [],
          "failures": [],
          "pending": [],
          "skipped": [
            "8650f0de-bc32-4eff-bd5e-f0a405cef0ae",
            "0c68bb0d-f9cb-4261-8d7e-120ca38e85be",
            "145e8436-ae3f-4c4c-abea-0262e3921382",
            "d320508f-d094-4303-894d-5cecc18a387e",
            "7cc9f43c-f520-47b5-8a3b-8808f336e99e",
            "e2c188c4-1f44-4295-9f52-7e6286626c1e",
            "b63cc46c-81f7-4492-bb27-218df69b6afb",
            "6aaeacf2-c798-4b51-a649-3239da1360fa",
            "ebb44874-c9d0-419b-abc4-d337b27b538c",
            "123a0461-7372-4509-94d7-349f374c307c",
            "84e11c7a-29e3-44a3-b3e4-ada3759bc6f8",
            "c43668d3-526e-4ab4-9ce6-febaf33ef0c5",
            "26838a45-bc45-4790-ae95-b003e78c0b02",
            "f5614e14-89b3-49b4-a8b0-a9d1c8e76d61",
            "393f66a0-f6f3-4d5a-a491-fdd6145502ae"
          ],
          "duration": 0,
          "root": false,
          "rootEmpty": false,
          "_timeout": 100000
        },
        {
          "uuid": "2e550355-0331-4711-8fd5-e26a310e1bea",
          "title": "Retention Base Evaluations",
          "fullFile": "/home/devops/invohub/resource-engagement/test/e2e/1-Evaluation/spec_3_retention.js",
          "file": "/test/e2e/1-Evaluation/spec_3_retention.js",
          "beforeHooks": [
            {
              "title": "\"before all\" hook for \"should check if retention evaluations are showing\"",
              "fullTitle": "Retention Base Evaluations \"before all\" hook for \"should check if retention evaluations are showing\"",
              "timedOut": true,
              "duration": 100003,
              "state": "failed",
              "speed": null,
              "pass": false,
              "fail": true,
              "pending": false,
              "context": null,
              "code": "await utilFun.loginAccount()\nconst url = await utilFun.getUrl();\nassert.equal(url, baseUrl + '/home');\nlet query = [\n  `UPDATE employee_evaluations SET \"incrementType\" = 'retention' WHERE id = 26;`,\n  `UPDATE employees SET \"designation\" = 'Software Engineer' WHERE id = 9474;`,\n  `UPDATE employees SET \"departmentId\" = 9 WHERE id = 9474;`,\n  `UPDATE employees SET \"designationId\" = 138 WHERE id = 9474;`,\n  `UPDATE employee_evaluations SET \"processType\" = NULL WHERE id = 26;`,\n  `UPDATE employee_evaluations SET \"reasonForDefer\" = NULL WHERE id = 26;`,\n  `UPDATE employee_evaluations SET \"processDate\" = NULL WHERE id = 26;`,\n  `UPDATE employee_evaluations SET \"feedback\" = NULL WHERE id = 26;`,\n];\nawait utilFun.udpateDatabase(query);",
              "err": {
                "message": "Error: Timeout of 100000ms exceeded. For async tests and hooks, ensure \"done()\" is called; if returning a Promise, ensure it resolves. (/home/devops/invohub/resource-engagement/test/e2e/1-Evaluation/spec_3_retention.js)",
                "estack": "Error: Timeout of 100000ms exceeded. For async tests and hooks, ensure \"done()\" is called; if returning a Promise, ensure it resolves. (/home/devops/invohub/resource-engagement/test/e2e/1-Evaluation/spec_3_retention.js)\n    at listOnTimeout (node:internal/timers:564:17)\n    at process.processTimers (node:internal/timers:507:7)",
                "diff": null
              },
              "uuid": "9ef593dc-74b8-40c2-bc3d-989700f760b8",
              "parentUUID": "2e550355-0331-4711-8fd5-e26a310e1bea",
              "isHook": true,
              "skipped": false
            },
            {
              "title": "\"before each\" hook",
              "fullTitle": "Retention Base Evaluations \"before each\" hook",
              "timedOut": false,
              "duration": 0,
              "state": null,
              "speed": null,
              "pass": false,
              "fail": false,
              "pending": false,
              "context": null,
              "code": "await utilFun.visit(baseUrl + '/evaluation-retention');\nawait utilFun.wait(4000);",
              "err": {},
              "uuid": "3c61f3cf-bc9f-42a8-8883-c01cffecc3c3",
              "parentUUID": "2e550355-0331-4711-8fd5-e26a310e1bea",
              "isHook": true,
              "skipped": false
            }
          ],
          "afterHooks": [],
          "tests": [
            {
              "title": "should check if retention evaluations are showing",
              "fullTitle": "Retention Base Evaluations should check if retention evaluations are showing",
              "timedOut": false,
              "duration": 0,
              "state": null,
              "speed": null,
              "pass": false,
              "fail": false,
              "pending": false,
              "context": null,
              "code": "let obj = await evaluation.getAllPendingResourses();\nassert(obj.length > 0, `No Evaluation Found`);",
              "err": {},
              "uuid": "79bb1bb7-2e5d-42a6-80a0-4fff00375da7",
              "parentUUID": "2e550355-0331-4711-8fd5-e26a310e1bea",
              "isHook": false,
              "skipped": true
            },
            {
              "title": "should able to filter resoures by name",
              "fullTitle": "Retention Base Evaluations should able to filter resoures by name",
              "timedOut": false,
              "duration": 0,
              "state": null,
              "speed": null,
              "pass": false,
              "fail": false,
              "pending": false,
              "context": null,
              "code": "await evaluation.clickFilterButton();\nawait evaluation.searchName('James Salinas');\nawait utilFun.wait(1000);\nconst name = await evaluation.getResourseName();\nutilFun.assertEql(name, 'James Salinas');",
              "err": {},
              "uuid": "4f628c58-fbbe-4bb3-94f9-87b747fa12dc",
              "parentUUID": "2e550355-0331-4711-8fd5-e26a310e1bea",
              "isHook": false,
              "skipped": true
            },
            {
              "title": "should able to filter resoures by Last Increment",
              "fullTitle": "Retention Base Evaluations should able to filter resoures by Last Increment",
              "timedOut": false,
              "duration": 0,
              "state": null,
              "speed": null,
              "pass": false,
              "fail": false,
              "pending": false,
              "context": null,
              "code": "await evaluation.clickFilterButton();\nawait evaluation.selectLastIncrement('N/A');\nconst valuesCount = await evaluation.checkValues();\nutilFun.assertEql(valuesCount, 1);",
              "err": {},
              "uuid": "057c6c35-3326-4729-999e-ce8e4a419b27",
              "parentUUID": "2e550355-0331-4711-8fd5-e26a310e1bea",
              "isHook": false,
              "skipped": true
            },
            {
              "title": "should able to  copy email from options",
              "fullTitle": "Retention Base Evaluations should able to  copy email from options",
              "timedOut": false,
              "duration": 0,
              "state": null,
              "speed": null,
              "pass": false,
              "fail": false,
              "pending": false,
              "context": null,
              "code": "await evaluation.clickFilterButton();\nawait evaluation.searchName('James Salinas');\nawait utilFun.wait(1000);\nconst name = await evaluation.getResourseName();\nutilFun.assertEql(name, 'James Salinas');\nawait evaluation.clickOptionBtn();\nawait utilFun.wait(1000);\nawait evaluation.selectOption('Copy Email');\nconst alertText = await evaluation.checkAlert();\nutilFun.assertEql(alertText, 'Email address is copied');",
              "err": {},
              "uuid": "8910f7ea-36b1-413b-ba8d-b1b071953fa4",
              "parentUUID": "2e550355-0331-4711-8fd5-e26a310e1bea",
              "isHook": false,
              "skipped": true
            },
            {
              "title": "should able to Send Email from options",
              "fullTitle": "Retention Base Evaluations should able to Send Email from options",
              "timedOut": false,
              "duration": 0,
              "state": null,
              "speed": null,
              "pass": false,
              "fail": false,
              "pending": false,
              "context": null,
              "code": "await evaluation.clickFilterButton();\nawait evaluation.searchName('James Salinas');\nawait utilFun.wait(1000);\nconst name = await evaluation.getResourseName();\nutilFun.assertEql(name, 'James Salinas');\nawait evaluation.clickOptionBtn();\nawait utilFun.wait(1000);\nawait evaluation.selectOption('Send Email');\nawait utilFun.wait(1000);\nawait utilFun.switchWindow(1);\nawait utilFun.wait(3000);\nconst url = await utilFun.getUrl();\nassert.equal(url, 'https://mail.google.com/mail/u/0/?fs=1&tf=cm&to=james@robot-mail.com');\nawait utilFun.closeCurrentTab();\nawait utilFun.switchWindow(0);",
              "err": {},
              "uuid": "f1f46c70-cbcd-4d40-9c79-1f9744b553ce",
              "parentUUID": "2e550355-0331-4711-8fd5-e26a310e1bea",
              "isHook": false,
              "skipped": true
            },
            {
              "title": "should able to Open Slack DM from options",
              "fullTitle": "Retention Base Evaluations should able to Open Slack DM from options",
              "timedOut": false,
              "duration": 0,
              "state": null,
              "speed": null,
              "pass": false,
              "fail": false,
              "pending": false,
              "context": null,
              "code": "await evaluation.clickFilterButton();\nawait evaluation.searchName('James Salinas');\nawait utilFun.wait(1000);\nconst name = await evaluation.getResourseName();\nutilFun.assertEql(name, 'James Salinas');\nawait evaluation.clickOptionBtn();\nawait utilFun.wait(1000);\nawait evaluation.selectOption('Open Slack DM');\nawait utilFun.wait(1000);\nawait utilFun.switchWindow(1);\nawait utilFun.wait(3000);\nconst url = await utilFun.getUrl();\nassert.equal(url, 'https://invozone.slack.com/?redir=%2Fapp_redirect%3Fchannel%3Dundefined');\nawait utilFun.closeCurrentTab();\nawait utilFun.switchWindow(0);",
              "err": {},
              "uuid": "c1636e79-c033-41c0-8d83-b703ee9effde",
              "parentUUID": "2e550355-0331-4711-8fd5-e26a310e1bea",
              "isHook": false,
              "skipped": true
            },
            {
              "title": "should able to see Email from options",
              "fullTitle": "Retention Base Evaluations should able to see Email from options",
              "timedOut": false,
              "duration": 0,
              "state": null,
              "speed": null,
              "pass": false,
              "fail": false,
              "pending": false,
              "context": null,
              "code": "await evaluation.clickFilterButton();\nawait evaluation.searchName('James Salinas');\nawait utilFun.wait(1000);\nconst name = await evaluation.getResourseName();\nutilFun.assertEql(name, 'James Salinas');\nawait evaluation.clickOptionBtn();\nawait utilFun.wait(1000);\nawait evaluation.selectOption('See Email');\nawait utilFun.wait(4000);\nconst email = await evaluation.copyEmail();\nassert.equal(email, 'Email: james@robot-mail.com');",
              "err": {},
              "uuid": "640525e9-efd5-467c-9a54-5bf36bf22fef",
              "parentUUID": "2e550355-0331-4711-8fd5-e26a310e1bea",
              "isHook": false,
              "skipped": true
            },
            {
              "title": "should able to copy Phone Number from options",
              "fullTitle": "Retention Base Evaluations should able to copy Phone Number from options",
              "timedOut": false,
              "duration": 0,
              "state": null,
              "speed": null,
              "pass": false,
              "fail": false,
              "pending": false,
              "context": null,
              "code": "await evaluation.clickFilterButton();\nawait evaluation.searchName('James Salinas');\nawait utilFun.wait(1000);\nconst name = await evaluation.getResourseName();\nutilFun.assertEql(name, 'James Salinas');\nawait evaluation.clickOptionBtn();\nawait utilFun.wait(1000);\nawait evaluation.selectOption('Phone Number');\nawait utilFun.wait(3000);\nawait evaluation.copyPhoneNumber();\nconst alertText = await evaluation.checkAlert();\nassert.equal(alertText, 'Phone# is copied successfully');",
              "err": {},
              "uuid": "85de21a6-9d94-4f0e-90c8-8046a933d105",
              "parentUUID": "2e550355-0331-4711-8fd5-e26a310e1bea",
              "isHook": false,
              "skipped": true
            },
            {
              "title": "should able to see Resource Details from options",
              "fullTitle": "Retention Base Evaluations should able to see Resource Details from options",
              "timedOut": false,
              "duration": 0,
              "state": null,
              "speed": null,
              "pass": false,
              "fail": false,
              "pending": false,
              "context": null,
              "code": "await evaluation.clickFilterButton();\nawait evaluation.searchName('James Salinas');\nawait utilFun.wait(1000);\nconst name = await evaluation.getResourseName();\nutilFun.assertEql(name, 'James Salinas');\nawait evaluation.clickResource();\nawait utilFun.wait(1000);\nawait utilFun.switchWindow(1);\nawait utilFun.wait(1000);\nconst url = await utilFun.getUrl();\nassert.equal(url, baseUrl + '/resource-detail/9742?tab=Basic_Information');\nawait utilFun.closeCurrentTab();\nawait utilFun.switchWindow(0);",
              "err": {},
              "uuid": "93dfc943-f72c-47ec-a86a-60cdaa1505ef",
              "parentUUID": "2e550355-0331-4711-8fd5-e26a310e1bea",
              "isHook": false,
              "skipped": true
            },
            {
              "title": "should able to see employee history",
              "fullTitle": "Retention Base Evaluations should able to see employee history",
              "timedOut": false,
              "duration": 0,
              "state": null,
              "speed": null,
              "pass": false,
              "fail": false,
              "pending": false,
              "context": null,
              "code": "await evaluation.clickFilterButton();\nawait evaluation.searchName('James Salinas');\nawait utilFun.wait(1000);\nconst name = await evaluation.getResourseName();\nutilFun.assertEql(name, 'James Salinas');\nawait evaluation.clickSeeFeedback();\nawait utilFun.wait(1000);\nconst title = await evaluation.checkTitle();\nutilFun.assertEql(title, 'Feedback History of James Salinas');\nawait evaluation.checkSelectedTab();",
              "err": {},
              "uuid": "526334ee-9f70-4717-8d2e-8e85cfc5d76c",
              "parentUUID": "2e550355-0331-4711-8fd5-e26a310e1bea",
              "isHook": false,
              "skipped": true
            },
            {
              "title": "should able to request a review",
              "fullTitle": "Retention Base Evaluations should able to request a review",
              "timedOut": false,
              "duration": 0,
              "state": null,
              "speed": null,
              "pass": false,
              "fail": false,
              "pending": false,
              "context": null,
              "code": "await evaluation.clickFilterButton();\nawait evaluation.searchName('James Salinas');\nawait utilFun.wait(1000);\nconst name = await evaluation.getResourseName();\nutilFun.assertEql(name, 'James Salinas');\nawait evaluation.clickSeeFeedback();\nawait utilFun.wait(1000);\nawait evaluation.clickSubmittedReview();\nawait evaluation.clickReqReviewBtn();\nawait utilFun.wait(1000);\nawait evaluation.clickHod('Muhammad Bilal Rafaqat');\nawait evaluation.clickSendReqBtn();\nconst alertText = await evaluation.checkAlert();\nutilFun.assertEql(alertText, 'Request is send successfully.');",
              "err": {},
              "uuid": "a254c663-afd6-4fcb-9b31-5d833ea82eff",
              "parentUUID": "2e550355-0331-4711-8fd5-e26a310e1bea",
              "isHook": false,
              "skipped": true
            },
            {
              "title": "should able to give a review",
              "fullTitle": "Retention Base Evaluations should able to give a review",
              "timedOut": false,
              "duration": 0,
              "state": null,
              "speed": null,
              "pass": false,
              "fail": false,
              "pending": false,
              "context": null,
              "code": "const query = [\n  `UPDATE employees SET \"departmentId\" = 9 WHERE id = 9474;`,\n  `UPDATE employees SET \"designationId\" = 83 WHERE id = 9474;`,\n  `UPDATE employees SET \"designation\" = 'Head of Engineering' WHERE id = 9474;`,\n];\nawait utilFun.udpateDatabase(query);\nawait utilFun.refresh();\nawait evaluation.clickFilterButton();\nawait evaluation.searchName('James Salinas');\nawait utilFun.wait(1000);\nconst name = await evaluation.getResourseName();\nutilFun.assertEql(name, 'James Salinas');\nawait evaluation.clickSeeFeedback();\nawait utilFun.wait(1000);\nawait evaluation.clickSubmittedReview();\nawait utilFun.wait(1000);\nawait evaluation.clickAddFeedback();\n// await feedbackForm.enterDate('03092023');\nawait feedbackForm.selectFeedbackDuration('6 Months');\nawait feedbackForm.selectNextReviewType('Annual');\nawait feedbackForm.selectRevisedDesignation('Software Engineer');\nawait feedbackForm.typeIncreament('200000');\nawait feedbackForm.typeDescription('testingggg');\nawait feedbackForm.clickSubmit();\nconst alertText = await evaluation.checkAlert();\nutilFun.assertEql(alertText, 'Increment status is updated successfully');",
              "err": {},
              "uuid": "7d1ca368-6c25-4ddd-a00b-30535c6ceb46",
              "parentUUID": "2e550355-0331-4711-8fd5-e26a310e1bea",
              "isHook": false,
              "skipped": true
            },
            {
              "title": "should able to edit review form",
              "fullTitle": "Retention Base Evaluations should able to edit review form",
              "timedOut": false,
              "duration": 0,
              "state": null,
              "speed": null,
              "pass": false,
              "fail": false,
              "pending": false,
              "context": null,
              "code": "await evaluation.clickFilterButton();\nawait evaluation.searchName('James Salinas');\nawait utilFun.wait(1000);\nconst name = await evaluation.getResourseName();\nutilFun.assertEql(name, 'James Salinas');\nawait evaluation.clickEditForm();\nawait utilFun.wait(1000);\n// await feedbackForm.enterDate('03102023');\nawait feedbackForm.selectFeedbackDuration('3 Months');\nawait feedbackForm.selectNextReviewType('Annual');\nawait feedbackForm.selectRevisedDesignation('Software Engineer');\nawait feedbackForm.typeIncreament('200000');\nawait feedbackForm.typeDescription('updated');\nawait feedbackForm.clickSubmit();\nconst alertText = await evaluation.checkAlert();\nutilFun.assertEql(alertText, 'Increment status is updated successfully');",
              "err": {},
              "uuid": "0919fc85-2c18-43ef-9261-68f8bb5290d8",
              "parentUUID": "2e550355-0331-4711-8fd5-e26a310e1bea",
              "isHook": false,
              "skipped": true
            },
            {
              "title": "should able to defer review",
              "fullTitle": "Retention Base Evaluations should able to defer review",
              "timedOut": false,
              "duration": 0,
              "state": null,
              "speed": null,
              "pass": false,
              "fail": false,
              "pending": false,
              "context": null,
              "code": "const query = [\n  `UPDATE employees SET \"designation\" = 'HR' WHERE id = 9474;`,\n  `UPDATE employees SET \"departmentId\" = 7 WHERE id = 9474;`,\n  `UPDATE employees SET \"designationId\" = 77 WHERE id = 9474;`,\n];\nawait utilFun.udpateDatabase(query);\nawait utilFun.refresh();\nawait evaluation.clickFilterButton();\nawait evaluation.searchName('James Salinas');\nawait utilFun.wait(1000);\nconst name = await evaluation.getResourseName();\nutilFun.assertEql(name, 'James Salinas');\nawait evaluation.clickDefer();\nawait evaluation.clickDeferType();\nawait utilFun.wait(1000);\nawait evaluation.selectDeferType('2 Weeks');\nawait evaluation.typeDeferReason('testing');\nawait evaluation.clickSubmitBtn();\nconst alertText = await evaluation.checkAlert();\nutilFun.assertEql(alertText, 'Increment status is updated successfully');",
              "err": {},
              "uuid": "97564714-f84f-44ba-9473-3c98586db2c4",
              "parentUUID": "2e550355-0331-4711-8fd5-e26a310e1bea",
              "isHook": false,
              "skipped": true
            },
            {
              "title": "should able to complete review",
              "fullTitle": "Retention Base Evaluations should able to complete review",
              "timedOut": false,
              "duration": 0,
              "state": null,
              "speed": null,
              "pass": false,
              "fail": false,
              "pending": false,
              "context": null,
              "code": "const query = [\n  `UPDATE employees SET \"designation\" = 'HR' WHERE id = 9474;`,\n  `UPDATE employees SET \"departmentId\" = 7 WHERE id = 9474;`,\n  `UPDATE employees SET \"designationId\" = 77 WHERE id = 9474;`,\n  `UPDATE employee_evaluations SET \"processType\" = NULL WHERE id = 26;`,\n  `UPDATE employee_evaluations SET \"reasonForDefer\" = NULL WHERE id = 26;`,\n  `UPDATE employee_evaluations SET \"processDate\" = NULL WHERE id = 26;`,\n];\nawait utilFun.udpateDatabase(query);\nawait utilFun.refresh();\nawait evaluation.clickFilterButton();\nawait evaluation.searchName('James Salinas');\nawait utilFun.wait(1000);\nconst name = await evaluation.getResourseName();\nutilFun.assertEql(name, 'James Salinas');\nawait evaluation.clickComplete();\n// await feedbackForm.enterDate('03102023');\nawait feedbackForm.selectFeedbackDuration('3 Months');\nawait feedbackForm.selectNextReviewType('Annual');\nawait feedbackForm.selectRevisedDesignation('Software Engineer');\nawait feedbackForm.typeIncreament('200000');\nawait feedbackForm.clickSubmit();\nconst alertText = await evaluation.checkAlert();\nutilFun.assertEql(alertText, 'Increment status is updated successfully');",
              "err": {},
              "uuid": "e621e911-5177-4696-8d5e-03f18234e974",
              "parentUUID": "2e550355-0331-4711-8fd5-e26a310e1bea",
              "isHook": false,
              "skipped": true
            }
          ],
          "suites": [],
          "passes": [],
          "failures": [],
          "pending": [],
          "skipped": [
            "79bb1bb7-2e5d-42a6-80a0-4fff00375da7",
            "4f628c58-fbbe-4bb3-94f9-87b747fa12dc",
            "057c6c35-3326-4729-999e-ce8e4a419b27",
            "8910f7ea-36b1-413b-ba8d-b1b071953fa4",
            "f1f46c70-cbcd-4d40-9c79-1f9744b553ce",
            "c1636e79-c033-41c0-8d83-b703ee9effde",
            "640525e9-efd5-467c-9a54-5bf36bf22fef",
            "85de21a6-9d94-4f0e-90c8-8046a933d105",
            "93dfc943-f72c-47ec-a86a-60cdaa1505ef",
            "526334ee-9f70-4717-8d2e-8e85cfc5d76c",
            "a254c663-afd6-4fcb-9b31-5d833ea82eff",
            "7d1ca368-6c25-4ddd-a00b-30535c6ceb46",
            "0919fc85-2c18-43ef-9261-68f8bb5290d8",
            "97564714-f84f-44ba-9473-3c98586db2c4",
            "e621e911-5177-4696-8d5e-03f18234e974"
          ],
          "duration": 0,
          "root": false,
          "rootEmpty": false,
          "_timeout": 100000
        },
        {
          "uuid": "c796bdeb-bfe2-4e38-a123-3c38faf06151",
          "title": "Evaluations History",
          "fullFile": "/home/devops/invohub/resource-engagement/test/e2e/1-Evaluation/spec_4_history.js",
          "file": "/test/e2e/1-Evaluation/spec_4_history.js",
          "beforeHooks": [
            {
              "title": "\"before all\" hook for \"should check if evaluations history is showing\"",
              "fullTitle": "Evaluations History \"before all\" hook for \"should check if evaluations history is showing\"",
              "timedOut": false,
              "duration": 3402,
              "state": "failed",
              "speed": null,
              "pass": false,
              "fail": true,
              "pending": false,
              "context": null,
              "code": "await utilFun.loginAccount()\nconst url = await utilFun.getUrl();\nassert.equal(url, baseUrl + '/home');\nlet query = [\n  `UPDATE employee_evaluations SET \"processType\" = 'COMPLETE' WHERE id = 26;`,\n  `DELETE FROM employee_evaluations WHERE \"employeeId\" = 9742 AND \"incrementType\" = 'designation';`,\n  `UPDATE employee_evaluations SET \"processDate\" = '2023-03-28 17:32:33.501+05' WHERE id = 26;`,\n];\nawait utilFun.udpateDatabase(query);",
              "err": {
                "message": "StaleElementReferenceError: stale element reference: stale element not found\n  (Session info: headless chrome=119.0.6045.159)",
                "estack": "StaleElementReferenceError: stale element reference: stale element not found\n  (Session info: headless chrome=119.0.6045.159)\n    at Object.throwDecodedError (node_modules/selenium-webdriver/lib/error.js:524:15)\n    at parseHttpResponse (node_modules/selenium-webdriver/lib/http.js:601:13)\n    at Executor.execute (node_modules/selenium-webdriver/lib/http.js:529:28)\n    at process.processTicksAndRejections (node:internal/process/task_queues:95:5)\n    at async thenableWebDriverProxy.execute (node_modules/selenium-webdriver/lib/webdriver.js:745:17)",
                "diff": null
              },
              "uuid": "891cb218-325d-4e06-8342-7ac4a8dc4ff7",
              "parentUUID": "c796bdeb-bfe2-4e38-a123-3c38faf06151",
              "isHook": true,
              "skipped": false
            },
            {
              "title": "\"before each\" hook",
              "fullTitle": "Evaluations History \"before each\" hook",
              "timedOut": false,
              "duration": 0,
              "state": null,
              "speed": null,
              "pass": false,
              "fail": false,
              "pending": false,
              "context": null,
              "code": "await utilFun.visit(baseUrl + '/evaluation-history');\nawait utilFun.wait(4000);",
              "err": {},
              "uuid": "e9cb3d56-9dd7-4c21-8add-3131508755e9",
              "parentUUID": "c796bdeb-bfe2-4e38-a123-3c38faf06151",
              "isHook": true,
              "skipped": false
            }
          ],
          "afterHooks": [],
          "tests": [
            {
              "title": "should check if evaluations history is showing",
              "fullTitle": "Evaluations History should check if evaluations history is showing",
              "timedOut": false,
              "duration": 0,
              "state": null,
              "speed": null,
              "pass": false,
              "fail": false,
              "pending": false,
              "context": null,
              "code": "let obj = await evaluation.getAllPendingResourses();\nassert(obj.length > 0, `No Evaluation Found`);",
              "err": {},
              "uuid": "45954653-4396-48f5-be96-7ca4f1062d57",
              "parentUUID": "c796bdeb-bfe2-4e38-a123-3c38faf06151",
              "isHook": false,
              "skipped": true
            },
            {
              "title": "should able to filter resoures by name",
              "fullTitle": "Evaluations History should able to filter resoures by name",
              "timedOut": false,
              "duration": 0,
              "state": null,
              "speed": null,
              "pass": false,
              "fail": false,
              "pending": false,
              "context": null,
              "code": "await evaluation.clickFilterButton();\nawait evaluation.searchName('James Salinas');\nawait utilFun.wait(1000);\nconst name = await evaluation.getResourseName();\nutilFun.assertEql(name, 'James Salinas');",
              "err": {},
              "uuid": "2c80594e-034f-4334-908b-8990d145e65a",
              "parentUUID": "c796bdeb-bfe2-4e38-a123-3c38faf06151",
              "isHook": false,
              "skipped": true
            },
            {
              "title": "should able to check review is completed",
              "fullTitle": "Evaluations History should able to check review is completed",
              "timedOut": false,
              "duration": 0,
              "state": null,
              "speed": null,
              "pass": false,
              "fail": false,
              "pending": false,
              "context": null,
              "code": "await evaluation.clickFilterButton();\nawait evaluation.searchName('James Salinas');\nawait utilFun.wait(1000);\nconst name = await evaluation.checkProcessState()\nutilFun.assertEql(name, 'Complete');",
              "err": {},
              "uuid": "2c9c0ccb-a005-4810-8593-7d9616d111b2",
              "parentUUID": "c796bdeb-bfe2-4e38-a123-3c38faf06151",
              "isHook": false,
              "skipped": true
            },
            {
              "title": "should able to filter resoures by Review Type",
              "fullTitle": "Evaluations History should able to filter resoures by Review Type",
              "timedOut": false,
              "duration": 0,
              "state": null,
              "speed": null,
              "pass": false,
              "fail": false,
              "pending": false,
              "context": null,
              "code": "await evaluation.clickFilterButton();\nawait evaluation.selectReviewType('Annual');\nconst valuesCount = await evaluation.checkValues();\nutilFun.assertEql(valuesCount, 1);",
              "err": {},
              "uuid": "2123cdb9-75ac-4320-bf4f-7f1ce256db1c",
              "parentUUID": "c796bdeb-bfe2-4e38-a123-3c38faf06151",
              "isHook": false,
              "skipped": true
            },
            {
              "title": "should able to filter resoures by Last Increment",
              "fullTitle": "Evaluations History should able to filter resoures by Last Increment",
              "timedOut": false,
              "duration": 0,
              "state": null,
              "speed": null,
              "pass": false,
              "fail": false,
              "pending": false,
              "context": null,
              "code": "await evaluation.clickFilterButton();\nawait evaluation.selectLastIncrement('N/A');\nconst valuesCount = await evaluation.checkValues();\nutilFun.assertEql(valuesCount, 1);",
              "err": {},
              "uuid": "f181e453-6946-4fef-b6b0-3da447978d4d",
              "parentUUID": "c796bdeb-bfe2-4e38-a123-3c38faf06151",
              "isHook": false,
              "skipped": true
            },
            {
              "title": "should able to  copy email from options",
              "fullTitle": "Evaluations History should able to  copy email from options",
              "timedOut": false,
              "duration": 0,
              "state": null,
              "speed": null,
              "pass": false,
              "fail": false,
              "pending": false,
              "context": null,
              "code": "await evaluation.clickFilterButton();\nawait evaluation.searchName('James Salinas');\nawait utilFun.wait(1000);\nconst name = await evaluation.getResourseName();\nutilFun.assertEql(name, 'James Salinas');\nawait evaluation.clickOptionBtn();\nawait utilFun.wait(1000);\nawait evaluation.selectOption('Copy Email');\nconst alertText = await evaluation.checkAlert();\nutilFun.assertEql(alertText, 'Email address is copied');",
              "err": {},
              "uuid": "aeb80a28-5292-4073-8e77-cf23d2ae82a6",
              "parentUUID": "c796bdeb-bfe2-4e38-a123-3c38faf06151",
              "isHook": false,
              "skipped": true
            },
            {
              "title": "should able to Send Email from options",
              "fullTitle": "Evaluations History should able to Send Email from options",
              "timedOut": false,
              "duration": 0,
              "state": null,
              "speed": null,
              "pass": false,
              "fail": false,
              "pending": false,
              "context": null,
              "code": "await evaluation.clickFilterButton();\nawait evaluation.searchName('James Salinas');\nawait utilFun.wait(1000);\nconst name = await evaluation.getResourseName();\nutilFun.assertEql(name, 'James Salinas');\nawait evaluation.clickOptionBtn();\nawait utilFun.wait(1000);\nawait evaluation.selectOption('Send Email');\nawait utilFun.wait(1000);\nawait utilFun.switchWindow(1);\nawait utilFun.wait(3000);\nconst url = await utilFun.getUrl();\nassert.equal(url, 'https://mail.google.com/mail/u/0/?fs=1&tf=cm&to=james@robot-mail.com');\nawait utilFun.closeCurrentTab();\nawait utilFun.switchWindow(0);",
              "err": {},
              "uuid": "17622e5b-712c-4c08-83c9-8dfb3b2dc4eb",
              "parentUUID": "c796bdeb-bfe2-4e38-a123-3c38faf06151",
              "isHook": false,
              "skipped": true
            },
            {
              "title": "should able to Open Slack DM from options",
[...]
              "timedOut": false,
              "duration": 0,
              "state": "pending",
              "speed": null,
              "pass": false,
              "fail": false,
              "pending": true,
              "context": null,
              "code": "",
              "err": {},
              "uuid": "2024d32e-8186-4f92-847e-9f8d94b1d716",
              "parentUUID": "51962a7d-d59d-4ba7-9471-20f07a252113",
              "isHook": false,
              "skipped": false
            },
            {
              "title": "should able to hide Client Side Point of Contact Email(s) column",
              "fullTitle": "Per-Sale Project Onboarding should able to hide Client Side Point of Contact Email(s) column",
              "timedOut": false,
              "duration": 0,
              "state": "pending",
              "speed": null,
              "pass": false,
              "fail": false,
              "pending": true,
              "context": null,
              "code": "",
              "err": {},
              "uuid": "d87beff9-7322-49b5-8dbe-1672707438e9",
              "parentUUID": "51962a7d-d59d-4ba7-9471-20f07a252113",
              "isHook": false,
              "skipped": false
            },
            {
              "title": "should able to hide Tentative Duration column",
              "fullTitle": "Per-Sale Project Onboarding should able to hide Tentative Duration column",
              "timedOut": false,
              "duration": 0,
              "state": "pending",
              "speed": null,
              "pass": false,
              "fail": false,
              "pending": true,
              "context": null,
              "code": "",
              "err": {},
              "uuid": "283990d7-4115-43be-b5bd-962342e1c71e",
              "parentUUID": "51962a7d-d59d-4ba7-9471-20f07a252113",
              "isHook": false,
              "skipped": false
            },
            {
              "title": "should able to hide Start Date column",
              "fullTitle": "Per-Sale Project Onboarding should able to hide Start Date column",
              "timedOut": false,
              "duration": 0,
              "state": "pending",
              "speed": null,
              "pass": false,
              "fail": false,
              "pending": true,
              "context": null,
              "code": "",
              "err": {},
              "uuid": "27ebc1cc-6940-4682-94fa-c5260825621a",
              "parentUUID": "51962a7d-d59d-4ba7-9471-20f07a252113",
              "isHook": false,
              "skipped": false
            },
            {
              "title": "should able to hide BD Member column",
              "fullTitle": "Per-Sale Project Onboarding should able to hide BD Member column",
              "timedOut": false,
              "duration": 0,
              "state": "pending",
              "speed": null,
              "pass": false,
              "fail": false,
              "pending": true,
              "context": null,
              "code": "",
              "err": {},
              "uuid": "5ae33378-e141-4f38-8486-8e3720e4efb1",
              "parentUUID": "51962a7d-d59d-4ba7-9471-20f07a252113",
              "isHook": false,
              "skipped": false
            },
            {
              "title": "should able to hide Service Mode column",
              "fullTitle": "Per-Sale Project Onboarding should able to hide Service Mode column",
              "timedOut": false,
              "duration": 0,
              "state": "pending",
              "speed": null,
              "pass": false,
              "fail": false,
              "pending": true,
              "context": null,
              "code": "",
              "err": {},
              "uuid": "c1d7e9cc-6510-49e2-a3ee-31b211ecf265",
              "parentUUID": "51962a7d-d59d-4ba7-9471-20f07a252113",
              "isHook": false,
              "skipped": false
            },
            {
              "title": "should able to hide Trial Period column",
              "fullTitle": "Per-Sale Project Onboarding should able to hide Trial Period column",
              "timedOut": false,
              "duration": 0,
              "state": "pending",
              "speed": null,
              "pass": false,
              "fail": false,
              "pending": true,
              "context": null,
              "code": "",
              "err": {},
              "uuid": "6831f920-ab66-4740-8da9-5753179cf16f",
              "parentUUID": "51962a7d-d59d-4ba7-9471-20f07a252113",
              "isHook": false,
              "skipped": false
            },
            {
              "title": "should able to hide Resource Name (Shared with Client) column",
              "fullTitle": "Per-Sale Project Onboarding should able to hide Resource Name (Shared with Client) column",
              "timedOut": false,
              "duration": 0,
              "state": "pending",
              "speed": null,
              "pass": false,
              "fail": false,
              "pending": true,
              "context": null,
              "code": "",
              "err": {},
              "uuid": "a56a428e-398b-4ebb-82e4-d34605c17ead",
              "parentUUID": "51962a7d-d59d-4ba7-9471-20f07a252113",
              "isHook": false,
              "skipped": false
            },
            {
              "title": "should able to hide Actual Resource(s) column",
              "fullTitle": "Per-Sale Project Onboarding should able to hide Actual Resource(s) column",
              "timedOut": false,
              "duration": 0,
              "state": "pending",
              "speed": null,
              "pass": false,
              "fail": false,
              "pending": true,
              "context": null,
              "code": "",
              "err": {},
              "uuid": "43614350-9a68-4f26-9cce-7386bcf36297",
              "parentUUID": "51962a7d-d59d-4ba7-9471-20f07a252113",
              "isHook": false,
              "skipped": false
            },
            {
              "title": "should able to hide Communication Mode column",
              "fullTitle": "Per-Sale Project Onboarding should able to hide Communication Mode column",
              "timedOut": false,
              "duration": 0,
              "state": "pending",
              "speed": null,
              "pass": false,
              "fail": false,
              "pending": true,
              "context": null,
              "code": "",
              "err": {},
              "uuid": "4622a15d-a6fc-450a-b1d3-5a072141e3da",
              "parentUUID": "51962a7d-d59d-4ba7-9471-20f07a252113",
              "isHook": false,
              "skipped": false
            },
            {
              "title": "should able to hide Company Name column",
              "fullTitle": "Per-Sale Project Onboarding should able to hide Company Name column",
              "timedOut": false,
              "duration": 0,
              "state": "pending",
              "speed": null,
              "pass": false,
              "fail": false,
              "pending": true,
              "context": null,
              "code": "",
              "err": {},
              "uuid": "224fa4d3-f5e1-4548-8e97-b66556e14de3",
              "parentUUID": "51962a7d-d59d-4ba7-9471-20f07a252113",
              "isHook": false,
              "skipped": false
            },
            {
              "title": "should able to hide Company Address column",
              "fullTitle": "Per-Sale Project Onboarding should able to hide Company Address column",
              "timedOut": false,
              "duration": 0,
              "state": "pending",
              "speed": null,
              "pass": false,
              "fail": false,
              "pending": true,
              "context": null,
              "code": "",
              "err": {},
              "uuid": "fdccaf51-5324-4216-9132-cb19dd7ec03e",
              "parentUUID": "51962a7d-d59d-4ba7-9471-20f07a252113",
              "isHook": false,
              "skipped": false
            },
            {
              "title": "should able to hide Client Side Billing Representative Name column",
              "fullTitle": "Per-Sale Project Onboarding should able to hide Client Side Billing Representative Name column",
              "timedOut": false,
              "duration": 0,
              "state": "pending",
              "speed": null,
              "pass": false,
              "fail": false,
              "pending": true,
              "context": null,
              "code": "",
              "err": {},
              "uuid": "796f0528-7c57-475e-a1b4-bb0b65d98276",
              "parentUUID": "51962a7d-d59d-4ba7-9471-20f07a252113",
              "isHook": false,
              "skipped": false
            },
            {
              "title": "should able to hide Client Side Billing Representative Email column",
              "fullTitle": "Per-Sale Project Onboarding should able to hide Client Side Billing Representative Email column",
              "timedOut": false,
              "duration": 0,
              "state": "pending",
              "speed": null,
              "pass": false,
              "fail": false,
              "pending": true,
              "context": null,
              "code": "",
              "err": {},
              "uuid": "99b28eb6-89c0-411b-aeec-cb6f36002abb",
              "parentUUID": "51962a7d-d59d-4ba7-9471-20f07a252113",
              "isHook": false,
              "skipped": false
            },
            {
              "title": "should able to hide Billing Cycle column",
              "fullTitle": "Per-Sale Project Onboarding should able to hide Billing Cycle column",
              "timedOut": false,
              "duration": 0,
              "state": "pending",
              "speed": null,
              "pass": false,
              "fail": false,
              "pending": true,
              "context": null,
              "code": "",
              "err": {},
              "uuid": "8a2301aa-7ecb-46b5-900e-172801890a22",
              "parentUUID": "51962a7d-d59d-4ba7-9471-20f07a252113",
              "isHook": false,
              "skipped": false
            },
            {
              "title": "should able to hide Billing Start Date column",
              "fullTitle": "Per-Sale Project Onboarding should able to hide Billing Start Date column",
              "timedOut": false,
              "duration": 0,
              "state": "pending",
              "speed": null,
              "pass": false,
              "fail": false,
              "pending": true,
              "context": null,
              "code": "",
              "err": {},
              "uuid": "0050434d-cf2b-4937-af36-b26d88c3049f",
              "parentUUID": "51962a7d-d59d-4ba7-9471-20f07a252113",
              "isHook": false,
              "skipped": false
            },
            {
              "title": "should able to hide Billing Rates/ Total Project Cost column",
              "fullTitle": "Per-Sale Project Onboarding should able to hide Billing Rates/ Total Project Cost column",
              "timedOut": false,
              "duration": 0,
              "state": "pending",
              "speed": null,
              "pass": false,
              "fail": false,
              "pending": true,
              "context": null,
              "code": "",
              "err": {},
              "uuid": "097eec52-01ba-417d-b2d8-b6c43cacdb7a",
              "parentUUID": "51962a7d-d59d-4ba7-9471-20f07a252113",
              "isHook": false,
              "skipped": false
            },
            {
              "title": "should able to hide Currency column",
              "fullTitle": "Per-Sale Project Onboarding should able to hide Currency column",
              "timedOut": false,
              "duration": 0,
              "state": "pending",
              "speed": null,
              "pass": false,
              "fail": false,
              "pending": true,
              "context": null,
              "code": "",
              "err": {},
              "uuid": "a3425ed9-828c-441d-a591-46265ae0fc32",
              "parentUUID": "51962a7d-d59d-4ba7-9471-20f07a252113",
              "isHook": false,
              "skipped": false
            },
            {
              "title": "should able to hide Reference BO Placement Link column",
              "fullTitle": "Per-Sale Project Onboarding should able to hide Reference BO Placement Link column",
              "timedOut": false,
              "duration": 0,
              "state": "pending",
              "speed": null,
              "pass": false,
              "fail": false,
              "pending": true,
              "context": null,
              "code": "",
              "err": {},
              "uuid": "e4663eda-56ba-4cef-8299-afade4639e77",
              "parentUUID": "51962a7d-d59d-4ba7-9471-20f07a252113",
              "isHook": false,
              "skipped": false
            },
            {
              "title": "should able to hide Introduced As column",
              "fullTitle": "Per-Sale Project Onboarding should able to hide Introduced As column",
              "timedOut": false,
              "duration": 0,
              "state": "pending",
              "speed": null,
              "pass": false,
              "fail": false,
              "pending": true,
              "context": null,
              "code": "",
              "err": {},
              "uuid": "07213fce-b88c-4413-82ab-d25a72e5867f",
              "parentUUID": "51962a7d-d59d-4ba7-9471-20f07a252113",
              "isHook": false,
              "skipped": false
            },
            {
              "title": "should able to hide Offer Expiry Date column",
              "fullTitle": "Per-Sale Project Onboarding should able to hide Offer Expiry Date column",
              "timedOut": false,
              "duration": 0,
              "state": "pending",
              "speed": null,
              "pass": false,
              "fail": false,
              "pending": true,
              "context": null,
              "code": "",
              "err": {},
              "uuid": "34d9c133-4bf7-42b5-9d7d-408d7fa66287",
              "parentUUID": "51962a7d-d59d-4ba7-9471-20f07a252113",
              "isHook": false,
              "skipped": false
            },
            {
              "title": "should able to hide Business Analyst column",
              "fullTitle": "Per-Sale Project Onboarding should able to hide Business Analyst column",
              "timedOut": false,
              "duration": 0,
              "state": "pending",
              "speed": null,
              "pass": false,
              "fail": false,
              "pending": true,
              "context": null,
              "code": "",
              "err": {},
              "uuid": "67af66a2-b44e-4e7d-ae9a-63ef35b354e7",
              "parentUUID": "51962a7d-d59d-4ba7-9471-20f07a252113",
              "isHook": false,
              "skipped": false
            },
            {
              "title": "should able to hide Project Manager column",
              "fullTitle": "Per-Sale Project Onboarding should able to hide Project Manager column",
              "timedOut": false,
              "duration": 0,
              "state": "pending",
              "speed": null,
              "pass": false,
              "fail": false,
              "pending": true,
              "context": null,
              "code": "",
              "err": {},
              "uuid": "ef522958-f07d-4a42-a95b-d82a28f8130b",
              "parentUUID": "51962a7d-d59d-4ba7-9471-20f07a252113",
              "isHook": false,
              "skipped": false
            },
            {
              "title": "should able to hide Future Upsells column",
              "fullTitle": "Per-Sale Project Onboarding should able to hide Future Upsells column",
              "timedOut": false,
              "duration": 0,
              "state": "pending",
              "speed": null,
              "pass": false,
              "fail": false,
              "pending": true,
              "context": null,
              "code": "",
              "err": {},
              "uuid": "ed040822-91d3-49aa-be74-1da5a3f3cfb3",
              "parentUUID": "51962a7d-d59d-4ba7-9471-20f07a252113",
              "isHook": false,
              "skipped": false
            }
          ],
          "suites": [],
          "passes": [],
          "failures": [],
          "pending": [
            "a56cca90-af8e-43af-9ae3-c30791e86727",
            "2b4010bd-7a5b-4107-8f7f-d9ef21a5f54a",
            "96a88c3f-fa9d-4383-8433-8584e5701d89",
            "c89b58c8-fbf1-42e3-8bf6-8113616ad153",
            "de739148-f263-4956-a597-c023ffff483e",
            "5f7b2829-5d61-41a9-b5c0-9f659acc2df6",
            "c4a6d017-4c40-49c9-9c7a-634ec674fb78",
            "c86a319c-d9f1-4c27-99de-d327c4ed3b36",
            "2e298089-e8eb-4efe-af78-5e185937d5ae",
            "5a166424-651c-43f3-8290-46a8a7b67a8a",
            "a3b476be-e296-477f-90c7-937399807647",
            "a77fecf0-9dc6-40e6-9484-26c73f1bcb8a",
            "e2c3ae5d-a40f-48da-8bdd-4a044943dbb7",
            "3b07390c-0a48-493a-8abe-c44047ea681c",
            "c3ee46e9-7897-4991-a3a0-78be95fea2f0",
            "8890793b-91e7-4f22-ac78-e7fd409a3973",
            "6485d077-3293-4338-8cd1-0277db096161",
            "2aeb98f3-74cd-49a3-bc01-cac0aaaf88b4",
            "b33670c6-a442-45be-8441-13aac454aab4",
            "6fd72ac1-653e-4e3f-bccb-6bfc2938d69a",
            "cc2ab541-f40e-4708-979c-7ca4b9200894",
            "bedb7657-0ffe-46a3-97db-ea900df426fd",
            "89e7eb2d-b680-4010-9ed4-baa41cdb8e2a",
            "f9756990-24fc-4b88-be67-1f7b1512c101",
            "2024d32e-8186-4f92-847e-9f8d94b1d716",
            "d87beff9-7322-49b5-8dbe-1672707438e9",
            "283990d7-4115-43be-b5bd-962342e1c71e",
            "27ebc1cc-6940-4682-94fa-c5260825621a",
            "5ae33378-e141-4f38-8486-8e3720e4efb1",
            "c1d7e9cc-6510-49e2-a3ee-31b211ecf265",
            "6831f920-ab66-4740-8da9-5753179cf16f",
            "a56a428e-398b-4ebb-82e4-d34605c17ead",
            "43614350-9a68-4f26-9cce-7386bcf36297",
            "4622a15d-a6fc-450a-b1d3-5a072141e3da",
            "224fa4d3-f5e1-4548-8e97-b66556e14de3",
            "fdccaf51-5324-4216-9132-cb19dd7ec03e",
            "796f0528-7c57-475e-a1b4-bb0b65d98276",
            "99b28eb6-89c0-411b-aeec-cb6f36002abb",
            "8a2301aa-7ecb-46b5-900e-172801890a22",
            "0050434d-cf2b-4937-af36-b26d88c3049f",
            "097eec52-01ba-417d-b2d8-b6c43cacdb7a",
            "a3425ed9-828c-441d-a591-46265ae0fc32",
            "e4663eda-56ba-4cef-8299-afade4639e77",
            "07213fce-b88c-4413-82ab-d25a72e5867f",
            "34d9c133-4bf7-42b5-9d7d-408d7fa66287",
            "67af66a2-b44e-4e7d-ae9a-63ef35b354e7",
            "ef522958-f07d-4a42-a95b-d82a28f8130b",
            "ed040822-91d3-49aa-be74-1da5a3f3cfb3"
          ],
          "skipped": [],
          "duration": 0,
          "root": false,
          "rootEmpty": false,
          "_timeout": 100000
        }
      ],
      "passes": [],
      "failures": [],
      "pending": [],
      "skipped": [],
      "duration": 0,
      "root": true,
      "rootEmpty": true,
      "_timeout": 100000
    }
  ],
  "meta": {
    "mocha": {
      "version": "10.2.0"
    },
    "mochawesome": {
      "options": {
        "quiet": false,
        "reportFilename": "mochawesome",
        "saveHtml": true,
        "saveJson": true,
        "consoleReporter": "spec",
        "useInlineDiffs": false,
        "code": true
      },
      "version": "7.1.3"
    },
    "marge": {
      "options": {
        "reportDir": "test/report"
      },
      "version": "6.2.0"
    }
  }
}