{
  "stats": {
    "suites": 1,
    "tests": 64,
    "passes": 61,
    "pending": 0,
    "failures": 3,
    "start": "2024-02-07T06:01:04.419Z",
    "end": "2024-02-07T06:11:22.007Z",
    "duration": 617588,
    "testsRegistered": 64,
    "passPercent": 95.3125,
    "pendingPercent": 0,
    "other": 0,
    "hasOther": false,
    "skipped": 0,
    "hasSkipped": false
  },
  "results": [
    {
      "uuid": "a8f2d4b2-c2dc-4592-87ca-1aca11f3dbec",
      "title": "",
      "fullFile": "/home/devops/invohub/resource-engagement/test/e2e/resources/spec-4-resourse-details.js",
      "file": "/test/e2e/resources/spec-4-resourse-details.js",
      "beforeHooks": [],
      "afterHooks": [],
      "tests": [],
      "suites": [
        {
          "uuid": "932ef05f-ae2b-41ff-8ce4-2843cc7ba294",
          "title": "Resource Details",
          "fullFile": "/home/devops/invohub/resource-engagement/test/e2e/resources/spec-4-resourse-details.js",
          "file": "/test/e2e/resources/spec-4-resourse-details.js",
          "beforeHooks": [
            {
              "title": "\"before all\" hook in \"Resource Details\"",
              "fullTitle": "Resource Details \"before all\" hook in \"Resource Details\"",
              "timedOut": false,
              "duration": 78714,
              "state": null,
              "speed": null,
              "pass": false,
              "fail": false,
              "pending": false,
              "context": null,
              "code": "let query = [\n  `UPDATE employees SET \"email\" = 'bilal.rafaqat@invozone.de' WHERE id = 9429;`,\n  `UPDATE employees SET \"email\" = 'bilal.rafaqat@invozone.dev' WHERE id = 9474;`,\n];\nawait utilFun.udpateDatabase(query);\nlet resourceId = await utilFun.getFromDatabase(`SELECT id FROM employees WHERE \"email\" = 'steve@email.com';`);\nif (resourceId.rowCount !== 0) {\n  detailsPageUrl = `/resource-detail/${resourceId.rows[0].id}?tab=Basic_Information`;\n  attendanceTabUrl = `/resource-detail/${resourceId.rows[0].id}?tab=Attendance`;\n  oldId = resourceId.rows[0].id;\n  newId = resourceId.rows[0].id;\n}\nawait utilFun.login(email, password);\n//await utilFun.loginAccount()\nconst url = await utilFun.getUrl();\nassert.equal(url, baseUrl + '/home');",
              "err": {},
              "uuid": "02207b6b-a5e6-47dd-a0b7-07d68fbecf1c",
              "parentUUID": "932ef05f-ae2b-41ff-8ce4-2843cc7ba294",
              "isHook": true,
              "skipped": false
            }
          ],
          "afterHooks": [],
          "tests": [
            {
              "title": "should able to Add new resource",
              "fullTitle": "Resource Details should able to Add new resource",
              "timedOut": false,
              "duration": 36690,
              "state": "passed",
              "speed": "slow",
              "pass": true,
              "fail": false,
              "pending": false,
              "context": null,
              "code": "let resourceId = await utilFun.getFromDatabase(`SELECT id FROM employees WHERE \"email\" = 'steve@email.com';`);\nif (resourceId.rowCount !== 0) {\n  let query = [\n    `UPDATE employee_attendances SET \"employeeId\" = 9429 WHERE \"employeeId\" = ${resourceId.rows[0].id};`,\n    `DELETE FROM \"employee_skills\" WHERE \"employeeId\" = ${resourceId.rows[0].id};`,\n    `UPDATE employee_assets SET \"employeeId\" = 9429 WHERE \"employeeId\" = ${resourceId.rows[0].id};`,\n    `DELETE FROM \"employee_resumes\" WHERE \"employeeId\" = ${resourceId.rows[0].id};`,\n    `DELETE FROM \"employee_timeLines\" WHERE \"employeeId\" = ${resourceId.rows[0].id};`,\n    `DELETE FROM \"project_portfolio_employees\" WHERE \"employeeId\" = ${resourceId.rows[0].id};`,\n    `DELETE FROM employees WHERE id = ${resourceId.rows[0].id};`,\n  ];\n  await utilFun.udpateDatabase(query);\n}\nawait utilFun.visit(baseUrl + '/resources');\nawait utilFun.wait(3000);\nawait utilFun.waitForPageLoad();\nawait addResources.clickAddResourceBtn();\n//   Form 1\nawait addResources.clickInputField('Employee Name *', 'Stevee');\nawait addResources.clickInputField('Work Phone Number', '123456');\nawait addResources.clickInputField('Work Email *', 'steve@email.com');\nawait addResources.clickInputField('Work Shift\\nSelect Work Shift', 'morning');\nawait addResources.clickOption();\nawait addResources.clickInputField('Work Location\\nSelect Work Location', 'remote');\nawait addResources.clickOption();\nawait addResources.clickInputField('Primary Manager\\nPrimary Manager', 'bilal rafaqat');\nawait addResources.clickOption();\nawait addResources.clickInputField('Attendance Mode\\nSelect Attendance Mode', 'invodesk');\nawait addResources.clickOption();\nawait addResources.clickInputField('Designation *\\nSelect Designation', 'automation');\nawait addResources.clickOption();\nawait addResources.clickInputField('Designation Category*\\nSelect Designation Category', 'automation');\nawait addResources.clickOption();\nawait addResources.clickNextButton();\n//   Form 2\nawait addResources.clickInputField2('Father Name', 'James');\nawait addResources.clickInputField2('Personal Email', 'personal@email.com');\nawait addResources.clickInputField2('Personal Phone', '12345');\nawait addResources.clickInputField2('Address', 'xyz');\nawait addResources.clickInputField2('National ID Number', '1122');\nawait addResources.setDOB('01-01-2000');\nawait addResources.clickInputField2('Gender\\nSelect Gender', 'other');\nawait addResources.clickOption2();\nawait addResources.clickInputField2('Marital Status\\nSelect Marital Status', 'single');\nawait addResources.clickOption2();\nawait addResources.clickInputField2('Emergency Contact Name', 'James');\nawait addResources.clickInputField2('Emergency Contact Number', '54321');\nawait addResources.clickInputField2('Emergency Contact Relation', 'Father');\nawait addResources.clickNextButton2();\n//   Form 3\nawait addResources.clickInputField3('Bank Name', 'MyBank');\nawait addResources.clickInputField3('Account Title', 'current');\nawait addResources.clickInputField3('IBAN Number', '3344');\nawait addResources.clickInputField3('Bank Address', 'qwerty');\nawait addResources.clickNextButton3();\n//   Form 4\nawait addResources.clickInputField4('Certification Level\\nSelect Certification Level', 'graduation');\nawait addResources.clickOption4();\nawait addResources.clickInputField4('Field of Study', 'SE');\nawait addResources.clickInputField4('School/University', 'MIT');\nawait addResources.clickInputField4('Score/Percentage', '70');\nawait addResources.clickInputField4('Passing Year\\nSelect Degree Passing Year', '2020');\nawait addResources.clickOption4();\nawait addResources.clickNextButton4();\n//   Form 5\nawait addResources.clickInputFieldForm5('Department\\nDepartment', 'HR');\nawait addResources.clickOptionForm5();\nawait addResources.clickInputFieldForm5('Sub Department\\nSub Department', 'DevOps Support');\nawait addResources.clickOptionForm5();\nawait addResources.clickInputFieldForm5('Contract Type*\\nSelect Contract Type', 'Full Time');\nawait addResources.clickOptionForm5();\nawait addResources.clickInputFieldForm5('Date of Joining*', '11-01-2023');\nawait addResources.selectJobStatus('Probation');\nawait addResources.selectEndOfProbation('2 Months');\nawait addResources.clickInputFieldForm5('Total Working Hours*\\nSelect Total Working Hours', '4 Hrs');\nawait addResources.clickOptionForm5();\nawait addResources.clickNextButton5();\n//   Form 6\nawait addResources.clickInputFieldForm6('Current Salary (PKR)', '50000');\nawait addResources.clickInputFieldForm6('Last Salary (PKR)', '30000');\nawait addResources.clickInputFieldForm6('Last Increment Date', '01-01-2024');\nawait addResources.clickSubmitButton();\nconst alertText = await addResources.checkAlert();\nassert.equal(alertText, 'Resource Created Successfully!');\nlet resourceId1 = await utilFun.getFromDatabase(`SELECT id FROM employees WHERE \"email\" = 'steve@email.com';`);\nif (resourceId1.rowCount !== 0) {\n  detailsPageUrl = `/resource-detail/${resourceId1.rows[0].id}?tab=Basic_Information`;\n  attendanceTabUrl = `/resource-detail/${resourceId1.rows[0].id}?tab=Attendance`;\n  newId = resourceId1.rows[0].id;\n}",
              "err": {},
              "uuid": "2a09e916-2e9c-40e9-9f9b-13b5ff885407",
              "parentUUID": "932ef05f-ae2b-41ff-8ce4-2843cc7ba294",
              "isHook": false,
              "skipped": false
            },
            {
              "title": "should able to to add project from resource details",
              "fullTitle": "Resource Details should able to to add project from resource details",
              "timedOut": false,
              "duration": 17289,
              "state": "passed",
              "speed": "slow",
              "pass": true,
              "fail": false,
              "pending": false,
              "context": null,
              "code": "await utilFun.visit(baseUrl + '/resources');\nawait utilFun.wait(3000);\nawait resources.clickFilterBtn();\nawait resources.searchName('Stevee');\nconst names = await resources.getResourceNameTag();\nassert.ok(names.includes('Stevee'), `Expected text not found.`);\nawait resources.clickAddproject();\nawait resources.selectAddProjectInputField('Projects', 'automation');\nawait resources.selectAddProjectInputField('Role in this project', 'Main Developer');\nawait resources.selectAddProjectInputField('Not Set', 'Fully Available');\nawait resources.selectAddProjectInputField('Engagement Mode', 'Billed');\nawait resources.selectAddProjectInputField('Add', '');\nconst alertText = await utilFun.checkAlert();\nassert.equal(alertText, 'Resource added in project successfully.');",
              "err": {},
              "uuid": "a24cc3de-ee1a-4e32-aa5b-c1979a7b7a9e",
              "parentUUID": "932ef05f-ae2b-41ff-8ce4-2843cc7ba294",
              "isHook": false,
              "skipped": false
            },
            {
              "title": "should check if Resource is showing.",
              "fullTitle": "Resource Details should check if Resource is showing.",
              "timedOut": false,
              "duration": 6208,
              "state": "passed",
              "speed": "slow",
              "pass": true,
              "fail": false,
              "pending": false,
              "context": null,
              "code": "await utilFun.waitForPageLoad();\nawait utilFun.visit(baseUrl + '/resources');\nawait resources.clickFilterBtn();\nawait resources.searchName('Steve');\nconst names = await resources.getResourceNameTag();\nassert.ok(names.includes('Stevee'), `Expected text not found.`);",
              "err": {},
              "uuid": "59028219-c6cd-436e-a581-33c5db06186b",
              "parentUUID": "932ef05f-ae2b-41ff-8ce4-2843cc7ba294",
              "isHook": false,
              "skipped": false
            },
            {
              "title": "should check if clicking on resource name redirecting to resoure details page.",
              "fullTitle": "Resource Details should check if clicking on resource name redirecting to resoure details page.",
              "timedOut": false,
              "duration": 8060,
              "state": "passed",
              "speed": "slow",
              "pass": true,
              "fail": false,
              "pending": false,
              "context": null,
              "code": "await utilFun.waitForPageLoad();\nawait utilFun.visit(baseUrl + '/resources');\nawait resources.clickFilterBtn();\nawait resources.searchName('Steve');\nconst names = await resources.getResourceNameTag();\nassert.ok(names.includes('Stevee'), `Expected text not found.`);\nawait resources.ClickResourceNameTag();\nawait utilFun.switchWindow(1);\nconst url = await utilFun.getUrl();\nassert.equal(url, baseUrl + detailsPageUrl);",
              "err": {},
              "uuid": "9b9e93d8-af88-4260-b58c-82ecf2bbb9d9",
              "parentUUID": "932ef05f-ae2b-41ff-8ce4-2843cc7ba294",
              "isHook": false,
              "skipped": false
            },
            {
              "title": "should check if Resource name is showing on Details page.",
              "fullTitle": "Resource Details should check if Resource name is showing on Details page.",
              "timedOut": false,
              "duration": 3302,
              "state": "passed",
              "speed": "slow",
              "pass": true,
              "fail": false,
              "pending": false,
              "context": null,
              "code": "await utilFun.waitForPageLoad();\nawait utilFun.visit(baseUrl + detailsPageUrl);\nconst url = await utilFun.getUrl();\nassert.equal(url, baseUrl + detailsPageUrl);\nconst name = await resourceDetails.getResourceNameTxt();\nassert.equal(name, 'Stevee', `Expected text not found.`);",
              "err": {},
              "uuid": "1ed10165-5fb6-4d7e-a40e-a4a606f656ca",
              "parentUUID": "932ef05f-ae2b-41ff-8ce4-2843cc7ba294",
              "isHook": false,
              "skipped": false
            },
            {
              "title": "should check if Resource Avatar is showing on Details page.",
              "fullTitle": "Resource Details should check if Resource Avatar is showing on Details page.",
              "timedOut": false,
              "duration": 2614,
              "state": "passed",
              "speed": "slow",
              "pass": true,
              "fail": false,
              "pending": false,
              "context": null,
              "code": "await utilFun.waitForPageLoad();\nawait utilFun.visit(baseUrl + detailsPageUrl);\nawait resourceDetails.waitForNametoVisible();\nconst url = await utilFun.getUrl();\nassert.equal(url, baseUrl + detailsPageUrl);\nconst name = await resourceDetails.checkAvatarIcon();\nassert.equal(name, 'S', `Expected text not found.`);",
              "err": {},
              "uuid": "07568e9d-2d19-4a35-a220-0ac8bf6a9825",
              "parentUUID": "932ef05f-ae2b-41ff-8ce4-2843cc7ba294",
              "isHook": false,
              "skipped": false
            },
            {
              "title": "should check if Resource Father Name is Shownig and is editable.",
              "fullTitle": "Resource Details should check if Resource Father Name is Shownig and is editable.",
              "timedOut": false,
              "duration": 10071,
              "state": "passed",
              "speed": "slow",
              "pass": true,
              "fail": false,
              "pending": false,
              "context": null,
              "code": "await utilFun.visit(baseUrl + detailsPageUrl);\nconst url = await utilFun.getUrl();\nassert.equal(url, baseUrl + detailsPageUrl);\nawait resourceDetails.waitForNametoVisible();\nawait resourceDetails.checkValue('Father Name', 'James');\nawait resourceDetails.editValue('Father Name', 'James Salinas');\nconst alertText = await utilFun.checkAlert();\nassert.equal(alertText, 'Updated Successfully!');\nawait resourceDetails.checkValue('Father Name', 'James salinas');",
              "err": {},
              "uuid": "9cf49229-1332-4297-a3af-b7d55a20f8fe",
              "parentUUID": "932ef05f-ae2b-41ff-8ce4-2843cc7ba294",
              "isHook": false,
              "skipped": false
            },
            {
              "title": "should check if Resource Personal Email is Shownig and is editable.",
              "fullTitle": "Resource Details should check if Resource Personal Email is Shownig and is editable.",
              "timedOut": false,
              "duration": 9383,
              "state": "passed",
              "speed": "slow",
              "pass": true,
              "fail": false,
              "pending": false,
              "context": null,
              "code": "await utilFun.visit(baseUrl + detailsPageUrl);\nconst url = await utilFun.getUrl();\nassert.equal(url, baseUrl + detailsPageUrl);\nawait resourceDetails.waitForNametoVisible();\nawait resourceDetails.checkValue('Personal Email', 'personal@email.com');\nawait resourceDetails.editValue('Personal Email', 'personalUpdated@email.com');\nconst alertText = await utilFun.checkAlert();\nassert.equal(alertText, 'Updated Successfully!');\nawait resourceDetails.checkValue('Personal Email', 'personalUpdated@email.com');",
              "err": {},
              "uuid": "f9ba6df0-e625-431f-ab65-5c2aeb54d550",
              "parentUUID": "932ef05f-ae2b-41ff-8ce4-2843cc7ba294",
              "isHook": false,
              "skipped": false
            },
            {
              "title": "should check if Resource Address is Shownig and is editable.",
              "fullTitle": "Resource Details should check if Resource Address is Shownig and is editable.",
              "timedOut": false,
              "duration": 9513,
              "state": "passed",
              "speed": "slow",
              "pass": true,
              "fail": false,
              "pending": false,
              "context": null,
              "code": "await utilFun.visit(baseUrl + detailsPageUrl);\nconst url = await utilFun.getUrl();\nassert.equal(url, baseUrl + detailsPageUrl);\nawait resourceDetails.waitForNametoVisible();\nawait resourceDetails.checkValue('Address', 'xyz');\nawait resourceDetails.editValue('Address', 'xyzUpdated');\nconst alertText = await utilFun.checkAlert();\nassert.equal(alertText, 'Updated Successfully!');\nawait resourceDetails.checkValue('Address', 'xyzUpdated');",
              "err": {},
              "uuid": "443a101c-20d2-446e-ba7c-384b40534aa9",
              "parentUUID": "932ef05f-ae2b-41ff-8ce4-2843cc7ba294",
              "isHook": false,
              "skipped": false
            },
            {
              "title": "should check if Resource Nationality is Shownig and is editable.",
              "fullTitle": "Resource Details should check if Resource Nationality is Shownig and is editable.",
              "timedOut": false,
              "duration": 9679,
              "state": "passed",
              "speed": "slow",
              "pass": true,
              "fail": false,
              "pending": false,
              "context": null,
              "code": "await utilFun.visit(baseUrl + detailsPageUrl);\nconst url = await utilFun.getUrl();\nassert.equal(url, baseUrl + detailsPageUrl);\nawait resourceDetails.waitForNametoVisible();\nawait resourceDetails.checkValue('Nationality', 'Pakistan');\nawait resourceDetails.editValue('Nationality', 'United arab emirates');\nconst alertText = await utilFun.checkAlert();\nassert.equal(alertText, 'Updated Successfully!');\nawait resourceDetails.checkValue('Nationality', 'United arab emirates');",
              "err": {},
              "uuid": "3e0e3c29-ae5b-4196-b08c-1d37feb2e9d2",
              "parentUUID": "932ef05f-ae2b-41ff-8ce4-2843cc7ba294",
              "isHook": false,
              "skipped": false
            },
            {
              "title": "should check if Resource National ID Number is Shownig and is editable.",
              "fullTitle": "Resource Details should check if Resource National ID Number is Shownig and is editable.",
              "timedOut": false,
              "duration": 9257,
              "state": "passed",
              "speed": "slow",
              "pass": true,
              "fail": false,
              "pending": false,
              "context": null,
              "code": "await utilFun.visit(baseUrl + detailsPageUrl);\nconst url = await utilFun.getUrl();\nassert.equal(url, baseUrl + detailsPageUrl);\nawait resourceDetails.waitForNametoVisible();\nawait resourceDetails.checkValue('National ID Number', '1122');\nawait resourceDetails.editValue('National ID Number', '2233');\nconst alertText = await utilFun.checkAlert();\nassert.equal(alertText, 'Updated Successfully!');\nawait resourceDetails.checkValue('National ID Number', '2233');",
              "err": {},
              "uuid": "89657038-efaa-4b79-ae33-815fc9b8b9bb",
              "parentUUID": "932ef05f-ae2b-41ff-8ce4-2843cc7ba294",
              "isHook": false,
              "skipped": false
            },
            {
              "title": "should check if Resource Date of Birth is Shownig and is editable.",
              "fullTitle": "Resource Details should check if Resource Date of Birth is Shownig and is editable.",
              "timedOut": false,
              "duration": 9916,
              "state": "passed",
              "speed": "slow",
              "pass": true,
              "fail": false,
              "pending": false,
              "context": null,
              "code": "await utilFun.visit(baseUrl + detailsPageUrl);\nconst url = await utilFun.getUrl();\nassert.equal(url, baseUrl + detailsPageUrl);\nawait resourceDetails.waitForNametoVisible();\nawait resourceDetails.checkValue('Date of Birth', '01-01-2000');\nawait resourceDetails.editValue('Date of Birth', '01-01-2001');\nconst alertText = await utilFun.checkAlert();\nassert.equal(alertText, 'Updated Successfully!');\nawait resourceDetails.checkValue('Date of Birth', '01-01-2001');",
              "err": {},
              "uuid": "f5f4a244-7280-4cb3-860a-25855aba0608",
              "parentUUID": "932ef05f-ae2b-41ff-8ce4-2843cc7ba294",
              "isHook": false,
              "skipped": false
            },
            {
              "title": "should check if Resource Gender is Shownig and is editable.",
              "fullTitle": "Resource Details should check if Resource Gender is Shownig and is editable.",
              "timedOut": false,
              "duration": 9714,
              "state": "passed",
              "speed": "slow",
              "pass": true,
              "fail": false,
              "pending": false,
              "context": null,
              "code": "await utilFun.visit(baseUrl + detailsPageUrl);\nconst url = await utilFun.getUrl();\nassert.equal(url, baseUrl + detailsPageUrl);\nawait resourceDetails.waitForNametoVisible();\nawait resourceDetails.checkValue('Gender', 'Other');\nawait resourceDetails.editValue('Gender', 'Female');\nconst alertText = await utilFun.checkAlert();\nassert.equal(alertText, 'Updated Successfully!');\nawait resourceDetails.checkValue('Gender', 'Female');",
              "err": {},
              "uuid": "0316f6c9-2a71-454c-b06c-5fb5995932e7",
              "parentUUID": "932ef05f-ae2b-41ff-8ce4-2843cc7ba294",
              "isHook": false,
              "skipped": false
            },
            {
              "title": "should check if Resource Marital Status is Shownig and is editable.",
              "fullTitle": "Resource Details should check if Resource Marital Status is Shownig and is editable.",
              "timedOut": false,
              "duration": 9896,
              "state": "passed",
              "speed": "slow",
              "pass": true,
              "fail": false,
              "pending": false,
              "context": null,
              "code": "await utilFun.visit(baseUrl + detailsPageUrl);\nconst url = await utilFun.getUrl();\nassert.equal(url, baseUrl + detailsPageUrl);\nawait resourceDetails.waitForNametoVisible();\nawait resourceDetails.checkValue('Marital Status', 'Single');\nawait resourceDetails.editValue('Marital Status', 'Married');\nconst alertText = await utilFun.checkAlert();\nassert.equal(alertText, 'Updated Successfully!');\nawait resourceDetails.checkValue('Marital Status', 'Married');",
              "err": {},
              "uuid": "255e67ca-a80f-461c-8329-fcbd1f083b6e",
              "parentUUID": "932ef05f-ae2b-41ff-8ce4-2843cc7ba294",
              "isHook": false,
              "skipped": false
            },
            {
              "title": "should check if Resource Emergency Contact Name is Shownig and is editable.",
              "fullTitle": "Resource Details should check if Resource Emergency Contact Name is Shownig and is editable.",
              "timedOut": false,
              "duration": 10389,
              "state": "passed",
              "speed": "slow",
              "pass": true,
              "fail": false,
              "pending": false,
              "context": null,
              "code": "await utilFun.visit(baseUrl + detailsPageUrl);\nconst url = await utilFun.getUrl();\nassert.equal(url, baseUrl + detailsPageUrl);\nawait resourceDetails.waitForNametoVisible();\nawait resourceDetails.checkValue('Emergency Contact Name', 'James');\nawait resourceDetails.editValue('Emergency Contact Name', 'James Salinas');\nconst alertText = await utilFun.checkAlert();\nassert.equal(alertText, 'Updated Successfully!');\nawait resourceDetails.checkValue('Emergency Contact Name', 'James Salinas');",
              "err": {},
              "uuid": "991975ba-360f-4aae-8838-0d38d5b58e0a",
              "parentUUID": "932ef05f-ae2b-41ff-8ce4-2843cc7ba294",
              "isHook": false,
              "skipped": false
            },
            {
              "title": "should check if Resource Emergency Contact Number is Shownig and is editable.",
              "fullTitle": "Resource Details should check if Resource Emergency Contact Number is Shownig and is editable.",
              "timedOut": false,
              "duration": 9565,
              "state": "passed",
              "speed": "slow",
              "pass": true,
              "fail": false,
              "pending": false,
              "context": null,
              "code": "await utilFun.visit(baseUrl + detailsPageUrl);\nconst url = await utilFun.getUrl();\nassert.equal(url, baseUrl + detailsPageUrl);\nawait resourceDetails.waitForNametoVisible();\nawait resourceDetails.checkValue('Emergency Contact Number', '54321');\nawait resourceDetails.editValue('Emergency Contact Number', '654321');\nconst alertText = await utilFun.checkAlert();\nassert.equal(alertText, 'Updated Successfully!');\nawait resourceDetails.checkValue('Emergency Contact Number', '654321');",
              "err": {},
              "uuid": "03508437-03e4-47ee-8eef-ac6c245acd09",
              "parentUUID": "932ef05f-ae2b-41ff-8ce4-2843cc7ba294",
              "isHook": false,
              "skipped": false
            },
            {
              "title": "should check if Resource Emergency Contact Relation is Shownig and is editable.",
              "fullTitle": "Resource Details should check if Resource Emergency Contact Relation is Shownig and is editable.",
              "timedOut": false,
              "duration": 10041,
              "state": "passed",
              "speed": "slow",
              "pass": true,
              "fail": false,
              "pending": false,
              "context": null,
              "code": "await utilFun.visit(baseUrl + detailsPageUrl);\nconst url = await utilFun.getUrl();\nassert.equal(url, baseUrl + detailsPageUrl);\nawait resourceDetails.waitForNametoVisible();\nawait resourceDetails.checkValue('Emergency Contact Relation', 'Father');\nawait resourceDetails.editValue('Emergency Contact Relation', 'Brother');\nconst alertText = await utilFun.checkAlert();\nassert.equal(alertText, 'Updated Successfully!');\nawait resourceDetails.checkValue('Emergency Contact Relation', 'Brother');",
              "err": {},
              "uuid": "091a8bfc-83db-4c07-881d-89e57f75a555",
              "parentUUID": "932ef05f-ae2b-41ff-8ce4-2843cc7ba294",
              "isHook": false,
              "skipped": false
            },
            {
              "title": "should check if Resource Bank Name is Shownig and is editable.",
              "fullTitle": "Resource Details should check if Resource Bank Name is Shownig and is editable.",
              "timedOut": false,
              "duration": 9695,
              "state": "passed",
              "speed": "slow",
              "pass": true,
              "fail": false,
              "pending": false,
              "context": null,
              "code": "await utilFun.visit(baseUrl + detailsPageUrl);\nconst url = await utilFun.getUrl();\nassert.equal(url, baseUrl + detailsPageUrl);\nawait resourceDetails.waitForNametoVisible();\nawait resourceDetails.checkValue('Bank Name', 'Mybank');\nawait resourceDetails.editValue('Bank Name', 'Bankname');\nconst alertText = await utilFun.checkAlert();\nassert.equal(alertText, 'Updated Successfully!');\nawait resourceDetails.checkValue('Bank Name', 'Bankname');",
              "err": {},
              "uuid": "8f6282f3-0c48-45f2-bbb4-15b8ab7a8379",
              "parentUUID": "932ef05f-ae2b-41ff-8ce4-2843cc7ba294",
              "isHook": false,
              "skipped": false
            },
            {
              "title": "should check if Resource Account Title is Shownig and is editable.",
              "fullTitle": "Resource Details should check if Resource Account Title is Shownig and is editable.",
              "timedOut": false,
              "duration": 9469,
              "state": "passed",
              "speed": "slow",
              "pass": true,
              "fail": false,
              "pending": false,
              "context": null,
              "code": "await utilFun.visit(baseUrl + detailsPageUrl);\nconst url = await utilFun.getUrl();\nassert.equal(url, baseUrl + detailsPageUrl);\nawait resourceDetails.waitForNametoVisible();\nawait resourceDetails.checkValue('Account Title', 'Current');\nawait resourceDetails.editValue('Account Title', 'Saving');\nconst alertText = await utilFun.checkAlert();\nassert.equal(alertText, 'Updated Successfully!');\nawait resourceDetails.checkValue('Account Title', 'Saving');",
              "err": {},
              "uuid": "93a26e46-a243-47d6-9766-2c56ecec24f0",
              "parentUUID": "932ef05f-ae2b-41ff-8ce4-2843cc7ba294",
              "isHook": false,
              "skipped": false
            },
            {
              "title": "should check if Resource IBAN Number is Shownig and is editable.",
              "fullTitle": "Resource Details should check if Resource IBAN Number is Shownig and is editable.",
              "timedOut": false,
              "duration": 9248,
              "state": "passed",
              "speed": "slow",
              "pass": true,
              "fail": false,
              "pending": false,
              "context": null,
              "code": "await utilFun.visit(baseUrl + detailsPageUrl);\nconst url = await utilFun.getUrl();\nassert.equal(url, baseUrl + detailsPageUrl);\nawait resourceDetails.waitForNametoVisible();\nawait resourceDetails.checkValue('IBAN Number', '3344');\nawait resourceDetails.editValue('IBAN Number', '4455');\nconst alertText = await utilFun.checkAlert();\nassert.equal(alertText, 'Updated Successfully!');\nawait resourceDetails.checkValue('IBAN Number', '4455');",
              "err": {},
              "uuid": "3bef1f72-c292-478c-814a-ee833f5af759",
              "parentUUID": "932ef05f-ae2b-41ff-8ce4-2843cc7ba294",
              "isHook": false,
              "skipped": false
            },
            {
              "title": "should check if Resource Bank Address is Shownig and is editable.",
              "fullTitle": "Resource Details should check if Resource Bank Address is Shownig and is editable.",
              "timedOut": false,
              "duration": 9715,
              "state": "passed",
              "speed": "slow",
              "pass": true,
              "fail": false,
              "pending": false,
              "context": null,
              "code": "await utilFun.visit(baseUrl + detailsPageUrl);\nconst url = await utilFun.getUrl();\nassert.equal(url, baseUrl + detailsPageUrl);\nawait resourceDetails.waitForNametoVisible();\nawait resourceDetails.checkValue('Bank Address', 'qwerty');\nawait resourceDetails.editValue('Bank Address', 'street14');\nconst alertText = await utilFun.checkAlert();\nassert.equal(alertText, 'Updated Successfully!');\nawait resourceDetails.checkValue('Bank Address', 'street14');",
              "err": {},
              "uuid": "96b0efcf-2201-4fb1-a556-4175f2c53535",
              "parentUUID": "932ef05f-ae2b-41ff-8ce4-2843cc7ba294",
              "isHook": false,
              "skipped": false
            },
            {
              "title": "should check if Resource Certification Level is Shownig and is editable.",
              "fullTitle": "Resource Details should check if Resource Certification Level is Shownig and is editable.",
              "timedOut": false,
              "duration": 9684,
              "state": "passed",
              "speed": "slow",
              "pass": true,
              "fail": false,
              "pending": false,
              "context": null,
              "code": "await utilFun.visit(baseUrl + detailsPageUrl);\nconst url = await utilFun.getUrl();\nassert.equal(url, baseUrl + detailsPageUrl);\nawait resourceDetails.waitForNametoVisible();\nawait resourceDetails.checkValue('Certification Level', 'Graduation');\nawait resourceDetails.editValue('Certification Level', 'Master');\nconst alertText = await utilFun.checkAlert();\nassert.equal(alertText, 'Updated Successfully!');\nawait resourceDetails.checkValue('Certification Level', 'Master');",
              "err": {},
              "uuid": "0a717352-f4b0-4ab1-9c71-99f91365b6e6",
              "parentUUID": "932ef05f-ae2b-41ff-8ce4-2843cc7ba294",
              "isHook": false,
              "skipped": false
            },
            {
              "title": "should check if Resource Field of Study is Shownig and is editable.",
              "fullTitle": "Resource Details should check if Resource Field of Study is Shownig and is editable.",
              "timedOut": false,
              "duration": 9595,
              "state": "passed",
              "speed": "slow",
              "pass": true,
              "fail": false,
              "pending": false,
              "context": null,
              "code": "await utilFun.visit(baseUrl + detailsPageUrl);\nconst url = await utilFun.getUrl();\nassert.equal(url, baseUrl + detailsPageUrl);\nawait resourceDetails.waitForNametoVisible();\nawait resourceDetails.checkValue('Field of Study', 'SE');\nawait resourceDetails.editValue('Field of Study', 'CS');\nconst alertText = await utilFun.checkAlert();\nassert.equal(alertText, 'Updated Successfully!');\nawait resourceDetails.checkValue('Field of Study', 'CS');",
              "err": {},
              "uuid": "a8e2f55f-9b16-4cb4-b90e-d5f0e5c10f4f",
              "parentUUID": "932ef05f-ae2b-41ff-8ce4-2843cc7ba294",
              "isHook": false,
              "skipped": false
            },
            {
              "title": "should check if Resource School/University is Shownig and is editable.",
              "fullTitle": "Resource Details should check if Resource School/University is Shownig and is editable.",
              "timedOut": false,
              "duration": 9888,
              "state": "passed",
              "speed": "slow",
              "pass": true,
              "fail": false,
              "pending": false,
              "context": null,
              "code": "await utilFun.visit(baseUrl + detailsPageUrl);\nconst url = await utilFun.getUrl();\nassert.equal(url, baseUrl + detailsPageUrl);\nawait resourceDetails.waitForNametoVisible();\nawait resourceDetails.checkValue('School/University', 'Mit');\nawait resourceDetails.editValue('School/University', 'Uol');\nconst alertText = await utilFun.checkAlert();\nassert.equal(alertText, 'Updated Successfully!');\nawait resourceDetails.checkValue('School/University', 'Uol');",
              "err": {},
              "uuid": "c542931a-4c2e-4826-947f-b4031f01746d",
              "parentUUID": "932ef05f-ae2b-41ff-8ce4-2843cc7ba294",
              "isHook": false,
              "skipped": false
            },
            {
              "title": "should check if Resource Score/Percentage is Shownig and is editable.",
              "fullTitle": "Resource Details should check if Resource Score/Percentage is Shownig and is editable.",
              "timedOut": false,
              "duration": 9176,
              "state": "passed",
              "speed": "slow",
              "pass": true,
              "fail": false,
              "pending": false,
              "context": null,
              "code": "await utilFun.visit(baseUrl + detailsPageUrl);\nconst url = await utilFun.getUrl();\nassert.equal(url, baseUrl + detailsPageUrl);\nawait resourceDetails.waitForNametoVisible();\nawait resourceDetails.checkValue('Score/Percentage', '70');\nawait resourceDetails.editValue('Score/Percentage', '80');\nconst alertText = await utilFun.checkAlert();\nassert.equal(alertText, 'Updated Successfully!');\nawait resourceDetails.checkValue('Score/Percentage', '80');",
              "err": {},
              "uuid": "9b9d2695-20fe-42af-80b7-f4ca11ef02b5",
              "parentUUID": "932ef05f-ae2b-41ff-8ce4-2843cc7ba294",
              "isHook": false,
              "skipped": false
            },
            {
              "title": "should check if Resource Passing Year is Shownig and is editable.",
              "fullTitle": "Resource Details should check if Resource Passing Year is Shownig and is editable.",
              "timedOut": false,
              "duration": 10365,
              "state": "passed",
              "speed": "slow",
              "pass": true,
              "fail": false,
              "pending": false,
              "context": null,
              "code": "await utilFun.visit(baseUrl + detailsPageUrl);\nconst url = await utilFun.getUrl();\nassert.equal(url, baseUrl + detailsPageUrl);\nawait resourceDetails.waitForNametoVisible();\nawait resourceDetails.checkValue('Passing Year', '2020');\nawait resourceDetails.editValue('Passing Year', '2022');\nconst alertText = await utilFun.checkAlert();\nassert.equal(alertText, 'Updated Successfully!');\nawait resourceDetails.checkValue('Passing Year', '2022');",
              "err": {},
              "uuid": "9c510bdb-8ab1-465e-88ed-8def1657952f",
              "parentUUID": "932ef05f-ae2b-41ff-8ce4-2843cc7ba294",
              "isHook": false,
              "skipped": false
            },
            {
              "title": "should check if Resource Name is Shownig and is editable.",
              "fullTitle": "Resource Details should check if Resource Name is Shownig and is editable.",
              "timedOut": false,
              "duration": 9638,
              "state": "passed",
              "speed": "slow",
              "pass": true,
              "fail": false,
              "pending": false,
              "context": null,
              "code": "await utilFun.visit(baseUrl + detailsPageUrl);\nconst url = await utilFun.getUrl();\nassert.equal(url, baseUrl + detailsPageUrl);\nawait resourceDetails.waitForNametoVisible();\nawait resourceDetails.checkValue('Employee Name', 'Stevee');\nawait resourceDetails.editValue('Employee Name', 'Steve');\nconst alertText = await utilFun.checkAlert();\nassert.equal(alertText, 'Updated Successfully!');\nawait resourceDetails.checkValue('Employee Name', 'Steve');",
              "err": {},
              "uuid": "684af006-2123-4140-b0dc-13c0ced7e35d",
              "parentUUID": "932ef05f-ae2b-41ff-8ce4-2843cc7ba294",
              "isHook": false,
              "skipped": false
            },
            {
              "title": "should check if Resource Work Phone Number is Shownig and is editable.",
              "fullTitle": "Resource Details should check if Resource Work Phone Number is Shownig and is editable.",
              "timedOut": false,
              "duration": 9073,
              "state": "passed",
              "speed": "slow",
              "pass": true,
              "fail": false,
              "pending": false,
              "context": null,
              "code": "await utilFun.visit(baseUrl + detailsPageUrl);\nconst url = await utilFun.getUrl();\nassert.equal(url, baseUrl + detailsPageUrl);\nawait resourceDetails.waitForNametoVisible();\nawait resourceDetails.checkValue('Work Phone Number', '123456');\nawait resourceDetails.editValue('Work Phone Number', '1234');\nconst alertText = await utilFun.checkAlert();\nassert.equal(alertText, 'Updated Successfully!');\nawait resourceDetails.checkValue('Work Phone Number', '1234');",
              "err": {},
              "uuid": "87262403-0b5e-47fc-9726-15cfed5dbda1",
              "parentUUID": "932ef05f-ae2b-41ff-8ce4-2843cc7ba294",
              "isHook": false,
              "skipped": false
            },
            {
              "title": "should check if Resource Designation is Shownig and is editable.",
              "fullTitle": "Resource Details should check if Resource Designation is Shownig and is editable.",
              "timedOut": false,
              "duration": 9722,
              "state": "failed",
              "speed": null,
              "pass": false,
              "fail": true,
              "pending": false,
              "context": null,
              "code": "await utilFun.visit(baseUrl + detailsPageUrl);\nconst url = await utilFun.getUrl();\nassert.equal(url, baseUrl + detailsPageUrl);\nawait resourceDetails.waitForNametoVisible();\nawait resourceDetails.checkValue('Designation', 'Automation Associate SQA Automation');\nawait resourceDetails.editValue('Designation', 'Software Engineer');\nconst alertText = await utilFun.checkAlert();\nassert.equal(alertText, 'Updated Successfully!');\nawait resourceDetails.checkValue('Designation', 'Automation Software Engineer');",
              "err": {
                "message": "AssertionError: Expected text not found.",
                "estack": "AssertionError [ERR_ASSERTION]: Expected text not found.\n    at ResourceDetails.checkValue (test/support/pages/resources/resourceDetails.js:87:14)\n    at process.processTicksAndRejections (node:internal/process/task_queues:95:5)\n    at async Context.<anonymous> (test/e2e/resources/spec-4-resourse-details.js:437:5)",
                "diff": "- Automation Associate Software Engineer\n+ Automation Software Engineer\n"
              },
              "uuid": "c5803856-f766-468f-bbfd-a31f0d829220",
              "parentUUID": "932ef05f-ae2b-41ff-8ce4-2843cc7ba294",
              "isHook": false,
              "skipped": false
            },
            {
              "title": "should check if Resource Work Shift is Shownig and is editable.",
              "fullTitle": "Resource Details should check if Resource Work Shift is Shownig and is editable.",
              "timedOut": false,
              "duration": 9529,
              "state": "passed",
              "speed": "slow",
              "pass": true,
              "fail": false,
              "pending": false,
              "context": null,
              "code": "await utilFun.visit(baseUrl + detailsPageUrl);\nconst url = await utilFun.getUrl();\nassert.equal(url, baseUrl + detailsPageUrl);\nawait resourceDetails.waitForNametoVisible();\nawait resourceDetails.checkValue('Work Shift', 'Morning (9am-6pm)');\nawait resourceDetails.editValue('Work Shift', 'Evening (3pm-12pm)');\nconst alertText = await utilFun.checkAlert();\nassert.equal(alertText, 'Updated Successfully!');\nawait resourceDetails.checkValue('Work Shift', 'Evening (3pm-12pm)');",
              "err": {},
              "uuid": "6685cc53-40e6-48b6-a38e-e1b53f5cd40e",
              "parentUUID": "932ef05f-ae2b-41ff-8ce4-2843cc7ba294",
              "isHook": false,
              "skipped": false
            },
            {
              "title": "should check if Resource Work Location is Shownig and is editable.",
              "fullTitle": "Resource Details should check if Resource Work Location is Shownig and is editable.",
              "timedOut": false,
              "duration": 10127,
              "state": "passed",
              "speed": "slow",
              "pass": true,
              "fail": false,
              "pending": false,
              "context": null,
              "code": "await utilFun.visit(baseUrl + detailsPageUrl);\nconst url = await utilFun.getUrl();\nassert.equal(url, baseUrl + detailsPageUrl);\nawait resourceDetails.waitForNametoVisible();\nawait resourceDetails.checkValue('Work Location', 'Remote');\nawait resourceDetails.editValue('Work Location', 'Lahore');\nconst alertText = await utilFun.checkAlert();\nassert.equal(alertText, 'Updated Successfully!');\nawait resourceDetails.checkValue('Work Location', 'Lahore');",
              "err": {},
              "uuid": "6449a34c-9fa7-43fd-a483-6ea5049724e0",
              "parentUUID": "932ef05f-ae2b-41ff-8ce4-2843cc7ba294",
              "isHook": false,
              "skipped": false
            },
            {
              "title": "should check if Resource Attendance Mode is Shownig and is editable.",
              "fullTitle": "Resource Details should check if Resource Attendance Mode is Shownig and is editable.",
              "timedOut": false,
              "duration": 10290,
              "state": "passed",
              "speed": "slow",
              "pass": true,
              "fail": false,
              "pending": false,
              "context": null,
              "code": "await utilFun.visit(baseUrl + detailsPageUrl);\nconst url = await utilFun.getUrl();\nassert.equal(url, baseUrl + detailsPageUrl);\nawait resourceDetails.waitForNametoVisible();\nawait resourceDetails.checkValue('Attendance Mode', 'Invodesk');\nawait resourceDetails.editValue('Attendance Mode', 'Tahometer');\nconst alertText = await utilFun.checkAlert();\nassert.equal(alertText, 'Updated Successfully!');\nawait resourceDetails.checkValue('Attendance Mode', 'Tahometer');",
              "err": {},
              "uuid": "f2c0a479-9ebb-41d6-b366-612294f2ebae",
              "parentUUID": "932ef05f-ae2b-41ff-8ce4-2843cc7ba294",
              "isHook": false,
              "skipped": false
            },
            {
              "title": "should check if Resource Employee Id is Shownig and is editable.",
              "fullTitle": "Resource Details should check if Resource Employee Id is Shownig and is editable.",
              "timedOut": false,
              "duration": 4935,
              "state": "passed",
              "speed": "slow",
              "pass": true,
              "fail": false,
              "pending": false,
              "context": null,
              "code": "await utilFun.visit(baseUrl + detailsPageUrl);\nconst url = await utilFun.getUrl();\nassert.equal(url, baseUrl + detailsPageUrl);\nawait resourceDetails.waitForNametoVisible();\nawait resourceDetails.checkValue('Employee ID', 'IZ-2023-11-01');",
              "err": {},
              "uuid": "9ec77280-aeca-4189-9bf8-6a88453a1a9f",
              "parentUUID": "932ef05f-ae2b-41ff-8ce4-2843cc7ba294",
              "isHook": false,
              "skipped": false
            },
            {
              "title": "should check if Resource Experience is Shownig and is editable.",
              "fullTitle": "Resource Details should check if Resource Experience is Shownig and is editable.",
              "timedOut": false,
              "duration": 4661,
              "state": "passed",
              "speed": "slow",
              "pass": true,
              "fail": false,
              "pending": false,
              "context": null,
              "code": "await utilFun.visit(baseUrl + detailsPageUrl);\nconst url = await utilFun.getUrl();\nassert.equal(url, baseUrl + detailsPageUrl);\nawait resourceDetails.waitForNametoVisible();\nawait resourceDetails.checkValue('Experience', '0');",
              "err": {},
              "uuid": "5cbeb98a-23d6-4f8f-af25-ade5e8f14729",
              "parentUUID": "932ef05f-ae2b-41ff-8ce4-2843cc7ba294",
              "isHook": false,
              "skipped": false
            },
            {
              "title": "should check if Resource Availability is Shownig and is editable.",
              "fullTitle": "Resource Details should check if Resource Availability is Shownig and is editable.",
              "timedOut": false,
              "duration": 4757,
              "state": "passed",
              "speed": "slow",
              "pass": true,
              "fail": false,
              "pending": false,
              "context": null,
              "code": "await utilFun.visit(baseUrl + detailsPageUrl);\nconst url = await utilFun.getUrl();\nassert.equal(url, baseUrl + detailsPageUrl);\nawait resourceDetails.waitForNametoVisible();\nawait resourceDetails.checkValue('Availability', 'Fully Available');",
              "err": {},
              "uuid": "814e7525-98c1-4d67-9a28-8a0ba7e1f749",
              "parentUUID": "932ef05f-ae2b-41ff-8ce4-2843cc7ba294",
              "isHook": false,
              "skipped": false
            },
            {
              "title": "should check if Resource Current Salary (PKR) is Shownig and is editable.",
              "fullTitle": "Resource Details should check if Resource Current Salary (PKR) is Shownig and is editable.",
              "timedOut": false,
              "duration": 9787,
              "state": "passed",
              "speed": "slow",
              "pass": true,
              "fail": false,
              "pending": false,
              "context": null,
              "code": "await utilFun.visit(baseUrl + detailsPageUrl);\nconst url = await utilFun.getUrl();\nassert.equal(url, baseUrl + detailsPageUrl);\nawait resourceDetails.waitForNametoVisible();\nawait resourceDetails.checkValue('Current Salary (PKR)', '50000');\nawait resourceDetails.editValue('Current Salary (PKR)', '60000');\nconst alertText = await utilFun.checkAlert();\nassert.equal(alertText, 'Updated Successfully!');\nawait resourceDetails.checkValue('Current Salary (PKR)', '60000');",
              "err": {},
              "uuid": "ea067c46-f41b-4888-8c0d-55f86db4b1d8",
              "parentUUID": "932ef05f-ae2b-41ff-8ce4-2843cc7ba294",
              "isHook": false,
              "skipped": false
            },
            {
              "title": "should check if Resource Last Salary is Shownig and is editable.",
              "fullTitle": "Resource Details should check if Resource Last Salary is Shownig and is editable.",
              "timedOut": false,
              "duration": 9099,
              "state": "passed",
              "speed": "slow",
              "pass": true,
              "fail": false,
              "pending": false,
              "context": null,
              "code": "await utilFun.visit(baseUrl + detailsPageUrl);\nconst url = await utilFun.getUrl();\nassert.equal(url, baseUrl + detailsPageUrl);\nawait resourceDetails.waitForNametoVisible();\nawait resourceDetails.checkValue('Last Salary', '30000');\nawait resourceDetails.editValue('Last Salary', '35000');\nconst alertText = await utilFun.checkAlert();\nassert.equal(alertText, 'Updated Successfully!');\nawait resourceDetails.checkValue('Last Salary', '35000');",
              "err": {},
              "uuid": "a8069043-a127-4078-8a95-c849fc368720",
              "parentUUID": "932ef05f-ae2b-41ff-8ce4-2843cc7ba294",
              "isHook": false,
              "skipped": false
            },
            {
              "title": "should check if Resource Last Increment Date is Shownig and is editable.",
              "fullTitle": "Resource Details should check if Resource Last Increment Date is Shownig and is editable.",
              "timedOut": false,
              "duration": 10194,
              "state": "passed",
              "speed": "slow",
              "pass": true,
              "fail": false,
              "pending": false,
              "context": null,
              "code": "await utilFun.visit(baseUrl + detailsPageUrl);\nconst url = await utilFun.getUrl();\nassert.equal(url, baseUrl + detailsPageUrl);\nawait resourceDetails.waitForNametoVisible();\nawait resourceDetails.checkValue('Last Increment Date', 'Jan 01, 2024');\nawait resourceDetails.editValue('Last Increment Date', '01-10-2024');\nconst alertText = await utilFun.checkAlert();\nassert.equal(alertText, 'Updated Successfully!');\nawait resourceDetails.checkValue('Last Increment Date', 'Jan 10, 2024');",
              "err": {},
              "uuid": "f4ed50cf-da8d-48e1-8d57-ad8ab0ae98ec",
              "parentUUID": "932ef05f-ae2b-41ff-8ce4-2843cc7ba294",
              "isHook": false,
              "skipped": false
            },
            {
              "title": "should check if Resource Department is Shownig and is editable.",
              "fullTitle": "Resource Details should check if Resource Department is Shownig and is editable.",
              "timedOut": false,
              "duration": 10658,
              "state": "passed",
              "speed": "slow",
              "pass": true,
              "fail": false,
              "pending": false,
              "context": null,
              "code": "await utilFun.visit(baseUrl + detailsPageUrl);\nconst url = await utilFun.getUrl();\nassert.equal(url, baseUrl + detailsPageUrl);\nawait resourceDetails.waitForNametoVisible();\nawait resourceDetails.checkValue('Department', 'HR');\nawait resourceDetails.editValue('Department', 'Engineering');\nconst alertText = await utilFun.checkAlert();\nassert.equal(alertText, 'Updated Successfully!');\nawait resourceDetails.checkValue('Department', 'Engineering');",
              "err": {},
              "uuid": "3f0dca30-4fda-4568-bc0d-40fb9021dd59",
              "parentUUID": "932ef05f-ae2b-41ff-8ce4-2843cc7ba294",
              "isHook": false,
              "skipped": false
            },
            {
              "title": "should check if Resource Sub Department is Shownig and is editable.",
              "fullTitle": "Resource Details should check if Resource Sub Department is Shownig and is editable.",
              "timedOut": false,
              "duration": 9810,
              "state": "passed",
              "speed": "slow",
              "pass": true,
              "fail": false,
              "pending": false,
              "context": null,
              "code": "await utilFun.visit(baseUrl + detailsPageUrl);\nconst url = await utilFun.getUrl();\nassert.equal(url, baseUrl + detailsPageUrl);\nawait resourceDetails.waitForNametoVisible();\nawait resourceDetails.checkValue('Sub Department', 'N/A');\nawait resourceDetails.editValue('Sub Department', 'DevOps Support');\nconst alertText = await utilFun.checkAlert();\nassert.equal(alertText, 'Updated Successfully!');\nawait resourceDetails.checkValue('Sub Department', 'DevOps Support');",
              "err": {},
              "uuid": "b829e908-1d1d-46e3-9c7d-17490493dca3",
              "parentUUID": "932ef05f-ae2b-41ff-8ce4-2843cc7ba294",
              "isHook": false,
              "skipped": false
            },
            {
              "title": "should check if Resource Contract Type is Shownig and is editable.",
              "fullTitle": "Resource Details should check if Resource Contract Type is Shownig and is editable.",
              "timedOut": false,
              "duration": 4310,
              "state": "passed",
              "speed": "slow",
              "pass": true,
              "fail": false,
              "pending": false,
              "context": null,
              "code": "await utilFun.visit(baseUrl + detailsPageUrl);\nconst url = await utilFun.getUrl();\nassert.equal(url, baseUrl + detailsPageUrl);\nawait resourceDetails.waitForNametoVisible();\nawait resourceDetails.checkValue('Contract Type', 'Full Time');",
              "err": {},
              "uuid": "455a4f1a-6a01-4489-b005-f63f555174b3",
              "parentUUID": "932ef05f-ae2b-41ff-8ce4-2843cc7ba294",
              "isHook": false,
              "skipped": false
            },
            {
              "title": "should check if Resource Job Status is Shownig and is editable.",
              "fullTitle": "Resource Details should check if Resource Job Status is Shownig and is editable.",
              "timedOut": false,
              "duration": 9974,
              "state": "passed",
              "speed": "slow",
              "pass": true,
              "fail": false,
              "pending": false,
              "context": null,
              "code": "await utilFun.visit(baseUrl + detailsPageUrl);\nconst url = await utilFun.getUrl();\nassert.equal(url, baseUrl + detailsPageUrl);\nawait resourceDetails.waitForNametoVisible();\nawait resourceDetails.checkValue('Job Status', 'Probation');\nawait resourceDetails.editValue('Job Status', 'Permanent');\nconst alertText = await utilFun.checkAlert();\nassert.equal(alertText, 'Updated Successfully!');\nawait resourceDetails.checkValue('Job Status', 'Permanent');",
              "err": {},
              "uuid": "570513f4-268f-4ed5-bd94-e4881cd1dc72",
              "parentUUID": "932ef05f-ae2b-41ff-8ce4-2843cc7ba294",
              "isHook": false,
              "skipped": false
            },
            {
              "title": "should check if Resource Date of Joining is Shownig and is editable.",
              "fullTitle": "Resource Details should check if Resource Date of Joining is Shownig and is editable.",
              "timedOut": false,
              "duration": 9727,
              "state": "passed",
              "speed": "slow",
              "pass": true,
              "fail": false,
              "pending": false,
              "context": null,
              "code": "await utilFun.visit(baseUrl + detailsPageUrl);\nconst url = await utilFun.getUrl();\nassert.equal(url, baseUrl + detailsPageUrl);\nawait resourceDetails.waitForNametoVisible();\nawait resourceDetails.checkValue('Date of Joining', 'Nov 01, 2023');\nawait resourceDetails.editValue('Date of Joining', '11-10-2023');\nconst alertText = await utilFun.checkAlert();\nassert.equal(alertText, 'Updated Successfully!');\nawait resourceDetails.checkValue('Date of Joining', 'Nov 10, 2023');",
              "err": {},
              "uuid": "c25d7473-79aa-4c57-8b97-ee5c66e3942f",
              "parentUUID": "932ef05f-ae2b-41ff-8ce4-2843cc7ba294",
              "isHook": false,
              "skipped": false
            },
            {
              "title": "should check if Resource Expected End of Probation Date is Shownig and is editable.",
              "fullTitle": "Resource Details should check if Resource Expected End of Probation Date is Shownig and is editable.",
              "timedOut": false,
              "duration": 7308,
              "state": "passed",
              "speed": "slow",
              "pass": true,
              "fail": false,
              "pending": false,
              "context": null,
              "code": "await utilFun.visit(baseUrl + detailsPageUrl);\nconst url = await utilFun.getUrl();\nassert.equal(url, baseUrl + detailsPageUrl);\nawait resourceDetails.waitForNametoVisible();\nawait resourceDetails.editValue('Expected End of Probation Date', '01-10-2024');\nconst alertText = await utilFun.checkAlert();\nassert.equal(alertText, 'Updated Successfully!');\nawait resourceDetails.checkValue('Expected End of Probation Date', 'Jan 10, 2024');",
              "err": {},
              "uuid": "4354c84a-651f-45d4-ac9b-d4cee5dc4341",
              "parentUUID": "932ef05f-ae2b-41ff-8ce4-2843cc7ba294",
              "isHook": false,
              "skipped": false
            },
            {
              "title": "should check if Resource Probation Completed is Shownig and is editable.",
              "fullTitle": "Resource Details should check if Resource Probation Completed is Shownig and is editable.",
              "timedOut": false,
              "duration": 7341,
              "state": "passed",
              "speed": "slow",
              "pass": true,
              "fail": false,
              "pending": false,
              "context": null,
              "code": "await utilFun.visit(baseUrl + detailsPageUrl);\nconst url = await utilFun.getUrl();\nassert.equal(url, baseUrl + detailsPageUrl);\nawait resourceDetails.waitForNametoVisible();\nawait resourceDetails.editValue('Probation Completed', '01-10-2024');\nconst alertText = await utilFun.checkAlert();\nassert.equal(alertText, 'Updated Successfully!');\nawait resourceDetails.checkValue('Probation Completed', 'Jan 10, 2024');",
              "err": {},
              "uuid": "a1e00589-1e84-40b8-acab-768da5664432",
              "parentUUID": "932ef05f-ae2b-41ff-8ce4-2843cc7ba294",
              "isHook": false,
              "skipped": false
            },
            {
              "title": "should check if Resource Permanent Date is Shownig and is editable.",
              "fullTitle": "Resource Details should check if Resource Permanent Date is Shownig and is editable.",
              "timedOut": false,
              "duration": 7525,
              "state": "passed",
              "speed": "slow",
              "pass": true,
              "fail": false,
              "pending": false,
              "context": null,
              "code": "await utilFun.visit(baseUrl + detailsPageUrl);\nconst url = await utilFun.getUrl();\nassert.equal(url, baseUrl + detailsPageUrl);\nawait resourceDetails.waitForNametoVisible();\nawait resourceDetails.editValue('Permanent Date', '01-11-2024');\nconst alertText = await utilFun.checkAlert();\nassert.equal(alertText, 'Updated Successfully!');\nawait resourceDetails.checkValue('Permanent Date', 'Jan 11, 2024');",
              "err": {},
              "uuid": "de5ac909-1f45-445c-ba86-24dde0cf13d6",
              "parentUUID": "932ef05f-ae2b-41ff-8ce4-2843cc7ba294",
              "isHook": false,
              "skipped": false
            },
            {
              "title": "should check if Resource Total Working Hours is Shownig and is editable.",
              "fullTitle": "Resource Details should check if Resource Total Working Hours is Shownig and is editable.",
              "timedOut": false,
              "duration": 9419,
              "state": "passed",
              "speed": "slow",
              "pass": true,
              "fail": false,
              "pending": false,
              "context": null,
              "code": "await utilFun.visit(baseUrl + detailsPageUrl);\nconst url = await utilFun.getUrl();\nassert.equal(url, baseUrl + detailsPageUrl);\nawait resourceDetails.waitForNametoVisible();\nawait resourceDetails.checkValue('Total Working Hours', '4');\nawait resourceDetails.editValue('Total Working Hours', '6');\nconst alertText = await utilFun.checkAlert();\nassert.equal(alertText, 'Updated Successfully!');\nawait resourceDetails.checkValue('Total Working Hours', '6');",
              "err": {},
              "uuid": "e622961b-1ebd-472e-9351-32db3fb9a152",
              "parentUUID": "932ef05f-ae2b-41ff-8ce4-2843cc7ba294",
              "isHook": false,
              "skipped": false
            },
            {
              "title": "should check if Resource Earned Casual Leaves is Shownig and is editable.",
              "fullTitle": "Resource Details should check if Resource Earned Casual Leaves is Shownig and is editable.",
              "timedOut": false,
              "duration": 9111,
              "state": "passed",
              "speed": "slow",
              "pass": true,
              "fail": false,
              "pending": false,
              "context": null,
              "code": "await utilFun.visit(baseUrl + detailsPageUrl);\nconst url = await utilFun.getUrl();\nassert.equal(url, baseUrl + detailsPageUrl);\nawait resourceDetails.waitForNametoVisible();\nawait resourceDetails.checkValue('Earned Casual Leaves', '13');\nawait resourceDetails.editValue('Earned Casual Leaves', '12');\nconst alertText = await utilFun.checkAlert();\nassert.equal(alertText, 'Leave quota updated successfully');\nawait resourceDetails.checkValue('Earned Casual Leaves', '12');",
              "err": {},
              "uuid": "53335ed2-02f1-404f-9735-c7def2733209",
              "parentUUID": "932ef05f-ae2b-41ff-8ce4-2843cc7ba294",
              "isHook": false,
              "skipped": false
            },
            {
              "title": "should check if Resource Earned Sick Leaves is Shownig and is editable.",
              "fullTitle": "Resource Details should check if Resource Earned Sick Leaves is Shownig and is editable.",
              "timedOut": false,
              "duration": 9238,
              "state": "passed",
              "speed": "slow",
              "pass": true,
              "fail": false,
              "pending": false,
              "context": null,
              "code": "await utilFun.visit(baseUrl + detailsPageUrl);\nconst url = await utilFun.getUrl();\nassert.equal(url, baseUrl + detailsPageUrl);\nawait resourceDetails.waitForNametoVisible();\nawait resourceDetails.checkValue('Earned Sick Leaves', '5');\nawait resourceDetails.editValue('Earned Sick Leaves', '4');\nconst alertText = await utilFun.checkAlert();\nassert.equal(alertText, 'Leave quota updated successfully');\nawait resourceDetails.checkValue('Earned Sick Leaves', '4');",
              "err": {},
              "uuid": "49ef8be1-ee4a-4c9d-bb00-b9cc82afd006",
              "parentUUID": "932ef05f-ae2b-41ff-8ce4-2843cc7ba294",
              "isHook": false,
              "skipped": false
            },
            {
              "title": "should check if Resource Total Leaves Earned (Casual/Sick) is Shownig and is editable.",
              "fullTitle": "Resource Details should check if Resource Total Leaves Earned (Casual/Sick) is Shownig and is editable.",
              "timedOut": false,
              "duration": 4498,
              "state": "passed",
              "speed": "slow",
              "pass": true,
              "fail": false,
              "pending": false,
              "context": null,
              "code": "await utilFun.visit(baseUrl + detailsPageUrl);\nconst url = await utilFun.getUrl();\nassert.equal(url, baseUrl + detailsPageUrl);\nawait resourceDetails.waitForNametoVisible();\nawait resourceDetails.checkValue('Total Leaves Earned (Casual/Sick)', '16');",
              "err": {},
              "uuid": "4a8c80d7-e8e8-49e0-bd44-ca94d61c0637",
              "parentUUID": "932ef05f-ae2b-41ff-8ce4-2843cc7ba294",
              "isHook": false,
              "skipped": false
            },
            {
              "title": "should check if Resource Availed Casual Leaves is Shownig and is editable.",
              "fullTitle": "Resource Details should check if Resource Availed Casual Leaves is Shownig and is editable.",
              "timedOut": false,
              "duration": 4982,
              "state": "passed",
              "speed": "slow",
              "pass": true,
              "fail": false,
              "pending": false,
              "context": null,
              "code": "await utilFun.visit(baseUrl + detailsPageUrl);\nconst url = await utilFun.getUrl();\nassert.equal(url, baseUrl + detailsPageUrl);\nawait resourceDetails.waitForNametoVisible();\nawait resourceDetails.checkValue('Availed Casual Leaves', '0');",
              "err": {},
              "uuid": "4aa61561-893c-4d98-a118-70d8afd80266",
              "parentUUID": "932ef05f-ae2b-41ff-8ce4-2843cc7ba294",
              "isHook": false,
              "skipped": false
            },
            {
              "title": "should check if Resource Availed Sick Leaves is Shownig and is editable.",
              "fullTitle": "Resource Details should check if Resource Availed Sick Leaves is Shownig and is editable.",
              "timedOut": false,
              "duration": 4699,
              "state": "passed",
              "speed": "slow",
              "pass": true,
              "fail": false,
              "pending": false,
              "context": null,
              "code": "await utilFun.visit(baseUrl + detailsPageUrl);\nconst url = await utilFun.getUrl();\nassert.equal(url, baseUrl + detailsPageUrl);\nawait resourceDetails.waitForNametoVisible();\nawait resourceDetails.checkValue('Availed Sick Leaves', '0');",
              "err": {},
              "uuid": "ad34ff35-d30e-4c8f-b7e2-a76edb08fbd2",
              "parentUUID": "932ef05f-ae2b-41ff-8ce4-2843cc7ba294",
              "isHook": false,
              "skipped": false
            },
            {
              "title": "should check if Resource Total Leaves Availed (Casual/Sick) is Shownig and is editable.",
              "fullTitle": "Resource Details should check if Resource Total Leaves Availed (Casual/Sick) is Shownig and is editable.",
              "timedOut": false,
              "duration": 4649,
              "state": "passed",
              "speed": "slow",
              "pass": true,
              "fail": false,
              "pending": false,
              "context": null,
              "code": "await utilFun.visit(baseUrl + detailsPageUrl);\nconst url = await utilFun.getUrl();\nassert.equal(url, baseUrl + detailsPageUrl);\nawait resourceDetails.waitForNametoVisible();\nawait resourceDetails.checkValue('Total Leaves Availed (Casual/Sick)', '0');",
              "err": {},
              "uuid": "e89e4051-6f77-4743-b2d5-0be96655fad0",
              "parentUUID": "932ef05f-ae2b-41ff-8ce4-2843cc7ba294",
              "isHook": false,
              "skipped": false
            },
            {
              "title": "should check if Resource Total Remaining Leaves is Shownig and is editable.",
              "fullTitle": "Resource Details should check if Resource Total Remaining Leaves is Shownig and is editable.",
              "timedOut": false,
              "duration": 4957,
              "state": "passed",
              "speed": "slow",
              "pass": true,
              "fail": false,
              "pending": false,
              "context": null,
              "code": "await utilFun.visit(baseUrl + detailsPageUrl);\nconst url = await utilFun.getUrl();\nassert.equal(url, baseUrl + detailsPageUrl);\nawait resourceDetails.waitForNametoVisible();\nawait resourceDetails.checkValue('Total Remaining Leaves', '16');",
              "err": {},
              "uuid": "8e27088a-7c79-4034-913a-01abb2db8f12",
              "parentUUID": "932ef05f-ae2b-41ff-8ce4-2843cc7ba294",
              "isHook": false,
              "skipped": false
            },
            {
              "title": "should check if Resource Availed Paid Leaves is Shownig and is editable.",
              "fullTitle": "Resource Details should check if Resource Availed Paid Leaves is Shownig and is editable.",
              "timedOut": false,
              "duration": 3350,
              "state": "passed",
              "speed": "slow",
              "pass": true,
              "fail": false,
              "pending": false,
              "context": null,
              "code": "await utilFun.visit(baseUrl + detailsPageUrl);\nconst url = await utilFun.getUrl();\nassert.equal(url, baseUrl + detailsPageUrl);\nawait resourceDetails.waitForNametoVisible();\nawait resourceDetails.checkOtherLeaves('Availed Paid Leaves', '0');",
              "err": {},
              "uuid": "297a616a-7dcd-4008-b801-eea03952d632",
              "parentUUID": "932ef05f-ae2b-41ff-8ce4-2843cc7ba294",
              "isHook": false,
              "skipped": false
            },
            {
              "title": "should check if Resource Availed Unpaid Leaves is Shownig and is editable.",
              "fullTitle": "Resource Details should check if Resource Availed Unpaid Leaves is Shownig and is editable.",
              "timedOut": false,
              "duration": 3516,
              "state": "passed",
              "speed": "slow",
              "pass": true,
              "fail": false,
              "pending": false,
              "context": null,
              "code": "await utilFun.visit(baseUrl + detailsPageUrl);\nconst url = await utilFun.getUrl();\nassert.equal(url, baseUrl + detailsPageUrl);\nawait resourceDetails.waitForNametoVisible();\nawait resourceDetails.checkOtherLeaves('Availed Unpaid Leaves', '0');",
              "err": {},
              "uuid": "be68fd81-234a-49ec-8463-10aac3855813",
              "parentUUID": "932ef05f-ae2b-41ff-8ce4-2843cc7ba294",
              "isHook": false,
              "skipped": false
            },
            {
              "title": "should check if Resource Carry Forward Leaves is Shownig and is editable.",
              "fullTitle": "Resource Details should check if Resource Carry Forward Leaves is Shownig and is editable.",
              "timedOut": false,
              "duration": 3525,
              "state": "passed",
              "speed": "slow",
              "pass": true,
              "fail": false,
              "pending": false,
              "context": null,
              "code": "await utilFun.visit(baseUrl + detailsPageUrl);\nconst url = await utilFun.getUrl();\nassert.equal(url, baseUrl + detailsPageUrl);\nawait resourceDetails.waitForNametoVisible();\nawait resourceDetails.checkOtherLeaves('Carry Forward Leaves', '0');",
              "err": {},
              "uuid": "151a8846-09d4-4ffe-87a2-a2598a30c36e",
              "parentUUID": "932ef05f-ae2b-41ff-8ce4-2843cc7ba294",
              "isHook": false,
              "skipped": false
            },
            {
              "title": "should check if Resource Project is Showing.",
              "fullTitle": "Resource Details should check if Resource Project is Showing.",
              "timedOut": false,
              "duration": 2676,
              "state": "passed",
              "speed": "slow",
              "pass": true,
              "fail": false,
              "pending": false,
              "context": null,
              "code": "await utilFun.visit(baseUrl + detailsPageUrl);\nconst url = await utilFun.getUrl();\nassert.equal(url, baseUrl + detailsPageUrl);\nawait resourceDetails.waitForNametoVisible();\nconst projectData = await resourceDetails.checkProjectDetails();\nassert.ok(projectData.includes('automation'), `Expected text not found.`);",
              "err": {},
              "uuid": "805060c6-215b-4999-afc3-f18b40c72098",
              "parentUUID": "932ef05f-ae2b-41ff-8ce4-2843cc7ba294",
              "isHook": false,
              "skipped": false
            },
            {
              "title": "should able to delete project from details page.",
              "fullTitle": "Resource Details should able to delete project from details page.",
              "timedOut": false,
              "duration": 4272,
              "state": "passed",
              "speed": "slow",
              "pass": true,
              "fail": false,
              "pending": false,
              "context": null,
              "code": "await utilFun.visit(baseUrl + detailsPageUrl);\nconst url = await utilFun.getUrl();\nassert.equal(url, baseUrl + detailsPageUrl);\nawait resourceDetails.waitForNametoVisible();\nawait resourceDetails.clickDelProjectBtn();\nconst alertText = await utilFun.checkAlert();\nassert.equal(alertText, 'Resource removed from project successfully.');",
              "err": {},
              "uuid": "557099c8-6783-410a-8998-aa48960a8749",
              "parentUUID": "932ef05f-ae2b-41ff-8ce4-2843cc7ba294",
              "isHook": false,
              "skipped": false
            },
            {
              "title": "should check if Hardware records are showing correctly.",
              "fullTitle": "Resource Details should check if Hardware records are showing correctly.",
              "timedOut": false,
              "duration": 12313,
              "state": "failed",
              "speed": null,
              "pass": false,
              "fail": true,
              "pending": false,
              "context": null,
              "code": "let query = [`UPDATE employee_assets SET \"employeeId\" = ${newId} WHERE \"employeeId\" = 9429;`];\nawait utilFun.udpateDatabase(query);\nawait utilFun.visit(baseUrl + detailsPageUrl);\nconst url = await utilFun.getUrl();\nassert.equal(url, baseUrl + detailsPageUrl);\nawait resourceDetails.waitForNametoVisible();\nlet records = await resourceDetails.getAssetRecords();\nassert.ok(records.includes('Steve'), `Expected text not found.`);",
              "err": {
                "message": "TimeoutError: Waiting for at least one element to be located By(css selector, [class=\"ProjectRowWrap\"])\nWait timed out after 10196ms",
                "estack": "TimeoutError: Waiting for at least one element to be located By(css selector, [class=\"ProjectRowWrap\"])\nWait timed out after 10196ms\n    at /home/devops/invohub/resource-engagement/node_modules/selenium-webdriver/lib/webdriver.js:929:17\n    at process.processTicksAndRejections (node:internal/process/task_queues:95:5)",
                "diff": null
              },
              "uuid": "b1351725-3019-4716-b15f-77f63e454ee6",
              "parentUUID": "932ef05f-ae2b-41ff-8ce4-2843cc7ba294",
              "isHook": false,
              "skipped": false
            },
            {
              "title": "should add skills from Resource details page.",
              "fullTitle": "Resource Details should add skills from Resource details page.",
              "timedOut": false,
              "duration": 6272,
              "state": "passed",
              "speed": "slow",
              "pass": true,
              "fail": false,
              "pending": false,
              "context": null,
              "code": "await utilFun.visit(baseUrl + detailsPageUrl);\nconst url = await utilFun.getUrl();\nassert.equal(url, baseUrl + detailsPageUrl);\nawait resourceDetails.waitForNametoVisible();\nawait resourceDetails.clickEditSkillBtn()\nawait resourceDetails.searchSkill('automation')\nawait resourceDetails.clickAddIcon()\nconst alertText = await utilFun.checkAlert();\nassert.equal(alertText, 'Skills updated successfully.');\nawait resourceDetails.clickDoneBtn()",
              "err": {},
              "uuid": "dbd12fdd-0b03-4bcf-8185-bef36e9ba031",
              "parentUUID": "932ef05f-ae2b-41ff-8ce4-2843cc7ba294",
              "isHook": false,
              "skipped": false
            },
            {
              "title": "should check if skills records are showing correctly.",
              "fullTitle": "Resource Details should check if skills records are showing correctly.",
              "timedOut": false,
              "duration": 2317,
              "state": "passed",
              "speed": "slow",
              "pass": true,
              "fail": false,
              "pending": false,
              "context": null,
              "code": "await utilFun.visit(baseUrl + detailsPageUrl);\nconst url = await utilFun.getUrl();\nassert.equal(url, baseUrl + detailsPageUrl);\nawait resourceDetails.waitForNametoVisible();\nlet records = await resourceDetails.getSkillRecords();\nassert.ok(records.includes('Automation'), `Expected text not found.`);",
              "err": {},
              "uuid": "41efb8bd-27ec-4045-8c70-370507572dcf",
              "parentUUID": "932ef05f-ae2b-41ff-8ce4-2843cc7ba294",
              "isHook": false,
              "skipped": false
            },
            {
              "title": "should able to remove skill by editing.",
              "fullTitle": "Resource Details should able to remove skill by editing.",
              "timedOut": false,
              "duration": 5815,
              "state": "passed",
              "speed": "slow",
              "pass": true,
              "fail": false,
              "pending": false,
              "context": null,
              "code": "await utilFun.visit(baseUrl + detailsPageUrl);\nconst url = await utilFun.getUrl();\nassert.equal(url, baseUrl + detailsPageUrl);\nawait resourceDetails.waitForNametoVisible();\nawait resourceDetails.clickEditSkillBtn()\nawait resourceDetails.clickRemoveSkillBtn()\nawait resourceDetails.clickYesBtn()\nconst alertText = await utilFun.checkAlert();\nassert.equal(alertText, 'Skill is deleted successfully');\nawait resourceDetails.clickDoneBtn()\nlet records = await resourceDetails.getSkillRecordsEmpty();\nconsole.log(records);\nassert.equal(records, 'No Data');",
              "err": {},
              "uuid": "7704208b-4e95-47a9-93ec-53deab1bef9b",
              "parentUUID": "932ef05f-ae2b-41ff-8ce4-2843cc7ba294",
              "isHook": false,
              "skipped": false
            },
            {
              "title": "should check if attendence is showing correctly.",
              "fullTitle": "Resource Details should check if attendence is showing correctly.",
              "timedOut": false,
              "duration": 6214,
              "state": "failed",
              "speed": null,
              "pass": false,
              "fail": true,
              "pending": false,
              "context": null,
              "code": "let query = [`UPDATE employee_attendances SET \"employeeId\" = ${newId} WHERE \"employeeId\" = 9429;`];\nawait utilFun.udpateDatabase(query);\nawait utilFun.visit(baseUrl + detailsPageUrl);\nconst url = await utilFun.getUrl();\nassert.equal(url, baseUrl + detailsPageUrl);\nawait resourceDetails.waitForNametoVisible();\nawait resourceDetails.clickAttendanceTab();\nconst url1 = await utilFun.getUrl();\nassert.equal(url1, baseUrl + attendanceTabUrl);\nawait resourceDetails.selectAttendanceYear(2024);\nawait resourceDetails.selectAttendanceMonth('Jan');\nawait utilFun.wait(2000)\nlet time = await resourceDetails.getTimeByDate('2024-01-22');\nassert.equal(time, '08:00');\ntime = await resourceDetails.getTimeByDate('2024-01-23');\nassert.equal(time, '08:00');\ntime = await resourceDetails.getTimeByDate('2024-01-24');\nassert.equal(time, '08:20');\ntime = await resourceDetails.getTimeByDate('2024-01-25');\nassert.equal(time, '07:30');\ntime = await resourceDetails.getTimeByDate('2024-01-26');\nassert.equal(time, '06:40');\nlet weekTime = await resourceDetails.getWeekTime(4);\nassert.equal(weekTime, '38:30');",
              "err": {
                "message": "AssertionError: '' == '08:00'",
                "estack": "AssertionError [ERR_ASSERTION]: '' == '08:00'\n    at Context.<anonymous> (test/e2e/resources/spec-4-resourse-details.js:782:12)\n    at process.processTicksAndRejections (node:internal/process/task_queues:95:5)",
                "diff": "+ 08:00\n"
              },
              "uuid": "bb18e6ca-bfc5-4217-9129-5c42765a4029",
              "parentUUID": "932ef05f-ae2b-41ff-8ce4-2843cc7ba294",
              "isHook": false,
              "skipped": false
            }
          ],
          "suites": [],
          "passes": [
            "2a09e916-2e9c-40e9-9f9b-13b5ff885407",
            "a24cc3de-ee1a-4e32-aa5b-c1979a7b7a9e",
            "59028219-c6cd-436e-a581-33c5db06186b",
            "9b9e93d8-af88-4260-b58c-82ecf2bbb9d9",
            "1ed10165-5fb6-4d7e-a40e-a4a606f656ca",
            "07568e9d-2d19-4a35-a220-0ac8bf6a9825",
            "9cf49229-1332-4297-a3af-b7d55a20f8fe",
            "f9ba6df0-e625-431f-ab65-5c2aeb54d550",
            "443a101c-20d2-446e-ba7c-384b40534aa9",
            "3e0e3c29-ae5b-4196-b08c-1d37feb2e9d2",
            "89657038-efaa-4b79-ae33-815fc9b8b9bb",
            "f5f4a244-7280-4cb3-860a-25855aba0608",
            "0316f6c9-2a71-454c-b06c-5fb5995932e7",
            "255e67ca-a80f-461c-8329-fcbd1f083b6e",
            "991975ba-360f-4aae-8838-0d38d5b58e0a",
            "03508437-03e4-47ee-8eef-ac6c245acd09",
            "091a8bfc-83db-4c07-881d-89e57f75a555",
            "8f6282f3-0c48-45f2-bbb4-15b8ab7a8379",
            "93a26e46-a243-47d6-9766-2c56ecec24f0",
            "3bef1f72-c292-478c-814a-ee833f5af759",
            "96b0efcf-2201-4fb1-a556-4175f2c53535",
            "0a717352-f4b0-4ab1-9c71-99f91365b6e6",
            "a8e2f55f-9b16-4cb4-b90e-d5f0e5c10f4f",
            "c542931a-4c2e-4826-947f-b4031f01746d",
            "9b9d2695-20fe-42af-80b7-f4ca11ef02b5",
            "9c510bdb-8ab1-465e-88ed-8def1657952f",
            "684af006-2123-4140-b0dc-13c0ced7e35d",
            "87262403-0b5e-47fc-9726-15cfed5dbda1",
            "6685cc53-40e6-48b6-a38e-e1b53f5cd40e",
            "6449a34c-9fa7-43fd-a483-6ea5049724e0",
            "f2c0a479-9ebb-41d6-b366-612294f2ebae",
            "9ec77280-aeca-4189-9bf8-6a88453a1a9f",
            "5cbeb98a-23d6-4f8f-af25-ade5e8f14729",
            "814e7525-98c1-4d67-9a28-8a0ba7e1f749",
            "ea067c46-f41b-4888-8c0d-55f86db4b1d8",
            "a8069043-a127-4078-8a95-c849fc368720",
            "f4ed50cf-da8d-48e1-8d57-ad8ab0ae98ec",
            "3f0dca30-4fda-4568-bc0d-40fb9021dd59",
            "b829e908-1d1d-46e3-9c7d-17490493dca3",
            "455a4f1a-6a01-4489-b005-f63f555174b3",
            "570513f4-268f-4ed5-bd94-e4881cd1dc72",
            "c25d7473-79aa-4c57-8b97-ee5c66e3942f",
            "4354c84a-651f-45d4-ac9b-d4cee5dc4341",
            "a1e00589-1e84-40b8-acab-768da5664432",
            "de5ac909-1f45-445c-ba86-24dde0cf13d6",
            "e622961b-1ebd-472e-9351-32db3fb9a152",
            "53335ed2-02f1-404f-9735-c7def2733209",
            "49ef8be1-ee4a-4c9d-bb00-b9cc82afd006",
            "4a8c80d7-e8e8-49e0-bd44-ca94d61c0637",
            "4aa61561-893c-4d98-a118-70d8afd80266",
            "ad34ff35-d30e-4c8f-b7e2-a76edb08fbd2",
            "e89e4051-6f77-4743-b2d5-0be96655fad0",
            "8e27088a-7c79-4034-913a-01abb2db8f12",
            "297a616a-7dcd-4008-b801-eea03952d632",
            "be68fd81-234a-49ec-8463-10aac3855813",
            "151a8846-09d4-4ffe-87a2-a2598a30c36e",
            "805060c6-215b-4999-afc3-f18b40c72098",
            "557099c8-6783-410a-8998-aa48960a8749",
            "dbd12fdd-0b03-4bcf-8185-bef36e9ba031",
            "41efb8bd-27ec-4045-8c70-370507572dcf",
            "7704208b-4e95-47a9-93ec-53deab1bef9b"
          ],
          "failures": [
            "c5803856-f766-468f-bbfd-a31f0d829220",
            "b1351725-3019-4716-b15f-77f63e454ee6",
            "bb18e6ca-bfc5-4217-9129-5c42765a4029"
          ],
          "pending": [],
          "skipped": [],
          "duration": 538710,
          "root": false,
          "rootEmpty": false,
          "_timeout": 100000
        }
      ],
      "passes": [],
      "failures": [],
      "pending": [],
      "skipped": [],
      "duration": 0,
      "root": true,
      "rootEmpty": true,
      "_timeout": 100000
    }
  ],
  "meta": {
    "mocha": {
      "version": "10.2.0"
    },
    "mochawesome": {
      "options": {
        "quiet": false,
        "reportFilename": "mochawesome",
        "saveHtml": true,
        "saveJson": true,
        "consoleReporter": "spec",
        "useInlineDiffs": false,
        "code": true
      },
      "version": "7.1.3"
    },
    "marge": {
      "options": {
        "reportDir": "test/report"
      },
      "version": "6.2.0"
    }
  }
}